19-03-2018 16:56 INFO  - http://m.lordandtaylor.com/ is opened - Pass
19-03-2018 16:56 INFO  - http://m.lordandtaylor.com/ is opened - Pass
19-03-2018 16:56 INFO  - Carousel Banner Check is displayed - Pass
19-03-2018 16:56 INFO  - Carousel Banner Check is displayed - Pass
19-03-2018 16:56 INFO  - Wait to get site Loaded is displayed - Pass
19-03-2018 16:56 INFO  - http://m.lordandtaylor.com/ is opened - Pass
19-03-2018 16:56 INFO  - Click Menu is clicked - Pass
19-03-2018 16:56 INFO  - Carousel Banner Check is displayed - Pass
19-03-2018 16:56 INFO  - Menu Closed is clicked - Pass
19-03-2018 16:56 INFO  - Carousel Banner Check is displayed - Pass
19-03-2018 16:57 INFO  - PDP Page wait is displayed - Pass
19-03-2018 16:57 INFO  - http://m.lordandtaylor.com/ is opened - Pass
19-03-2018 16:57 INFO  - Footer Container is displayed - Pass
19-03-2018 16:57 INFO  - scrolled to Scroll to Footer - Pass
19-03-2018 16:57 INFO  - Call & Email Link is displayed - Pass
19-03-2018 16:57 INFO  - signUpForDailyEmails is displayed - Pass
19-03-2018 16:57 INFO  - Social Share Icons is displayed - Pass
19-03-2018 16:57 INFO  - Accordion Menus is displayed - Pass
19-03-2018 16:57 INFO  - SignUpForSms is displayed - Pass
19-03-2018 16:57 INFO  - copyRight is displayed - Pass
19-03-2018 16:57 INFO  - PrivacyPolicy is displayed - Pass
19-03-2018 16:57 INFO  - http://m.lordandtaylor.com/ is opened - Pass
19-03-2018 16:57 INFO  - http://m.lordandtaylor.com/ is opened - Pass
19-03-2018 16:57 INFO  - http://m.lordandtaylor.com/ is opened - Pass
19-03-2018 16:57 INFO  - Click Search is clicked - Pass
19-03-2018 16:57 INFO  - Search is entered in the field - Pass
19-03-2018 16:57 INFO  - Search Suggesion Displayed is displayed - Pass
19-03-2018 16:57 ERROR - TimeoutException
org.openqa.selenium.TimeoutException: Expected condition failed: waiting for visibility of element located by By.xpath: (//*[contains(@class,'sk_promolink')])[1]/section/a (tried for 20 second(s) with 500 MILLISECONDS interval)
Build info: version: '3.2.0', revision: '8c03df6b79', time: '2017-02-23 10:51:31 +0000'
System info: host: 'DESKTOP-AQOISD1', ip: '192.168.234.84', os.name: 'Windows 10', os.arch: 'amd64', os.version: '10.0', java.version: '1.8.0_112'
Driver info: org.openqa.selenium.chrome.ChromeDriver
Capabilities [{applicationCacheEnabled=false, rotatable=false, mobileEmulationEnabled=false, networkConnectionEnabled=false, chrome={chromedriverVersion=2.33.506120 (e3e53437346286c0bc2d2dc9aa4915ba81d9023f), userDataDir=C:\Users\arunraj.n\AppData\Local\Temp\scoped_dir7916_11525}, takesHeapSnapshot=true, pageLoadStrategy=normal, databaseEnabled=false, handlesAlerts=true, hasTouchScreen=false, version=64.0.3282.186, platform=XP, browserConnectionEnabled=false, nativeEvents=true, acceptSslCerts=true, locationContextEnabled=true, webStorageEnabled=true, browserName=chrome, takesScreenshot=true, javascriptEnabled=true, cssSelectorsEnabled=true, setWindowRect=true, unexpectedAlertBehaviour=}]
Session ID: e4bc7c3a9268b0a7512625eb616aea7a
	at org.openqa.selenium.support.ui.WebDriverWait.timeoutException(WebDriverWait.java:82)
	at org.openqa.selenium.support.ui.FluentWait.until(FluentWait.java:231)
	at com.skava.framework.action.SeleniumActionEngine.explicitWaitforVisibility(SeleniumActionEngine.java:183)
	at com.skava.framework.action.SeleniumActionEngine.clickElement(SeleniumActionEngine.java:100)
	at com.skava.reusable.components.HomePageComponents.clickPromoLink(HomePageComponents.java:63)
	at com.skava.testcases.LT_194_Promo_Link_Validation.LT_194_Promo_Link_Validation(LT_194_Promo_Link_Validation.java:26)
	at sun.reflect.NativeMethodAccessorImpl.invoke0(Native Method)
	at sun.reflect.NativeMethodAccessorImpl.invoke(Unknown Source)
	at sun.reflect.DelegatingMethodAccessorImpl.invoke(Unknown Source)
	at java.lang.reflect.Method.invoke(Unknown Source)
	at org.testng.internal.MethodInvocationHelper.invokeMethod(MethodInvocationHelper.java:108)
	at org.testng.internal.Invoker.invokeMethod(Invoker.java:669)
	at org.testng.internal.Invoker.invokeTestMethod(Invoker.java:877)
	at org.testng.internal.Invoker.invokeTestMethods(Invoker.java:1201)
	at org.testng.internal.TestMethodWorker.invokeTestMethods(TestMethodWorker.java:125)
	at org.testng.internal.TestMethodWorker.run(TestMethodWorker.java:109)
	at java.util.concurrent.ThreadPoolExecutor.runWorker(Unknown Source)
	at java.util.concurrent.ThreadPoolExecutor$Worker.run(Unknown Source)
	at java.lang.Thread.run(Unknown Source)
19-03-2018 16:57 ERROR - Click Promo is not present - failed
19-03-2018 16:57 INFO  - http://m.lordandtaylor.com/ is opened - Pass
19-03-2018 16:57 INFO  - Click Search is clicked - Pass
19-03-2018 16:57 INFO  - Search is entered in the field - Pass
19-03-2018 16:57 INFO  - Search Suggesion Displayed is displayed - Pass
19-03-2018 16:57 INFO  - Search Suggesion Displayed is displayed - Pass
19-03-2018 16:57 INFO  - Click Cart is clicked - Pass
19-03-2018 16:57 INFO  - Cart wrapper Opened is displayed - Pass
19-03-2018 16:57 INFO  - Cart Empty Text is displayed - Pass
19-03-2018 16:57 INFO  - Back To Homepage is clicked - Pass
19-03-2018 16:57 INFO  - PLP page is displayed - Pass
19-03-2018 16:57 ERROR - TimeoutException
org.openqa.selenium.TimeoutException: Expected condition failed: waiting for visibility of element located by By.xpath: //*[contains(@class,'skMob_productListItemOuterCont')] (tried for 20 second(s) with 500 MILLISECONDS interval)
	at org.openqa.selenium.support.ui.WebDriverWait.timeoutException(WebDriverWait.java:82)
	at org.openqa.selenium.support.ui.FluentWait.until(FluentWait.java:231)
	at com.skava.framework.action.SeleniumActionEngine.explicitWaitforVisibility(SeleniumActionEngine.java:183)
	at com.skava.framework.action.SeleniumActionEngine.isElementDisplayed(SeleniumActionEngine.java:201)
	at com.skava.reusable.components.PLPandPDPComponents.pLPValidation(PLPandPDPComponents.java:420)
	at com.skava.testcases.LT_194_Promo_Link_Validation.LT_194_Promo_Link_Validation(LT_194_Promo_Link_Validation.java:28)
	at sun.reflect.NativeMethodAccessorImpl.invoke0(Native Method)
	at sun.reflect.NativeMethodAccessorImpl.invoke(Unknown Source)
	at sun.reflect.DelegatingMethodAccessorImpl.invoke(Unknown Source)
	at java.lang.reflect.Method.invoke(Unknown Source)
	at org.testng.internal.MethodInvocationHelper.invokeMethod(MethodInvocationHelper.java:108)
	at org.testng.internal.Invoker.invokeMethod(Invoker.java:669)
	at org.testng.internal.Invoker.invokeTestMethod(Invoker.java:877)
	at org.testng.internal.Invoker.invokeTestMethods(Invoker.java:1201)
	at org.testng.internal.TestMethodWorker.invokeTestMethods(TestMethodWorker.java:125)
	at org.testng.internal.TestMethodWorker.run(TestMethodWorker.java:109)
	at java.util.concurrent.ThreadPoolExecutor.runWorker(Unknown Source)
	at java.util.concurrent.ThreadPoolExecutor$Worker.run(Unknown Source)
	at java.lang.Thread.run(Unknown Source)
Caused by: org.openqa.selenium.NoSuchElementException: Cannot locate an element using By.xpath: //*[contains(@class,'skMob_productListItemOuterCont')]
For documentation on this error, please visit: http://seleniumhq.org/exceptions/no_such_element.html
Build info: version: '3.2.0', revision: '8c03df6b79', time: '2017-02-23 10:51:31 +0000'
System info: host: 'DESKTOP-AQOISD1', ip: '192.168.234.84', os.name: 'Windows 10', os.arch: 'amd64', os.version: '10.0', java.version: '1.8.0_112'
Driver info: driver.version: unknown
	at org.openqa.selenium.support.ui.ExpectedConditions.lambda$findElement$0(ExpectedConditions.java:882)
	at java.util.Optional.orElseThrow(Unknown Source)
	at org.openqa.selenium.support.ui.ExpectedConditions.findElement(ExpectedConditions.java:881)
	at org.openqa.selenium.support.ui.ExpectedConditions.access$000(ExpectedConditions.java:43)
	at org.openqa.selenium.support.ui.ExpectedConditions$7.apply(ExpectedConditions.java:205)
	at org.openqa.selenium.support.ui.ExpectedConditions$7.apply(ExpectedConditions.java:201)
	at org.openqa.selenium.support.ui.FluentWait.until(FluentWait.java:208)
	... 17 more
19-03-2018 16:57 ERROR - Product List Page is not present - failed
19-03-2018 16:58 INFO  - http://m.lordandtaylor.com/ is opened - Pass
19-03-2018 16:58 INFO  - Click Search is clicked - Pass
19-03-2018 16:58 INFO  - Shirts is entered in Search - Pass
19-03-2018 16:58 INFO  - http://m.lordandtaylor.com/ is opened - Pass
19-03-2018 16:58 INFO  - Wait to get site Loaded is displayed - Pass
19-03-2018 16:58 INFO  - Click Menu is clicked - Pass
19-03-2018 16:58 INFO  - Selecting Brand Category from pancake is clicked - Pass
19-03-2018 16:58 INFO  - Selecting Brand Sub category is clicked - Pass
19-03-2018 16:58 ERROR - TimeoutException
org.openqa.selenium.TimeoutException: Expected condition failed: waiting for visibility of element located by By.className: skMob_productImgLink (tried for 10 second(s) with 500 MILLISECONDS interval)
	at org.openqa.selenium.support.ui.WebDriverWait.timeoutException(WebDriverWait.java:82)
	at org.openqa.selenium.support.ui.FluentWait.until(FluentWait.java:231)
	at com.skava.framework.action.SeleniumActionEngine.explicitWaitforVisibility(SeleniumActionEngine.java:183)
	at com.skava.framework.action.SeleniumActionEngine.isElementDisplayed(SeleniumActionEngine.java:201)
	at com.skava.reusable.components.PLPandPDPComponents.pLPValidation(PLPandPDPComponents.java:424)
	at com.skava.testcases.LT_194_Promo_Link_Validation.LT_194_Promo_Link_Validation(LT_194_Promo_Link_Validation.java:28)
	at sun.reflect.NativeMethodAccessorImpl.invoke0(Native Method)
	at sun.reflect.NativeMethodAccessorImpl.invoke(Unknown Source)
	at sun.reflect.DelegatingMethodAccessorImpl.invoke(Unknown Source)
	at java.lang.reflect.Method.invoke(Unknown Source)
	at org.testng.internal.MethodInvocationHelper.invokeMethod(MethodInvocationHelper.java:108)
	at org.testng.internal.Invoker.invokeMethod(Invoker.java:669)
	at org.testng.internal.Invoker.invokeTestMethod(Invoker.java:877)
	at org.testng.internal.Invoker.invokeTestMethods(Invoker.java:1201)
	at org.testng.internal.TestMethodWorker.invokeTestMethods(TestMethodWorker.java:125)
	at org.testng.internal.TestMethodWorker.run(TestMethodWorker.java:109)
	at java.util.concurrent.ThreadPoolExecutor.runWorker(Unknown Source)
	at java.util.concurrent.ThreadPoolExecutor$Worker.run(Unknown Source)
	at java.lang.Thread.run(Unknown Source)
Caused by: org.openqa.selenium.NoSuchElementException: Cannot locate an element using By.className: skMob_productImgLink
For documentation on this error, please visit: http://seleniumhq.org/exceptions/no_such_element.html
Build info: version: '3.2.0', revision: '8c03df6b79', time: '2017-02-23 10:51:31 +0000'
System info: host: 'DESKTOP-AQOISD1', ip: '192.168.234.84', os.name: 'Windows 10', os.arch: 'amd64', os.version: '10.0', java.version: '1.8.0_112'
Driver info: driver.version: unknown
	at org.openqa.selenium.support.ui.ExpectedConditions.lambda$findElement$0(ExpectedConditions.java:882)
	at java.util.Optional.orElseThrow(Unknown Source)
	at org.openqa.selenium.support.ui.ExpectedConditions.findElement(ExpectedConditions.java:881)
	at org.openqa.selenium.support.ui.ExpectedConditions.access$000(ExpectedConditions.java:43)
	at org.openqa.selenium.support.ui.ExpectedConditions$7.apply(ExpectedConditions.java:205)
	at org.openqa.selenium.support.ui.ExpectedConditions$7.apply(ExpectedConditions.java:201)
	at org.openqa.selenium.support.ui.FluentWait.until(FluentWait.java:208)
	... 17 more
19-03-2018 16:58 ERROR - Product Image is not present - failed
19-03-2018 16:58 INFO  - search/PLP page is displayed - Pass
19-03-2018 16:58 INFO  - Search Count is displayed - Pass
19-03-2018 16:58 INFO  - Brands page is displayed - Pass
19-03-2018 16:58 ERROR - TimeoutException
org.openqa.selenium.TimeoutException: Expected condition failed: waiting for visibility of element located by By.className: sk_brandName (tried for 10 second(s) with 500 MILLISECONDS interval)
	at org.openqa.selenium.support.ui.WebDriverWait.timeoutException(WebDriverWait.java:82)
	at org.openqa.selenium.support.ui.FluentWait.until(FluentWait.java:231)
	at com.skava.framework.action.SeleniumActionEngine.explicitWaitforVisibility(SeleniumActionEngine.java:183)
	at com.skava.framework.action.SeleniumActionEngine.isElementDisplayed(SeleniumActionEngine.java:201)
	at com.skava.reusable.components.PLPandPDPComponents.pLPValidation(PLPandPDPComponents.java:428)
	at com.skava.testcases.LT_194_Promo_Link_Validation.LT_194_Promo_Link_Validation(LT_194_Promo_Link_Validation.java:28)
	at sun.reflect.NativeMethodAccessorImpl.invoke0(Native Method)
	at sun.reflect.NativeMethodAccessorImpl.invoke(Unknown Source)
	at sun.reflect.DelegatingMethodAccessorImpl.invoke(Unknown Source)
	at java.lang.reflect.Method.invoke(Unknown Source)
	at org.testng.internal.MethodInvocationHelper.invokeMethod(MethodInvocationHelper.java:108)
	at org.testng.internal.Invoker.invokeMethod(Invoker.java:669)
	at org.testng.internal.Invoker.invokeTestMethod(Invoker.java:877)
	at org.testng.internal.Invoker.invokeTestMethods(Invoker.java:1201)
	at org.testng.internal.TestMethodWorker.invokeTestMethods(TestMethodWorker.java:125)
	at org.testng.internal.TestMethodWorker.run(TestMethodWorker.java:109)
	at java.util.concurrent.ThreadPoolExecutor.runWorker(Unknown Source)
	at java.util.concurrent.ThreadPoolExecutor$Worker.run(Unknown Source)
	at java.lang.Thread.run(Unknown Source)
Caused by: org.openqa.selenium.NoSuchElementException: Cannot locate an element using By.className: sk_brandName
For documentation on this error, please visit: http://seleniumhq.org/exceptions/no_such_element.html
Build info: version: '3.2.0', revision: '8c03df6b79', time: '2017-02-23 10:51:31 +0000'
System info: host: 'DESKTOP-AQOISD1', ip: '192.168.234.84', os.name: 'Windows 10', os.arch: 'amd64', os.version: '10.0', java.version: '1.8.0_112'
Driver info: driver.version: unknown
	at org.openqa.selenium.support.ui.ExpectedConditions.lambda$findElement$0(ExpectedConditions.java:882)
	at java.util.Optional.orElseThrow(Unknown Source)
	at org.openqa.selenium.support.ui.ExpectedConditions.findElement(ExpectedConditions.java:881)
	at org.openqa.selenium.support.ui.ExpectedConditions.access$000(ExpectedConditions.java:43)
	at org.openqa.selenium.support.ui.ExpectedConditions$7.apply(ExpectedConditions.java:205)
	at org.openqa.selenium.support.ui.ExpectedConditions$7.apply(ExpectedConditions.java:201)
	at org.openqa.selenium.support.ui.FluentWait.until(FluentWait.java:208)
	... 17 more
19-03-2018 16:58 ERROR - Product NameList is not present - failed
19-03-2018 16:58 INFO  - PDP Page wait is displayed - Pass
19-03-2018 16:58 INFO  - PDP Page wait is displayed - Pass
19-03-2018 16:58 INFO  - http://m.lordandtaylor.com/ is opened - Pass
19-03-2018 16:58 INFO  - Wait to get site Loaded is displayed - Pass
19-03-2018 16:58 INFO  - Click Menu is clicked - Pass
19-03-2018 16:58 INFO  - Selecting Brand Category from pancake is clicked - Pass
19-03-2018 16:58 INFO  - Selecting Brand Sub category is clicked - Pass
19-03-2018 16:58 ERROR - TimeoutException
org.openqa.selenium.TimeoutException: Expected condition failed: waiting for visibility of element located by By.className: skMob_productTitle (tried for 10 second(s) with 500 MILLISECONDS interval)
	at org.openqa.selenium.support.ui.WebDriverWait.timeoutException(WebDriverWait.java:82)
	at org.openqa.selenium.support.ui.FluentWait.until(FluentWait.java:231)
	at com.skava.framework.action.SeleniumActionEngine.explicitWaitforVisibility(SeleniumActionEngine.java:183)
	at com.skava.framework.action.SeleniumActionEngine.isElementDisplayed(SeleniumActionEngine.java:201)
	at com.skava.reusable.components.PLPandPDPComponents.pLPValidation(PLPandPDPComponents.java:436)
	at com.skava.testcases.LT_194_Promo_Link_Validation.LT_194_Promo_Link_Validation(LT_194_Promo_Link_Validation.java:28)
	at sun.reflect.NativeMethodAccessorImpl.invoke0(Native Method)
	at sun.reflect.NativeMethodAccessorImpl.invoke(Unknown Source)
	at sun.reflect.DelegatingMethodAccessorImpl.invoke(Unknown Source)
	at java.lang.reflect.Method.invoke(Unknown Source)
	at org.testng.internal.MethodInvocationHelper.invokeMethod(MethodInvocationHelper.java:108)
	at org.testng.internal.Invoker.invokeMethod(Invoker.java:669)
	at org.testng.internal.Invoker.invokeTestMethod(Invoker.java:877)
	at org.testng.internal.Invoker.invokeTestMethods(Invoker.java:1201)
	at org.testng.internal.TestMethodWorker.invokeTestMethods(TestMethodWorker.java:125)
	at org.testng.internal.TestMethodWorker.run(TestMethodWorker.java:109)
	at java.util.concurrent.ThreadPoolExecutor.runWorker(Unknown Source)
	at java.util.concurrent.ThreadPoolExecutor$Worker.run(Unknown Source)
	at java.lang.Thread.run(Unknown Source)
Caused by: org.openqa.selenium.NoSuchElementException: Cannot locate an element using By.className: skMob_productTitle
For documentation on this error, please visit: http://seleniumhq.org/exceptions/no_such_element.html
Build info: version: '3.2.0', revision: '8c03df6b79', time: '2017-02-23 10:51:31 +0000'
System info: host: 'DESKTOP-AQOISD1', ip: '192.168.234.84', os.name: 'Windows 10', os.arch: 'amd64', os.version: '10.0', java.version: '1.8.0_112'
Driver info: driver.version: unknown
	at org.openqa.selenium.support.ui.ExpectedConditions.lambda$findElement$0(ExpectedConditions.java:882)
	at java.util.Optional.orElseThrow(Unknown Source)
	at org.openqa.selenium.support.ui.ExpectedConditions.findElement(ExpectedConditions.java:881)
	at org.openqa.selenium.support.ui.ExpectedConditions.access$000(ExpectedConditions.java:43)
	at org.openqa.selenium.support.ui.ExpectedConditions$7.apply(ExpectedConditions.java:205)
	at org.openqa.selenium.support.ui.ExpectedConditions$7.apply(ExpectedConditions.java:201)
	at org.openqa.selenium.support.ui.FluentWait.until(FluentWait.java:208)
	... 17 more
19-03-2018 16:58 ERROR - Product Description is not present - failed
19-03-2018 16:58 INFO  - Brands page is displayed - Pass
19-03-2018 16:58 INFO  - http://m.lordandtaylor.com/ is opened - Pass
19-03-2018 16:58 INFO  - Click Search is clicked - Pass
19-03-2018 16:58 INFO  - Shirts is entered in Search - Pass
19-03-2018 16:58 INFO  - Brand PLP page is displayed - Pass
19-03-2018 16:58 INFO  - Product List Page is displayed - Pass
19-03-2018 16:58 INFO  - Product Image is displayed - Pass
19-03-2018 16:58 INFO  - Product NameList is displayed - Pass
19-03-2018 16:58 INFO  - Product Description is displayed - Pass
19-03-2018 16:58 INFO  - Product Price is displayed - Pass
19-03-2018 16:58 ERROR - TimeoutException
org.openqa.selenium.TimeoutException: Expected condition failed: waiting for visibility of element located by By.className: skMob_pdtPriceCont (tried for 10 second(s) with 500 MILLISECONDS interval)
	at org.openqa.selenium.support.ui.WebDriverWait.timeoutException(WebDriverWait.java:82)
	at org.openqa.selenium.support.ui.FluentWait.until(FluentWait.java:231)
	at com.skava.framework.action.SeleniumActionEngine.explicitWaitforVisibility(SeleniumActionEngine.java:183)
	at com.skava.framework.action.SeleniumActionEngine.isElementDisplayed(SeleniumActionEngine.java:201)
	at com.skava.reusable.components.PLPandPDPComponents.pLPValidation(PLPandPDPComponents.java:440)
	at com.skava.testcases.LT_194_Promo_Link_Validation.LT_194_Promo_Link_Validation(LT_194_Promo_Link_Validation.java:28)
	at sun.reflect.NativeMethodAccessorImpl.invoke0(Native Method)
	at sun.reflect.NativeMethodAccessorImpl.invoke(Unknown Source)
	at sun.reflect.DelegatingMethodAccessorImpl.invoke(Unknown Source)
	at java.lang.reflect.Method.invoke(Unknown Source)
	at org.testng.internal.MethodInvocationHelper.invokeMethod(MethodInvocationHelper.java:108)
	at org.testng.internal.Invoker.invokeMethod(Invoker.java:669)
	at org.testng.internal.Invoker.invokeTestMethod(Invoker.java:877)
	at org.testng.internal.Invoker.invokeTestMethods(Invoker.java:1201)
	at org.testng.internal.TestMethodWorker.invokeTestMethods(TestMethodWorker.java:125)
	at org.testng.internal.TestMethodWorker.run(TestMethodWorker.java:109)
	at java.util.concurrent.ThreadPoolExecutor.runWorker(Unknown Source)
	at java.util.concurrent.ThreadPoolExecutor$Worker.run(Unknown Source)
	at java.lang.Thread.run(Unknown Source)
Caused by: org.openqa.selenium.NoSuchElementException: Cannot locate an element using By.className: skMob_pdtPriceCont
For documentation on this error, please visit: http://seleniumhq.org/exceptions/no_such_element.html
Build info: version: '3.2.0', revision: '8c03df6b79', time: '2017-02-23 10:51:31 +0000'
System info: host: 'DESKTOP-AQOISD1', ip: '192.168.234.84', os.name: 'Windows 10', os.arch: 'amd64', os.version: '10.0', java.version: '1.8.0_112'
Driver info: driver.version: unknown
	at org.openqa.selenium.support.ui.ExpectedConditions.lambda$findElement$0(ExpectedConditions.java:882)
	at java.util.Optional.orElseThrow(Unknown Source)
	at org.openqa.selenium.support.ui.ExpectedConditions.findElement(ExpectedConditions.java:881)
	at org.openqa.selenium.support.ui.ExpectedConditions.access$000(ExpectedConditions.java:43)
	at org.openqa.selenium.support.ui.ExpectedConditions$7.apply(ExpectedConditions.java:205)
	at org.openqa.selenium.support.ui.ExpectedConditions$7.apply(ExpectedConditions.java:201)
	at org.openqa.selenium.support.ui.FluentWait.until(FluentWait.java:208)
	... 17 more
19-03-2018 16:58 ERROR - Product Price is not present - failed
19-03-2018 16:58 INFO  - search/PLP page is displayed - Pass
19-03-2018 16:58 INFO  - Search Count is displayed - Pass
19-03-2018 16:58 INFO  - Product List Page is displayed - Pass
19-03-2018 16:58 INFO  - Product Image is displayed - Pass
19-03-2018 16:58 INFO  - Product NameList is displayed - Pass
19-03-2018 16:58 INFO  - Product Description is displayed - Pass
19-03-2018 16:58 INFO  - Product Price is displayed - Pass
19-03-2018 16:58 INFO  - http://m.lordandtaylor.com/ is opened - Pass
19-03-2018 16:58 INFO  - Click Search is clicked - Pass
19-03-2018 16:58 INFO  - Shirts is entered in Search - Pass
19-03-2018 16:58 INFO  - http://m.lordandtaylor.com/ is opened - Pass
19-03-2018 16:58 INFO  - Wait to get site Loaded is displayed - Pass
19-03-2018 16:58 INFO  - Click Menu is clicked - Pass
19-03-2018 16:58 INFO  - Menu Clicked is clicked - Pass
19-03-2018 16:58 INFO  - Sub Menu Clicked is clicked - Pass
19-03-2018 16:58 INFO  - http://m.lordandtaylor.com/ is opened - Pass
19-03-2018 16:58 INFO  - Click Search is clicked - Pass
19-03-2018 16:58 INFO  - lipstick is entered in Search - Pass
19-03-2018 16:59 INFO  - Sub Menu2 Clicked is clicked - Pass
19-03-2018 16:59 INFO  - Bread Crumb is displayed - Pass
19-03-2018 16:59 INFO  - search/PLP page is displayed - Pass
19-03-2018 16:59 INFO  - Search Count is displayed - Pass
19-03-2018 16:59 INFO  - Products displayed in PLP Page is displayed - Pass
19-03-2018 16:59 INFO  - Back To Top is displayed - Pass
19-03-2018 16:59 INFO  - Back To Top is clicked - Pass
19-03-2018 16:59 INFO  - Wait is displayed - Pass
19-03-2018 16:59 INFO  - http://m.lordandtaylor.com/ is opened - Pass
19-03-2018 16:59 INFO  - Click Search is clicked - Pass
19-03-2018 16:59 INFO  - Shoes is entered in Search - Pass
19-03-2018 16:59 INFO  - search/PLP page is displayed - Pass
19-03-2018 16:59 INFO  - Search Count is displayed - Pass
19-03-2018 16:59 INFO  - Sorting Clicked is clicked - Pass
19-03-2018 16:59 INFO  - Refine is displayed - Pass
19-03-2018 16:59 INFO  - http://m.lordandtaylor.com/ is opened - Pass
19-03-2018 16:59 INFO  - Wait to get site Loaded is displayed - Pass
19-03-2018 16:59 INFO  - Click Menu is clicked - Pass
19-03-2018 16:59 INFO  - Menu Clicked is clicked - Pass
19-03-2018 16:59 INFO  - Sub Menu Clicked is clicked - Pass
19-03-2018 16:59 INFO  - search/PLP page is displayed - Pass
19-03-2018 16:59 INFO  - Search Count is displayed - Pass
19-03-2018 16:59 INFO  - Wait Bag Qty is displayed - Pass
19-03-2018 16:59 INFO  - Sub Menu2 Clicked is clicked - Pass
19-03-2018 16:59 INFO  - Wait Bag Qty is displayed - Pass
19-03-2018 16:59 INFO  -  Sort and filter button click is clicked - Pass
19-03-2018 16:59 INFO  - Wait Bag Qty is displayed - Pass
19-03-2018 16:59 INFO  - http://m.lordandtaylor.com/ is opened - Pass
19-03-2018 16:59 INFO  - Click Search is clicked - Pass
19-03-2018 16:59 INFO  - Shirts is entered in Search - Pass
19-03-2018 16:59 ERROR - TimeoutException
org.openqa.selenium.TimeoutException: Expected condition failed: waiting for visibility of element located by By.id: pdpAddtoBagBtn (tried for 5 second(s) with 500 MILLISECONDS interval)
	at org.openqa.selenium.support.ui.WebDriverWait.timeoutException(WebDriverWait.java:82)
	at org.openqa.selenium.support.ui.FluentWait.until(FluentWait.java:231)
	at com.skava.framework.action.SeleniumActionEngine.explicitWaitforVisibility(SeleniumActionEngine.java:183)
	at com.skava.reusable.components.PLPandPDPComponents.sort_ApplyFilter(PLPandPDPComponents.java:608)
	at com.skava.testcases.LT_383_Sort_ApplyFilter.LT_383_Sort_ApplyFilter(LT_383_Sort_ApplyFilter.java:27)
	at sun.reflect.NativeMethodAccessorImpl.invoke0(Native Method)
	at sun.reflect.NativeMethodAccessorImpl.invoke(Unknown Source)
	at sun.reflect.DelegatingMethodAccessorImpl.invoke(Unknown Source)
	at java.lang.reflect.Method.invoke(Unknown Source)
	at org.testng.internal.MethodInvocationHelper.invokeMethod(MethodInvocationHelper.java:108)
	at org.testng.internal.Invoker.invokeMethod(Invoker.java:669)
	at org.testng.internal.Invoker.invokeTestMethod(Invoker.java:877)
	at org.testng.internal.Invoker.invokeTestMethods(Invoker.java:1201)
	at org.testng.internal.TestMethodWorker.invokeTestMethods(TestMethodWorker.java:125)
	at org.testng.internal.TestMethodWorker.run(TestMethodWorker.java:109)
	at java.util.concurrent.ThreadPoolExecutor.runWorker(Unknown Source)
	at java.util.concurrent.ThreadPoolExecutor$Worker.run(Unknown Source)
	at java.lang.Thread.run(Unknown Source)
Caused by: org.openqa.selenium.NoSuchElementException: Cannot locate an element using By.id: pdpAddtoBagBtn
For documentation on this error, please visit: http://seleniumhq.org/exceptions/no_such_element.html
Build info: version: '3.2.0', revision: '8c03df6b79', time: '2017-02-23 10:51:31 +0000'
System info: host: 'DESKTOP-AQOISD1', ip: '192.168.234.84', os.name: 'Windows 10', os.arch: 'amd64', os.version: '10.0', java.version: '1.8.0_112'
Driver info: driver.version: unknown
	at org.openqa.selenium.support.ui.ExpectedConditions.lambda$findElement$0(ExpectedConditions.java:882)
	at java.util.Optional.orElseThrow(Unknown Source)
	at org.openqa.selenium.support.ui.ExpectedConditions.findElement(ExpectedConditions.java:881)
	at org.openqa.selenium.support.ui.ExpectedConditions.access$000(ExpectedConditions.java:43)
	at org.openqa.selenium.support.ui.ExpectedConditions$7.apply(ExpectedConditions.java:205)
	at org.openqa.selenium.support.ui.ExpectedConditions$7.apply(ExpectedConditions.java:201)
	at org.openqa.selenium.support.ui.FluentWait.until(FluentWait.java:208)
	... 16 more
19-03-2018 16:59 ERROR - Wait is not present - failed
19-03-2018 16:59 INFO  -  Sort and filter button click is clicked - Pass
19-03-2018 16:59 INFO  - Wait Bag Qty is displayed - Pass
19-03-2018 16:59 INFO  - PLP page is displayed after sorting is displayed - Pass
19-03-2018 16:59 INFO  - search/PLP page is displayed - Pass
19-03-2018 16:59 INFO  - Search Count is displayed - Pass
19-03-2018 16:59 INFO  - PLP page is displayed after sorting is displayed - Pass
19-03-2018 16:59 INFO  - Wait Bag Qty is displayed - Pass
19-03-2018 16:59 INFO  - http://m.lordandtaylor.com/ is opened - Pass
19-03-2018 16:59 INFO  - Click Search is clicked - Pass
19-03-2018 16:59 INFO  - Shoes is entered in Search - Pass
19-03-2018 17:00 ERROR - TimeoutException
org.openqa.selenium.TimeoutException: Expected condition failed: waiting for visibility of element located by By.xpath: //*[@class='skMob_filterItemVal'] (tried for 20 second(s) with 500 MILLISECONDS interval)
Build info: version: '3.2.0', revision: '8c03df6b79', time: '2017-02-23 10:51:31 +0000'
System info: host: 'DESKTOP-AQOISD1', ip: '192.168.234.84', os.name: 'Windows 10', os.arch: 'amd64', os.version: '10.0', java.version: '1.8.0_112'
Driver info: org.openqa.selenium.chrome.ChromeDriver
Capabilities [{applicationCacheEnabled=false, rotatable=false, mobileEmulationEnabled=false, networkConnectionEnabled=false, chrome={chromedriverVersion=2.33.506120 (e3e53437346286c0bc2d2dc9aa4915ba81d9023f), userDataDir=C:\Users\arunraj.n\AppData\Local\Temp\scoped_dir2904_27096}, takesHeapSnapshot=true, pageLoadStrategy=normal, databaseEnabled=false, handlesAlerts=true, hasTouchScreen=false, version=64.0.3282.186, platform=XP, browserConnectionEnabled=false, nativeEvents=true, acceptSslCerts=true, locationContextEnabled=true, webStorageEnabled=true, browserName=chrome, takesScreenshot=true, javascriptEnabled=true, cssSelectorsEnabled=true, setWindowRect=true, unexpectedAlertBehaviour=}]
Session ID: 7e4231828f9e291feb5172c5af6f0ab2
	at org.openqa.selenium.support.ui.WebDriverWait.timeoutException(WebDriverWait.java:82)
	at org.openqa.selenium.support.ui.FluentWait.until(FluentWait.java:231)
	at com.skava.framework.action.SeleniumActionEngine.explicitWaitforVisibility(SeleniumActionEngine.java:183)
	at com.skava.framework.action.SeleniumActionEngine.GetTextByRandom(SeleniumActionEngine.java:546)
	at com.skava.reusable.components.PLPandPDPComponents.sort_ApplyFilter(PLPandPDPComponents.java:623)
	at com.skava.testcases.LT_383_Sort_ApplyFilter.LT_383_Sort_ApplyFilter(LT_383_Sort_ApplyFilter.java:27)
	at sun.reflect.NativeMethodAccessorImpl.invoke0(Native Method)
	at sun.reflect.NativeMethodAccessorImpl.invoke(Unknown Source)
	at sun.reflect.DelegatingMethodAccessorImpl.invoke(Unknown Source)
	at java.lang.reflect.Method.invoke(Unknown Source)
	at org.testng.internal.MethodInvocationHelper.invokeMethod(MethodInvocationHelper.java:108)
	at org.testng.internal.Invoker.invokeMethod(Invoker.java:669)
	at org.testng.internal.Invoker.invokeTestMethod(Invoker.java:877)
	at org.testng.internal.Invoker.invokeTestMethods(Invoker.java:1201)
	at org.testng.internal.TestMethodWorker.invokeTestMethods(TestMethodWorker.java:125)
	at org.testng.internal.TestMethodWorker.run(TestMethodWorker.java:109)
	at java.util.concurrent.ThreadPoolExecutor.runWorker(Unknown Source)
	at java.util.concurrent.ThreadPoolExecutor$Worker.run(Unknown Source)
	at java.lang.Thread.run(Unknown Source)
19-03-2018 17:00 ERROR - Getting selected filter name is not present - failed
19-03-2018 17:00 INFO  - Apply button is displayed on selecting the category is displayed - Pass
19-03-2018 17:00 INFO  - scrolled to Scroll to apply - Pass
19-03-2018 17:00 INFO  - Click apply button is clicked - Pass
19-03-2018 17:00 INFO  - search/PLP page is displayed - Pass
19-03-2018 17:00 INFO  - Search Count is displayed - Pass
19-03-2018 17:00 ERROR - TimeoutException
org.openqa.selenium.TimeoutException: Expected condition failed: waiting for visibility of element located by By.id: pdpAddtoBagBtn (tried for 10 second(s) with 500 MILLISECONDS interval)
	at org.openqa.selenium.support.ui.WebDriverWait.timeoutException(WebDriverWait.java:82)
	at org.openqa.selenium.support.ui.FluentWait.until(FluentWait.java:231)
	at com.skava.framework.action.SeleniumActionEngine.explicitWaitforVisibility(SeleniumActionEngine.java:183)
	at com.skava.reusable.components.PLPandPDPComponents.sort_ApplyFilter(PLPandPDPComponents.java:635)
	at com.skava.testcases.LT_383_Sort_ApplyFilter.LT_383_Sort_ApplyFilter(LT_383_Sort_ApplyFilter.java:27)
	at sun.reflect.NativeMethodAccessorImpl.invoke0(Native Method)
	at sun.reflect.NativeMethodAccessorImpl.invoke(Unknown Source)
	at sun.reflect.DelegatingMethodAccessorImpl.invoke(Unknown Source)
	at java.lang.reflect.Method.invoke(Unknown Source)
	at org.testng.internal.MethodInvocationHelper.invokeMethod(MethodInvocationHelper.java:108)
	at org.testng.internal.Invoker.invokeMethod(Invoker.java:669)
	at org.testng.internal.Invoker.invokeTestMethod(Invoker.java:877)
	at org.testng.internal.Invoker.invokeTestMethods(Invoker.java:1201)
	at org.testng.internal.TestMethodWorker.invokeTestMethods(TestMethodWorker.java:125)
	at org.testng.internal.TestMethodWorker.run(TestMethodWorker.java:109)
	at java.util.concurrent.ThreadPoolExecutor.runWorker(Unknown Source)
	at java.util.concurrent.ThreadPoolExecutor$Worker.run(Unknown Source)
	at java.lang.Thread.run(Unknown Source)
Caused by: org.openqa.selenium.NoSuchElementException: Cannot locate an element using By.id: pdpAddtoBagBtn
For documentation on this error, please visit: http://seleniumhq.org/exceptions/no_such_element.html
Build info: version: '3.2.0', revision: '8c03df6b79', time: '2017-02-23 10:51:31 +0000'
System info: host: 'DESKTOP-AQOISD1', ip: '192.168.234.84', os.name: 'Windows 10', os.arch: 'amd64', os.version: '10.0', java.version: '1.8.0_112'
Driver info: driver.version: unknown
	at org.openqa.selenium.support.ui.ExpectedConditions.lambda$findElement$0(ExpectedConditions.java:882)
	at java.util.Optional.orElseThrow(Unknown Source)
	at org.openqa.selenium.support.ui.ExpectedConditions.findElement(ExpectedConditions.java:881)
	at org.openqa.selenium.support.ui.ExpectedConditions.access$000(ExpectedConditions.java:43)
	at org.openqa.selenium.support.ui.ExpectedConditions$7.apply(ExpectedConditions.java:205)
	at org.openqa.selenium.support.ui.ExpectedConditions$7.apply(ExpectedConditions.java:201)
	at org.openqa.selenium.support.ui.FluentWait.until(FluentWait.java:208)
	... 16 more
19-03-2018 17:00 ERROR - Wait is not present - failed
19-03-2018 17:00 INFO  - PLP page is displayed after sorting is displayed - Pass
19-03-2018 17:00 INFO  - PLP page is displayed after sorting is displayed - Pass
19-03-2018 17:00 INFO  - PDP Page wait is displayed - Pass
19-03-2018 17:00 INFO  - PDP Page wait is displayed - Pass
19-03-2018 17:00 ERROR - TimeoutException
org.openqa.selenium.TimeoutException: Expected condition failed: waiting for visibility of element located by By.id: pdpAddtoBagBtn (tried for 5 second(s) with 500 MILLISECONDS interval)
	at org.openqa.selenium.support.ui.WebDriverWait.timeoutException(WebDriverWait.java:82)
	at org.openqa.selenium.support.ui.FluentWait.until(FluentWait.java:231)
	at com.skava.framework.action.SeleniumActionEngine.explicitWaitforVisibility(SeleniumActionEngine.java:183)
	at com.skava.reusable.components.PLPandPDPComponents.sort_ApplyFilter(PLPandPDPComponents.java:642)
	at com.skava.testcases.LT_383_Sort_ApplyFilter.LT_383_Sort_ApplyFilter(LT_383_Sort_ApplyFilter.java:27)
	at sun.reflect.NativeMethodAccessorImpl.invoke0(Native Method)
	at sun.reflect.NativeMethodAccessorImpl.invoke(Unknown Source)
	at sun.reflect.DelegatingMethodAccessorImpl.invoke(Unknown Source)
	at java.lang.reflect.Method.invoke(Unknown Source)
	at org.testng.internal.MethodInvocationHelper.invokeMethod(MethodInvocationHelper.java:108)
	at org.testng.internal.Invoker.invokeMethod(Invoker.java:669)
	at org.testng.internal.Invoker.invokeTestMethod(Invoker.java:877)
	at org.testng.internal.Invoker.invokeTestMethods(Invoker.java:1201)
	at org.testng.internal.TestMethodWorker.invokeTestMethods(TestMethodWorker.java:125)
	at org.testng.internal.TestMethodWorker.run(TestMethodWorker.java:109)
	at java.util.concurrent.ThreadPoolExecutor.runWorker(Unknown Source)
	at java.util.concurrent.ThreadPoolExecutor$Worker.run(Unknown Source)
	at java.lang.Thread.run(Unknown Source)
Caused by: org.openqa.selenium.NoSuchElementException: Cannot locate an element using By.id: pdpAddtoBagBtn
For documentation on this error, please visit: http://seleniumhq.org/exceptions/no_such_element.html
Build info: version: '3.2.0', revision: '8c03df6b79', time: '2017-02-23 10:51:31 +0000'
System info: host: 'DESKTOP-AQOISD1', ip: '192.168.234.84', os.name: 'Windows 10', os.arch: 'amd64', os.version: '10.0', java.version: '1.8.0_112'
Driver info: driver.version: unknown
	at org.openqa.selenium.support.ui.ExpectedConditions.lambda$findElement$0(ExpectedConditions.java:882)
	at java.util.Optional.orElseThrow(Unknown Source)
	at org.openqa.selenium.support.ui.ExpectedConditions.findElement(ExpectedConditions.java:881)
	at org.openqa.selenium.support.ui.ExpectedConditions.access$000(ExpectedConditions.java:43)
	at org.openqa.selenium.support.ui.ExpectedConditions$7.apply(ExpectedConditions.java:205)
	at org.openqa.selenium.support.ui.ExpectedConditions$7.apply(ExpectedConditions.java:201)
	at org.openqa.selenium.support.ui.FluentWait.until(FluentWait.java:208)
	... 16 more
19-03-2018 17:00 ERROR - Wait is not present - failed
19-03-2018 17:00 INFO  - http://m.lordandtaylor.com/ is opened - Pass
19-03-2018 17:00 INFO  - Click Search is clicked - Pass
19-03-2018 17:00 INFO  - shirts is entered in Search - Pass
19-03-2018 17:00 ERROR - TimeoutException
org.openqa.selenium.TimeoutException: Expected condition failed: waiting for visibility of element located by By.id: pdpAddtoBagBtn (tried for 5 second(s) with 500 MILLISECONDS interval)
	at org.openqa.selenium.support.ui.WebDriverWait.timeoutException(WebDriverWait.java:82)
	at org.openqa.selenium.support.ui.FluentWait.until(FluentWait.java:231)
	at com.skava.framework.action.SeleniumActionEngine.explicitWaitforVisibility(SeleniumActionEngine.java:183)
	at com.skava.reusable.components.PLPandPDPComponents.sort_ApplyFilter(PLPandPDPComponents.java:608)
	at com.skava.testcases.LT_387_SortClearAll.LT_387_Sort_ClearAll(LT_387_SortClearAll.java:28)
	at sun.reflect.NativeMethodAccessorImpl.invoke0(Native Method)
	at sun.reflect.NativeMethodAccessorImpl.invoke(Unknown Source)
	at sun.reflect.DelegatingMethodAccessorImpl.invoke(Unknown Source)
	at java.lang.reflect.Method.invoke(Unknown Source)
	at org.testng.internal.MethodInvocationHelper.invokeMethod(MethodInvocationHelper.java:108)
	at org.testng.internal.Invoker.invokeMethod(Invoker.java:669)
	at org.testng.internal.Invoker.invokeTestMethod(Invoker.java:877)
	at org.testng.internal.Invoker.invokeTestMethods(Invoker.java:1201)
	at org.testng.internal.TestMethodWorker.invokeTestMethods(TestMethodWorker.java:125)
	at org.testng.internal.TestMethodWorker.run(TestMethodWorker.java:109)
	at java.util.concurrent.ThreadPoolExecutor.runWorker(Unknown Source)
	at java.util.concurrent.ThreadPoolExecutor$Worker.run(Unknown Source)
	at java.lang.Thread.run(Unknown Source)
Caused by: org.openqa.selenium.NoSuchElementException: Cannot locate an element using By.id: pdpAddtoBagBtn
For documentation on this error, please visit: http://seleniumhq.org/exceptions/no_such_element.html
Build info: version: '3.2.0', revision: '8c03df6b79', time: '2017-02-23 10:51:31 +0000'
System info: host: 'DESKTOP-AQOISD1', ip: '192.168.234.84', os.name: 'Windows 10', os.arch: 'amd64', os.version: '10.0', java.version: '1.8.0_112'
Driver info: driver.version: unknown
	at org.openqa.selenium.support.ui.ExpectedConditions.lambda$findElement$0(ExpectedConditions.java:882)
	at java.util.Optional.orElseThrow(Unknown Source)
	at org.openqa.selenium.support.ui.ExpectedConditions.findElement(ExpectedConditions.java:881)
	at org.openqa.selenium.support.ui.ExpectedConditions.access$000(ExpectedConditions.java:43)
	at org.openqa.selenium.support.ui.ExpectedConditions$7.apply(ExpectedConditions.java:205)
	at org.openqa.selenium.support.ui.ExpectedConditions$7.apply(ExpectedConditions.java:201)
	at org.openqa.selenium.support.ui.FluentWait.until(FluentWait.java:208)
	... 16 more
19-03-2018 17:00 ERROR - Wait is not present - failed
19-03-2018 17:00 INFO  -  Sort and filter button click is clicked - Pass
19-03-2018 17:00 INFO  - Wait Bag Qty is displayed - Pass
19-03-2018 17:00 INFO  - Apply button is displayed on selecting the category is displayed - Pass
19-03-2018 17:00 INFO  - scrolled to Scroll to apply - Pass
19-03-2018 17:00 INFO  - Click apply button is clicked - Pass
19-03-2018 17:00 INFO  - http://m.lordandtaylor.com/ is opened - Pass
19-03-2018 17:00 INFO  - Click Search is clicked - Pass
19-03-2018 17:00 INFO  - shoes is entered in Search - Pass
19-03-2018 17:00 INFO  - search/PLP page is displayed - Pass
19-03-2018 17:00 INFO  - Search Count is displayed - Pass
19-03-2018 17:00 ERROR - TimeoutException
org.openqa.selenium.TimeoutException: Expected condition failed: waiting for visibility of element located by By.id: pdpAddtoBagBtn (tried for 10 second(s) with 500 MILLISECONDS interval)
	at org.openqa.selenium.support.ui.WebDriverWait.timeoutException(WebDriverWait.java:82)
	at org.openqa.selenium.support.ui.FluentWait.until(FluentWait.java:231)
	at com.skava.framework.action.SeleniumActionEngine.explicitWaitforVisibility(SeleniumActionEngine.java:183)
	at com.skava.reusable.components.PLPandPDPComponents.sort_ApplyFilter(PLPandPDPComponents.java:635)
	at com.skava.testcases.LT_387_SortClearAll.LT_387_Sort_ClearAll(LT_387_SortClearAll.java:28)
	at sun.reflect.NativeMethodAccessorImpl.invoke0(Native Method)
	at sun.reflect.NativeMethodAccessorImpl.invoke(Unknown Source)
	at sun.reflect.DelegatingMethodAccessorImpl.invoke(Unknown Source)
	at java.lang.reflect.Method.invoke(Unknown Source)
	at org.testng.internal.MethodInvocationHelper.invokeMethod(MethodInvocationHelper.java:108)
	at org.testng.internal.Invoker.invokeMethod(Invoker.java:669)
	at org.testng.internal.Invoker.invokeTestMethod(Invoker.java:877)
	at org.testng.internal.Invoker.invokeTestMethods(Invoker.java:1201)
	at org.testng.internal.TestMethodWorker.invokeTestMethods(TestMethodWorker.java:125)
	at org.testng.internal.TestMethodWorker.run(TestMethodWorker.java:109)
	at java.util.concurrent.ThreadPoolExecutor.runWorker(Unknown Source)
	at java.util.concurrent.ThreadPoolExecutor$Worker.run(Unknown Source)
	at java.lang.Thread.run(Unknown Source)
Caused by: org.openqa.selenium.NoSuchElementException: Cannot locate an element using By.id: pdpAddtoBagBtn
For documentation on this error, please visit: http://seleniumhq.org/exceptions/no_such_element.html
Build info: version: '3.2.0', revision: '8c03df6b79', time: '2017-02-23 10:51:31 +0000'
System info: host: 'DESKTOP-AQOISD1', ip: '192.168.234.84', os.name: 'Windows 10', os.arch: 'amd64', os.version: '10.0', java.version: '1.8.0_112'
Driver info: driver.version: unknown
	at org.openqa.selenium.support.ui.ExpectedConditions.lambda$findElement$0(ExpectedConditions.java:882)
	at java.util.Optional.orElseThrow(Unknown Source)
	at org.openqa.selenium.support.ui.ExpectedConditions.findElement(ExpectedConditions.java:881)
	at org.openqa.selenium.support.ui.ExpectedConditions.access$000(ExpectedConditions.java:43)
	at org.openqa.selenium.support.ui.ExpectedConditions$7.apply(ExpectedConditions.java:205)
	at org.openqa.selenium.support.ui.ExpectedConditions$7.apply(ExpectedConditions.java:201)
	at org.openqa.selenium.support.ui.FluentWait.until(FluentWait.java:208)
	... 16 more
19-03-2018 17:00 ERROR - Wait is not present - failed
19-03-2018 17:00 INFO  - PLP page is displayed after sorting is displayed - Pass
19-03-2018 17:00 INFO  - PLP page is displayed after sorting is displayed - Pass
19-03-2018 17:00 INFO  - PDP Page wait is displayed - Pass
19-03-2018 17:00 INFO  - scrolled to Scrolling - Pass
19-03-2018 17:00 ERROR - TimeoutException
org.openqa.selenium.TimeoutException: Expected condition failed: waiting for visibility of element located by By.id: pdpAddtoBagBtn (tried for 5 second(s) with 500 MILLISECONDS interval)
	at org.openqa.selenium.support.ui.WebDriverWait.timeoutException(WebDriverWait.java:82)
	at org.openqa.selenium.support.ui.FluentWait.until(FluentWait.java:231)
	at com.skava.framework.action.SeleniumActionEngine.explicitWaitforVisibility(SeleniumActionEngine.java:183)
	at com.skava.reusable.components.PLPandPDPComponents.sort_ApplyFilter(PLPandPDPComponents.java:642)
	at com.skava.testcases.LT_387_SortClearAll.LT_387_Sort_ClearAll(LT_387_SortClearAll.java:28)
	at sun.reflect.NativeMethodAccessorImpl.invoke0(Native Method)
	at sun.reflect.NativeMethodAccessorImpl.invoke(Unknown Source)
	at sun.reflect.DelegatingMethodAccessorImpl.invoke(Unknown Source)
	at java.lang.reflect.Method.invoke(Unknown Source)
	at org.testng.internal.MethodInvocationHelper.invokeMethod(MethodInvocationHelper.java:108)
	at org.testng.internal.Invoker.invokeMethod(Invoker.java:669)
	at org.testng.internal.Invoker.invokeTestMethod(Invoker.java:877)
	at org.testng.internal.Invoker.invokeTestMethods(Invoker.java:1201)
	at org.testng.internal.TestMethodWorker.invokeTestMethods(TestMethodWorker.java:125)
	at org.testng.internal.TestMethodWorker.run(TestMethodWorker.java:109)
	at java.util.concurrent.ThreadPoolExecutor.runWorker(Unknown Source)
	at java.util.concurrent.ThreadPoolExecutor$Worker.run(Unknown Source)
	at java.lang.Thread.run(Unknown Source)
Caused by: org.openqa.selenium.NoSuchElementException: Cannot locate an element using By.id: pdpAddtoBagBtn
For documentation on this error, please visit: http://seleniumhq.org/exceptions/no_such_element.html
Build info: version: '3.2.0', revision: '8c03df6b79', time: '2017-02-23 10:51:31 +0000'
System info: host: 'DESKTOP-AQOISD1', ip: '192.168.234.84', os.name: 'Windows 10', os.arch: 'amd64', os.version: '10.0', java.version: '1.8.0_112'
Driver info: driver.version: unknown
	at org.openqa.selenium.support.ui.ExpectedConditions.lambda$findElement$0(ExpectedConditions.java:882)
	at java.util.Optional.orElseThrow(Unknown Source)
	at org.openqa.selenium.support.ui.ExpectedConditions.findElement(ExpectedConditions.java:881)
	at org.openqa.selenium.support.ui.ExpectedConditions.access$000(ExpectedConditions.java:43)
	at org.openqa.selenium.support.ui.ExpectedConditions$7.apply(ExpectedConditions.java:205)
	at org.openqa.selenium.support.ui.ExpectedConditions$7.apply(ExpectedConditions.java:201)
	at org.openqa.selenium.support.ui.FluentWait.until(FluentWait.java:208)
	... 16 more
19-03-2018 17:00 ERROR - Wait is not present - failed
19-03-2018 17:00 INFO  - PLP page is displayed after sorting is displayed - Pass
19-03-2018 17:00 INFO  - Wait Bag Qty is displayed - Pass
19-03-2018 17:00 INFO  - search/PLP page is displayed - Pass
19-03-2018 17:00 INFO  - Search Count is displayed - Pass
19-03-2018 17:00 INFO  - Deatils is displayed - Pass
19-03-2018 17:00 INFO  - Details List is displayed - Pass
19-03-2018 17:00 ERROR - TimeoutException
org.openqa.selenium.TimeoutException: Expected condition failed: waiting for visibility of element located by By.id: pdpAddtoBagBtn (tried for 5 second(s) with 500 MILLISECONDS interval)
	at org.openqa.selenium.support.ui.WebDriverWait.timeoutException(WebDriverWait.java:82)
	at org.openqa.selenium.support.ui.FluentWait.until(FluentWait.java:231)
	at com.skava.framework.action.SeleniumActionEngine.explicitWaitforVisibility(SeleniumActionEngine.java:183)
	at com.skava.reusable.components.PLPandPDPComponents.sort_ClearAll(PLPandPDPComponents.java:722)
	at com.skava.testcases.LT_387_SortClearAll.LT_387_Sort_ClearAll(LT_387_SortClearAll.java:29)
	at sun.reflect.NativeMethodAccessorImpl.invoke0(Native Method)
	at sun.reflect.NativeMethodAccessorImpl.invoke(Unknown Source)
	at sun.reflect.DelegatingMethodAccessorImpl.invoke(Unknown Source)
	at java.lang.reflect.Method.invoke(Unknown Source)
	at org.testng.internal.MethodInvocationHelper.invokeMethod(MethodInvocationHelper.java:108)
	at org.testng.internal.Invoker.invokeMethod(Invoker.java:669)
	at org.testng.internal.Invoker.invokeTestMethod(Invoker.java:877)
	at org.testng.internal.Invoker.invokeTestMethods(Invoker.java:1201)
	at org.testng.internal.TestMethodWorker.invokeTestMethods(TestMethodWorker.java:125)
	at org.testng.internal.TestMethodWorker.run(TestMethodWorker.java:109)
	at java.util.concurrent.ThreadPoolExecutor.runWorker(Unknown Source)
	at java.util.concurrent.ThreadPoolExecutor$Worker.run(Unknown Source)
	at java.lang.Thread.run(Unknown Source)
Caused by: org.openqa.selenium.NoSuchElementException: Cannot locate an element using By.id: pdpAddtoBagBtn
For documentation on this error, please visit: http://seleniumhq.org/exceptions/no_such_element.html
Build info: version: '3.2.0', revision: '8c03df6b79', time: '2017-02-23 10:51:31 +0000'
System info: host: 'DESKTOP-AQOISD1', ip: '192.168.234.84', os.name: 'Windows 10', os.arch: 'amd64', os.version: '10.0', java.version: '1.8.0_112'
Driver info: driver.version: unknown
	at org.openqa.selenium.support.ui.ExpectedConditions.lambda$findElement$0(ExpectedConditions.java:882)
	at java.util.Optional.orElseThrow(Unknown Source)
	at org.openqa.selenium.support.ui.ExpectedConditions.findElement(ExpectedConditions.java:881)
	at org.openqa.selenium.support.ui.ExpectedConditions.access$000(ExpectedConditions.java:43)
	at org.openqa.selenium.support.ui.ExpectedConditions$7.apply(ExpectedConditions.java:205)
	at org.openqa.selenium.support.ui.ExpectedConditions$7.apply(ExpectedConditions.java:201)
	at org.openqa.selenium.support.ui.FluentWait.until(FluentWait.java:208)
	... 16 more
19-03-2018 17:00 ERROR - Wait is not present - failed
19-03-2018 17:00 INFO  -  Sort and filter button click is clicked - Pass
19-03-2018 17:00 INFO  - Wait Bag Qty is displayed - Pass
19-03-2018 17:00 INFO  - PDP Page wait is displayed - Pass
19-03-2018 17:01 ERROR - TimeoutException
org.openqa.selenium.TimeoutException: Expected condition failed: waiting for visibility of element located by By.id: pdpAddtoBagBtn (tried for 5 second(s) with 500 MILLISECONDS interval)
	at org.openqa.selenium.support.ui.WebDriverWait.timeoutException(WebDriverWait.java:82)
	at org.openqa.selenium.support.ui.FluentWait.until(FluentWait.java:231)
	at com.skava.framework.action.SeleniumActionEngine.explicitWaitforVisibility(SeleniumActionEngine.java:183)
	at com.skava.reusable.components.PLPandPDPComponents.sort_ClearAll(PLPandPDPComponents.java:728)
	at com.skava.testcases.LT_387_SortClearAll.LT_387_Sort_ClearAll(LT_387_SortClearAll.java:29)
	at sun.reflect.NativeMethodAccessorImpl.invoke0(Native Method)
	at sun.reflect.NativeMethodAccessorImpl.invoke(Unknown Source)
	at sun.reflect.DelegatingMethodAccessorImpl.invoke(Unknown Source)
	at java.lang.reflect.Method.invoke(Unknown Source)
	at org.testng.internal.MethodInvocationHelper.invokeMethod(MethodInvocationHelper.java:108)
	at org.testng.internal.Invoker.invokeMethod(Invoker.java:669)
	at org.testng.internal.Invoker.invokeTestMethod(Invoker.java:877)
	at org.testng.internal.Invoker.invokeTestMethods(Invoker.java:1201)
	at org.testng.internal.TestMethodWorker.invokeTestMethods(TestMethodWorker.java:125)
	at org.testng.internal.TestMethodWorker.run(TestMethodWorker.java:109)
	at java.util.concurrent.ThreadPoolExecutor.runWorker(Unknown Source)
	at java.util.concurrent.ThreadPoolExecutor$Worker.run(Unknown Source)
	at java.lang.Thread.run(Unknown Source)
Caused by: org.openqa.selenium.NoSuchElementException: Cannot locate an element using By.id: pdpAddtoBagBtn
For documentation on this error, please visit: http://seleniumhq.org/exceptions/no_such_element.html
Build info: version: '3.2.0', revision: '8c03df6b79', time: '2017-02-23 10:51:31 +0000'
System info: host: 'DESKTOP-AQOISD1', ip: '192.168.234.84', os.name: 'Windows 10', os.arch: 'amd64', os.version: '10.0', java.version: '1.8.0_112'
Driver info: driver.version: unknown
	at org.openqa.selenium.support.ui.ExpectedConditions.lambda$findElement$0(ExpectedConditions.java:882)
	at java.util.Optional.orElseThrow(Unknown Source)
	at org.openqa.selenium.support.ui.ExpectedConditions.findElement(ExpectedConditions.java:881)
	at org.openqa.selenium.support.ui.ExpectedConditions.access$000(ExpectedConditions.java:43)
	at org.openqa.selenium.support.ui.ExpectedConditions$7.apply(ExpectedConditions.java:205)
	at org.openqa.selenium.support.ui.ExpectedConditions$7.apply(ExpectedConditions.java:201)
	at org.openqa.selenium.support.ui.FluentWait.until(FluentWait.java:208)
	... 16 more
19-03-2018 17:01 ERROR - Wait is not present - failed
19-03-2018 17:01 INFO  - scrolled to Scrolling - Pass
19-03-2018 17:01 INFO  - Is Clear All button is displayed is displayed - Pass
19-03-2018 17:01 INFO  - Colour Field present is displayed - Pass
19-03-2018 17:01 INFO  - Size field is displayed - Pass
19-03-2018 17:01 INFO  - scrolled to Add To Bag - Pass
19-03-2018 17:01 INFO  - Add To Bag Clicked is clicked - Pass
19-03-2018 17:01 INFO  - Success Overlay is displayed - Pass
19-03-2018 17:01 INFO  - Success Overlay is displayed - Pass
19-03-2018 17:01 INFO  - Close OverLay Clicked is clicked - Pass
19-03-2018 17:01 INFO  - Clear All button Click is clicked - Pass
19-03-2018 17:01 INFO  - PLP page is displayed after sorting is displayed - Pass
19-03-2018 17:01 INFO  - PLP page is displayed after sorting is displayed - Pass
19-03-2018 17:01 INFO  - http://m.lordandtaylor.com/ is opened - Pass
19-03-2018 17:01 INFO  - Click Search is clicked - Pass
19-03-2018 17:01 INFO  - shirts is entered in Search - Pass
19-03-2018 17:01 INFO  - search/PLP page is displayed - Pass
19-03-2018 17:01 INFO  - Search Count is displayed - Pass
19-03-2018 17:01 INFO  - http://m.lordandtaylor.com/ is opened - Pass
19-03-2018 17:01 INFO  - Wait to get site Loaded is displayed - Pass
19-03-2018 17:01 INFO  - Click Menu is clicked - Pass
19-03-2018 17:01 INFO  - Menu Category is displayed - Pass
19-03-2018 17:01 INFO  - SubCategory is displayed - Pass
19-03-2018 17:01 INFO  - Sub Categories Displayed is displayed - Pass
19-03-2018 17:01 INFO  - Sub Categories Displayed is displayed - Pass
19-03-2018 17:01 INFO  - http://m.lordandtaylor.com/ is opened - Pass
19-03-2018 17:01 INFO  - Wait to get site Loaded is displayed - Pass
19-03-2018 17:01 INFO  - Click Menu is clicked - Pass
19-03-2018 17:01 INFO  - Menu Category is displayed - Pass
19-03-2018 17:01 INFO  - SubCategory is displayed - Pass
19-03-2018 17:01 INFO  - PDP Page wait is displayed - Pass
19-03-2018 17:01 INFO  - scrolled to Scrolling - Pass
19-03-2018 17:01 INFO  - Colour Field present is displayed - Pass
19-03-2018 17:01 INFO  - Size field is displayed - Pass
19-03-2018 17:01 INFO  - http://m.lordandtaylor.com/ is opened - Pass
19-03-2018 17:01 INFO  - Wait to get site Loaded is displayed - Pass
19-03-2018 17:01 INFO  - Click Menu is clicked - Pass
19-03-2018 17:01 INFO  - Menu Category is displayed - Pass
19-03-2018 17:01 INFO  - SubCategory is displayed - Pass
19-03-2018 17:01 INFO  - Sub Categories Displayed is displayed - Pass
19-03-2018 17:01 INFO  - Sub Categories Displayed is displayed - Pass
19-03-2018 17:01 INFO  - Click Back Button is clicked - Pass
19-03-2018 17:01 INFO  - http://m.lordandtaylor.com/ is opened - Pass
19-03-2018 17:01 INFO  - Wait to get site Loaded is displayed - Pass
19-03-2018 17:01 INFO  - Click Menu is clicked - Pass
19-03-2018 17:01 INFO  - http://m.lordandtaylor.com/ is opened - Pass
19-03-2018 17:01 INFO  - Wait to get site Loaded is displayed - Pass
19-03-2018 17:01 INFO  - Click Menu is clicked - Pass
19-03-2018 17:02 INFO  - Enetered Login is clicked - Pass
19-03-2018 17:02 INFO  - Email is entered in the field - Pass
19-03-2018 17:02 INFO  - Spider@123 is entered in Password - Pass
19-03-2018 17:02 INFO  - scrolled to Add To Bag - Pass
19-03-2018 17:02 INFO  - My Account page displayed is displayed - Pass
19-03-2018 17:02 INFO  - Add To Bag Clicked is clicked - Pass
19-03-2018 17:02 INFO  - Success Overlay is displayed - Pass
19-03-2018 17:02 INFO  - Success Overlay is displayed - Pass
19-03-2018 17:02 INFO  - Enetered Login is clicked - Pass
19-03-2018 17:02 INFO  - Email is entered in the field - Pass
19-03-2018 17:02 INFO  - Spider@123 is entered in Password - Pass
19-03-2018 17:02 INFO  - http://m.lordandtaylor.com/ is opened - Pass
19-03-2018 17:02 INFO  - Wait to get site Loaded is displayed - Pass
19-03-2018 17:02 INFO  - Click Menu is clicked - Pass
19-03-2018 17:02 INFO  - My Account page displayed is displayed - Pass
19-03-2018 17:02 INFO  - scrolled to accountsummary - Pass
19-03-2018 17:02 INFO  - Checkout Clicked is clicked - Pass
19-03-2018 17:02 INFO  - Cart Opened is displayed - Pass
19-03-2018 17:02 INFO  - Product Added to Cart is displayed - Pass
19-03-2018 17:02 INFO  - http://m.lordandtaylor.com/ is opened - Pass
19-03-2018 17:02 INFO  - Wait to get site Loaded is displayed - Pass
19-03-2018 17:02 INFO  - Click Menu is clicked - Pass
19-03-2018 17:02 INFO  - http://m.lordandtaylor.com/ is opened - Pass
19-03-2018 17:02 INFO  - Wait to get site Loaded is displayed - Pass
19-03-2018 17:02 INFO  - Click Menu is clicked - Pass
19-03-2018 17:02 INFO  - Enetered Login is clicked - Pass
19-03-2018 17:02 INFO  - Email is entered in the field - Pass
19-03-2018 17:02 INFO  - Spider@123 is entered in Password - Pass
19-03-2018 17:02 INFO  - Order history is displayed - Pass
19-03-2018 17:02 INFO  - scrolled to orderhistory - Pass
19-03-2018 17:02 INFO  - orderhistory clicked is clicked - Pass
19-03-2018 17:02 INFO  - Enetered Login is clicked - Pass
19-03-2018 17:02 INFO  - Email is entered in the field - Pass
19-03-2018 17:02 INFO  - Spider@123 is entered in Password - Pass
19-03-2018 17:03 INFO  - http://m.lordandtaylor.com/ is opened - Pass
19-03-2018 17:03 INFO  - Wait to get site Loaded is displayed - Pass
19-03-2018 17:03 INFO  - Click Menu is clicked - Pass
19-03-2018 17:03 INFO  - settings is displayed - Pass
19-03-2018 17:03 INFO  - scrolled to settings - Pass
19-03-2018 17:03 INFO  - settings clicked is clicked - Pass
19-03-2018 17:03 INFO  - http://m.lordandtaylor.com/ is opened - Pass
19-03-2018 17:03 INFO  - Wait to get site Loaded is displayed - Pass
19-03-2018 17:03 INFO  - Click Menu is clicked - Pass
19-03-2018 17:03 INFO  - Enetered Login is clicked - Pass
19-03-2018 17:03 INFO  - Email is entered in the field - Pass
19-03-2018 17:03 INFO  - Spider@123 is entered in Password - Pass
19-03-2018 17:03 INFO  - billingaddress is displayed - Pass
19-03-2018 17:03 INFO  - scrolled to billingaddress - Pass
19-03-2018 17:03 INFO  - billingaddress clicked is clicked - Pass
19-03-2018 17:03 INFO  - Enetered Login is clicked - Pass
19-03-2018 17:03 INFO  - Email is entered in the field - Pass
19-03-2018 17:03 INFO  - Spider@123 is entered in Password - Pass
19-03-2018 17:03 INFO  - shippingaddress is displayed - Pass
19-03-2018 17:03 INFO  - scrolled to shippingaddress - Pass
19-03-2018 17:03 INFO  - shippingaddress clicked is clicked - Pass
19-03-2018 17:03 INFO  - Enetered Login is clicked - Pass
19-03-2018 17:03 INFO  - Email is entered in the field - Pass
19-03-2018 17:03 INFO  - Spider@123 is entered in Password - Pass
19-03-2018 17:03 INFO  - http://m.lordandtaylor.com/ is opened - Pass
19-03-2018 17:03 INFO  - Click Search is clicked - Pass
19-03-2018 17:03 INFO  - Shoes is entered in Search - Pass
19-03-2018 17:03 INFO  - payment is displayed - Pass
19-03-2018 17:03 INFO  - scrolled to payment - Pass
19-03-2018 17:03 INFO  - payment clicked is clicked - Pass
19-03-2018 17:03 INFO  - http://m.lordandtaylor.com/ is opened - Pass
19-03-2018 17:03 INFO  - Click Search is clicked - Pass
19-03-2018 17:03 INFO  - Shoes is entered in Search - Pass
19-03-2018 17:03 INFO  - search/PLP page is displayed - Pass
19-03-2018 17:03 INFO  - Search Count is displayed - Pass
19-03-2018 17:03 INFO  - http://m.lordandtaylor.com/ is opened - Pass
19-03-2018 17:03 INFO  - search/PLP page is displayed - Pass
19-03-2018 17:03 INFO  - Search Count is displayed - Pass
19-03-2018 17:04 INFO  - PDP Page wait is displayed - Pass
19-03-2018 17:04 INFO  - PDP Page wait is displayed - Pass
19-03-2018 17:04 INFO  - Wait is displayed - Pass
19-03-2018 17:04 INFO  - Product QTY increment is displayed - Pass
19-03-2018 17:04 INFO  - scrolled to QTY - Pass
19-03-2018 17:04 INFO  - Increment Click is clicked - Pass
19-03-2018 17:04 INFO  - Wait is displayed - Pass
19-03-2018 17:04 INFO  - Product QTY decrement is displayed - Pass
19-03-2018 17:04 INFO  - scrolled to QTY - Pass
19-03-2018 17:04 INFO  - Wait is displayed - Pass
19-03-2018 17:04 INFO  - Decrement Click is clicked - Pass
19-03-2018 17:04 INFO  - Wait is displayed - Pass
19-03-2018 17:04 INFO  - Wait is displayed - Pass
19-03-2018 17:04 INFO  - Product QTY increment is displayed - Pass
19-03-2018 17:04 INFO  - scrolled to QTY - Pass
19-03-2018 17:04 INFO  - Increment Click is clicked - Pass
19-03-2018 17:04 INFO  - Wait is displayed - Pass
19-03-2018 17:04 INFO  - Click Cart is clicked - Pass
19-03-2018 17:04 INFO  - Cart wrapper Opened is displayed - Pass
19-03-2018 17:04 INFO  - Cart Empty Text is displayed - Pass
19-03-2018 17:04 INFO  - Back To Homepage is clicked - Pass
19-03-2018 17:04 INFO  - http://m.lordandtaylor.com/ is opened - Pass
19-03-2018 17:04 INFO  - Wait to get site Loaded is displayed - Pass
19-03-2018 17:04 INFO  - Click Menu is clicked - Pass
19-03-2018 17:04 INFO  - Menu Clicked is clicked - Pass
19-03-2018 17:04 INFO  - Sub Menu Clicked is clicked - Pass
19-03-2018 17:04 INFO  - http://m.lordandtaylor.com/ is opened - Pass
19-03-2018 17:04 INFO  - Wait to get site Loaded is displayed - Pass
19-03-2018 17:04 INFO  - Click Menu is clicked - Pass
19-03-2018 17:04 INFO  - Menu Clicked is clicked - Pass
19-03-2018 17:04 INFO  - Sub Menu Clicked is clicked - Pass
19-03-2018 17:04 INFO  - Sub Menu2 Clicked is clicked - Pass
19-03-2018 17:04 INFO  - Sub Menu2 Clicked is clicked - Pass
19-03-2018 17:04 INFO  - PDP Page wait is displayed - Pass
19-03-2018 17:04 INFO  - Wait Bag Qty is displayed - Pass
19-03-2018 17:04 INFO  - scrolled to Scroll Bag Qty - Pass
19-03-2018 17:04 INFO  - scrolled to Scrolling - Pass
19-03-2018 17:04 INFO  - Colour Field present is displayed - Pass
19-03-2018 17:04 INFO  - Size field is displayed - Pass
19-03-2018 17:04 INFO  - scrolled to Add To Bag - Pass
19-03-2018 17:04 INFO  - Add To Bag Clicked is clicked - Pass
19-03-2018 17:04 INFO  - PDP overlay is displayed - Pass
19-03-2018 17:04 INFO  - Wait Bag Qty is displayed - Pass
19-03-2018 17:04 INFO  - scrolled to Scroll Bag Qty - Pass
19-03-2018 17:05 INFO  - http://m.lordandtaylor.com/ is opened - Pass
19-03-2018 17:05 INFO  - Wait to get site Loaded is displayed - Pass
19-03-2018 17:05 INFO  - Click Menu is clicked - Pass
19-03-2018 17:05 INFO  - Menu Clicked is clicked - Pass
19-03-2018 17:05 INFO  - Sub Menu Clicked is clicked - Pass
19-03-2018 17:05 INFO  - Sub Menu2 Clicked is clicked - Pass
19-03-2018 17:05 INFO  - PDP Page wait is displayed - Pass
19-03-2018 17:05 INFO  - PDP Page wait is displayed - Pass
19-03-2018 17:05 INFO  - scrolled to Scrolling - Pass
19-03-2018 17:05 INFO  - Colour Field present is displayed - Pass
19-03-2018 17:05 INFO  - Size field is displayed - Pass
19-03-2018 17:05 INFO  - scrolled to Add To Bag - Pass
19-03-2018 17:05 INFO  - Add To Bag Clicked is clicked - Pass
19-03-2018 17:05 INFO  - scrolled to Scrolling - Pass
19-03-2018 17:05 INFO  - Colour Field present is displayed - Pass
19-03-2018 17:05 INFO  - Size field is displayed - Pass
19-03-2018 17:05 INFO  - scrolled to Add To Bag - Pass
19-03-2018 17:05 INFO  - Add To Bag Clicked is clicked - Pass
19-03-2018 17:05 INFO  - Success Overlay is displayed - Pass
19-03-2018 17:05 INFO  - Success Overlay is displayed - Pass
19-03-2018 17:05 INFO  - Success Overlay is displayed - Pass
19-03-2018 17:05 INFO  - Success Overlay is displayed - Pass
19-03-2018 17:05 INFO  - Checkout Clicked is clicked - Pass
19-03-2018 17:05 INFO  - Product Description is displayed - Pass
19-03-2018 17:05 INFO  - Product Inventory Status is displayed - Pass
19-03-2018 17:05 INFO  - Product SKUID is displayed - Pass
19-03-2018 17:05 INFO  - Product Edit is displayed - Pass
19-03-2018 17:05 INFO  - Product Remove is displayed - Pass
19-03-2018 17:05 INFO  - Product Save Later is displayed - Pass
19-03-2018 17:05 INFO  - Product Size is displayed - Pass
19-03-2018 17:05 INFO  - Product Colour is displayed - Pass
19-03-2018 17:05 INFO  - Product Clearance Price is displayed - Pass
19-03-2018 17:05 INFO  - Product Sale Price is displayed - Pass
19-03-2018 17:05 INFO  - http://m.lordandtaylor.com/ is opened - Pass
19-03-2018 17:05 INFO  - Click Search is clicked - Pass
19-03-2018 17:05 INFO  - Shirts is entered in Search - Pass
19-03-2018 17:05 INFO  - Checkout Clicked is clicked - Pass
19-03-2018 17:05 INFO  - IS Cart page products is displayed is displayed - Pass
19-03-2018 17:05 INFO  - Is Cart page Displayed is displayed - Pass
19-03-2018 17:05 INFO  - Is product price Displayed is displayed - Pass
19-03-2018 17:05 INFO  - Is Item total price is displayed is displayed - Pass
19-03-2018 17:05 INFO  - Is product QTY Displayed is displayed - Pass
19-03-2018 17:05 INFO  - Increment Product QTY to 2 is entered in the field - Pass
19-03-2018 17:06 INFO  - search/PLP page is displayed - Pass
19-03-2018 17:06 INFO  - Search Count is displayed - Pass
19-03-2018 17:06 INFO  - http://m.lordandtaylor.com/ is opened - Pass
19-03-2018 17:06 INFO  - Click Search is clicked - Pass
19-03-2018 17:06 INFO  - dress is entered in Search - Pass
19-03-2018 17:06 ERROR - TimeoutException
org.openqa.selenium.TimeoutException: Expected condition failed: waiting for visibility of element located by By.id: pdpAddtoBagBtn (tried for 10 second(s) with 500 MILLISECONDS interval)
	at org.openqa.selenium.support.ui.WebDriverWait.timeoutException(WebDriverWait.java:82)
	at org.openqa.selenium.support.ui.FluentWait.until(FluentWait.java:231)
	at com.skava.framework.action.SeleniumActionEngine.explicitWaitforVisibility(SeleniumActionEngine.java:183)
	at com.skava.framework.action.SeleniumActionEngine.isElementDisplayed(SeleniumActionEngine.java:201)
	at com.skava.reusable.components.CartComponents.cartQtyIncrement(CartComponents.java:337)
	at com.skava.testcases.LT_766_Cart_PriceCheck.LT_766_Cart_Price_Check(LT_766_Cart_PriceCheck.java:36)
	at sun.reflect.NativeMethodAccessorImpl.invoke0(Native Method)
	at sun.reflect.NativeMethodAccessorImpl.invoke(Unknown Source)
	at sun.reflect.DelegatingMethodAccessorImpl.invoke(Unknown Source)
	at java.lang.reflect.Method.invoke(Unknown Source)
	at org.testng.internal.MethodInvocationHelper.invokeMethod(MethodInvocationHelper.java:108)
	at org.testng.internal.Invoker.invokeMethod(Invoker.java:669)
	at org.testng.internal.Invoker.invokeTestMethod(Invoker.java:877)
	at org.testng.internal.Invoker.invokeTestMethods(Invoker.java:1201)
	at org.testng.internal.TestMethodWorker.invokeTestMethods(TestMethodWorker.java:125)
	at org.testng.internal.TestMethodWorker.run(TestMethodWorker.java:109)
	at java.util.concurrent.ThreadPoolExecutor.runWorker(Unknown Source)
	at java.util.concurrent.ThreadPoolExecutor$Worker.run(Unknown Source)
	at java.lang.Thread.run(Unknown Source)
Caused by: org.openqa.selenium.NoSuchElementException: Cannot locate an element using By.id: pdpAddtoBagBtn
For documentation on this error, please visit: http://seleniumhq.org/exceptions/no_such_element.html
Build info: version: '3.2.0', revision: '8c03df6b79', time: '2017-02-23 10:51:31 +0000'
System info: host: 'DESKTOP-AQOISD1', ip: '192.168.234.84', os.name: 'Windows 10', os.arch: 'amd64', os.version: '10.0', java.version: '1.8.0_112'
Driver info: driver.version: unknown
	at org.openqa.selenium.support.ui.ExpectedConditions.lambda$findElement$0(ExpectedConditions.java:882)
	at java.util.Optional.orElseThrow(Unknown Source)
	at org.openqa.selenium.support.ui.ExpectedConditions.findElement(ExpectedConditions.java:881)
	at org.openqa.selenium.support.ui.ExpectedConditions.access$000(ExpectedConditions.java:43)
	at org.openqa.selenium.support.ui.ExpectedConditions$7.apply(ExpectedConditions.java:205)
	at org.openqa.selenium.support.ui.ExpectedConditions$7.apply(ExpectedConditions.java:201)
	at org.openqa.selenium.support.ui.FluentWait.until(FluentWait.java:208)
	... 17 more
19-03-2018 17:06 ERROR - Wait is not present - failed
19-03-2018 17:06 INFO  - Cart loading overview is displayed - Pass
19-03-2018 17:06 INFO  - Is Item total price is displayed is displayed - Pass
19-03-2018 17:06 INFO  - PDP Page wait is displayed - Pass
19-03-2018 17:06 INFO  - search/PLP page is displayed - Pass
19-03-2018 17:06 INFO  - Search Count is displayed - Pass
19-03-2018 17:06 INFO  - scrolled to Scrolling - Pass
19-03-2018 17:06 INFO  - Colour Field present is displayed - Pass
19-03-2018 17:06 ERROR - TimeoutException
org.openqa.selenium.TimeoutException: Expected condition failed: waiting for visibility of element located by By.xpath: (//*[@class='widebag-item-discount-price']/span)[1] (tried for 10 second(s) with 500 MILLISECONDS interval)
	at org.openqa.selenium.support.ui.WebDriverWait.timeoutException(WebDriverWait.java:82)
	at org.openqa.selenium.support.ui.FluentWait.until(FluentWait.java:231)
	at com.skava.framework.action.SeleniumActionEngine.explicitWaitforVisibility(SeleniumActionEngine.java:183)
	at com.skava.framework.action.SeleniumActionEngine.isElementDisplayed(SeleniumActionEngine.java:201)
	at com.skava.reusable.components.CartComponents.priceCheck(CartComponents.java:408)
	at com.skava.testcases.LT_766_Cart_PriceCheck.LT_766_Cart_Price_Check(LT_766_Cart_PriceCheck.java:38)
	at sun.reflect.NativeMethodAccessorImpl.invoke0(Native Method)
	at sun.reflect.NativeMethodAccessorImpl.invoke(Unknown Source)
	at sun.reflect.DelegatingMethodAccessorImpl.invoke(Unknown Source)
	at java.lang.reflect.Method.invoke(Unknown Source)
	at org.testng.internal.MethodInvocationHelper.invokeMethod(MethodInvocationHelper.java:108)
	at org.testng.internal.Invoker.invokeMethod(Invoker.java:669)
	at org.testng.internal.Invoker.invokeTestMethod(Invoker.java:877)
	at org.testng.internal.Invoker.invokeTestMethods(Invoker.java:1201)
	at org.testng.internal.TestMethodWorker.invokeTestMethods(TestMethodWorker.java:125)
	at org.testng.internal.TestMethodWorker.run(TestMethodWorker.java:109)
	at java.util.concurrent.ThreadPoolExecutor.runWorker(Unknown Source)
	at java.util.concurrent.ThreadPoolExecutor$Worker.run(Unknown Source)
	at java.lang.Thread.run(Unknown Source)
Caused by: org.openqa.selenium.NoSuchElementException: Cannot locate an element using By.xpath: (//*[@class='widebag-item-discount-price']/span)[1]
For documentation on this error, please visit: http://seleniumhq.org/exceptions/no_such_element.html
Build info: version: '3.2.0', revision: '8c03df6b79', time: '2017-02-23 10:51:31 +0000'
System info: host: 'DESKTOP-AQOISD1', ip: '192.168.234.84', os.name: 'Windows 10', os.arch: 'amd64', os.version: '10.0', java.version: '1.8.0_112'
Driver info: driver.version: unknown
	at org.openqa.selenium.support.ui.ExpectedConditions.lambda$findElement$0(ExpectedConditions.java:882)
	at java.util.Optional.orElseThrow(Unknown Source)
	at org.openqa.selenium.support.ui.ExpectedConditions.findElement(ExpectedConditions.java:881)
	at org.openqa.selenium.support.ui.ExpectedConditions.access$000(ExpectedConditions.java:43)
	at org.openqa.selenium.support.ui.ExpectedConditions$7.apply(ExpectedConditions.java:205)
	at org.openqa.selenium.support.ui.ExpectedConditions$7.apply(ExpectedConditions.java:201)
	at org.openqa.selenium.support.ui.FluentWait.until(FluentWait.java:208)
	... 17 more
19-03-2018 17:06 ERROR - Discount for product is not present - failed
19-03-2018 17:06 INFO  - Size field is displayed - Pass
19-03-2018 17:06 INFO  - Is Item total price is displayed is displayed - Pass
19-03-2018 17:06 INFO  - scrolled to Add To Bag - Pass
19-03-2018 17:06 INFO  - Is product QTY Displayed is displayed - Pass
19-03-2018 17:06 INFO  - Add To Bag Clicked is clicked - Pass
19-03-2018 17:06 INFO  - Decrement Product QTY to 1 is entered in the field - Pass
19-03-2018 17:06 INFO  - Success Overlay is displayed - Pass
19-03-2018 17:06 INFO  - Success Overlay is displayed - Pass
19-03-2018 17:06 INFO  - PDP Page wait is displayed - Pass
19-03-2018 17:06 INFO  - scrolled to Scrolling - Pass
19-03-2018 17:06 INFO  - Colour Field present is displayed - Pass
19-03-2018 17:06 INFO  - Size field is displayed - Pass
19-03-2018 17:06 INFO  - scrolled to Add To Bag - Pass
19-03-2018 17:06 INFO  - Add To Bag Clicked is clicked - Pass
19-03-2018 17:06 ERROR - TimeoutException
org.openqa.selenium.TimeoutException: Expected condition failed: waiting for visibility of element located by By.id: pdpAddtoBagBtn (tried for 10 second(s) with 500 MILLISECONDS interval)
	at org.openqa.selenium.support.ui.WebDriverWait.timeoutException(WebDriverWait.java:82)
	at org.openqa.selenium.support.ui.FluentWait.until(FluentWait.java:231)
	at com.skava.framework.action.SeleniumActionEngine.explicitWaitforVisibility(SeleniumActionEngine.java:183)
	at com.skava.framework.action.SeleniumActionEngine.isElementDisplayed(SeleniumActionEngine.java:201)
	at com.skava.reusable.components.CartComponents.cartQtyDecrement(CartComponents.java:355)
	at com.skava.testcases.LT_766_Cart_PriceCheck.LT_766_Cart_Price_Check(LT_766_Cart_PriceCheck.java:40)
	at sun.reflect.NativeMethodAccessorImpl.invoke0(Native Method)
	at sun.reflect.NativeMethodAccessorImpl.invoke(Unknown Source)
	at sun.reflect.DelegatingMethodAccessorImpl.invoke(Unknown Source)
	at java.lang.reflect.Method.invoke(Unknown Source)
	at org.testng.internal.MethodInvocationHelper.invokeMethod(MethodInvocationHelper.java:108)
	at org.testng.internal.Invoker.invokeMethod(Invoker.java:669)
	at org.testng.internal.Invoker.invokeTestMethod(Invoker.java:877)
	at org.testng.internal.Invoker.invokeTestMethods(Invoker.java:1201)
	at org.testng.internal.TestMethodWorker.invokeTestMethods(TestMethodWorker.java:125)
	at org.testng.internal.TestMethodWorker.run(TestMethodWorker.java:109)
	at java.util.concurrent.ThreadPoolExecutor.runWorker(Unknown Source)
	at java.util.concurrent.ThreadPoolExecutor$Worker.run(Unknown Source)
	at java.lang.Thread.run(Unknown Source)
Caused by: org.openqa.selenium.NoSuchElementException: Cannot locate an element using By.id: pdpAddtoBagBtn
For documentation on this error, please visit: http://seleniumhq.org/exceptions/no_such_element.html
Build info: version: '3.2.0', revision: '8c03df6b79', time: '2017-02-23 10:51:31 +0000'
System info: host: 'DESKTOP-AQOISD1', ip: '192.168.234.84', os.name: 'Windows 10', os.arch: 'amd64', os.version: '10.0', java.version: '1.8.0_112'
Driver info: driver.version: unknown
	at org.openqa.selenium.support.ui.ExpectedConditions.lambda$findElement$0(ExpectedConditions.java:882)
	at java.util.Optional.orElseThrow(Unknown Source)
	at org.openqa.selenium.support.ui.ExpectedConditions.findElement(ExpectedConditions.java:881)
	at org.openqa.selenium.support.ui.ExpectedConditions.access$000(ExpectedConditions.java:43)
	at org.openqa.selenium.support.ui.ExpectedConditions$7.apply(ExpectedConditions.java:205)
	at org.openqa.selenium.support.ui.ExpectedConditions$7.apply(ExpectedConditions.java:201)
	at org.openqa.selenium.support.ui.FluentWait.until(FluentWait.java:208)
	... 17 more
19-03-2018 17:06 ERROR - Wait is not present - failed
19-03-2018 17:06 INFO  - Cart loading overview is displayed - Pass
19-03-2018 17:06 INFO  - Is Item total price is displayed is displayed - Pass
19-03-2018 17:06 INFO  - Success Overlay is displayed - Pass
19-03-2018 17:06 INFO  - Success Overlay is displayed - Pass
19-03-2018 17:06 INFO  - Checkout Clicked is clicked - Pass
19-03-2018 17:06 INFO  - Wait is displayed - Pass
19-03-2018 17:06 INFO  - Edit Button is clicked - Pass
19-03-2018 17:06 INFO  - PDP Edit overlay is displayed - Pass
19-03-2018 17:06 ERROR - TimeoutException
org.openqa.selenium.TimeoutException: Expected condition failed: waiting for visibility of element located by By.xpath: (//*[@class='widebag-item-discount-price']/span)[1] (tried for 10 second(s) with 500 MILLISECONDS interval)
	at org.openqa.selenium.support.ui.WebDriverWait.timeoutException(WebDriverWait.java:82)
	at org.openqa.selenium.support.ui.FluentWait.until(FluentWait.java:231)
	at com.skava.framework.action.SeleniumActionEngine.explicitWaitforVisibility(SeleniumActionEngine.java:183)
	at com.skava.framework.action.SeleniumActionEngine.isElementDisplayed(SeleniumActionEngine.java:201)
	at com.skava.reusable.components.CartComponents.priceCheck(CartComponents.java:438)
	at com.skava.testcases.LT_766_Cart_PriceCheck.LT_766_Cart_Price_Check(LT_766_Cart_PriceCheck.java:42)
	at sun.reflect.NativeMethodAccessorImpl.invoke0(Native Method)
	at sun.reflect.NativeMethodAccessorImpl.invoke(Unknown Source)
	at sun.reflect.DelegatingMethodAccessorImpl.invoke(Unknown Source)
	at java.lang.reflect.Method.invoke(Unknown Source)
	at org.testng.internal.MethodInvocationHelper.invokeMethod(MethodInvocationHelper.java:108)
	at org.testng.internal.Invoker.invokeMethod(Invoker.java:669)
	at org.testng.internal.Invoker.invokeTestMethod(Invoker.java:877)
	at org.testng.internal.Invoker.invokeTestMethods(Invoker.java:1201)
	at org.testng.internal.TestMethodWorker.invokeTestMethods(TestMethodWorker.java:125)
	at org.testng.internal.TestMethodWorker.run(TestMethodWorker.java:109)
	at java.util.concurrent.ThreadPoolExecutor.runWorker(Unknown Source)
	at java.util.concurrent.ThreadPoolExecutor$Worker.run(Unknown Source)
	at java.lang.Thread.run(Unknown Source)
Caused by: org.openqa.selenium.NoSuchElementException: Cannot locate an element using By.xpath: (//*[@class='widebag-item-discount-price']/span)[1]
For documentation on this error, please visit: http://seleniumhq.org/exceptions/no_such_element.html
Build info: version: '3.2.0', revision: '8c03df6b79', time: '2017-02-23 10:51:31 +0000'
System info: host: 'DESKTOP-AQOISD1', ip: '192.168.234.84', os.name: 'Windows 10', os.arch: 'amd64', os.version: '10.0', java.version: '1.8.0_112'
Driver info: driver.version: unknown
	at org.openqa.selenium.support.ui.ExpectedConditions.lambda$findElement$0(ExpectedConditions.java:882)
	at java.util.Optional.orElseThrow(Unknown Source)
	at org.openqa.selenium.support.ui.ExpectedConditions.findElement(ExpectedConditions.java:881)
	at org.openqa.selenium.support.ui.ExpectedConditions.access$000(ExpectedConditions.java:43)
	at org.openqa.selenium.support.ui.ExpectedConditions$7.apply(ExpectedConditions.java:205)
	at org.openqa.selenium.support.ui.ExpectedConditions$7.apply(ExpectedConditions.java:201)
	at org.openqa.selenium.support.ui.FluentWait.until(FluentWait.java:208)
	... 17 more
19-03-2018 17:06 ERROR - Discount for product is not present - failed
19-03-2018 17:06 INFO  - Checkout Clicked is clicked - Pass
19-03-2018 17:06 INFO  - Wait is displayed - Pass
19-03-2018 17:06 INFO  - Remove Button is clicked - Pass
19-03-2018 17:06 INFO  - Remove Confirmation Button is displayed - Pass
19-03-2018 17:06 INFO  - Remove Confirmation Button is displayed - Pass
19-03-2018 17:06 INFO  - http://m.lordandtaylor.com/ is opened - Pass
19-03-2018 17:06 INFO  - Click Search is clicked - Pass
19-03-2018 17:06 INFO  - http://m.lordandtaylor.com/ is opened - Pass
19-03-2018 17:06 INFO  - Click Search is clicked - Pass
19-03-2018 17:06 INFO  - Jeans is entered in Search - Pass
19-03-2018 17:06 INFO  - Shirts is entered in Search - Pass
19-03-2018 17:06 INFO  - http://m.lordandtaylor.com/ is opened - Pass
19-03-2018 17:06 INFO  - Click Search is clicked - Pass
19-03-2018 17:06 INFO  - Shirts is entered in Search - Pass
19-03-2018 17:07 INFO  - search/PLP page is displayed - Pass
19-03-2018 17:07 INFO  - search/PLP page is displayed - Pass
19-03-2018 17:07 INFO  - Search Count is displayed - Pass
19-03-2018 17:07 INFO  - Search Count is displayed - Pass
19-03-2018 17:07 INFO  - search/PLP page is displayed - Pass
19-03-2018 17:07 INFO  - Search Count is displayed - Pass
19-03-2018 17:07 INFO  - PDP Page wait is displayed - Pass
19-03-2018 17:07 INFO  - PDP Page wait is displayed - Pass
19-03-2018 17:07 INFO  - scrolled to Scrolling - Pass
19-03-2018 17:07 INFO  - Colour Field present is displayed - Pass
19-03-2018 17:07 INFO  - Size field is displayed - Pass
19-03-2018 17:07 INFO  - scrolled to Scrolling - Pass
19-03-2018 17:07 INFO  - Colour Field present is displayed - Pass
19-03-2018 17:07 INFO  - Size field is displayed - Pass
19-03-2018 17:07 INFO  - scrolled to Add To Bag - Pass
19-03-2018 17:07 INFO  - Add To Bag Clicked is clicked - Pass
19-03-2018 17:07 INFO  - scrolled to Add To Bag - Pass
19-03-2018 17:07 INFO  - Add To Bag Clicked is clicked - Pass
19-03-2018 17:07 INFO  - Success Overlay is displayed - Pass
19-03-2018 17:07 INFO  - Success Overlay is displayed - Pass
19-03-2018 17:07 INFO  - Success Overlay is displayed - Pass
19-03-2018 17:07 INFO  - Success Overlay is displayed - Pass
19-03-2018 17:07 INFO  - PDP Page wait is displayed - Pass
19-03-2018 17:07 INFO  - scrolled to Scrolling - Pass
19-03-2018 17:07 INFO  - Colour Field present is displayed - Pass
19-03-2018 17:07 INFO  - Size field is displayed - Pass
19-03-2018 17:07 INFO  - scrolled to Add To Bag - Pass
19-03-2018 17:07 INFO  - Add To Bag Clicked is clicked - Pass
19-03-2018 17:07 INFO  - Success Overlay is displayed - Pass
19-03-2018 17:07 INFO  - Success Overlay is displayed - Pass
19-03-2018 17:07 INFO  - Checkout Clicked is clicked - Pass
19-03-2018 17:07 INFO  - Wait is displayed - Pass
19-03-2018 17:07 INFO  - Remove Button is clicked - Pass
19-03-2018 17:07 INFO  - Remove Confirmation Button is displayed - Pass
19-03-2018 17:07 INFO  - Remove Confirmation Button is displayed - Pass
19-03-2018 17:07 INFO  - Product Removed is clicked - Pass
19-03-2018 17:07 INFO  - Checkout Clicked is clicked - Pass
19-03-2018 17:07 INFO  - Cart Opened is displayed - Pass
19-03-2018 17:07 INFO  - Product Added to Cart is displayed - Pass
19-03-2018 17:07 INFO  - Product Description is displayed - Pass
19-03-2018 17:07 INFO  - Product Inventory Status is displayed - Pass
19-03-2018 17:07 INFO  - Product SKUID is displayed - Pass
19-03-2018 17:07 INFO  - Product Edit is displayed - Pass
19-03-2018 17:07 INFO  - Product Remove is displayed - Pass
19-03-2018 17:07 INFO  - Product Save Later is displayed - Pass
19-03-2018 17:07 INFO  - Product Size is displayed - Pass
19-03-2018 17:07 INFO  - Product Colour is displayed - Pass
19-03-2018 17:07 INFO  - Product Clearance Price is displayed - Pass
19-03-2018 17:07 INFO  - Product Sale Price is displayed - Pass
19-03-2018 17:07 INFO  - Saveforlater is displayed - Pass
19-03-2018 17:07 INFO  - Saveforlater clicked is clicked - Pass
19-03-2018 17:07 INFO  - Product Removed is displayed - Pass
19-03-2018 17:07 INFO  - Checkout Clicked is clicked - Pass
19-03-2018 17:07 INFO  - Cart Opened is displayed - Pass
19-03-2018 17:07 INFO  - Product Added to Cart is displayed - Pass
19-03-2018 17:07 INFO  - Wait is displayed - Pass
19-03-2018 17:07 INFO  - scrolled to scroll to checkout - Pass
19-03-2018 17:07 INFO  - Click Checkout is clicked - Pass
19-03-2018 17:07 INFO  - Sign IN Page Navigated is displayed - Pass
19-03-2018 17:07 INFO  - http://m.lordandtaylor.com/ is opened - Pass
19-03-2018 17:07 INFO  - Click Search is clicked - Pass
19-03-2018 17:07 INFO  - Shoes is entered in Search - Pass
19-03-2018 17:07 INFO  - http://m.lordandtaylor.com/ is opened - Pass
19-03-2018 17:07 INFO  - Click Search is clicked - Pass
19-03-2018 17:07 INFO  - Shirts is entered in Search - Pass
19-03-2018 17:07 INFO  - http://m.lordandtaylor.com/ is opened - Pass
19-03-2018 17:07 INFO  - Click Search is clicked - Pass
19-03-2018 17:07 INFO  - Shoes is entered in Search - Pass
19-03-2018 17:08 INFO  - search/PLP page is displayed - Pass
19-03-2018 17:08 INFO  - Search Count is displayed - Pass
19-03-2018 17:08 INFO  - search/PLP page is displayed - Pass
19-03-2018 17:08 INFO  - Search Count is displayed - Pass
19-03-2018 17:08 INFO  - search/PLP page is displayed - Pass
19-03-2018 17:08 INFO  - Search Count is displayed - Pass
19-03-2018 17:08 INFO  - PDP Page wait is displayed - Pass
19-03-2018 17:08 INFO  - PDP Page wait is displayed - Pass
19-03-2018 17:08 INFO  - scrolled to Scrolling - Pass
19-03-2018 17:08 INFO  - Colour Field present is displayed - Pass
19-03-2018 17:08 INFO  - Size field is displayed - Pass
19-03-2018 17:08 INFO  - scrolled to Add To Bag - Pass
19-03-2018 17:08 INFO  - Add To Bag Clicked is clicked - Pass
19-03-2018 17:08 INFO  - scrolled to Scrolling - Pass
19-03-2018 17:08 INFO  - Colour Field present is displayed - Pass
19-03-2018 17:08 INFO  - Size field is displayed - Pass
19-03-2018 17:08 INFO  - scrolled to Add To Bag - Pass
19-03-2018 17:08 INFO  - Add To Bag Clicked is clicked - Pass
19-03-2018 17:08 INFO  - PDP Page wait is displayed - Pass
19-03-2018 17:08 INFO  - scrolled to Scrolling - Pass
19-03-2018 17:08 INFO  - Colour Field present is displayed - Pass
19-03-2018 17:08 INFO  - Size field is displayed - Pass
19-03-2018 17:08 INFO  - scrolled to Add To Bag - Pass
19-03-2018 17:08 INFO  - Add To Bag Clicked is clicked - Pass
19-03-2018 17:08 INFO  - Success Overlay is displayed - Pass
19-03-2018 17:08 INFO  - Success Overlay is displayed - Pass
19-03-2018 17:08 INFO  - Success Overlay is displayed - Pass
19-03-2018 17:08 INFO  - Success Overlay is displayed - Pass
19-03-2018 17:08 INFO  - Success Overlay is displayed - Pass
19-03-2018 17:08 INFO  - Success Overlay is displayed - Pass
19-03-2018 17:08 INFO  - Checkout Clicked is clicked - Pass
19-03-2018 17:08 INFO  - Cart Opened is displayed - Pass
19-03-2018 17:08 INFO  - Product Added to Cart is displayed - Pass
19-03-2018 17:08 INFO  - scrolled to Scrolling - Pass
19-03-2018 17:08 INFO  - Estimated Shipping is displayed - Pass
19-03-2018 17:08 INFO  - Shipping Method is displayed - Pass
19-03-2018 17:08 INFO  - Zip Code is displayed - Pass
19-03-2018 17:08 INFO  - Item Total is displayed - Pass
19-03-2018 17:08 INFO  - Estimated Shipping is displayed - Pass
19-03-2018 17:08 INFO  - Estimated Tax is displayed - Pass
19-03-2018 17:08 INFO  - Estimated Total is displayed - Pass
19-03-2018 17:08 INFO  - Checkout Clicked is clicked - Pass
19-03-2018 17:08 INFO  - Cart Opened is displayed - Pass
19-03-2018 17:08 INFO  - Product Added to Cart is displayed - Pass
19-03-2018 17:08 INFO  - Wait is displayed - Pass
19-03-2018 17:08 INFO  - scrolled to scroll to checkout - Pass
19-03-2018 17:08 INFO  - Click Checkout is clicked - Pass
19-03-2018 17:08 INFO  - Guest Checkout is displayed - Pass
19-03-2018 17:08 INFO  - User Sign IN is displayed - Pass
19-03-2018 17:08 INFO  - Checkout Clicked is clicked - Pass
19-03-2018 17:08 INFO  - Cart Opened is displayed - Pass
19-03-2018 17:08 INFO  - Product Added to Cart is displayed - Pass
19-03-2018 17:08 INFO  - Wait is displayed - Pass
19-03-2018 17:08 INFO  - Click PayPal is clicked - Pass
19-03-2018 17:08 INFO  - PayPal Page Navigated is displayed - Pass
19-03-2018 17:08 INFO  - http://m.lordandtaylor.com/ is opened - Pass
19-03-2018 17:08 INFO  - Click Search is clicked - Pass
19-03-2018 17:08 INFO  - http://m.lordandtaylor.com/ is opened - Pass
19-03-2018 17:08 INFO  - Click Search is clicked - Pass
19-03-2018 17:08 INFO  - shirts is entered in Search - Pass
19-03-2018 17:08 INFO  - Shirts is entered in Search - Pass
19-03-2018 17:09 INFO  - http://m.lordandtaylor.com/ is opened - Pass
19-03-2018 17:09 INFO  - Wait to get site Loaded is displayed - Pass
19-03-2018 17:09 INFO  - Click Menu is clicked - Pass
19-03-2018 17:09 ERROR - WebDriverException
org.openqa.selenium.WebDriverException: unknown error: Element is not clickable at point (-134, 667)
  (Session info: chrome=64.0.3282.186)
  (Driver info: chromedriver=2.33.506120 (e3e53437346286c0bc2d2dc9aa4915ba81d9023f),platform=Windows NT 10.0.16299 x86_64) (WARNING: The server did not provide any stacktrace information)
Command duration or timeout: 42 milliseconds
Build info: version: '3.2.0', revision: '8c03df6b79', time: '2017-02-23 10:51:31 +0000'
System info: host: 'DESKTOP-AQOISD1', ip: '192.168.234.84', os.name: 'Windows 10', os.arch: 'amd64', os.version: '10.0', java.version: '1.8.0_112'
Driver info: org.openqa.selenium.chrome.ChromeDriver
Capabilities [{applicationCacheEnabled=false, rotatable=false, mobileEmulationEnabled=false, networkConnectionEnabled=false, chrome={chromedriverVersion=2.33.506120 (e3e53437346286c0bc2d2dc9aa4915ba81d9023f), userDataDir=C:\Users\arunraj.n\AppData\Local\Temp\scoped_dir20784_31878}, takesHeapSnapshot=true, pageLoadStrategy=normal, databaseEnabled=false, handlesAlerts=true, hasTouchScreen=false, version=64.0.3282.186, platform=XP, browserConnectionEnabled=false, nativeEvents=true, acceptSslCerts=true, locationContextEnabled=true, webStorageEnabled=true, browserName=chrome, takesScreenshot=true, javascriptEnabled=true, cssSelectorsEnabled=true, setWindowRect=true, unexpectedAlertBehaviour=}]
Session ID: 460e98fedcfa3159cc18c8291da2c7e4
	at sun.reflect.NativeConstructorAccessorImpl.newInstance0(Native Method)
	at sun.reflect.NativeConstructorAccessorImpl.newInstance(Unknown Source)
	at sun.reflect.DelegatingConstructorAccessorImpl.newInstance(Unknown Source)
	at java.lang.reflect.Constructor.newInstance(Unknown Source)
	at org.openqa.selenium.remote.ErrorHandler.createThrowable(ErrorHandler.java:216)
	at org.openqa.selenium.remote.ErrorHandler.throwIfResponseFailed(ErrorHandler.java:168)
	at org.openqa.selenium.remote.RemoteWebDriver.execute(RemoteWebDriver.java:638)
	at org.openqa.selenium.remote.RemoteWebElement.execute(RemoteWebElement.java:274)
	at org.openqa.selenium.remote.RemoteWebElement.click(RemoteWebElement.java:84)
	at com.skava.framework.action.SeleniumActionEngine.clickElement(SeleniumActionEngine.java:103)
	at com.skava.reusable.components.GeneralComponents.clickMyAccountIcon(GeneralComponents.java:63)
	at com.skava.testcases.LT_1040_Returning_Customer_Valid_SignIN_Validation.LT_1040_Returning_Customer_Valid_SignIN_Validation(LT_1040_Returning_Customer_Valid_SignIN_Validation.java:27)
	at sun.reflect.NativeMethodAccessorImpl.invoke0(Native Method)
	at sun.reflect.NativeMethodAccessorImpl.invoke(Unknown Source)
	at sun.reflect.DelegatingMethodAccessorImpl.invoke(Unknown Source)
	at java.lang.reflect.Method.invoke(Unknown Source)
	at org.testng.internal.MethodInvocationHelper.invokeMethod(MethodInvocationHelper.java:108)
	at org.testng.internal.Invoker.invokeMethod(Invoker.java:669)
	at org.testng.internal.Invoker.invokeTestMethod(Invoker.java:877)
	at org.testng.internal.Invoker.invokeTestMethods(Invoker.java:1201)
	at org.testng.internal.TestMethodWorker.invokeTestMethods(TestMethodWorker.java:125)
	at org.testng.internal.TestMethodWorker.run(TestMethodWorker.java:109)
	at java.util.concurrent.ThreadPoolExecutor.runWorker(Unknown Source)
	at java.util.concurrent.ThreadPoolExecutor$Worker.run(Unknown Source)
	at java.lang.Thread.run(Unknown Source)
19-03-2018 17:09 ERROR - Enetered Loginis not present - failed
19-03-2018 17:09 INFO  - search/PLP page is displayed - Pass
19-03-2018 17:09 INFO  - Search Count is displayed - Pass
19-03-2018 17:09 INFO  - search/PLP page is displayed - Pass
19-03-2018 17:09 INFO  - Search Count is displayed - Pass
19-03-2018 17:09 INFO  - PDP Page wait is displayed - Pass
19-03-2018 17:09 ERROR - TimeoutException
org.openqa.selenium.TimeoutException: Expected condition failed: waiting for visibility of element located by By.id: sign-into-account-email-field (tried for 10 second(s) with 500 MILLISECONDS interval)
	at org.openqa.selenium.support.ui.WebDriverWait.timeoutException(WebDriverWait.java:82)
	at org.openqa.selenium.support.ui.FluentWait.until(FluentWait.java:231)
	at com.skava.framework.action.SeleniumActionEngine.explicitWaitforVisibility(SeleniumActionEngine.java:183)
	at com.skava.framework.action.SeleniumActionEngine.enterText(SeleniumActionEngine.java:75)
	at com.skava.reusable.components.LoginComponents.enterLoginCredentials(LoginComponents.java:14)
	at com.skava.testcases.LT_1040_Returning_Customer_Valid_SignIN_Validation.LT_1040_Returning_Customer_Valid_SignIN_Validation(LT_1040_Returning_Customer_Valid_SignIN_Validation.java:28)
	at sun.reflect.NativeMethodAccessorImpl.invoke0(Native Method)
	at sun.reflect.NativeMethodAccessorImpl.invoke(Unknown Source)
	at sun.reflect.DelegatingMethodAccessorImpl.invoke(Unknown Source)
	at java.lang.reflect.Method.invoke(Unknown Source)
	at org.testng.internal.MethodInvocationHelper.invokeMethod(MethodInvocationHelper.java:108)
	at org.testng.internal.Invoker.invokeMethod(Invoker.java:669)
	at org.testng.internal.Invoker.invokeTestMethod(Invoker.java:877)
	at org.testng.internal.Invoker.invokeTestMethods(Invoker.java:1201)
	at org.testng.internal.TestMethodWorker.invokeTestMethods(TestMethodWorker.java:125)
	at org.testng.internal.TestMethodWorker.run(TestMethodWorker.java:109)
	at java.util.concurrent.ThreadPoolExecutor.runWorker(Unknown Source)
	at java.util.concurrent.ThreadPoolExecutor$Worker.run(Unknown Source)
	at java.lang.Thread.run(Unknown Source)
Caused by: org.openqa.selenium.NoSuchElementException: Cannot locate an element using By.id: sign-into-account-email-field
For documentation on this error, please visit: http://seleniumhq.org/exceptions/no_such_element.html
Build info: version: '3.2.0', revision: '8c03df6b79', time: '2017-02-23 10:51:31 +0000'
System info: host: 'DESKTOP-AQOISD1', ip: '192.168.234.84', os.name: 'Windows 10', os.arch: 'amd64', os.version: '10.0', java.version: '1.8.0_112'
Driver info: driver.version: unknown
	at org.openqa.selenium.support.ui.ExpectedConditions.lambda$findElement$0(ExpectedConditions.java:882)
	at java.util.Optional.orElseThrow(Unknown Source)
	at org.openqa.selenium.support.ui.ExpectedConditions.findElement(ExpectedConditions.java:881)
	at org.openqa.selenium.support.ui.ExpectedConditions.access$000(ExpectedConditions.java:43)
	at org.openqa.selenium.support.ui.ExpectedConditions$7.apply(ExpectedConditions.java:205)
	at org.openqa.selenium.support.ui.ExpectedConditions$7.apply(ExpectedConditions.java:201)
	at org.openqa.selenium.support.ui.FluentWait.until(FluentWait.java:208)
	... 17 more
19-03-2018 17:09 ERROR - Email is not present - failed
19-03-2018 17:09 INFO  - scrolled to Scrolling - Pass
19-03-2018 17:09 INFO  - Colour Field present is displayed - Pass
19-03-2018 17:09 INFO  - Size field is displayed - Pass
19-03-2018 17:09 INFO  - scrolled to Add To Bag - Pass
19-03-2018 17:09 INFO  - Add To Bag Clicked is clicked - Pass
19-03-2018 17:09 INFO  - PDP Page wait is displayed - Pass
19-03-2018 17:09 INFO  - scrolled to Scrolling - Pass
19-03-2018 17:09 INFO  - Colour Field present is displayed - Pass
19-03-2018 17:09 INFO  - Size field is displayed - Pass
19-03-2018 17:09 INFO  - scrolled to Add To Bag - Pass
19-03-2018 17:09 INFO  - Add To Bag Clicked is clicked - Pass
19-03-2018 17:09 INFO  - Success Overlay is displayed - Pass
19-03-2018 17:09 INFO  - Success Overlay is displayed - Pass
19-03-2018 17:09 INFO  - Success Overlay is displayed - Pass
19-03-2018 17:09 INFO  - Success Overlay is displayed - Pass
19-03-2018 17:09 ERROR - TimeoutException
org.openqa.selenium.TimeoutException: Expected condition failed: waiting for visibility of element located by By.id: sign-into-account-password-field (tried for 10 second(s) with 500 MILLISECONDS interval)
	at org.openqa.selenium.support.ui.WebDriverWait.timeoutException(WebDriverWait.java:82)
	at org.openqa.selenium.support.ui.FluentWait.until(FluentWait.java:231)
	at com.skava.framework.action.SeleniumActionEngine.explicitWaitforVisibility(SeleniumActionEngine.java:183)
	at com.skava.framework.action.SeleniumActionEngine.enterTextAndSubmit(SeleniumActionEngine.java:467)
	at com.skava.reusable.components.LoginComponents.enterLoginCredentials(LoginComponents.java:15)
	at com.skava.testcases.LT_1040_Returning_Customer_Valid_SignIN_Validation.LT_1040_Returning_Customer_Valid_SignIN_Validation(LT_1040_Returning_Customer_Valid_SignIN_Validation.java:28)
	at sun.reflect.NativeMethodAccessorImpl.invoke0(Native Method)
	at sun.reflect.NativeMethodAccessorImpl.invoke(Unknown Source)
	at sun.reflect.DelegatingMethodAccessorImpl.invoke(Unknown Source)
	at java.lang.reflect.Method.invoke(Unknown Source)
	at org.testng.internal.MethodInvocationHelper.invokeMethod(MethodInvocationHelper.java:108)
	at org.testng.internal.Invoker.invokeMethod(Invoker.java:669)
	at org.testng.internal.Invoker.invokeTestMethod(Invoker.java:877)
	at org.testng.internal.Invoker.invokeTestMethods(Invoker.java:1201)
	at org.testng.internal.TestMethodWorker.invokeTestMethods(TestMethodWorker.java:125)
	at org.testng.internal.TestMethodWorker.run(TestMethodWorker.java:109)
	at java.util.concurrent.ThreadPoolExecutor.runWorker(Unknown Source)
	at java.util.concurrent.ThreadPoolExecutor$Worker.run(Unknown Source)
	at java.lang.Thread.run(Unknown Source)
Caused by: org.openqa.selenium.NoSuchElementException: Cannot locate an element using By.id: sign-into-account-password-field
For documentation on this error, please visit: http://seleniumhq.org/exceptions/no_such_element.html
Build info: version: '3.2.0', revision: '8c03df6b79', time: '2017-02-23 10:51:31 +0000'
System info: host: 'DESKTOP-AQOISD1', ip: '192.168.234.84', os.name: 'Windows 10', os.arch: 'amd64', os.version: '10.0', java.version: '1.8.0_112'
Driver info: driver.version: unknown
	at org.openqa.selenium.support.ui.ExpectedConditions.lambda$findElement$0(ExpectedConditions.java:882)
	at java.util.Optional.orElseThrow(Unknown Source)
	at org.openqa.selenium.support.ui.ExpectedConditions.findElement(ExpectedConditions.java:881)
	at org.openqa.selenium.support.ui.ExpectedConditions.access$000(ExpectedConditions.java:43)
	at org.openqa.selenium.support.ui.ExpectedConditions$7.apply(ExpectedConditions.java:205)
	at org.openqa.selenium.support.ui.ExpectedConditions$7.apply(ExpectedConditions.java:201)
	at org.openqa.selenium.support.ui.FluentWait.until(FluentWait.java:208)
	... 17 more
19-03-2018 17:09 ERROR - Password is not present - failed
19-03-2018 17:09 INFO  - Checkout Clicked is clicked - Pass
19-03-2018 17:09 INFO  - Cart Opened is displayed - Pass
19-03-2018 17:09 INFO  - Product Added to Cart is displayed - Pass
19-03-2018 17:09 INFO  - Wait is displayed - Pass
19-03-2018 17:09 INFO  - scrolled to scroll to checkout - Pass
19-03-2018 17:09 INFO  - Checkout Clicked is clicked - Pass
19-03-2018 17:09 INFO  - Cart Opened is displayed - Pass
19-03-2018 17:09 INFO  - Product Added to Cart is displayed - Pass
19-03-2018 17:09 INFO  - Wait is displayed - Pass
19-03-2018 17:09 INFO  - scrolled to scroll to checkout - Pass
19-03-2018 17:09 INFO  - Click Checkout is clicked - Pass
19-03-2018 17:09 INFO  - Guest Checkout is displayed - Pass
19-03-2018 17:09 INFO  - scrolled to Guest Checkout - Pass
19-03-2018 17:09 INFO  - Guest Checkout is clicked - Pass
19-03-2018 17:09 INFO  - Click Checkout is clicked - Pass
19-03-2018 17:09 INFO  - Guest Checkout is displayed - Pass
19-03-2018 17:10 INFO  - http://m.lordandtaylor.com/ is opened - Pass
19-03-2018 17:10 INFO  - Click Search is clicked - Pass
19-03-2018 17:10 INFO  - Shirts is entered in Search - Pass
19-03-2018 17:10 ERROR - TimeoutException
org.openqa.selenium.TimeoutException: Expected condition failed: waiting for visibility of element located by By.className: account-summary (tried for 40 second(s) with 500 MILLISECONDS interval)
	at org.openqa.selenium.support.ui.WebDriverWait.timeoutException(WebDriverWait.java:82)
	at org.openqa.selenium.support.ui.FluentWait.until(FluentWait.java:231)
	at com.skava.framework.action.SeleniumActionEngine.explicitWaitforVisibility(SeleniumActionEngine.java:183)
	at com.skava.framework.action.SeleniumActionEngine.isElementDisplayed(SeleniumActionEngine.java:201)
	at com.skava.reusable.components.LoginComponents.myaccount(LoginComponents.java:99)
	at com.skava.testcases.LT_1040_Returning_Customer_Valid_SignIN_Validation.LT_1040_Returning_Customer_Valid_SignIN_Validation(LT_1040_Returning_Customer_Valid_SignIN_Validation.java:29)
	at sun.reflect.NativeMethodAccessorImpl.invoke0(Native Method)
	at sun.reflect.NativeMethodAccessorImpl.invoke(Unknown Source)
	at sun.reflect.DelegatingMethodAccessorImpl.invoke(Unknown Source)
	at java.lang.reflect.Method.invoke(Unknown Source)
	at org.testng.internal.MethodInvocationHelper.invokeMethod(MethodInvocationHelper.java:108)
	at org.testng.internal.Invoker.invokeMethod(Invoker.java:669)
	at org.testng.internal.Invoker.invokeTestMethod(Invoker.java:877)
	at org.testng.internal.Invoker.invokeTestMethods(Invoker.java:1201)
	at org.testng.internal.TestMethodWorker.invokeTestMethods(TestMethodWorker.java:125)
	at org.testng.internal.TestMethodWorker.run(TestMethodWorker.java:109)
	at java.util.concurrent.ThreadPoolExecutor.runWorker(Unknown Source)
	at java.util.concurrent.ThreadPoolExecutor$Worker.run(Unknown Source)
	at java.lang.Thread.run(Unknown Source)
Caused by: org.openqa.selenium.NoSuchElementException: Cannot locate an element using By.className: account-summary
For documentation on this error, please visit: http://seleniumhq.org/exceptions/no_such_element.html
Build info: version: '3.2.0', revision: '8c03df6b79', time: '2017-02-23 10:51:31 +0000'
System info: host: 'DESKTOP-AQOISD1', ip: '192.168.234.84', os.name: 'Windows 10', os.arch: 'amd64', os.version: '10.0', java.version: '1.8.0_112'
Driver info: driver.version: unknown
	at org.openqa.selenium.support.ui.ExpectedConditions.lambda$findElement$0(ExpectedConditions.java:882)
	at java.util.Optional.orElseThrow(Unknown Source)
	at org.openqa.selenium.support.ui.ExpectedConditions.findElement(ExpectedConditions.java:881)
	at org.openqa.selenium.support.ui.ExpectedConditions.access$000(ExpectedConditions.java:43)
	at org.openqa.selenium.support.ui.ExpectedConditions$7.apply(ExpectedConditions.java:205)
	at org.openqa.selenium.support.ui.ExpectedConditions$7.apply(ExpectedConditions.java:201)
	at org.openqa.selenium.support.ui.FluentWait.until(FluentWait.java:208)
	... 17 more
19-03-2018 17:10 ERROR - My Account page displayed is not present - failed
19-03-2018 17:10 INFO  - search/PLP page is displayed - Pass
19-03-2018 17:10 INFO  - Search Count is displayed - Pass
19-03-2018 17:10 INFO  - PDP Page wait is displayed - Pass
19-03-2018 17:10 INFO  - Click Cart is clicked - Pass
19-03-2018 17:10 INFO  - Cart Opened is displayed - Pass
19-03-2018 17:10 INFO  - scrolled to Scrolling - Pass
19-03-2018 17:10 INFO  - Colour Field present is displayed - Pass
19-03-2018 17:10 INFO  - Size field is displayed - Pass
19-03-2018 17:10 INFO  - scrolled to Add To Bag - Pass
19-03-2018 17:10 INFO  - Add To Bag Clicked is clicked - Pass
19-03-2018 17:10 INFO  - PDP overlay is displayed - Pass
19-03-2018 17:10 INFO  - Success Overlay is displayed - Pass
19-03-2018 17:10 INFO  - Success Overlay is displayed - Pass
19-03-2018 17:10 ERROR - TimeoutException
org.openqa.selenium.TimeoutException: Expected condition failed: waiting for visibility of element located by By.id: jsCheckoutRemediationGuestCheckout (tried for 50 second(s) with 500 MILLISECONDS interval)
	at org.openqa.selenium.support.ui.WebDriverWait.timeoutException(WebDriverWait.java:82)
	at org.openqa.selenium.support.ui.FluentWait.until(FluentWait.java:231)
	at com.skava.framework.action.SeleniumActionEngine.explicitWaitforVisibility(SeleniumActionEngine.java:183)
	at com.skava.framework.action.SeleniumActionEngine.isElementDisplayed(SeleniumActionEngine.java:201)
	at com.skava.reusable.components.CheckoutComponents.returnCustomer(CheckoutComponents.java:216)
	at com.skava.testcases.LT_1030_Returning_Customer_GuestCheckout_Validation.LT_1030_Returning_Customer_GuestCheckout_Validation(LT_1030_Returning_Customer_GuestCheckout_Validation.java:34)
	at sun.reflect.NativeMethodAccessorImpl.invoke0(Native Method)
	at sun.reflect.NativeMethodAccessorImpl.invoke(Unknown Source)
	at sun.reflect.DelegatingMethodAccessorImpl.invoke(Unknown Source)
	at java.lang.reflect.Method.invoke(Unknown Source)
	at org.testng.internal.MethodInvocationHelper.invokeMethod(MethodInvocationHelper.java:108)
	at org.testng.internal.Invoker.invokeMethod(Invoker.java:669)
	at org.testng.internal.Invoker.invokeTestMethod(Invoker.java:877)
	at org.testng.internal.Invoker.invokeTestMethods(Invoker.java:1201)
	at org.testng.internal.TestMethodWorker.invokeTestMethods(TestMethodWorker.java:125)
	at org.testng.internal.TestMethodWorker.run(TestMethodWorker.java:109)
	at java.util.concurrent.ThreadPoolExecutor.runWorker(Unknown Source)
	at java.util.concurrent.ThreadPoolExecutor$Worker.run(Unknown Source)
	at java.lang.Thread.run(Unknown Source)
Caused by: org.openqa.selenium.NoSuchElementException: Cannot locate an element using By.id: jsCheckoutRemediationGuestCheckout
For documentation on this error, please visit: http://seleniumhq.org/exceptions/no_such_element.html
Build info: version: '3.2.0', revision: '8c03df6b79', time: '2017-02-23 10:51:31 +0000'
System info: host: 'DESKTOP-AQOISD1', ip: '192.168.234.84', os.name: 'Windows 10', os.arch: 'amd64', os.version: '10.0', java.version: '1.8.0_112'
Driver info: driver.version: unknown
	at org.openqa.selenium.support.ui.ExpectedConditions.lambda$findElement$0(ExpectedConditions.java:882)
	at java.util.Optional.orElseThrow(Unknown Source)
	at org.openqa.selenium.support.ui.ExpectedConditions.findElement(ExpectedConditions.java:881)
	at org.openqa.selenium.support.ui.ExpectedConditions.access$000(ExpectedConditions.java:43)
	at org.openqa.selenium.support.ui.ExpectedConditions$7.apply(ExpectedConditions.java:205)
	at org.openqa.selenium.support.ui.ExpectedConditions$7.apply(ExpectedConditions.java:201)
	at org.openqa.selenium.support.ui.FluentWait.until(FluentWait.java:208)
	... 17 more
19-03-2018 17:10 ERROR - Guest Checkout is not present - failed
19-03-2018 17:10 ERROR - TimeoutException
org.openqa.selenium.TimeoutException: Expected condition failed: waiting for visibility of element located by By.xpath: //*[@class='widebag-item-list-content']/div (tried for 10 second(s) with 500 MILLISECONDS interval)
	at org.openqa.selenium.support.ui.WebDriverWait.timeoutException(WebDriverWait.java:82)
	at org.openqa.selenium.support.ui.FluentWait.until(FluentWait.java:231)
	at com.skava.framework.action.SeleniumActionEngine.explicitWaitforVisibility(SeleniumActionEngine.java:183)
	at com.skava.framework.action.SeleniumActionEngine.isElementDisplayed(SeleniumActionEngine.java:201)
	at com.skava.reusable.components.CartComponents.addedproductValidation(CartComponents.java:18)
	at com.skava.testcases.LT_1040_Returning_Customer_Valid_SignIN_Validation.LT_1040_Returning_Customer_Valid_SignIN_Validation(LT_1040_Returning_Customer_Valid_SignIN_Validation.java:31)
	at sun.reflect.NativeMethodAccessorImpl.invoke0(Native Method)
	at sun.reflect.NativeMethodAccessorImpl.invoke(Unknown Source)
	at sun.reflect.DelegatingMethodAccessorImpl.invoke(Unknown Source)
	at java.lang.reflect.Method.invoke(Unknown Source)
	at org.testng.internal.MethodInvocationHelper.invokeMethod(MethodInvocationHelper.java:108)
	at org.testng.internal.Invoker.invokeMethod(Invoker.java:669)
	at org.testng.internal.Invoker.invokeTestMethod(Invoker.java:877)
	at org.testng.internal.Invoker.invokeTestMethods(Invoker.java:1201)
	at org.testng.internal.TestMethodWorker.invokeTestMethods(TestMethodWorker.java:125)
	at org.testng.internal.TestMethodWorker.run(TestMethodWorker.java:109)
	at java.util.concurrent.ThreadPoolExecutor.runWorker(Unknown Source)
	at java.util.concurrent.ThreadPoolExecutor$Worker.run(Unknown Source)
	at java.lang.Thread.run(Unknown Source)
Caused by: org.openqa.selenium.NoSuchElementException: Cannot locate an element using By.xpath: //*[@class='widebag-item-list-content']/div
For documentation on this error, please visit: http://seleniumhq.org/exceptions/no_such_element.html
Build info: version: '3.2.0', revision: '8c03df6b79', time: '2017-02-23 10:51:31 +0000'
System info: host: 'DESKTOP-AQOISD1', ip: '192.168.234.84', os.name: 'Windows 10', os.arch: 'amd64', os.version: '10.0', java.version: '1.8.0_112'
Driver info: driver.version: unknown
	at org.openqa.selenium.support.ui.ExpectedConditions.lambda$findElement$0(ExpectedConditions.java:882)
	at java.util.Optional.orElseThrow(Unknown Source)
	at org.openqa.selenium.support.ui.ExpectedConditions.findElement(ExpectedConditions.java:881)
	at org.openqa.selenium.support.ui.ExpectedConditions.access$000(ExpectedConditions.java:43)
	at org.openqa.selenium.support.ui.ExpectedConditions$7.apply(ExpectedConditions.java:205)
	at org.openqa.selenium.support.ui.ExpectedConditions$7.apply(ExpectedConditions.java:201)
	at org.openqa.selenium.support.ui.FluentWait.until(FluentWait.java:208)
	... 17 more
19-03-2018 17:10 ERROR - Product Added to Cart is not present - failed
19-03-2018 17:10 INFO  - Checkout Clicked is clicked - Pass
19-03-2018 17:10 INFO  - IS Cart page products is displayed is displayed - Pass
19-03-2018 17:10 INFO  - Is Cart page Displayed is displayed - Pass
19-03-2018 17:10 INFO  - Wait is displayed - Pass
19-03-2018 17:10 INFO  - scrolled to scroll to checkout - Pass
19-03-2018 17:10 INFO  - Click Checkout is clicked - Pass
19-03-2018 17:10 INFO  - Guest Checkout is displayed - Pass
19-03-2018 17:10 INFO  - scrolled to Guest Checkout - Pass
19-03-2018 17:10 INFO  - Guest Checkout is clicked - Pass
19-03-2018 17:10 INFO  - Guest Checkout is displayed - Pass
19-03-2018 17:10 INFO  - Guest checkout shipping screen is displayed on tapping guest chekout button is displayed - Pass
19-03-2018 17:11 ERROR - TimeoutException
org.openqa.selenium.TimeoutException: Expected condition failed: waiting for visibility of element located by By.id: jsQuickCheckout (tried for 30 second(s) with 500 MILLISECONDS interval)
	at org.openqa.selenium.support.ui.WebDriverWait.timeoutException(WebDriverWait.java:82)
	at org.openqa.selenium.support.ui.FluentWait.until(FluentWait.java:231)
	at com.skava.framework.action.SeleniumActionEngine.explicitWaitforVisibility(SeleniumActionEngine.java:183)
	at com.skava.framework.action.SeleniumActionEngine.isElementDisplayed(SeleniumActionEngine.java:201)
	at com.skava.reusable.components.CheckoutComponents.returnCustomer(CheckoutComponents.java:220)
	at com.skava.testcases.LT_1030_Returning_Customer_GuestCheckout_Validation.LT_1030_Returning_Customer_GuestCheckout_Validation(LT_1030_Returning_Customer_GuestCheckout_Validation.java:34)
	at sun.reflect.NativeMethodAccessorImpl.invoke0(Native Method)
	at sun.reflect.NativeMethodAccessorImpl.invoke(Unknown Source)
	at sun.reflect.DelegatingMethodAccessorImpl.invoke(Unknown Source)
	at java.lang.reflect.Method.invoke(Unknown Source)
	at org.testng.internal.MethodInvocationHelper.invokeMethod(MethodInvocationHelper.java:108)
	at org.testng.internal.Invoker.invokeMethod(Invoker.java:669)
	at org.testng.internal.Invoker.invokeTestMethod(Invoker.java:877)
	at org.testng.internal.Invoker.invokeTestMethods(Invoker.java:1201)
	at org.testng.internal.TestMethodWorker.invokeTestMethods(TestMethodWorker.java:125)
	at org.testng.internal.TestMethodWorker.run(TestMethodWorker.java:109)
	at java.util.concurrent.ThreadPoolExecutor.runWorker(Unknown Source)
	at java.util.concurrent.ThreadPoolExecutor$Worker.run(Unknown Source)
	at java.lang.Thread.run(Unknown Source)
Caused by: org.openqa.selenium.NoSuchElementException: Cannot locate an element using By.id: jsQuickCheckout
For documentation on this error, please visit: http://seleniumhq.org/exceptions/no_such_element.html
Build info: version: '3.2.0', revision: '8c03df6b79', time: '2017-02-23 10:51:31 +0000'
System info: host: 'DESKTOP-AQOISD1', ip: '192.168.234.84', os.name: 'Windows 10', os.arch: 'amd64', os.version: '10.0', java.version: '1.8.0_112'
Driver info: driver.version: unknown
	at org.openqa.selenium.support.ui.ExpectedConditions.lambda$findElement$0(ExpectedConditions.java:882)
	at java.util.Optional.orElseThrow(Unknown Source)
	at org.openqa.selenium.support.ui.ExpectedConditions.findElement(ExpectedConditions.java:881)
	at org.openqa.selenium.support.ui.ExpectedConditions.access$000(ExpectedConditions.java:43)
	at org.openqa.selenium.support.ui.ExpectedConditions$7.apply(ExpectedConditions.java:205)
	at org.openqa.selenium.support.ui.ExpectedConditions$7.apply(ExpectedConditions.java:201)
	at org.openqa.selenium.support.ui.FluentWait.until(FluentWait.java:208)
	... 17 more
19-03-2018 17:11 ERROR - User Sign IN is not present - failed
19-03-2018 17:11 ERROR - TimeoutException
org.openqa.selenium.TimeoutException: Expected condition failed: waiting for visibility of element located by By.xpath: (//*[@class='shopping-cart-button-group']//a)[1] (tried for 30 second(s) with 500 MILLISECONDS interval)
	at org.openqa.selenium.support.ui.WebDriverWait.timeoutException(WebDriverWait.java:82)
	at org.openqa.selenium.support.ui.FluentWait.until(FluentWait.java:231)
	at com.skava.framework.action.SeleniumActionEngine.explicitWaitforVisibility(SeleniumActionEngine.java:183)
	at com.skava.framework.action.SeleniumActionEngine.isElementDisplayed(SeleniumActionEngine.java:201)
	at com.skava.reusable.components.CartComponents.clickCheckoutbutton(CartComponents.java:156)
	at com.skava.testcases.LT_1040_Returning_Customer_Valid_SignIN_Validation.LT_1040_Returning_Customer_Valid_SignIN_Validation(LT_1040_Returning_Customer_Valid_SignIN_Validation.java:33)
	at sun.reflect.NativeMethodAccessorImpl.invoke0(Native Method)
	at sun.reflect.NativeMethodAccessorImpl.invoke(Unknown Source)
	at sun.reflect.DelegatingMethodAccessorImpl.invoke(Unknown Source)
	at java.lang.reflect.Method.invoke(Unknown Source)
	at org.testng.internal.MethodInvocationHelper.invokeMethod(MethodInvocationHelper.java:108)
	at org.testng.internal.Invoker.invokeMethod(Invoker.java:669)
	at org.testng.internal.Invoker.invokeTestMethod(Invoker.java:877)
	at org.testng.internal.Invoker.invokeTestMethods(Invoker.java:1201)
	at org.testng.internal.TestMethodWorker.invokeTestMethods(TestMethodWorker.java:125)
	at org.testng.internal.TestMethodWorker.run(TestMethodWorker.java:109)
	at java.util.concurrent.ThreadPoolExecutor.runWorker(Unknown Source)
	at java.util.concurrent.ThreadPoolExecutor$Worker.run(Unknown Source)
	at java.lang.Thread.run(Unknown Source)
Caused by: org.openqa.selenium.NoSuchElementException: Cannot locate an element using By.xpath: (//*[@class='shopping-cart-button-group']//a)[1]
For documentation on this error, please visit: http://seleniumhq.org/exceptions/no_such_element.html
Build info: version: '3.2.0', revision: '8c03df6b79', time: '2017-02-23 10:51:31 +0000'
System info: host: 'DESKTOP-AQOISD1', ip: '192.168.234.84', os.name: 'Windows 10', os.arch: 'amd64', os.version: '10.0', java.version: '1.8.0_112'
Driver info: driver.version: unknown
	at org.openqa.selenium.support.ui.ExpectedConditions.lambda$findElement$0(ExpectedConditions.java:882)
	at java.util.Optional.orElseThrow(Unknown Source)
	at org.openqa.selenium.support.ui.ExpectedConditions.findElement(ExpectedConditions.java:881)
	at org.openqa.selenium.support.ui.ExpectedConditions.access$000(ExpectedConditions.java:43)
	at org.openqa.selenium.support.ui.ExpectedConditions$7.apply(ExpectedConditions.java:205)
	at org.openqa.selenium.support.ui.ExpectedConditions$7.apply(ExpectedConditions.java:201)
	at org.openqa.selenium.support.ui.FluentWait.until(FluentWait.java:208)
	... 17 more
19-03-2018 17:11 ERROR - Wait is not present - failed
19-03-2018 17:11 INFO  - http://m.lordandtaylor.com/ is opened - Pass
19-03-2018 17:11 INFO  - Click Search is clicked - Pass
19-03-2018 17:11 INFO  - denims is entered in Search - Pass
19-03-2018 17:11 INFO  - http://m.lordandtaylor.com/ is opened - Pass
19-03-2018 17:11 INFO  - Click Search is clicked - Pass
19-03-2018 17:11 INFO  - pants is entered in Search - Pass
19-03-2018 17:11 INFO  - search/PLP page is displayed - Pass
19-03-2018 17:11 INFO  - Search Count is displayed - Pass
19-03-2018 17:11 INFO  - search/PLP page is displayed - Pass
19-03-2018 17:11 INFO  - Search Count is displayed - Pass
19-03-2018 17:11 INFO  - PDP Page wait is displayed - Pass
19-03-2018 17:11 INFO  - scrolled to Scrolling - Pass
19-03-2018 17:11 INFO  - Colour Field present is displayed - Pass
19-03-2018 17:11 INFO  - PDP Page wait is displayed - Pass
19-03-2018 17:11 INFO  - scrolled to Scrolling - Pass
19-03-2018 17:11 INFO  - Colour Field present is displayed - Pass
19-03-2018 17:11 INFO  - Size field is displayed - Pass
19-03-2018 17:11 INFO  - scrolled to Add To Bag - Pass
19-03-2018 17:11 INFO  - Add To Bag Clicked is clicked - Pass
19-03-2018 17:11 INFO  - PDP overlay is displayed - Pass
19-03-2018 17:11 INFO  - Success Overlay is displayed - Pass
19-03-2018 17:11 INFO  - Success Overlay is displayed - Pass
19-03-2018 17:11 INFO  - Size field is displayed - Pass
19-03-2018 17:11 INFO  - scrolled to Add To Bag - Pass
19-03-2018 17:11 INFO  - Add To Bag Clicked is clicked - Pass
19-03-2018 17:11 INFO  - PDP overlay is displayed - Pass
19-03-2018 17:11 INFO  - Success Overlay is displayed - Pass
19-03-2018 17:11 INFO  - Success Overlay is displayed - Pass
19-03-2018 17:11 ERROR - TimeoutException
org.openqa.selenium.TimeoutException: Expected condition failed: waiting for visibility of element located by By.xpath: //*[contains(@class,'reviewPage')][@style='visibility: visible;'] (tried for 40 second(s) with 500 MILLISECONDS interval)
	at org.openqa.selenium.support.ui.WebDriverWait.timeoutException(WebDriverWait.java:82)
	at org.openqa.selenium.support.ui.FluentWait.until(FluentWait.java:231)
	at com.skava.framework.action.SeleniumActionEngine.explicitWaitforVisibility(SeleniumActionEngine.java:183)
	at com.skava.framework.action.SeleniumActionEngine.isElementDisplayed(SeleniumActionEngine.java:201)
	at com.skava.reusable.components.CheckoutComponents.reviewOrderValidation(CheckoutComponents.java:227)
	at com.skava.testcases.LT_1040_Returning_Customer_Valid_SignIN_Validation.LT_1040_Returning_Customer_Valid_SignIN_Validation(LT_1040_Returning_Customer_Valid_SignIN_Validation.java:34)
	at sun.reflect.NativeMethodAccessorImpl.invoke0(Native Method)
	at sun.reflect.NativeMethodAccessorImpl.invoke(Unknown Source)
	at sun.reflect.DelegatingMethodAccessorImpl.invoke(Unknown Source)
	at java.lang.reflect.Method.invoke(Unknown Source)
	at org.testng.internal.MethodInvocationHelper.invokeMethod(MethodInvocationHelper.java:108)
	at org.testng.internal.Invoker.invokeMethod(Invoker.java:669)
	at org.testng.internal.Invoker.invokeTestMethod(Invoker.java:877)
	at org.testng.internal.Invoker.invokeTestMethods(Invoker.java:1201)
	at org.testng.internal.TestMethodWorker.invokeTestMethods(TestMethodWorker.java:125)
	at org.testng.internal.TestMethodWorker.run(TestMethodWorker.java:109)
	at java.util.concurrent.ThreadPoolExecutor.runWorker(Unknown Source)
	at java.util.concurrent.ThreadPoolExecutor$Worker.run(Unknown Source)
	at java.lang.Thread.run(Unknown Source)
Caused by: org.openqa.selenium.NoSuchElementException: Cannot locate an element using By.xpath: //*[contains(@class,'reviewPage')][@style='visibility: visible;']
For documentation on this error, please visit: http://seleniumhq.org/exceptions/no_such_element.html
Build info: version: '3.2.0', revision: '8c03df6b79', time: '2017-02-23 10:51:31 +0000'
System info: host: 'DESKTOP-AQOISD1', ip: '192.168.234.84', os.name: 'Windows 10', os.arch: 'amd64', os.version: '10.0', java.version: '1.8.0_112'
Driver info: driver.version: unknown
	at org.openqa.selenium.support.ui.ExpectedConditions.lambda$findElement$0(ExpectedConditions.java:882)
	at java.util.Optional.orElseThrow(Unknown Source)
	at org.openqa.selenium.support.ui.ExpectedConditions.findElement(ExpectedConditions.java:881)
	at org.openqa.selenium.support.ui.ExpectedConditions.access$000(ExpectedConditions.java:43)
	at org.openqa.selenium.support.ui.ExpectedConditions$7.apply(ExpectedConditions.java:205)
	at org.openqa.selenium.support.ui.ExpectedConditions$7.apply(ExpectedConditions.java:201)
	at org.openqa.selenium.support.ui.FluentWait.until(FluentWait.java:208)
	... 17 more
19-03-2018 17:11 ERROR - Review Order Page is not present - failed
19-03-2018 17:11 INFO  - Checkout Clicked is clicked - Pass
19-03-2018 17:11 INFO  - IS Cart page products is displayed is displayed - Pass
19-03-2018 17:11 INFO  - Is Cart page Displayed is displayed - Pass
19-03-2018 17:11 INFO  - scrolled to BackToUSShipping - Pass
19-03-2018 17:11 ERROR - TimeoutException
org.openqa.selenium.TimeoutException: Expected condition failed: waiting for visibility of element located by By.className: billing-address-summary (tried for 10 second(s) with 500 MILLISECONDS interval)
	at org.openqa.selenium.support.ui.WebDriverWait.timeoutException(WebDriverWait.java:82)
	at org.openqa.selenium.support.ui.FluentWait.until(FluentWait.java:231)
	at com.skava.framework.action.SeleniumActionEngine.explicitWaitforVisibility(SeleniumActionEngine.java:183)
	at com.skava.framework.action.SeleniumActionEngine.isElementDisplayed(SeleniumActionEngine.java:201)
	at com.skava.reusable.components.CheckoutComponents.reviewOrderValidation(CheckoutComponents.java:231)
	at com.skava.testcases.LT_1040_Returning_Customer_Valid_SignIN_Validation.LT_1040_Returning_Customer_Valid_SignIN_Validation(LT_1040_Returning_Customer_Valid_SignIN_Validation.java:34)
	at sun.reflect.NativeMethodAccessorImpl.invoke0(Native Method)
	at sun.reflect.NativeMethodAccessorImpl.invoke(Unknown Source)
	at sun.reflect.DelegatingMethodAccessorImpl.invoke(Unknown Source)
	at java.lang.reflect.Method.invoke(Unknown Source)
	at org.testng.internal.MethodInvocationHelper.invokeMethod(MethodInvocationHelper.java:108)
	at org.testng.internal.Invoker.invokeMethod(Invoker.java:669)
	at org.testng.internal.Invoker.invokeTestMethod(Invoker.java:877)
	at org.testng.internal.Invoker.invokeTestMethods(Invoker.java:1201)
	at org.testng.internal.TestMethodWorker.invokeTestMethods(TestMethodWorker.java:125)
	at org.testng.internal.TestMethodWorker.run(TestMethodWorker.java:109)
	at java.util.concurrent.ThreadPoolExecutor.runWorker(Unknown Source)
	at java.util.concurrent.ThreadPoolExecutor$Worker.run(Unknown Source)
	at java.lang.Thread.run(Unknown Source)
Caused by: org.openqa.selenium.NoSuchElementException: Cannot locate an element using By.className: billing-address-summary
For documentation on this error, please visit: http://seleniumhq.org/exceptions/no_such_element.html
Build info: version: '3.2.0', revision: '8c03df6b79', time: '2017-02-23 10:51:31 +0000'
System info: host: 'DESKTOP-AQOISD1', ip: '192.168.234.84', os.name: 'Windows 10', os.arch: 'amd64', os.version: '10.0', java.version: '1.8.0_112'
Driver info: driver.version: unknown
	at org.openqa.selenium.support.ui.ExpectedConditions.lambda$findElement$0(ExpectedConditions.java:882)
	at java.util.Optional.orElseThrow(Unknown Source)
	at org.openqa.selenium.support.ui.ExpectedConditions.findElement(ExpectedConditions.java:881)
	at org.openqa.selenium.support.ui.ExpectedConditions.access$000(ExpectedConditions.java:43)
	at org.openqa.selenium.support.ui.ExpectedConditions$7.apply(ExpectedConditions.java:205)
	at org.openqa.selenium.support.ui.ExpectedConditions$7.apply(ExpectedConditions.java:201)
	at org.openqa.selenium.support.ui.FluentWait.until(FluentWait.java:208)
	... 17 more
19-03-2018 17:11 ERROR - Billing Addrs field in Review Order Page is not present - failed
19-03-2018 17:11 INFO  - Checkout Clicked is clicked - Pass
19-03-2018 17:11 INFO  - IS Cart page products is displayed is displayed - Pass
19-03-2018 17:11 INFO  - Is Cart page Displayed is displayed - Pass
19-03-2018 17:11 INFO  - Wait is displayed - Pass
19-03-2018 17:11 INFO  - scrolled to scroll to checkout - Pass
19-03-2018 17:11 INFO  - Click Checkout is clicked - Pass
19-03-2018 17:11 INFO  - Guest Checkout is displayed - Pass
19-03-2018 17:11 INFO  - scrolled to Guest Checkout - Pass
19-03-2018 17:11 INFO  - Guest Checkout is clicked - Pass
19-03-2018 17:12 INFO  - BackToUSShipping is clicked - Pass
19-03-2018 17:12 INFO  - Wait is displayed - Pass
19-03-2018 17:12 INFO  - scrolled to scroll to checkout - Pass
19-03-2018 17:12 INFO  - Click Checkout is clicked - Pass
19-03-2018 17:12 INFO  - Guest Checkout is displayed - Pass
19-03-2018 17:12 INFO  - scrolled to Guest Checkout - Pass
19-03-2018 17:12 INFO  - Guest Checkout is clicked - Pass
19-03-2018 17:12 ERROR - TimeoutException
org.openqa.selenium.TimeoutException: Expected condition failed: waiting for visibility of element located by By.className: payment-method-summary (tried for 10 second(s) with 500 MILLISECONDS interval)
	at org.openqa.selenium.support.ui.WebDriverWait.timeoutException(WebDriverWait.java:82)
	at org.openqa.selenium.support.ui.FluentWait.until(FluentWait.java:231)
	at com.skava.framework.action.SeleniumActionEngine.explicitWaitforVisibility(SeleniumActionEngine.java:183)
	at com.skava.framework.action.SeleniumActionEngine.isElementDisplayed(SeleniumActionEngine.java:201)
	at com.skava.reusable.components.CheckoutComponents.reviewOrderValidation(CheckoutComponents.java:235)
	at com.skava.testcases.LT_1040_Returning_Customer_Valid_SignIN_Validation.LT_1040_Returning_Customer_Valid_SignIN_Validation(LT_1040_Returning_Customer_Valid_SignIN_Validation.java:34)
	at sun.reflect.NativeMethodAccessorImpl.invoke0(Native Method)
	at sun.reflect.NativeMethodAccessorImpl.invoke(Unknown Source)
	at sun.reflect.DelegatingMethodAccessorImpl.invoke(Unknown Source)
	at java.lang.reflect.Method.invoke(Unknown Source)
	at org.testng.internal.MethodInvocationHelper.invokeMethod(MethodInvocationHelper.java:108)
	at org.testng.internal.Invoker.invokeMethod(Invoker.java:669)
	at org.testng.internal.Invoker.invokeTestMethod(Invoker.java:877)
	at org.testng.internal.Invoker.invokeTestMethods(Invoker.java:1201)
	at org.testng.internal.TestMethodWorker.invokeTestMethods(TestMethodWorker.java:125)
	at org.testng.internal.TestMethodWorker.run(TestMethodWorker.java:109)
	at java.util.concurrent.ThreadPoolExecutor.runWorker(Unknown Source)
	at java.util.concurrent.ThreadPoolExecutor$Worker.run(Unknown Source)
	at java.lang.Thread.run(Unknown Source)
Caused by: org.openqa.selenium.NoSuchElementException: Cannot locate an element using By.className: payment-method-summary
For documentation on this error, please visit: http://seleniumhq.org/exceptions/no_such_element.html
Build info: version: '3.2.0', revision: '8c03df6b79', time: '2017-02-23 10:51:31 +0000'
System info: host: 'DESKTOP-AQOISD1', ip: '192.168.234.84', os.name: 'Windows 10', os.arch: 'amd64', os.version: '10.0', java.version: '1.8.0_112'
Driver info: driver.version: unknown
	at org.openqa.selenium.support.ui.ExpectedConditions.lambda$findElement$0(ExpectedConditions.java:882)
	at java.util.Optional.orElseThrow(Unknown Source)
	at org.openqa.selenium.support.ui.ExpectedConditions.findElement(ExpectedConditions.java:881)
	at org.openqa.selenium.support.ui.ExpectedConditions.access$000(ExpectedConditions.java:43)
	at org.openqa.selenium.support.ui.ExpectedConditions$7.apply(ExpectedConditions.java:205)
	at org.openqa.selenium.support.ui.ExpectedConditions$7.apply(ExpectedConditions.java:201)
	at org.openqa.selenium.support.ui.FluentWait.until(FluentWait.java:208)
	... 17 more
19-03-2018 17:12 ERROR - Payment field in Review Order Page is not present - failed
19-03-2018 17:12 INFO  - Guest Checkout is displayed - Pass
19-03-2018 17:12 INFO  - Guest checkout shipping screen is displayed on tapping guest chekout button is displayed - Pass
19-03-2018 17:12 INFO  - FirstName is entered in the field - Pass
19-03-2018 17:12 INFO  - SecondName is entered in the field - Pass
19-03-2018 17:12 INFO  - Address 1 is entered in the field - Pass
19-03-2018 17:12 INFO  - Address 2 is entered in the field - Pass
19-03-2018 17:12 INFO  - City is entered in the field - Pass
19-03-2018 17:12 INFO  - scrolled to Scrolling - Pass
19-03-2018 17:12 INFO  - Postal Code is entered in the field - Pass
19-03-2018 17:12 INFO  - PhoneNumber is entered in the field - Pass
19-03-2018 17:12 INFO  - Mail Address is entered in the field - Pass
19-03-2018 17:12 INFO  - Is Continue Checkout Button displayed is displayed - Pass
19-03-2018 17:12 INFO  - scrolled to Scroll to Continue Checkout Button - Pass
19-03-2018 17:12 INFO  - Click Continue checkout button is clicked - Pass
19-03-2018 17:12 INFO  - Guest Checkout is displayed - Pass
19-03-2018 17:12 INFO  - Guest checkout shipping screen is displayed on tapping guest chekout button is displayed - Pass
19-03-2018 17:12 INFO  - FirstName is entered in the field - Pass
19-03-2018 17:12 INFO  - SecondName is entered in the field - Pass
19-03-2018 17:12 INFO  - Address 1 is entered in the field - Pass
19-03-2018 17:12 INFO  - Address 2 is entered in the field - Pass
19-03-2018 17:12 INFO  - City is entered in the field - Pass
19-03-2018 17:12 INFO  - scrolled to Scrolling - Pass
19-03-2018 17:12 INFO  - Postal Code is entered in the field - Pass
19-03-2018 17:12 INFO  - Untick default billing option is clicked - Pass
19-03-2018 17:12 INFO  - PhoneNumber is entered in the field - Pass
19-03-2018 17:12 ERROR - TimeoutException
org.openqa.selenium.TimeoutException: Expected condition failed: waiting for visibility of element located by By.className: widebag-freight-shipment-list (tried for 10 second(s) with 500 MILLISECONDS interval)
	at org.openqa.selenium.support.ui.WebDriverWait.timeoutException(WebDriverWait.java:82)
	at org.openqa.selenium.support.ui.FluentWait.until(FluentWait.java:231)
	at com.skava.framework.action.SeleniumActionEngine.explicitWaitforVisibility(SeleniumActionEngine.java:183)
	at com.skava.framework.action.SeleniumActionEngine.scrollToElement(SeleniumActionEngine.java:433)
	at com.skava.reusable.components.CheckoutComponents.reviewOrderValidation(CheckoutComponents.java:239)
	at com.skava.testcases.LT_1040_Returning_Customer_Valid_SignIN_Validation.LT_1040_Returning_Customer_Valid_SignIN_Validation(LT_1040_Returning_Customer_Valid_SignIN_Validation.java:34)
	at sun.reflect.NativeMethodAccessorImpl.invoke0(Native Method)
	at sun.reflect.NativeMethodAccessorImpl.invoke(Unknown Source)
	at sun.reflect.DelegatingMethodAccessorImpl.invoke(Unknown Source)
	at java.lang.reflect.Method.invoke(Unknown Source)
	at org.testng.internal.MethodInvocationHelper.invokeMethod(MethodInvocationHelper.java:108)
	at org.testng.internal.Invoker.invokeMethod(Invoker.java:669)
	at org.testng.internal.Invoker.invokeTestMethod(Invoker.java:877)
	at org.testng.internal.Invoker.invokeTestMethods(Invoker.java:1201)
	at org.testng.internal.TestMethodWorker.invokeTestMethods(TestMethodWorker.java:125)
	at org.testng.internal.TestMethodWorker.run(TestMethodWorker.java:109)
	at java.util.concurrent.ThreadPoolExecutor.runWorker(Unknown Source)
	at java.util.concurrent.ThreadPoolExecutor$Worker.run(Unknown Source)
	at java.lang.Thread.run(Unknown Source)
Caused by: org.openqa.selenium.NoSuchElementException: Cannot locate an element using By.className: widebag-freight-shipment-list
For documentation on this error, please visit: http://seleniumhq.org/exceptions/no_such_element.html
Build info: version: '3.2.0', revision: '8c03df6b79', time: '2017-02-23 10:51:31 +0000'
System info: host: 'DESKTOP-AQOISD1', ip: '192.168.234.84', os.name: 'Windows 10', os.arch: 'amd64', os.version: '10.0', java.version: '1.8.0_112'
Driver info: driver.version: unknown
	at org.openqa.selenium.support.ui.ExpectedConditions.lambda$findElement$0(ExpectedConditions.java:882)
	at java.util.Optional.orElseThrow(Unknown Source)
	at org.openqa.selenium.support.ui.ExpectedConditions.findElement(ExpectedConditions.java:881)
	at org.openqa.selenium.support.ui.ExpectedConditions.access$000(ExpectedConditions.java:43)
	at org.openqa.selenium.support.ui.ExpectedConditions$7.apply(ExpectedConditions.java:205)
	at org.openqa.selenium.support.ui.ExpectedConditions$7.apply(ExpectedConditions.java:201)
	at org.openqa.selenium.support.ui.FluentWait.until(FluentWait.java:208)
	... 17 more
19-03-2018 17:12 ERROR - Scrolling is not present - failed
19-03-2018 17:12 INFO  - Mail Address is entered in the field - Pass
19-03-2018 17:12 INFO  - Is Continue Checkout Button displayed is displayed - Pass
19-03-2018 17:12 INFO  - scrolled to Scroll to Continue Checkout Button - Pass
19-03-2018 17:12 INFO  - Click Continue checkout button is clicked - Pass
19-03-2018 17:12 INFO  - Address Verification is displayed - Pass
19-03-2018 17:12 INFO  - scrolled to Clicked use as entered in address verification overlay - Pass
19-03-2018 17:12 INFO  - Address Verification is displayed - Pass
19-03-2018 17:12 INFO  - scrolled to Clicked use as entered in address verification overlay - Pass
19-03-2018 17:12 ERROR - TimeoutException
org.openqa.selenium.TimeoutException: Expected condition failed: waiting for visibility of element located by By.className: widebag-freight-shipment-list (tried for 10 second(s) with 500 MILLISECONDS interval)
	at org.openqa.selenium.support.ui.WebDriverWait.timeoutException(WebDriverWait.java:82)
	at org.openqa.selenium.support.ui.FluentWait.until(FluentWait.java:231)
	at com.skava.framework.action.SeleniumActionEngine.explicitWaitforVisibility(SeleniumActionEngine.java:183)
	at com.skava.framework.action.SeleniumActionEngine.isElementDisplayed(SeleniumActionEngine.java:201)
	at com.skava.reusable.components.CheckoutComponents.reviewOrderValidation(CheckoutComponents.java:240)
	at com.skava.testcases.LT_1040_Returning_Customer_Valid_SignIN_Validation.LT_1040_Returning_Customer_Valid_SignIN_Validation(LT_1040_Returning_Customer_Valid_SignIN_Validation.java:34)
	at sun.reflect.NativeMethodAccessorImpl.invoke0(Native Method)
	at sun.reflect.NativeMethodAccessorImpl.invoke(Unknown Source)
	at sun.reflect.DelegatingMethodAccessorImpl.invoke(Unknown Source)
	at java.lang.reflect.Method.invoke(Unknown Source)
	at org.testng.internal.MethodInvocationHelper.invokeMethod(MethodInvocationHelper.java:108)
	at org.testng.internal.Invoker.invokeMethod(Invoker.java:669)
	at org.testng.internal.Invoker.invokeTestMethod(Invoker.java:877)
	at org.testng.internal.Invoker.invokeTestMethods(Invoker.java:1201)
	at org.testng.internal.TestMethodWorker.invokeTestMethods(TestMethodWorker.java:125)
	at org.testng.internal.TestMethodWorker.run(TestMethodWorker.java:109)
	at java.util.concurrent.ThreadPoolExecutor.runWorker(Unknown Source)
	at java.util.concurrent.ThreadPoolExecutor$Worker.run(Unknown Source)
	at java.lang.Thread.run(Unknown Source)
Caused by: org.openqa.selenium.NoSuchElementException: Cannot locate an element using By.className: widebag-freight-shipment-list
For documentation on this error, please visit: http://seleniumhq.org/exceptions/no_such_element.html
Build info: version: '3.2.0', revision: '8c03df6b79', time: '2017-02-23 10:51:31 +0000'
System info: host: 'DESKTOP-AQOISD1', ip: '192.168.234.84', os.name: 'Windows 10', os.arch: 'amd64', os.version: '10.0', java.version: '1.8.0_112'
Driver info: driver.version: unknown
	at org.openqa.selenium.support.ui.ExpectedConditions.lambda$findElement$0(ExpectedConditions.java:882)
	at java.util.Optional.orElseThrow(Unknown Source)
	at org.openqa.selenium.support.ui.ExpectedConditions.findElement(ExpectedConditions.java:881)
	at org.openqa.selenium.support.ui.ExpectedConditions.access$000(ExpectedConditions.java:43)
	at org.openqa.selenium.support.ui.ExpectedConditions$7.apply(ExpectedConditions.java:205)
	at org.openqa.selenium.support.ui.ExpectedConditions$7.apply(ExpectedConditions.java:201)
	at org.openqa.selenium.support.ui.FluentWait.until(FluentWait.java:208)
	... 17 more
19-03-2018 17:12 ERROR - Shipping Addrs field in Review Order Page is not present - failed
19-03-2018 17:12 ERROR - TimeoutException
org.openqa.selenium.TimeoutException: Expected condition failed: waiting for visibility of element located by By.id: pdpAddtoBagBtn (tried for 10 second(s) with 500 MILLISECONDS interval)
	at org.openqa.selenium.support.ui.WebDriverWait.timeoutException(WebDriverWait.java:82)
	at org.openqa.selenium.support.ui.FluentWait.until(FluentWait.java:231)
	at com.skava.framework.action.SeleniumActionEngine.explicitWaitforVisibility(SeleniumActionEngine.java:183)
	at com.skava.framework.action.SeleniumActionEngine.isElementDisplayed(SeleniumActionEngine.java:201)
	at com.skava.reusable.components.CheckoutComponents.addressVerification(CheckoutComponents.java:115)
	at com.skava.testcases.LT_1081_GuestCheckout_AddShipping.LT_1081_GuestCheckout_Add_Shipping(LT_1081_GuestCheckout_AddShipping.java:39)
	at sun.reflect.NativeMethodAccessorImpl.invoke0(Native Method)
	at sun.reflect.NativeMethodAccessorImpl.invoke(Unknown Source)
	at sun.reflect.DelegatingMethodAccessorImpl.invoke(Unknown Source)
	at java.lang.reflect.Method.invoke(Unknown Source)
	at org.testng.internal.MethodInvocationHelper.invokeMethod(MethodInvocationHelper.java:108)
	at org.testng.internal.Invoker.invokeMethod(Invoker.java:669)
	at org.testng.internal.Invoker.invokeTestMethod(Invoker.java:877)
	at org.testng.internal.Invoker.invokeTestMethods(Invoker.java:1201)
	at org.testng.internal.TestMethodWorker.invokeTestMethods(TestMethodWorker.java:125)
	at org.testng.internal.TestMethodWorker.run(TestMethodWorker.java:109)
	at java.util.concurrent.ThreadPoolExecutor.runWorker(Unknown Source)
	at java.util.concurrent.ThreadPoolExecutor$Worker.run(Unknown Source)
	at java.lang.Thread.run(Unknown Source)
Caused by: org.openqa.selenium.NoSuchElementException: Cannot locate an element using By.id: pdpAddtoBagBtn
For documentation on this error, please visit: http://seleniumhq.org/exceptions/no_such_element.html
Build info: version: '3.2.0', revision: '8c03df6b79', time: '2017-02-23 10:51:31 +0000'
System info: host: 'DESKTOP-AQOISD1', ip: '192.168.234.84', os.name: 'Windows 10', os.arch: 'amd64', os.version: '10.0', java.version: '1.8.0_112'
Driver info: driver.version: unknown
	at org.openqa.selenium.support.ui.ExpectedConditions.lambda$findElement$0(ExpectedConditions.java:882)
	at java.util.Optional.orElseThrow(Unknown Source)
	at org.openqa.selenium.support.ui.ExpectedConditions.findElement(ExpectedConditions.java:881)
	at org.openqa.selenium.support.ui.ExpectedConditions.access$000(ExpectedConditions.java:43)
	at org.openqa.selenium.support.ui.ExpectedConditions$7.apply(ExpectedConditions.java:205)
	at org.openqa.selenium.support.ui.ExpectedConditions$7.apply(ExpectedConditions.java:201)
	at org.openqa.selenium.support.ui.FluentWait.until(FluentWait.java:208)
	... 17 more
19-03-2018 17:12 ERROR - wait is not present - failed
19-03-2018 17:12 ERROR - TimeoutException
org.openqa.selenium.TimeoutException: Expected condition failed: waiting for visibility of element located by By.id: pdpAddtoBagBtn (tried for 10 second(s) with 500 MILLISECONDS interval)
	at org.openqa.selenium.support.ui.WebDriverWait.timeoutException(WebDriverWait.java:82)
	at org.openqa.selenium.support.ui.FluentWait.until(FluentWait.java:231)
	at com.skava.framework.action.SeleniumActionEngine.explicitWaitforVisibility(SeleniumActionEngine.java:183)
	at com.skava.framework.action.SeleniumActionEngine.isElementDisplayed(SeleniumActionEngine.java:201)
	at com.skava.reusable.components.CheckoutComponents.addressVerification(CheckoutComponents.java:115)
	at com.skava.testcases.LT_1083_Payment_Page_Guest_Validation.LT_1083_Payment_Page_Guest_Validation(LT_1083_Payment_Page_Guest_Validation.java:41)
	at sun.reflect.NativeMethodAccessorImpl.invoke0(Native Method)
	at sun.reflect.NativeMethodAccessorImpl.invoke(Unknown Source)
	at sun.reflect.DelegatingMethodAccessorImpl.invoke(Unknown Source)
	at java.lang.reflect.Method.invoke(Unknown Source)
	at org.testng.internal.MethodInvocationHelper.invokeMethod(MethodInvocationHelper.java:108)
	at org.testng.internal.Invoker.invokeMethod(Invoker.java:669)
	at org.testng.internal.Invoker.invokeTestMethod(Invoker.java:877)
	at org.testng.internal.Invoker.invokeTestMethods(Invoker.java:1201)
	at org.testng.internal.TestMethodWorker.invokeTestMethods(TestMethodWorker.java:125)
	at org.testng.internal.TestMethodWorker.run(TestMethodWorker.java:109)
	at java.util.concurrent.ThreadPoolExecutor.runWorker(Unknown Source)
	at java.util.concurrent.ThreadPoolExecutor$Worker.run(Unknown Source)
	at java.lang.Thread.run(Unknown Source)
Caused by: org.openqa.selenium.NoSuchElementException: Cannot locate an element using By.id: pdpAddtoBagBtn
For documentation on this error, please visit: http://seleniumhq.org/exceptions/no_such_element.html
Build info: version: '3.2.0', revision: '8c03df6b79', time: '2017-02-23 10:51:31 +0000'
System info: host: 'DESKTOP-AQOISD1', ip: '192.168.234.84', os.name: 'Windows 10', os.arch: 'amd64', os.version: '10.0', java.version: '1.8.0_112'
Driver info: driver.version: unknown
	at org.openqa.selenium.support.ui.ExpectedConditions.lambda$findElement$0(ExpectedConditions.java:882)
	at java.util.Optional.orElseThrow(Unknown Source)
	at org.openqa.selenium.support.ui.ExpectedConditions.findElement(ExpectedConditions.java:881)
	at org.openqa.selenium.support.ui.ExpectedConditions.access$000(ExpectedConditions.java:43)
	at org.openqa.selenium.support.ui.ExpectedConditions$7.apply(ExpectedConditions.java:205)
	at org.openqa.selenium.support.ui.ExpectedConditions$7.apply(ExpectedConditions.java:201)
	at org.openqa.selenium.support.ui.FluentWait.until(FluentWait.java:208)
	... 17 more
19-03-2018 17:12 ERROR - wait is not present - failed
19-03-2018 17:12 INFO  - Clicked OK is displayed - Pass
19-03-2018 17:12 INFO  - Clicked OK is clicked - Pass
19-03-2018 17:12 INFO  - Clicked OK is displayed - Pass
19-03-2018 17:12 INFO  - Clicked OK is clicked - Pass
19-03-2018 17:12 INFO  - Place Order Page is displayed - Pass
19-03-2018 17:12 ERROR - TimeoutException
org.openqa.selenium.TimeoutException: Expected condition failed: waiting for visibility of element located by By.xpath: //*[@class='order-summary'] (tried for 10 second(s) with 500 MILLISECONDS interval)
	at org.openqa.selenium.support.ui.WebDriverWait.timeoutException(WebDriverWait.java:82)
	at org.openqa.selenium.support.ui.FluentWait.until(FluentWait.java:231)
	at com.skava.framework.action.SeleniumActionEngine.explicitWaitforVisibility(SeleniumActionEngine.java:183)
	at com.skava.framework.action.SeleniumActionEngine.isElementDisplayed(SeleniumActionEngine.java:201)
	at com.skava.reusable.components.CheckoutComponents.reviewOrderValidation(CheckoutComponents.java:244)
	at com.skava.testcases.LT_1040_Returning_Customer_Valid_SignIN_Validation.LT_1040_Returning_Customer_Valid_SignIN_Validation(LT_1040_Returning_Customer_Valid_SignIN_Validation.java:34)
	at sun.reflect.NativeMethodAccessorImpl.invoke0(Native Method)
	at sun.reflect.NativeMethodAccessorImpl.invoke(Unknown Source)
	at sun.reflect.DelegatingMethodAccessorImpl.invoke(Unknown Source)
	at java.lang.reflect.Method.invoke(Unknown Source)
	at org.testng.internal.MethodInvocationHelper.invokeMethod(MethodInvocationHelper.java:108)
	at org.testng.internal.Invoker.invokeMethod(Invoker.java:669)
	at org.testng.internal.Invoker.invokeTestMethod(Invoker.java:877)
	at org.testng.internal.Invoker.invokeTestMethods(Invoker.java:1201)
	at org.testng.internal.TestMethodWorker.invokeTestMethods(TestMethodWorker.java:125)
	at org.testng.internal.TestMethodWorker.run(TestMethodWorker.java:109)
	at java.util.concurrent.ThreadPoolExecutor.runWorker(Unknown Source)
	at java.util.concurrent.ThreadPoolExecutor$Worker.run(Unknown Source)
	at java.lang.Thread.run(Unknown Source)
Caused by: org.openqa.selenium.NoSuchElementException: Cannot locate an element using By.xpath: //*[@class='order-summary']
For documentation on this error, please visit: http://seleniumhq.org/exceptions/no_such_element.html
Build info: version: '3.2.0', revision: '8c03df6b79', time: '2017-02-23 10:51:31 +0000'
System info: host: 'DESKTOP-AQOISD1', ip: '192.168.234.84', os.name: 'Windows 10', os.arch: 'amd64', os.version: '10.0', java.version: '1.8.0_112'
Driver info: driver.version: unknown
	at org.openqa.selenium.support.ui.ExpectedConditions.lambda$findElement$0(ExpectedConditions.java:882)
	at java.util.Optional.orElseThrow(Unknown Source)
	at org.openqa.selenium.support.ui.ExpectedConditions.findElement(ExpectedConditions.java:881)
	at org.openqa.selenium.support.ui.ExpectedConditions.access$000(ExpectedConditions.java:43)
	at org.openqa.selenium.support.ui.ExpectedConditions$7.apply(ExpectedConditions.java:205)
	at org.openqa.selenium.support.ui.ExpectedConditions$7.apply(ExpectedConditions.java:201)
	at org.openqa.selenium.support.ui.FluentWait.until(FluentWait.java:208)
	... 17 more
19-03-2018 17:12 ERROR - Order Summary field in Review Order Page is not present - failed
19-03-2018 17:12 INFO  - http://m.lordandtaylor.com/ is opened - Pass
19-03-2018 17:12 INFO  - Click Search is clicked - Pass
19-03-2018 17:12 INFO  - dress is entered in Search - Pass
19-03-2018 17:12 INFO  - http://m.lordandtaylor.com/ is opened - Pass
19-03-2018 17:12 INFO  - Click Search is clicked - Pass
19-03-2018 17:12 INFO  - shoes is entered in Search - Pass
19-03-2018 17:12 ERROR - TimeoutException
org.openqa.selenium.TimeoutException: Expected condition failed: waiting for visibility of element located by By.id: jsReviewSubmit (tried for 10 second(s) with 500 MILLISECONDS interval)
	at org.openqa.selenium.support.ui.WebDriverWait.timeoutException(WebDriverWait.java:82)
	at org.openqa.selenium.support.ui.FluentWait.until(FluentWait.java:231)
	at com.skava.framework.action.SeleniumActionEngine.explicitWaitforVisibility(SeleniumActionEngine.java:183)
	at com.skava.framework.action.SeleniumActionEngine.isElementDisplayed(SeleniumActionEngine.java:201)
	at com.skava.reusable.components.CheckoutComponents.reviewOrderValidation(CheckoutComponents.java:248)
	at com.skava.testcases.LT_1040_Returning_Customer_Valid_SignIN_Validation.LT_1040_Returning_Customer_Valid_SignIN_Validation(LT_1040_Returning_Customer_Valid_SignIN_Validation.java:34)
	at sun.reflect.NativeMethodAccessorImpl.invoke0(Native Method)
	at sun.reflect.NativeMethodAccessorImpl.invoke(Unknown Source)
	at sun.reflect.DelegatingMethodAccessorImpl.invoke(Unknown Source)
	at java.lang.reflect.Method.invoke(Unknown Source)
	at org.testng.internal.MethodInvocationHelper.invokeMethod(MethodInvocationHelper.java:108)
	at org.testng.internal.Invoker.invokeMethod(Invoker.java:669)
	at org.testng.internal.Invoker.invokeTestMethod(Invoker.java:877)
	at org.testng.internal.Invoker.invokeTestMethods(Invoker.java:1201)
	at org.testng.internal.TestMethodWorker.invokeTestMethods(TestMethodWorker.java:125)
	at org.testng.internal.TestMethodWorker.run(TestMethodWorker.java:109)
	at java.util.concurrent.ThreadPoolExecutor.runWorker(Unknown Source)
	at java.util.concurrent.ThreadPoolExecutor$Worker.run(Unknown Source)
	at java.lang.Thread.run(Unknown Source)
Caused by: org.openqa.selenium.NoSuchElementException: Cannot locate an element using By.id: jsReviewSubmit
For documentation on this error, please visit: http://seleniumhq.org/exceptions/no_such_element.html
Build info: version: '3.2.0', revision: '8c03df6b79', time: '2017-02-23 10:51:31 +0000'
System info: host: 'DESKTOP-AQOISD1', ip: '192.168.234.84', os.name: 'Windows 10', os.arch: 'amd64', os.version: '10.0', java.version: '1.8.0_112'
Driver info: driver.version: unknown
	at org.openqa.selenium.support.ui.ExpectedConditions.lambda$findElement$0(ExpectedConditions.java:882)
	at java.util.Optional.orElseThrow(Unknown Source)
	at org.openqa.selenium.support.ui.ExpectedConditions.findElement(ExpectedConditions.java:881)
	at org.openqa.selenium.support.ui.ExpectedConditions.access$000(ExpectedConditions.java:43)
	at org.openqa.selenium.support.ui.ExpectedConditions$7.apply(ExpectedConditions.java:205)
	at org.openqa.selenium.support.ui.ExpectedConditions$7.apply(ExpectedConditions.java:201)
	at org.openqa.selenium.support.ui.FluentWait.until(FluentWait.java:208)
	... 17 more
19-03-2018 17:12 ERROR - Place Order is not present - failed
19-03-2018 17:12 INFO  - search/PLP page is displayed - Pass
19-03-2018 17:12 INFO  - Search Count is displayed - Pass
19-03-2018 17:12 INFO  - search/PLP page is displayed - Pass
19-03-2018 17:12 INFO  - Search Count is displayed - Pass
19-03-2018 17:13 INFO  - http://m.lordandtaylor.com/ is opened - Pass
19-03-2018 17:13 INFO  - Click Search is clicked - Pass
19-03-2018 17:13 INFO  - shirts is entered in Search - Pass
19-03-2018 17:13 INFO  - PDP Page wait is displayed - Pass
19-03-2018 17:13 INFO  - scrolled to Scrolling - Pass
19-03-2018 17:13 INFO  - Colour Field present is displayed - Pass
19-03-2018 17:13 INFO  - PDP Page wait is displayed - Pass
19-03-2018 17:13 INFO  - Size field is displayed - Pass
19-03-2018 17:13 INFO  - scrolled to Add To Bag - Pass
19-03-2018 17:13 INFO  - Add To Bag Clicked is clicked - Pass
19-03-2018 17:13 INFO  - scrolled to Scrolling - Pass
19-03-2018 17:13 INFO  - Colour Field present is displayed - Pass
19-03-2018 17:13 INFO  - PDP overlay is displayed - Pass
19-03-2018 17:13 INFO  - Size field is displayed - Pass
19-03-2018 17:13 INFO  - Success Overlay is displayed - Pass
19-03-2018 17:13 INFO  - Success Overlay is displayed - Pass
19-03-2018 17:13 INFO  - scrolled to Add To Bag - Pass
19-03-2018 17:13 INFO  - Add To Bag Clicked is clicked - Pass
19-03-2018 17:13 INFO  - PDP overlay is displayed - Pass
19-03-2018 17:13 INFO  - Success Overlay is displayed - Pass
19-03-2018 17:13 INFO  - Success Overlay is displayed - Pass
19-03-2018 17:13 INFO  - search/PLP page is displayed - Pass
19-03-2018 17:13 INFO  - Search Count is displayed - Pass
19-03-2018 17:13 INFO  - Checkout Clicked is clicked - Pass
19-03-2018 17:13 INFO  - IS Cart page products is displayed is displayed - Pass
19-03-2018 17:13 INFO  - Is Cart page Displayed is displayed - Pass
19-03-2018 17:13 INFO  - Wait is displayed - Pass
19-03-2018 17:13 INFO  - scrolled to scroll to checkout - Pass
19-03-2018 17:13 INFO  - Click Checkout is clicked - Pass
19-03-2018 17:13 INFO  - Guest Checkout is displayed - Pass
19-03-2018 17:13 INFO  - scrolled to Guest Checkout - Pass
19-03-2018 17:13 INFO  - Guest Checkout is clicked - Pass
19-03-2018 17:13 INFO  - PDP Page wait is displayed - Pass
19-03-2018 17:13 INFO  - scrolled to Scrolling - Pass
19-03-2018 17:13 INFO  - Colour Field present is displayed - Pass
19-03-2018 17:13 INFO  - Size field is displayed - Pass
19-03-2018 17:13 INFO  - scrolled to Add To Bag - Pass
19-03-2018 17:13 INFO  - Add To Bag Clicked is clicked - Pass
19-03-2018 17:13 INFO  - PDP overlay is displayed - Pass
19-03-2018 17:13 INFO  - Success Overlay is displayed - Pass
19-03-2018 17:13 INFO  - Success Overlay is displayed - Pass
19-03-2018 17:13 INFO  - Checkout Clicked is clicked - Pass
19-03-2018 17:13 INFO  - IS Cart page products is displayed is displayed - Pass
19-03-2018 17:13 INFO  - Is Cart page Displayed is displayed - Pass
19-03-2018 17:13 INFO  - scrolled to BackToUSShipping - Pass
19-03-2018 17:13 INFO  - Guest Checkout is displayed - Pass
19-03-2018 17:13 INFO  - Guest checkout shipping screen is displayed on tapping guest chekout button is displayed - Pass
19-03-2018 17:13 INFO  - FirstName is entered in the field - Pass
19-03-2018 17:13 INFO  - SecondName is entered in the field - Pass
19-03-2018 17:13 INFO  - Address 1 is entered in the field - Pass
19-03-2018 17:13 INFO  - Address 2 is entered in the field - Pass
19-03-2018 17:13 INFO  - City is entered in the field - Pass
19-03-2018 17:13 INFO  - scrolled to Scrolling - Pass
19-03-2018 17:13 INFO  - Postal Code is entered in the field - Pass
19-03-2018 17:13 INFO  - PhoneNumber is entered in the field - Pass
19-03-2018 17:13 INFO  - Mail Address is entered in the field - Pass
19-03-2018 17:13 INFO  - Is Continue Checkout Button displayed is displayed - Pass
19-03-2018 17:13 INFO  - scrolled to Scroll to Continue Checkout Button - Pass
19-03-2018 17:13 INFO  - Click Continue checkout button is clicked - Pass
19-03-2018 17:13 INFO  - BackToUSShipping is clicked - Pass
19-03-2018 17:13 INFO  - Address Verification is displayed - Pass
19-03-2018 17:13 INFO  - scrolled to Clicked use as entered in address verification overlay - Pass
19-03-2018 17:13 INFO  - Wait is displayed - Pass
19-03-2018 17:13 INFO  - scrolled to scroll to checkout - Pass
19-03-2018 17:13 INFO  - Click Checkout is clicked - Pass
19-03-2018 17:13 INFO  - Guest Checkout is displayed - Pass
19-03-2018 17:13 INFO  - scrolled to Guest Checkout - Pass
19-03-2018 17:13 INFO  - Guest Checkout is clicked - Pass
19-03-2018 17:13 INFO  - Checkout Clicked is clicked - Pass
19-03-2018 17:13 INFO  - IS Cart page products is displayed is displayed - Pass
19-03-2018 17:13 INFO  - Is Cart page Displayed is displayed - Pass
19-03-2018 17:13 INFO  - Wait is displayed - Pass
19-03-2018 17:13 INFO  - scrolled to scroll to checkout - Pass
19-03-2018 17:13 INFO  - Click Checkout is clicked - Pass
19-03-2018 17:13 INFO  - Guest Checkout is displayed - Pass
19-03-2018 17:13 INFO  - scrolled to Guest Checkout - Pass
19-03-2018 17:13 INFO  - Guest Checkout is clicked - Pass
19-03-2018 17:13 ERROR - TimeoutException
org.openqa.selenium.TimeoutException: Expected condition failed: waiting for visibility of element located by By.id: pdpAddtoBagBtn (tried for 10 second(s) with 500 MILLISECONDS interval)
	at org.openqa.selenium.support.ui.WebDriverWait.timeoutException(WebDriverWait.java:82)
	at org.openqa.selenium.support.ui.FluentWait.until(FluentWait.java:231)
	at com.skava.framework.action.SeleniumActionEngine.explicitWaitforVisibility(SeleniumActionEngine.java:183)
	at com.skava.framework.action.SeleniumActionEngine.isElementDisplayed(SeleniumActionEngine.java:201)
	at com.skava.reusable.components.CheckoutComponents.addressVerification(CheckoutComponents.java:115)
	at com.skava.testcases.LT_1235_GuestCheckout_Payment_FiledCheck.LT_1235_GuestCheckout_Payment_FiledCheck(LT_1235_GuestCheckout_Payment_FiledCheck.java:40)
	at sun.reflect.NativeMethodAccessorImpl.invoke0(Native Method)
	at sun.reflect.NativeMethodAccessorImpl.invoke(Unknown Source)
	at sun.reflect.DelegatingMethodAccessorImpl.invoke(Unknown Source)
	at java.lang.reflect.Method.invoke(Unknown Source)
	at org.testng.internal.MethodInvocationHelper.invokeMethod(MethodInvocationHelper.java:108)
	at org.testng.internal.Invoker.invokeMethod(Invoker.java:669)
	at org.testng.internal.Invoker.invokeTestMethod(Invoker.java:877)
	at org.testng.internal.Invoker.invokeTestMethods(Invoker.java:1201)
	at org.testng.internal.TestMethodWorker.invokeTestMethods(TestMethodWorker.java:125)
	at org.testng.internal.TestMethodWorker.run(TestMethodWorker.java:109)
	at java.util.concurrent.ThreadPoolExecutor.runWorker(Unknown Source)
	at java.util.concurrent.ThreadPoolExecutor$Worker.run(Unknown Source)
	at java.lang.Thread.run(Unknown Source)
Caused by: org.openqa.selenium.NoSuchElementException: Cannot locate an element using By.id: pdpAddtoBagBtn
For documentation on this error, please visit: http://seleniumhq.org/exceptions/no_such_element.html
Build info: version: '3.2.0', revision: '8c03df6b79', time: '2017-02-23 10:51:31 +0000'
System info: host: 'DESKTOP-AQOISD1', ip: '192.168.234.84', os.name: 'Windows 10', os.arch: 'amd64', os.version: '10.0', java.version: '1.8.0_112'
Driver info: driver.version: unknown
	at org.openqa.selenium.support.ui.ExpectedConditions.lambda$findElement$0(ExpectedConditions.java:882)
	at java.util.Optional.orElseThrow(Unknown Source)
	at org.openqa.selenium.support.ui.ExpectedConditions.findElement(ExpectedConditions.java:881)
	at org.openqa.selenium.support.ui.ExpectedConditions.access$000(ExpectedConditions.java:43)
	at org.openqa.selenium.support.ui.ExpectedConditions$7.apply(ExpectedConditions.java:205)
	at org.openqa.selenium.support.ui.ExpectedConditions$7.apply(ExpectedConditions.java:201)
	at org.openqa.selenium.support.ui.FluentWait.until(FluentWait.java:208)
	... 17 more
19-03-2018 17:13 ERROR - wait is not present - failed
19-03-2018 17:13 INFO  - Clicked OK is displayed - Pass
19-03-2018 17:13 INFO  - Clicked OK is clicked - Pass
19-03-2018 17:13 INFO  - Guest Checkout is displayed - Pass
19-03-2018 17:13 INFO  - Guest checkout shipping screen is displayed on tapping guest chekout button is displayed - Pass
19-03-2018 17:13 INFO  - FirstName is entered in the field - Pass
19-03-2018 17:13 INFO  - SecondName is entered in the field - Pass
19-03-2018 17:13 INFO  - Address 1 is entered in the field - Pass
19-03-2018 17:13 INFO  - Address 2 is entered in the field - Pass
19-03-2018 17:13 INFO  - City is entered in the field - Pass
19-03-2018 17:13 INFO  - scrolled to Scrolling - Pass
19-03-2018 17:14 INFO  - Postal Code is entered in the field - Pass
19-03-2018 17:14 INFO  - PhoneNumber is entered in the field - Pass
19-03-2018 17:14 INFO  - Mail Address is entered in the field - Pass
19-03-2018 17:14 INFO  - Is Continue Checkout Button displayed is displayed - Pass
19-03-2018 17:14 INFO  - scrolled to Scroll to Continue Checkout Button - Pass
19-03-2018 17:14 INFO  - Place Order Page is displayed - Pass
19-03-2018 17:14 INFO  - Payment section is displayed - Pass
19-03-2018 17:14 INFO  - Click Continue checkout button is clicked - Pass
19-03-2018 17:14 INFO  - Payment section is displayed - Pass
19-03-2018 17:14 INFO  - scrolled to scroll to gift section - Pass
19-03-2018 17:14 INFO  - Payment gift card section is displayed - Pass
19-03-2018 17:14 INFO  - scrolled to scroll to promo code section - Pass
19-03-2018 17:14 INFO  - Payment promo code section is displayed - Pass
19-03-2018 17:14 INFO  - scrolled to scroll to create account section - Pass
19-03-2018 17:14 INFO  - Payment create account section is displayed - Pass
19-03-2018 17:14 INFO  - Guest Checkout is displayed - Pass
19-03-2018 17:14 INFO  - Guest checkout shipping screen is displayed on tapping guest chekout button is displayed - Pass
19-03-2018 17:14 INFO  - FirstName is entered in the field - Pass
19-03-2018 17:14 INFO  - SecondName is entered in the field - Pass
19-03-2018 17:14 INFO  - Address 1 is entered in the field - Pass
19-03-2018 17:14 INFO  - Address 2 is entered in the field - Pass
19-03-2018 17:14 INFO  - City is entered in the field - Pass
19-03-2018 17:14 INFO  - Address Verification is displayed - Pass
19-03-2018 17:14 INFO  - scrolled to Clicked use as entered in address verification overlay - Pass
19-03-2018 17:14 INFO  - scrolled to Scrolling - Pass
19-03-2018 17:14 INFO  - Postal Code is entered in the field - Pass
19-03-2018 17:14 INFO  - PhoneNumber is entered in the field - Pass
19-03-2018 17:14 INFO  - Mail Address is entered in the field - Pass
19-03-2018 17:14 INFO  - Is Continue Checkout Button displayed is displayed - Pass
19-03-2018 17:14 INFO  - scrolled to Scroll to Continue Checkout Button - Pass
19-03-2018 17:14 INFO  - Click Continue checkout button is clicked - Pass
19-03-2018 17:14 INFO  - Address Verification is displayed - Pass
19-03-2018 17:14 INFO  - scrolled to Clicked use as entered in address verification overlay - Pass
19-03-2018 17:14 ERROR - TimeoutException
org.openqa.selenium.TimeoutException: Expected condition failed: waiting for visibility of element located by By.id: pdpAddtoBagBtn (tried for 10 second(s) with 500 MILLISECONDS interval)
	at org.openqa.selenium.support.ui.WebDriverWait.timeoutException(WebDriverWait.java:82)
	at org.openqa.selenium.support.ui.FluentWait.until(FluentWait.java:231)
	at com.skava.framework.action.SeleniumActionEngine.explicitWaitforVisibility(SeleniumActionEngine.java:183)
	at com.skava.framework.action.SeleniumActionEngine.isElementDisplayed(SeleniumActionEngine.java:201)
	at com.skava.reusable.components.CheckoutComponents.addressVerification(CheckoutComponents.java:115)
	at com.skava.testcases.LT_1176_Review_Order_PlaceOrder_Button_Validation.LT_1176_Review_Order_PlaceOrder_Button_Validation(LT_1176_Review_Order_PlaceOrder_Button_Validation.java:40)
	at sun.reflect.NativeMethodAccessorImpl.invoke0(Native Method)
	at sun.reflect.NativeMethodAccessorImpl.invoke(Unknown Source)
	at sun.reflect.DelegatingMethodAccessorImpl.invoke(Unknown Source)
	at java.lang.reflect.Method.invoke(Unknown Source)
	at org.testng.internal.MethodInvocationHelper.invokeMethod(MethodInvocationHelper.java:108)
	at org.testng.internal.Invoker.invokeMethod(Invoker.java:669)
	at org.testng.internal.Invoker.invokeTestMethod(Invoker.java:877)
	at org.testng.internal.Invoker.invokeTestMethods(Invoker.java:1201)
	at org.testng.internal.TestMethodWorker.invokeTestMethods(TestMethodWorker.java:125)
	at org.testng.internal.TestMethodWorker.run(TestMethodWorker.java:109)
	at java.util.concurrent.ThreadPoolExecutor.runWorker(Unknown Source)
	at java.util.concurrent.ThreadPoolExecutor$Worker.run(Unknown Source)
	at java.lang.Thread.run(Unknown Source)
Caused by: org.openqa.selenium.NoSuchElementException: Cannot locate an element using By.id: pdpAddtoBagBtn
For documentation on this error, please visit: http://seleniumhq.org/exceptions/no_such_element.html
Build info: version: '3.2.0', revision: '8c03df6b79', time: '2017-02-23 10:51:31 +0000'
System info: host: 'DESKTOP-AQOISD1', ip: '192.168.234.84', os.name: 'Windows 10', os.arch: 'amd64', os.version: '10.0', java.version: '1.8.0_112'
Driver info: driver.version: unknown
	at org.openqa.selenium.support.ui.ExpectedConditions.lambda$findElement$0(ExpectedConditions.java:882)
	at java.util.Optional.orElseThrow(Unknown Source)
	at org.openqa.selenium.support.ui.ExpectedConditions.findElement(ExpectedConditions.java:881)
	at org.openqa.selenium.support.ui.ExpectedConditions.access$000(ExpectedConditions.java:43)
	at org.openqa.selenium.support.ui.ExpectedConditions$7.apply(ExpectedConditions.java:205)
	at org.openqa.selenium.support.ui.ExpectedConditions$7.apply(ExpectedConditions.java:201)
	at org.openqa.selenium.support.ui.FluentWait.until(FluentWait.java:208)
	... 17 more
19-03-2018 17:14 ERROR - wait is not present - failed
19-03-2018 17:14 INFO  - Clicked OK is displayed - Pass
19-03-2018 17:14 INFO  - Clicked OK is clicked - Pass
19-03-2018 17:14 ERROR - TimeoutException
org.openqa.selenium.TimeoutException: Expected condition failed: waiting for visibility of element located by By.id: pdpAddtoBagBtn (tried for 10 second(s) with 500 MILLISECONDS interval)
	at org.openqa.selenium.support.ui.WebDriverWait.timeoutException(WebDriverWait.java:82)
	at org.openqa.selenium.support.ui.FluentWait.until(FluentWait.java:231)
	at com.skava.framework.action.SeleniumActionEngine.explicitWaitforVisibility(SeleniumActionEngine.java:183)
	at com.skava.framework.action.SeleniumActionEngine.isElementDisplayed(SeleniumActionEngine.java:201)
	at com.skava.reusable.components.CheckoutComponents.addressVerification(CheckoutComponents.java:115)
	at com.skava.testcases.LT_1236_GuestCheckout_Payment_FieldCheck.LT_1236_GuestCheckout_Payment_FieldCheck(LT_1236_GuestCheckout_Payment_FieldCheck.java:40)
	at sun.reflect.NativeMethodAccessorImpl.invoke0(Native Method)
	at sun.reflect.NativeMethodAccessorImpl.invoke(Unknown Source)
	at sun.reflect.DelegatingMethodAccessorImpl.invoke(Unknown Source)
	at java.lang.reflect.Method.invoke(Unknown Source)
	at org.testng.internal.MethodInvocationHelper.invokeMethod(MethodInvocationHelper.java:108)
	at org.testng.internal.Invoker.invokeMethod(Invoker.java:669)
	at org.testng.internal.Invoker.invokeTestMethod(Invoker.java:877)
	at org.testng.internal.Invoker.invokeTestMethods(Invoker.java:1201)
	at org.testng.internal.TestMethodWorker.invokeTestMethods(TestMethodWorker.java:125)
	at org.testng.internal.TestMethodWorker.run(TestMethodWorker.java:109)
	at java.util.concurrent.ThreadPoolExecutor.runWorker(Unknown Source)
	at java.util.concurrent.ThreadPoolExecutor$Worker.run(Unknown Source)
	at java.lang.Thread.run(Unknown Source)
Caused by: org.openqa.selenium.NoSuchElementException: Cannot locate an element using By.id: pdpAddtoBagBtn
For documentation on this error, please visit: http://seleniumhq.org/exceptions/no_such_element.html
Build info: version: '3.2.0', revision: '8c03df6b79', time: '2017-02-23 10:51:31 +0000'
System info: host: 'DESKTOP-AQOISD1', ip: '192.168.234.84', os.name: 'Windows 10', os.arch: 'amd64', os.version: '10.0', java.version: '1.8.0_112'
Driver info: driver.version: unknown
	at org.openqa.selenium.support.ui.ExpectedConditions.lambda$findElement$0(ExpectedConditions.java:882)
	at java.util.Optional.orElseThrow(Unknown Source)
	at org.openqa.selenium.support.ui.ExpectedConditions.findElement(ExpectedConditions.java:881)
	at org.openqa.selenium.support.ui.ExpectedConditions.access$000(ExpectedConditions.java:43)
	at org.openqa.selenium.support.ui.ExpectedConditions$7.apply(ExpectedConditions.java:205)
	at org.openqa.selenium.support.ui.ExpectedConditions$7.apply(ExpectedConditions.java:201)
	at org.openqa.selenium.support.ui.FluentWait.until(FluentWait.java:208)
	... 17 more
19-03-2018 17:14 ERROR - wait is not present - failed
19-03-2018 17:14 INFO  - Clicked OK is displayed - Pass
19-03-2018 17:14 INFO  - Clicked OK is clicked - Pass
19-03-2018 17:14 INFO  - Place Order Page is displayed - Pass
19-03-2018 17:14 INFO  - Payment Details is displayed - Pass
19-03-2018 17:14 INFO  - Enter Credit card  Number is entered in the field - Pass
19-03-2018 17:14 INFO  - Enter Credit card name is entered in the field - Pass
19-03-2018 17:14 INFO  - Enter CVV Num is entered in the field - Pass
19-03-2018 17:14 INFO  - Is Continue Checkout Button displayed is displayed - Pass
19-03-2018 17:14 INFO  - scrolled to Scroll to Continue Checkout Button - Pass
19-03-2018 17:14 INFO  - Click Continue checkout button is clicked - Pass
19-03-2018 17:14 INFO  - Place Order Page is displayed - Pass
19-03-2018 17:14 INFO  - Payment section is displayed - Pass
19-03-2018 17:14 INFO  - Payment section is displayed - Pass
19-03-2018 17:14 INFO  - Payment type is displayed - Pass
19-03-2018 17:14 INFO  - Card no  is displayed - Pass
19-03-2018 17:14 INFO  - Card name  is displayed - Pass
19-03-2018 17:14 INFO  - Card  exp month is displayed - Pass
19-03-2018 17:14 INFO  - Card  exp year is displayed - Pass
19-03-2018 17:14 INFO  - Card  CVV is displayed - Pass
19-03-2018 17:14 INFO  - scrolled to scroll to gift section - Pass
19-03-2018 17:14 INFO  - Payment gift card section is displayed - Pass
19-03-2018 17:14 INFO  - Gift Card No is displayed - Pass
19-03-2018 17:14 INFO  - Gift Card Pin is displayed - Pass
19-03-2018 17:14 INFO  - scrolled to scroll to promo code section - Pass
19-03-2018 17:14 INFO  - Payment promo code section is displayed - Pass
19-03-2018 17:14 INFO  - Promo code field is displayed - Pass
19-03-2018 17:14 INFO  - scrolled to scroll to create account section - Pass
19-03-2018 17:14 INFO  - Payment create account section is displayed - Pass
19-03-2018 17:14 INFO  - Account password field is displayed - Pass
19-03-2018 17:14 INFO  - Account confirm password field is displayed - Pass
19-03-2018 17:14 INFO  - Account password hint field is displayed - Pass
19-03-2018 17:14 INFO  - Review Order Page is displayed - Pass
19-03-2018 17:14 INFO  - Billing Addrs field in Review Order Page is displayed - Pass
19-03-2018 17:14 INFO  - Payment field in Review Order Page is displayed - Pass
19-03-2018 17:14 INFO  - scrolled to Scrolling - Pass
19-03-2018 17:14 INFO  - Shipping Addrs field in Review Order Page is displayed - Pass
19-03-2018 17:14 INFO  - Order Summary field in Review Order Page is displayed - Pass
19-03-2018 17:14 INFO  - Place Order is displayed - Pass
