20-03-2018 13:02 INFO  - http://m.lordandtaylor.com/ is opened - Pass
20-03-2018 13:02 INFO  - Wait to get site Loaded is displayed - Pass
20-03-2018 13:02 INFO  - Click Menu is clicked - Pass
20-03-2018 13:02 INFO  - Menu Closed is clicked - Pass
20-03-2018 13:02 INFO  - http://m.lordandtaylor.com/ is opened - Pass
20-03-2018 13:02 INFO  - Carousel Banner Check is displayed - Pass
20-03-2018 13:02 INFO  - Carousel Banner Check is displayed - Pass
20-03-2018 13:02 INFO  - http://m.lordandtaylor.com/ is opened - Pass
20-03-2018 13:02 INFO  - Carousel Banner Check is displayed - Pass
20-03-2018 13:02 INFO  - Carousel Banner Check is displayed - Pass
20-03-2018 13:02 INFO  - PDP Page wait is displayed - Pass
20-03-2018 13:02 INFO  - http://m.lordandtaylor.com/ is opened - Pass
20-03-2018 13:02 INFO  - Footer Container is displayed - Pass
20-03-2018 13:02 INFO  - scrolled to Scroll to Footer - Pass
20-03-2018 13:02 INFO  - Call & Email Link is displayed - Pass
20-03-2018 13:02 INFO  - signUpForDailyEmails is displayed - Pass
20-03-2018 13:02 INFO  - Social Share Icons is displayed - Pass
20-03-2018 13:02 INFO  - Accordion Menus is displayed - Pass
20-03-2018 13:02 INFO  - SignUpForSms is displayed - Pass
20-03-2018 13:02 INFO  - copyRight is displayed - Pass
20-03-2018 13:02 INFO  - PrivacyPolicy is displayed - Pass
20-03-2018 13:02 INFO  - http://m.lordandtaylor.com/ is opened - Pass
20-03-2018 13:02 INFO  - search/PLP page is displayed - Pass
20-03-2018 13:02 INFO  - http://m.lordandtaylor.com/ is opened - Pass
20-03-2018 13:02 INFO  - http://m.lordandtaylor.com/ is opened - Pass
20-03-2018 13:02 INFO  - Click Search is clicked - Pass
20-03-2018 13:02 INFO  - Search is entered in the field - Pass
20-03-2018 13:02 INFO  - Click Promo is clicked - Pass
20-03-2018 13:02 INFO  - Promo Page is displayed - Pass
20-03-2018 13:02 INFO  - Search Suggesion Displayed is displayed - Pass
20-03-2018 13:02 INFO  - http://m.lordandtaylor.com/ is opened - Pass
20-03-2018 13:02 INFO  - Click Search is clicked - Pass
20-03-2018 13:02 INFO  - http://m.lordandtaylor.com/ is opened - Pass
20-03-2018 13:02 INFO  - Shirts is entered in Search - Pass
20-03-2018 13:02 INFO  - Click Search is clicked - Pass
20-03-2018 13:02 INFO  - Search is entered in the field - Pass
20-03-2018 13:02 INFO  - Search Suggesion Displayed is displayed - Pass
20-03-2018 13:02 INFO  - Search Suggesion Displayed is displayed - Pass
20-03-2018 13:03 INFO  - search/PLP page is displayed - Pass
20-03-2018 13:03 INFO  - Search Count is displayed - Pass
20-03-2018 13:03 INFO  - PDP Page wait is displayed - Pass
20-03-2018 13:03 INFO  - PDP Page wait is displayed - Pass
20-03-2018 13:03 INFO  - PLP page is displayed - Pass
20-03-2018 13:03 INFO  - Click Cart is clicked - Pass
20-03-2018 13:03 INFO  - Cart wrapper Opened is displayed - Pass
20-03-2018 13:03 INFO  - Cart Empty Text is displayed - Pass
20-03-2018 13:03 INFO  - http://m.lordandtaylor.com/ is opened - Pass
20-03-2018 13:03 INFO  - Wait to get site Loaded is displayed - Pass
20-03-2018 13:03 INFO  - Click Menu is clicked - Pass
20-03-2018 13:03 INFO  - http://m.lordandtaylor.com/ is opened - Pass
20-03-2018 13:03 INFO  - Wait to get site Loaded is displayed - Pass
20-03-2018 13:03 INFO  - Click Menu is clicked - Pass
20-03-2018 13:03 INFO  - Selecting Brand Category from pancake is clicked - Pass
20-03-2018 13:03 INFO  - Selecting Brand Sub category is clicked - Pass
20-03-2018 13:03 INFO  - Selecting Brand Category from pancake is clicked - Pass
20-03-2018 13:03 INFO  - Selecting Brand Sub category is clicked - Pass
20-03-2018 13:03 INFO  - Back To Homepage is clicked - Pass
20-03-2018 13:03 INFO  - Brands page is displayed - Pass
20-03-2018 13:03 INFO  - Brands page is displayed - Pass
20-03-2018 13:03 INFO  - Brands page is displayed - Pass
20-03-2018 13:03 INFO  - Brand PLP page is displayed - Pass
20-03-2018 13:03 INFO  - Product List Page is displayed - Pass
20-03-2018 13:03 INFO  - Product Image is displayed - Pass
20-03-2018 13:03 INFO  - Product NameList is displayed - Pass
20-03-2018 13:03 INFO  - Product Description is displayed - Pass
20-03-2018 13:03 INFO  - Product Price is displayed - Pass
20-03-2018 13:03 INFO  - http://m.lordandtaylor.com/ is opened - Pass
20-03-2018 13:03 INFO  - Click Search is clicked - Pass
20-03-2018 13:03 INFO  - Shirts is entered in Search - Pass
20-03-2018 13:03 INFO  - http://m.lordandtaylor.com/ is opened - Pass
20-03-2018 13:03 INFO  - Click Search is clicked - Pass
20-03-2018 13:03 INFO  - Shirts is entered in Search - Pass
20-03-2018 13:03 INFO  - search/PLP page is displayed - Pass
20-03-2018 13:03 INFO  - Search Count is displayed - Pass
20-03-2018 13:03 INFO  - Product List Page is displayed - Pass
20-03-2018 13:03 INFO  - http://m.lordandtaylor.com/ is opened - Pass
20-03-2018 13:03 INFO  - Product Image is displayed - Pass
20-03-2018 13:03 INFO  - Wait to get site Loaded is displayed - Pass
20-03-2018 13:03 INFO  - Product NameList is displayed - Pass
20-03-2018 13:03 INFO  - Product Description is displayed - Pass
20-03-2018 13:03 INFO  - Click Menu is clicked - Pass
20-03-2018 13:03 INFO  - Product Price is displayed - Pass
20-03-2018 13:03 INFO  - scrolled to Menu scroll - Pass
20-03-2018 13:03 INFO  - Menu Clicked is clicked - Pass
20-03-2018 13:03 INFO  - scrolled to Menu sub scroll - Pass
20-03-2018 13:03 INFO  - Sub Menu Clicked is clicked - Pass
20-03-2018 13:03 INFO  - scrolled to Menu sub cat scroll - Pass
20-03-2018 13:03 INFO  - search/PLP page is displayed - Pass
20-03-2018 13:03 INFO  - Search Count is displayed - Pass
20-03-2018 13:03 INFO  - Products displayed in PLP Page is displayed - Pass
20-03-2018 13:03 INFO  - Back To Top is displayed - Pass
20-03-2018 13:03 INFO  - Back To Top is clicked - Pass
20-03-2018 13:03 INFO  - Wait is displayed - Pass
20-03-2018 13:03 INFO  - Sub Menu2 Clicked is clicked - Pass
20-03-2018 13:03 INFO  - Product List Page is displayed - Pass
20-03-2018 13:03 INFO  - Product Image is displayed - Pass
20-03-2018 13:03 INFO  - Product NameList is displayed - Pass
20-03-2018 13:03 INFO  - Product Description is displayed - Pass
20-03-2018 13:03 INFO  - Product Price is displayed - Pass
20-03-2018 13:03 INFO  - Bread Crumb is displayed - Pass
20-03-2018 13:03 INFO  - http://m.lordandtaylor.com/ is opened - Pass
20-03-2018 13:03 INFO  - Click Search is clicked - Pass
20-03-2018 13:03 INFO  - lipstick is entered in Search - Pass
20-03-2018 13:04 INFO  - http://m.lordandtaylor.com/ is opened - Pass
20-03-2018 13:04 INFO  - Click Search is clicked - Pass
20-03-2018 13:04 INFO  - Shoes is entered in Search - Pass
20-03-2018 13:04 INFO  - http://m.lordandtaylor.com/ is opened - Pass
20-03-2018 13:04 INFO  - Click Search is clicked - Pass
20-03-2018 13:04 INFO  - Shirts is entered in Search - Pass
20-03-2018 13:04 INFO  - search/PLP page is displayed - Pass
20-03-2018 13:04 INFO  - Search Count is displayed - Pass
20-03-2018 13:04 INFO  - Sorting Clicked is clicked - Pass
20-03-2018 13:04 INFO  - Refine is displayed - Pass
20-03-2018 13:04 INFO  - search/PLP page is displayed - Pass
20-03-2018 13:04 INFO  - Search Count is displayed - Pass
20-03-2018 13:04 INFO  - Wait Bag Qty is displayed - Pass
20-03-2018 13:04 INFO  - search/PLP page is displayed - Pass
20-03-2018 13:04 INFO  - Search Count is displayed - Pass
20-03-2018 13:04 INFO  - Product List Page is displayed - Pass
20-03-2018 13:04 INFO  - Product Image is displayed - Pass
20-03-2018 13:04 INFO  - Product NameList is displayed - Pass
20-03-2018 13:04 INFO  - Product Description is displayed - Pass
20-03-2018 13:04 INFO  - Product Price is displayed - Pass
20-03-2018 13:04 INFO  - Wait Bag Qty is displayed - Pass
20-03-2018 13:04 INFO  -  Sort and filter button click is clicked - Pass
20-03-2018 13:04 INFO  - Wait Bag Qty is displayed - Pass
20-03-2018 13:04 INFO  - http://m.lordandtaylor.com/ is opened - Pass
20-03-2018 13:04 INFO  - Click Search is clicked - Pass
20-03-2018 13:04 INFO  - Shirts is entered in Search - Pass
20-03-2018 13:04 ERROR - TimeoutException
org.openqa.selenium.TimeoutException: Expected condition failed: waiting for visibility of element located by By.id: pdpAddtoBagBtn (tried for 5 second(s) with 500 MILLISECONDS interval)
	at org.openqa.selenium.support.ui.WebDriverWait.timeoutException(WebDriverWait.java:82)
	at org.openqa.selenium.support.ui.FluentWait.until(FluentWait.java:231)
	at com.skava.framework.action.SeleniumActionEngine.explicitWaitforVisibility(SeleniumActionEngine.java:183)
	at com.skava.reusable.components.PLPandPDPComponents.sort_ApplyFilter(PLPandPDPComponents.java:618)
	at com.skava.testcases.LT_383_Sort_ApplyFilter.LT_383_Sort_ApplyFilter(LT_383_Sort_ApplyFilter.java:27)
	at sun.reflect.NativeMethodAccessorImpl.invoke0(Native Method)
	at sun.reflect.NativeMethodAccessorImpl.invoke(Unknown Source)
	at sun.reflect.DelegatingMethodAccessorImpl.invoke(Unknown Source)
	at java.lang.reflect.Method.invoke(Unknown Source)
	at org.testng.internal.MethodInvocationHelper.invokeMethod(MethodInvocationHelper.java:108)
	at org.testng.internal.Invoker.invokeMethod(Invoker.java:669)
	at org.testng.internal.Invoker.invokeTestMethod(Invoker.java:877)
	at org.testng.internal.Invoker.invokeTestMethods(Invoker.java:1201)
	at org.testng.internal.TestMethodWorker.invokeTestMethods(TestMethodWorker.java:125)
	at org.testng.internal.TestMethodWorker.run(TestMethodWorker.java:109)
	at java.util.concurrent.ThreadPoolExecutor.runWorker(Unknown Source)
	at java.util.concurrent.ThreadPoolExecutor$Worker.run(Unknown Source)
	at java.lang.Thread.run(Unknown Source)
Caused by: org.openqa.selenium.NoSuchElementException: Cannot locate an element using By.id: pdpAddtoBagBtn
For documentation on this error, please visit: http://seleniumhq.org/exceptions/no_such_element.html
Build info: version: '3.2.0', revision: '8c03df6b79', time: '2017-02-23 10:51:31 +0000'
System info: host: 'DESKTOP-AQOISD1', ip: '192.168.234.84', os.name: 'Windows 10', os.arch: 'amd64', os.version: '10.0', java.version: '1.8.0_112'
Driver info: driver.version: unknown
	at org.openqa.selenium.support.ui.ExpectedConditions.lambda$findElement$0(ExpectedConditions.java:882)
	at java.util.Optional.orElseThrow(Unknown Source)
	at org.openqa.selenium.support.ui.ExpectedConditions.findElement(ExpectedConditions.java:881)
	at org.openqa.selenium.support.ui.ExpectedConditions.access$000(ExpectedConditions.java:43)
	at org.openqa.selenium.support.ui.ExpectedConditions$7.apply(ExpectedConditions.java:205)
	at org.openqa.selenium.support.ui.ExpectedConditions$7.apply(ExpectedConditions.java:201)
	at org.openqa.selenium.support.ui.FluentWait.until(FluentWait.java:208)
	... 16 more
20-03-2018 13:04 ERROR - Wait is not present - failed
20-03-2018 13:04 INFO  -  Sort and filter button click is clicked - Pass
20-03-2018 13:04 INFO  - Wait Bag Qty is displayed - Pass
20-03-2018 13:04 INFO  - Apply button is displayed on selecting the category is displayed - Pass
20-03-2018 13:04 INFO  - scrolled to Scroll to apply - Pass
20-03-2018 13:04 INFO  - Click apply button is clicked - Pass
20-03-2018 13:04 INFO  - PLP page is displayed after sorting is displayed - Pass
20-03-2018 13:04 INFO  - search/PLP page is displayed - Pass
20-03-2018 13:04 INFO  - Search Count is displayed - Pass
20-03-2018 13:04 INFO  - PLP page is displayed after sorting is displayed - Pass
20-03-2018 13:04 INFO  - Wait Bag Qty is displayed - Pass
20-03-2018 13:04 ERROR - TimeoutException
org.openqa.selenium.TimeoutException: Expected condition failed: waiting for visibility of element located by By.id: pdpAddtoBagBtn (tried for 5 second(s) with 500 MILLISECONDS interval)
	at org.openqa.selenium.support.ui.WebDriverWait.timeoutException(WebDriverWait.java:82)
	at org.openqa.selenium.support.ui.FluentWait.until(FluentWait.java:231)
	at com.skava.framework.action.SeleniumActionEngine.explicitWaitforVisibility(SeleniumActionEngine.java:183)
	at com.skava.reusable.components.PLPandPDPComponents.sort_ApplyFilter(PLPandPDPComponents.java:618)
	at com.skava.testcases.LT_387_SortClearAll.LT_387_Sort_ClearAll(LT_387_SortClearAll.java:28)
	at sun.reflect.NativeMethodAccessorImpl.invoke0(Native Method)
	at sun.reflect.NativeMethodAccessorImpl.invoke(Unknown Source)
	at sun.reflect.DelegatingMethodAccessorImpl.invoke(Unknown Source)
	at java.lang.reflect.Method.invoke(Unknown Source)
	at org.testng.internal.MethodInvocationHelper.invokeMethod(MethodInvocationHelper.java:108)
	at org.testng.internal.Invoker.invokeMethod(Invoker.java:669)
	at org.testng.internal.Invoker.invokeTestMethod(Invoker.java:877)
	at org.testng.internal.Invoker.invokeTestMethods(Invoker.java:1201)
	at org.testng.internal.TestMethodWorker.invokeTestMethods(TestMethodWorker.java:125)
	at org.testng.internal.TestMethodWorker.run(TestMethodWorker.java:109)
	at java.util.concurrent.ThreadPoolExecutor.runWorker(Unknown Source)
	at java.util.concurrent.ThreadPoolExecutor$Worker.run(Unknown Source)
	at java.lang.Thread.run(Unknown Source)
Caused by: org.openqa.selenium.NoSuchElementException: Cannot locate an element using By.id: pdpAddtoBagBtn
For documentation on this error, please visit: http://seleniumhq.org/exceptions/no_such_element.html
Build info: version: '3.2.0', revision: '8c03df6b79', time: '2017-02-23 10:51:31 +0000'
System info: host: 'DESKTOP-AQOISD1', ip: '192.168.234.84', os.name: 'Windows 10', os.arch: 'amd64', os.version: '10.0', java.version: '1.8.0_112'
Driver info: driver.version: unknown
	at org.openqa.selenium.support.ui.ExpectedConditions.lambda$findElement$0(ExpectedConditions.java:882)
	at java.util.Optional.orElseThrow(Unknown Source)
	at org.openqa.selenium.support.ui.ExpectedConditions.findElement(ExpectedConditions.java:881)
	at org.openqa.selenium.support.ui.ExpectedConditions.access$000(ExpectedConditions.java:43)
	at org.openqa.selenium.support.ui.ExpectedConditions$7.apply(ExpectedConditions.java:205)
	at org.openqa.selenium.support.ui.ExpectedConditions$7.apply(ExpectedConditions.java:201)
	at org.openqa.selenium.support.ui.FluentWait.until(FluentWait.java:208)
	... 16 more
20-03-2018 13:04 ERROR - Wait is not present - failed
20-03-2018 13:04 INFO  -  Sort and filter button click is clicked - Pass
20-03-2018 13:04 INFO  - Wait Bag Qty is displayed - Pass
20-03-2018 13:04 ERROR - TimeoutException
org.openqa.selenium.TimeoutException: Expected condition failed: waiting for visibility of element located by By.id: pdpAddtoBagBtn (tried for 10 second(s) with 500 MILLISECONDS interval)
	at org.openqa.selenium.support.ui.WebDriverWait.timeoutException(WebDriverWait.java:82)
	at org.openqa.selenium.support.ui.FluentWait.until(FluentWait.java:231)
	at com.skava.framework.action.SeleniumActionEngine.explicitWaitforVisibility(SeleniumActionEngine.java:183)
	at com.skava.reusable.components.PLPandPDPComponents.sort_ApplyFilter(PLPandPDPComponents.java:652)
	at com.skava.testcases.LT_383_Sort_ApplyFilter.LT_383_Sort_ApplyFilter(LT_383_Sort_ApplyFilter.java:27)
	at sun.reflect.NativeMethodAccessorImpl.invoke0(Native Method)
	at sun.reflect.NativeMethodAccessorImpl.invoke(Unknown Source)
	at sun.reflect.DelegatingMethodAccessorImpl.invoke(Unknown Source)
	at java.lang.reflect.Method.invoke(Unknown Source)
	at org.testng.internal.MethodInvocationHelper.invokeMethod(MethodInvocationHelper.java:108)
	at org.testng.internal.Invoker.invokeMethod(Invoker.java:669)
	at org.testng.internal.Invoker.invokeTestMethod(Invoker.java:877)
	at org.testng.internal.Invoker.invokeTestMethods(Invoker.java:1201)
	at org.testng.internal.TestMethodWorker.invokeTestMethods(TestMethodWorker.java:125)
	at org.testng.internal.TestMethodWorker.run(TestMethodWorker.java:109)
	at java.util.concurrent.ThreadPoolExecutor.runWorker(Unknown Source)
	at java.util.concurrent.ThreadPoolExecutor$Worker.run(Unknown Source)
	at java.lang.Thread.run(Unknown Source)
Caused by: org.openqa.selenium.NoSuchElementException: Cannot locate an element using By.id: pdpAddtoBagBtn
For documentation on this error, please visit: http://seleniumhq.org/exceptions/no_such_element.html
Build info: version: '3.2.0', revision: '8c03df6b79', time: '2017-02-23 10:51:31 +0000'
System info: host: 'DESKTOP-AQOISD1', ip: '192.168.234.84', os.name: 'Windows 10', os.arch: 'amd64', os.version: '10.0', java.version: '1.8.0_112'
Driver info: driver.version: unknown
	at org.openqa.selenium.support.ui.ExpectedConditions.lambda$findElement$0(ExpectedConditions.java:882)
	at java.util.Optional.orElseThrow(Unknown Source)
	at org.openqa.selenium.support.ui.ExpectedConditions.findElement(ExpectedConditions.java:881)
	at org.openqa.selenium.support.ui.ExpectedConditions.access$000(ExpectedConditions.java:43)
	at org.openqa.selenium.support.ui.ExpectedConditions$7.apply(ExpectedConditions.java:205)
	at org.openqa.selenium.support.ui.ExpectedConditions$7.apply(ExpectedConditions.java:201)
	at org.openqa.selenium.support.ui.FluentWait.until(FluentWait.java:208)
	... 16 more
20-03-2018 13:04 ERROR - Wait is not present - failed
20-03-2018 13:04 INFO  - PLP page is displayed after sorting is displayed - Pass
20-03-2018 13:04 INFO  - PLP page is displayed after sorting is displayed - Pass
20-03-2018 13:04 INFO  - Apply button is displayed on selecting the category is displayed - Pass
20-03-2018 13:04 INFO  - scrolled to Scroll to apply - Pass
20-03-2018 13:04 INFO  - Click apply button is clicked - Pass
20-03-2018 13:04 INFO  - http://m.lordandtaylor.com/ is opened - Pass
20-03-2018 13:04 INFO  - Click Search is clicked - Pass
20-03-2018 13:04 INFO  - Shoes is entered in Search - Pass
20-03-2018 13:04 ERROR - TimeoutException
org.openqa.selenium.TimeoutException: Expected condition failed: waiting for visibility of element located by By.id: pdpAddtoBagBtn (tried for 5 second(s) with 500 MILLISECONDS interval)
	at org.openqa.selenium.support.ui.WebDriverWait.timeoutException(WebDriverWait.java:82)
	at org.openqa.selenium.support.ui.FluentWait.until(FluentWait.java:231)
	at com.skava.framework.action.SeleniumActionEngine.explicitWaitforVisibility(SeleniumActionEngine.java:183)
	at com.skava.reusable.components.PLPandPDPComponents.sort_ApplyFilter(PLPandPDPComponents.java:659)
	at com.skava.testcases.LT_383_Sort_ApplyFilter.LT_383_Sort_ApplyFilter(LT_383_Sort_ApplyFilter.java:27)
	at sun.reflect.NativeMethodAccessorImpl.invoke0(Native Method)
	at sun.reflect.NativeMethodAccessorImpl.invoke(Unknown Source)
	at sun.reflect.DelegatingMethodAccessorImpl.invoke(Unknown Source)
	at java.lang.reflect.Method.invoke(Unknown Source)
	at org.testng.internal.MethodInvocationHelper.invokeMethod(MethodInvocationHelper.java:108)
	at org.testng.internal.Invoker.invokeMethod(Invoker.java:669)
	at org.testng.internal.Invoker.invokeTestMethod(Invoker.java:877)
	at org.testng.internal.Invoker.invokeTestMethods(Invoker.java:1201)
	at org.testng.internal.TestMethodWorker.invokeTestMethods(TestMethodWorker.java:125)
	at org.testng.internal.TestMethodWorker.run(TestMethodWorker.java:109)
	at java.util.concurrent.ThreadPoolExecutor.runWorker(Unknown Source)
	at java.util.concurrent.ThreadPoolExecutor$Worker.run(Unknown Source)
	at java.lang.Thread.run(Unknown Source)
Caused by: org.openqa.selenium.NoSuchElementException: Cannot locate an element using By.id: pdpAddtoBagBtn
For documentation on this error, please visit: http://seleniumhq.org/exceptions/no_such_element.html
Build info: version: '3.2.0', revision: '8c03df6b79', time: '2017-02-23 10:51:31 +0000'
System info: host: 'DESKTOP-AQOISD1', ip: '192.168.234.84', os.name: 'Windows 10', os.arch: 'amd64', os.version: '10.0', java.version: '1.8.0_112'
Driver info: driver.version: unknown
	at org.openqa.selenium.support.ui.ExpectedConditions.lambda$findElement$0(ExpectedConditions.java:882)
	at java.util.Optional.orElseThrow(Unknown Source)
	at org.openqa.selenium.support.ui.ExpectedConditions.findElement(ExpectedConditions.java:881)
	at org.openqa.selenium.support.ui.ExpectedConditions.access$000(ExpectedConditions.java:43)
	at org.openqa.selenium.support.ui.ExpectedConditions$7.apply(ExpectedConditions.java:205)
	at org.openqa.selenium.support.ui.ExpectedConditions$7.apply(ExpectedConditions.java:201)
	at org.openqa.selenium.support.ui.FluentWait.until(FluentWait.java:208)
	... 16 more
20-03-2018 13:04 ERROR - Wait is not present - failed
20-03-2018 13:04 INFO  - search/PLP page is displayed - Pass
20-03-2018 13:04 INFO  - Search Count is displayed - Pass
20-03-2018 13:04 ERROR - TimeoutException
org.openqa.selenium.TimeoutException: Expected condition failed: waiting for visibility of element located by By.id: pdpAddtoBagBtn (tried for 10 second(s) with 500 MILLISECONDS interval)
	at org.openqa.selenium.support.ui.WebDriverWait.timeoutException(WebDriverWait.java:82)
	at org.openqa.selenium.support.ui.FluentWait.until(FluentWait.java:231)
	at com.skava.framework.action.SeleniumActionEngine.explicitWaitforVisibility(SeleniumActionEngine.java:183)
	at com.skava.reusable.components.PLPandPDPComponents.sort_ApplyFilter(PLPandPDPComponents.java:652)
	at com.skava.testcases.LT_387_SortClearAll.LT_387_Sort_ClearAll(LT_387_SortClearAll.java:28)
	at sun.reflect.NativeMethodAccessorImpl.invoke0(Native Method)
	at sun.reflect.NativeMethodAccessorImpl.invoke(Unknown Source)
	at sun.reflect.DelegatingMethodAccessorImpl.invoke(Unknown Source)
	at java.lang.reflect.Method.invoke(Unknown Source)
	at org.testng.internal.MethodInvocationHelper.invokeMethod(MethodInvocationHelper.java:108)
	at org.testng.internal.Invoker.invokeMethod(Invoker.java:669)
	at org.testng.internal.Invoker.invokeTestMethod(Invoker.java:877)
	at org.testng.internal.Invoker.invokeTestMethods(Invoker.java:1201)
	at org.testng.internal.TestMethodWorker.invokeTestMethods(TestMethodWorker.java:125)
	at org.testng.internal.TestMethodWorker.run(TestMethodWorker.java:109)
	at java.util.concurrent.ThreadPoolExecutor.runWorker(Unknown Source)
	at java.util.concurrent.ThreadPoolExecutor$Worker.run(Unknown Source)
	at java.lang.Thread.run(Unknown Source)
Caused by: org.openqa.selenium.NoSuchElementException: Cannot locate an element using By.id: pdpAddtoBagBtn
For documentation on this error, please visit: http://seleniumhq.org/exceptions/no_such_element.html
Build info: version: '3.2.0', revision: '8c03df6b79', time: '2017-02-23 10:51:31 +0000'
System info: host: 'DESKTOP-AQOISD1', ip: '192.168.234.84', os.name: 'Windows 10', os.arch: 'amd64', os.version: '10.0', java.version: '1.8.0_112'
Driver info: driver.version: unknown
	at org.openqa.selenium.support.ui.ExpectedConditions.lambda$findElement$0(ExpectedConditions.java:882)
	at java.util.Optional.orElseThrow(Unknown Source)
	at org.openqa.selenium.support.ui.ExpectedConditions.findElement(ExpectedConditions.java:881)
	at org.openqa.selenium.support.ui.ExpectedConditions.access$000(ExpectedConditions.java:43)
	at org.openqa.selenium.support.ui.ExpectedConditions$7.apply(ExpectedConditions.java:205)
	at org.openqa.selenium.support.ui.ExpectedConditions$7.apply(ExpectedConditions.java:201)
	at org.openqa.selenium.support.ui.FluentWait.until(FluentWait.java:208)
	... 16 more
20-03-2018 13:04 ERROR - Wait is not present - failed
20-03-2018 13:04 INFO  - PLP page is displayed after sorting is displayed - Pass
20-03-2018 13:04 INFO  - PLP page is displayed after sorting is displayed - Pass
20-03-2018 13:04 INFO  - PDP Page wait is displayed - Pass
20-03-2018 13:04 INFO  - PDP Page wait is displayed - Pass
20-03-2018 13:05 ERROR - TimeoutException
org.openqa.selenium.TimeoutException: Expected condition failed: waiting for visibility of element located by By.id: pdpAddtoBagBtn (tried for 5 second(s) with 500 MILLISECONDS interval)
	at org.openqa.selenium.support.ui.WebDriverWait.timeoutException(WebDriverWait.java:82)
	at org.openqa.selenium.support.ui.FluentWait.until(FluentWait.java:231)
	at com.skava.framework.action.SeleniumActionEngine.explicitWaitforVisibility(SeleniumActionEngine.java:183)
	at com.skava.reusable.components.PLPandPDPComponents.sort_ApplyFilter(PLPandPDPComponents.java:659)
	at com.skava.testcases.LT_387_SortClearAll.LT_387_Sort_ClearAll(LT_387_SortClearAll.java:28)
	at sun.reflect.NativeMethodAccessorImpl.invoke0(Native Method)
	at sun.reflect.NativeMethodAccessorImpl.invoke(Unknown Source)
	at sun.reflect.DelegatingMethodAccessorImpl.invoke(Unknown Source)
	at java.lang.reflect.Method.invoke(Unknown Source)
	at org.testng.internal.MethodInvocationHelper.invokeMethod(MethodInvocationHelper.java:108)
	at org.testng.internal.Invoker.invokeMethod(Invoker.java:669)
	at org.testng.internal.Invoker.invokeTestMethod(Invoker.java:877)
	at org.testng.internal.Invoker.invokeTestMethods(Invoker.java:1201)
	at org.testng.internal.TestMethodWorker.invokeTestMethods(TestMethodWorker.java:125)
	at org.testng.internal.TestMethodWorker.run(TestMethodWorker.java:109)
	at java.util.concurrent.ThreadPoolExecutor.runWorker(Unknown Source)
	at java.util.concurrent.ThreadPoolExecutor$Worker.run(Unknown Source)
	at java.lang.Thread.run(Unknown Source)
Caused by: org.openqa.selenium.NoSuchElementException: Cannot locate an element using By.id: pdpAddtoBagBtn
For documentation on this error, please visit: http://seleniumhq.org/exceptions/no_such_element.html
Build info: version: '3.2.0', revision: '8c03df6b79', time: '2017-02-23 10:51:31 +0000'
System info: host: 'DESKTOP-AQOISD1', ip: '192.168.234.84', os.name: 'Windows 10', os.arch: 'amd64', os.version: '10.0', java.version: '1.8.0_112'
Driver info: driver.version: unknown
	at org.openqa.selenium.support.ui.ExpectedConditions.lambda$findElement$0(ExpectedConditions.java:882)
	at java.util.Optional.orElseThrow(Unknown Source)
	at org.openqa.selenium.support.ui.ExpectedConditions.findElement(ExpectedConditions.java:881)
	at org.openqa.selenium.support.ui.ExpectedConditions.access$000(ExpectedConditions.java:43)
	at org.openqa.selenium.support.ui.ExpectedConditions$7.apply(ExpectedConditions.java:205)
	at org.openqa.selenium.support.ui.ExpectedConditions$7.apply(ExpectedConditions.java:201)
	at org.openqa.selenium.support.ui.FluentWait.until(FluentWait.java:208)
	... 16 more
20-03-2018 13:05 ERROR - Wait is not present - failed
20-03-2018 13:05 INFO  - PLP page is displayed after sorting is displayed - Pass
20-03-2018 13:05 INFO  - Wait Bag Qty is displayed - Pass
20-03-2018 13:05 INFO  - http://m.lordandtaylor.com/ is opened - Pass
20-03-2018 13:05 INFO  - Click Search is clicked - Pass
20-03-2018 13:05 INFO  - shirts is entered in Search - Pass
20-03-2018 13:05 ERROR - TimeoutException
org.openqa.selenium.TimeoutException: Expected condition failed: waiting for visibility of element located by By.id: pdpAddtoBagBtn (tried for 5 second(s) with 500 MILLISECONDS interval)
	at org.openqa.selenium.support.ui.WebDriverWait.timeoutException(WebDriverWait.java:82)
	at org.openqa.selenium.support.ui.FluentWait.until(FluentWait.java:231)
	at com.skava.framework.action.SeleniumActionEngine.explicitWaitforVisibility(SeleniumActionEngine.java:183)
	at com.skava.reusable.components.PLPandPDPComponents.sort_ClearAll(PLPandPDPComponents.java:739)
	at com.skava.testcases.LT_387_SortClearAll.LT_387_Sort_ClearAll(LT_387_SortClearAll.java:29)
	at sun.reflect.NativeMethodAccessorImpl.invoke0(Native Method)
	at sun.reflect.NativeMethodAccessorImpl.invoke(Unknown Source)
	at sun.reflect.DelegatingMethodAccessorImpl.invoke(Unknown Source)
	at java.lang.reflect.Method.invoke(Unknown Source)
	at org.testng.internal.MethodInvocationHelper.invokeMethod(MethodInvocationHelper.java:108)
	at org.testng.internal.Invoker.invokeMethod(Invoker.java:669)
	at org.testng.internal.Invoker.invokeTestMethod(Invoker.java:877)
	at org.testng.internal.Invoker.invokeTestMethods(Invoker.java:1201)
	at org.testng.internal.TestMethodWorker.invokeTestMethods(TestMethodWorker.java:125)
	at org.testng.internal.TestMethodWorker.run(TestMethodWorker.java:109)
	at java.util.concurrent.ThreadPoolExecutor.runWorker(Unknown Source)
	at java.util.concurrent.ThreadPoolExecutor$Worker.run(Unknown Source)
	at java.lang.Thread.run(Unknown Source)
Caused by: org.openqa.selenium.NoSuchElementException: Cannot locate an element using By.id: pdpAddtoBagBtn
For documentation on this error, please visit: http://seleniumhq.org/exceptions/no_such_element.html
Build info: version: '3.2.0', revision: '8c03df6b79', time: '2017-02-23 10:51:31 +0000'
System info: host: 'DESKTOP-AQOISD1', ip: '192.168.234.84', os.name: 'Windows 10', os.arch: 'amd64', os.version: '10.0', java.version: '1.8.0_112'
Driver info: driver.version: unknown
	at org.openqa.selenium.support.ui.ExpectedConditions.lambda$findElement$0(ExpectedConditions.java:882)
	at java.util.Optional.orElseThrow(Unknown Source)
	at org.openqa.selenium.support.ui.ExpectedConditions.findElement(ExpectedConditions.java:881)
	at org.openqa.selenium.support.ui.ExpectedConditions.access$000(ExpectedConditions.java:43)
	at org.openqa.selenium.support.ui.ExpectedConditions$7.apply(ExpectedConditions.java:205)
	at org.openqa.selenium.support.ui.ExpectedConditions$7.apply(ExpectedConditions.java:201)
	at org.openqa.selenium.support.ui.FluentWait.until(FluentWait.java:208)
	... 16 more
20-03-2018 13:05 ERROR - Wait is not present - failed
20-03-2018 13:05 INFO  -  Sort and filter button click is clicked - Pass
20-03-2018 13:05 INFO  - Wait Bag Qty is displayed - Pass
20-03-2018 13:05 INFO  - http://m.lordandtaylor.com/ is opened - Pass
20-03-2018 13:05 INFO  - Click Search is clicked - Pass
20-03-2018 13:05 INFO  - shoes is entered in Search - Pass
20-03-2018 13:05 INFO  - search/PLP page is displayed - Pass
20-03-2018 13:05 INFO  - Search Count is displayed - Pass
20-03-2018 13:05 ERROR - TimeoutException
org.openqa.selenium.TimeoutException: Expected condition failed: waiting for visibility of element located by By.id: pdpAddtoBagBtn (tried for 5 second(s) with 500 MILLISECONDS interval)
	at org.openqa.selenium.support.ui.WebDriverWait.timeoutException(WebDriverWait.java:82)
	at org.openqa.selenium.support.ui.FluentWait.until(FluentWait.java:231)
	at com.skava.framework.action.SeleniumActionEngine.explicitWaitforVisibility(SeleniumActionEngine.java:183)
	at com.skava.reusable.components.PLPandPDPComponents.sort_ClearAll(PLPandPDPComponents.java:745)
	at com.skava.testcases.LT_387_SortClearAll.LT_387_Sort_ClearAll(LT_387_SortClearAll.java:29)
	at sun.reflect.NativeMethodAccessorImpl.invoke0(Native Method)
	at sun.reflect.NativeMethodAccessorImpl.invoke(Unknown Source)
	at sun.reflect.DelegatingMethodAccessorImpl.invoke(Unknown Source)
	at java.lang.reflect.Method.invoke(Unknown Source)
	at org.testng.internal.MethodInvocationHelper.invokeMethod(MethodInvocationHelper.java:108)
	at org.testng.internal.Invoker.invokeMethod(Invoker.java:669)
	at org.testng.internal.Invoker.invokeTestMethod(Invoker.java:877)
	at org.testng.internal.Invoker.invokeTestMethods(Invoker.java:1201)
	at org.testng.internal.TestMethodWorker.invokeTestMethods(TestMethodWorker.java:125)
	at org.testng.internal.TestMethodWorker.run(TestMethodWorker.java:109)
	at java.util.concurrent.ThreadPoolExecutor.runWorker(Unknown Source)
	at java.util.concurrent.ThreadPoolExecutor$Worker.run(Unknown Source)
	at java.lang.Thread.run(Unknown Source)
Caused by: org.openqa.selenium.NoSuchElementException: Cannot locate an element using By.id: pdpAddtoBagBtn
For documentation on this error, please visit: http://seleniumhq.org/exceptions/no_such_element.html
Build info: version: '3.2.0', revision: '8c03df6b79', time: '2017-02-23 10:51:31 +0000'
System info: host: 'DESKTOP-AQOISD1', ip: '192.168.234.84', os.name: 'Windows 10', os.arch: 'amd64', os.version: '10.0', java.version: '1.8.0_112'
Driver info: driver.version: unknown
	at org.openqa.selenium.support.ui.ExpectedConditions.lambda$findElement$0(ExpectedConditions.java:882)
	at java.util.Optional.orElseThrow(Unknown Source)
	at org.openqa.selenium.support.ui.ExpectedConditions.findElement(ExpectedConditions.java:881)
	at org.openqa.selenium.support.ui.ExpectedConditions.access$000(ExpectedConditions.java:43)
	at org.openqa.selenium.support.ui.ExpectedConditions$7.apply(ExpectedConditions.java:205)
	at org.openqa.selenium.support.ui.ExpectedConditions$7.apply(ExpectedConditions.java:201)
	at org.openqa.selenium.support.ui.FluentWait.until(FluentWait.java:208)
	... 16 more
20-03-2018 13:05 ERROR - Wait is not present - failed
20-03-2018 13:05 INFO  - Is Clear All button is displayed is displayed - Pass
20-03-2018 13:05 INFO  - Clear All button Click is clicked - Pass
20-03-2018 13:05 INFO  - PLP page is displayed after sorting is displayed - Pass
20-03-2018 13:05 INFO  - PLP count is displayed after sorting is displayed - Pass
20-03-2018 13:05 INFO  - PLP page is displayed after sorting is displayed - Pass
20-03-2018 13:05 INFO  - PDP Page wait is displayed - Pass
20-03-2018 13:05 INFO  - scrolled to Scrolling - Pass
20-03-2018 13:05 INFO  - Deatils is displayed - Pass
20-03-2018 13:05 INFO  - Details List is displayed - Pass
20-03-2018 13:05 INFO  - search/PLP page is displayed - Pass
20-03-2018 13:05 INFO  - Search Count is displayed - Pass
20-03-2018 13:05 INFO  - PDP Page wait is displayed - Pass
20-03-2018 13:05 INFO  - scrolled to Scrolling - Pass
20-03-2018 13:05 INFO  - Colour Field present is displayed - Pass
20-03-2018 13:05 INFO  - http://m.lordandtaylor.com/ is opened - Pass
20-03-2018 13:05 INFO  - Click Search is clicked - Pass
20-03-2018 13:05 INFO  - shirts is entered in Search - Pass
20-03-2018 13:05 INFO  - http://m.lordandtaylor.com/ is opened - Pass
20-03-2018 13:05 INFO  - Wait to get site Loaded is displayed - Pass
20-03-2018 13:05 INFO  - Click Menu is clicked - Pass
20-03-2018 13:05 INFO  - Menu Category is displayed - Pass
20-03-2018 13:05 INFO  - SubCategory is displayed - Pass
20-03-2018 13:05 INFO  - Size field is displayed - Pass
20-03-2018 13:05 INFO  - scrolled to Add To Bag - Pass
20-03-2018 13:05 INFO  - Add To Bag Clicked is clicked - Pass
20-03-2018 13:05 INFO  - Success Overlay is displayed - Pass
20-03-2018 13:05 INFO  - Success Overlay is displayed - Pass
20-03-2018 13:05 INFO  - Close OverLay Clicked is clicked - Pass
20-03-2018 13:05 INFO  - search/PLP page is displayed - Pass
20-03-2018 13:05 INFO  - Search Count is displayed - Pass
20-03-2018 13:05 INFO  - http://m.lordandtaylor.com/ is opened - Pass
20-03-2018 13:05 INFO  - Wait to get site Loaded is displayed - Pass
20-03-2018 13:05 INFO  - Click Menu is clicked - Pass
20-03-2018 13:05 INFO  - Menu Category is displayed - Pass
20-03-2018 13:05 INFO  - SubCategory is displayed - Pass
20-03-2018 13:05 INFO  - Sub Categories Displayed is displayed - Pass
20-03-2018 13:05 INFO  - Sub Categories Displayed is displayed - Pass
20-03-2018 13:05 INFO  - PDP Page wait is displayed - Pass
20-03-2018 13:05 INFO  - scrolled to Scrolling - Pass
20-03-2018 13:05 INFO  - Colour Field present is displayed - Pass
20-03-2018 13:05 INFO  - http://m.lordandtaylor.com/ is opened - Pass
20-03-2018 13:05 INFO  - Wait to get site Loaded is displayed - Pass
20-03-2018 13:05 INFO  - Click Menu is clicked - Pass
20-03-2018 13:05 INFO  - Menu Category is displayed - Pass
20-03-2018 13:05 INFO  - SubCategory is displayed - Pass
20-03-2018 13:05 INFO  - Sub Categories Displayed is displayed - Pass
20-03-2018 13:05 INFO  - Sub Categories Displayed is displayed - Pass
20-03-2018 13:05 INFO  - Click Back Button is clicked - Pass
20-03-2018 13:05 INFO  - Size field is displayed - Pass
20-03-2018 13:05 INFO  - scrolled to Add To Bag - Pass
20-03-2018 13:05 INFO  - Add To Bag Clicked is clicked - Pass
20-03-2018 13:05 INFO  - Success Overlay is displayed - Pass
20-03-2018 13:06 INFO  - Success Overlay is displayed - Pass
20-03-2018 13:06 INFO  - http://m.lordandtaylor.com/ is opened - Pass
20-03-2018 13:06 INFO  - Wait to get site Loaded is displayed - Pass
20-03-2018 13:06 INFO  - Click Menu is clicked - Pass
20-03-2018 13:06 INFO  - http://m.lordandtaylor.com/ is opened - Pass
20-03-2018 13:06 INFO  - Wait to get site Loaded is displayed - Pass
20-03-2018 13:06 INFO  - Click Menu is clicked - Pass
20-03-2018 13:06 INFO  - Checkout Clicked is clicked - Pass
20-03-2018 13:06 INFO  - Cart Opened is displayed - Pass
20-03-2018 13:06 INFO  - Product Added to Cart is displayed - Pass
20-03-2018 13:06 INFO  - Enetered Login is clicked - Pass
20-03-2018 13:06 INFO  - Email is entered in the field - Pass
20-03-2018 13:06 INFO  - Spider@123 is entered in Password - Pass
20-03-2018 13:06 INFO  - http://m.lordandtaylor.com/ is opened - Pass
20-03-2018 13:06 INFO  - Wait to get site Loaded is displayed - Pass
20-03-2018 13:06 INFO  - Click Menu is clicked - Pass
20-03-2018 13:06 INFO  - My Account page displayed is displayed - Pass
20-03-2018 13:06 INFO  - http://m.lordandtaylor.com/ is opened - Pass
20-03-2018 13:06 INFO  - Wait to get site Loaded is displayed - Pass
20-03-2018 13:06 INFO  - Click Menu is clicked - Pass
20-03-2018 13:06 INFO  - Enetered Login is clicked - Pass
20-03-2018 13:06 INFO  - Email is entered in the field - Pass
20-03-2018 13:06 INFO  - Spider@123 is entered in Password - Pass
20-03-2018 13:07 INFO  - Order history is displayed - Pass
20-03-2018 13:07 INFO  - scrolled to orderhistory - Pass
20-03-2018 13:07 INFO  - orderhistory clicked is clicked - Pass
20-03-2018 13:07 INFO  - Enetered Login is clicked - Pass
20-03-2018 13:07 INFO  - Email is entered in the field - Pass
20-03-2018 13:07 INFO  - Spider@123 is entered in Password - Pass
20-03-2018 13:07 INFO  - Enetered Login is clicked - Pass
20-03-2018 13:07 INFO  - Email is entered in the field - Pass
20-03-2018 13:07 INFO  - Spider@123 is entered in Password - Pass
20-03-2018 13:07 INFO  - settings is displayed - Pass
20-03-2018 13:07 INFO  - scrolled to settings - Pass
20-03-2018 13:07 INFO  - settings clicked is clicked - Pass
20-03-2018 13:07 INFO  - http://m.lordandtaylor.com/ is opened - Pass
20-03-2018 13:07 INFO  - Wait to get site Loaded is displayed - Pass
20-03-2018 13:07 INFO  - Click Menu is clicked - Pass
20-03-2018 13:07 INFO  - My Account page displayed is displayed - Pass
20-03-2018 13:07 INFO  - scrolled to accountsummary - Pass
20-03-2018 13:07 INFO  - http://m.lordandtaylor.com/ is opened - Pass
20-03-2018 13:07 INFO  - Wait to get site Loaded is displayed - Pass
20-03-2018 13:07 INFO  - Click Menu is clicked - Pass
20-03-2018 13:07 INFO  - http://m.lordandtaylor.com/ is opened - Pass
20-03-2018 13:07 INFO  - Wait to get site Loaded is displayed - Pass
20-03-2018 13:07 INFO  - Click Menu is clicked - Pass
20-03-2018 13:07 INFO  - Enetered Login is clicked - Pass
20-03-2018 13:07 INFO  - Email is entered in the field - Pass
20-03-2018 13:07 INFO  - Spider@123 is entered in Password - Pass
20-03-2018 13:07 INFO  - shippingaddress is displayed - Pass
20-03-2018 13:07 INFO  - scrolled to shippingaddress - Pass
20-03-2018 13:07 INFO  - shippingaddress clicked is clicked - Pass
20-03-2018 13:07 INFO  - Enetered Login is clicked - Pass
20-03-2018 13:07 INFO  - Email is entered in the field - Pass
20-03-2018 13:07 INFO  - Spider@123 is entered in Password - Pass
20-03-2018 13:07 INFO  - billingaddress is displayed - Pass
20-03-2018 13:07 INFO  - scrolled to billingaddress - Pass
20-03-2018 13:07 INFO  - billingaddress clicked is clicked - Pass
20-03-2018 13:07 INFO  - Enetered Login is clicked - Pass
20-03-2018 13:07 INFO  - Email is entered in the field - Pass
20-03-2018 13:07 INFO  - Spider@123 is entered in Password - Pass
20-03-2018 13:07 INFO  - http://m.lordandtaylor.com/ is opened - Pass
20-03-2018 13:07 INFO  - Click Search is clicked - Pass
20-03-2018 13:07 INFO  - Shoes is entered in Search - Pass
20-03-2018 13:08 INFO  - payment is displayed - Pass
20-03-2018 13:08 INFO  - scrolled to payment - Pass
20-03-2018 13:08 INFO  - payment clicked is clicked - Pass
20-03-2018 13:08 INFO  - search/PLP page is displayed - Pass
20-03-2018 13:08 INFO  - Search Count is displayed - Pass
20-03-2018 13:08 INFO  - http://m.lordandtaylor.com/ is opened - Pass
20-03-2018 13:08 INFO  - Click Search is clicked - Pass
20-03-2018 13:08 INFO  - Shoes is entered in Search - Pass
20-03-2018 13:08 INFO  - PDP Page wait is displayed - Pass
20-03-2018 13:08 INFO  - Wait is displayed - Pass
20-03-2018 13:08 INFO  - Product QTY increment is displayed - Pass
20-03-2018 13:08 INFO  - scrolled to QTY - Pass
20-03-2018 13:08 INFO  - http://m.lordandtaylor.com/ is opened - Pass
20-03-2018 13:08 INFO  - Increment Click is clicked - Pass
20-03-2018 13:08 INFO  - Wait is displayed - Pass
20-03-2018 13:08 INFO  - search/PLP page is displayed - Pass
20-03-2018 13:08 INFO  - Search Count is displayed - Pass
20-03-2018 13:08 INFO  - PDP Page wait is displayed - Pass
20-03-2018 13:08 INFO  - Wait is displayed - Pass
20-03-2018 13:08 INFO  - Product QTY increment is displayed - Pass
20-03-2018 13:08 INFO  - scrolled to QTY - Pass
20-03-2018 13:08 INFO  - Increment Click is clicked - Pass
20-03-2018 13:08 INFO  - Wait is displayed - Pass
20-03-2018 13:08 INFO  - Product QTY decrement is displayed - Pass
20-03-2018 13:08 INFO  - scrolled to QTY - Pass
20-03-2018 13:08 INFO  - Wait is displayed - Pass
20-03-2018 13:08 INFO  - Decrement Click is clicked - Pass
20-03-2018 13:08 INFO  - Wait is displayed - Pass
20-03-2018 13:08 INFO  - http://m.lordandtaylor.com/ is opened - Pass
20-03-2018 13:08 INFO  - Click Search is clicked - Pass
20-03-2018 13:08 INFO  - Shirts is entered in Search - Pass
20-03-2018 13:08 INFO  - Click Cart is clicked - Pass
20-03-2018 13:08 INFO  - Cart wrapper Opened is displayed - Pass
20-03-2018 13:08 INFO  - Cart Empty Text is displayed - Pass
20-03-2018 13:08 INFO  - Back To Homepage is clicked - Pass
20-03-2018 13:08 INFO  - http://m.lordandtaylor.com/ is opened - Pass
20-03-2018 13:08 INFO  - Click Search is clicked - Pass
20-03-2018 13:08 INFO  - Shirts is entered in Search - Pass
20-03-2018 13:08 INFO  - search/PLP page is displayed - Pass
20-03-2018 13:08 INFO  - Search Count is displayed - Pass
20-03-2018 13:08 INFO  - Product List Page is displayed - Pass
20-03-2018 13:08 INFO  - Product Image is displayed - Pass
20-03-2018 13:08 INFO  - Product NameList is displayed - Pass
20-03-2018 13:08 INFO  - Product Description is displayed - Pass
20-03-2018 13:08 INFO  - Product Price is displayed - Pass
20-03-2018 13:08 INFO  - PDP Page wait is displayed - Pass
20-03-2018 13:08 INFO  - Wait Bag Qty is displayed - Pass
20-03-2018 13:08 INFO  - scrolled to Scroll Bag Qty - Pass
20-03-2018 13:08 INFO  - scrolled to Scrolling - Pass
20-03-2018 13:08 INFO  - http://m.lordandtaylor.com/ is opened - Pass
20-03-2018 13:08 INFO  - Click Search is clicked - Pass
20-03-2018 13:08 INFO  - search/PLP page is displayed - Pass
20-03-2018 13:08 INFO  - Search Count is displayed - Pass
20-03-2018 13:08 INFO  - Product List Page is displayed - Pass
20-03-2018 13:08 INFO  - Shirts is entered in Search - Pass
20-03-2018 13:08 INFO  - Product Image is displayed - Pass
20-03-2018 13:08 INFO  - Product NameList is displayed - Pass
20-03-2018 13:08 INFO  - Product Description is displayed - Pass
20-03-2018 13:08 INFO  - Product Price is displayed - Pass
20-03-2018 13:08 INFO  - Colour Field present is displayed - Pass
20-03-2018 13:08 INFO  - Size field is displayed - Pass
20-03-2018 13:08 INFO  - scrolled to Add To Bag - Pass
20-03-2018 13:08 INFO  - Add To Bag Clicked is clicked - Pass
20-03-2018 13:09 INFO  - PDP Page wait is displayed - Pass
20-03-2018 13:09 INFO  - scrolled to Scrolling - Pass
20-03-2018 13:09 INFO  - Colour Field present is displayed - Pass
20-03-2018 13:09 INFO  - PDP overlay is displayed - Pass
20-03-2018 13:09 INFO  - Wait Bag Qty is displayed - Pass
20-03-2018 13:09 INFO  - scrolled to Scroll Bag Qty - Pass
20-03-2018 13:09 INFO  - search/PLP page is displayed - Pass
20-03-2018 13:09 INFO  - Search Count is displayed - Pass
20-03-2018 13:09 INFO  - Product List Page is displayed - Pass
20-03-2018 13:09 INFO  - Product Image is displayed - Pass
20-03-2018 13:09 INFO  - Product NameList is displayed - Pass
20-03-2018 13:09 INFO  - Product Description is displayed - Pass
20-03-2018 13:09 INFO  - Product Price is displayed - Pass
20-03-2018 13:09 INFO  - Size field is displayed - Pass
20-03-2018 13:09 INFO  - PDP Page wait is displayed - Pass
20-03-2018 13:09 INFO  - scrolled to Scrolling - Pass
20-03-2018 13:09 INFO  - Colour Field present is displayed - Pass
20-03-2018 13:09 INFO  - Size field is displayed - Pass
20-03-2018 13:09 INFO  - http://m.lordandtaylor.com/ is opened - Pass
20-03-2018 13:09 INFO  - Click Search is clicked - Pass
20-03-2018 13:09 INFO  - Shirts is entered in Search - Pass
20-03-2018 13:09 ERROR - TimeoutException
org.openqa.selenium.TimeoutException: Expected condition failed: waiting for visibility of element located by By.xpath: //*[@class='pdpSelectBorder ']//*[contains(@class,'skMob_available selected')] (tried for 10 second(s) with 500 MILLISECONDS interval)
	at org.openqa.selenium.support.ui.WebDriverWait.timeoutException(WebDriverWait.java:82)
	at org.openqa.selenium.support.ui.FluentWait.until(FluentWait.java:231)
	at com.skava.framework.action.SeleniumActionEngine.explicitWaitforVisibility(SeleniumActionEngine.java:183)
	at com.skava.framework.action.SeleniumActionEngine.getText(SeleniumActionEngine.java:294)
	at com.skava.reusable.components.PLPandPDPComponents.selectSize(PLPandPDPComponents.java:223)
	at com.skava.testcases.LT_766_Cart_PriceCheck.LT_766_Cart_Price_Check(LT_766_Cart_PriceCheck.java:31)
	at sun.reflect.NativeMethodAccessorImpl.invoke0(Native Method)
	at sun.reflect.NativeMethodAccessorImpl.invoke(Unknown Source)
	at sun.reflect.DelegatingMethodAccessorImpl.invoke(Unknown Source)
	at java.lang.reflect.Method.invoke(Unknown Source)
	at org.testng.internal.MethodInvocationHelper.invokeMethod(MethodInvocationHelper.java:108)
	at org.testng.internal.Invoker.invokeMethod(Invoker.java:669)
	at org.testng.internal.Invoker.invokeTestMethod(Invoker.java:877)
	at org.testng.internal.Invoker.invokeTestMethods(Invoker.java:1201)
	at org.testng.internal.TestMethodWorker.invokeTestMethods(TestMethodWorker.java:125)
	at org.testng.internal.TestMethodWorker.run(TestMethodWorker.java:109)
	at java.util.concurrent.ThreadPoolExecutor.runWorker(Unknown Source)
	at java.util.concurrent.ThreadPoolExecutor$Worker.run(Unknown Source)
	at java.lang.Thread.run(Unknown Source)
Caused by: org.openqa.selenium.NoSuchElementException: Cannot locate an element using By.xpath: //*[@class='pdpSelectBorder ']//*[contains(@class,'skMob_available selected')]
For documentation on this error, please visit: http://seleniumhq.org/exceptions/no_such_element.html
Build info: version: '3.2.0', revision: '8c03df6b79', time: '2017-02-23 10:51:31 +0000'
System info: host: 'DESKTOP-AQOISD1', ip: '192.168.234.84', os.name: 'Windows 10', os.arch: 'amd64', os.version: '10.0', java.version: '1.8.0_112'
Driver info: driver.version: unknown
	at org.openqa.selenium.support.ui.ExpectedConditions.lambda$findElement$0(ExpectedConditions.java:882)
	at java.util.Optional.orElseThrow(Unknown Source)
	at org.openqa.selenium.support.ui.ExpectedConditions.findElement(ExpectedConditions.java:881)
	at org.openqa.selenium.support.ui.ExpectedConditions.access$000(ExpectedConditions.java:43)
	at org.openqa.selenium.support.ui.ExpectedConditions$7.apply(ExpectedConditions.java:205)
	at org.openqa.selenium.support.ui.ExpectedConditions$7.apply(ExpectedConditions.java:201)
	at org.openqa.selenium.support.ui.FluentWait.until(FluentWait.java:208)
	... 17 more
20-03-2018 13:09 ERROR - Colour selected is not present - failed
20-03-2018 13:09 INFO  - scrolled to Add To Bag - Pass
20-03-2018 13:09 INFO  - Add To Bag Clicked is clicked - Pass
20-03-2018 13:09 INFO  - Success Overlay is displayed - Pass
20-03-2018 13:09 INFO  - Success Overlay is displayed - Pass
20-03-2018 13:09 INFO  - search/PLP page is displayed - Pass
20-03-2018 13:09 INFO  - Search Count is displayed - Pass
20-03-2018 13:09 INFO  - PDP Page wait is displayed - Pass
20-03-2018 13:09 INFO  - scrolled to Scrolling - Pass
20-03-2018 13:09 INFO  - Colour Field present is displayed - Pass
20-03-2018 13:09 INFO  - Size field is displayed - Pass
20-03-2018 13:09 INFO  - scrolled to Add To Bag - Pass
20-03-2018 13:09 INFO  - Add To Bag Clicked is clicked - Pass
20-03-2018 13:09 INFO  - Checkout Clicked is clicked - Pass
20-03-2018 13:09 INFO  - IS Cart page products is displayed is displayed - Pass
20-03-2018 13:09 INFO  - Is Cart page Displayed is displayed - Pass
20-03-2018 13:09 INFO  - Is product price Displayed is displayed - Pass
20-03-2018 13:09 INFO  - Is Item total price is displayed is displayed - Pass
20-03-2018 13:09 INFO  - Is product QTY Displayed is displayed - Pass
20-03-2018 13:09 INFO  - Increment Product QTY to 2 is entered in the field - Pass
20-03-2018 13:09 INFO  - Success Overlay is displayed - Pass
20-03-2018 13:09 INFO  - Success Overlay is displayed - Pass
20-03-2018 13:09 INFO  - scrolled to Add To Bag - Pass
20-03-2018 13:09 INFO  - Add To Bag Clicked is clicked - Pass
20-03-2018 13:09 INFO  - Success Overlay is displayed - Pass
20-03-2018 13:09 INFO  - Success Overlay is displayed - Pass
20-03-2018 13:10 INFO  - Checkout Clicked is clicked - Pass
20-03-2018 13:10 INFO  - Product Description is displayed - Pass
20-03-2018 13:10 INFO  - Product Inventory Status is displayed - Pass
20-03-2018 13:10 INFO  - Product SKUID is displayed - Pass
20-03-2018 13:10 INFO  - Product Edit is displayed - Pass
20-03-2018 13:10 INFO  - Product Remove is displayed - Pass
20-03-2018 13:10 INFO  - Product Save Later is displayed - Pass
20-03-2018 13:10 INFO  - Product Size is displayed - Pass
20-03-2018 13:10 INFO  - Product Colour is displayed - Pass
20-03-2018 13:10 INFO  - Product Clearance Price is displayed - Pass
20-03-2018 13:10 INFO  - Product Sale Price is displayed - Pass
20-03-2018 13:10 INFO  - Checkout Clicked is clicked - Pass
20-03-2018 13:10 INFO  - Wait is displayed - Pass
20-03-2018 13:10 INFO  - Edit Button is clicked - Pass
20-03-2018 13:10 INFO  - PDP Edit overlay is displayed - Pass
20-03-2018 13:10 ERROR - TimeoutException
org.openqa.selenium.TimeoutException: Expected condition failed: waiting for visibility of element located by By.id: pdpAddtoBagBtn (tried for 30 second(s) with 500 MILLISECONDS interval)
	at org.openqa.selenium.support.ui.WebDriverWait.timeoutException(WebDriverWait.java:82)
	at org.openqa.selenium.support.ui.FluentWait.until(FluentWait.java:231)
	at com.skava.framework.action.SeleniumActionEngine.explicitWaitforVisibility(SeleniumActionEngine.java:183)
	at com.skava.framework.action.SeleniumActionEngine.isElementDisplayed(SeleniumActionEngine.java:201)
	at com.skava.reusable.components.CartComponents.cartQtyIncrement(CartComponents.java:337)
	at com.skava.testcases.LT_766_Cart_PriceCheck.LT_766_Cart_Price_Check(LT_766_Cart_PriceCheck.java:39)
	at sun.reflect.NativeMethodAccessorImpl.invoke0(Native Method)
	at sun.reflect.NativeMethodAccessorImpl.invoke(Unknown Source)
	at sun.reflect.DelegatingMethodAccessorImpl.invoke(Unknown Source)
	at java.lang.reflect.Method.invoke(Unknown Source)
	at org.testng.internal.MethodInvocationHelper.invokeMethod(MethodInvocationHelper.java:108)
	at org.testng.internal.Invoker.invokeMethod(Invoker.java:669)
	at org.testng.internal.Invoker.invokeTestMethod(Invoker.java:877)
	at org.testng.internal.Invoker.invokeTestMethods(Invoker.java:1201)
	at org.testng.internal.TestMethodWorker.invokeTestMethods(TestMethodWorker.java:125)
	at org.testng.internal.TestMethodWorker.run(TestMethodWorker.java:109)
	at java.util.concurrent.ThreadPoolExecutor.runWorker(Unknown Source)
	at java.util.concurrent.ThreadPoolExecutor$Worker.run(Unknown Source)
	at java.lang.Thread.run(Unknown Source)
Caused by: org.openqa.selenium.NoSuchElementException: Cannot locate an element using By.id: pdpAddtoBagBtn
For documentation on this error, please visit: http://seleniumhq.org/exceptions/no_such_element.html
Build info: version: '3.2.0', revision: '8c03df6b79', time: '2017-02-23 10:51:31 +0000'
System info: host: 'DESKTOP-AQOISD1', ip: '192.168.234.84', os.name: 'Windows 10', os.arch: 'amd64', os.version: '10.0', java.version: '1.8.0_112'
Driver info: driver.version: unknown
	at org.openqa.selenium.support.ui.ExpectedConditions.lambda$findElement$0(ExpectedConditions.java:882)
	at java.util.Optional.orElseThrow(Unknown Source)
	at org.openqa.selenium.support.ui.ExpectedConditions.findElement(ExpectedConditions.java:881)
	at org.openqa.selenium.support.ui.ExpectedConditions.access$000(ExpectedConditions.java:43)
	at org.openqa.selenium.support.ui.ExpectedConditions$7.apply(ExpectedConditions.java:205)
	at org.openqa.selenium.support.ui.ExpectedConditions$7.apply(ExpectedConditions.java:201)
	at org.openqa.selenium.support.ui.FluentWait.until(FluentWait.java:208)
	... 17 more
20-03-2018 13:10 ERROR - Wait is not present - failed
20-03-2018 13:10 INFO  - Cart loading overview is displayed - Pass
20-03-2018 13:10 INFO  - Is Item total price is displayed is displayed - Pass
20-03-2018 13:10 INFO  - Discount for product is displayed - Pass
20-03-2018 13:10 INFO  - Is Item total price is displayed is displayed - Pass
20-03-2018 13:10 INFO  - Is product QTY Displayed is displayed - Pass
20-03-2018 13:10 INFO  - Decrement Product QTY to 1 is entered in the field - Pass
20-03-2018 13:10 INFO  - http://m.lordandtaylor.com/ is opened - Pass
20-03-2018 13:10 INFO  - Click Search is clicked - Pass
20-03-2018 13:10 INFO  - dress is entered in Search - Pass
20-03-2018 13:10 INFO  - http://m.lordandtaylor.com/ is opened - Pass
20-03-2018 13:10 INFO  - Click Search is clicked - Pass
20-03-2018 13:10 INFO  - Jeans is entered in Search - Pass
20-03-2018 13:10 INFO  - search/PLP page is displayed - Pass
20-03-2018 13:10 INFO  - Search Count is displayed - Pass
20-03-2018 13:10 INFO  - search/PLP page is displayed - Pass
20-03-2018 13:10 INFO  - Search Count is displayed - Pass
20-03-2018 13:10 INFO  - PDP Page wait is displayed - Pass
20-03-2018 13:10 INFO  - scrolled to Scrolling - Pass
20-03-2018 13:10 INFO  - Colour Field present is displayed - Pass
20-03-2018 13:10 INFO  - Size field is displayed - Pass
20-03-2018 13:10 INFO  - PDP Page wait is displayed - Pass
20-03-2018 13:10 INFO  - scrolled to Scrolling - Pass
20-03-2018 13:10 INFO  - Colour Field present is displayed - Pass
20-03-2018 13:10 INFO  - Size field is displayed - Pass
20-03-2018 13:10 ERROR - TimeoutException
org.openqa.selenium.TimeoutException: Expected condition failed: waiting for visibility of element located by By.id: pdpAddtoBagBtn (tried for 30 second(s) with 500 MILLISECONDS interval)
	at org.openqa.selenium.support.ui.WebDriverWait.timeoutException(WebDriverWait.java:82)
	at org.openqa.selenium.support.ui.FluentWait.until(FluentWait.java:231)
	at com.skava.framework.action.SeleniumActionEngine.explicitWaitforVisibility(SeleniumActionEngine.java:183)
	at com.skava.framework.action.SeleniumActionEngine.isElementDisplayed(SeleniumActionEngine.java:201)
	at com.skava.reusable.components.CartComponents.cartQtyDecrement(CartComponents.java:355)
	at com.skava.testcases.LT_766_Cart_PriceCheck.LT_766_Cart_Price_Check(LT_766_Cart_PriceCheck.java:43)
	at sun.reflect.NativeMethodAccessorImpl.invoke0(Native Method)
	at sun.reflect.NativeMethodAccessorImpl.invoke(Unknown Source)
	at sun.reflect.DelegatingMethodAccessorImpl.invoke(Unknown Source)
	at java.lang.reflect.Method.invoke(Unknown Source)
	at org.testng.internal.MethodInvocationHelper.invokeMethod(MethodInvocationHelper.java:108)
	at org.testng.internal.Invoker.invokeMethod(Invoker.java:669)
	at org.testng.internal.Invoker.invokeTestMethod(Invoker.java:877)
	at org.testng.internal.Invoker.invokeTestMethods(Invoker.java:1201)
	at org.testng.internal.TestMethodWorker.invokeTestMethods(TestMethodWorker.java:125)
	at org.testng.internal.TestMethodWorker.run(TestMethodWorker.java:109)
	at java.util.concurrent.ThreadPoolExecutor.runWorker(Unknown Source)
	at java.util.concurrent.ThreadPoolExecutor$Worker.run(Unknown Source)
	at java.lang.Thread.run(Unknown Source)
Caused by: org.openqa.selenium.NoSuchElementException: Cannot locate an element using By.id: pdpAddtoBagBtn
For documentation on this error, please visit: http://seleniumhq.org/exceptions/no_such_element.html
Build info: version: '3.2.0', revision: '8c03df6b79', time: '2017-02-23 10:51:31 +0000'
System info: host: 'DESKTOP-AQOISD1', ip: '192.168.234.84', os.name: 'Windows 10', os.arch: 'amd64', os.version: '10.0', java.version: '1.8.0_112'
Driver info: driver.version: unknown
	at org.openqa.selenium.support.ui.ExpectedConditions.lambda$findElement$0(ExpectedConditions.java:882)
	at java.util.Optional.orElseThrow(Unknown Source)
	at org.openqa.selenium.support.ui.ExpectedConditions.findElement(ExpectedConditions.java:881)
	at org.openqa.selenium.support.ui.ExpectedConditions.access$000(ExpectedConditions.java:43)
	at org.openqa.selenium.support.ui.ExpectedConditions$7.apply(ExpectedConditions.java:205)
	at org.openqa.selenium.support.ui.ExpectedConditions$7.apply(ExpectedConditions.java:201)
	at org.openqa.selenium.support.ui.FluentWait.until(FluentWait.java:208)
	... 17 more
20-03-2018 13:10 ERROR - Wait is not present - failed
20-03-2018 13:10 INFO  - Cart loading overview is displayed - Pass
20-03-2018 13:10 INFO  - Is Item total price is displayed is displayed - Pass
20-03-2018 13:10 INFO  - Discount for product is displayed - Pass
20-03-2018 13:10 INFO  - scrolled to Add To Bag - Pass
20-03-2018 13:10 INFO  - Add To Bag Clicked is clicked - Pass
20-03-2018 13:10 INFO  - Success Overlay is displayed - Pass
20-03-2018 13:10 INFO  - Success Overlay is displayed - Pass
20-03-2018 13:10 INFO  - http://m.lordandtaylor.com/ is opened - Pass
20-03-2018 13:10 INFO  - Click Search is clicked - Pass
20-03-2018 13:10 INFO  - Shirts is entered in Search - Pass
20-03-2018 13:10 INFO  - Checkout Clicked is clicked - Pass
20-03-2018 13:10 INFO  - Wait is displayed - Pass
20-03-2018 13:10 INFO  - Remove Button is clicked - Pass
20-03-2018 13:10 INFO  - Remove Confirmation Button is displayed - Pass
20-03-2018 13:10 INFO  - Remove Confirmation Button is displayed - Pass
20-03-2018 13:10 INFO  - Product Removed is clicked - Pass
20-03-2018 13:11 INFO  - Product Removed is displayed - Pass
20-03-2018 13:11 INFO  - search/PLP page is displayed - Pass
20-03-2018 13:11 INFO  - Search Count is displayed - Pass
20-03-2018 13:11 INFO  - PDP Page wait is displayed - Pass
20-03-2018 13:11 INFO  - scrolled to Scrolling - Pass
20-03-2018 13:11 INFO  - Colour Field present is displayed - Pass
20-03-2018 13:11 INFO  - Size field is displayed - Pass
20-03-2018 13:11 INFO  - scrolled to Add To Bag - Pass
20-03-2018 13:11 INFO  - Add To Bag Clicked is clicked - Pass
20-03-2018 13:11 INFO  - scrolled to Add To Bag - Pass
20-03-2018 13:11 INFO  - Add To Bag Clicked is clicked - Pass
20-03-2018 13:11 INFO  - http://m.lordandtaylor.com/ is opened - Pass
20-03-2018 13:11 INFO  - Click Search is clicked - Pass
20-03-2018 13:11 INFO  - Shirts is entered in Search - Pass
20-03-2018 13:11 INFO  - Success Overlay is displayed - Pass
20-03-2018 13:11 INFO  - Success Overlay is displayed - Pass
20-03-2018 13:11 INFO  - Success Overlay is displayed - Pass
20-03-2018 13:11 INFO  - Success Overlay is displayed - Pass
20-03-2018 13:11 INFO  - search/PLP page is displayed - Pass
20-03-2018 13:11 INFO  - Search Count is displayed - Pass
20-03-2018 13:11 INFO  - Checkout Clicked is clicked - Pass
20-03-2018 13:11 INFO  - Wait is displayed - Pass
20-03-2018 13:11 INFO  - Remove Button is clicked - Pass
20-03-2018 13:11 INFO  - Remove Confirmation Button is displayed - Pass
20-03-2018 13:11 INFO  - Remove Confirmation Button is displayed - Pass
20-03-2018 13:11 INFO  - PDP Page wait is displayed - Pass
20-03-2018 13:11 INFO  - scrolled to Scrolling - Pass
20-03-2018 13:11 INFO  - Colour Field present is displayed - Pass
20-03-2018 13:11 INFO  - Size field is displayed - Pass
20-03-2018 13:11 INFO  - Checkout Clicked is clicked - Pass
20-03-2018 13:11 INFO  - Cart Opened is displayed - Pass
20-03-2018 13:11 INFO  - Product Added to Cart is displayed - Pass
20-03-2018 13:11 INFO  - Product Description is displayed - Pass
20-03-2018 13:11 INFO  - Product Inventory Status is displayed - Pass
20-03-2018 13:11 INFO  - Product SKUID is displayed - Pass
20-03-2018 13:11 INFO  - Product Edit is displayed - Pass
20-03-2018 13:11 INFO  - Product Remove is displayed - Pass
20-03-2018 13:11 INFO  - Product Save Later is displayed - Pass
20-03-2018 13:11 INFO  - Product Size is displayed - Pass
20-03-2018 13:11 INFO  - Product Colour is displayed - Pass
20-03-2018 13:11 INFO  - Product Clearance Price is displayed - Pass
20-03-2018 13:11 INFO  - Product Sale Price is displayed - Pass
20-03-2018 13:11 INFO  - Saveforlater is displayed - Pass
20-03-2018 13:11 INFO  - Saveforlater clicked is clicked - Pass
20-03-2018 13:11 INFO  - http://m.lordandtaylor.com/ is opened - Pass
20-03-2018 13:11 INFO  - Click Search is clicked - Pass
20-03-2018 13:11 INFO  - Shoes is entered in Search - Pass
20-03-2018 13:11 INFO  - scrolled to Add To Bag - Pass
20-03-2018 13:11 INFO  - Add To Bag Clicked is clicked - Pass
20-03-2018 13:11 INFO  - Success Overlay is displayed - Pass
20-03-2018 13:11 INFO  - Success Overlay is displayed - Pass
20-03-2018 13:11 INFO  - http://m.lordandtaylor.com/ is opened - Pass
20-03-2018 13:11 INFO  - Click Search is clicked - Pass
20-03-2018 13:11 INFO  - Shirts is entered in Search - Pass
20-03-2018 13:11 INFO  - search/PLP page is displayed - Pass
20-03-2018 13:11 INFO  - Search Count is displayed - Pass
20-03-2018 13:12 INFO  - Checkout Clicked is clicked - Pass
20-03-2018 13:12 INFO  - Cart Opened is displayed - Pass
20-03-2018 13:12 INFO  - PDP Page wait is displayed - Pass
20-03-2018 13:12 INFO  - Product Added to Cart is displayed - Pass
20-03-2018 13:12 INFO  - scrolled to Scrolling - Pass
20-03-2018 13:12 INFO  - Wait is displayed - Pass
20-03-2018 13:12 INFO  - scrolled to scroll to checkout - Pass
20-03-2018 13:12 INFO  - search/PLP page is displayed - Pass
20-03-2018 13:12 INFO  - Search Count is displayed - Pass
20-03-2018 13:12 INFO  - PDP Page wait is displayed - Pass
20-03-2018 13:12 INFO  - scrolled to Scrolling - Pass
20-03-2018 13:12 INFO  - Colour Field present is displayed - Pass
20-03-2018 13:12 INFO  - Size field is displayed - Pass
20-03-2018 13:12 INFO  - scrolled to Add To Bag - Pass
20-03-2018 13:12 INFO  - Add To Bag Clicked is clicked - Pass
20-03-2018 13:12 INFO  - Click Checkout is clicked - Pass
20-03-2018 13:12 INFO  - Success Overlay is displayed - Pass
20-03-2018 13:12 INFO  - Success Overlay is displayed - Pass
20-03-2018 13:12 INFO  - Checkout Clicked is clicked - Pass
20-03-2018 13:12 INFO  - Cart Opened is displayed - Pass
20-03-2018 13:12 INFO  - Product Added to Cart is displayed - Pass
20-03-2018 13:12 INFO  - scrolled to Scrolling - Pass
20-03-2018 13:12 INFO  - Estimated Shipping is displayed - Pass
20-03-2018 13:12 INFO  - Shipping Method is displayed - Pass
20-03-2018 13:12 INFO  - Zip Code is displayed - Pass
20-03-2018 13:12 INFO  - Item Total is displayed - Pass
20-03-2018 13:12 INFO  - Estimated Shipping is displayed - Pass
20-03-2018 13:12 INFO  - Estimated Tax is displayed - Pass
20-03-2018 13:12 INFO  - Estimated Total is displayed - Pass
20-03-2018 13:12 INFO  - Colour Field present is displayed - Pass
20-03-2018 13:12 INFO  - Size field is displayed - Pass
20-03-2018 13:12 INFO  - scrolled to Add To Bag - Pass
20-03-2018 13:12 INFO  - Add To Bag Clicked is clicked - Pass
20-03-2018 13:12 INFO  - Success Overlay is displayed - Pass
20-03-2018 13:12 INFO  - Success Overlay is displayed - Pass
20-03-2018 13:12 ERROR - TimeoutException
org.openqa.selenium.TimeoutException: Expected condition failed: waiting for visibility of element located by By.xpath: //*[@id='jsLoginWrap'] (tried for 30 second(s) with 500 MILLISECONDS interval)
	at org.openqa.selenium.support.ui.WebDriverWait.timeoutException(WebDriverWait.java:82)
	at org.openqa.selenium.support.ui.FluentWait.until(FluentWait.java:231)
	at com.skava.framework.action.SeleniumActionEngine.explicitWaitforVisibility(SeleniumActionEngine.java:183)
	at com.skava.framework.action.SeleniumActionEngine.isElementDisplayed(SeleniumActionEngine.java:201)
	at com.skava.reusable.components.LoginComponents.checkoutLogin(LoginComponents.java:83)
	at com.skava.testcases.LT_677_Cart_Checkout_SignIN_Validation.LT_677_Cart_Checkout_SignIN_Validation(LT_677_Cart_Checkout_SignIN_Validation.java:34)
	at sun.reflect.NativeMethodAccessorImpl.invoke0(Native Method)
	at sun.reflect.NativeMethodAccessorImpl.invoke(Unknown Source)
	at sun.reflect.DelegatingMethodAccessorImpl.invoke(Unknown Source)
	at java.lang.reflect.Method.invoke(Unknown Source)
	at org.testng.internal.MethodInvocationHelper.invokeMethod(MethodInvocationHelper.java:108)
	at org.testng.internal.Invoker.invokeMethod(Invoker.java:669)
	at org.testng.internal.Invoker.invokeTestMethod(Invoker.java:877)
	at org.testng.internal.Invoker.invokeTestMethods(Invoker.java:1201)
	at org.testng.internal.TestMethodWorker.invokeTestMethods(TestMethodWorker.java:125)
	at org.testng.internal.TestMethodWorker.run(TestMethodWorker.java:109)
	at java.util.concurrent.ThreadPoolExecutor.runWorker(Unknown Source)
	at java.util.concurrent.ThreadPoolExecutor$Worker.run(Unknown Source)
	at java.lang.Thread.run(Unknown Source)
Caused by: org.openqa.selenium.NoSuchElementException: Cannot locate an element using By.xpath: //*[@id='jsLoginWrap']
For documentation on this error, please visit: http://seleniumhq.org/exceptions/no_such_element.html
Build info: version: '3.2.0', revision: '8c03df6b79', time: '2017-02-23 10:51:31 +0000'
System info: host: 'DESKTOP-AQOISD1', ip: '192.168.234.84', os.name: 'Windows 10', os.arch: 'amd64', os.version: '10.0', java.version: '1.8.0_112'
Driver info: driver.version: unknown
	at org.openqa.selenium.support.ui.ExpectedConditions.lambda$findElement$0(ExpectedConditions.java:882)
	at java.util.Optional.orElseThrow(Unknown Source)
	at org.openqa.selenium.support.ui.ExpectedConditions.findElement(ExpectedConditions.java:881)
	at org.openqa.selenium.support.ui.ExpectedConditions.access$000(ExpectedConditions.java:43)
	at org.openqa.selenium.support.ui.ExpectedConditions$7.apply(ExpectedConditions.java:205)
	at org.openqa.selenium.support.ui.ExpectedConditions$7.apply(ExpectedConditions.java:201)
	at org.openqa.selenium.support.ui.FluentWait.until(FluentWait.java:208)
	... 17 more
20-03-2018 13:12 ERROR - Sign IN Page Navigated is not present - failed
20-03-2018 13:12 INFO  - http://m.lordandtaylor.com/ is opened - Pass
20-03-2018 13:12 INFO  - Click Search is clicked - Pass
20-03-2018 13:12 INFO  - Shoes is entered in Search - Pass
20-03-2018 13:12 INFO  - Checkout Clicked is clicked - Pass
20-03-2018 13:12 INFO  - Cart Opened is displayed - Pass
20-03-2018 13:12 INFO  - Product Added to Cart is displayed - Pass
20-03-2018 13:12 INFO  - scrolled to BackToUSShipping - Pass
20-03-2018 13:12 INFO  - search/PLP page is displayed - Pass
20-03-2018 13:12 INFO  - Search Count is displayed - Pass
20-03-2018 13:12 INFO  - http://m.lordandtaylor.com/ is opened - Pass
20-03-2018 13:12 INFO  - Click Search is clicked - Pass
20-03-2018 13:12 INFO  - shirts is entered in Search - Pass
20-03-2018 13:13 INFO  - BackToUSShipping is clicked - Pass
20-03-2018 13:13 INFO  - Wait is displayed - Pass
20-03-2018 13:13 INFO  - Click PayPal is clicked - Pass
20-03-2018 13:13 INFO  - PDP Page wait is displayed - Pass
20-03-2018 13:13 INFO  - scrolled to Scrolling - Pass
20-03-2018 13:13 INFO  - Colour Field present is displayed - Pass
20-03-2018 13:13 INFO  - Size field is displayed - Pass
20-03-2018 13:13 INFO  - scrolled to Add To Bag - Pass
20-03-2018 13:13 INFO  - Add To Bag Clicked is clicked - Pass
20-03-2018 13:13 INFO  - Success Overlay is displayed - Pass
20-03-2018 13:13 INFO  - search/PLP page is displayed - Pass
20-03-2018 13:13 INFO  - Success Overlay is displayed - Pass
20-03-2018 13:13 INFO  - Search Count is displayed - Pass
20-03-2018 13:13 INFO  - PayPal Page Navigated is displayed - Pass
20-03-2018 13:13 INFO  - PDP Page wait is displayed - Pass
20-03-2018 13:13 INFO  - scrolled to Scrolling - Pass
20-03-2018 13:13 INFO  - Colour Field present is displayed - Pass
20-03-2018 13:13 INFO  - Size field is displayed - Pass
20-03-2018 13:13 INFO  - http://m.lordandtaylor.com/ is opened - Pass
20-03-2018 13:13 INFO  - Click Search is clicked - Pass
20-03-2018 13:13 INFO  - Shirts is entered in Search - Pass
20-03-2018 13:13 INFO  - Checkout Clicked is clicked - Pass
20-03-2018 13:13 INFO  - Cart Opened is displayed - Pass
20-03-2018 13:13 INFO  - Product Added to Cart is displayed - Pass
20-03-2018 13:13 INFO  - Wait is displayed - Pass
20-03-2018 13:13 INFO  - scrolled to scroll to checkout - Pass
20-03-2018 13:13 INFO  - Click Checkout is clicked - Pass
20-03-2018 13:13 INFO  - Guest Checkout is displayed - Pass
20-03-2018 13:13 INFO  - User Sign IN is displayed - Pass
20-03-2018 13:13 INFO  - search/PLP page is displayed - Pass
20-03-2018 13:13 INFO  - Search Count is displayed - Pass
20-03-2018 13:13 INFO  - PDP Page wait is displayed - Pass
20-03-2018 13:13 INFO  - scrolled to Scrolling - Pass
20-03-2018 13:13 INFO  - Colour Field present is displayed - Pass
20-03-2018 13:13 INFO  - Size field is displayed - Pass
20-03-2018 13:13 INFO  - scrolled to Add To Bag - Pass
20-03-2018 13:13 INFO  - Add To Bag Clicked is clicked - Pass
20-03-2018 13:13 INFO  - http://m.lordandtaylor.com/ is opened - Pass
20-03-2018 13:13 INFO  - Wait to get site Loaded is displayed - Pass
20-03-2018 13:13 INFO  - Click Menu is clicked - Pass
20-03-2018 13:13 INFO  - Success Overlay is displayed - Pass
20-03-2018 13:13 INFO  - Success Overlay is displayed - Pass
20-03-2018 13:13 INFO  - scrolled to Add To Bag - Pass
20-03-2018 13:13 INFO  - Add To Bag Clicked is clicked - Pass
20-03-2018 13:13 INFO  - Success Overlay is displayed - Pass
20-03-2018 13:13 INFO  - Success Overlay is displayed - Pass
20-03-2018 13:14 INFO  - Checkout Clicked is clicked - Pass
20-03-2018 13:14 INFO  - Cart Opened is displayed - Pass
20-03-2018 13:14 INFO  - Product Added to Cart is displayed - Pass
20-03-2018 13:14 INFO  - Wait is displayed - Pass
20-03-2018 13:14 INFO  - scrolled to scroll to checkout - Pass
20-03-2018 13:14 INFO  - Click Checkout is clicked - Pass
20-03-2018 13:14 INFO  - Guest Checkout is displayed - Pass
20-03-2018 13:14 INFO  - scrolled to Guest Checkout - Pass
20-03-2018 13:14 INFO  - Guest Checkout is clicked - Pass
20-03-2018 13:14 INFO  - Enetered Login is clicked - Pass
20-03-2018 13:14 INFO  - Email is entered in the field - Pass
20-03-2018 13:14 INFO  - Spider@123 is entered in Password - Pass
20-03-2018 13:14 INFO  - My Account page displayed is displayed - Pass
20-03-2018 13:14 INFO  - Checkout Clicked is clicked - Pass
20-03-2018 13:14 INFO  - Cart Opened is displayed - Pass
20-03-2018 13:14 INFO  - Product Added to Cart is displayed - Pass
20-03-2018 13:14 INFO  - Wait is displayed - Pass
20-03-2018 13:14 INFO  - scrolled to scroll to checkout - Pass
20-03-2018 13:14 INFO  - http://m.lordandtaylor.com/ is opened - Pass
20-03-2018 13:14 INFO  - Click Search is clicked - Pass
20-03-2018 13:14 INFO  - Shirts is entered in Search - Pass
20-03-2018 13:14 INFO  - Click Cart is clicked - Pass
20-03-2018 13:14 INFO  - Cart Opened is displayed - Pass
20-03-2018 13:14 INFO  - Product Added to Cart is displayed - Pass
20-03-2018 13:14 INFO  - scrolled to BackToUSShipping - Pass
20-03-2018 13:14 INFO  - Click Checkout is clicked - Pass
20-03-2018 13:14 INFO  - search/PLP page is displayed - Pass
20-03-2018 13:14 INFO  - Search Count is displayed - Pass
20-03-2018 13:14 INFO  - BackToUSShipping is clicked - Pass
20-03-2018 13:14 INFO  - Wait is displayed - Pass
20-03-2018 13:14 INFO  - scrolled to scroll to checkout - Pass
20-03-2018 13:14 INFO  - PDP Page wait is displayed - Pass
20-03-2018 13:14 INFO  - scrolled to Scrolling - Pass
20-03-2018 13:14 INFO  - Click Checkout is clicked - Pass
20-03-2018 13:14 INFO  - Review Order Page is displayed - Pass
20-03-2018 13:14 INFO  - Billing Addrs field in Review Order Page is displayed - Pass
20-03-2018 13:14 INFO  - Payment field in Review Order Page is displayed - Pass
20-03-2018 13:14 INFO  - scrolled to Scrolling - Pass
20-03-2018 13:14 INFO  - Shipping Addrs field in Review Order Page is displayed - Pass
20-03-2018 13:14 INFO  - Order Summary field in Review Order Page is displayed - Pass
20-03-2018 13:14 INFO  - Place Order is displayed - Pass
20-03-2018 13:14 INFO  - http://m.lordandtaylor.com/ is opened - Pass
20-03-2018 13:14 INFO  - Click Search is clicked - Pass
20-03-2018 13:14 INFO  - denims is entered in Search - Pass
20-03-2018 13:15 INFO  - search/PLP page is displayed - Pass
20-03-2018 13:15 INFO  - Search Count is displayed - Pass
20-03-2018 13:15 INFO  - PDP Page wait is displayed - Pass
20-03-2018 13:15 INFO  - scrolled to Scrolling - Pass
20-03-2018 13:15 INFO  - Colour Field present is displayed - Pass
20-03-2018 13:15 INFO  - Size field is displayed - Pass
20-03-2018 13:15 ERROR - TimeoutException
org.openqa.selenium.TimeoutException: Expected condition failed: waiting for visibility of element located by By.id: jsCheckoutRemediationGuestCheckout (tried for 50 second(s) with 500 MILLISECONDS interval)
	at org.openqa.selenium.support.ui.WebDriverWait.timeoutException(WebDriverWait.java:82)
	at org.openqa.selenium.support.ui.FluentWait.until(FluentWait.java:231)
	at com.skava.framework.action.SeleniumActionEngine.explicitWaitforVisibility(SeleniumActionEngine.java:183)
	at com.skava.framework.action.SeleniumActionEngine.isElementDisplayed(SeleniumActionEngine.java:201)
	at com.skava.reusable.components.CheckoutComponents.returnCustomer(CheckoutComponents.java:216)
	at com.skava.testcases.LT_1030_Returning_Customer_GuestCheckout_Validation.LT_1030_Returning_Customer_GuestCheckout_Validation(LT_1030_Returning_Customer_GuestCheckout_Validation.java:34)
	at sun.reflect.NativeMethodAccessorImpl.invoke0(Native Method)
	at sun.reflect.NativeMethodAccessorImpl.invoke(Unknown Source)
	at sun.reflect.DelegatingMethodAccessorImpl.invoke(Unknown Source)
	at java.lang.reflect.Method.invoke(Unknown Source)
	at org.testng.internal.MethodInvocationHelper.invokeMethod(MethodInvocationHelper.java:108)
	at org.testng.internal.Invoker.invokeMethod(Invoker.java:669)
	at org.testng.internal.Invoker.invokeTestMethod(Invoker.java:877)
	at org.testng.internal.Invoker.invokeTestMethods(Invoker.java:1201)
	at org.testng.internal.TestMethodWorker.invokeTestMethods(TestMethodWorker.java:125)
	at org.testng.internal.TestMethodWorker.run(TestMethodWorker.java:109)
	at java.util.concurrent.ThreadPoolExecutor.runWorker(Unknown Source)
	at java.util.concurrent.ThreadPoolExecutor$Worker.run(Unknown Source)
	at java.lang.Thread.run(Unknown Source)
Caused by: org.openqa.selenium.NoSuchElementException: Cannot locate an element using By.id: jsCheckoutRemediationGuestCheckout
For documentation on this error, please visit: http://seleniumhq.org/exceptions/no_such_element.html
Build info: version: '3.2.0', revision: '8c03df6b79', time: '2017-02-23 10:51:31 +0000'
System info: host: 'DESKTOP-AQOISD1', ip: '192.168.234.84', os.name: 'Windows 10', os.arch: 'amd64', os.version: '10.0', java.version: '1.8.0_112'
Driver info: driver.version: unknown
	at org.openqa.selenium.support.ui.ExpectedConditions.lambda$findElement$0(ExpectedConditions.java:882)
	at java.util.Optional.orElseThrow(Unknown Source)
	at org.openqa.selenium.support.ui.ExpectedConditions.findElement(ExpectedConditions.java:881)
	at org.openqa.selenium.support.ui.ExpectedConditions.access$000(ExpectedConditions.java:43)
	at org.openqa.selenium.support.ui.ExpectedConditions$7.apply(ExpectedConditions.java:205)
	at org.openqa.selenium.support.ui.ExpectedConditions$7.apply(ExpectedConditions.java:201)
	at org.openqa.selenium.support.ui.FluentWait.until(FluentWait.java:208)
	... 17 more
20-03-2018 13:15 ERROR - Guest Checkout is not present - failed
20-03-2018 13:15 INFO  - Colour Field present is displayed - Pass
20-03-2018 13:15 INFO  - Size field is displayed - Pass
20-03-2018 13:15 INFO  - scrolled to Add To Bag - Pass
20-03-2018 13:15 INFO  - Add To Bag Clicked is clicked - Pass
20-03-2018 13:15 INFO  - PDP overlay is displayed - Pass
20-03-2018 13:15 INFO  - Success Overlay is displayed - Pass
20-03-2018 13:15 INFO  - Success Overlay is displayed - Pass
20-03-2018 13:15 INFO  - Checkout Clicked is clicked - Pass
20-03-2018 13:15 INFO  - IS Cart page products is displayed is displayed - Pass
20-03-2018 13:15 INFO  - Is Cart page Displayed is displayed - Pass
20-03-2018 13:15 INFO  - Wait is displayed - Pass
20-03-2018 13:15 INFO  - scrolled to scroll to checkout - Pass
20-03-2018 13:15 INFO  - Click Checkout is clicked - Pass
20-03-2018 13:15 INFO  - Guest Checkout is displayed - Pass
20-03-2018 13:15 INFO  - scrolled to Guest Checkout - Pass
20-03-2018 13:15 INFO  - Guest Checkout is clicked - Pass
20-03-2018 13:15 ERROR - TimeoutException
org.openqa.selenium.TimeoutException: Expected condition failed: waiting for visibility of element located by By.id: jsQuickCheckout (tried for 30 second(s) with 500 MILLISECONDS interval)
	at org.openqa.selenium.support.ui.WebDriverWait.timeoutException(WebDriverWait.java:82)
	at org.openqa.selenium.support.ui.FluentWait.until(FluentWait.java:231)
	at com.skava.framework.action.SeleniumActionEngine.explicitWaitforVisibility(SeleniumActionEngine.java:183)
	at com.skava.framework.action.SeleniumActionEngine.isElementDisplayed(SeleniumActionEngine.java:201)
	at com.skava.reusable.components.CheckoutComponents.returnCustomer(CheckoutComponents.java:220)
	at com.skava.testcases.LT_1030_Returning_Customer_GuestCheckout_Validation.LT_1030_Returning_Customer_GuestCheckout_Validation(LT_1030_Returning_Customer_GuestCheckout_Validation.java:34)
	at sun.reflect.NativeMethodAccessorImpl.invoke0(Native Method)
	at sun.reflect.NativeMethodAccessorImpl.invoke(Unknown Source)
	at sun.reflect.DelegatingMethodAccessorImpl.invoke(Unknown Source)
	at java.lang.reflect.Method.invoke(Unknown Source)
	at org.testng.internal.MethodInvocationHelper.invokeMethod(MethodInvocationHelper.java:108)
	at org.testng.internal.Invoker.invokeMethod(Invoker.java:669)
	at org.testng.internal.Invoker.invokeTestMethod(Invoker.java:877)
	at org.testng.internal.Invoker.invokeTestMethods(Invoker.java:1201)
	at org.testng.internal.TestMethodWorker.invokeTestMethods(TestMethodWorker.java:125)
	at org.testng.internal.TestMethodWorker.run(TestMethodWorker.java:109)
	at java.util.concurrent.ThreadPoolExecutor.runWorker(Unknown Source)
	at java.util.concurrent.ThreadPoolExecutor$Worker.run(Unknown Source)
	at java.lang.Thread.run(Unknown Source)
Caused by: org.openqa.selenium.NoSuchElementException: Cannot locate an element using By.id: jsQuickCheckout
For documentation on this error, please visit: http://seleniumhq.org/exceptions/no_such_element.html
Build info: version: '3.2.0', revision: '8c03df6b79', time: '2017-02-23 10:51:31 +0000'
System info: host: 'DESKTOP-AQOISD1', ip: '192.168.234.84', os.name: 'Windows 10', os.arch: 'amd64', os.version: '10.0', java.version: '1.8.0_112'
Driver info: driver.version: unknown
	at org.openqa.selenium.support.ui.ExpectedConditions.lambda$findElement$0(ExpectedConditions.java:882)
	at java.util.Optional.orElseThrow(Unknown Source)
	at org.openqa.selenium.support.ui.ExpectedConditions.findElement(ExpectedConditions.java:881)
	at org.openqa.selenium.support.ui.ExpectedConditions.access$000(ExpectedConditions.java:43)
	at org.openqa.selenium.support.ui.ExpectedConditions$7.apply(ExpectedConditions.java:205)
	at org.openqa.selenium.support.ui.ExpectedConditions$7.apply(ExpectedConditions.java:201)
	at org.openqa.selenium.support.ui.FluentWait.until(FluentWait.java:208)
	... 17 more
20-03-2018 13:15 ERROR - User Sign IN is not present - failed
20-03-2018 13:15 INFO  - Guest checkout shipping screen is displayed on tapping guest chekout button is displayed - Pass
20-03-2018 13:15 INFO  - scrolled to Add To Bag - Pass
20-03-2018 13:15 INFO  - Add To Bag Clicked is clicked - Pass
20-03-2018 13:15 INFO  - PDP overlay is displayed - Pass
20-03-2018 13:15 INFO  - Success Overlay is displayed - Pass
20-03-2018 13:15 INFO  - Success Overlay is displayed - Pass
20-03-2018 13:16 INFO  - http://m.lordandtaylor.com/ is opened - Pass
20-03-2018 13:16 INFO  - Click Search is clicked - Pass
20-03-2018 13:16 INFO  - http://m.lordandtaylor.com/ is opened - Pass
20-03-2018 13:16 INFO  - Click Search is clicked - Pass
20-03-2018 13:16 INFO  - pants is entered in Search - Pass
20-03-2018 13:16 INFO  - dress is entered in Search - Pass
20-03-2018 13:16 INFO  - Checkout Clicked is clicked - Pass
20-03-2018 13:16 INFO  - IS Cart page products is displayed is displayed - Pass
20-03-2018 13:16 INFO  - Is Cart page Displayed is displayed - Pass
20-03-2018 13:16 INFO  - Wait is displayed - Pass
20-03-2018 13:16 INFO  - scrolled to scroll to checkout - Pass
20-03-2018 13:16 INFO  - Click Checkout is clicked - Pass
20-03-2018 13:16 INFO  - Guest Checkout is displayed - Pass
20-03-2018 13:16 INFO  - scrolled to Guest Checkout - Pass
20-03-2018 13:16 INFO  - Guest Checkout is clicked - Pass
20-03-2018 13:16 INFO  - search/PLP page is displayed - Pass
20-03-2018 13:16 INFO  - Search Count is displayed - Pass
20-03-2018 13:16 INFO  - search/PLP page is displayed - Pass
20-03-2018 13:16 INFO  - Search Count is displayed - Pass
20-03-2018 13:16 INFO  - PDP Page wait is displayed - Pass
20-03-2018 13:16 INFO  - scrolled to Scrolling - Pass
20-03-2018 13:16 INFO  - Colour Field present is displayed - Pass
20-03-2018 13:16 INFO  - Guest checkout shipping screen is displayed on tapping guest chekout button is displayed - Pass
20-03-2018 13:16 INFO  - FirstName is entered in the field - Pass
20-03-2018 13:16 INFO  - SecondName is entered in the field - Pass
20-03-2018 13:16 INFO  - Address 1 is entered in the field - Pass
20-03-2018 13:16 INFO  - Address 2 is entered in the field - Pass
20-03-2018 13:16 INFO  - City is entered in the field - Pass
20-03-2018 13:16 INFO  - scrolled to Scrolling - Pass
20-03-2018 13:16 INFO  - Postal Code is entered in the field - Pass
20-03-2018 13:16 INFO  - PDP Page wait is displayed - Pass
20-03-2018 13:16 INFO  - Untick default billing option is clicked - Pass
20-03-2018 13:16 INFO  - scrolled to Scrolling - Pass
20-03-2018 13:16 INFO  - Colour Field present is displayed - Pass
20-03-2018 13:16 INFO  - PhoneNumber is entered in the field - Pass
20-03-2018 13:16 INFO  - Mail Address is entered in the field - Pass
20-03-2018 13:16 INFO  - Is Continue Checkout Button displayed is displayed - Pass
20-03-2018 13:16 INFO  - scrolled to Scroll to Continue Checkout Button - Pass
20-03-2018 13:16 INFO  - Click Continue checkout button is clicked - Pass
20-03-2018 13:16 INFO  - Size field is displayed - Pass
20-03-2018 13:16 INFO  - scrolled to Add To Bag - Pass
20-03-2018 13:16 INFO  - Add To Bag Clicked is clicked - Pass
20-03-2018 13:16 INFO  - Address Verification is displayed - Pass
20-03-2018 13:16 INFO  - scrolled to Clicked use as entered in address verification overlay - Pass
20-03-2018 13:16 INFO  - Size field is displayed - Pass
20-03-2018 13:16 INFO  - scrolled to Add To Bag - Pass
20-03-2018 13:16 INFO  - Add To Bag Clicked is clicked - Pass
20-03-2018 13:16 INFO  - PDP overlay is displayed - Pass
20-03-2018 13:16 INFO  - Success Overlay is displayed - Pass
20-03-2018 13:16 INFO  - Success Overlay is displayed - Pass
20-03-2018 13:16 ERROR - TimeoutException
org.openqa.selenium.TimeoutException: Expected condition failed: waiting for visibility of element located by By.id: pdpAddtoBagBtn (tried for 10 second(s) with 500 MILLISECONDS interval)
	at org.openqa.selenium.support.ui.WebDriverWait.timeoutException(WebDriverWait.java:82)
	at org.openqa.selenium.support.ui.FluentWait.until(FluentWait.java:231)
	at com.skava.framework.action.SeleniumActionEngine.explicitWaitforVisibility(SeleniumActionEngine.java:183)
	at com.skava.framework.action.SeleniumActionEngine.isElementDisplayed(SeleniumActionEngine.java:201)
	at com.skava.reusable.components.CheckoutComponents.addressVerification(CheckoutComponents.java:115)
	at com.skava.testcases.LT_1081_GuestCheckout_AddShipping.LT_1081_GuestCheckout_Add_Shipping(LT_1081_GuestCheckout_AddShipping.java:39)
	at sun.reflect.NativeMethodAccessorImpl.invoke0(Native Method)
	at sun.reflect.NativeMethodAccessorImpl.invoke(Unknown Source)
	at sun.reflect.DelegatingMethodAccessorImpl.invoke(Unknown Source)
	at java.lang.reflect.Method.invoke(Unknown Source)
	at org.testng.internal.MethodInvocationHelper.invokeMethod(MethodInvocationHelper.java:108)
	at org.testng.internal.Invoker.invokeMethod(Invoker.java:669)
	at org.testng.internal.Invoker.invokeTestMethod(Invoker.java:877)
	at org.testng.internal.Invoker.invokeTestMethods(Invoker.java:1201)
	at org.testng.internal.TestMethodWorker.invokeTestMethods(TestMethodWorker.java:125)
	at org.testng.internal.TestMethodWorker.run(TestMethodWorker.java:109)
	at java.util.concurrent.ThreadPoolExecutor.runWorker(Unknown Source)
	at java.util.concurrent.ThreadPoolExecutor$Worker.run(Unknown Source)
	at java.lang.Thread.run(Unknown Source)
Caused by: org.openqa.selenium.NoSuchElementException: Cannot locate an element using By.id: pdpAddtoBagBtn
For documentation on this error, please visit: http://seleniumhq.org/exceptions/no_such_element.html
Build info: version: '3.2.0', revision: '8c03df6b79', time: '2017-02-23 10:51:31 +0000'
System info: host: 'DESKTOP-AQOISD1', ip: '192.168.234.84', os.name: 'Windows 10', os.arch: 'amd64', os.version: '10.0', java.version: '1.8.0_112'
Driver info: driver.version: unknown
	at org.openqa.selenium.support.ui.ExpectedConditions.lambda$findElement$0(ExpectedConditions.java:882)
	at java.util.Optional.orElseThrow(Unknown Source)
	at org.openqa.selenium.support.ui.ExpectedConditions.findElement(ExpectedConditions.java:881)
	at org.openqa.selenium.support.ui.ExpectedConditions.access$000(ExpectedConditions.java:43)
	at org.openqa.selenium.support.ui.ExpectedConditions$7.apply(ExpectedConditions.java:205)
	at org.openqa.selenium.support.ui.ExpectedConditions$7.apply(ExpectedConditions.java:201)
	at org.openqa.selenium.support.ui.FluentWait.until(FluentWait.java:208)
	... 17 more
20-03-2018 13:16 ERROR - wait is not present - failed
20-03-2018 13:16 INFO  - Clicked OK is displayed - Pass
20-03-2018 13:16 INFO  - Clicked OK is clicked - Pass
20-03-2018 13:16 INFO  - Checkout Clicked is clicked - Pass
20-03-2018 13:16 INFO  - IS Cart page products is displayed is displayed - Pass
20-03-2018 13:16 INFO  - Is Cart page Displayed is displayed - Pass
20-03-2018 13:16 INFO  - Wait is displayed - Pass
20-03-2018 13:16 INFO  - scrolled to scroll to checkout - Pass
20-03-2018 13:16 INFO  - Click Checkout is clicked - Pass
20-03-2018 13:16 INFO  - Guest Checkout is displayed - Pass
20-03-2018 13:16 INFO  - scrolled to Guest Checkout - Pass
20-03-2018 13:16 INFO  - Guest Checkout is clicked - Pass
20-03-2018 13:16 INFO  - http://m.lordandtaylor.com/ is opened - Pass
20-03-2018 13:16 INFO  - Click Search is clicked - Pass
20-03-2018 13:16 INFO  - shoes is entered in Search - Pass
20-03-2018 13:16 INFO  - Guest checkout shipping screen is displayed on tapping guest chekout button is displayed - Pass
20-03-2018 13:16 INFO  - FirstName is entered in the field - Pass
20-03-2018 13:16 INFO  - SecondName is entered in the field - Pass
20-03-2018 13:16 INFO  - Address 1 is entered in the field - Pass
20-03-2018 13:16 INFO  - Address 2 is entered in the field - Pass
20-03-2018 13:16 INFO  - City is entered in the field - Pass
20-03-2018 13:16 INFO  - scrolled to Scrolling - Pass
20-03-2018 13:16 INFO  - Postal Code is entered in the field - Pass
20-03-2018 13:16 INFO  - PhoneNumber is entered in the field - Pass
20-03-2018 13:16 INFO  - Mail Address is entered in the field - Pass
20-03-2018 13:16 INFO  - Is Continue Checkout Button displayed is displayed - Pass
20-03-2018 13:16 INFO  - scrolled to Scroll to Continue Checkout Button - Pass
20-03-2018 13:16 INFO  - Click Continue checkout button is clicked - Pass
20-03-2018 13:16 INFO  - PDP overlay is displayed - Pass
20-03-2018 13:16 INFO  - Success Overlay is displayed - Pass
20-03-2018 13:16 INFO  - Success Overlay is displayed - Pass
20-03-2018 13:17 INFO  - Address Verification is displayed - Pass
20-03-2018 13:17 INFO  - scrolled to Clicked use as entered in address verification overlay - Pass
20-03-2018 13:17 INFO  - search/PLP page is displayed - Pass
20-03-2018 13:17 INFO  - Search Count is displayed - Pass
20-03-2018 13:17 INFO  - PDP Page wait is displayed - Pass
20-03-2018 13:17 INFO  - scrolled to Scrolling - Pass
20-03-2018 13:17 INFO  - Colour Field present is displayed - Pass
20-03-2018 13:17 ERROR - TimeoutException
org.openqa.selenium.TimeoutException: Expected condition failed: waiting for visibility of element located by By.id: pdpAddtoBagBtn (tried for 10 second(s) with 500 MILLISECONDS interval)
	at org.openqa.selenium.support.ui.WebDriverWait.timeoutException(WebDriverWait.java:82)
	at org.openqa.selenium.support.ui.FluentWait.until(FluentWait.java:231)
	at com.skava.framework.action.SeleniumActionEngine.explicitWaitforVisibility(SeleniumActionEngine.java:183)
	at com.skava.framework.action.SeleniumActionEngine.isElementDisplayed(SeleniumActionEngine.java:201)
	at com.skava.reusable.components.CheckoutComponents.addressVerification(CheckoutComponents.java:115)
	at com.skava.testcases.LT_1176_Review_Order_PlaceOrder_Button_Validation.LT_1176_Review_Order_PlaceOrder_Button_Validation(LT_1176_Review_Order_PlaceOrder_Button_Validation.java:40)
	at sun.reflect.NativeMethodAccessorImpl.invoke0(Native Method)
	at sun.reflect.NativeMethodAccessorImpl.invoke(Unknown Source)
	at sun.reflect.DelegatingMethodAccessorImpl.invoke(Unknown Source)
	at java.lang.reflect.Method.invoke(Unknown Source)
	at org.testng.internal.MethodInvocationHelper.invokeMethod(MethodInvocationHelper.java:108)
	at org.testng.internal.Invoker.invokeMethod(Invoker.java:669)
	at org.testng.internal.Invoker.invokeTestMethod(Invoker.java:877)
	at org.testng.internal.Invoker.invokeTestMethods(Invoker.java:1201)
	at org.testng.internal.TestMethodWorker.invokeTestMethods(TestMethodWorker.java:125)
	at org.testng.internal.TestMethodWorker.run(TestMethodWorker.java:109)
	at java.util.concurrent.ThreadPoolExecutor.runWorker(Unknown Source)
	at java.util.concurrent.ThreadPoolExecutor$Worker.run(Unknown Source)
	at java.lang.Thread.run(Unknown Source)
Caused by: org.openqa.selenium.NoSuchElementException: Cannot locate an element using By.id: pdpAddtoBagBtn
For documentation on this error, please visit: http://seleniumhq.org/exceptions/no_such_element.html
Build info: version: '3.2.0', revision: '8c03df6b79', time: '2017-02-23 10:51:31 +0000'
System info: host: 'DESKTOP-AQOISD1', ip: '192.168.234.84', os.name: 'Windows 10', os.arch: 'amd64', os.version: '10.0', java.version: '1.8.0_112'
Driver info: driver.version: unknown
	at org.openqa.selenium.support.ui.ExpectedConditions.lambda$findElement$0(ExpectedConditions.java:882)
	at java.util.Optional.orElseThrow(Unknown Source)
	at org.openqa.selenium.support.ui.ExpectedConditions.findElement(ExpectedConditions.java:881)
	at org.openqa.selenium.support.ui.ExpectedConditions.access$000(ExpectedConditions.java:43)
	at org.openqa.selenium.support.ui.ExpectedConditions$7.apply(ExpectedConditions.java:205)
	at org.openqa.selenium.support.ui.ExpectedConditions$7.apply(ExpectedConditions.java:201)
	at org.openqa.selenium.support.ui.FluentWait.until(FluentWait.java:208)
	... 17 more
20-03-2018 13:17 ERROR - wait is not present - failed
20-03-2018 13:17 INFO  - Clicked OK is displayed - Pass
20-03-2018 13:17 INFO  - Clicked OK is clicked - Pass
20-03-2018 13:17 INFO  - Checkout Clicked is clicked - Pass
20-03-2018 13:17 INFO  - IS Cart page products is displayed is displayed - Pass
20-03-2018 13:17 INFO  - Is Cart page Displayed is displayed - Pass
20-03-2018 13:17 INFO  - scrolled to BackToUSShipping - Pass
20-03-2018 13:17 INFO  - Place Order Page is displayed - Pass
20-03-2018 13:17 INFO  - Payment Details is displayed - Pass
20-03-2018 13:17 INFO  - Enter Credit card  Number is entered in the field - Pass
20-03-2018 13:17 INFO  - Enter Credit card name is entered in the field - Pass
20-03-2018 13:17 INFO  - Enter CVV Num is entered in the field - Pass
20-03-2018 13:17 INFO  - Is Continue Checkout Button displayed is displayed - Pass
20-03-2018 13:17 INFO  - scrolled to Scroll to Continue Checkout Button - Pass
20-03-2018 13:17 INFO  - Click Continue checkout button is clicked - Pass
20-03-2018 13:17 INFO  - Review Order Page is displayed - Pass
20-03-2018 13:17 INFO  - Billing Addrs field in Review Order Page is displayed - Pass
20-03-2018 13:17 INFO  - Payment field in Review Order Page is displayed - Pass
20-03-2018 13:17 INFO  - scrolled to Scrolling - Pass
20-03-2018 13:17 INFO  - Shipping Addrs field in Review Order Page is displayed - Pass
20-03-2018 13:17 INFO  - Order Summary field in Review Order Page is displayed - Pass
20-03-2018 13:17 INFO  - Place Order is displayed - Pass
20-03-2018 13:17 INFO  - BackToUSShipping is clicked - Pass
20-03-2018 13:17 INFO  - Wait is displayed - Pass
20-03-2018 13:17 INFO  - scrolled to scroll to checkout - Pass
20-03-2018 13:17 INFO  - Click Checkout is clicked - Pass
20-03-2018 13:17 INFO  - Guest Checkout is displayed - Pass
20-03-2018 13:17 INFO  - scrolled to Guest Checkout - Pass
20-03-2018 13:17 INFO  - Guest Checkout is clicked - Pass
20-03-2018 13:17 INFO  - http://m.lordandtaylor.com/ is opened - Pass
20-03-2018 13:17 INFO  - Click Search is clicked - Pass
20-03-2018 13:17 INFO  - shirts is entered in Search - Pass
20-03-2018 13:17 INFO  - Guest checkout shipping screen is displayed on tapping guest chekout button is displayed - Pass
20-03-2018 13:17 INFO  - FirstName is entered in the field - Pass
20-03-2018 13:17 INFO  - SecondName is entered in the field - Pass
20-03-2018 13:17 INFO  - Address 1 is entered in the field - Pass
20-03-2018 13:17 INFO  - Address 2 is entered in the field - Pass
20-03-2018 13:17 INFO  - City is entered in the field - Pass
20-03-2018 13:17 INFO  - scrolled to Scrolling - Pass
20-03-2018 13:17 INFO  - Postal Code is entered in the field - Pass
20-03-2018 13:17 INFO  - PhoneNumber is entered in the field - Pass
20-03-2018 13:17 INFO  - Mail Address is entered in the field - Pass
20-03-2018 13:17 INFO  - Is Continue Checkout Button displayed is displayed - Pass
20-03-2018 13:17 INFO  - scrolled to Scroll to Continue Checkout Button - Pass
20-03-2018 13:17 INFO  - Click Continue checkout button is clicked - Pass
20-03-2018 13:17 INFO  - Address Verification is displayed - Pass
20-03-2018 13:17 INFO  - scrolled to Clicked use as entered in address verification overlay - Pass
20-03-2018 13:17 INFO  - Size field is displayed - Pass
20-03-2018 13:17 INFO  - scrolled to Add To Bag - Pass
20-03-2018 13:17 INFO  - Add To Bag Clicked is clicked - Pass
20-03-2018 13:17 INFO  - search/PLP page is displayed - Pass
20-03-2018 13:17 INFO  - Search Count is displayed - Pass
20-03-2018 13:17 INFO  - PDP overlay is displayed - Pass
20-03-2018 13:17 INFO  - Success Overlay is displayed - Pass
20-03-2018 13:17 INFO  - Success Overlay is displayed - Pass
20-03-2018 13:17 INFO  - PDP Page wait is displayed - Pass
20-03-2018 13:17 INFO  - scrolled to Scrolling - Pass
20-03-2018 13:17 INFO  - Colour Field present is displayed - Pass
20-03-2018 13:17 INFO  - Size field is displayed - Pass
20-03-2018 13:17 ERROR - TimeoutException
org.openqa.selenium.TimeoutException: Expected condition failed: waiting for visibility of element located by By.id: pdpAddtoBagBtn (tried for 10 second(s) with 500 MILLISECONDS interval)
	at org.openqa.selenium.support.ui.WebDriverWait.timeoutException(WebDriverWait.java:82)
	at org.openqa.selenium.support.ui.FluentWait.until(FluentWait.java:231)
	at com.skava.framework.action.SeleniumActionEngine.explicitWaitforVisibility(SeleniumActionEngine.java:183)
	at com.skava.framework.action.SeleniumActionEngine.isElementDisplayed(SeleniumActionEngine.java:201)
	at com.skava.reusable.components.CheckoutComponents.addressVerification(CheckoutComponents.java:115)
	at com.skava.testcases.LT_1083_Payment_Page_Guest_Validation.LT_1083_Payment_Page_Guest_Validation(LT_1083_Payment_Page_Guest_Validation.java:41)
	at sun.reflect.NativeMethodAccessorImpl.invoke0(Native Method)
	at sun.reflect.NativeMethodAccessorImpl.invoke(Unknown Source)
	at sun.reflect.DelegatingMethodAccessorImpl.invoke(Unknown Source)
	at java.lang.reflect.Method.invoke(Unknown Source)
	at org.testng.internal.MethodInvocationHelper.invokeMethod(MethodInvocationHelper.java:108)
	at org.testng.internal.Invoker.invokeMethod(Invoker.java:669)
	at org.testng.internal.Invoker.invokeTestMethod(Invoker.java:877)
	at org.testng.internal.Invoker.invokeTestMethods(Invoker.java:1201)
	at org.testng.internal.TestMethodWorker.invokeTestMethods(TestMethodWorker.java:125)
	at org.testng.internal.TestMethodWorker.run(TestMethodWorker.java:109)
	at java.util.concurrent.ThreadPoolExecutor.runWorker(Unknown Source)
	at java.util.concurrent.ThreadPoolExecutor$Worker.run(Unknown Source)
	at java.lang.Thread.run(Unknown Source)
Caused by: org.openqa.selenium.NoSuchElementException: Cannot locate an element using By.id: pdpAddtoBagBtn
For documentation on this error, please visit: http://seleniumhq.org/exceptions/no_such_element.html
Build info: version: '3.2.0', revision: '8c03df6b79', time: '2017-02-23 10:51:31 +0000'
System info: host: 'DESKTOP-AQOISD1', ip: '192.168.234.84', os.name: 'Windows 10', os.arch: 'amd64', os.version: '10.0', java.version: '1.8.0_112'
Driver info: driver.version: unknown
	at org.openqa.selenium.support.ui.ExpectedConditions.lambda$findElement$0(ExpectedConditions.java:882)
	at java.util.Optional.orElseThrow(Unknown Source)
	at org.openqa.selenium.support.ui.ExpectedConditions.findElement(ExpectedConditions.java:881)
	at org.openqa.selenium.support.ui.ExpectedConditions.access$000(ExpectedConditions.java:43)
	at org.openqa.selenium.support.ui.ExpectedConditions$7.apply(ExpectedConditions.java:205)
	at org.openqa.selenium.support.ui.ExpectedConditions$7.apply(ExpectedConditions.java:201)
	at org.openqa.selenium.support.ui.FluentWait.until(FluentWait.java:208)
	... 17 more
20-03-2018 13:17 ERROR - wait is not present - failed
20-03-2018 13:17 INFO  - Clicked OK is displayed - Pass
20-03-2018 13:17 INFO  - Clicked OK is clicked - Pass
20-03-2018 13:17 INFO  - Place Order Page is displayed - Pass
20-03-2018 13:18 INFO  - Checkout Clicked is clicked - Pass
20-03-2018 13:18 INFO  - IS Cart page products is displayed is displayed - Pass
20-03-2018 13:18 INFO  - Is Cart page Displayed is displayed - Pass
20-03-2018 13:18 INFO  - scrolled to BackToUSShipping - Pass
20-03-2018 13:18 INFO  - BackToUSShipping is clicked - Pass
20-03-2018 13:18 INFO  - Wait is displayed - Pass
20-03-2018 13:18 INFO  - scrolled to scroll to checkout - Pass
20-03-2018 13:18 INFO  - Click Checkout is clicked - Pass
20-03-2018 13:18 INFO  - Guest Checkout is displayed - Pass
20-03-2018 13:18 INFO  - scrolled to Guest Checkout - Pass
20-03-2018 13:18 INFO  - Guest Checkout is clicked - Pass
20-03-2018 13:18 INFO  - Guest checkout shipping screen is displayed on tapping guest chekout button is displayed - Pass
20-03-2018 13:18 INFO  - FirstName is entered in the field - Pass
20-03-2018 13:18 INFO  - SecondName is entered in the field - Pass
20-03-2018 13:18 INFO  - Address 1 is entered in the field - Pass
20-03-2018 13:18 INFO  - Address 2 is entered in the field - Pass
20-03-2018 13:18 INFO  - City is entered in the field - Pass
20-03-2018 13:18 INFO  - scrolled to Scrolling - Pass
20-03-2018 13:18 INFO  - Postal Code is entered in the field - Pass
20-03-2018 13:18 INFO  - PhoneNumber is entered in the field - Pass
20-03-2018 13:18 INFO  - Mail Address is entered in the field - Pass
20-03-2018 13:18 INFO  - Is Continue Checkout Button displayed is displayed - Pass
20-03-2018 13:18 INFO  - scrolled to Scroll to Continue Checkout Button - Pass
20-03-2018 13:18 INFO  - Click Continue checkout button is clicked - Pass
20-03-2018 13:18 INFO  - Address Verification is displayed - Pass
20-03-2018 13:18 INFO  - scrolled to Clicked use as entered in address verification overlay - Pass
20-03-2018 13:18 INFO  - scrolled to Add To Bag - Pass
20-03-2018 13:18 INFO  - Add To Bag Clicked is clicked - Pass
20-03-2018 13:18 INFO  - PDP overlay is displayed - Pass
20-03-2018 13:18 INFO  - Success Overlay is displayed - Pass
20-03-2018 13:18 INFO  - Success Overlay is displayed - Pass
20-03-2018 13:18 ERROR - TimeoutException
org.openqa.selenium.TimeoutException: Expected condition failed: waiting for visibility of element located by By.id: pdpAddtoBagBtn (tried for 10 second(s) with 500 MILLISECONDS interval)
	at org.openqa.selenium.support.ui.WebDriverWait.timeoutException(WebDriverWait.java:82)
	at org.openqa.selenium.support.ui.FluentWait.until(FluentWait.java:231)
	at com.skava.framework.action.SeleniumActionEngine.explicitWaitforVisibility(SeleniumActionEngine.java:183)
	at com.skava.framework.action.SeleniumActionEngine.isElementDisplayed(SeleniumActionEngine.java:201)
	at com.skava.reusable.components.CheckoutComponents.addressVerification(CheckoutComponents.java:115)
	at com.skava.testcases.LT_1235_GuestCheckout_Payment_FiledCheck.LT_1235_GuestCheckout_Payment_FiledCheck(LT_1235_GuestCheckout_Payment_FiledCheck.java:40)
	at sun.reflect.NativeMethodAccessorImpl.invoke0(Native Method)
	at sun.reflect.NativeMethodAccessorImpl.invoke(Unknown Source)
	at sun.reflect.DelegatingMethodAccessorImpl.invoke(Unknown Source)
	at java.lang.reflect.Method.invoke(Unknown Source)
	at org.testng.internal.MethodInvocationHelper.invokeMethod(MethodInvocationHelper.java:108)
	at org.testng.internal.Invoker.invokeMethod(Invoker.java:669)
	at org.testng.internal.Invoker.invokeTestMethod(Invoker.java:877)
	at org.testng.internal.Invoker.invokeTestMethods(Invoker.java:1201)
	at org.testng.internal.TestMethodWorker.invokeTestMethods(TestMethodWorker.java:125)
	at org.testng.internal.TestMethodWorker.run(TestMethodWorker.java:109)
	at java.util.concurrent.ThreadPoolExecutor.runWorker(Unknown Source)
	at java.util.concurrent.ThreadPoolExecutor$Worker.run(Unknown Source)
	at java.lang.Thread.run(Unknown Source)
Caused by: org.openqa.selenium.NoSuchElementException: Cannot locate an element using By.id: pdpAddtoBagBtn
For documentation on this error, please visit: http://seleniumhq.org/exceptions/no_such_element.html
Build info: version: '3.2.0', revision: '8c03df6b79', time: '2017-02-23 10:51:31 +0000'
System info: host: 'DESKTOP-AQOISD1', ip: '192.168.234.84', os.name: 'Windows 10', os.arch: 'amd64', os.version: '10.0', java.version: '1.8.0_112'
Driver info: driver.version: unknown
	at org.openqa.selenium.support.ui.ExpectedConditions.lambda$findElement$0(ExpectedConditions.java:882)
	at java.util.Optional.orElseThrow(Unknown Source)
	at org.openqa.selenium.support.ui.ExpectedConditions.findElement(ExpectedConditions.java:881)
	at org.openqa.selenium.support.ui.ExpectedConditions.access$000(ExpectedConditions.java:43)
	at org.openqa.selenium.support.ui.ExpectedConditions$7.apply(ExpectedConditions.java:205)
	at org.openqa.selenium.support.ui.ExpectedConditions$7.apply(ExpectedConditions.java:201)
	at org.openqa.selenium.support.ui.FluentWait.until(FluentWait.java:208)
	... 17 more
20-03-2018 13:18 ERROR - wait is not present - failed
20-03-2018 13:18 INFO  - Clicked OK is displayed - Pass
20-03-2018 13:18 INFO  - Clicked OK is clicked - Pass
20-03-2018 13:18 INFO  - Place Order Page is displayed - Pass
20-03-2018 13:18 INFO  - Payment section is displayed - Pass
20-03-2018 13:18 INFO  - Payment section is displayed - Pass
20-03-2018 13:18 INFO  - scrolled to scroll to gift section - Pass
20-03-2018 13:18 INFO  - Payment gift card section is displayed - Pass
20-03-2018 13:18 INFO  - scrolled to scroll to promo code section - Pass
20-03-2018 13:18 INFO  - Payment promo code section is displayed - Pass
20-03-2018 13:18 INFO  - scrolled to scroll to create account section - Pass
20-03-2018 13:18 INFO  - Payment create account section is displayed - Pass
20-03-2018 13:18 INFO  - Checkout Clicked is clicked - Pass
20-03-2018 13:18 INFO  - IS Cart page products is displayed is displayed - Pass
20-03-2018 13:18 INFO  - Is Cart page Displayed is displayed - Pass
20-03-2018 13:18 INFO  - Wait is displayed - Pass
20-03-2018 13:18 INFO  - scrolled to scroll to checkout - Pass
20-03-2018 13:18 INFO  - Click Checkout is clicked - Pass
20-03-2018 13:18 INFO  - Guest Checkout is displayed - Pass
20-03-2018 13:18 INFO  - scrolled to Guest Checkout - Pass
20-03-2018 13:18 INFO  - Guest Checkout is clicked - Pass
20-03-2018 13:19 INFO  - Guest checkout shipping screen is displayed on tapping guest chekout button is displayed - Pass
20-03-2018 13:19 INFO  - FirstName is entered in the field - Pass
20-03-2018 13:19 INFO  - SecondName is entered in the field - Pass
20-03-2018 13:19 INFO  - Address 1 is entered in the field - Pass
20-03-2018 13:19 INFO  - Address 2 is entered in the field - Pass
20-03-2018 13:19 INFO  - City is entered in the field - Pass
20-03-2018 13:19 INFO  - scrolled to Scrolling - Pass
20-03-2018 13:19 INFO  - Postal Code is entered in the field - Pass
20-03-2018 13:19 INFO  - PhoneNumber is entered in the field - Pass
20-03-2018 13:19 INFO  - Mail Address is entered in the field - Pass
20-03-2018 13:19 INFO  - Is Continue Checkout Button displayed is displayed - Pass
20-03-2018 13:19 INFO  - scrolled to Scroll to Continue Checkout Button - Pass
20-03-2018 13:19 INFO  - Click Continue checkout button is clicked - Pass
20-03-2018 13:19 INFO  - Address Verification is displayed - Pass
20-03-2018 13:19 INFO  - scrolled to Clicked use as entered in address verification overlay - Pass
20-03-2018 13:19 ERROR - TimeoutException
org.openqa.selenium.TimeoutException: Expected condition failed: waiting for visibility of element located by By.id: pdpAddtoBagBtn (tried for 10 second(s) with 500 MILLISECONDS interval)
	at org.openqa.selenium.support.ui.WebDriverWait.timeoutException(WebDriverWait.java:82)
	at org.openqa.selenium.support.ui.FluentWait.until(FluentWait.java:231)
	at com.skava.framework.action.SeleniumActionEngine.explicitWaitforVisibility(SeleniumActionEngine.java:183)
	at com.skava.framework.action.SeleniumActionEngine.isElementDisplayed(SeleniumActionEngine.java:201)
	at com.skava.reusable.components.CheckoutComponents.addressVerification(CheckoutComponents.java:115)
	at com.skava.testcases.LT_1236_GuestCheckout_Payment_FieldCheck.LT_1236_GuestCheckout_Payment_FieldCheck(LT_1236_GuestCheckout_Payment_FieldCheck.java:40)
	at sun.reflect.NativeMethodAccessorImpl.invoke0(Native Method)
	at sun.reflect.NativeMethodAccessorImpl.invoke(Unknown Source)
	at sun.reflect.DelegatingMethodAccessorImpl.invoke(Unknown Source)
	at java.lang.reflect.Method.invoke(Unknown Source)
	at org.testng.internal.MethodInvocationHelper.invokeMethod(MethodInvocationHelper.java:108)
	at org.testng.internal.Invoker.invokeMethod(Invoker.java:669)
	at org.testng.internal.Invoker.invokeTestMethod(Invoker.java:877)
	at org.testng.internal.Invoker.invokeTestMethods(Invoker.java:1201)
	at org.testng.internal.TestMethodWorker.invokeTestMethods(TestMethodWorker.java:125)
	at org.testng.internal.TestMethodWorker.run(TestMethodWorker.java:109)
	at java.util.concurrent.ThreadPoolExecutor.runWorker(Unknown Source)
	at java.util.concurrent.ThreadPoolExecutor$Worker.run(Unknown Source)
	at java.lang.Thread.run(Unknown Source)
Caused by: org.openqa.selenium.NoSuchElementException: Cannot locate an element using By.id: pdpAddtoBagBtn
For documentation on this error, please visit: http://seleniumhq.org/exceptions/no_such_element.html
Build info: version: '3.2.0', revision: '8c03df6b79', time: '2017-02-23 10:51:31 +0000'
System info: host: 'DESKTOP-AQOISD1', ip: '192.168.234.84', os.name: 'Windows 10', os.arch: 'amd64', os.version: '10.0', java.version: '1.8.0_112'
Driver info: driver.version: unknown
	at org.openqa.selenium.support.ui.ExpectedConditions.lambda$findElement$0(ExpectedConditions.java:882)
	at java.util.Optional.orElseThrow(Unknown Source)
	at org.openqa.selenium.support.ui.ExpectedConditions.findElement(ExpectedConditions.java:881)
	at org.openqa.selenium.support.ui.ExpectedConditions.access$000(ExpectedConditions.java:43)
	at org.openqa.selenium.support.ui.ExpectedConditions$7.apply(ExpectedConditions.java:205)
	at org.openqa.selenium.support.ui.ExpectedConditions$7.apply(ExpectedConditions.java:201)
	at org.openqa.selenium.support.ui.FluentWait.until(FluentWait.java:208)
	... 17 more
20-03-2018 13:19 ERROR - wait is not present - failed
20-03-2018 13:19 INFO  - Clicked OK is displayed - Pass
20-03-2018 13:19 INFO  - Clicked OK is clicked - Pass
20-03-2018 13:19 INFO  - Place Order Page is displayed - Pass
20-03-2018 13:19 INFO  - Payment section is displayed - Pass
20-03-2018 13:19 INFO  - Payment section is displayed - Pass
20-03-2018 13:19 INFO  - Payment type is displayed - Pass
20-03-2018 13:19 INFO  - Card no  is displayed - Pass
20-03-2018 13:19 INFO  - Card name  is displayed - Pass
20-03-2018 13:19 INFO  - Card  exp month is displayed - Pass
20-03-2018 13:19 INFO  - Card  exp year is displayed - Pass
20-03-2018 13:19 INFO  - Card  CVV is displayed - Pass
20-03-2018 13:19 INFO  - scrolled to scroll to gift section - Pass
20-03-2018 13:19 INFO  - Payment gift card section is displayed - Pass
20-03-2018 13:19 INFO  - Gift Card No is displayed - Pass
20-03-2018 13:19 INFO  - Gift Card Pin is displayed - Pass
20-03-2018 13:19 INFO  - scrolled to scroll to promo code section - Pass
20-03-2018 13:19 INFO  - Payment promo code section is displayed - Pass
20-03-2018 13:19 INFO  - Promo code field is displayed - Pass
20-03-2018 13:19 INFO  - scrolled to scroll to create account section - Pass
20-03-2018 13:19 INFO  - Payment create account section is displayed - Pass
20-03-2018 13:19 INFO  - Account password field is displayed - Pass
20-03-2018 13:19 INFO  - Account confirm password field is displayed - Pass
20-03-2018 13:19 INFO  - Account password hint field is displayed - Pass
