20-03-2018 13:54 INFO  - http://m.lordandtaylor.com/ is opened - Pass
20-03-2018 13:54 INFO  - Click Search is clicked - Pass
20-03-2018 13:54 INFO  - Shoes is entered in Search - Pass
20-03-2018 13:54 INFO  - http://m.lordandtaylor.com/ is opened - Pass
20-03-2018 13:54 INFO  - Wait to get site Loaded is displayed - Pass
20-03-2018 13:54 INFO  - Click Menu is clicked - Pass
20-03-2018 13:54 INFO  - http://m.lordandtaylor.com/ is opened - Pass
20-03-2018 13:54 INFO  - Click Search is clicked - Pass
20-03-2018 13:54 INFO  - shirts is entered in Search - Pass
20-03-2018 13:54 INFO  - http://m.lordandtaylor.com/ is opened - Pass
20-03-2018 13:54 INFO  - Click Search is clicked - Pass
20-03-2018 13:54 INFO  - Shirts is entered in Search - Pass
20-03-2018 13:54 INFO  - http://m.lordandtaylor.com/ is opened - Pass
20-03-2018 13:54 INFO  - Wait to get site Loaded is displayed - Pass
20-03-2018 13:54 INFO  - Click Menu is clicked - Pass
20-03-2018 13:54 INFO  - search/PLP page is displayed - Pass
20-03-2018 13:54 INFO  - Search Count is displayed - Pass
20-03-2018 13:54 ERROR - TimeoutException
org.openqa.selenium.TimeoutException: Expected condition failed: waiting for visibility of element located by By.xpath: //*[@id='skMob_productListContainerId']/div[1]/div[2]/div[3]/div[2] (tried for 5 second(s) with 500 MILLISECONDS interval)
	at org.openqa.selenium.support.ui.WebDriverWait.timeoutException(WebDriverWait.java:82)
	at org.openqa.selenium.support.ui.FluentWait.until(FluentWait.java:231)
	at com.skava.framework.action.SeleniumActionEngine.explicitWaitforVisibility(SeleniumActionEngine.java:183)
	at com.skava.reusable.components.HomePageComponents.menuCategoryValidation(HomePageComponents.java:142)
	at com.skava.testcases.LT_336_BreadCrumb_Validation.LT_336_BreadCrumb_Validation(LT_336_BreadCrumb_Validation.java:27)
	at sun.reflect.NativeMethodAccessorImpl.invoke0(Native Method)
	at sun.reflect.NativeMethodAccessorImpl.invoke(Unknown Source)
	at sun.reflect.DelegatingMethodAccessorImpl.invoke(Unknown Source)
	at java.lang.reflect.Method.invoke(Unknown Source)
	at org.testng.internal.MethodInvocationHelper.invokeMethod(MethodInvocationHelper.java:108)
	at org.testng.internal.Invoker.invokeMethod(Invoker.java:669)
	at org.testng.internal.Invoker.invokeTestMethod(Invoker.java:877)
	at org.testng.internal.Invoker.invokeTestMethods(Invoker.java:1201)
	at org.testng.internal.TestMethodWorker.invokeTestMethods(TestMethodWorker.java:125)
	at org.testng.internal.TestMethodWorker.run(TestMethodWorker.java:109)
	at java.util.concurrent.ThreadPoolExecutor.runWorker(Unknown Source)
	at java.util.concurrent.ThreadPoolExecutor$Worker.run(Unknown Source)
	at java.lang.Thread.run(Unknown Source)
Caused by: org.openqa.selenium.NoSuchElementException: Cannot locate an element using By.xpath: //*[@id='skMob_productListContainerId']/div[1]/div[2]/div[3]/div[2]
For documentation on this error, please visit: http://seleniumhq.org/exceptions/no_such_element.html
Build info: version: '3.2.0', revision: '8c03df6b79', time: '2017-02-23 10:51:31 +0000'
System info: host: 'DESKTOP-AQOISD1', ip: '192.168.234.84', os.name: 'Windows 10', os.arch: 'amd64', os.version: '10.0', java.version: '1.8.0_112'
Driver info: driver.version: unknown
	at org.openqa.selenium.support.ui.ExpectedConditions.lambda$findElement$0(ExpectedConditions.java:882)
	at java.util.Optional.orElseThrow(Unknown Source)
	at org.openqa.selenium.support.ui.ExpectedConditions.findElement(ExpectedConditions.java:881)
	at org.openqa.selenium.support.ui.ExpectedConditions.access$000(ExpectedConditions.java:43)
	at org.openqa.selenium.support.ui.ExpectedConditions$7.apply(ExpectedConditions.java:205)
	at org.openqa.selenium.support.ui.ExpectedConditions$7.apply(ExpectedConditions.java:201)
	at org.openqa.selenium.support.ui.FluentWait.until(FluentWait.java:208)
	... 16 more
20-03-2018 13:54 ERROR - wait is not present - failed
20-03-2018 13:54 INFO  - wait is displayed - Pass
20-03-2018 13:54 INFO  - scrolled to Menu scroll - Pass
20-03-2018 13:54 INFO  - Menu Clicked is clicked - Pass
20-03-2018 13:54 INFO  - search/PLP page is displayed - Pass
20-03-2018 13:54 INFO  - Search Count is displayed - Pass
20-03-2018 13:54 INFO  - PDP Page wait is displayed - Pass
20-03-2018 13:54 INFO  - scrolled to Scrolling - Pass
20-03-2018 13:54 INFO  - Colour Field present is displayed - Pass
20-03-2018 13:54 INFO  - search/PLP page is displayed - Pass
20-03-2018 13:54 INFO  - Search Count is displayed - Pass
20-03-2018 13:54 ERROR - TimeoutException
org.openqa.selenium.TimeoutException: Expected condition failed: waiting for visibility of element located by By.xpath: //*[@id='skMob_productListContainerId']/div[1]/div[2]/div[3]/div[2] (tried for 5 second(s) with 500 MILLISECONDS interval)
	at org.openqa.selenium.support.ui.WebDriverWait.timeoutException(WebDriverWait.java:82)
	at org.openqa.selenium.support.ui.FluentWait.until(FluentWait.java:231)
	at com.skava.framework.action.SeleniumActionEngine.explicitWaitforVisibility(SeleniumActionEngine.java:183)
	at com.skava.reusable.components.HomePageComponents.menuCategoryValidation(HomePageComponents.java:147)
	at com.skava.testcases.LT_336_BreadCrumb_Validation.LT_336_BreadCrumb_Validation(LT_336_BreadCrumb_Validation.java:27)
	at sun.reflect.NativeMethodAccessorImpl.invoke0(Native Method)
	at sun.reflect.NativeMethodAccessorImpl.invoke(Unknown Source)
	at sun.reflect.DelegatingMethodAccessorImpl.invoke(Unknown Source)
	at java.lang.reflect.Method.invoke(Unknown Source)
	at org.testng.internal.MethodInvocationHelper.invokeMethod(MethodInvocationHelper.java:108)
	at org.testng.internal.Invoker.invokeMethod(Invoker.java:669)
	at org.testng.internal.Invoker.invokeTestMethod(Invoker.java:877)
	at org.testng.internal.Invoker.invokeTestMethods(Invoker.java:1201)
	at org.testng.internal.TestMethodWorker.invokeTestMethods(TestMethodWorker.java:125)
	at org.testng.internal.TestMethodWorker.run(TestMethodWorker.java:109)
	at java.util.concurrent.ThreadPoolExecutor.runWorker(Unknown Source)
	at java.util.concurrent.ThreadPoolExecutor$Worker.run(Unknown Source)
	at java.lang.Thread.run(Unknown Source)
Caused by: org.openqa.selenium.NoSuchElementException: Cannot locate an element using By.xpath: //*[@id='skMob_productListContainerId']/div[1]/div[2]/div[3]/div[2]
For documentation on this error, please visit: http://seleniumhq.org/exceptions/no_such_element.html
Build info: version: '3.2.0', revision: '8c03df6b79', time: '2017-02-23 10:51:31 +0000'
System info: host: 'DESKTOP-AQOISD1', ip: '192.168.234.84', os.name: 'Windows 10', os.arch: 'amd64', os.version: '10.0', java.version: '1.8.0_112'
Driver info: driver.version: unknown
	at org.openqa.selenium.support.ui.ExpectedConditions.lambda$findElement$0(ExpectedConditions.java:882)
	at java.util.Optional.orElseThrow(Unknown Source)
	at org.openqa.selenium.support.ui.ExpectedConditions.findElement(ExpectedConditions.java:881)
	at org.openqa.selenium.support.ui.ExpectedConditions.access$000(ExpectedConditions.java:43)
	at org.openqa.selenium.support.ui.ExpectedConditions$7.apply(ExpectedConditions.java:205)
	at org.openqa.selenium.support.ui.ExpectedConditions$7.apply(ExpectedConditions.java:201)
	at org.openqa.selenium.support.ui.FluentWait.until(FluentWait.java:208)
	... 16 more
20-03-2018 13:54 ERROR - wait is not present - failed
20-03-2018 13:54 INFO  - wait is displayed - Pass
20-03-2018 13:54 INFO  - scrolled to Menu sub scroll - Pass
20-03-2018 13:54 INFO  - Sub Menu Clicked is clicked - Pass
20-03-2018 13:54 INFO  - PDP Page wait is displayed - Pass
20-03-2018 13:54 INFO  - Enetered Login is clicked - Pass
20-03-2018 13:54 INFO  - PDP Page wait is displayed - Pass
20-03-2018 13:54 INFO  - Email is entered in the field - Pass
20-03-2018 13:54 INFO  - Spider@123 is entered in Password - Pass
20-03-2018 13:54 ERROR - TimeoutException
org.openqa.selenium.TimeoutException: Expected condition failed: waiting for visibility of element located by By.xpath: //*[@id='skMob_productListContainerId']/div[1]/div[2]/div[3]/div[2] (tried for 5 second(s) with 500 MILLISECONDS interval)
	at org.openqa.selenium.support.ui.WebDriverWait.timeoutException(WebDriverWait.java:82)
	at org.openqa.selenium.support.ui.FluentWait.until(FluentWait.java:231)
	at com.skava.framework.action.SeleniumActionEngine.explicitWaitforVisibility(SeleniumActionEngine.java:183)
	at com.skava.reusable.components.HomePageComponents.menuCategoryValidation(HomePageComponents.java:152)
	at com.skava.testcases.LT_336_BreadCrumb_Validation.LT_336_BreadCrumb_Validation(LT_336_BreadCrumb_Validation.java:27)
	at sun.reflect.NativeMethodAccessorImpl.invoke0(Native Method)
	at sun.reflect.NativeMethodAccessorImpl.invoke(Unknown Source)
	at sun.reflect.DelegatingMethodAccessorImpl.invoke(Unknown Source)
	at java.lang.reflect.Method.invoke(Unknown Source)
	at org.testng.internal.MethodInvocationHelper.invokeMethod(MethodInvocationHelper.java:108)
	at org.testng.internal.Invoker.invokeMethod(Invoker.java:669)
	at org.testng.internal.Invoker.invokeTestMethod(Invoker.java:877)
	at org.testng.internal.Invoker.invokeTestMethods(Invoker.java:1201)
	at org.testng.internal.TestMethodWorker.invokeTestMethods(TestMethodWorker.java:125)
	at org.testng.internal.TestMethodWorker.run(TestMethodWorker.java:109)
	at java.util.concurrent.ThreadPoolExecutor.runWorker(Unknown Source)
	at java.util.concurrent.ThreadPoolExecutor$Worker.run(Unknown Source)
	at java.lang.Thread.run(Unknown Source)
Caused by: org.openqa.selenium.NoSuchElementException: Cannot locate an element using By.xpath: //*[@id='skMob_productListContainerId']/div[1]/div[2]/div[3]/div[2]
For documentation on this error, please visit: http://seleniumhq.org/exceptions/no_such_element.html
Build info: version: '3.2.0', revision: '8c03df6b79', time: '2017-02-23 10:51:31 +0000'
System info: host: 'DESKTOP-AQOISD1', ip: '192.168.234.84', os.name: 'Windows 10', os.arch: 'amd64', os.version: '10.0', java.version: '1.8.0_112'
Driver info: driver.version: unknown
	at org.openqa.selenium.support.ui.ExpectedConditions.lambda$findElement$0(ExpectedConditions.java:882)
	at java.util.Optional.orElseThrow(Unknown Source)
	at org.openqa.selenium.support.ui.ExpectedConditions.findElement(ExpectedConditions.java:881)
	at org.openqa.selenium.support.ui.ExpectedConditions.access$000(ExpectedConditions.java:43)
	at org.openqa.selenium.support.ui.ExpectedConditions$7.apply(ExpectedConditions.java:205)
	at org.openqa.selenium.support.ui.ExpectedConditions$7.apply(ExpectedConditions.java:201)
	at org.openqa.selenium.support.ui.FluentWait.until(FluentWait.java:208)
	... 16 more
20-03-2018 13:54 ERROR - wait is not present - failed
20-03-2018 13:54 INFO  - scrolled to Scrolling - Pass
20-03-2018 13:54 INFO  - Colour Field present is displayed - Pass
20-03-2018 13:54 INFO  - wait is displayed - Pass
20-03-2018 13:54 INFO  - Size field is displayed - Pass
20-03-2018 13:54 INFO  - scrolled to Menu sub cat scroll - Pass
20-03-2018 13:54 INFO  - scrolled to Add To Bag - Pass
20-03-2018 13:54 INFO  - Add To Bag Clicked is clicked - Pass
20-03-2018 13:54 INFO  - My Account page displayed is displayed - Pass
20-03-2018 13:55 INFO  - Sub Menu2 Clicked is clicked - Pass
20-03-2018 13:55 INFO  - Product List Page is displayed - Pass
20-03-2018 13:55 INFO  - Product Image is displayed - Pass
20-03-2018 13:55 INFO  - Product NameList is displayed - Pass
20-03-2018 13:55 INFO  - Product Description is displayed - Pass
20-03-2018 13:55 INFO  - Product Price is displayed - Pass
20-03-2018 13:55 INFO  - Bread Crumb is displayed - Pass
20-03-2018 13:55 INFO  - scrolled to Scrolling - Pass
20-03-2018 13:55 INFO  - Colour Field present is displayed - Pass
20-03-2018 13:55 INFO  - Size field is displayed - Pass
20-03-2018 13:55 INFO  - scrolled to Add To Bag - Pass
20-03-2018 13:55 INFO  - Add To Bag Clicked is clicked - Pass
20-03-2018 13:55 INFO  - Success Overlay is displayed - Pass
20-03-2018 13:55 INFO  - Success Overlay is displayed - Pass
20-03-2018 13:55 INFO  - checkout is displayed - Pass
20-03-2018 13:55 INFO  - Click Cart is clicked - Pass
20-03-2018 13:55 INFO  - Cart Opened is displayed - Pass
20-03-2018 13:55 INFO  - Product Added to Cart is displayed - Pass
20-03-2018 13:55 INFO  - scrolled to BackToUSShipping - Pass
20-03-2018 13:55 INFO  - http://m.lordandtaylor.com/ is opened - Pass
20-03-2018 13:55 INFO  - Click Search is clicked - Pass
20-03-2018 13:55 INFO  - Shirts is entered in Search - Pass
20-03-2018 13:55 ERROR - TimeoutException
org.openqa.selenium.TimeoutException: Expected condition failed: waiting for visibility of element located by By.xpath: //*[contains(@class,'skMob_productListItemOuterCont')] (tried for 10 second(s) with 500 MILLISECONDS interval)
	at org.openqa.selenium.support.ui.WebDriverWait.timeoutException(WebDriverWait.java:82)
	at org.openqa.selenium.support.ui.FluentWait.until(FluentWait.java:231)
	at com.skava.framework.action.SeleniumActionEngine.explicitWaitforVisibility(SeleniumActionEngine.java:183)
	at com.skava.reusable.components.PLPandPDPComponents.cartSuccess_OverLay(PLPandPDPComponents.java:395)
	at com.skava.testcases.LT_1030_Returning_Customer_GuestCheckout_Validation.LT_1030_Returning_Customer_GuestCheckout_Validation(LT_1030_Returning_Customer_GuestCheckout_Validation.java:31)
	at sun.reflect.NativeMethodAccessorImpl.invoke0(Native Method)
	at sun.reflect.NativeMethodAccessorImpl.invoke(Unknown Source)
	at sun.reflect.DelegatingMethodAccessorImpl.invoke(Unknown Source)
	at java.lang.reflect.Method.invoke(Unknown Source)
	at org.testng.internal.MethodInvocationHelper.invokeMethod(MethodInvocationHelper.java:108)
	at org.testng.internal.Invoker.invokeMethod(Invoker.java:669)
	at org.testng.internal.Invoker.invokeTestMethod(Invoker.java:877)
	at org.testng.internal.Invoker.invokeTestMethods(Invoker.java:1201)
	at org.testng.internal.TestMethodWorker.invokeTestMethods(TestMethodWorker.java:125)
	at org.testng.internal.TestMethodWorker.run(TestMethodWorker.java:109)
	at java.util.concurrent.ThreadPoolExecutor.runWorker(Unknown Source)
	at java.util.concurrent.ThreadPoolExecutor$Worker.run(Unknown Source)
	at java.lang.Thread.run(Unknown Source)
Caused by: org.openqa.selenium.NoSuchElementException: Cannot locate an element using By.xpath: //*[contains(@class,'skMob_productListItemOuterCont')]
For documentation on this error, please visit: http://seleniumhq.org/exceptions/no_such_element.html
Build info: version: '3.2.0', revision: '8c03df6b79', time: '2017-02-23 10:51:31 +0000'
System info: host: 'DESKTOP-AQOISD1', ip: '192.168.234.84', os.name: 'Windows 10', os.arch: 'amd64', os.version: '10.0', java.version: '1.8.0_112'
Driver info: driver.version: unknown
	at org.openqa.selenium.support.ui.ExpectedConditions.lambda$findElement$0(ExpectedConditions.java:882)
	at java.util.Optional.orElseThrow(Unknown Source)
	at org.openqa.selenium.support.ui.ExpectedConditions.findElement(ExpectedConditions.java:881)
	at org.openqa.selenium.support.ui.ExpectedConditions.access$000(ExpectedConditions.java:43)
	at org.openqa.selenium.support.ui.ExpectedConditions$7.apply(ExpectedConditions.java:205)
	at org.openqa.selenium.support.ui.ExpectedConditions$7.apply(ExpectedConditions.java:201)
	at org.openqa.selenium.support.ui.FluentWait.until(FluentWait.java:208)
	... 16 more
20-03-2018 13:55 ERROR - wait is not present - failed
20-03-2018 13:55 INFO  - search/PLP page is displayed - Pass
20-03-2018 13:55 INFO  - Search Count is displayed - Pass
20-03-2018 13:55 INFO  - BackToUSShipping is clicked - Pass
20-03-2018 13:55 INFO  - Wait is displayed - Pass
20-03-2018 13:55 INFO  - scrolled to scroll to checkout - Pass
20-03-2018 13:55 INFO  - Size field is displayed - Pass
20-03-2018 13:55 INFO  - scrolled to Add To Bag - Pass
20-03-2018 13:55 INFO  - Add To Bag Clicked is clicked - Pass
20-03-2018 13:55 INFO  - Success Overlay is displayed - Pass
20-03-2018 13:55 INFO  - Success Overlay is displayed - Pass
20-03-2018 13:55 INFO  - Success Overlay is displayed - Pass
20-03-2018 13:55 INFO  - Success Overlay is displayed - Pass
20-03-2018 13:55 INFO  - checkout is displayed - Pass
20-03-2018 13:55 INFO  - checkout is displayed - Pass
20-03-2018 13:55 INFO  - PDP Page wait is displayed - Pass
20-03-2018 13:55 INFO  - Checkout click is clicked - Pass
20-03-2018 13:55 INFO  - Cart Opened is displayed - Pass
20-03-2018 13:55 INFO  - Product Added to Cart is displayed - Pass
20-03-2018 13:55 INFO  - Wait is displayed - Pass
20-03-2018 13:55 INFO  - scrolled to scroll to checkout - Pass
20-03-2018 13:55 INFO  - scrolled to Scrolling - Pass
20-03-2018 13:55 INFO  - Colour Field present is displayed - Pass
20-03-2018 13:55 INFO  - Size field is displayed - Pass
20-03-2018 13:55 INFO  - scrolled to Add To Bag - Pass
20-03-2018 13:55 INFO  - Add To Bag Clicked is clicked - Pass
20-03-2018 13:55 INFO  - Click Checkout is clicked - Pass
20-03-2018 13:55 INFO  - Review Order Page is displayed - Pass
20-03-2018 13:55 INFO  - Billing Addrs field in Review Order Page is displayed - Pass
20-03-2018 13:55 INFO  - Payment field in Review Order Page is displayed - Pass
20-03-2018 13:55 INFO  - scrolled to Scrolling - Pass
20-03-2018 13:55 INFO  - Shipping Addrs field in Review Order Page is displayed - Pass
20-03-2018 13:55 INFO  - Order Summary field in Review Order Page is displayed - Pass
20-03-2018 13:55 INFO  - Place Order is displayed - Pass
20-03-2018 13:55 INFO  - PDP overlay is displayed - Pass
20-03-2018 13:55 INFO  - Success Overlay is displayed - Pass
20-03-2018 13:55 INFO  - Success Overlay is displayed - Pass
20-03-2018 13:55 INFO  - checkout is displayed - Pass
20-03-2018 13:55 ERROR - TimeoutException
org.openqa.selenium.TimeoutException: Expected condition failed: waiting for visibility of element located by By.xpath: //*[contains(@class,'skMob_productListItemOuterCont')] (tried for 10 second(s) with 500 MILLISECONDS interval)
	at org.openqa.selenium.support.ui.WebDriverWait.timeoutException(WebDriverWait.java:82)
	at org.openqa.selenium.support.ui.FluentWait.until(FluentWait.java:231)
	at com.skava.framework.action.SeleniumActionEngine.explicitWaitforVisibility(SeleniumActionEngine.java:183)
	at com.skava.reusable.components.PLPandPDPComponents.cartSuccess_OverLay(PLPandPDPComponents.java:395)
	at com.skava.testcases.LT_1044_Guest_Checkout_Validation.LT_1044_Guest_Checkout_Validation(LT_1044_Guest_Checkout_Validation.java:31)
	at sun.reflect.NativeMethodAccessorImpl.invoke0(Native Method)
	at sun.reflect.NativeMethodAccessorImpl.invoke(Unknown Source)
	at sun.reflect.DelegatingMethodAccessorImpl.invoke(Unknown Source)
	at java.lang.reflect.Method.invoke(Unknown Source)
	at org.testng.internal.MethodInvocationHelper.invokeMethod(MethodInvocationHelper.java:108)
	at org.testng.internal.Invoker.invokeMethod(Invoker.java:669)
	at org.testng.internal.Invoker.invokeTestMethod(Invoker.java:877)
	at org.testng.internal.Invoker.invokeTestMethods(Invoker.java:1201)
	at org.testng.internal.TestMethodWorker.invokeTestMethods(TestMethodWorker.java:125)
	at org.testng.internal.TestMethodWorker.run(TestMethodWorker.java:109)
	at java.util.concurrent.ThreadPoolExecutor.runWorker(Unknown Source)
	at java.util.concurrent.ThreadPoolExecutor$Worker.run(Unknown Source)
	at java.lang.Thread.run(Unknown Source)
Caused by: org.openqa.selenium.NoSuchElementException: Cannot locate an element using By.xpath: //*[contains(@class,'skMob_productListItemOuterCont')]
For documentation on this error, please visit: http://seleniumhq.org/exceptions/no_such_element.html
Build info: version: '3.2.0', revision: '8c03df6b79', time: '2017-02-23 10:51:31 +0000'
System info: host: 'DESKTOP-AQOISD1', ip: '192.168.234.84', os.name: 'Windows 10', os.arch: 'amd64', os.version: '10.0', java.version: '1.8.0_112'
Driver info: driver.version: unknown
	at org.openqa.selenium.support.ui.ExpectedConditions.lambda$findElement$0(ExpectedConditions.java:882)
	at java.util.Optional.orElseThrow(Unknown Source)
	at org.openqa.selenium.support.ui.ExpectedConditions.findElement(ExpectedConditions.java:881)
	at org.openqa.selenium.support.ui.ExpectedConditions.access$000(ExpectedConditions.java:43)
	at org.openqa.selenium.support.ui.ExpectedConditions$7.apply(ExpectedConditions.java:205)
	at org.openqa.selenium.support.ui.ExpectedConditions$7.apply(ExpectedConditions.java:201)
	at org.openqa.selenium.support.ui.FluentWait.until(FluentWait.java:208)
	... 16 more
20-03-2018 13:55 ERROR - wait is not present - failed
20-03-2018 13:55 ERROR - TimeoutException
org.openqa.selenium.TimeoutException: Expected condition failed: waiting for visibility of element located by By.xpath: //*[contains(@class,'skMob_productListItemOuterCont')] (tried for 10 second(s) with 500 MILLISECONDS interval)
	at org.openqa.selenium.support.ui.WebDriverWait.timeoutException(WebDriverWait.java:82)
	at org.openqa.selenium.support.ui.FluentWait.until(FluentWait.java:231)
	at com.skava.framework.action.SeleniumActionEngine.explicitWaitforVisibility(SeleniumActionEngine.java:183)
	at com.skava.reusable.components.PLPandPDPComponents.cartSuccess_OverLay(PLPandPDPComponents.java:395)
	at com.skava.testcases.LT_1028_Return_Customer_Page_from_Checkout_Validation.LT_1028_Return_Customer_Page_from_Checkout_Validation(LT_1028_Return_Customer_Page_from_Checkout_Validation.java:31)
	at sun.reflect.NativeMethodAccessorImpl.invoke0(Native Method)
	at sun.reflect.NativeMethodAccessorImpl.invoke(Unknown Source)
	at sun.reflect.DelegatingMethodAccessorImpl.invoke(Unknown Source)
	at java.lang.reflect.Method.invoke(Unknown Source)
	at org.testng.internal.MethodInvocationHelper.invokeMethod(MethodInvocationHelper.java:108)
	at org.testng.internal.Invoker.invokeMethod(Invoker.java:669)
	at org.testng.internal.Invoker.invokeTestMethod(Invoker.java:877)
	at org.testng.internal.Invoker.invokeTestMethods(Invoker.java:1201)
	at org.testng.internal.TestMethodWorker.invokeTestMethods(TestMethodWorker.java:125)
	at org.testng.internal.TestMethodWorker.run(TestMethodWorker.java:109)
	at java.util.concurrent.ThreadPoolExecutor.runWorker(Unknown Source)
	at java.util.concurrent.ThreadPoolExecutor$Worker.run(Unknown Source)
	at java.lang.Thread.run(Unknown Source)
Caused by: org.openqa.selenium.NoSuchElementException: Cannot locate an element using By.xpath: //*[contains(@class,'skMob_productListItemOuterCont')]
For documentation on this error, please visit: http://seleniumhq.org/exceptions/no_such_element.html
Build info: version: '3.2.0', revision: '8c03df6b79', time: '2017-02-23 10:51:31 +0000'
System info: host: 'DESKTOP-AQOISD1', ip: '192.168.234.84', os.name: 'Windows 10', os.arch: 'amd64', os.version: '10.0', java.version: '1.8.0_112'
Driver info: driver.version: unknown
	at org.openqa.selenium.support.ui.ExpectedConditions.lambda$findElement$0(ExpectedConditions.java:882)
	at java.util.Optional.orElseThrow(Unknown Source)
	at org.openqa.selenium.support.ui.ExpectedConditions.findElement(ExpectedConditions.java:881)
	at org.openqa.selenium.support.ui.ExpectedConditions.access$000(ExpectedConditions.java:43)
	at org.openqa.selenium.support.ui.ExpectedConditions$7.apply(ExpectedConditions.java:205)
	at org.openqa.selenium.support.ui.ExpectedConditions$7.apply(ExpectedConditions.java:201)
	at org.openqa.selenium.support.ui.FluentWait.until(FluentWait.java:208)
	... 16 more
20-03-2018 13:55 ERROR - wait is not present - failed
20-03-2018 13:55 INFO  - Click Checkout is clicked - Pass
20-03-2018 13:55 ERROR - TimeoutException
org.openqa.selenium.TimeoutException: Expected condition failed: waiting for visibility of element located by By.xpath: //*[contains(@class,'skMob_productListItemOuterCont')] (tried for 10 second(s) with 500 MILLISECONDS interval)
	at org.openqa.selenium.support.ui.WebDriverWait.timeoutException(WebDriverWait.java:82)
	at org.openqa.selenium.support.ui.FluentWait.until(FluentWait.java:231)
	at com.skava.framework.action.SeleniumActionEngine.explicitWaitforVisibility(SeleniumActionEngine.java:183)
	at com.skava.reusable.components.PLPandPDPComponents.cartSuccess_OverLay(PLPandPDPComponents.java:395)
	at com.skava.testcases.LT_1053_GuestCheckout_Shipping.LT_1053_Guest_Checkout_Ship(LT_1053_GuestCheckout_Shipping.java:31)
	at sun.reflect.NativeMethodAccessorImpl.invoke0(Native Method)
	at sun.reflect.NativeMethodAccessorImpl.invoke(Unknown Source)
	at sun.reflect.DelegatingMethodAccessorImpl.invoke(Unknown Source)
	at java.lang.reflect.Method.invoke(Unknown Source)
	at org.testng.internal.MethodInvocationHelper.invokeMethod(MethodInvocationHelper.java:108)
	at org.testng.internal.Invoker.invokeMethod(Invoker.java:669)
	at org.testng.internal.Invoker.invokeTestMethod(Invoker.java:877)
	at org.testng.internal.Invoker.invokeTestMethods(Invoker.java:1201)
	at org.testng.internal.TestMethodWorker.invokeTestMethods(TestMethodWorker.java:125)
	at org.testng.internal.TestMethodWorker.run(TestMethodWorker.java:109)
	at java.util.concurrent.ThreadPoolExecutor.runWorker(Unknown Source)
	at java.util.concurrent.ThreadPoolExecutor$Worker.run(Unknown Source)
	at java.lang.Thread.run(Unknown Source)
Caused by: org.openqa.selenium.NoSuchElementException: Cannot locate an element using By.xpath: //*[contains(@class,'skMob_productListItemOuterCont')]
For documentation on this error, please visit: http://seleniumhq.org/exceptions/no_such_element.html
Build info: version: '3.2.0', revision: '8c03df6b79', time: '2017-02-23 10:51:31 +0000'
System info: host: 'DESKTOP-AQOISD1', ip: '192.168.234.84', os.name: 'Windows 10', os.arch: 'amd64', os.version: '10.0', java.version: '1.8.0_112'
Driver info: driver.version: unknown
	at org.openqa.selenium.support.ui.ExpectedConditions.lambda$findElement$0(ExpectedConditions.java:882)
	at java.util.Optional.orElseThrow(Unknown Source)
	at org.openqa.selenium.support.ui.ExpectedConditions.findElement(ExpectedConditions.java:881)
	at org.openqa.selenium.support.ui.ExpectedConditions.access$000(ExpectedConditions.java:43)
	at org.openqa.selenium.support.ui.ExpectedConditions$7.apply(ExpectedConditions.java:205)
	at org.openqa.selenium.support.ui.ExpectedConditions$7.apply(ExpectedConditions.java:201)
	at org.openqa.selenium.support.ui.FluentWait.until(FluentWait.java:208)
	... 16 more
20-03-2018 13:55 ERROR - wait is not present - failed
20-03-2018 13:55 INFO  - http://m.lordandtaylor.com/ is opened - Pass
20-03-2018 13:55 INFO  - Click Search is clicked - Pass
20-03-2018 13:55 INFO  - denims is entered in Search - Pass
20-03-2018 13:55 INFO  - Checkout click is clicked - Pass
20-03-2018 13:55 INFO  - Cart Opened is displayed - Pass
20-03-2018 13:55 INFO  - Product Added to Cart is displayed - Pass
20-03-2018 13:55 INFO  - scrolled to BackToUSShipping - Pass
20-03-2018 13:56 INFO  - Checkout click is clicked - Pass
20-03-2018 13:56 INFO  - Cart Opened is displayed - Pass
20-03-2018 13:56 INFO  - Product Added to Cart is displayed - Pass
20-03-2018 13:56 INFO  - Wait is displayed - Pass
20-03-2018 13:56 INFO  - scrolled to scroll to checkout - Pass
20-03-2018 13:56 INFO  - search/PLP page is displayed - Pass
20-03-2018 13:56 INFO  - Search Count is displayed - Pass
20-03-2018 13:56 INFO  - Checkout click is clicked - Pass
20-03-2018 13:56 INFO  - IS Cart page products is displayed is displayed - Pass
20-03-2018 13:56 INFO  - Is Cart page Displayed is displayed - Pass
20-03-2018 13:56 INFO  - Wait is displayed - Pass
20-03-2018 13:56 INFO  - scrolled to scroll to checkout - Pass
20-03-2018 13:56 INFO  - Click Checkout is clicked - Pass
20-03-2018 13:56 INFO  - Guest Checkout is displayed - Pass
20-03-2018 13:56 INFO  - scrolled to Guest Checkout - Pass
20-03-2018 13:56 INFO  - Guest Checkout is clicked - Pass
20-03-2018 13:56 INFO  - PDP Page wait is displayed - Pass
20-03-2018 13:56 INFO  - scrolled to Scrolling - Pass
20-03-2018 13:56 INFO  - Colour Field present is displayed - Pass
20-03-2018 13:56 INFO  - Click Checkout is clicked - Pass
20-03-2018 13:56 INFO  - Size field is displayed - Pass
20-03-2018 13:56 INFO  - scrolled to Add To Bag - Pass
20-03-2018 13:56 INFO  - Add To Bag Clicked is clicked - Pass
20-03-2018 13:56 INFO  - BackToUSShipping is clicked - Pass
20-03-2018 13:56 INFO  - Wait is displayed - Pass
20-03-2018 13:56 INFO  - scrolled to scroll to checkout - Pass
20-03-2018 13:56 INFO  - Click Checkout is clicked - Pass
20-03-2018 13:56 INFO  - Guest Checkout is displayed - Pass
20-03-2018 13:56 INFO  - scrolled to Guest Checkout - Pass
20-03-2018 13:56 INFO  - Guest Checkout is clicked - Pass
20-03-2018 13:56 INFO  - Guest checkout shipping screen is displayed on tapping guest chekout button is displayed - Pass
20-03-2018 13:56 INFO  - http://m.lordandtaylor.com/ is opened - Pass
20-03-2018 13:56 INFO  - Click Search is clicked - Pass
20-03-2018 13:56 INFO  - pants is entered in Search - Pass
20-03-2018 13:56 ERROR - TimeoutException
org.openqa.selenium.TimeoutException: Expected condition failed: waiting for visibility of element located by By.id: jsCheckoutRemediationGuestCheckout (tried for 50 second(s) with 500 MILLISECONDS interval)
	at org.openqa.selenium.support.ui.WebDriverWait.timeoutException(WebDriverWait.java:82)
	at org.openqa.selenium.support.ui.FluentWait.until(FluentWait.java:231)
	at com.skava.framework.action.SeleniumActionEngine.explicitWaitforVisibility(SeleniumActionEngine.java:183)
	at com.skava.framework.action.SeleniumActionEngine.isElementDisplayed(SeleniumActionEngine.java:201)
	at com.skava.reusable.components.CheckoutComponents.returnCustomer(CheckoutComponents.java:216)
	at com.skava.testcases.LT_1030_Returning_Customer_GuestCheckout_Validation.LT_1030_Returning_Customer_GuestCheckout_Validation(LT_1030_Returning_Customer_GuestCheckout_Validation.java:34)
	at sun.reflect.NativeMethodAccessorImpl.invoke0(Native Method)
	at sun.reflect.NativeMethodAccessorImpl.invoke(Unknown Source)
	at sun.reflect.DelegatingMethodAccessorImpl.invoke(Unknown Source)
	at java.lang.reflect.Method.invoke(Unknown Source)
	at org.testng.internal.MethodInvocationHelper.invokeMethod(MethodInvocationHelper.java:108)
	at org.testng.internal.Invoker.invokeMethod(Invoker.java:669)
	at org.testng.internal.Invoker.invokeTestMethod(Invoker.java:877)
	at org.testng.internal.Invoker.invokeTestMethods(Invoker.java:1201)
	at org.testng.internal.TestMethodWorker.invokeTestMethods(TestMethodWorker.java:125)
	at org.testng.internal.TestMethodWorker.run(TestMethodWorker.java:109)
	at java.util.concurrent.ThreadPoolExecutor.runWorker(Unknown Source)
	at java.util.concurrent.ThreadPoolExecutor$Worker.run(Unknown Source)
	at java.lang.Thread.run(Unknown Source)
Caused by: org.openqa.selenium.NoSuchElementException: Cannot locate an element using By.id: jsCheckoutRemediationGuestCheckout
For documentation on this error, please visit: http://seleniumhq.org/exceptions/no_such_element.html
Build info: version: '3.2.0', revision: '8c03df6b79', time: '2017-02-23 10:51:31 +0000'
System info: host: 'DESKTOP-AQOISD1', ip: '192.168.234.84', os.name: 'Windows 10', os.arch: 'amd64', os.version: '10.0', java.version: '1.8.0_112'
Driver info: driver.version: unknown
	at org.openqa.selenium.support.ui.ExpectedConditions.lambda$findElement$0(ExpectedConditions.java:882)
	at java.util.Optional.orElseThrow(Unknown Source)
	at org.openqa.selenium.support.ui.ExpectedConditions.findElement(ExpectedConditions.java:881)
	at org.openqa.selenium.support.ui.ExpectedConditions.access$000(ExpectedConditions.java:43)
	at org.openqa.selenium.support.ui.ExpectedConditions$7.apply(ExpectedConditions.java:205)
	at org.openqa.selenium.support.ui.ExpectedConditions$7.apply(ExpectedConditions.java:201)
	at org.openqa.selenium.support.ui.FluentWait.until(FluentWait.java:208)
	... 17 more
20-03-2018 13:56 ERROR - Guest Checkout is not present - failed
20-03-2018 13:56 INFO  - http://m.lordandtaylor.com/ is opened - Pass
20-03-2018 13:56 INFO  - Click Search is clicked - Pass
20-03-2018 13:56 INFO  - dress is entered in Search - Pass
20-03-2018 13:56 INFO  - search/PLP page is displayed - Pass
20-03-2018 13:56 INFO  - Search Count is displayed - Pass
20-03-2018 13:56 INFO  - PDP overlay is displayed - Pass
20-03-2018 13:56 INFO  - Success Overlay is displayed - Pass
20-03-2018 13:56 INFO  - Success Overlay is displayed - Pass
20-03-2018 13:56 INFO  - checkout is displayed - Pass
20-03-2018 13:56 INFO  - PDP Page wait is displayed - Pass
20-03-2018 13:56 INFO  - scrolled to Scrolling - Pass
20-03-2018 13:56 INFO  - Colour Field present is displayed - Pass
20-03-2018 13:56 INFO  - Size field is displayed - Pass
20-03-2018 13:57 INFO  - search/PLP page is displayed - Pass
20-03-2018 13:57 INFO  - Search Count is displayed - Pass
20-03-2018 13:57 ERROR - TimeoutException
org.openqa.selenium.TimeoutException: Expected condition failed: waiting for visibility of element located by By.xpath: //*[contains(@class,'skMob_productListItemOuterCont')] (tried for 10 second(s) with 500 MILLISECONDS interval)
	at org.openqa.selenium.support.ui.WebDriverWait.timeoutException(WebDriverWait.java:82)
	at org.openqa.selenium.support.ui.FluentWait.until(FluentWait.java:231)
	at com.skava.framework.action.SeleniumActionEngine.explicitWaitforVisibility(SeleniumActionEngine.java:183)
	at com.skava.reusable.components.PLPandPDPComponents.cartSuccess_OverLay(PLPandPDPComponents.java:395)
	at com.skava.testcases.LT_1081_GuestCheckout_AddShipping.LT_1081_GuestCheckout_Add_Shipping(LT_1081_GuestCheckout_AddShipping.java:31)
	at sun.reflect.NativeMethodAccessorImpl.invoke0(Native Method)
	at sun.reflect.NativeMethodAccessorImpl.invoke(Unknown Source)
	at sun.reflect.DelegatingMethodAccessorImpl.invoke(Unknown Source)
	at java.lang.reflect.Method.invoke(Unknown Source)
	at org.testng.internal.MethodInvocationHelper.invokeMethod(MethodInvocationHelper.java:108)
	at org.testng.internal.Invoker.invokeMethod(Invoker.java:669)
	at org.testng.internal.Invoker.invokeTestMethod(Invoker.java:877)
	at org.testng.internal.Invoker.invokeTestMethods(Invoker.java:1201)
	at org.testng.internal.TestMethodWorker.invokeTestMethods(TestMethodWorker.java:125)
	at org.testng.internal.TestMethodWorker.run(TestMethodWorker.java:109)
	at java.util.concurrent.ThreadPoolExecutor.runWorker(Unknown Source)
	at java.util.concurrent.ThreadPoolExecutor$Worker.run(Unknown Source)
	at java.lang.Thread.run(Unknown Source)
Caused by: org.openqa.selenium.NoSuchElementException: Cannot locate an element using By.xpath: //*[contains(@class,'skMob_productListItemOuterCont')]
For documentation on this error, please visit: http://seleniumhq.org/exceptions/no_such_element.html
Build info: version: '3.2.0', revision: '8c03df6b79', time: '2017-02-23 10:51:31 +0000'
System info: host: 'DESKTOP-AQOISD1', ip: '192.168.234.84', os.name: 'Windows 10', os.arch: 'amd64', os.version: '10.0', java.version: '1.8.0_112'
Driver info: driver.version: unknown
	at org.openqa.selenium.support.ui.ExpectedConditions.lambda$findElement$0(ExpectedConditions.java:882)
	at java.util.Optional.orElseThrow(Unknown Source)
	at org.openqa.selenium.support.ui.ExpectedConditions.findElement(ExpectedConditions.java:881)
	at org.openqa.selenium.support.ui.ExpectedConditions.access$000(ExpectedConditions.java:43)
	at org.openqa.selenium.support.ui.ExpectedConditions$7.apply(ExpectedConditions.java:205)
	at org.openqa.selenium.support.ui.ExpectedConditions$7.apply(ExpectedConditions.java:201)
	at org.openqa.selenium.support.ui.FluentWait.until(FluentWait.java:208)
	... 16 more
20-03-2018 13:57 ERROR - wait is not present - failed
20-03-2018 13:57 ERROR - TimeoutException
org.openqa.selenium.TimeoutException: Expected condition failed: waiting for visibility of element located by By.id: jsCheckoutRemediationGuestCheckout (tried for 50 second(s) with 500 MILLISECONDS interval)
	at org.openqa.selenium.support.ui.WebDriverWait.timeoutException(WebDriverWait.java:82)
	at org.openqa.selenium.support.ui.FluentWait.until(FluentWait.java:231)
	at com.skava.framework.action.SeleniumActionEngine.explicitWaitforVisibility(SeleniumActionEngine.java:183)
	at com.skava.framework.action.SeleniumActionEngine.isElementDisplayed(SeleniumActionEngine.java:201)
	at com.skava.reusable.components.CheckoutComponents.returnCustomer(CheckoutComponents.java:216)
	at com.skava.testcases.LT_1028_Return_Customer_Page_from_Checkout_Validation.LT_1028_Return_Customer_Page_from_Checkout_Validation(LT_1028_Return_Customer_Page_from_Checkout_Validation.java:34)
	at sun.reflect.NativeMethodAccessorImpl.invoke0(Native Method)
	at sun.reflect.NativeMethodAccessorImpl.invoke(Unknown Source)
	at sun.reflect.DelegatingMethodAccessorImpl.invoke(Unknown Source)
	at java.lang.reflect.Method.invoke(Unknown Source)
	at org.testng.internal.MethodInvocationHelper.invokeMethod(MethodInvocationHelper.java:108)
	at org.testng.internal.Invoker.invokeMethod(Invoker.java:669)
	at org.testng.internal.Invoker.invokeTestMethod(Invoker.java:877)
	at org.testng.internal.Invoker.invokeTestMethods(Invoker.java:1201)
	at org.testng.internal.TestMethodWorker.invokeTestMethods(TestMethodWorker.java:125)
	at org.testng.internal.TestMethodWorker.run(TestMethodWorker.java:109)
	at java.util.concurrent.ThreadPoolExecutor.runWorker(Unknown Source)
	at java.util.concurrent.ThreadPoolExecutor$Worker.run(Unknown Source)
	at java.lang.Thread.run(Unknown Source)
Caused by: org.openqa.selenium.NoSuchElementException: Cannot locate an element using By.id: jsCheckoutRemediationGuestCheckout
For documentation on this error, please visit: http://seleniumhq.org/exceptions/no_such_element.html
Build info: version: '3.2.0', revision: '8c03df6b79', time: '2017-02-23 10:51:31 +0000'
System info: host: 'DESKTOP-AQOISD1', ip: '192.168.234.84', os.name: 'Windows 10', os.arch: 'amd64', os.version: '10.0', java.version: '1.8.0_112'
Driver info: driver.version: unknown
	at org.openqa.selenium.support.ui.ExpectedConditions.lambda$findElement$0(ExpectedConditions.java:882)
	at java.util.Optional.orElseThrow(Unknown Source)
	at org.openqa.selenium.support.ui.ExpectedConditions.findElement(ExpectedConditions.java:881)
	at org.openqa.selenium.support.ui.ExpectedConditions.access$000(ExpectedConditions.java:43)
	at org.openqa.selenium.support.ui.ExpectedConditions$7.apply(ExpectedConditions.java:205)
	at org.openqa.selenium.support.ui.ExpectedConditions$7.apply(ExpectedConditions.java:201)
	at org.openqa.selenium.support.ui.FluentWait.until(FluentWait.java:208)
	... 17 more
20-03-2018 13:57 ERROR - Guest Checkout is not present - failed
20-03-2018 13:57 INFO  - PDP Page wait is displayed - Pass
20-03-2018 13:57 INFO  - scrolled to Scrolling - Pass
20-03-2018 13:57 INFO  - Colour Field present is displayed - Pass
20-03-2018 13:57 ERROR - TimeoutException
org.openqa.selenium.TimeoutException: Expected condition failed: waiting for visibility of element located by By.id: jsQuickCheckout (tried for 30 second(s) with 500 MILLISECONDS interval)
	at org.openqa.selenium.support.ui.WebDriverWait.timeoutException(WebDriverWait.java:82)
	at org.openqa.selenium.support.ui.FluentWait.until(FluentWait.java:231)
	at com.skava.framework.action.SeleniumActionEngine.explicitWaitforVisibility(SeleniumActionEngine.java:183)
	at com.skava.framework.action.SeleniumActionEngine.isElementDisplayed(SeleniumActionEngine.java:201)
	at com.skava.reusable.components.CheckoutComponents.returnCustomer(CheckoutComponents.java:220)
	at com.skava.testcases.LT_1030_Returning_Customer_GuestCheckout_Validation.LT_1030_Returning_Customer_GuestCheckout_Validation(LT_1030_Returning_Customer_GuestCheckout_Validation.java:34)
	at sun.reflect.NativeMethodAccessorImpl.invoke0(Native Method)
	at sun.reflect.NativeMethodAccessorImpl.invoke(Unknown Source)
	at sun.reflect.DelegatingMethodAccessorImpl.invoke(Unknown Source)
	at java.lang.reflect.Method.invoke(Unknown Source)
	at org.testng.internal.MethodInvocationHelper.invokeMethod(MethodInvocationHelper.java:108)
	at org.testng.internal.Invoker.invokeMethod(Invoker.java:669)
	at org.testng.internal.Invoker.invokeTestMethod(Invoker.java:877)
	at org.testng.internal.Invoker.invokeTestMethods(Invoker.java:1201)
	at org.testng.internal.TestMethodWorker.invokeTestMethods(TestMethodWorker.java:125)
	at org.testng.internal.TestMethodWorker.run(TestMethodWorker.java:109)
	at java.util.concurrent.ThreadPoolExecutor.runWorker(Unknown Source)
	at java.util.concurrent.ThreadPoolExecutor$Worker.run(Unknown Source)
	at java.lang.Thread.run(Unknown Source)
Caused by: org.openqa.selenium.NoSuchElementException: Cannot locate an element using By.id: jsQuickCheckout
For documentation on this error, please visit: http://seleniumhq.org/exceptions/no_such_element.html
Build info: version: '3.2.0', revision: '8c03df6b79', time: '2017-02-23 10:51:31 +0000'
System info: host: 'DESKTOP-AQOISD1', ip: '192.168.234.84', os.name: 'Windows 10', os.arch: 'amd64', os.version: '10.0', java.version: '1.8.0_112'
Driver info: driver.version: unknown
	at org.openqa.selenium.support.ui.ExpectedConditions.lambda$findElement$0(ExpectedConditions.java:882)
	at java.util.Optional.orElseThrow(Unknown Source)
	at org.openqa.selenium.support.ui.ExpectedConditions.findElement(ExpectedConditions.java:881)
	at org.openqa.selenium.support.ui.ExpectedConditions.access$000(ExpectedConditions.java:43)
	at org.openqa.selenium.support.ui.ExpectedConditions$7.apply(ExpectedConditions.java:205)
	at org.openqa.selenium.support.ui.ExpectedConditions$7.apply(ExpectedConditions.java:201)
	at org.openqa.selenium.support.ui.FluentWait.until(FluentWait.java:208)
	... 17 more
20-03-2018 13:57 ERROR - User Sign IN is not present - failed
20-03-2018 13:57 INFO  - Checkout click is clicked - Pass
20-03-2018 13:57 INFO  - IS Cart page products is displayed is displayed - Pass
20-03-2018 13:57 INFO  - Is Cart page Displayed is displayed - Pass
20-03-2018 13:57 INFO  - scrolled to BackToUSShipping - Pass
20-03-2018 13:57 INFO  - http://m.lordandtaylor.com/ is opened - Pass
20-03-2018 13:57 INFO  - Click Search is clicked - Pass
20-03-2018 13:57 INFO  - shoes is entered in Search - Pass
20-03-2018 13:57 ERROR - TimeoutException
org.openqa.selenium.TimeoutException: Expected condition failed: waiting for visibility of element located by By.id: pdpAddtoBagBtn (tried for 10 second(s) with 500 MILLISECONDS interval)
	at org.openqa.selenium.support.ui.WebDriverWait.timeoutException(WebDriverWait.java:82)
	at org.openqa.selenium.support.ui.FluentWait.until(FluentWait.java:231)
	at com.skava.framework.action.SeleniumActionEngine.explicitWaitforVisibility(SeleniumActionEngine.java:183)
	at com.skava.framework.action.SeleniumActionEngine.scrollToElement(SeleniumActionEngine.java:433)
	at com.skava.reusable.components.PLPandPDPComponents.addToBag_PDP(PLPandPDPComponents.java:367)
	at com.skava.testcases.LT_1083_Payment_Page_Guest_Validation.LT_1083_Payment_Page_Guest_Validation(LT_1083_Payment_Page_Guest_Validation.java:31)
	at sun.reflect.NativeMethodAccessorImpl.invoke0(Native Method)
	at sun.reflect.NativeMethodAccessorImpl.invoke(Unknown Source)
	at sun.reflect.DelegatingMethodAccessorImpl.invoke(Unknown Source)
	at java.lang.reflect.Method.invoke(Unknown Source)
	at org.testng.internal.MethodInvocationHelper.invokeMethod(MethodInvocationHelper.java:108)
	at org.testng.internal.Invoker.invokeMethod(Invoker.java:669)
	at org.testng.internal.Invoker.invokeTestMethod(Invoker.java:877)
	at org.testng.internal.Invoker.invokeTestMethods(Invoker.java:1201)
	at org.testng.internal.TestMethodWorker.invokeTestMethods(TestMethodWorker.java:125)
	at org.testng.internal.TestMethodWorker.run(TestMethodWorker.java:109)
	at java.util.concurrent.ThreadPoolExecutor.runWorker(Unknown Source)
	at java.util.concurrent.ThreadPoolExecutor$Worker.run(Unknown Source)
	at java.lang.Thread.run(Unknown Source)
Caused by: org.openqa.selenium.NoSuchElementException: Cannot locate an element using By.id: pdpAddtoBagBtn
For documentation on this error, please visit: http://seleniumhq.org/exceptions/no_such_element.html
Build info: version: '3.2.0', revision: '8c03df6b79', time: '2017-02-23 10:51:31 +0000'
System info: host: 'DESKTOP-AQOISD1', ip: '192.168.234.84', os.name: 'Windows 10', os.arch: 'amd64', os.version: '10.0', java.version: '1.8.0_112'
Driver info: driver.version: unknown
	at org.openqa.selenium.support.ui.ExpectedConditions.lambda$findElement$0(ExpectedConditions.java:882)
	at java.util.Optional.orElseThrow(Unknown Source)
	at org.openqa.selenium.support.ui.ExpectedConditions.findElement(ExpectedConditions.java:881)
	at org.openqa.selenium.support.ui.ExpectedConditions.access$000(ExpectedConditions.java:43)
	at org.openqa.selenium.support.ui.ExpectedConditions$7.apply(ExpectedConditions.java:205)
	at org.openqa.selenium.support.ui.ExpectedConditions$7.apply(ExpectedConditions.java:201)
	at org.openqa.selenium.support.ui.FluentWait.until(FluentWait.java:208)
	... 17 more
20-03-2018 13:57 ERROR - Add To Bag is not present - failed
20-03-2018 13:57 ERROR - TimeoutException
org.openqa.selenium.TimeoutException: Expected condition failed: waiting for visibility of element located by By.id: jsQuickCheckout (tried for 30 second(s) with 500 MILLISECONDS interval)
	at org.openqa.selenium.support.ui.WebDriverWait.timeoutException(WebDriverWait.java:82)
	at org.openqa.selenium.support.ui.FluentWait.until(FluentWait.java:231)
	at com.skava.framework.action.SeleniumActionEngine.explicitWaitforVisibility(SeleniumActionEngine.java:183)
	at com.skava.framework.action.SeleniumActionEngine.isElementDisplayed(SeleniumActionEngine.java:201)
	at com.skava.reusable.components.CheckoutComponents.returnCustomer(CheckoutComponents.java:220)
	at com.skava.testcases.LT_1028_Return_Customer_Page_from_Checkout_Validation.LT_1028_Return_Customer_Page_from_Checkout_Validation(LT_1028_Return_Customer_Page_from_Checkout_Validation.java:34)
	at sun.reflect.NativeMethodAccessorImpl.invoke0(Native Method)
	at sun.reflect.NativeMethodAccessorImpl.invoke(Unknown Source)
	at sun.reflect.DelegatingMethodAccessorImpl.invoke(Unknown Source)
	at java.lang.reflect.Method.invoke(Unknown Source)
	at org.testng.internal.MethodInvocationHelper.invokeMethod(MethodInvocationHelper.java:108)
	at org.testng.internal.Invoker.invokeMethod(Invoker.java:669)
	at org.testng.internal.Invoker.invokeTestMethod(Invoker.java:877)
	at org.testng.internal.Invoker.invokeTestMethods(Invoker.java:1201)
	at org.testng.internal.TestMethodWorker.invokeTestMethods(TestMethodWorker.java:125)
	at org.testng.internal.TestMethodWorker.run(TestMethodWorker.java:109)
	at java.util.concurrent.ThreadPoolExecutor.runWorker(Unknown Source)
	at java.util.concurrent.ThreadPoolExecutor$Worker.run(Unknown Source)
	at java.lang.Thread.run(Unknown Source)
Caused by: org.openqa.selenium.NoSuchElementException: Cannot locate an element using By.id: jsQuickCheckout
For documentation on this error, please visit: http://seleniumhq.org/exceptions/no_such_element.html
Build info: version: '3.2.0', revision: '8c03df6b79', time: '2017-02-23 10:51:31 +0000'
System info: host: 'DESKTOP-AQOISD1', ip: '192.168.234.84', os.name: 'Windows 10', os.arch: 'amd64', os.version: '10.0', java.version: '1.8.0_112'
Driver info: driver.version: unknown
	at org.openqa.selenium.support.ui.ExpectedConditions.lambda$findElement$0(ExpectedConditions.java:882)
	at java.util.Optional.orElseThrow(Unknown Source)
	at org.openqa.selenium.support.ui.ExpectedConditions.findElement(ExpectedConditions.java:881)
	at org.openqa.selenium.support.ui.ExpectedConditions.access$000(ExpectedConditions.java:43)
	at org.openqa.selenium.support.ui.ExpectedConditions$7.apply(ExpectedConditions.java:205)
	at org.openqa.selenium.support.ui.ExpectedConditions$7.apply(ExpectedConditions.java:201)
	at org.openqa.selenium.support.ui.FluentWait.until(FluentWait.java:208)
	... 17 more
20-03-2018 13:57 ERROR - User Sign IN is not present - failed
20-03-2018 13:57 INFO  - BackToUSShipping is clicked - Pass
20-03-2018 13:57 INFO  - Wait is displayed - Pass
20-03-2018 13:57 INFO  - scrolled to scroll to checkout - Pass
20-03-2018 13:57 INFO  - Click Checkout is clicked - Pass
20-03-2018 13:57 INFO  - Guest Checkout is displayed - Pass
20-03-2018 13:57 INFO  - scrolled to Guest Checkout - Pass
20-03-2018 13:57 INFO  - Guest Checkout is clicked - Pass
20-03-2018 13:57 INFO  - search/PLP page is displayed - Pass
20-03-2018 13:57 INFO  - Search Count is displayed - Pass
20-03-2018 13:57 INFO  - Size field is displayed - Pass
20-03-2018 13:57 INFO  - PDP Page wait is displayed - Pass
20-03-2018 13:57 INFO  - scrolled to Scrolling - Pass
20-03-2018 13:57 INFO  - Colour Field present is displayed - Pass
20-03-2018 13:57 INFO  - Size field is displayed - Pass
20-03-2018 13:57 INFO  - scrolled to Add To Bag - Pass
20-03-2018 13:57 INFO  - Add To Bag Clicked is clicked - Pass
20-03-2018 13:57 INFO  - Guest checkout shipping screen is displayed on tapping guest chekout button is displayed - Pass
20-03-2018 13:57 INFO  - FirstName is entered in the field - Pass
20-03-2018 13:57 INFO  - SecondName is entered in the field - Pass
20-03-2018 13:57 INFO  - Address 1 is entered in the field - Pass
20-03-2018 13:57 INFO  - Address 2 is entered in the field - Pass
20-03-2018 13:57 INFO  - City is entered in the field - Pass
20-03-2018 13:57 INFO  - scrolled to Scrolling - Pass
20-03-2018 13:57 INFO  - http://m.lordandtaylor.com/ is opened - Pass
20-03-2018 13:57 INFO  - Postal Code is entered in the field - Pass
20-03-2018 13:57 INFO  - Click Search is clicked - Pass
20-03-2018 13:57 INFO  - Untick default billing option is clicked - Pass
20-03-2018 13:57 INFO  - shirts is entered in Search - Pass
20-03-2018 13:57 INFO  - PhoneNumber is entered in the field - Pass
20-03-2018 13:57 INFO  - Mail Address is entered in the field - Pass
20-03-2018 13:57 INFO  - Is Continue Checkout Button displayed is displayed - Pass
20-03-2018 13:57 INFO  - scrolled to Scroll to Continue Checkout Button - Pass
20-03-2018 13:57 INFO  - Click Continue checkout button is clicked - Pass
20-03-2018 13:57 INFO  - PDP overlay is displayed - Pass
20-03-2018 13:57 INFO  - Address Verification is displayed - Pass
20-03-2018 13:57 INFO  - Success Overlay is displayed - Pass
20-03-2018 13:57 INFO  - scrolled to Clicked use as entered in address verification overlay - Pass
20-03-2018 13:57 INFO  - Success Overlay is displayed - Pass
20-03-2018 13:57 INFO  - checkout is displayed - Pass
20-03-2018 13:57 ERROR - TimeoutException
org.openqa.selenium.TimeoutException: Expected condition failed: waiting for visibility of element located by By.id: pdpAddtoBagBtn (tried for 20 second(s) with 500 MILLISECONDS interval)
	at org.openqa.selenium.support.ui.WebDriverWait.timeoutException(WebDriverWait.java:82)
	at org.openqa.selenium.support.ui.FluentWait.until(FluentWait.java:231)
	at com.skava.framework.action.SeleniumActionEngine.explicitWaitforVisibility(SeleniumActionEngine.java:183)
	at com.skava.framework.action.SeleniumActionEngine.clickElement(SeleniumActionEngine.java:100)
	at com.skava.reusable.components.PLPandPDPComponents.addToBag_PDP(PLPandPDPComponents.java:368)
	at com.skava.testcases.LT_1083_Payment_Page_Guest_Validation.LT_1083_Payment_Page_Guest_Validation(LT_1083_Payment_Page_Guest_Validation.java:31)
	at sun.reflect.NativeMethodAccessorImpl.invoke0(Native Method)
	at sun.reflect.NativeMethodAccessorImpl.invoke(Unknown Source)
	at sun.reflect.DelegatingMethodAccessorImpl.invoke(Unknown Source)
	at java.lang.reflect.Method.invoke(Unknown Source)
	at org.testng.internal.MethodInvocationHelper.invokeMethod(MethodInvocationHelper.java:108)
	at org.testng.internal.Invoker.invokeMethod(Invoker.java:669)
	at org.testng.internal.Invoker.invokeTestMethod(Invoker.java:877)
	at org.testng.internal.Invoker.invokeTestMethods(Invoker.java:1201)
	at org.testng.internal.TestMethodWorker.invokeTestMethods(TestMethodWorker.java:125)
	at org.testng.internal.TestMethodWorker.run(TestMethodWorker.java:109)
	at java.util.concurrent.ThreadPoolExecutor.runWorker(Unknown Source)
	at java.util.concurrent.ThreadPoolExecutor$Worker.run(Unknown Source)
	at java.lang.Thread.run(Unknown Source)
Caused by: org.openqa.selenium.NoSuchElementException: Cannot locate an element using By.id: pdpAddtoBagBtn
For documentation on this error, please visit: http://seleniumhq.org/exceptions/no_such_element.html
Build info: version: '3.2.0', revision: '8c03df6b79', time: '2017-02-23 10:51:31 +0000'
System info: host: 'DESKTOP-AQOISD1', ip: '192.168.234.84', os.name: 'Windows 10', os.arch: 'amd64', os.version: '10.0', java.version: '1.8.0_112'
Driver info: driver.version: unknown
	at org.openqa.selenium.support.ui.ExpectedConditions.lambda$findElement$0(ExpectedConditions.java:882)
	at java.util.Optional.orElseThrow(Unknown Source)
	at org.openqa.selenium.support.ui.ExpectedConditions.findElement(ExpectedConditions.java:881)
	at org.openqa.selenium.support.ui.ExpectedConditions.access$000(ExpectedConditions.java:43)
	at org.openqa.selenium.support.ui.ExpectedConditions$7.apply(ExpectedConditions.java:205)
	at org.openqa.selenium.support.ui.ExpectedConditions$7.apply(ExpectedConditions.java:201)
	at org.openqa.selenium.support.ui.FluentWait.until(FluentWait.java:208)
	... 17 more
20-03-2018 13:57 ERROR - Add To Bag Clicked is not present - failed
20-03-2018 13:57 ERROR - TimeoutException
org.openqa.selenium.TimeoutException: Expected condition failed: waiting for visibility of element located by By.id: pdpAddtoBagBtn (tried for 10 second(s) with 500 MILLISECONDS interval)
	at org.openqa.selenium.support.ui.WebDriverWait.timeoutException(WebDriverWait.java:82)
	at org.openqa.selenium.support.ui.FluentWait.until(FluentWait.java:231)
	at com.skava.framework.action.SeleniumActionEngine.explicitWaitforVisibility(SeleniumActionEngine.java:183)
	at com.skava.framework.action.SeleniumActionEngine.scrollToElement(SeleniumActionEngine.java:433)
	at com.skava.reusable.components.PLPandPDPComponents.addToBag_PDP(PLPandPDPComponents.java:367)
	at com.skava.testcases.LT_1176_Review_Order_PlaceOrder_Button_Validation.LT_1176_Review_Order_PlaceOrder_Button_Validation(LT_1176_Review_Order_PlaceOrder_Button_Validation.java:30)
	at sun.reflect.NativeMethodAccessorImpl.invoke0(Native Method)
	at sun.reflect.NativeMethodAccessorImpl.invoke(Unknown Source)
	at sun.reflect.DelegatingMethodAccessorImpl.invoke(Unknown Source)
	at java.lang.reflect.Method.invoke(Unknown Source)
	at org.testng.internal.MethodInvocationHelper.invokeMethod(MethodInvocationHelper.java:108)
	at org.testng.internal.Invoker.invokeMethod(Invoker.java:669)
	at org.testng.internal.Invoker.invokeTestMethod(Invoker.java:877)
	at org.testng.internal.Invoker.invokeTestMethods(Invoker.java:1201)
	at org.testng.internal.TestMethodWorker.invokeTestMethods(TestMethodWorker.java:125)
	at org.testng.internal.TestMethodWorker.run(TestMethodWorker.java:109)
	at java.util.concurrent.ThreadPoolExecutor.runWorker(Unknown Source)
	at java.util.concurrent.ThreadPoolExecutor$Worker.run(Unknown Source)
	at java.lang.Thread.run(Unknown Source)
Caused by: org.openqa.selenium.NoSuchElementException: Cannot locate an element using By.id: pdpAddtoBagBtn
For documentation on this error, please visit: http://seleniumhq.org/exceptions/no_such_element.html
Build info: version: '3.2.0', revision: '8c03df6b79', time: '2017-02-23 10:51:31 +0000'
System info: host: 'DESKTOP-AQOISD1', ip: '192.168.234.84', os.name: 'Windows 10', os.arch: 'amd64', os.version: '10.0', java.version: '1.8.0_112'
Driver info: driver.version: unknown
	at org.openqa.selenium.support.ui.ExpectedConditions.lambda$findElement$0(ExpectedConditions.java:882)
	at java.util.Optional.orElseThrow(Unknown Source)
	at org.openqa.selenium.support.ui.ExpectedConditions.findElement(ExpectedConditions.java:881)
	at org.openqa.selenium.support.ui.ExpectedConditions.access$000(ExpectedConditions.java:43)
	at org.openqa.selenium.support.ui.ExpectedConditions$7.apply(ExpectedConditions.java:205)
	at org.openqa.selenium.support.ui.ExpectedConditions$7.apply(ExpectedConditions.java:201)
	at org.openqa.selenium.support.ui.FluentWait.until(FluentWait.java:208)
	... 17 more
20-03-2018 13:57 ERROR - Add To Bag is not present - failed
20-03-2018 13:57 INFO  - search/PLP page is displayed - Pass
20-03-2018 13:57 INFO  - Search Count is displayed - Pass
20-03-2018 13:58 ERROR - TimeoutException
org.openqa.selenium.TimeoutException: Expected condition failed: waiting for visibility of element located by By.xpath: //*[contains(@class,'skMob_productListItemOuterCont')] (tried for 10 second(s) with 500 MILLISECONDS interval)
	at org.openqa.selenium.support.ui.WebDriverWait.timeoutException(WebDriverWait.java:82)
	at org.openqa.selenium.support.ui.FluentWait.until(FluentWait.java:231)
	at com.skava.framework.action.SeleniumActionEngine.explicitWaitforVisibility(SeleniumActionEngine.java:183)
	at com.skava.reusable.components.PLPandPDPComponents.cartSuccess_OverLay(PLPandPDPComponents.java:395)
	at com.skava.testcases.LT_1235_GuestCheckout_Payment_FiledCheck.LT_1235_GuestCheckout_Payment_FiledCheck(LT_1235_GuestCheckout_Payment_FiledCheck.java:32)
	at sun.reflect.NativeMethodAccessorImpl.invoke0(Native Method)
	at sun.reflect.NativeMethodAccessorImpl.invoke(Unknown Source)
	at sun.reflect.DelegatingMethodAccessorImpl.invoke(Unknown Source)
	at java.lang.reflect.Method.invoke(Unknown Source)
	at org.testng.internal.MethodInvocationHelper.invokeMethod(MethodInvocationHelper.java:108)
	at org.testng.internal.Invoker.invokeMethod(Invoker.java:669)
	at org.testng.internal.Invoker.invokeTestMethod(Invoker.java:877)
	at org.testng.internal.Invoker.invokeTestMethods(Invoker.java:1201)
	at org.testng.internal.TestMethodWorker.invokeTestMethods(TestMethodWorker.java:125)
	at org.testng.internal.TestMethodWorker.run(TestMethodWorker.java:109)
	at java.util.concurrent.ThreadPoolExecutor.runWorker(Unknown Source)
	at java.util.concurrent.ThreadPoolExecutor$Worker.run(Unknown Source)
	at java.lang.Thread.run(Unknown Source)
Caused by: org.openqa.selenium.NoSuchElementException: Cannot locate an element using By.xpath: //*[contains(@class,'skMob_productListItemOuterCont')]
For documentation on this error, please visit: http://seleniumhq.org/exceptions/no_such_element.html
Build info: version: '3.2.0', revision: '8c03df6b79', time: '2017-02-23 10:51:31 +0000'
System info: host: 'DESKTOP-AQOISD1', ip: '192.168.234.84', os.name: 'Windows 10', os.arch: 'amd64', os.version: '10.0', java.version: '1.8.0_112'
Driver info: driver.version: unknown
	at org.openqa.selenium.support.ui.ExpectedConditions.lambda$findElement$0(ExpectedConditions.java:882)
	at java.util.Optional.orElseThrow(Unknown Source)
	at org.openqa.selenium.support.ui.ExpectedConditions.findElement(ExpectedConditions.java:881)
	at org.openqa.selenium.support.ui.ExpectedConditions.access$000(ExpectedConditions.java:43)
	at org.openqa.selenium.support.ui.ExpectedConditions$7.apply(ExpectedConditions.java:205)
	at org.openqa.selenium.support.ui.ExpectedConditions$7.apply(ExpectedConditions.java:201)
	at org.openqa.selenium.support.ui.FluentWait.until(FluentWait.java:208)
	... 16 more
20-03-2018 13:58 ERROR - wait is not present - failed
20-03-2018 13:58 ERROR - TimeoutException
org.openqa.selenium.TimeoutException: Expected condition failed: waiting for visibility of element located by By.id: pdpAddtoBagBtn (tried for 10 second(s) with 500 MILLISECONDS interval)
	at org.openqa.selenium.support.ui.WebDriverWait.timeoutException(WebDriverWait.java:82)
	at org.openqa.selenium.support.ui.FluentWait.until(FluentWait.java:231)
	at com.skava.framework.action.SeleniumActionEngine.explicitWaitforVisibility(SeleniumActionEngine.java:183)
	at com.skava.framework.action.SeleniumActionEngine.isElementDisplayed(SeleniumActionEngine.java:201)
	at com.skava.reusable.components.CheckoutComponents.addressVerification(CheckoutComponents.java:115)
	at com.skava.testcases.LT_1081_GuestCheckout_AddShipping.LT_1081_GuestCheckout_Add_Shipping(LT_1081_GuestCheckout_AddShipping.java:39)
	at sun.reflect.NativeMethodAccessorImpl.invoke0(Native Method)
	at sun.reflect.NativeMethodAccessorImpl.invoke(Unknown Source)
	at sun.reflect.DelegatingMethodAccessorImpl.invoke(Unknown Source)
	at java.lang.reflect.Method.invoke(Unknown Source)
	at org.testng.internal.MethodInvocationHelper.invokeMethod(MethodInvocationHelper.java:108)
	at org.testng.internal.Invoker.invokeMethod(Invoker.java:669)
	at org.testng.internal.Invoker.invokeTestMethod(Invoker.java:877)
	at org.testng.internal.Invoker.invokeTestMethods(Invoker.java:1201)
	at org.testng.internal.TestMethodWorker.invokeTestMethods(TestMethodWorker.java:125)
	at org.testng.internal.TestMethodWorker.run(TestMethodWorker.java:109)
	at java.util.concurrent.ThreadPoolExecutor.runWorker(Unknown Source)
	at java.util.concurrent.ThreadPoolExecutor$Worker.run(Unknown Source)
	at java.lang.Thread.run(Unknown Source)
Caused by: org.openqa.selenium.NoSuchElementException: Cannot locate an element using By.id: pdpAddtoBagBtn
For documentation on this error, please visit: http://seleniumhq.org/exceptions/no_such_element.html
Build info: version: '3.2.0', revision: '8c03df6b79', time: '2017-02-23 10:51:31 +0000'
System info: host: 'DESKTOP-AQOISD1', ip: '192.168.234.84', os.name: 'Windows 10', os.arch: 'amd64', os.version: '10.0', java.version: '1.8.0_112'
Driver info: driver.version: unknown
	at org.openqa.selenium.support.ui.ExpectedConditions.lambda$findElement$0(ExpectedConditions.java:882)
	at java.util.Optional.orElseThrow(Unknown Source)
	at org.openqa.selenium.support.ui.ExpectedConditions.findElement(ExpectedConditions.java:881)
	at org.openqa.selenium.support.ui.ExpectedConditions.access$000(ExpectedConditions.java:43)
	at org.openqa.selenium.support.ui.ExpectedConditions$7.apply(ExpectedConditions.java:205)
	at org.openqa.selenium.support.ui.ExpectedConditions$7.apply(ExpectedConditions.java:201)
	at org.openqa.selenium.support.ui.FluentWait.until(FluentWait.java:208)
	... 17 more
20-03-2018 13:58 ERROR - wait is not present - failed
20-03-2018 13:58 INFO  - Clicked OK is displayed - Pass
20-03-2018 13:58 INFO  - Clicked OK is clicked - Pass
20-03-2018 13:58 INFO  - PDP Page wait is displayed - Pass
20-03-2018 13:58 INFO  - scrolled to Scrolling - Pass
20-03-2018 13:58 INFO  - Colour Field present is displayed - Pass
20-03-2018 13:58 INFO  - Size field is displayed - Pass
20-03-2018 13:58 INFO  - scrolled to Add To Bag - Pass
20-03-2018 13:58 INFO  - Add To Bag Clicked is clicked - Pass
20-03-2018 13:58 INFO  - PDP overlay is displayed - Pass
20-03-2018 13:58 INFO  - Success Overlay is displayed - Pass
20-03-2018 13:58 INFO  - Success Overlay is displayed - Pass
20-03-2018 13:58 INFO  - checkout is displayed - Pass
20-03-2018 13:58 ERROR - TimeoutException
org.openqa.selenium.TimeoutException: Expected condition failed: waiting for visibility of element located by By.xpath: //*[contains(@class,'sk_mobPdtAddToBagCont ')][contains(@style,'block')] (tried for 20 second(s) with 500 MILLISECONDS interval)
	at org.openqa.selenium.support.ui.WebDriverWait.timeoutException(WebDriverWait.java:82)
	at org.openqa.selenium.support.ui.FluentWait.until(FluentWait.java:231)
	at com.skava.framework.action.SeleniumActionEngine.explicitWaitforVisibility(SeleniumActionEngine.java:183)
	at com.skava.framework.action.SeleniumActionEngine.isElementDisplayed(SeleniumActionEngine.java:201)
	at com.skava.reusable.components.PLPandPDPComponents.pDPOverlay(PLPandPDPComponents.java:150)
	at com.skava.testcases.LT_1083_Payment_Page_Guest_Validation.LT_1083_Payment_Page_Guest_Validation(LT_1083_Payment_Page_Guest_Validation.java:32)
	at sun.reflect.NativeMethodAccessorImpl.invoke0(Native Method)
	at sun.reflect.NativeMethodAccessorImpl.invoke(Unknown Source)
	at sun.reflect.DelegatingMethodAccessorImpl.invoke(Unknown Source)
	at java.lang.reflect.Method.invoke(Unknown Source)
	at org.testng.internal.MethodInvocationHelper.invokeMethod(MethodInvocationHelper.java:108)
	at org.testng.internal.Invoker.invokeMethod(Invoker.java:669)
	at org.testng.internal.Invoker.invokeTestMethod(Invoker.java:877)
	at org.testng.internal.Invoker.invokeTestMethods(Invoker.java:1201)
	at org.testng.internal.TestMethodWorker.invokeTestMethods(TestMethodWorker.java:125)
	at org.testng.internal.TestMethodWorker.run(TestMethodWorker.java:109)
	at java.util.concurrent.ThreadPoolExecutor.runWorker(Unknown Source)
	at java.util.concurrent.ThreadPoolExecutor$Worker.run(Unknown Source)
	at java.lang.Thread.run(Unknown Source)
Caused by: org.openqa.selenium.NoSuchElementException: Cannot locate an element using By.xpath: //*[contains(@class,'sk_mobPdtAddToBagCont ')][contains(@style,'block')]
For documentation on this error, please visit: http://seleniumhq.org/exceptions/no_such_element.html
Build info: version: '3.2.0', revision: '8c03df6b79', time: '2017-02-23 10:51:31 +0000'
System info: host: 'DESKTOP-AQOISD1', ip: '192.168.234.84', os.name: 'Windows 10', os.arch: 'amd64', os.version: '10.0', java.version: '1.8.0_112'
Driver info: driver.version: unknown
	at org.openqa.selenium.support.ui.ExpectedConditions.lambda$findElement$0(ExpectedConditions.java:882)
	at java.util.Optional.orElseThrow(Unknown Source)
	at org.openqa.selenium.support.ui.ExpectedConditions.findElement(ExpectedConditions.java:881)
	at org.openqa.selenium.support.ui.ExpectedConditions.access$000(ExpectedConditions.java:43)
	at org.openqa.selenium.support.ui.ExpectedConditions$7.apply(ExpectedConditions.java:205)
	at org.openqa.selenium.support.ui.ExpectedConditions$7.apply(ExpectedConditions.java:201)
	at org.openqa.selenium.support.ui.FluentWait.until(FluentWait.java:208)
	... 17 more
20-03-2018 13:58 ERROR - PDP overlay is not present - failed
20-03-2018 13:58 ERROR - TimeoutException
org.openqa.selenium.TimeoutException: Expected condition failed: waiting for visibility of element located by By.id: pdpAddtoBagBtn (tried for 20 second(s) with 500 MILLISECONDS interval)
	at org.openqa.selenium.support.ui.WebDriverWait.timeoutException(WebDriverWait.java:82)
	at org.openqa.selenium.support.ui.FluentWait.until(FluentWait.java:231)
	at com.skava.framework.action.SeleniumActionEngine.explicitWaitforVisibility(SeleniumActionEngine.java:183)
	at com.skava.framework.action.SeleniumActionEngine.clickElement(SeleniumActionEngine.java:100)
	at com.skava.reusable.components.PLPandPDPComponents.addToBag_PDP(PLPandPDPComponents.java:368)
	at com.skava.testcases.LT_1176_Review_Order_PlaceOrder_Button_Validation.LT_1176_Review_Order_PlaceOrder_Button_Validation(LT_1176_Review_Order_PlaceOrder_Button_Validation.java:30)
	at sun.reflect.NativeMethodAccessorImpl.invoke0(Native Method)
	at sun.reflect.NativeMethodAccessorImpl.invoke(Unknown Source)
	at sun.reflect.DelegatingMethodAccessorImpl.invoke(Unknown Source)
	at java.lang.reflect.Method.invoke(Unknown Source)
	at org.testng.internal.MethodInvocationHelper.invokeMethod(MethodInvocationHelper.java:108)
	at org.testng.internal.Invoker.invokeMethod(Invoker.java:669)
	at org.testng.internal.Invoker.invokeTestMethod(Invoker.java:877)
	at org.testng.internal.Invoker.invokeTestMethods(Invoker.java:1201)
	at org.testng.internal.TestMethodWorker.invokeTestMethods(TestMethodWorker.java:125)
	at org.testng.internal.TestMethodWorker.run(TestMethodWorker.java:109)
	at java.util.concurrent.ThreadPoolExecutor.runWorker(Unknown Source)
	at java.util.concurrent.ThreadPoolExecutor$Worker.run(Unknown Source)
	at java.lang.Thread.run(Unknown Source)
Caused by: org.openqa.selenium.NoSuchElementException: Cannot locate an element using By.id: pdpAddtoBagBtn
For documentation on this error, please visit: http://seleniumhq.org/exceptions/no_such_element.html
Build info: version: '3.2.0', revision: '8c03df6b79', time: '2017-02-23 10:51:31 +0000'
System info: host: 'DESKTOP-AQOISD1', ip: '192.168.234.84', os.name: 'Windows 10', os.arch: 'amd64', os.version: '10.0', java.version: '1.8.0_112'
Driver info: driver.version: unknown
	at org.openqa.selenium.support.ui.ExpectedConditions.lambda$findElement$0(ExpectedConditions.java:882)
	at java.util.Optional.orElseThrow(Unknown Source)
	at org.openqa.selenium.support.ui.ExpectedConditions.findElement(ExpectedConditions.java:881)
	at org.openqa.selenium.support.ui.ExpectedConditions.access$000(ExpectedConditions.java:43)
	at org.openqa.selenium.support.ui.ExpectedConditions$7.apply(ExpectedConditions.java:205)
	at org.openqa.selenium.support.ui.ExpectedConditions$7.apply(ExpectedConditions.java:201)
	at org.openqa.selenium.support.ui.FluentWait.until(FluentWait.java:208)
	... 17 more
20-03-2018 13:58 ERROR - Add To Bag Clicked is not present - failed
20-03-2018 13:58 ERROR - TimeoutException
org.openqa.selenium.TimeoutException: Expected condition failed: waiting for visibility of element located by By.xpath: //*[contains(@class,'skMob_productListItemOuterCont')] (tried for 10 second(s) with 500 MILLISECONDS interval)
	at org.openqa.selenium.support.ui.WebDriverWait.timeoutException(WebDriverWait.java:82)
	at org.openqa.selenium.support.ui.FluentWait.until(FluentWait.java:231)
	at com.skava.framework.action.SeleniumActionEngine.explicitWaitforVisibility(SeleniumActionEngine.java:183)
	at com.skava.reusable.components.PLPandPDPComponents.cartSuccess_OverLay(PLPandPDPComponents.java:395)
	at com.skava.testcases.LT_1236_GuestCheckout_Payment_FieldCheck.LT_1236_GuestCheckout_Payment_FieldCheck(LT_1236_GuestCheckout_Payment_FieldCheck.java:32)
	at sun.reflect.NativeMethodAccessorImpl.invoke0(Native Method)
	at sun.reflect.NativeMethodAccessorImpl.invoke(Unknown Source)
	at sun.reflect.DelegatingMethodAccessorImpl.invoke(Unknown Source)
	at java.lang.reflect.Method.invoke(Unknown Source)
	at org.testng.internal.MethodInvocationHelper.invokeMethod(MethodInvocationHelper.java:108)
	at org.testng.internal.Invoker.invokeMethod(Invoker.java:669)
	at org.testng.internal.Invoker.invokeTestMethod(Invoker.java:877)
	at org.testng.internal.Invoker.invokeTestMethods(Invoker.java:1201)
	at org.testng.internal.TestMethodWorker.invokeTestMethods(TestMethodWorker.java:125)
	at org.testng.internal.TestMethodWorker.run(TestMethodWorker.java:109)
	at java.util.concurrent.ThreadPoolExecutor.runWorker(Unknown Source)
	at java.util.concurrent.ThreadPoolExecutor$Worker.run(Unknown Source)
	at java.lang.Thread.run(Unknown Source)
Caused by: org.openqa.selenium.NoSuchElementException: Cannot locate an element using By.xpath: //*[contains(@class,'skMob_productListItemOuterCont')]
For documentation on this error, please visit: http://seleniumhq.org/exceptions/no_such_element.html
Build info: version: '3.2.0', revision: '8c03df6b79', time: '2017-02-23 10:51:31 +0000'
System info: host: 'DESKTOP-AQOISD1', ip: '192.168.234.84', os.name: 'Windows 10', os.arch: 'amd64', os.version: '10.0', java.version: '1.8.0_112'
Driver info: driver.version: unknown
	at org.openqa.selenium.support.ui.ExpectedConditions.lambda$findElement$0(ExpectedConditions.java:882)
	at java.util.Optional.orElseThrow(Unknown Source)
	at org.openqa.selenium.support.ui.ExpectedConditions.findElement(ExpectedConditions.java:881)
	at org.openqa.selenium.support.ui.ExpectedConditions.access$000(ExpectedConditions.java:43)
	at org.openqa.selenium.support.ui.ExpectedConditions$7.apply(ExpectedConditions.java:205)
	at org.openqa.selenium.support.ui.ExpectedConditions$7.apply(ExpectedConditions.java:201)
	at org.openqa.selenium.support.ui.FluentWait.until(FluentWait.java:208)
	... 16 more
20-03-2018 13:58 ERROR - wait is not present - failed
20-03-2018 13:58 INFO  - Checkout click is clicked - Pass
20-03-2018 13:58 INFO  - IS Cart page products is displayed is displayed - Pass
20-03-2018 13:58 INFO  - Is Cart page Displayed is displayed - Pass
20-03-2018 13:58 INFO  - Wait is displayed - Pass
20-03-2018 13:58 INFO  - scrolled to scroll to checkout - Pass
20-03-2018 13:58 INFO  - Click Checkout is clicked - Pass
20-03-2018 13:58 INFO  - Guest Checkout is displayed - Pass
20-03-2018 13:58 INFO  - scrolled to Guest Checkout - Pass
20-03-2018 13:58 INFO  - Guest Checkout is clicked - Pass
20-03-2018 13:58 ERROR - TimeoutException
org.openqa.selenium.TimeoutException: Expected condition failed: waiting for visibility of element located by By.xpath: //*[contains(@class,'sk_mobPdtAddToBagCont ')][contains(@style,'block')] (tried for 20 second(s) with 500 MILLISECONDS interval)
	at org.openqa.selenium.support.ui.WebDriverWait.timeoutException(WebDriverWait.java:82)
	at org.openqa.selenium.support.ui.FluentWait.until(FluentWait.java:231)
	at com.skava.framework.action.SeleniumActionEngine.explicitWaitforVisibility(SeleniumActionEngine.java:183)
	at com.skava.framework.action.SeleniumActionEngine.isElementDisplayed(SeleniumActionEngine.java:201)
	at com.skava.reusable.components.PLPandPDPComponents.pDPOverlay(PLPandPDPComponents.java:150)
	at com.skava.testcases.LT_1176_Review_Order_PlaceOrder_Button_Validation.LT_1176_Review_Order_PlaceOrder_Button_Validation(LT_1176_Review_Order_PlaceOrder_Button_Validation.java:31)
	at sun.reflect.NativeMethodAccessorImpl.invoke0(Native Method)
	at sun.reflect.NativeMethodAccessorImpl.invoke(Unknown Source)
	at sun.reflect.DelegatingMethodAccessorImpl.invoke(Unknown Source)
	at java.lang.reflect.Method.invoke(Unknown Source)
	at org.testng.internal.MethodInvocationHelper.invokeMethod(MethodInvocationHelper.java:108)
	at org.testng.internal.Invoker.invokeMethod(Invoker.java:669)
	at org.testng.internal.Invoker.invokeTestMethod(Invoker.java:877)
	at org.testng.internal.Invoker.invokeTestMethods(Invoker.java:1201)
	at org.testng.internal.TestMethodWorker.invokeTestMethods(TestMethodWorker.java:125)
	at org.testng.internal.TestMethodWorker.run(TestMethodWorker.java:109)
	at java.util.concurrent.ThreadPoolExecutor.runWorker(Unknown Source)
	at java.util.concurrent.ThreadPoolExecutor$Worker.run(Unknown Source)
	at java.lang.Thread.run(Unknown Source)
Caused by: org.openqa.selenium.NoSuchElementException: Cannot locate an element using By.xpath: //*[contains(@class,'sk_mobPdtAddToBagCont ')][contains(@style,'block')]
For documentation on this error, please visit: http://seleniumhq.org/exceptions/no_such_element.html
Build info: version: '3.2.0', revision: '8c03df6b79', time: '2017-02-23 10:51:31 +0000'
System info: host: 'DESKTOP-AQOISD1', ip: '192.168.234.84', os.name: 'Windows 10', os.arch: 'amd64', os.version: '10.0', java.version: '1.8.0_112'
Driver info: driver.version: unknown
	at org.openqa.selenium.support.ui.ExpectedConditions.lambda$findElement$0(ExpectedConditions.java:882)
	at java.util.Optional.orElseThrow(Unknown Source)
	at org.openqa.selenium.support.ui.ExpectedConditions.findElement(ExpectedConditions.java:881)
	at org.openqa.selenium.support.ui.ExpectedConditions.access$000(ExpectedConditions.java:43)
	at org.openqa.selenium.support.ui.ExpectedConditions$7.apply(ExpectedConditions.java:205)
	at org.openqa.selenium.support.ui.ExpectedConditions$7.apply(ExpectedConditions.java:201)
	at org.openqa.selenium.support.ui.FluentWait.until(FluentWait.java:208)
	... 17 more
20-03-2018 13:58 ERROR - PDP overlay is not present - failed
20-03-2018 13:58 INFO  - Guest checkout shipping screen is displayed on tapping guest chekout button is displayed - Pass
20-03-2018 13:58 INFO  - FirstName is entered in the field - Pass
20-03-2018 13:58 INFO  - SecondName is entered in the field - Pass
20-03-2018 13:58 INFO  - Address 1 is entered in the field - Pass
20-03-2018 13:58 INFO  - Address 2 is entered in the field - Pass
20-03-2018 13:58 INFO  - City is entered in the field - Pass
20-03-2018 13:58 INFO  - scrolled to Scrolling - Pass
20-03-2018 13:58 INFO  - Postal Code is entered in the field - Pass
20-03-2018 13:58 INFO  - PhoneNumber is entered in the field - Pass
20-03-2018 13:58 INFO  - Mail Address is entered in the field - Pass
20-03-2018 13:58 ERROR - TimeoutException
org.openqa.selenium.TimeoutException: Expected condition failed: waiting for visibility of element located by By.xpath: //*[@id='sk_addtobagSuccess_id']/div[1] (tried for 30 second(s) with 500 MILLISECONDS interval)
	at org.openqa.selenium.support.ui.WebDriverWait.timeoutException(WebDriverWait.java:82)
	at org.openqa.selenium.support.ui.FluentWait.until(FluentWait.java:231)
	at com.skava.framework.action.SeleniumActionEngine.explicitWaitforVisibility(SeleniumActionEngine.java:183)
	at com.skava.framework.action.SeleniumActionEngine.isElementDisplayed(SeleniumActionEngine.java:201)
	at com.skava.reusable.components.PLPandPDPComponents.cartSuccess_OverLay(PLPandPDPComponents.java:375)
	at com.skava.testcases.LT_1083_Payment_Page_Guest_Validation.LT_1083_Payment_Page_Guest_Validation(LT_1083_Payment_Page_Guest_Validation.java:33)
	at sun.reflect.NativeMethodAccessorImpl.invoke0(Native Method)
	at sun.reflect.NativeMethodAccessorImpl.invoke(Unknown Source)
	at sun.reflect.DelegatingMethodAccessorImpl.invoke(Unknown Source)
	at java.lang.reflect.Method.invoke(Unknown Source)
	at org.testng.internal.MethodInvocationHelper.invokeMethod(MethodInvocationHelper.java:108)
	at org.testng.internal.Invoker.invokeMethod(Invoker.java:669)
	at org.testng.internal.Invoker.invokeTestMethod(Invoker.java:877)
	at org.testng.internal.Invoker.invokeTestMethods(Invoker.java:1201)
	at org.testng.internal.TestMethodWorker.invokeTestMethods(TestMethodWorker.java:125)
	at org.testng.internal.TestMethodWorker.run(TestMethodWorker.java:109)
	at java.util.concurrent.ThreadPoolExecutor.runWorker(Unknown Source)
	at java.util.concurrent.ThreadPoolExecutor$Worker.run(Unknown Source)
	at java.lang.Thread.run(Unknown Source)
Caused by: org.openqa.selenium.NoSuchElementException: Cannot locate an element using By.xpath: //*[@id='sk_addtobagSuccess_id']/div[1]
For documentation on this error, please visit: http://seleniumhq.org/exceptions/no_such_element.html
Build info: version: '3.2.0', revision: '8c03df6b79', time: '2017-02-23 10:51:31 +0000'
System info: host: 'DESKTOP-AQOISD1', ip: '192.168.234.84', os.name: 'Windows 10', os.arch: 'amd64', os.version: '10.0', java.version: '1.8.0_112'
Driver info: driver.version: unknown
	at org.openqa.selenium.support.ui.ExpectedConditions.lambda$findElement$0(ExpectedConditions.java:882)
	at java.util.Optional.orElseThrow(Unknown Source)
	at org.openqa.selenium.support.ui.ExpectedConditions.findElement(ExpectedConditions.java:881)
	at org.openqa.selenium.support.ui.ExpectedConditions.access$000(ExpectedConditions.java:43)
	at org.openqa.selenium.support.ui.ExpectedConditions$7.apply(ExpectedConditions.java:205)
	at org.openqa.selenium.support.ui.ExpectedConditions$7.apply(ExpectedConditions.java:201)
	at org.openqa.selenium.support.ui.FluentWait.until(FluentWait.java:208)
	... 17 more
20-03-2018 13:58 ERROR - Success Overlay is not present - failed
20-03-2018 13:58 INFO  - Is Continue Checkout Button displayed is displayed - Pass
20-03-2018 13:58 INFO  - scrolled to Scroll to Continue Checkout Button - Pass
20-03-2018 13:58 INFO  - Click Continue checkout button is clicked - Pass
20-03-2018 13:58 INFO  - Address Verification is displayed - Pass
20-03-2018 13:58 INFO  - scrolled to Clicked use as entered in address verification overlay - Pass
20-03-2018 13:58 ERROR - TimeoutException
org.openqa.selenium.TimeoutException: Expected condition failed: waiting for visibility of element located by By.id: pdpAddtoBagBtn (tried for 10 second(s) with 500 MILLISECONDS interval)
	at org.openqa.selenium.support.ui.WebDriverWait.timeoutException(WebDriverWait.java:82)
	at org.openqa.selenium.support.ui.FluentWait.until(FluentWait.java:231)
	at com.skava.framework.action.SeleniumActionEngine.explicitWaitforVisibility(SeleniumActionEngine.java:183)
	at com.skava.framework.action.SeleniumActionEngine.isElementDisplayed(SeleniumActionEngine.java:201)
	at com.skava.reusable.components.CheckoutComponents.addressVerification(CheckoutComponents.java:115)
	at com.skava.testcases.LT_1236_GuestCheckout_Payment_FieldCheck.LT_1236_GuestCheckout_Payment_FieldCheck(LT_1236_GuestCheckout_Payment_FieldCheck.java:40)
	at sun.reflect.NativeMethodAccessorImpl.invoke0(Native Method)
	at sun.reflect.NativeMethodAccessorImpl.invoke(Unknown Source)
	at sun.reflect.DelegatingMethodAccessorImpl.invoke(Unknown Source)
	at java.lang.reflect.Method.invoke(Unknown Source)
	at org.testng.internal.MethodInvocationHelper.invokeMethod(MethodInvocationHelper.java:108)
	at org.testng.internal.Invoker.invokeMethod(Invoker.java:669)
	at org.testng.internal.Invoker.invokeTestMethod(Invoker.java:877)
	at org.testng.internal.Invoker.invokeTestMethods(Invoker.java:1201)
	at org.testng.internal.TestMethodWorker.invokeTestMethods(TestMethodWorker.java:125)
	at org.testng.internal.TestMethodWorker.run(TestMethodWorker.java:109)
	at java.util.concurrent.ThreadPoolExecutor.runWorker(Unknown Source)
	at java.util.concurrent.ThreadPoolExecutor$Worker.run(Unknown Source)
	at java.lang.Thread.run(Unknown Source)
Caused by: org.openqa.selenium.NoSuchElementException: Cannot locate an element using By.id: pdpAddtoBagBtn
For documentation on this error, please visit: http://seleniumhq.org/exceptions/no_such_element.html
Build info: version: '3.2.0', revision: '8c03df6b79', time: '2017-02-23 10:51:31 +0000'
System info: host: 'DESKTOP-AQOISD1', ip: '192.168.234.84', os.name: 'Windows 10', os.arch: 'amd64', os.version: '10.0', java.version: '1.8.0_112'
Driver info: driver.version: unknown
	at org.openqa.selenium.support.ui.ExpectedConditions.lambda$findElement$0(ExpectedConditions.java:882)
	at java.util.Optional.orElseThrow(Unknown Source)
	at org.openqa.selenium.support.ui.ExpectedConditions.findElement(ExpectedConditions.java:881)
	at org.openqa.selenium.support.ui.ExpectedConditions.access$000(ExpectedConditions.java:43)
	at org.openqa.selenium.support.ui.ExpectedConditions$7.apply(ExpectedConditions.java:205)
	at org.openqa.selenium.support.ui.ExpectedConditions$7.apply(ExpectedConditions.java:201)
	at org.openqa.selenium.support.ui.FluentWait.until(FluentWait.java:208)
	... 17 more
20-03-2018 13:58 ERROR - wait is not present - failed
20-03-2018 13:58 INFO  - Clicked OK is displayed - Pass
20-03-2018 13:58 INFO  - Clicked OK is clicked - Pass
20-03-2018 13:59 INFO  - Place Order Page is displayed - Pass
20-03-2018 13:59 INFO  - Payment section is displayed - Pass
20-03-2018 13:59 INFO  - Payment section is displayed - Pass
20-03-2018 13:59 INFO  - Payment type is displayed - Pass
20-03-2018 13:59 INFO  - Card no  is displayed - Pass
20-03-2018 13:59 INFO  - Card name  is displayed - Pass
20-03-2018 13:59 INFO  - Card  exp month is displayed - Pass
20-03-2018 13:59 INFO  - Card  exp year is displayed - Pass
20-03-2018 13:59 INFO  - Card  CVV is displayed - Pass
20-03-2018 13:59 INFO  - scrolled to scroll to gift section - Pass
20-03-2018 13:59 INFO  - Payment gift card section is displayed - Pass
20-03-2018 13:59 INFO  - Gift Card No is displayed - Pass
20-03-2018 13:59 INFO  - Gift Card Pin is displayed - Pass
20-03-2018 13:59 INFO  - scrolled to scroll to promo code section - Pass
20-03-2018 13:59 INFO  - Payment promo code section is displayed - Pass
20-03-2018 13:59 INFO  - Promo code field is displayed - Pass
20-03-2018 13:59 INFO  - scrolled to scroll to create account section - Pass
20-03-2018 13:59 INFO  - Payment create account section is displayed - Pass
20-03-2018 13:59 INFO  - Account password field is displayed - Pass
20-03-2018 13:59 INFO  - Account confirm password field is displayed - Pass
20-03-2018 13:59 INFO  - Account password hint field is displayed - Pass
20-03-2018 13:59 ERROR - TimeoutException
org.openqa.selenium.TimeoutException: Expected condition failed: waiting for visibility of element located by By.xpath: //*[@id='sk_addtobagSuccess_id']/div[1] (tried for 30 second(s) with 500 MILLISECONDS interval)
	at org.openqa.selenium.support.ui.WebDriverWait.timeoutException(WebDriverWait.java:82)
	at org.openqa.selenium.support.ui.FluentWait.until(FluentWait.java:231)
	at com.skava.framework.action.SeleniumActionEngine.explicitWaitforVisibility(SeleniumActionEngine.java:183)
	at com.skava.framework.action.SeleniumActionEngine.isElementDisplayed(SeleniumActionEngine.java:201)
	at com.skava.reusable.components.PLPandPDPComponents.cartSuccess_OverLay(PLPandPDPComponents.java:375)
	at com.skava.testcases.LT_1176_Review_Order_PlaceOrder_Button_Validation.LT_1176_Review_Order_PlaceOrder_Button_Validation(LT_1176_Review_Order_PlaceOrder_Button_Validation.java:32)
	at sun.reflect.NativeMethodAccessorImpl.invoke0(Native Method)
	at sun.reflect.NativeMethodAccessorImpl.invoke(Unknown Source)
	at sun.reflect.DelegatingMethodAccessorImpl.invoke(Unknown Source)
	at java.lang.reflect.Method.invoke(Unknown Source)
	at org.testng.internal.MethodInvocationHelper.invokeMethod(MethodInvocationHelper.java:108)
	at org.testng.internal.Invoker.invokeMethod(Invoker.java:669)
	at org.testng.internal.Invoker.invokeTestMethod(Invoker.java:877)
	at org.testng.internal.Invoker.invokeTestMethods(Invoker.java:1201)
	at org.testng.internal.TestMethodWorker.invokeTestMethods(TestMethodWorker.java:125)
	at org.testng.internal.TestMethodWorker.run(TestMethodWorker.java:109)
	at java.util.concurrent.ThreadPoolExecutor.runWorker(Unknown Source)
	at java.util.concurrent.ThreadPoolExecutor$Worker.run(Unknown Source)
	at java.lang.Thread.run(Unknown Source)
Caused by: org.openqa.selenium.NoSuchElementException: Cannot locate an element using By.xpath: //*[@id='sk_addtobagSuccess_id']/div[1]
For documentation on this error, please visit: http://seleniumhq.org/exceptions/no_such_element.html
Build info: version: '3.2.0', revision: '8c03df6b79', time: '2017-02-23 10:51:31 +0000'
System info: host: 'DESKTOP-AQOISD1', ip: '192.168.234.84', os.name: 'Windows 10', os.arch: 'amd64', os.version: '10.0', java.version: '1.8.0_112'
Driver info: driver.version: unknown
	at org.openqa.selenium.support.ui.ExpectedConditions.lambda$findElement$0(ExpectedConditions.java:882)
	at java.util.Optional.orElseThrow(Unknown Source)
	at org.openqa.selenium.support.ui.ExpectedConditions.findElement(ExpectedConditions.java:881)
	at org.openqa.selenium.support.ui.ExpectedConditions.access$000(ExpectedConditions.java:43)
	at org.openqa.selenium.support.ui.ExpectedConditions$7.apply(ExpectedConditions.java:205)
	at org.openqa.selenium.support.ui.ExpectedConditions$7.apply(ExpectedConditions.java:201)
	at org.openqa.selenium.support.ui.FluentWait.until(FluentWait.java:208)
	... 17 more
20-03-2018 13:59 ERROR - Success Overlay is not present - failed
20-03-2018 13:59 ERROR - TimeoutException
org.openqa.selenium.TimeoutException: Expected condition failed: waiting for visibility of element located by By.xpath: //*[@id='sk_addtobagSuccess_id']/div[1] (tried for 30 second(s) with 500 MILLISECONDS interval)
	at org.openqa.selenium.support.ui.WebDriverWait.timeoutException(WebDriverWait.java:82)
	at org.openqa.selenium.support.ui.FluentWait.until(FluentWait.java:231)
	at com.skava.framework.action.SeleniumActionEngine.explicitWaitforVisibility(SeleniumActionEngine.java:183)
	at com.skava.framework.action.SeleniumActionEngine.isElementDisplayed(SeleniumActionEngine.java:201)
	at com.skava.reusable.components.PLPandPDPComponents.cartSuccess_OverLay(PLPandPDPComponents.java:389)
	at com.skava.testcases.LT_1083_Payment_Page_Guest_Validation.LT_1083_Payment_Page_Guest_Validation(LT_1083_Payment_Page_Guest_Validation.java:33)
	at sun.reflect.NativeMethodAccessorImpl.invoke0(Native Method)
	at sun.reflect.NativeMethodAccessorImpl.invoke(Unknown Source)
	at sun.reflect.DelegatingMethodAccessorImpl.invoke(Unknown Source)
	at java.lang.reflect.Method.invoke(Unknown Source)
	at org.testng.internal.MethodInvocationHelper.invokeMethod(MethodInvocationHelper.java:108)
	at org.testng.internal.Invoker.invokeMethod(Invoker.java:669)
	at org.testng.internal.Invoker.invokeTestMethod(Invoker.java:877)
	at org.testng.internal.Invoker.invokeTestMethods(Invoker.java:1201)
	at org.testng.internal.TestMethodWorker.invokeTestMethods(TestMethodWorker.java:125)
	at org.testng.internal.TestMethodWorker.run(TestMethodWorker.java:109)
	at java.util.concurrent.ThreadPoolExecutor.runWorker(Unknown Source)
	at java.util.concurrent.ThreadPoolExecutor$Worker.run(Unknown Source)
	at java.lang.Thread.run(Unknown Source)
Caused by: org.openqa.selenium.NoSuchElementException: Cannot locate an element using By.xpath: //*[@id='sk_addtobagSuccess_id']/div[1]
For documentation on this error, please visit: http://seleniumhq.org/exceptions/no_such_element.html
Build info: version: '3.2.0', revision: '8c03df6b79', time: '2017-02-23 10:51:31 +0000'
System info: host: 'DESKTOP-AQOISD1', ip: '192.168.234.84', os.name: 'Windows 10', os.arch: 'amd64', os.version: '10.0', java.version: '1.8.0_112'
Driver info: driver.version: unknown
	at org.openqa.selenium.support.ui.ExpectedConditions.lambda$findElement$0(ExpectedConditions.java:882)
	at java.util.Optional.orElseThrow(Unknown Source)
	at org.openqa.selenium.support.ui.ExpectedConditions.findElement(ExpectedConditions.java:881)
	at org.openqa.selenium.support.ui.ExpectedConditions.access$000(ExpectedConditions.java:43)
	at org.openqa.selenium.support.ui.ExpectedConditions$7.apply(ExpectedConditions.java:205)
	at org.openqa.selenium.support.ui.ExpectedConditions$7.apply(ExpectedConditions.java:201)
	at org.openqa.selenium.support.ui.FluentWait.until(FluentWait.java:208)
	... 17 more
20-03-2018 13:59 ERROR - Success Overlay is not present - failed
20-03-2018 13:59 ERROR - TimeoutException
org.openqa.selenium.TimeoutException: Expected condition failed: waiting for visibility of element located by By.xpath: //*[@class='widebag-item-list-content'] (tried for 20 second(s) with 500 MILLISECONDS interval)
	at org.openqa.selenium.support.ui.WebDriverWait.timeoutException(WebDriverWait.java:82)
	at org.openqa.selenium.support.ui.FluentWait.until(FluentWait.java:231)
	at com.skava.framework.action.SeleniumActionEngine.explicitWaitforVisibility(SeleniumActionEngine.java:183)
	at com.skava.framework.action.SeleniumActionEngine.isElementDisplayed(SeleniumActionEngine.java:201)
	at com.skava.reusable.components.CartComponents.isCartDisplayed(CartComponents.java:320)
	at com.skava.testcases.LT_1083_Payment_Page_Guest_Validation.LT_1083_Payment_Page_Guest_Validation(LT_1083_Payment_Page_Guest_Validation.java:34)
	at sun.reflect.NativeMethodAccessorImpl.invoke0(Native Method)
	at sun.reflect.NativeMethodAccessorImpl.invoke(Unknown Source)
	at sun.reflect.DelegatingMethodAccessorImpl.invoke(Unknown Source)
	at java.lang.reflect.Method.invoke(Unknown Source)
	at org.testng.internal.MethodInvocationHelper.invokeMethod(MethodInvocationHelper.java:108)
	at org.testng.internal.Invoker.invokeMethod(Invoker.java:669)
	at org.testng.internal.Invoker.invokeTestMethod(Invoker.java:877)
	at org.testng.internal.Invoker.invokeTestMethods(Invoker.java:1201)
	at org.testng.internal.TestMethodWorker.invokeTestMethods(TestMethodWorker.java:125)
	at org.testng.internal.TestMethodWorker.run(TestMethodWorker.java:109)
	at java.util.concurrent.ThreadPoolExecutor.runWorker(Unknown Source)
	at java.util.concurrent.ThreadPoolExecutor$Worker.run(Unknown Source)
	at java.lang.Thread.run(Unknown Source)
Caused by: org.openqa.selenium.NoSuchElementException: Cannot locate an element using By.xpath: //*[@class='widebag-item-list-content']
For documentation on this error, please visit: http://seleniumhq.org/exceptions/no_such_element.html
Build info: version: '3.2.0', revision: '8c03df6b79', time: '2017-02-23 10:51:31 +0000'
System info: host: 'DESKTOP-AQOISD1', ip: '192.168.234.84', os.name: 'Windows 10', os.arch: 'amd64', os.version: '10.0', java.version: '1.8.0_112'
Driver info: driver.version: unknown
	at org.openqa.selenium.support.ui.ExpectedConditions.lambda$findElement$0(ExpectedConditions.java:882)
	at java.util.Optional.orElseThrow(Unknown Source)
	at org.openqa.selenium.support.ui.ExpectedConditions.findElement(ExpectedConditions.java:881)
	at org.openqa.selenium.support.ui.ExpectedConditions.access$000(ExpectedConditions.java:43)
	at org.openqa.selenium.support.ui.ExpectedConditions$7.apply(ExpectedConditions.java:205)
	at org.openqa.selenium.support.ui.ExpectedConditions$7.apply(ExpectedConditions.java:201)
	at org.openqa.selenium.support.ui.FluentWait.until(FluentWait.java:208)
	... 17 more
20-03-2018 13:59 ERROR - IS Cart page products is displayed is not present - failed
20-03-2018 13:59 ERROR - TimeoutException
org.openqa.selenium.TimeoutException: Expected condition failed: waiting for visibility of element located by By.xpath: //*[@id='sk_addtobagSuccess_id']/div[1] (tried for 30 second(s) with 500 MILLISECONDS interval)
	at org.openqa.selenium.support.ui.WebDriverWait.timeoutException(WebDriverWait.java:82)
	at org.openqa.selenium.support.ui.FluentWait.until(FluentWait.java:231)
	at com.skava.framework.action.SeleniumActionEngine.explicitWaitforVisibility(SeleniumActionEngine.java:183)
	at com.skava.framework.action.SeleniumActionEngine.isElementDisplayed(SeleniumActionEngine.java:201)
	at com.skava.reusable.components.PLPandPDPComponents.cartSuccess_OverLay(PLPandPDPComponents.java:389)
	at com.skava.testcases.LT_1176_Review_Order_PlaceOrder_Button_Validation.LT_1176_Review_Order_PlaceOrder_Button_Validation(LT_1176_Review_Order_PlaceOrder_Button_Validation.java:32)
	at sun.reflect.NativeMethodAccessorImpl.invoke0(Native Method)
	at sun.reflect.NativeMethodAccessorImpl.invoke(Unknown Source)
	at sun.reflect.DelegatingMethodAccessorImpl.invoke(Unknown Source)
	at java.lang.reflect.Method.invoke(Unknown Source)
	at org.testng.internal.MethodInvocationHelper.invokeMethod(MethodInvocationHelper.java:108)
	at org.testng.internal.Invoker.invokeMethod(Invoker.java:669)
	at org.testng.internal.Invoker.invokeTestMethod(Invoker.java:877)
	at org.testng.internal.Invoker.invokeTestMethods(Invoker.java:1201)
	at org.testng.internal.TestMethodWorker.invokeTestMethods(TestMethodWorker.java:125)
	at org.testng.internal.TestMethodWorker.run(TestMethodWorker.java:109)
	at java.util.concurrent.ThreadPoolExecutor.runWorker(Unknown Source)
	at java.util.concurrent.ThreadPoolExecutor$Worker.run(Unknown Source)
	at java.lang.Thread.run(Unknown Source)
Caused by: org.openqa.selenium.NoSuchElementException: Cannot locate an element using By.xpath: //*[@id='sk_addtobagSuccess_id']/div[1]
For documentation on this error, please visit: http://seleniumhq.org/exceptions/no_such_element.html
Build info: version: '3.2.0', revision: '8c03df6b79', time: '2017-02-23 10:51:31 +0000'
System info: host: 'DESKTOP-AQOISD1', ip: '192.168.234.84', os.name: 'Windows 10', os.arch: 'amd64', os.version: '10.0', java.version: '1.8.0_112'
Driver info: driver.version: unknown
	at org.openqa.selenium.support.ui.ExpectedConditions.lambda$findElement$0(ExpectedConditions.java:882)
	at java.util.Optional.orElseThrow(Unknown Source)
	at org.openqa.selenium.support.ui.ExpectedConditions.findElement(ExpectedConditions.java:881)
	at org.openqa.selenium.support.ui.ExpectedConditions.access$000(ExpectedConditions.java:43)
	at org.openqa.selenium.support.ui.ExpectedConditions$7.apply(ExpectedConditions.java:205)
	at org.openqa.selenium.support.ui.ExpectedConditions$7.apply(ExpectedConditions.java:201)
	at org.openqa.selenium.support.ui.FluentWait.until(FluentWait.java:208)
	... 17 more
20-03-2018 13:59 ERROR - Success Overlay is not present - failed
20-03-2018 13:59 ERROR - TimeoutException
org.openqa.selenium.TimeoutException: Expected condition failed: waiting for visibility of element located by By.xpath: //*[@sk_pagename='sk_lntShoppingCartPage'] (tried for 20 second(s) with 500 MILLISECONDS interval)
	at org.openqa.selenium.support.ui.WebDriverWait.timeoutException(WebDriverWait.java:82)
	at org.openqa.selenium.support.ui.FluentWait.until(FluentWait.java:231)
	at com.skava.framework.action.SeleniumActionEngine.explicitWaitforVisibility(SeleniumActionEngine.java:183)
	at com.skava.framework.action.SeleniumActionEngine.isElementDisplayed(SeleniumActionEngine.java:201)
	at com.skava.reusable.components.CartComponents.isCartDisplayed(CartComponents.java:321)
	at com.skava.testcases.LT_1083_Payment_Page_Guest_Validation.LT_1083_Payment_Page_Guest_Validation(LT_1083_Payment_Page_Guest_Validation.java:34)
	at sun.reflect.NativeMethodAccessorImpl.invoke0(Native Method)
	at sun.reflect.NativeMethodAccessorImpl.invoke(Unknown Source)
	at sun.reflect.DelegatingMethodAccessorImpl.invoke(Unknown Source)
	at java.lang.reflect.Method.invoke(Unknown Source)
	at org.testng.internal.MethodInvocationHelper.invokeMethod(MethodInvocationHelper.java:108)
	at org.testng.internal.Invoker.invokeMethod(Invoker.java:669)
	at org.testng.internal.Invoker.invokeTestMethod(Invoker.java:877)
	at org.testng.internal.Invoker.invokeTestMethods(Invoker.java:1201)
	at org.testng.internal.TestMethodWorker.invokeTestMethods(TestMethodWorker.java:125)
	at org.testng.internal.TestMethodWorker.run(TestMethodWorker.java:109)
	at java.util.concurrent.ThreadPoolExecutor.runWorker(Unknown Source)
	at java.util.concurrent.ThreadPoolExecutor$Worker.run(Unknown Source)
	at java.lang.Thread.run(Unknown Source)
Caused by: org.openqa.selenium.NoSuchElementException: Cannot locate an element using By.xpath: //*[@sk_pagename='sk_lntShoppingCartPage']
For documentation on this error, please visit: http://seleniumhq.org/exceptions/no_such_element.html
Build info: version: '3.2.0', revision: '8c03df6b79', time: '2017-02-23 10:51:31 +0000'
System info: host: 'DESKTOP-AQOISD1', ip: '192.168.234.84', os.name: 'Windows 10', os.arch: 'amd64', os.version: '10.0', java.version: '1.8.0_112'
Driver info: driver.version: unknown
	at org.openqa.selenium.support.ui.ExpectedConditions.lambda$findElement$0(ExpectedConditions.java:882)
	at java.util.Optional.orElseThrow(Unknown Source)
	at org.openqa.selenium.support.ui.ExpectedConditions.findElement(ExpectedConditions.java:881)
	at org.openqa.selenium.support.ui.ExpectedConditions.access$000(ExpectedConditions.java:43)
	at org.openqa.selenium.support.ui.ExpectedConditions$7.apply(ExpectedConditions.java:205)
	at org.openqa.selenium.support.ui.ExpectedConditions$7.apply(ExpectedConditions.java:201)
	at org.openqa.selenium.support.ui.FluentWait.until(FluentWait.java:208)
	... 17 more
20-03-2018 13:59 ERROR - Is Cart page Displayed is not present - failed
20-03-2018 13:59 ERROR - TimeoutException
org.openqa.selenium.TimeoutException: Expected condition failed: waiting for visibility of element located by By.xpath: //*[@class='widebag-item-list-content'] (tried for 20 second(s) with 500 MILLISECONDS interval)
	at org.openqa.selenium.support.ui.WebDriverWait.timeoutException(WebDriverWait.java:82)
	at org.openqa.selenium.support.ui.FluentWait.until(FluentWait.java:231)
	at com.skava.framework.action.SeleniumActionEngine.explicitWaitforVisibility(SeleniumActionEngine.java:183)
	at com.skava.framework.action.SeleniumActionEngine.isElementDisplayed(SeleniumActionEngine.java:201)
	at com.skava.reusable.components.CartComponents.isCartDisplayed(CartComponents.java:320)
	at com.skava.testcases.LT_1176_Review_Order_PlaceOrder_Button_Validation.LT_1176_Review_Order_PlaceOrder_Button_Validation(LT_1176_Review_Order_PlaceOrder_Button_Validation.java:33)
	at sun.reflect.NativeMethodAccessorImpl.invoke0(Native Method)
	at sun.reflect.NativeMethodAccessorImpl.invoke(Unknown Source)
	at sun.reflect.DelegatingMethodAccessorImpl.invoke(Unknown Source)
	at java.lang.reflect.Method.invoke(Unknown Source)
	at org.testng.internal.MethodInvocationHelper.invokeMethod(MethodInvocationHelper.java:108)
	at org.testng.internal.Invoker.invokeMethod(Invoker.java:669)
	at org.testng.internal.Invoker.invokeTestMethod(Invoker.java:877)
	at org.testng.internal.Invoker.invokeTestMethods(Invoker.java:1201)
	at org.testng.internal.TestMethodWorker.invokeTestMethods(TestMethodWorker.java:125)
	at org.testng.internal.TestMethodWorker.run(TestMethodWorker.java:109)
	at java.util.concurrent.ThreadPoolExecutor.runWorker(Unknown Source)
	at java.util.concurrent.ThreadPoolExecutor$Worker.run(Unknown Source)
	at java.lang.Thread.run(Unknown Source)
Caused by: org.openqa.selenium.NoSuchElementException: Cannot locate an element using By.xpath: //*[@class='widebag-item-list-content']
For documentation on this error, please visit: http://seleniumhq.org/exceptions/no_such_element.html
Build info: version: '3.2.0', revision: '8c03df6b79', time: '2017-02-23 10:51:31 +0000'
System info: host: 'DESKTOP-AQOISD1', ip: '192.168.234.84', os.name: 'Windows 10', os.arch: 'amd64', os.version: '10.0', java.version: '1.8.0_112'
Driver info: driver.version: unknown
	at org.openqa.selenium.support.ui.ExpectedConditions.lambda$findElement$0(ExpectedConditions.java:882)
	at java.util.Optional.orElseThrow(Unknown Source)
	at org.openqa.selenium.support.ui.ExpectedConditions.findElement(ExpectedConditions.java:881)
	at org.openqa.selenium.support.ui.ExpectedConditions.access$000(ExpectedConditions.java:43)
	at org.openqa.selenium.support.ui.ExpectedConditions$7.apply(ExpectedConditions.java:205)
	at org.openqa.selenium.support.ui.ExpectedConditions$7.apply(ExpectedConditions.java:201)
	at org.openqa.selenium.support.ui.FluentWait.until(FluentWait.java:208)
	... 17 more
20-03-2018 13:59 ERROR - IS Cart page products is displayed is not present - failed
20-03-2018 14:00 ERROR - TimeoutException
org.openqa.selenium.TimeoutException: Expected condition failed: waiting for visibility of element located by By.xpath: //*[@sk_pagename='sk_lntShoppingCartPage'] (tried for 20 second(s) with 500 MILLISECONDS interval)
	at org.openqa.selenium.support.ui.WebDriverWait.timeoutException(WebDriverWait.java:82)
	at org.openqa.selenium.support.ui.FluentWait.until(FluentWait.java:231)
	at com.skava.framework.action.SeleniumActionEngine.explicitWaitforVisibility(SeleniumActionEngine.java:183)
	at com.skava.framework.action.SeleniumActionEngine.isElementDisplayed(SeleniumActionEngine.java:201)
	at com.skava.reusable.components.CartComponents.isCartDisplayed(CartComponents.java:321)
	at com.skava.testcases.LT_1176_Review_Order_PlaceOrder_Button_Validation.LT_1176_Review_Order_PlaceOrder_Button_Validation(LT_1176_Review_Order_PlaceOrder_Button_Validation.java:33)
	at sun.reflect.NativeMethodAccessorImpl.invoke0(Native Method)
	at sun.reflect.NativeMethodAccessorImpl.invoke(Unknown Source)
	at sun.reflect.DelegatingMethodAccessorImpl.invoke(Unknown Source)
	at java.lang.reflect.Method.invoke(Unknown Source)
	at org.testng.internal.MethodInvocationHelper.invokeMethod(MethodInvocationHelper.java:108)
	at org.testng.internal.Invoker.invokeMethod(Invoker.java:669)
	at org.testng.internal.Invoker.invokeTestMethod(Invoker.java:877)
	at org.testng.internal.Invoker.invokeTestMethods(Invoker.java:1201)
	at org.testng.internal.TestMethodWorker.invokeTestMethods(TestMethodWorker.java:125)
	at org.testng.internal.TestMethodWorker.run(TestMethodWorker.java:109)
	at java.util.concurrent.ThreadPoolExecutor.runWorker(Unknown Source)
	at java.util.concurrent.ThreadPoolExecutor$Worker.run(Unknown Source)
	at java.lang.Thread.run(Unknown Source)
Caused by: org.openqa.selenium.NoSuchElementException: Cannot locate an element using By.xpath: //*[@sk_pagename='sk_lntShoppingCartPage']
For documentation on this error, please visit: http://seleniumhq.org/exceptions/no_such_element.html
Build info: version: '3.2.0', revision: '8c03df6b79', time: '2017-02-23 10:51:31 +0000'
System info: host: 'DESKTOP-AQOISD1', ip: '192.168.234.84', os.name: 'Windows 10', os.arch: 'amd64', os.version: '10.0', java.version: '1.8.0_112'
Driver info: driver.version: unknown
	at org.openqa.selenium.support.ui.ExpectedConditions.lambda$findElement$0(ExpectedConditions.java:882)
	at java.util.Optional.orElseThrow(Unknown Source)
	at org.openqa.selenium.support.ui.ExpectedConditions.findElement(ExpectedConditions.java:881)
	at org.openqa.selenium.support.ui.ExpectedConditions.access$000(ExpectedConditions.java:43)
	at org.openqa.selenium.support.ui.ExpectedConditions$7.apply(ExpectedConditions.java:205)
	at org.openqa.selenium.support.ui.ExpectedConditions$7.apply(ExpectedConditions.java:201)
	at org.openqa.selenium.support.ui.FluentWait.until(FluentWait.java:208)
	... 17 more
20-03-2018 14:00 ERROR - Is Cart page Displayed is not present - failed
20-03-2018 14:00 ERROR - TimeoutException
org.openqa.selenium.TimeoutException: Expected condition failed: waiting for visibility of element located by By.xpath: (//*[@class='shopping-cart-button-group']//a)[1] (tried for 30 second(s) with 500 MILLISECONDS interval)
	at org.openqa.selenium.support.ui.WebDriverWait.timeoutException(WebDriverWait.java:82)
	at org.openqa.selenium.support.ui.FluentWait.until(FluentWait.java:231)
	at com.skava.framework.action.SeleniumActionEngine.explicitWaitforVisibility(SeleniumActionEngine.java:183)
	at com.skava.framework.action.SeleniumActionEngine.isElementDisplayed(SeleniumActionEngine.java:201)
	at com.skava.reusable.components.CartComponents.clickCheckoutbutton(CartComponents.java:156)
	at com.skava.testcases.LT_1083_Payment_Page_Guest_Validation.LT_1083_Payment_Page_Guest_Validation(LT_1083_Payment_Page_Guest_Validation.java:36)
	at sun.reflect.NativeMethodAccessorImpl.invoke0(Native Method)
	at sun.reflect.NativeMethodAccessorImpl.invoke(Unknown Source)
	at sun.reflect.DelegatingMethodAccessorImpl.invoke(Unknown Source)
	at java.lang.reflect.Method.invoke(Unknown Source)
	at org.testng.internal.MethodInvocationHelper.invokeMethod(MethodInvocationHelper.java:108)
	at org.testng.internal.Invoker.invokeMethod(Invoker.java:669)
	at org.testng.internal.Invoker.invokeTestMethod(Invoker.java:877)
	at org.testng.internal.Invoker.invokeTestMethods(Invoker.java:1201)
	at org.testng.internal.TestMethodWorker.invokeTestMethods(TestMethodWorker.java:125)
	at org.testng.internal.TestMethodWorker.run(TestMethodWorker.java:109)
	at java.util.concurrent.ThreadPoolExecutor.runWorker(Unknown Source)
	at java.util.concurrent.ThreadPoolExecutor$Worker.run(Unknown Source)
	at java.lang.Thread.run(Unknown Source)
Caused by: org.openqa.selenium.NoSuchElementException: Cannot locate an element using By.xpath: (//*[@class='shopping-cart-button-group']//a)[1]
For documentation on this error, please visit: http://seleniumhq.org/exceptions/no_such_element.html
Build info: version: '3.2.0', revision: '8c03df6b79', time: '2017-02-23 10:51:31 +0000'
System info: host: 'DESKTOP-AQOISD1', ip: '192.168.234.84', os.name: 'Windows 10', os.arch: 'amd64', os.version: '10.0', java.version: '1.8.0_112'
Driver info: driver.version: unknown
	at org.openqa.selenium.support.ui.ExpectedConditions.lambda$findElement$0(ExpectedConditions.java:882)
	at java.util.Optional.orElseThrow(Unknown Source)
	at org.openqa.selenium.support.ui.ExpectedConditions.findElement(ExpectedConditions.java:881)
	at org.openqa.selenium.support.ui.ExpectedConditions.access$000(ExpectedConditions.java:43)
	at org.openqa.selenium.support.ui.ExpectedConditions$7.apply(ExpectedConditions.java:205)
	at org.openqa.selenium.support.ui.ExpectedConditions$7.apply(ExpectedConditions.java:201)
	at org.openqa.selenium.support.ui.FluentWait.until(FluentWait.java:208)
	... 17 more
20-03-2018 14:00 ERROR - Wait is not present - failed
20-03-2018 14:00 ERROR - TimeoutException
org.openqa.selenium.TimeoutException: Expected condition failed: waiting for visibility of element located by By.id: jsCheckoutRemediationGuestCheckout (tried for 20 second(s) with 500 MILLISECONDS interval)
	at org.openqa.selenium.support.ui.WebDriverWait.timeoutException(WebDriverWait.java:82)
	at org.openqa.selenium.support.ui.FluentWait.until(FluentWait.java:231)
	at com.skava.framework.action.SeleniumActionEngine.explicitWaitforVisibility(SeleniumActionEngine.java:183)
	at com.skava.framework.action.SeleniumActionEngine.isElementDisplayed(SeleniumActionEngine.java:201)
	at com.skava.reusable.components.CheckoutComponents.clickGuestCheckout(CheckoutComponents.java:14)
	at com.skava.testcases.LT_1083_Payment_Page_Guest_Validation.LT_1083_Payment_Page_Guest_Validation(LT_1083_Payment_Page_Guest_Validation.java:37)
	at sun.reflect.NativeMethodAccessorImpl.invoke0(Native Method)
	at sun.reflect.NativeMethodAccessorImpl.invoke(Unknown Source)
	at sun.reflect.DelegatingMethodAccessorImpl.invoke(Unknown Source)
	at java.lang.reflect.Method.invoke(Unknown Source)
	at org.testng.internal.MethodInvocationHelper.invokeMethod(MethodInvocationHelper.java:108)
	at org.testng.internal.Invoker.invokeMethod(Invoker.java:669)
	at org.testng.internal.Invoker.invokeTestMethod(Invoker.java:877)
	at org.testng.internal.Invoker.invokeTestMethods(Invoker.java:1201)
	at org.testng.internal.TestMethodWorker.invokeTestMethods(TestMethodWorker.java:125)
	at org.testng.internal.TestMethodWorker.run(TestMethodWorker.java:109)
	at java.util.concurrent.ThreadPoolExecutor.runWorker(Unknown Source)
	at java.util.concurrent.ThreadPoolExecutor$Worker.run(Unknown Source)
	at java.lang.Thread.run(Unknown Source)
Caused by: org.openqa.selenium.NoSuchElementException: Cannot locate an element using By.id: jsCheckoutRemediationGuestCheckout
For documentation on this error, please visit: http://seleniumhq.org/exceptions/no_such_element.html
Build info: version: '3.2.0', revision: '8c03df6b79', time: '2017-02-23 10:51:31 +0000'
System info: host: 'DESKTOP-AQOISD1', ip: '192.168.234.84', os.name: 'Windows 10', os.arch: 'amd64', os.version: '10.0', java.version: '1.8.0_112'
Driver info: driver.version: unknown
	at org.openqa.selenium.support.ui.ExpectedConditions.lambda$findElement$0(ExpectedConditions.java:882)
	at java.util.Optional.orElseThrow(Unknown Source)
	at org.openqa.selenium.support.ui.ExpectedConditions.findElement(ExpectedConditions.java:881)
	at org.openqa.selenium.support.ui.ExpectedConditions.access$000(ExpectedConditions.java:43)
	at org.openqa.selenium.support.ui.ExpectedConditions$7.apply(ExpectedConditions.java:205)
	at org.openqa.selenium.support.ui.ExpectedConditions$7.apply(ExpectedConditions.java:201)
	at org.openqa.selenium.support.ui.FluentWait.until(FluentWait.java:208)
	... 17 more
20-03-2018 14:00 ERROR - Guest Checkout is not present - failed
20-03-2018 14:00 ERROR - TimeoutException
org.openqa.selenium.TimeoutException: Expected condition failed: waiting for visibility of element located by By.xpath: (//*[@class='shopping-cart-button-group']//a)[1] (tried for 30 second(s) with 500 MILLISECONDS interval)
	at org.openqa.selenium.support.ui.WebDriverWait.timeoutException(WebDriverWait.java:82)
	at org.openqa.selenium.support.ui.FluentWait.until(FluentWait.java:231)
	at com.skava.framework.action.SeleniumActionEngine.explicitWaitforVisibility(SeleniumActionEngine.java:183)
	at com.skava.framework.action.SeleniumActionEngine.isElementDisplayed(SeleniumActionEngine.java:201)
	at com.skava.reusable.components.CartComponents.clickCheckoutbutton(CartComponents.java:156)
	at com.skava.testcases.LT_1176_Review_Order_PlaceOrder_Button_Validation.LT_1176_Review_Order_PlaceOrder_Button_Validation(LT_1176_Review_Order_PlaceOrder_Button_Validation.java:35)
	at sun.reflect.NativeMethodAccessorImpl.invoke0(Native Method)
	at sun.reflect.NativeMethodAccessorImpl.invoke(Unknown Source)
	at sun.reflect.DelegatingMethodAccessorImpl.invoke(Unknown Source)
	at java.lang.reflect.Method.invoke(Unknown Source)
	at org.testng.internal.MethodInvocationHelper.invokeMethod(MethodInvocationHelper.java:108)
	at org.testng.internal.Invoker.invokeMethod(Invoker.java:669)
	at org.testng.internal.Invoker.invokeTestMethod(Invoker.java:877)
	at org.testng.internal.Invoker.invokeTestMethods(Invoker.java:1201)
	at org.testng.internal.TestMethodWorker.invokeTestMethods(TestMethodWorker.java:125)
	at org.testng.internal.TestMethodWorker.run(TestMethodWorker.java:109)
	at java.util.concurrent.ThreadPoolExecutor.runWorker(Unknown Source)
	at java.util.concurrent.ThreadPoolExecutor$Worker.run(Unknown Source)
	at java.lang.Thread.run(Unknown Source)
Caused by: org.openqa.selenium.NoSuchElementException: Cannot locate an element using By.xpath: (//*[@class='shopping-cart-button-group']//a)[1]
For documentation on this error, please visit: http://seleniumhq.org/exceptions/no_such_element.html
Build info: version: '3.2.0', revision: '8c03df6b79', time: '2017-02-23 10:51:31 +0000'
System info: host: 'DESKTOP-AQOISD1', ip: '192.168.234.84', os.name: 'Windows 10', os.arch: 'amd64', os.version: '10.0', java.version: '1.8.0_112'
Driver info: driver.version: unknown
	at org.openqa.selenium.support.ui.ExpectedConditions.lambda$findElement$0(ExpectedConditions.java:882)
	at java.util.Optional.orElseThrow(Unknown Source)
	at org.openqa.selenium.support.ui.ExpectedConditions.findElement(ExpectedConditions.java:881)
	at org.openqa.selenium.support.ui.ExpectedConditions.access$000(ExpectedConditions.java:43)
	at org.openqa.selenium.support.ui.ExpectedConditions$7.apply(ExpectedConditions.java:205)
	at org.openqa.selenium.support.ui.ExpectedConditions$7.apply(ExpectedConditions.java:201)
	at org.openqa.selenium.support.ui.FluentWait.until(FluentWait.java:208)
	... 17 more
20-03-2018 14:00 ERROR - Wait is not present - failed
20-03-2018 14:01 ERROR - TimeoutException
org.openqa.selenium.TimeoutException: Expected condition failed: waiting for visibility of element located by By.id: jsCheckoutRemediationGuestCheckout (tried for 20 second(s) with 500 MILLISECONDS interval)
	at org.openqa.selenium.support.ui.WebDriverWait.timeoutException(WebDriverWait.java:82)
	at org.openqa.selenium.support.ui.FluentWait.until(FluentWait.java:231)
	at com.skava.framework.action.SeleniumActionEngine.explicitWaitforVisibility(SeleniumActionEngine.java:183)
	at com.skava.framework.action.SeleniumActionEngine.isElementDisplayed(SeleniumActionEngine.java:201)
	at com.skava.reusable.components.CheckoutComponents.clickGuestCheckout(CheckoutComponents.java:14)
	at com.skava.testcases.LT_1176_Review_Order_PlaceOrder_Button_Validation.LT_1176_Review_Order_PlaceOrder_Button_Validation(LT_1176_Review_Order_PlaceOrder_Button_Validation.java:36)
	at sun.reflect.NativeMethodAccessorImpl.invoke0(Native Method)
	at sun.reflect.NativeMethodAccessorImpl.invoke(Unknown Source)
	at sun.reflect.DelegatingMethodAccessorImpl.invoke(Unknown Source)
	at java.lang.reflect.Method.invoke(Unknown Source)
	at org.testng.internal.MethodInvocationHelper.invokeMethod(MethodInvocationHelper.java:108)
	at org.testng.internal.Invoker.invokeMethod(Invoker.java:669)
	at org.testng.internal.Invoker.invokeTestMethod(Invoker.java:877)
	at org.testng.internal.Invoker.invokeTestMethods(Invoker.java:1201)
	at org.testng.internal.TestMethodWorker.invokeTestMethods(TestMethodWorker.java:125)
	at org.testng.internal.TestMethodWorker.run(TestMethodWorker.java:109)
	at java.util.concurrent.ThreadPoolExecutor.runWorker(Unknown Source)
	at java.util.concurrent.ThreadPoolExecutor$Worker.run(Unknown Source)
	at java.lang.Thread.run(Unknown Source)
Caused by: org.openqa.selenium.NoSuchElementException: Cannot locate an element using By.id: jsCheckoutRemediationGuestCheckout
For documentation on this error, please visit: http://seleniumhq.org/exceptions/no_such_element.html
Build info: version: '3.2.0', revision: '8c03df6b79', time: '2017-02-23 10:51:31 +0000'
System info: host: 'DESKTOP-AQOISD1', ip: '192.168.234.84', os.name: 'Windows 10', os.arch: 'amd64', os.version: '10.0', java.version: '1.8.0_112'
Driver info: driver.version: unknown
	at org.openqa.selenium.support.ui.ExpectedConditions.lambda$findElement$0(ExpectedConditions.java:882)
	at java.util.Optional.orElseThrow(Unknown Source)
	at org.openqa.selenium.support.ui.ExpectedConditions.findElement(ExpectedConditions.java:881)
	at org.openqa.selenium.support.ui.ExpectedConditions.access$000(ExpectedConditions.java:43)
	at org.openqa.selenium.support.ui.ExpectedConditions$7.apply(ExpectedConditions.java:205)
	at org.openqa.selenium.support.ui.ExpectedConditions$7.apply(ExpectedConditions.java:201)
	at org.openqa.selenium.support.ui.FluentWait.until(FluentWait.java:208)
	... 17 more
20-03-2018 14:01 ERROR - Guest Checkout is not present - failed
20-03-2018 14:01 ERROR - TimeoutException
org.openqa.selenium.TimeoutException: Expected condition failed: waiting for visibility of element located by By.xpath: //*[@id='save_shipping_address_service'] (tried for 40 second(s) with 500 MILLISECONDS interval)
	at org.openqa.selenium.support.ui.WebDriverWait.timeoutException(WebDriverWait.java:82)
	at org.openqa.selenium.support.ui.FluentWait.until(FluentWait.java:231)
	at com.skava.framework.action.SeleniumActionEngine.explicitWaitforVisibility(SeleniumActionEngine.java:183)
	at com.skava.framework.action.SeleniumActionEngine.isElementDisplayed(SeleniumActionEngine.java:201)
	at com.skava.reusable.components.CheckoutComponents.isShippingPageDisplayed(CheckoutComponents.java:256)
	at com.skava.testcases.LT_1083_Payment_Page_Guest_Validation.LT_1083_Payment_Page_Guest_Validation(LT_1083_Payment_Page_Guest_Validation.java:38)
	at sun.reflect.NativeMethodAccessorImpl.invoke0(Native Method)
	at sun.reflect.NativeMethodAccessorImpl.invoke(Unknown Source)
	at sun.reflect.DelegatingMethodAccessorImpl.invoke(Unknown Source)
	at java.lang.reflect.Method.invoke(Unknown Source)
	at org.testng.internal.MethodInvocationHelper.invokeMethod(MethodInvocationHelper.java:108)
	at org.testng.internal.Invoker.invokeMethod(Invoker.java:669)
	at org.testng.internal.Invoker.invokeTestMethod(Invoker.java:877)
	at org.testng.internal.Invoker.invokeTestMethods(Invoker.java:1201)
	at org.testng.internal.TestMethodWorker.invokeTestMethods(TestMethodWorker.java:125)
	at org.testng.internal.TestMethodWorker.run(TestMethodWorker.java:109)
	at java.util.concurrent.ThreadPoolExecutor.runWorker(Unknown Source)
	at java.util.concurrent.ThreadPoolExecutor$Worker.run(Unknown Source)
	at java.lang.Thread.run(Unknown Source)
Caused by: org.openqa.selenium.NoSuchElementException: Cannot locate an element using By.xpath: //*[@id='save_shipping_address_service']
For documentation on this error, please visit: http://seleniumhq.org/exceptions/no_such_element.html
Build info: version: '3.2.0', revision: '8c03df6b79', time: '2017-02-23 10:51:31 +0000'
System info: host: 'DESKTOP-AQOISD1', ip: '192.168.234.84', os.name: 'Windows 10', os.arch: 'amd64', os.version: '10.0', java.version: '1.8.0_112'
Driver info: driver.version: unknown
	at org.openqa.selenium.support.ui.ExpectedConditions.lambda$findElement$0(ExpectedConditions.java:882)
	at java.util.Optional.orElseThrow(Unknown Source)
	at org.openqa.selenium.support.ui.ExpectedConditions.findElement(ExpectedConditions.java:881)
	at org.openqa.selenium.support.ui.ExpectedConditions.access$000(ExpectedConditions.java:43)
	at org.openqa.selenium.support.ui.ExpectedConditions$7.apply(ExpectedConditions.java:205)
	at org.openqa.selenium.support.ui.ExpectedConditions$7.apply(ExpectedConditions.java:201)
	at org.openqa.selenium.support.ui.FluentWait.until(FluentWait.java:208)
	... 17 more
20-03-2018 14:01 ERROR - Guest checkout shipping screen is displayed on tapping guest chekout button is not present - failed
20-03-2018 14:01 ERROR - TimeoutException
org.openqa.selenium.TimeoutException: Expected condition failed: waiting for visibility of element located by By.id: shipFirst (tried for 10 second(s) with 500 MILLISECONDS interval)
	at org.openqa.selenium.support.ui.WebDriverWait.timeoutException(WebDriverWait.java:82)
	at org.openqa.selenium.support.ui.FluentWait.until(FluentWait.java:231)
	at com.skava.framework.action.SeleniumActionEngine.explicitWaitforVisibility(SeleniumActionEngine.java:183)
	at com.skava.framework.action.SeleniumActionEngine.enterText(SeleniumActionEngine.java:75)
	at com.skava.reusable.components.CheckoutComponents.enterShippingAddrs(CheckoutComponents.java:72)
	at com.skava.testcases.LT_1083_Payment_Page_Guest_Validation.LT_1083_Payment_Page_Guest_Validation(LT_1083_Payment_Page_Guest_Validation.java:39)
	at sun.reflect.NativeMethodAccessorImpl.invoke0(Native Method)
	at sun.reflect.NativeMethodAccessorImpl.invoke(Unknown Source)
	at sun.reflect.DelegatingMethodAccessorImpl.invoke(Unknown Source)
	at java.lang.reflect.Method.invoke(Unknown Source)
	at org.testng.internal.MethodInvocationHelper.invokeMethod(MethodInvocationHelper.java:108)
	at org.testng.internal.Invoker.invokeMethod(Invoker.java:669)
	at org.testng.internal.Invoker.invokeTestMethod(Invoker.java:877)
	at org.testng.internal.Invoker.invokeTestMethods(Invoker.java:1201)
	at org.testng.internal.TestMethodWorker.invokeTestMethods(TestMethodWorker.java:125)
	at org.testng.internal.TestMethodWorker.run(TestMethodWorker.java:109)
	at java.util.concurrent.ThreadPoolExecutor.runWorker(Unknown Source)
	at java.util.concurrent.ThreadPoolExecutor$Worker.run(Unknown Source)
	at java.lang.Thread.run(Unknown Source)
Caused by: org.openqa.selenium.NoSuchElementException: Cannot locate an element using By.id: shipFirst
For documentation on this error, please visit: http://seleniumhq.org/exceptions/no_such_element.html
Build info: version: '3.2.0', revision: '8c03df6b79', time: '2017-02-23 10:51:31 +0000'
System info: host: 'DESKTOP-AQOISD1', ip: '192.168.234.84', os.name: 'Windows 10', os.arch: 'amd64', os.version: '10.0', java.version: '1.8.0_112'
Driver info: driver.version: unknown
	at org.openqa.selenium.support.ui.ExpectedConditions.lambda$findElement$0(ExpectedConditions.java:882)
	at java.util.Optional.orElseThrow(Unknown Source)
	at org.openqa.selenium.support.ui.ExpectedConditions.findElement(ExpectedConditions.java:881)
	at org.openqa.selenium.support.ui.ExpectedConditions.access$000(ExpectedConditions.java:43)
	at org.openqa.selenium.support.ui.ExpectedConditions$7.apply(ExpectedConditions.java:205)
	at org.openqa.selenium.support.ui.ExpectedConditions$7.apply(ExpectedConditions.java:201)
	at org.openqa.selenium.support.ui.FluentWait.until(FluentWait.java:208)
	... 17 more
20-03-2018 14:01 ERROR - FirstName is not present - failed
20-03-2018 14:01 ERROR - TimeoutException
org.openqa.selenium.TimeoutException: Expected condition failed: waiting for visibility of element located by By.xpath: //*[@id='save_shipping_address_service'] (tried for 40 second(s) with 500 MILLISECONDS interval)
	at org.openqa.selenium.support.ui.WebDriverWait.timeoutException(WebDriverWait.java:82)
	at org.openqa.selenium.support.ui.FluentWait.until(FluentWait.java:231)
	at com.skava.framework.action.SeleniumActionEngine.explicitWaitforVisibility(SeleniumActionEngine.java:183)
	at com.skava.framework.action.SeleniumActionEngine.isElementDisplayed(SeleniumActionEngine.java:201)
	at com.skava.reusable.components.CheckoutComponents.isShippingPageDisplayed(CheckoutComponents.java:256)
	at com.skava.testcases.LT_1176_Review_Order_PlaceOrder_Button_Validation.LT_1176_Review_Order_PlaceOrder_Button_Validation(LT_1176_Review_Order_PlaceOrder_Button_Validation.java:37)
	at sun.reflect.NativeMethodAccessorImpl.invoke0(Native Method)
	at sun.reflect.NativeMethodAccessorImpl.invoke(Unknown Source)
	at sun.reflect.DelegatingMethodAccessorImpl.invoke(Unknown Source)
	at java.lang.reflect.Method.invoke(Unknown Source)
	at org.testng.internal.MethodInvocationHelper.invokeMethod(MethodInvocationHelper.java:108)
	at org.testng.internal.Invoker.invokeMethod(Invoker.java:669)
	at org.testng.internal.Invoker.invokeTestMethod(Invoker.java:877)
	at org.testng.internal.Invoker.invokeTestMethods(Invoker.java:1201)
	at org.testng.internal.TestMethodWorker.invokeTestMethods(TestMethodWorker.java:125)
	at org.testng.internal.TestMethodWorker.run(TestMethodWorker.java:109)
	at java.util.concurrent.ThreadPoolExecutor.runWorker(Unknown Source)
	at java.util.concurrent.ThreadPoolExecutor$Worker.run(Unknown Source)
	at java.lang.Thread.run(Unknown Source)
Caused by: org.openqa.selenium.NoSuchElementException: Cannot locate an element using By.xpath: //*[@id='save_shipping_address_service']
For documentation on this error, please visit: http://seleniumhq.org/exceptions/no_such_element.html
Build info: version: '3.2.0', revision: '8c03df6b79', time: '2017-02-23 10:51:31 +0000'
System info: host: 'DESKTOP-AQOISD1', ip: '192.168.234.84', os.name: 'Windows 10', os.arch: 'amd64', os.version: '10.0', java.version: '1.8.0_112'
Driver info: driver.version: unknown
	at org.openqa.selenium.support.ui.ExpectedConditions.lambda$findElement$0(ExpectedConditions.java:882)
	at java.util.Optional.orElseThrow(Unknown Source)
	at org.openqa.selenium.support.ui.ExpectedConditions.findElement(ExpectedConditions.java:881)
	at org.openqa.selenium.support.ui.ExpectedConditions.access$000(ExpectedConditions.java:43)
	at org.openqa.selenium.support.ui.ExpectedConditions$7.apply(ExpectedConditions.java:205)
	at org.openqa.selenium.support.ui.ExpectedConditions$7.apply(ExpectedConditions.java:201)
	at org.openqa.selenium.support.ui.FluentWait.until(FluentWait.java:208)
	... 17 more
20-03-2018 14:01 ERROR - Guest checkout shipping screen is displayed on tapping guest chekout button is not present - failed
20-03-2018 14:01 ERROR - TimeoutException
org.openqa.selenium.TimeoutException: Expected condition failed: waiting for visibility of element located by By.id: shipLast (tried for 10 second(s) with 500 MILLISECONDS interval)
	at org.openqa.selenium.support.ui.WebDriverWait.timeoutException(WebDriverWait.java:82)
	at org.openqa.selenium.support.ui.FluentWait.until(FluentWait.java:231)
	at com.skava.framework.action.SeleniumActionEngine.explicitWaitforVisibility(SeleniumActionEngine.java:183)
	at com.skava.framework.action.SeleniumActionEngine.enterText(SeleniumActionEngine.java:75)
	at com.skava.reusable.components.CheckoutComponents.enterShippingAddrs(CheckoutComponents.java:73)
	at com.skava.testcases.LT_1083_Payment_Page_Guest_Validation.LT_1083_Payment_Page_Guest_Validation(LT_1083_Payment_Page_Guest_Validation.java:39)
	at sun.reflect.NativeMethodAccessorImpl.invoke0(Native Method)
	at sun.reflect.NativeMethodAccessorImpl.invoke(Unknown Source)
	at sun.reflect.DelegatingMethodAccessorImpl.invoke(Unknown Source)
	at java.lang.reflect.Method.invoke(Unknown Source)
	at org.testng.internal.MethodInvocationHelper.invokeMethod(MethodInvocationHelper.java:108)
	at org.testng.internal.Invoker.invokeMethod(Invoker.java:669)
	at org.testng.internal.Invoker.invokeTestMethod(Invoker.java:877)
	at org.testng.internal.Invoker.invokeTestMethods(Invoker.java:1201)
	at org.testng.internal.TestMethodWorker.invokeTestMethods(TestMethodWorker.java:125)
	at org.testng.internal.TestMethodWorker.run(TestMethodWorker.java:109)
	at java.util.concurrent.ThreadPoolExecutor.runWorker(Unknown Source)
	at java.util.concurrent.ThreadPoolExecutor$Worker.run(Unknown Source)
	at java.lang.Thread.run(Unknown Source)
Caused by: org.openqa.selenium.NoSuchElementException: Cannot locate an element using By.id: shipLast
For documentation on this error, please visit: http://seleniumhq.org/exceptions/no_such_element.html
Build info: version: '3.2.0', revision: '8c03df6b79', time: '2017-02-23 10:51:31 +0000'
System info: host: 'DESKTOP-AQOISD1', ip: '192.168.234.84', os.name: 'Windows 10', os.arch: 'amd64', os.version: '10.0', java.version: '1.8.0_112'
Driver info: driver.version: unknown
	at org.openqa.selenium.support.ui.ExpectedConditions.lambda$findElement$0(ExpectedConditions.java:882)
	at java.util.Optional.orElseThrow(Unknown Source)
	at org.openqa.selenium.support.ui.ExpectedConditions.findElement(ExpectedConditions.java:881)
	at org.openqa.selenium.support.ui.ExpectedConditions.access$000(ExpectedConditions.java:43)
	at org.openqa.selenium.support.ui.ExpectedConditions$7.apply(ExpectedConditions.java:205)
	at org.openqa.selenium.support.ui.ExpectedConditions$7.apply(ExpectedConditions.java:201)
	at org.openqa.selenium.support.ui.FluentWait.until(FluentWait.java:208)
	... 17 more
20-03-2018 14:01 ERROR - SecondName is not present - failed
20-03-2018 14:01 ERROR - TimeoutException
org.openqa.selenium.TimeoutException: Expected condition failed: waiting for visibility of element located by By.id: shipFirst (tried for 10 second(s) with 500 MILLISECONDS interval)
	at org.openqa.selenium.support.ui.WebDriverWait.timeoutException(WebDriverWait.java:82)
	at org.openqa.selenium.support.ui.FluentWait.until(FluentWait.java:231)
	at com.skava.framework.action.SeleniumActionEngine.explicitWaitforVisibility(SeleniumActionEngine.java:183)
	at com.skava.framework.action.SeleniumActionEngine.enterText(SeleniumActionEngine.java:75)
	at com.skava.reusable.components.CheckoutComponents.enterShippingAddrs(CheckoutComponents.java:72)
	at com.skava.testcases.LT_1176_Review_Order_PlaceOrder_Button_Validation.LT_1176_Review_Order_PlaceOrder_Button_Validation(LT_1176_Review_Order_PlaceOrder_Button_Validation.java:38)
	at sun.reflect.NativeMethodAccessorImpl.invoke0(Native Method)
	at sun.reflect.NativeMethodAccessorImpl.invoke(Unknown Source)
	at sun.reflect.DelegatingMethodAccessorImpl.invoke(Unknown Source)
	at java.lang.reflect.Method.invoke(Unknown Source)
	at org.testng.internal.MethodInvocationHelper.invokeMethod(MethodInvocationHelper.java:108)
	at org.testng.internal.Invoker.invokeMethod(Invoker.java:669)
	at org.testng.internal.Invoker.invokeTestMethod(Invoker.java:877)
	at org.testng.internal.Invoker.invokeTestMethods(Invoker.java:1201)
	at org.testng.internal.TestMethodWorker.invokeTestMethods(TestMethodWorker.java:125)
	at org.testng.internal.TestMethodWorker.run(TestMethodWorker.java:109)
	at java.util.concurrent.ThreadPoolExecutor.runWorker(Unknown Source)
	at java.util.concurrent.ThreadPoolExecutor$Worker.run(Unknown Source)
	at java.lang.Thread.run(Unknown Source)
Caused by: org.openqa.selenium.NoSuchElementException: Cannot locate an element using By.id: shipFirst
For documentation on this error, please visit: http://seleniumhq.org/exceptions/no_such_element.html
Build info: version: '3.2.0', revision: '8c03df6b79', time: '2017-02-23 10:51:31 +0000'
System info: host: 'DESKTOP-AQOISD1', ip: '192.168.234.84', os.name: 'Windows 10', os.arch: 'amd64', os.version: '10.0', java.version: '1.8.0_112'
Driver info: driver.version: unknown
	at org.openqa.selenium.support.ui.ExpectedConditions.lambda$findElement$0(ExpectedConditions.java:882)
	at java.util.Optional.orElseThrow(Unknown Source)
	at org.openqa.selenium.support.ui.ExpectedConditions.findElement(ExpectedConditions.java:881)
	at org.openqa.selenium.support.ui.ExpectedConditions.access$000(ExpectedConditions.java:43)
	at org.openqa.selenium.support.ui.ExpectedConditions$7.apply(ExpectedConditions.java:205)
	at org.openqa.selenium.support.ui.ExpectedConditions$7.apply(ExpectedConditions.java:201)
	at org.openqa.selenium.support.ui.FluentWait.until(FluentWait.java:208)
	... 17 more
20-03-2018 14:01 ERROR - FirstName is not present - failed
20-03-2018 14:02 ERROR - TimeoutException
org.openqa.selenium.TimeoutException: Expected condition failed: waiting for visibility of element located by By.id: shipAddress1 (tried for 10 second(s) with 500 MILLISECONDS interval)
	at org.openqa.selenium.support.ui.WebDriverWait.timeoutException(WebDriverWait.java:82)
	at org.openqa.selenium.support.ui.FluentWait.until(FluentWait.java:231)
	at com.skava.framework.action.SeleniumActionEngine.explicitWaitforVisibility(SeleniumActionEngine.java:183)
	at com.skava.framework.action.SeleniumActionEngine.enterText(SeleniumActionEngine.java:75)
	at com.skava.reusable.components.CheckoutComponents.enterShippingAddrs(CheckoutComponents.java:74)
	at com.skava.testcases.LT_1083_Payment_Page_Guest_Validation.LT_1083_Payment_Page_Guest_Validation(LT_1083_Payment_Page_Guest_Validation.java:39)
	at sun.reflect.NativeMethodAccessorImpl.invoke0(Native Method)
	at sun.reflect.NativeMethodAccessorImpl.invoke(Unknown Source)
	at sun.reflect.DelegatingMethodAccessorImpl.invoke(Unknown Source)
	at java.lang.reflect.Method.invoke(Unknown Source)
	at org.testng.internal.MethodInvocationHelper.invokeMethod(MethodInvocationHelper.java:108)
	at org.testng.internal.Invoker.invokeMethod(Invoker.java:669)
	at org.testng.internal.Invoker.invokeTestMethod(Invoker.java:877)
	at org.testng.internal.Invoker.invokeTestMethods(Invoker.java:1201)
	at org.testng.internal.TestMethodWorker.invokeTestMethods(TestMethodWorker.java:125)
	at org.testng.internal.TestMethodWorker.run(TestMethodWorker.java:109)
	at java.util.concurrent.ThreadPoolExecutor.runWorker(Unknown Source)
	at java.util.concurrent.ThreadPoolExecutor$Worker.run(Unknown Source)
	at java.lang.Thread.run(Unknown Source)
Caused by: org.openqa.selenium.NoSuchElementException: Cannot locate an element using By.id: shipAddress1
For documentation on this error, please visit: http://seleniumhq.org/exceptions/no_such_element.html
Build info: version: '3.2.0', revision: '8c03df6b79', time: '2017-02-23 10:51:31 +0000'
System info: host: 'DESKTOP-AQOISD1', ip: '192.168.234.84', os.name: 'Windows 10', os.arch: 'amd64', os.version: '10.0', java.version: '1.8.0_112'
Driver info: driver.version: unknown
	at org.openqa.selenium.support.ui.ExpectedConditions.lambda$findElement$0(ExpectedConditions.java:882)
	at java.util.Optional.orElseThrow(Unknown Source)
	at org.openqa.selenium.support.ui.ExpectedConditions.findElement(ExpectedConditions.java:881)
	at org.openqa.selenium.support.ui.ExpectedConditions.access$000(ExpectedConditions.java:43)
	at org.openqa.selenium.support.ui.ExpectedConditions$7.apply(ExpectedConditions.java:205)
	at org.openqa.selenium.support.ui.ExpectedConditions$7.apply(ExpectedConditions.java:201)
	at org.openqa.selenium.support.ui.FluentWait.until(FluentWait.java:208)
	... 17 more
20-03-2018 14:02 ERROR - Address 1 is not present - failed
20-03-2018 14:02 ERROR - TimeoutException
org.openqa.selenium.TimeoutException: Expected condition failed: waiting for visibility of element located by By.id: shipLast (tried for 10 second(s) with 500 MILLISECONDS interval)
	at org.openqa.selenium.support.ui.WebDriverWait.timeoutException(WebDriverWait.java:82)
	at org.openqa.selenium.support.ui.FluentWait.until(FluentWait.java:231)
	at com.skava.framework.action.SeleniumActionEngine.explicitWaitforVisibility(SeleniumActionEngine.java:183)
	at com.skava.framework.action.SeleniumActionEngine.enterText(SeleniumActionEngine.java:75)
	at com.skava.reusable.components.CheckoutComponents.enterShippingAddrs(CheckoutComponents.java:73)
	at com.skava.testcases.LT_1176_Review_Order_PlaceOrder_Button_Validation.LT_1176_Review_Order_PlaceOrder_Button_Validation(LT_1176_Review_Order_PlaceOrder_Button_Validation.java:38)
	at sun.reflect.NativeMethodAccessorImpl.invoke0(Native Method)
	at sun.reflect.NativeMethodAccessorImpl.invoke(Unknown Source)
	at sun.reflect.DelegatingMethodAccessorImpl.invoke(Unknown Source)
	at java.lang.reflect.Method.invoke(Unknown Source)
	at org.testng.internal.MethodInvocationHelper.invokeMethod(MethodInvocationHelper.java:108)
	at org.testng.internal.Invoker.invokeMethod(Invoker.java:669)
	at org.testng.internal.Invoker.invokeTestMethod(Invoker.java:877)
	at org.testng.internal.Invoker.invokeTestMethods(Invoker.java:1201)
	at org.testng.internal.TestMethodWorker.invokeTestMethods(TestMethodWorker.java:125)
	at org.testng.internal.TestMethodWorker.run(TestMethodWorker.java:109)
	at java.util.concurrent.ThreadPoolExecutor.runWorker(Unknown Source)
	at java.util.concurrent.ThreadPoolExecutor$Worker.run(Unknown Source)
	at java.lang.Thread.run(Unknown Source)
Caused by: org.openqa.selenium.NoSuchElementException: Cannot locate an element using By.id: shipLast
For documentation on this error, please visit: http://seleniumhq.org/exceptions/no_such_element.html
Build info: version: '3.2.0', revision: '8c03df6b79', time: '2017-02-23 10:51:31 +0000'
System info: host: 'DESKTOP-AQOISD1', ip: '192.168.234.84', os.name: 'Windows 10', os.arch: 'amd64', os.version: '10.0', java.version: '1.8.0_112'
Driver info: driver.version: unknown
	at org.openqa.selenium.support.ui.ExpectedConditions.lambda$findElement$0(ExpectedConditions.java:882)
	at java.util.Optional.orElseThrow(Unknown Source)
	at org.openqa.selenium.support.ui.ExpectedConditions.findElement(ExpectedConditions.java:881)
	at org.openqa.selenium.support.ui.ExpectedConditions.access$000(ExpectedConditions.java:43)
	at org.openqa.selenium.support.ui.ExpectedConditions$7.apply(ExpectedConditions.java:205)
	at org.openqa.selenium.support.ui.ExpectedConditions$7.apply(ExpectedConditions.java:201)
	at org.openqa.selenium.support.ui.FluentWait.until(FluentWait.java:208)
	... 17 more
20-03-2018 14:02 ERROR - SecondName is not present - failed
20-03-2018 14:02 ERROR - TimeoutException
org.openqa.selenium.TimeoutException: Expected condition failed: waiting for visibility of element located by By.id: shipAddress2 (tried for 10 second(s) with 500 MILLISECONDS interval)
	at org.openqa.selenium.support.ui.WebDriverWait.timeoutException(WebDriverWait.java:82)
	at org.openqa.selenium.support.ui.FluentWait.until(FluentWait.java:231)
	at com.skava.framework.action.SeleniumActionEngine.explicitWaitforVisibility(SeleniumActionEngine.java:183)
	at com.skava.framework.action.SeleniumActionEngine.enterText(SeleniumActionEngine.java:75)
	at com.skava.reusable.components.CheckoutComponents.enterShippingAddrs(CheckoutComponents.java:75)
	at com.skava.testcases.LT_1083_Payment_Page_Guest_Validation.LT_1083_Payment_Page_Guest_Validation(LT_1083_Payment_Page_Guest_Validation.java:39)
	at sun.reflect.NativeMethodAccessorImpl.invoke0(Native Method)
	at sun.reflect.NativeMethodAccessorImpl.invoke(Unknown Source)
	at sun.reflect.DelegatingMethodAccessorImpl.invoke(Unknown Source)
	at java.lang.reflect.Method.invoke(Unknown Source)
	at org.testng.internal.MethodInvocationHelper.invokeMethod(MethodInvocationHelper.java:108)
	at org.testng.internal.Invoker.invokeMethod(Invoker.java:669)
	at org.testng.internal.Invoker.invokeTestMethod(Invoker.java:877)
	at org.testng.internal.Invoker.invokeTestMethods(Invoker.java:1201)
	at org.testng.internal.TestMethodWorker.invokeTestMethods(TestMethodWorker.java:125)
	at org.testng.internal.TestMethodWorker.run(TestMethodWorker.java:109)
	at java.util.concurrent.ThreadPoolExecutor.runWorker(Unknown Source)
	at java.util.concurrent.ThreadPoolExecutor$Worker.run(Unknown Source)
	at java.lang.Thread.run(Unknown Source)
Caused by: org.openqa.selenium.NoSuchElementException: Cannot locate an element using By.id: shipAddress2
For documentation on this error, please visit: http://seleniumhq.org/exceptions/no_such_element.html
Build info: version: '3.2.0', revision: '8c03df6b79', time: '2017-02-23 10:51:31 +0000'
System info: host: 'DESKTOP-AQOISD1', ip: '192.168.234.84', os.name: 'Windows 10', os.arch: 'amd64', os.version: '10.0', java.version: '1.8.0_112'
Driver info: driver.version: unknown
	at org.openqa.selenium.support.ui.ExpectedConditions.lambda$findElement$0(ExpectedConditions.java:882)
	at java.util.Optional.orElseThrow(Unknown Source)
	at org.openqa.selenium.support.ui.ExpectedConditions.findElement(ExpectedConditions.java:881)
	at org.openqa.selenium.support.ui.ExpectedConditions.access$000(ExpectedConditions.java:43)
	at org.openqa.selenium.support.ui.ExpectedConditions$7.apply(ExpectedConditions.java:205)
	at org.openqa.selenium.support.ui.ExpectedConditions$7.apply(ExpectedConditions.java:201)
	at org.openqa.selenium.support.ui.FluentWait.until(FluentWait.java:208)
	... 17 more
20-03-2018 14:02 ERROR - Address 2 is not present - failed
20-03-2018 14:02 ERROR - TimeoutException
org.openqa.selenium.TimeoutException: Expected condition failed: waiting for visibility of element located by By.id: shipAddress1 (tried for 10 second(s) with 500 MILLISECONDS interval)
	at org.openqa.selenium.support.ui.WebDriverWait.timeoutException(WebDriverWait.java:82)
	at org.openqa.selenium.support.ui.FluentWait.until(FluentWait.java:231)
	at com.skava.framework.action.SeleniumActionEngine.explicitWaitforVisibility(SeleniumActionEngine.java:183)
	at com.skava.framework.action.SeleniumActionEngine.enterText(SeleniumActionEngine.java:75)
	at com.skava.reusable.components.CheckoutComponents.enterShippingAddrs(CheckoutComponents.java:74)
	at com.skava.testcases.LT_1176_Review_Order_PlaceOrder_Button_Validation.LT_1176_Review_Order_PlaceOrder_Button_Validation(LT_1176_Review_Order_PlaceOrder_Button_Validation.java:38)
	at sun.reflect.NativeMethodAccessorImpl.invoke0(Native Method)
	at sun.reflect.NativeMethodAccessorImpl.invoke(Unknown Source)
	at sun.reflect.DelegatingMethodAccessorImpl.invoke(Unknown Source)
	at java.lang.reflect.Method.invoke(Unknown Source)
	at org.testng.internal.MethodInvocationHelper.invokeMethod(MethodInvocationHelper.java:108)
	at org.testng.internal.Invoker.invokeMethod(Invoker.java:669)
	at org.testng.internal.Invoker.invokeTestMethod(Invoker.java:877)
	at org.testng.internal.Invoker.invokeTestMethods(Invoker.java:1201)
	at org.testng.internal.TestMethodWorker.invokeTestMethods(TestMethodWorker.java:125)
	at org.testng.internal.TestMethodWorker.run(TestMethodWorker.java:109)
	at java.util.concurrent.ThreadPoolExecutor.runWorker(Unknown Source)
	at java.util.concurrent.ThreadPoolExecutor$Worker.run(Unknown Source)
	at java.lang.Thread.run(Unknown Source)
Caused by: org.openqa.selenium.NoSuchElementException: Cannot locate an element using By.id: shipAddress1
For documentation on this error, please visit: http://seleniumhq.org/exceptions/no_such_element.html
Build info: version: '3.2.0', revision: '8c03df6b79', time: '2017-02-23 10:51:31 +0000'
System info: host: 'DESKTOP-AQOISD1', ip: '192.168.234.84', os.name: 'Windows 10', os.arch: 'amd64', os.version: '10.0', java.version: '1.8.0_112'
Driver info: driver.version: unknown
	at org.openqa.selenium.support.ui.ExpectedConditions.lambda$findElement$0(ExpectedConditions.java:882)
	at java.util.Optional.orElseThrow(Unknown Source)
	at org.openqa.selenium.support.ui.ExpectedConditions.findElement(ExpectedConditions.java:881)
	at org.openqa.selenium.support.ui.ExpectedConditions.access$000(ExpectedConditions.java:43)
	at org.openqa.selenium.support.ui.ExpectedConditions$7.apply(ExpectedConditions.java:205)
	at org.openqa.selenium.support.ui.ExpectedConditions$7.apply(ExpectedConditions.java:201)
	at org.openqa.selenium.support.ui.FluentWait.until(FluentWait.java:208)
	... 17 more
20-03-2018 14:02 ERROR - Address 1 is not present - failed
20-03-2018 14:02 ERROR - TimeoutException
org.openqa.selenium.TimeoutException: Expected condition failed: waiting for visibility of element located by By.id: shipCity (tried for 10 second(s) with 500 MILLISECONDS interval)
	at org.openqa.selenium.support.ui.WebDriverWait.timeoutException(WebDriverWait.java:82)
	at org.openqa.selenium.support.ui.FluentWait.until(FluentWait.java:231)
	at com.skava.framework.action.SeleniumActionEngine.explicitWaitforVisibility(SeleniumActionEngine.java:183)
	at com.skava.framework.action.SeleniumActionEngine.enterText(SeleniumActionEngine.java:75)
	at com.skava.reusable.components.CheckoutComponents.enterShippingAddrs(CheckoutComponents.java:76)
	at com.skava.testcases.LT_1083_Payment_Page_Guest_Validation.LT_1083_Payment_Page_Guest_Validation(LT_1083_Payment_Page_Guest_Validation.java:39)
	at sun.reflect.NativeMethodAccessorImpl.invoke0(Native Method)
	at sun.reflect.NativeMethodAccessorImpl.invoke(Unknown Source)
	at sun.reflect.DelegatingMethodAccessorImpl.invoke(Unknown Source)
	at java.lang.reflect.Method.invoke(Unknown Source)
	at org.testng.internal.MethodInvocationHelper.invokeMethod(MethodInvocationHelper.java:108)
	at org.testng.internal.Invoker.invokeMethod(Invoker.java:669)
	at org.testng.internal.Invoker.invokeTestMethod(Invoker.java:877)
	at org.testng.internal.Invoker.invokeTestMethods(Invoker.java:1201)
	at org.testng.internal.TestMethodWorker.invokeTestMethods(TestMethodWorker.java:125)
	at org.testng.internal.TestMethodWorker.run(TestMethodWorker.java:109)
	at java.util.concurrent.ThreadPoolExecutor.runWorker(Unknown Source)
	at java.util.concurrent.ThreadPoolExecutor$Worker.run(Unknown Source)
	at java.lang.Thread.run(Unknown Source)
Caused by: org.openqa.selenium.NoSuchElementException: Cannot locate an element using By.id: shipCity
For documentation on this error, please visit: http://seleniumhq.org/exceptions/no_such_element.html
Build info: version: '3.2.0', revision: '8c03df6b79', time: '2017-02-23 10:51:31 +0000'
System info: host: 'DESKTOP-AQOISD1', ip: '192.168.234.84', os.name: 'Windows 10', os.arch: 'amd64', os.version: '10.0', java.version: '1.8.0_112'
Driver info: driver.version: unknown
	at org.openqa.selenium.support.ui.ExpectedConditions.lambda$findElement$0(ExpectedConditions.java:882)
	at java.util.Optional.orElseThrow(Unknown Source)
	at org.openqa.selenium.support.ui.ExpectedConditions.findElement(ExpectedConditions.java:881)
	at org.openqa.selenium.support.ui.ExpectedConditions.access$000(ExpectedConditions.java:43)
	at org.openqa.selenium.support.ui.ExpectedConditions$7.apply(ExpectedConditions.java:205)
	at org.openqa.selenium.support.ui.ExpectedConditions$7.apply(ExpectedConditions.java:201)
	at org.openqa.selenium.support.ui.FluentWait.until(FluentWait.java:208)
	... 17 more
20-03-2018 14:02 ERROR - City is not present - failed
20-03-2018 14:02 ERROR - TimeoutException
org.openqa.selenium.TimeoutException: Expected condition failed: waiting for visibility of element located by By.id: shipAddress2 (tried for 10 second(s) with 500 MILLISECONDS interval)
	at org.openqa.selenium.support.ui.WebDriverWait.timeoutException(WebDriverWait.java:82)
	at org.openqa.selenium.support.ui.FluentWait.until(FluentWait.java:231)
	at com.skava.framework.action.SeleniumActionEngine.explicitWaitforVisibility(SeleniumActionEngine.java:183)
	at com.skava.framework.action.SeleniumActionEngine.enterText(SeleniumActionEngine.java:75)
	at com.skava.reusable.components.CheckoutComponents.enterShippingAddrs(CheckoutComponents.java:75)
	at com.skava.testcases.LT_1176_Review_Order_PlaceOrder_Button_Validation.LT_1176_Review_Order_PlaceOrder_Button_Validation(LT_1176_Review_Order_PlaceOrder_Button_Validation.java:38)
	at sun.reflect.NativeMethodAccessorImpl.invoke0(Native Method)
	at sun.reflect.NativeMethodAccessorImpl.invoke(Unknown Source)
	at sun.reflect.DelegatingMethodAccessorImpl.invoke(Unknown Source)
	at java.lang.reflect.Method.invoke(Unknown Source)
	at org.testng.internal.MethodInvocationHelper.invokeMethod(MethodInvocationHelper.java:108)
	at org.testng.internal.Invoker.invokeMethod(Invoker.java:669)
	at org.testng.internal.Invoker.invokeTestMethod(Invoker.java:877)
	at org.testng.internal.Invoker.invokeTestMethods(Invoker.java:1201)
	at org.testng.internal.TestMethodWorker.invokeTestMethods(TestMethodWorker.java:125)
	at org.testng.internal.TestMethodWorker.run(TestMethodWorker.java:109)
	at java.util.concurrent.ThreadPoolExecutor.runWorker(Unknown Source)
	at java.util.concurrent.ThreadPoolExecutor$Worker.run(Unknown Source)
	at java.lang.Thread.run(Unknown Source)
Caused by: org.openqa.selenium.NoSuchElementException: Cannot locate an element using By.id: shipAddress2
For documentation on this error, please visit: http://seleniumhq.org/exceptions/no_such_element.html
Build info: version: '3.2.0', revision: '8c03df6b79', time: '2017-02-23 10:51:31 +0000'
System info: host: 'DESKTOP-AQOISD1', ip: '192.168.234.84', os.name: 'Windows 10', os.arch: 'amd64', os.version: '10.0', java.version: '1.8.0_112'
Driver info: driver.version: unknown
	at org.openqa.selenium.support.ui.ExpectedConditions.lambda$findElement$0(ExpectedConditions.java:882)
	at java.util.Optional.orElseThrow(Unknown Source)
	at org.openqa.selenium.support.ui.ExpectedConditions.findElement(ExpectedConditions.java:881)
	at org.openqa.selenium.support.ui.ExpectedConditions.access$000(ExpectedConditions.java:43)
	at org.openqa.selenium.support.ui.ExpectedConditions$7.apply(ExpectedConditions.java:205)
	at org.openqa.selenium.support.ui.ExpectedConditions$7.apply(ExpectedConditions.java:201)
	at org.openqa.selenium.support.ui.FluentWait.until(FluentWait.java:208)
	... 17 more
20-03-2018 14:02 ERROR - Address 2 is not present - failed
20-03-2018 14:02 ERROR - TimeoutException
org.openqa.selenium.TimeoutException: Expected condition failed: waiting for visibility of element located by By.id: shipCity (tried for 10 second(s) with 500 MILLISECONDS interval)
	at org.openqa.selenium.support.ui.WebDriverWait.timeoutException(WebDriverWait.java:82)
	at org.openqa.selenium.support.ui.FluentWait.until(FluentWait.java:231)
	at com.skava.framework.action.SeleniumActionEngine.explicitWaitforVisibility(SeleniumActionEngine.java:183)
	at com.skava.framework.action.SeleniumActionEngine.enterText(SeleniumActionEngine.java:75)
	at com.skava.reusable.components.CheckoutComponents.enterShippingAddrs(CheckoutComponents.java:76)
	at com.skava.testcases.LT_1176_Review_Order_PlaceOrder_Button_Validation.LT_1176_Review_Order_PlaceOrder_Button_Validation(LT_1176_Review_Order_PlaceOrder_Button_Validation.java:38)
	at sun.reflect.NativeMethodAccessorImpl.invoke0(Native Method)
	at sun.reflect.NativeMethodAccessorImpl.invoke(Unknown Source)
	at sun.reflect.DelegatingMethodAccessorImpl.invoke(Unknown Source)
	at java.lang.reflect.Method.invoke(Unknown Source)
	at org.testng.internal.MethodInvocationHelper.invokeMethod(MethodInvocationHelper.java:108)
	at org.testng.internal.Invoker.invokeMethod(Invoker.java:669)
	at org.testng.internal.Invoker.invokeTestMethod(Invoker.java:877)
	at org.testng.internal.Invoker.invokeTestMethods(Invoker.java:1201)
	at org.testng.internal.TestMethodWorker.invokeTestMethods(TestMethodWorker.java:125)
	at org.testng.internal.TestMethodWorker.run(TestMethodWorker.java:109)
	at java.util.concurrent.ThreadPoolExecutor.runWorker(Unknown Source)
	at java.util.concurrent.ThreadPoolExecutor$Worker.run(Unknown Source)
	at java.lang.Thread.run(Unknown Source)
Caused by: org.openqa.selenium.NoSuchElementException: Cannot locate an element using By.id: shipCity
For documentation on this error, please visit: http://seleniumhq.org/exceptions/no_such_element.html
Build info: version: '3.2.0', revision: '8c03df6b79', time: '2017-02-23 10:51:31 +0000'
System info: host: 'DESKTOP-AQOISD1', ip: '192.168.234.84', os.name: 'Windows 10', os.arch: 'amd64', os.version: '10.0', java.version: '1.8.0_112'
Driver info: driver.version: unknown
	at org.openqa.selenium.support.ui.ExpectedConditions.lambda$findElement$0(ExpectedConditions.java:882)
	at java.util.Optional.orElseThrow(Unknown Source)
	at org.openqa.selenium.support.ui.ExpectedConditions.findElement(ExpectedConditions.java:881)
	at org.openqa.selenium.support.ui.ExpectedConditions.access$000(ExpectedConditions.java:43)
	at org.openqa.selenium.support.ui.ExpectedConditions$7.apply(ExpectedConditions.java:205)
	at org.openqa.selenium.support.ui.ExpectedConditions$7.apply(ExpectedConditions.java:201)
	at org.openqa.selenium.support.ui.FluentWait.until(FluentWait.java:208)
	... 17 more
20-03-2018 14:02 ERROR - City is not present - failed
20-03-2018 14:02 ERROR - TimeoutException
org.openqa.selenium.TimeoutException: Expected condition failed: waiting for visibility of element located by By.xpath: //*[@name='SHIP_TO_ADDRESS<>state_cd']/option (tried for 20 second(s) with 500 MILLISECONDS interval)
	at org.openqa.selenium.support.ui.WebDriverWait.timeoutException(WebDriverWait.java:82)
	at org.openqa.selenium.support.ui.FluentWait.until(FluentWait.java:231)
	at com.skava.framework.action.SeleniumActionEngine.explicitWaitforVisibility(SeleniumActionEngine.java:183)
	at com.skava.framework.action.SeleniumActionEngine.clickRandomElement(SeleniumActionEngine.java:504)
	at com.skava.reusable.components.CheckoutComponents.enterShippingAddrs(CheckoutComponents.java:78)
	at com.skava.testcases.LT_1083_Payment_Page_Guest_Validation.LT_1083_Payment_Page_Guest_Validation(LT_1083_Payment_Page_Guest_Validation.java:39)
	at sun.reflect.NativeMethodAccessorImpl.invoke0(Native Method)
	at sun.reflect.NativeMethodAccessorImpl.invoke(Unknown Source)
	at sun.reflect.DelegatingMethodAccessorImpl.invoke(Unknown Source)
	at java.lang.reflect.Method.invoke(Unknown Source)
	at org.testng.internal.MethodInvocationHelper.invokeMethod(MethodInvocationHelper.java:108)
	at org.testng.internal.Invoker.invokeMethod(Invoker.java:669)
	at org.testng.internal.Invoker.invokeTestMethod(Invoker.java:877)
	at org.testng.internal.Invoker.invokeTestMethods(Invoker.java:1201)
	at org.testng.internal.TestMethodWorker.invokeTestMethods(TestMethodWorker.java:125)
	at org.testng.internal.TestMethodWorker.run(TestMethodWorker.java:109)
	at java.util.concurrent.ThreadPoolExecutor.runWorker(Unknown Source)
	at java.util.concurrent.ThreadPoolExecutor$Worker.run(Unknown Source)
	at java.lang.Thread.run(Unknown Source)
Caused by: org.openqa.selenium.NoSuchElementException: Cannot locate an element using By.xpath: //*[@name='SHIP_TO_ADDRESS<>state_cd']/option
For documentation on this error, please visit: http://seleniumhq.org/exceptions/no_such_element.html
Build info: version: '3.2.0', revision: '8c03df6b79', time: '2017-02-23 10:51:31 +0000'
System info: host: 'DESKTOP-AQOISD1', ip: '192.168.234.84', os.name: 'Windows 10', os.arch: 'amd64', os.version: '10.0', java.version: '1.8.0_112'
Driver info: driver.version: unknown
	at org.openqa.selenium.support.ui.ExpectedConditions.lambda$findElement$0(ExpectedConditions.java:882)
	at java.util.Optional.orElseThrow(Unknown Source)
	at org.openqa.selenium.support.ui.ExpectedConditions.findElement(ExpectedConditions.java:881)
	at org.openqa.selenium.support.ui.ExpectedConditions.access$000(ExpectedConditions.java:43)
	at org.openqa.selenium.support.ui.ExpectedConditions$7.apply(ExpectedConditions.java:205)
	at org.openqa.selenium.support.ui.ExpectedConditions$7.apply(ExpectedConditions.java:201)
	at org.openqa.selenium.support.ui.FluentWait.until(FluentWait.java:208)
	... 17 more
20-03-2018 14:02 ERROR - Select state from dropdown is not present - failed
20-03-2018 14:02 ERROR - TimeoutException
org.openqa.selenium.TimeoutException: Expected condition failed: waiting for visibility of element located by By.id: shipZip (tried for 10 second(s) with 500 MILLISECONDS interval)
	at org.openqa.selenium.support.ui.WebDriverWait.timeoutException(WebDriverWait.java:82)
	at org.openqa.selenium.support.ui.FluentWait.until(FluentWait.java:231)
	at com.skava.framework.action.SeleniumActionEngine.explicitWaitforVisibility(SeleniumActionEngine.java:183)
	at com.skava.framework.action.SeleniumActionEngine.scrollToElement(SeleniumActionEngine.java:433)
	at com.skava.reusable.components.CheckoutComponents.enterShippingAddrs(CheckoutComponents.java:79)
	at com.skava.testcases.LT_1083_Payment_Page_Guest_Validation.LT_1083_Payment_Page_Guest_Validation(LT_1083_Payment_Page_Guest_Validation.java:39)
	at sun.reflect.NativeMethodAccessorImpl.invoke0(Native Method)
	at sun.reflect.NativeMethodAccessorImpl.invoke(Unknown Source)
	at sun.reflect.DelegatingMethodAccessorImpl.invoke(Unknown Source)
	at java.lang.reflect.Method.invoke(Unknown Source)
	at org.testng.internal.MethodInvocationHelper.invokeMethod(MethodInvocationHelper.java:108)
	at org.testng.internal.Invoker.invokeMethod(Invoker.java:669)
	at org.testng.internal.Invoker.invokeTestMethod(Invoker.java:877)
	at org.testng.internal.Invoker.invokeTestMethods(Invoker.java:1201)
	at org.testng.internal.TestMethodWorker.invokeTestMethods(TestMethodWorker.java:125)
	at org.testng.internal.TestMethodWorker.run(TestMethodWorker.java:109)
	at java.util.concurrent.ThreadPoolExecutor.runWorker(Unknown Source)
	at java.util.concurrent.ThreadPoolExecutor$Worker.run(Unknown Source)
	at java.lang.Thread.run(Unknown Source)
Caused by: org.openqa.selenium.NoSuchElementException: Cannot locate an element using By.id: shipZip
For documentation on this error, please visit: http://seleniumhq.org/exceptions/no_such_element.html
Build info: version: '3.2.0', revision: '8c03df6b79', time: '2017-02-23 10:51:31 +0000'
System info: host: 'DESKTOP-AQOISD1', ip: '192.168.234.84', os.name: 'Windows 10', os.arch: 'amd64', os.version: '10.0', java.version: '1.8.0_112'
Driver info: driver.version: unknown
	at org.openqa.selenium.support.ui.ExpectedConditions.lambda$findElement$0(ExpectedConditions.java:882)
	at java.util.Optional.orElseThrow(Unknown Source)
	at org.openqa.selenium.support.ui.ExpectedConditions.findElement(ExpectedConditions.java:881)
	at org.openqa.selenium.support.ui.ExpectedConditions.access$000(ExpectedConditions.java:43)
	at org.openqa.selenium.support.ui.ExpectedConditions$7.apply(ExpectedConditions.java:205)
	at org.openqa.selenium.support.ui.ExpectedConditions$7.apply(ExpectedConditions.java:201)
	at org.openqa.selenium.support.ui.FluentWait.until(FluentWait.java:208)
	... 17 more
20-03-2018 14:02 ERROR - Scrolling is not present - failed
20-03-2018 14:03 ERROR - TimeoutException
org.openqa.selenium.TimeoutException: Expected condition failed: waiting for visibility of element located by By.xpath: //*[@name='SHIP_TO_ADDRESS<>state_cd']/option (tried for 20 second(s) with 500 MILLISECONDS interval)
	at org.openqa.selenium.support.ui.WebDriverWait.timeoutException(WebDriverWait.java:82)
	at org.openqa.selenium.support.ui.FluentWait.until(FluentWait.java:231)
	at com.skava.framework.action.SeleniumActionEngine.explicitWaitforVisibility(SeleniumActionEngine.java:183)
	at com.skava.framework.action.SeleniumActionEngine.clickRandomElement(SeleniumActionEngine.java:504)
	at com.skava.reusable.components.CheckoutComponents.enterShippingAddrs(CheckoutComponents.java:78)
	at com.skava.testcases.LT_1176_Review_Order_PlaceOrder_Button_Validation.LT_1176_Review_Order_PlaceOrder_Button_Validation(LT_1176_Review_Order_PlaceOrder_Button_Validation.java:38)
	at sun.reflect.NativeMethodAccessorImpl.invoke0(Native Method)
	at sun.reflect.NativeMethodAccessorImpl.invoke(Unknown Source)
	at sun.reflect.DelegatingMethodAccessorImpl.invoke(Unknown Source)
	at java.lang.reflect.Method.invoke(Unknown Source)
	at org.testng.internal.MethodInvocationHelper.invokeMethod(MethodInvocationHelper.java:108)
	at org.testng.internal.Invoker.invokeMethod(Invoker.java:669)
	at org.testng.internal.Invoker.invokeTestMethod(Invoker.java:877)
	at org.testng.internal.Invoker.invokeTestMethods(Invoker.java:1201)
	at org.testng.internal.TestMethodWorker.invokeTestMethods(TestMethodWorker.java:125)
	at org.testng.internal.TestMethodWorker.run(TestMethodWorker.java:109)
	at java.util.concurrent.ThreadPoolExecutor.runWorker(Unknown Source)
	at java.util.concurrent.ThreadPoolExecutor$Worker.run(Unknown Source)
	at java.lang.Thread.run(Unknown Source)
Caused by: org.openqa.selenium.NoSuchElementException: Cannot locate an element using By.xpath: //*[@name='SHIP_TO_ADDRESS<>state_cd']/option
For documentation on this error, please visit: http://seleniumhq.org/exceptions/no_such_element.html
Build info: version: '3.2.0', revision: '8c03df6b79', time: '2017-02-23 10:51:31 +0000'
System info: host: 'DESKTOP-AQOISD1', ip: '192.168.234.84', os.name: 'Windows 10', os.arch: 'amd64', os.version: '10.0', java.version: '1.8.0_112'
Driver info: driver.version: unknown
	at org.openqa.selenium.support.ui.ExpectedConditions.lambda$findElement$0(ExpectedConditions.java:882)
	at java.util.Optional.orElseThrow(Unknown Source)
	at org.openqa.selenium.support.ui.ExpectedConditions.findElement(ExpectedConditions.java:881)
	at org.openqa.selenium.support.ui.ExpectedConditions.access$000(ExpectedConditions.java:43)
	at org.openqa.selenium.support.ui.ExpectedConditions$7.apply(ExpectedConditions.java:205)
	at org.openqa.selenium.support.ui.ExpectedConditions$7.apply(ExpectedConditions.java:201)
	at org.openqa.selenium.support.ui.FluentWait.until(FluentWait.java:208)
	... 17 more
20-03-2018 14:03 ERROR - Select state from dropdown is not present - failed
20-03-2018 14:03 ERROR - TimeoutException
org.openqa.selenium.TimeoutException: Expected condition failed: waiting for visibility of element located by By.id: shipZip (tried for 10 second(s) with 500 MILLISECONDS interval)
	at org.openqa.selenium.support.ui.WebDriverWait.timeoutException(WebDriverWait.java:82)
	at org.openqa.selenium.support.ui.FluentWait.until(FluentWait.java:231)
	at com.skava.framework.action.SeleniumActionEngine.explicitWaitforVisibility(SeleniumActionEngine.java:183)
	at com.skava.framework.action.SeleniumActionEngine.enterText(SeleniumActionEngine.java:75)
	at com.skava.reusable.components.CheckoutComponents.enterShippingAddrs(CheckoutComponents.java:80)
	at com.skava.testcases.LT_1083_Payment_Page_Guest_Validation.LT_1083_Payment_Page_Guest_Validation(LT_1083_Payment_Page_Guest_Validation.java:39)
	at sun.reflect.NativeMethodAccessorImpl.invoke0(Native Method)
	at sun.reflect.NativeMethodAccessorImpl.invoke(Unknown Source)
	at sun.reflect.DelegatingMethodAccessorImpl.invoke(Unknown Source)
	at java.lang.reflect.Method.invoke(Unknown Source)
	at org.testng.internal.MethodInvocationHelper.invokeMethod(MethodInvocationHelper.java:108)
	at org.testng.internal.Invoker.invokeMethod(Invoker.java:669)
	at org.testng.internal.Invoker.invokeTestMethod(Invoker.java:877)
	at org.testng.internal.Invoker.invokeTestMethods(Invoker.java:1201)
	at org.testng.internal.TestMethodWorker.invokeTestMethods(TestMethodWorker.java:125)
	at org.testng.internal.TestMethodWorker.run(TestMethodWorker.java:109)
	at java.util.concurrent.ThreadPoolExecutor.runWorker(Unknown Source)
	at java.util.concurrent.ThreadPoolExecutor$Worker.run(Unknown Source)
	at java.lang.Thread.run(Unknown Source)
Caused by: org.openqa.selenium.NoSuchElementException: Cannot locate an element using By.id: shipZip
For documentation on this error, please visit: http://seleniumhq.org/exceptions/no_such_element.html
Build info: version: '3.2.0', revision: '8c03df6b79', time: '2017-02-23 10:51:31 +0000'
System info: host: 'DESKTOP-AQOISD1', ip: '192.168.234.84', os.name: 'Windows 10', os.arch: 'amd64', os.version: '10.0', java.version: '1.8.0_112'
Driver info: driver.version: unknown
	at org.openqa.selenium.support.ui.ExpectedConditions.lambda$findElement$0(ExpectedConditions.java:882)
	at java.util.Optional.orElseThrow(Unknown Source)
	at org.openqa.selenium.support.ui.ExpectedConditions.findElement(ExpectedConditions.java:881)
	at org.openqa.selenium.support.ui.ExpectedConditions.access$000(ExpectedConditions.java:43)
	at org.openqa.selenium.support.ui.ExpectedConditions$7.apply(ExpectedConditions.java:205)
	at org.openqa.selenium.support.ui.ExpectedConditions$7.apply(ExpectedConditions.java:201)
	at org.openqa.selenium.support.ui.FluentWait.until(FluentWait.java:208)
	... 17 more
20-03-2018 14:03 ERROR - Postal Code is not present - failed
20-03-2018 14:03 ERROR - TimeoutException
org.openqa.selenium.TimeoutException: timeout
  (Session info: chrome=64.0.3282.186)
  (Driver info: chromedriver=2.33.506120 (e3e53437346286c0bc2d2dc9aa4915ba81d9023f),platform=Windows NT 10.0.16299 x86_64) (WARNING: The server did not provide any stacktrace information)
Command duration or timeout: 300.07 seconds
Build info: version: '3.2.0', revision: '8c03df6b79', time: '2017-02-23 10:51:31 +0000'
System info: host: 'DESKTOP-AQOISD1', ip: '192.168.234.84', os.name: 'Windows 10', os.arch: 'amd64', os.version: '10.0', java.version: '1.8.0_112'
Driver info: org.openqa.selenium.chrome.ChromeDriver
Capabilities [{applicationCacheEnabled=false, rotatable=false, mobileEmulationEnabled=false, networkConnectionEnabled=false, chrome={chromedriverVersion=2.33.506120 (e3e53437346286c0bc2d2dc9aa4915ba81d9023f), userDataDir=C:\Users\arunraj.n\AppData\Local\Temp\scoped_dir20068_26098}, takesHeapSnapshot=true, pageLoadStrategy=normal, databaseEnabled=false, handlesAlerts=true, hasTouchScreen=false, version=64.0.3282.186, platform=XP, browserConnectionEnabled=false, nativeEvents=true, acceptSslCerts=true, locationContextEnabled=true, webStorageEnabled=true, browserName=chrome, takesScreenshot=true, javascriptEnabled=true, cssSelectorsEnabled=true, setWindowRect=true, unexpectedAlertBehaviour=}]
Session ID: 5bc5d0d6df4a71f2f9e0c5c8ac9f7cc6
	at sun.reflect.NativeConstructorAccessorImpl.newInstance0(Native Method)
	at sun.reflect.NativeConstructorAccessorImpl.newInstance(Unknown Source)
	at sun.reflect.DelegatingConstructorAccessorImpl.newInstance(Unknown Source)
	at java.lang.reflect.Constructor.newInstance(Unknown Source)
	at org.openqa.selenium.remote.ErrorHandler.createThrowable(ErrorHandler.java:216)
	at org.openqa.selenium.remote.ErrorHandler.throwIfResponseFailed(ErrorHandler.java:168)
	at org.openqa.selenium.remote.RemoteWebDriver.execute(RemoteWebDriver.java:638)
	at org.openqa.selenium.remote.RemoteWebElement.execute(RemoteWebElement.java:274)
	at org.openqa.selenium.remote.RemoteWebElement.click(RemoteWebElement.java:84)
	at com.skava.framework.action.SeleniumActionEngine.clickElement(SeleniumActionEngine.java:103)
	at com.skava.reusable.components.PLPandPDPComponents.cartSuccess_OverLay(PLPandPDPComponents.java:396)
	at com.skava.testcases.LT_1235_GuestCheckout_Payment_FiledCheck.LT_1235_GuestCheckout_Payment_FiledCheck(LT_1235_GuestCheckout_Payment_FiledCheck.java:32)
	at sun.reflect.NativeMethodAccessorImpl.invoke0(Native Method)
	at sun.reflect.NativeMethodAccessorImpl.invoke(Unknown Source)
	at sun.reflect.DelegatingMethodAccessorImpl.invoke(Unknown Source)
	at java.lang.reflect.Method.invoke(Unknown Source)
	at org.testng.internal.MethodInvocationHelper.invokeMethod(MethodInvocationHelper.java:108)
	at org.testng.internal.Invoker.invokeMethod(Invoker.java:669)
	at org.testng.internal.Invoker.invokeTestMethod(Invoker.java:877)
	at org.testng.internal.Invoker.invokeTestMethods(Invoker.java:1201)
	at org.testng.internal.TestMethodWorker.invokeTestMethods(TestMethodWorker.java:125)
	at org.testng.internal.TestMethodWorker.run(TestMethodWorker.java:109)
	at java.util.concurrent.ThreadPoolExecutor.runWorker(Unknown Source)
	at java.util.concurrent.ThreadPoolExecutor$Worker.run(Unknown Source)
	at java.lang.Thread.run(Unknown Source)
20-03-2018 14:03 ERROR - Checkout clickis not present - failed
20-03-2018 14:03 INFO  - IS Cart page products is displayed is displayed - Pass
20-03-2018 14:03 INFO  - Is Cart page Displayed is displayed - Pass
20-03-2018 14:03 INFO  - scrolled to BackToUSShipping - Pass
20-03-2018 14:03 ERROR - TimeoutException
org.openqa.selenium.TimeoutException: Expected condition failed: waiting for visibility of element located by By.id: shipZip (tried for 10 second(s) with 500 MILLISECONDS interval)
	at org.openqa.selenium.support.ui.WebDriverWait.timeoutException(WebDriverWait.java:82)
	at org.openqa.selenium.support.ui.FluentWait.until(FluentWait.java:231)
	at com.skava.framework.action.SeleniumActionEngine.explicitWaitforVisibility(SeleniumActionEngine.java:183)
	at com.skava.framework.action.SeleniumActionEngine.scrollToElement(SeleniumActionEngine.java:433)
	at com.skava.reusable.components.CheckoutComponents.enterShippingAddrs(CheckoutComponents.java:79)
	at com.skava.testcases.LT_1176_Review_Order_PlaceOrder_Button_Validation.LT_1176_Review_Order_PlaceOrder_Button_Validation(LT_1176_Review_Order_PlaceOrder_Button_Validation.java:38)
	at sun.reflect.NativeMethodAccessorImpl.invoke0(Native Method)
	at sun.reflect.NativeMethodAccessorImpl.invoke(Unknown Source)
	at sun.reflect.DelegatingMethodAccessorImpl.invoke(Unknown Source)
	at java.lang.reflect.Method.invoke(Unknown Source)
	at org.testng.internal.MethodInvocationHelper.invokeMethod(MethodInvocationHelper.java:108)
	at org.testng.internal.Invoker.invokeMethod(Invoker.java:669)
	at org.testng.internal.Invoker.invokeTestMethod(Invoker.java:877)
	at org.testng.internal.Invoker.invokeTestMethods(Invoker.java:1201)
	at org.testng.internal.TestMethodWorker.invokeTestMethods(TestMethodWorker.java:125)
	at org.testng.internal.TestMethodWorker.run(TestMethodWorker.java:109)
	at java.util.concurrent.ThreadPoolExecutor.runWorker(Unknown Source)
	at java.util.concurrent.ThreadPoolExecutor$Worker.run(Unknown Source)
	at java.lang.Thread.run(Unknown Source)
Caused by: org.openqa.selenium.NoSuchElementException: Cannot locate an element using By.id: shipZip
For documentation on this error, please visit: http://seleniumhq.org/exceptions/no_such_element.html
Build info: version: '3.2.0', revision: '8c03df6b79', time: '2017-02-23 10:51:31 +0000'
System info: host: 'DESKTOP-AQOISD1', ip: '192.168.234.84', os.name: 'Windows 10', os.arch: 'amd64', os.version: '10.0', java.version: '1.8.0_112'
Driver info: driver.version: unknown
	at org.openqa.selenium.support.ui.ExpectedConditions.lambda$findElement$0(ExpectedConditions.java:882)
	at java.util.Optional.orElseThrow(Unknown Source)
	at org.openqa.selenium.support.ui.ExpectedConditions.findElement(ExpectedConditions.java:881)
	at org.openqa.selenium.support.ui.ExpectedConditions.access$000(ExpectedConditions.java:43)
	at org.openqa.selenium.support.ui.ExpectedConditions$7.apply(ExpectedConditions.java:205)
	at org.openqa.selenium.support.ui.ExpectedConditions$7.apply(ExpectedConditions.java:201)
	at org.openqa.selenium.support.ui.FluentWait.until(FluentWait.java:208)
	... 17 more
20-03-2018 14:03 ERROR - Scrolling is not present - failed
20-03-2018 14:03 ERROR - TimeoutException
org.openqa.selenium.TimeoutException: Expected condition failed: waiting for visibility of element located by By.id: shipPhone (tried for 10 second(s) with 500 MILLISECONDS interval)
	at org.openqa.selenium.support.ui.WebDriverWait.timeoutException(WebDriverWait.java:82)
	at org.openqa.selenium.support.ui.FluentWait.until(FluentWait.java:231)
	at com.skava.framework.action.SeleniumActionEngine.explicitWaitforVisibility(SeleniumActionEngine.java:183)
	at com.skava.framework.action.SeleniumActionEngine.enterText(SeleniumActionEngine.java:75)
	at com.skava.reusable.components.CheckoutComponents.enterShippingAddrs(CheckoutComponents.java:83)
	at com.skava.testcases.LT_1083_Payment_Page_Guest_Validation.LT_1083_Payment_Page_Guest_Validation(LT_1083_Payment_Page_Guest_Validation.java:39)
	at sun.reflect.NativeMethodAccessorImpl.invoke0(Native Method)
	at sun.reflect.NativeMethodAccessorImpl.invoke(Unknown Source)
	at sun.reflect.DelegatingMethodAccessorImpl.invoke(Unknown Source)
	at java.lang.reflect.Method.invoke(Unknown Source)
	at org.testng.internal.MethodInvocationHelper.invokeMethod(MethodInvocationHelper.java:108)
	at org.testng.internal.Invoker.invokeMethod(Invoker.java:669)
	at org.testng.internal.Invoker.invokeTestMethod(Invoker.java:877)
	at org.testng.internal.Invoker.invokeTestMethods(Invoker.java:1201)
	at org.testng.internal.TestMethodWorker.invokeTestMethods(TestMethodWorker.java:125)
	at org.testng.internal.TestMethodWorker.run(TestMethodWorker.java:109)
	at java.util.concurrent.ThreadPoolExecutor.runWorker(Unknown Source)
	at java.util.concurrent.ThreadPoolExecutor$Worker.run(Unknown Source)
	at java.lang.Thread.run(Unknown Source)
Caused by: org.openqa.selenium.NoSuchElementException: Cannot locate an element using By.id: shipPhone
For documentation on this error, please visit: http://seleniumhq.org/exceptions/no_such_element.html
Build info: version: '3.2.0', revision: '8c03df6b79', time: '2017-02-23 10:51:31 +0000'
System info: host: 'DESKTOP-AQOISD1', ip: '192.168.234.84', os.name: 'Windows 10', os.arch: 'amd64', os.version: '10.0', java.version: '1.8.0_112'
Driver info: driver.version: unknown
	at org.openqa.selenium.support.ui.ExpectedConditions.lambda$findElement$0(ExpectedConditions.java:882)
	at java.util.Optional.orElseThrow(Unknown Source)
	at org.openqa.selenium.support.ui.ExpectedConditions.findElement(ExpectedConditions.java:881)
	at org.openqa.selenium.support.ui.ExpectedConditions.access$000(ExpectedConditions.java:43)
	at org.openqa.selenium.support.ui.ExpectedConditions$7.apply(ExpectedConditions.java:205)
	at org.openqa.selenium.support.ui.ExpectedConditions$7.apply(ExpectedConditions.java:201)
	at org.openqa.selenium.support.ui.FluentWait.until(FluentWait.java:208)
	... 17 more
20-03-2018 14:03 ERROR - PhoneNumber is not present - failed
20-03-2018 14:03 INFO  - BackToUSShipping is clicked - Pass
20-03-2018 14:03 INFO  - Wait is displayed - Pass
20-03-2018 14:03 INFO  - scrolled to scroll to checkout - Pass
20-03-2018 14:03 INFO  - Click Checkout is clicked - Pass
20-03-2018 14:03 INFO  - Guest Checkout is displayed - Pass
20-03-2018 14:03 INFO  - scrolled to Guest Checkout - Pass
20-03-2018 14:03 INFO  - Guest Checkout is clicked - Pass
20-03-2018 14:03 ERROR - TimeoutException
org.openqa.selenium.TimeoutException: Expected condition failed: waiting for visibility of element located by By.id: shipZip (tried for 10 second(s) with 500 MILLISECONDS interval)
	at org.openqa.selenium.support.ui.WebDriverWait.timeoutException(WebDriverWait.java:82)
	at org.openqa.selenium.support.ui.FluentWait.until(FluentWait.java:231)
	at com.skava.framework.action.SeleniumActionEngine.explicitWaitforVisibility(SeleniumActionEngine.java:183)
	at com.skava.framework.action.SeleniumActionEngine.enterText(SeleniumActionEngine.java:75)
	at com.skava.reusable.components.CheckoutComponents.enterShippingAddrs(CheckoutComponents.java:80)
	at com.skava.testcases.LT_1176_Review_Order_PlaceOrder_Button_Validation.LT_1176_Review_Order_PlaceOrder_Button_Validation(LT_1176_Review_Order_PlaceOrder_Button_Validation.java:38)
	at sun.reflect.NativeMethodAccessorImpl.invoke0(Native Method)
	at sun.reflect.NativeMethodAccessorImpl.invoke(Unknown Source)
	at sun.reflect.DelegatingMethodAccessorImpl.invoke(Unknown Source)
	at java.lang.reflect.Method.invoke(Unknown Source)
	at org.testng.internal.MethodInvocationHelper.invokeMethod(MethodInvocationHelper.java:108)
	at org.testng.internal.Invoker.invokeMethod(Invoker.java:669)
	at org.testng.internal.Invoker.invokeTestMethod(Invoker.java:877)
	at org.testng.internal.Invoker.invokeTestMethods(Invoker.java:1201)
	at org.testng.internal.TestMethodWorker.invokeTestMethods(TestMethodWorker.java:125)
	at org.testng.internal.TestMethodWorker.run(TestMethodWorker.java:109)
	at java.util.concurrent.ThreadPoolExecutor.runWorker(Unknown Source)
	at java.util.concurrent.ThreadPoolExecutor$Worker.run(Unknown Source)
	at java.lang.Thread.run(Unknown Source)
Caused by: org.openqa.selenium.NoSuchElementException: Cannot locate an element using By.id: shipZip
For documentation on this error, please visit: http://seleniumhq.org/exceptions/no_such_element.html
Build info: version: '3.2.0', revision: '8c03df6b79', time: '2017-02-23 10:51:31 +0000'
System info: host: 'DESKTOP-AQOISD1', ip: '192.168.234.84', os.name: 'Windows 10', os.arch: 'amd64', os.version: '10.0', java.version: '1.8.0_112'
Driver info: driver.version: unknown
	at org.openqa.selenium.support.ui.ExpectedConditions.lambda$findElement$0(ExpectedConditions.java:882)
	at java.util.Optional.orElseThrow(Unknown Source)
	at org.openqa.selenium.support.ui.ExpectedConditions.findElement(ExpectedConditions.java:881)
	at org.openqa.selenium.support.ui.ExpectedConditions.access$000(ExpectedConditions.java:43)
	at org.openqa.selenium.support.ui.ExpectedConditions$7.apply(ExpectedConditions.java:205)
	at org.openqa.selenium.support.ui.ExpectedConditions$7.apply(ExpectedConditions.java:201)
	at org.openqa.selenium.support.ui.FluentWait.until(FluentWait.java:208)
	... 17 more
20-03-2018 14:03 ERROR - Postal Code is not present - failed
20-03-2018 14:03 ERROR - TimeoutException
org.openqa.selenium.TimeoutException: Expected condition failed: waiting for visibility of element located by By.id: shipEmail (tried for 10 second(s) with 500 MILLISECONDS interval)
	at org.openqa.selenium.support.ui.WebDriverWait.timeoutException(WebDriverWait.java:82)
	at org.openqa.selenium.support.ui.FluentWait.until(FluentWait.java:231)
	at com.skava.framework.action.SeleniumActionEngine.explicitWaitforVisibility(SeleniumActionEngine.java:183)
	at com.skava.framework.action.SeleniumActionEngine.enterText(SeleniumActionEngine.java:75)
	at com.skava.reusable.components.CheckoutComponents.enterShippingAddrs(CheckoutComponents.java:84)
	at com.skava.testcases.LT_1083_Payment_Page_Guest_Validation.LT_1083_Payment_Page_Guest_Validation(LT_1083_Payment_Page_Guest_Validation.java:39)
	at sun.reflect.NativeMethodAccessorImpl.invoke0(Native Method)
	at sun.reflect.NativeMethodAccessorImpl.invoke(Unknown Source)
	at sun.reflect.DelegatingMethodAccessorImpl.invoke(Unknown Source)
	at java.lang.reflect.Method.invoke(Unknown Source)
	at org.testng.internal.MethodInvocationHelper.invokeMethod(MethodInvocationHelper.java:108)
	at org.testng.internal.Invoker.invokeMethod(Invoker.java:669)
	at org.testng.internal.Invoker.invokeTestMethod(Invoker.java:877)
	at org.testng.internal.Invoker.invokeTestMethods(Invoker.java:1201)
	at org.testng.internal.TestMethodWorker.invokeTestMethods(TestMethodWorker.java:125)
	at org.testng.internal.TestMethodWorker.run(TestMethodWorker.java:109)
	at java.util.concurrent.ThreadPoolExecutor.runWorker(Unknown Source)
	at java.util.concurrent.ThreadPoolExecutor$Worker.run(Unknown Source)
	at java.lang.Thread.run(Unknown Source)
Caused by: org.openqa.selenium.NoSuchElementException: Cannot locate an element using By.id: shipEmail
For documentation on this error, please visit: http://seleniumhq.org/exceptions/no_such_element.html
Build info: version: '3.2.0', revision: '8c03df6b79', time: '2017-02-23 10:51:31 +0000'
System info: host: 'DESKTOP-AQOISD1', ip: '192.168.234.84', os.name: 'Windows 10', os.arch: 'amd64', os.version: '10.0', java.version: '1.8.0_112'
Driver info: driver.version: unknown
	at org.openqa.selenium.support.ui.ExpectedConditions.lambda$findElement$0(ExpectedConditions.java:882)
	at java.util.Optional.orElseThrow(Unknown Source)
	at org.openqa.selenium.support.ui.ExpectedConditions.findElement(ExpectedConditions.java:881)
	at org.openqa.selenium.support.ui.ExpectedConditions.access$000(ExpectedConditions.java:43)
	at org.openqa.selenium.support.ui.ExpectedConditions$7.apply(ExpectedConditions.java:205)
	at org.openqa.selenium.support.ui.ExpectedConditions$7.apply(ExpectedConditions.java:201)
	at org.openqa.selenium.support.ui.FluentWait.until(FluentWait.java:208)
	... 17 more
20-03-2018 14:03 ERROR - Mail Address is not present - failed
20-03-2018 14:03 ERROR - TimeoutException
org.openqa.selenium.TimeoutException: Expected condition failed: waiting for visibility of element located by By.id: shipPhone (tried for 10 second(s) with 500 MILLISECONDS interval)
	at org.openqa.selenium.support.ui.WebDriverWait.timeoutException(WebDriverWait.java:82)
	at org.openqa.selenium.support.ui.FluentWait.until(FluentWait.java:231)
	at com.skava.framework.action.SeleniumActionEngine.explicitWaitforVisibility(SeleniumActionEngine.java:183)
	at com.skava.framework.action.SeleniumActionEngine.enterText(SeleniumActionEngine.java:75)
	at com.skava.reusable.components.CheckoutComponents.enterShippingAddrs(CheckoutComponents.java:83)
	at com.skava.testcases.LT_1176_Review_Order_PlaceOrder_Button_Validation.LT_1176_Review_Order_PlaceOrder_Button_Validation(LT_1176_Review_Order_PlaceOrder_Button_Validation.java:38)
	at sun.reflect.NativeMethodAccessorImpl.invoke0(Native Method)
	at sun.reflect.NativeMethodAccessorImpl.invoke(Unknown Source)
	at sun.reflect.DelegatingMethodAccessorImpl.invoke(Unknown Source)
	at java.lang.reflect.Method.invoke(Unknown Source)
	at org.testng.internal.MethodInvocationHelper.invokeMethod(MethodInvocationHelper.java:108)
	at org.testng.internal.Invoker.invokeMethod(Invoker.java:669)
	at org.testng.internal.Invoker.invokeTestMethod(Invoker.java:877)
	at org.testng.internal.Invoker.invokeTestMethods(Invoker.java:1201)
	at org.testng.internal.TestMethodWorker.invokeTestMethods(TestMethodWorker.java:125)
	at org.testng.internal.TestMethodWorker.run(TestMethodWorker.java:109)
	at java.util.concurrent.ThreadPoolExecutor.runWorker(Unknown Source)
	at java.util.concurrent.ThreadPoolExecutor$Worker.run(Unknown Source)
	at java.lang.Thread.run(Unknown Source)
Caused by: org.openqa.selenium.NoSuchElementException: Cannot locate an element using By.id: shipPhone
For documentation on this error, please visit: http://seleniumhq.org/exceptions/no_such_element.html
Build info: version: '3.2.0', revision: '8c03df6b79', time: '2017-02-23 10:51:31 +0000'
System info: host: 'DESKTOP-AQOISD1', ip: '192.168.234.84', os.name: 'Windows 10', os.arch: 'amd64', os.version: '10.0', java.version: '1.8.0_112'
Driver info: driver.version: unknown
	at org.openqa.selenium.support.ui.ExpectedConditions.lambda$findElement$0(ExpectedConditions.java:882)
	at java.util.Optional.orElseThrow(Unknown Source)
	at org.openqa.selenium.support.ui.ExpectedConditions.findElement(ExpectedConditions.java:881)
	at org.openqa.selenium.support.ui.ExpectedConditions.access$000(ExpectedConditions.java:43)
	at org.openqa.selenium.support.ui.ExpectedConditions$7.apply(ExpectedConditions.java:205)
	at org.openqa.selenium.support.ui.ExpectedConditions$7.apply(ExpectedConditions.java:201)
	at org.openqa.selenium.support.ui.FluentWait.until(FluentWait.java:208)
	... 17 more
20-03-2018 14:03 ERROR - PhoneNumber is not present - failed
20-03-2018 14:03 ERROR - TimeoutException
org.openqa.selenium.TimeoutException: Expected condition failed: waiting for visibility of element located by By.xpath: //*[@class='sfa-button large transactional'] (tried for 10 second(s) with 500 MILLISECONDS interval)
	at org.openqa.selenium.support.ui.WebDriverWait.timeoutException(WebDriverWait.java:82)
	at org.openqa.selenium.support.ui.FluentWait.until(FluentWait.java:231)
	at com.skava.framework.action.SeleniumActionEngine.explicitWaitforVisibility(SeleniumActionEngine.java:183)
	at com.skava.framework.action.SeleniumActionEngine.isElementDisplayed(SeleniumActionEngine.java:201)
	at com.skava.reusable.components.CheckoutComponents.continueCheckoutClick(CheckoutComponents.java:508)
	at com.skava.testcases.LT_1083_Payment_Page_Guest_Validation.LT_1083_Payment_Page_Guest_Validation(LT_1083_Payment_Page_Guest_Validation.java:40)
	at sun.reflect.NativeMethodAccessorImpl.invoke0(Native Method)
	at sun.reflect.NativeMethodAccessorImpl.invoke(Unknown Source)
	at sun.reflect.DelegatingMethodAccessorImpl.invoke(Unknown Source)
	at java.lang.reflect.Method.invoke(Unknown Source)
	at org.testng.internal.MethodInvocationHelper.invokeMethod(MethodInvocationHelper.java:108)
	at org.testng.internal.Invoker.invokeMethod(Invoker.java:669)
	at org.testng.internal.Invoker.invokeTestMethod(Invoker.java:877)
	at org.testng.internal.Invoker.invokeTestMethods(Invoker.java:1201)
	at org.testng.internal.TestMethodWorker.invokeTestMethods(TestMethodWorker.java:125)
	at org.testng.internal.TestMethodWorker.run(TestMethodWorker.java:109)
	at java.util.concurrent.ThreadPoolExecutor.runWorker(Unknown Source)
	at java.util.concurrent.ThreadPoolExecutor$Worker.run(Unknown Source)
	at java.lang.Thread.run(Unknown Source)
Caused by: org.openqa.selenium.NoSuchElementException: Cannot locate an element using By.xpath: //*[@class='sfa-button large transactional']
For documentation on this error, please visit: http://seleniumhq.org/exceptions/no_such_element.html
Build info: version: '3.2.0', revision: '8c03df6b79', time: '2017-02-23 10:51:31 +0000'
System info: host: 'DESKTOP-AQOISD1', ip: '192.168.234.84', os.name: 'Windows 10', os.arch: 'amd64', os.version: '10.0', java.version: '1.8.0_112'
Driver info: driver.version: unknown
	at org.openqa.selenium.support.ui.ExpectedConditions.lambda$findElement$0(ExpectedConditions.java:882)
	at java.util.Optional.orElseThrow(Unknown Source)
	at org.openqa.selenium.support.ui.ExpectedConditions.findElement(ExpectedConditions.java:881)
	at org.openqa.selenium.support.ui.ExpectedConditions.access$000(ExpectedConditions.java:43)
	at org.openqa.selenium.support.ui.ExpectedConditions$7.apply(ExpectedConditions.java:205)
	at org.openqa.selenium.support.ui.ExpectedConditions$7.apply(ExpectedConditions.java:201)
	at org.openqa.selenium.support.ui.FluentWait.until(FluentWait.java:208)
	... 17 more
20-03-2018 14:03 ERROR - Is Continue Checkout Button displayed is not present - failed
20-03-2018 14:03 INFO  - Guest checkout shipping screen is displayed on tapping guest chekout button is displayed - Pass
20-03-2018 14:03 INFO  - FirstName is entered in the field - Pass
20-03-2018 14:03 INFO  - SecondName is entered in the field - Pass
20-03-2018 14:03 INFO  - Address 1 is entered in the field - Pass
20-03-2018 14:03 INFO  - Address 2 is entered in the field - Pass
20-03-2018 14:03 INFO  - City is entered in the field - Pass
20-03-2018 14:03 INFO  - scrolled to Scrolling - Pass
20-03-2018 14:03 INFO  - Postal Code is entered in the field - Pass
20-03-2018 14:03 INFO  - PhoneNumber is entered in the field - Pass
20-03-2018 14:03 INFO  - Mail Address is entered in the field - Pass
20-03-2018 14:03 INFO  - Is Continue Checkout Button displayed is displayed - Pass
20-03-2018 14:03 INFO  - scrolled to Scroll to Continue Checkout Button - Pass
20-03-2018 14:03 INFO  - Click Continue checkout button is clicked - Pass
20-03-2018 14:03 INFO  - Address Verification is displayed - Pass
20-03-2018 14:03 INFO  - scrolled to Clicked use as entered in address verification overlay - Pass
20-03-2018 14:03 ERROR - TimeoutException
org.openqa.selenium.TimeoutException: Expected condition failed: waiting for visibility of element located by By.id: shipEmail (tried for 10 second(s) with 500 MILLISECONDS interval)
	at org.openqa.selenium.support.ui.WebDriverWait.timeoutException(WebDriverWait.java:82)
	at org.openqa.selenium.support.ui.FluentWait.until(FluentWait.java:231)
	at com.skava.framework.action.SeleniumActionEngine.explicitWaitforVisibility(SeleniumActionEngine.java:183)
	at com.skava.framework.action.SeleniumActionEngine.enterText(SeleniumActionEngine.java:75)
	at com.skava.reusable.components.CheckoutComponents.enterShippingAddrs(CheckoutComponents.java:84)
	at com.skava.testcases.LT_1176_Review_Order_PlaceOrder_Button_Validation.LT_1176_Review_Order_PlaceOrder_Button_Validation(LT_1176_Review_Order_PlaceOrder_Button_Validation.java:38)
	at sun.reflect.NativeMethodAccessorImpl.invoke0(Native Method)
	at sun.reflect.NativeMethodAccessorImpl.invoke(Unknown Source)
	at sun.reflect.DelegatingMethodAccessorImpl.invoke(Unknown Source)
	at java.lang.reflect.Method.invoke(Unknown Source)
	at org.testng.internal.MethodInvocationHelper.invokeMethod(MethodInvocationHelper.java:108)
	at org.testng.internal.Invoker.invokeMethod(Invoker.java:669)
	at org.testng.internal.Invoker.invokeTestMethod(Invoker.java:877)
	at org.testng.internal.Invoker.invokeTestMethods(Invoker.java:1201)
	at org.testng.internal.TestMethodWorker.invokeTestMethods(TestMethodWorker.java:125)
	at org.testng.internal.TestMethodWorker.run(TestMethodWorker.java:109)
	at java.util.concurrent.ThreadPoolExecutor.runWorker(Unknown Source)
	at java.util.concurrent.ThreadPoolExecutor$Worker.run(Unknown Source)
	at java.lang.Thread.run(Unknown Source)
Caused by: org.openqa.selenium.NoSuchElementException: Cannot locate an element using By.id: shipEmail
For documentation on this error, please visit: http://seleniumhq.org/exceptions/no_such_element.html
Build info: version: '3.2.0', revision: '8c03df6b79', time: '2017-02-23 10:51:31 +0000'
System info: host: 'DESKTOP-AQOISD1', ip: '192.168.234.84', os.name: 'Windows 10', os.arch: 'amd64', os.version: '10.0', java.version: '1.8.0_112'
Driver info: driver.version: unknown
	at org.openqa.selenium.support.ui.ExpectedConditions.lambda$findElement$0(ExpectedConditions.java:882)
	at java.util.Optional.orElseThrow(Unknown Source)
	at org.openqa.selenium.support.ui.ExpectedConditions.findElement(ExpectedConditions.java:881)
	at org.openqa.selenium.support.ui.ExpectedConditions.access$000(ExpectedConditions.java:43)
	at org.openqa.selenium.support.ui.ExpectedConditions$7.apply(ExpectedConditions.java:205)
	at org.openqa.selenium.support.ui.ExpectedConditions$7.apply(ExpectedConditions.java:201)
	at org.openqa.selenium.support.ui.FluentWait.until(FluentWait.java:208)
	... 17 more
20-03-2018 14:03 ERROR - Mail Address is not present - failed
20-03-2018 14:03 ERROR - TimeoutException
org.openqa.selenium.TimeoutException: Expected condition failed: waiting for visibility of element located by By.id: pdpAddtoBagBtn (tried for 10 second(s) with 500 MILLISECONDS interval)
	at org.openqa.selenium.support.ui.WebDriverWait.timeoutException(WebDriverWait.java:82)
	at org.openqa.selenium.support.ui.FluentWait.until(FluentWait.java:231)
	at com.skava.framework.action.SeleniumActionEngine.explicitWaitforVisibility(SeleniumActionEngine.java:183)
	at com.skava.framework.action.SeleniumActionEngine.isElementDisplayed(SeleniumActionEngine.java:201)
	at com.skava.reusable.components.CheckoutComponents.addressVerification(CheckoutComponents.java:115)
	at com.skava.testcases.LT_1235_GuestCheckout_Payment_FiledCheck.LT_1235_GuestCheckout_Payment_FiledCheck(LT_1235_GuestCheckout_Payment_FiledCheck.java:40)
	at sun.reflect.NativeMethodAccessorImpl.invoke0(Native Method)
	at sun.reflect.NativeMethodAccessorImpl.invoke(Unknown Source)
	at sun.reflect.DelegatingMethodAccessorImpl.invoke(Unknown Source)
	at java.lang.reflect.Method.invoke(Unknown Source)
	at org.testng.internal.MethodInvocationHelper.invokeMethod(MethodInvocationHelper.java:108)
	at org.testng.internal.Invoker.invokeMethod(Invoker.java:669)
	at org.testng.internal.Invoker.invokeTestMethod(Invoker.java:877)
	at org.testng.internal.Invoker.invokeTestMethods(Invoker.java:1201)
	at org.testng.internal.TestMethodWorker.invokeTestMethods(TestMethodWorker.java:125)
	at org.testng.internal.TestMethodWorker.run(TestMethodWorker.java:109)
	at java.util.concurrent.ThreadPoolExecutor.runWorker(Unknown Source)
	at java.util.concurrent.ThreadPoolExecutor$Worker.run(Unknown Source)
	at java.lang.Thread.run(Unknown Source)
Caused by: org.openqa.selenium.NoSuchElementException: Cannot locate an element using By.id: pdpAddtoBagBtn
For documentation on this error, please visit: http://seleniumhq.org/exceptions/no_such_element.html
Build info: version: '3.2.0', revision: '8c03df6b79', time: '2017-02-23 10:51:31 +0000'
System info: host: 'DESKTOP-AQOISD1', ip: '192.168.234.84', os.name: 'Windows 10', os.arch: 'amd64', os.version: '10.0', java.version: '1.8.0_112'
Driver info: driver.version: unknown
	at org.openqa.selenium.support.ui.ExpectedConditions.lambda$findElement$0(ExpectedConditions.java:882)
	at java.util.Optional.orElseThrow(Unknown Source)
	at org.openqa.selenium.support.ui.ExpectedConditions.findElement(ExpectedConditions.java:881)
	at org.openqa.selenium.support.ui.ExpectedConditions.access$000(ExpectedConditions.java:43)
	at org.openqa.selenium.support.ui.ExpectedConditions$7.apply(ExpectedConditions.java:205)
	at org.openqa.selenium.support.ui.ExpectedConditions$7.apply(ExpectedConditions.java:201)
	at org.openqa.selenium.support.ui.FluentWait.until(FluentWait.java:208)
	... 17 more
20-03-2018 14:03 ERROR - wait is not present - failed
20-03-2018 14:03 INFO  - Clicked OK is displayed - Pass
20-03-2018 14:03 INFO  - Clicked OK is clicked - Pass
20-03-2018 14:03 INFO  - Place Order Page is displayed - Pass
20-03-2018 14:03 INFO  - Payment section is displayed - Pass
20-03-2018 14:03 INFO  - Payment section is displayed - Pass
20-03-2018 14:03 INFO  - scrolled to scroll to gift section - Pass
20-03-2018 14:03 INFO  - Payment gift card section is displayed - Pass
20-03-2018 14:03 INFO  - scrolled to scroll to promo code section - Pass
20-03-2018 14:03 INFO  - Payment promo code section is displayed - Pass
20-03-2018 14:03 INFO  - scrolled to scroll to create account section - Pass
20-03-2018 14:03 INFO  - Payment create account section is displayed - Pass
20-03-2018 14:03 ERROR - TimeoutException
org.openqa.selenium.TimeoutException: Expected condition failed: waiting for visibility of element located by By.xpath: //*[@class='sfa-button large transactional'] (tried for 10 second(s) with 500 MILLISECONDS interval)
	at org.openqa.selenium.support.ui.WebDriverWait.timeoutException(WebDriverWait.java:82)
	at org.openqa.selenium.support.ui.FluentWait.until(FluentWait.java:231)
	at com.skava.framework.action.SeleniumActionEngine.explicitWaitforVisibility(SeleniumActionEngine.java:183)
	at com.skava.framework.action.SeleniumActionEngine.isElementDisplayed(SeleniumActionEngine.java:201)
	at com.skava.reusable.components.CheckoutComponents.continueCheckoutClick(CheckoutComponents.java:508)
	at com.skava.testcases.LT_1176_Review_Order_PlaceOrder_Button_Validation.LT_1176_Review_Order_PlaceOrder_Button_Validation(LT_1176_Review_Order_PlaceOrder_Button_Validation.java:39)
	at sun.reflect.NativeMethodAccessorImpl.invoke0(Native Method)
	at sun.reflect.NativeMethodAccessorImpl.invoke(Unknown Source)
	at sun.reflect.DelegatingMethodAccessorImpl.invoke(Unknown Source)
	at java.lang.reflect.Method.invoke(Unknown Source)
	at org.testng.internal.MethodInvocationHelper.invokeMethod(MethodInvocationHelper.java:108)
	at org.testng.internal.Invoker.invokeMethod(Invoker.java:669)
	at org.testng.internal.Invoker.invokeTestMethod(Invoker.java:877)
	at org.testng.internal.Invoker.invokeTestMethods(Invoker.java:1201)
	at org.testng.internal.TestMethodWorker.invokeTestMethods(TestMethodWorker.java:125)
	at org.testng.internal.TestMethodWorker.run(TestMethodWorker.java:109)
	at java.util.concurrent.ThreadPoolExecutor.runWorker(Unknown Source)
	at java.util.concurrent.ThreadPoolExecutor$Worker.run(Unknown Source)
	at java.lang.Thread.run(Unknown Source)
Caused by: org.openqa.selenium.NoSuchElementException: Cannot locate an element using By.xpath: //*[@class='sfa-button large transactional']
For documentation on this error, please visit: http://seleniumhq.org/exceptions/no_such_element.html
Build info: version: '3.2.0', revision: '8c03df6b79', time: '2017-02-23 10:51:31 +0000'
System info: host: 'DESKTOP-AQOISD1', ip: '192.168.234.84', os.name: 'Windows 10', os.arch: 'amd64', os.version: '10.0', java.version: '1.8.0_112'
Driver info: driver.version: unknown
	at org.openqa.selenium.support.ui.ExpectedConditions.lambda$findElement$0(ExpectedConditions.java:882)
	at java.util.Optional.orElseThrow(Unknown Source)
	at org.openqa.selenium.support.ui.ExpectedConditions.findElement(ExpectedConditions.java:881)
	at org.openqa.selenium.support.ui.ExpectedConditions.access$000(ExpectedConditions.java:43)
	at org.openqa.selenium.support.ui.ExpectedConditions$7.apply(ExpectedConditions.java:205)
	at org.openqa.selenium.support.ui.ExpectedConditions$7.apply(ExpectedConditions.java:201)
	at org.openqa.selenium.support.ui.FluentWait.until(FluentWait.java:208)
	... 17 more
20-03-2018 14:03 ERROR - Is Continue Checkout Button displayed is not present - failed
20-03-2018 14:03 ERROR - TimeoutException
org.openqa.selenium.TimeoutException: Expected condition failed: waiting for visibility of element located by By.id: jsAddressVerificationLayer (tried for 20 second(s) with 500 MILLISECONDS interval)
	at org.openqa.selenium.support.ui.WebDriverWait.timeoutException(WebDriverWait.java:82)
	at org.openqa.selenium.support.ui.FluentWait.until(FluentWait.java:231)
	at com.skava.framework.action.SeleniumActionEngine.explicitWaitforVisibility(SeleniumActionEngine.java:183)
	at com.skava.framework.action.SeleniumActionEngine.isElementDisplayed(SeleniumActionEngine.java:201)
	at com.skava.reusable.components.CheckoutComponents.addressVerification(CheckoutComponents.java:111)
	at com.skava.testcases.LT_1083_Payment_Page_Guest_Validation.LT_1083_Payment_Page_Guest_Validation(LT_1083_Payment_Page_Guest_Validation.java:41)
	at sun.reflect.NativeMethodAccessorImpl.invoke0(Native Method)
	at sun.reflect.NativeMethodAccessorImpl.invoke(Unknown Source)
	at sun.reflect.DelegatingMethodAccessorImpl.invoke(Unknown Source)
	at java.lang.reflect.Method.invoke(Unknown Source)
	at org.testng.internal.MethodInvocationHelper.invokeMethod(MethodInvocationHelper.java:108)
	at org.testng.internal.Invoker.invokeMethod(Invoker.java:669)
	at org.testng.internal.Invoker.invokeTestMethod(Invoker.java:877)
	at org.testng.internal.Invoker.invokeTestMethods(Invoker.java:1201)
	at org.testng.internal.TestMethodWorker.invokeTestMethods(TestMethodWorker.java:125)
	at org.testng.internal.TestMethodWorker.run(TestMethodWorker.java:109)
	at java.util.concurrent.ThreadPoolExecutor.runWorker(Unknown Source)
	at java.util.concurrent.ThreadPoolExecutor$Worker.run(Unknown Source)
	at java.lang.Thread.run(Unknown Source)
Caused by: org.openqa.selenium.NoSuchElementException: Cannot locate an element using By.id: jsAddressVerificationLayer
For documentation on this error, please visit: http://seleniumhq.org/exceptions/no_such_element.html
Build info: version: '3.2.0', revision: '8c03df6b79', time: '2017-02-23 10:51:31 +0000'
System info: host: 'DESKTOP-AQOISD1', ip: '192.168.234.84', os.name: 'Windows 10', os.arch: 'amd64', os.version: '10.0', java.version: '1.8.0_112'
Driver info: driver.version: unknown
	at org.openqa.selenium.support.ui.ExpectedConditions.lambda$findElement$0(ExpectedConditions.java:882)
	at java.util.Optional.orElseThrow(Unknown Source)
	at org.openqa.selenium.support.ui.ExpectedConditions.findElement(ExpectedConditions.java:881)
	at org.openqa.selenium.support.ui.ExpectedConditions.access$000(ExpectedConditions.java:43)
	at org.openqa.selenium.support.ui.ExpectedConditions$7.apply(ExpectedConditions.java:205)
	at org.openqa.selenium.support.ui.ExpectedConditions$7.apply(ExpectedConditions.java:201)
	at org.openqa.selenium.support.ui.FluentWait.until(FluentWait.java:208)
	... 17 more
20-03-2018 14:03 ERROR - Address Verification is not present - failed
