19-03-2018 19:58 INFO  - http://m.lordandtaylor.com/ is opened - Pass
19-03-2018 19:58 INFO  - Click Search is clicked - Pass
19-03-2018 19:58 INFO  - Search is entered in the field - Pass
19-03-2018 19:58 INFO  - http://m.lordandtaylor.com/ is opened - Pass
19-03-2018 19:58 INFO  - Search Suggesion Displayed is displayed - Pass
19-03-2018 19:58 INFO  - Carousel Banner Check is displayed - Pass
19-03-2018 19:58 INFO  - Carousel Banner Check is displayed - Pass
19-03-2018 19:58 INFO  - http://m.lordandtaylor.com/ is opened - Pass
19-03-2018 19:58 INFO  - http://m.lordandtaylor.com/ is opened - Pass
19-03-2018 19:58 INFO  - search/PLP page is displayed - Pass
19-03-2018 19:58 INFO  - http://m.lordandtaylor.com/ is opened - Pass
19-03-2018 19:58 INFO  - Carousel Banner Check is displayed - Pass
19-03-2018 19:58 INFO  - Carousel Banner Check is displayed - Pass
19-03-2018 19:58 INFO  - Click Promo is clicked - Pass
19-03-2018 19:58 INFO  - Promo Page is displayed - Pass
19-03-2018 19:58 INFO  - http://m.lordandtaylor.com/ is opened - Pass
19-03-2018 19:58 INFO  - Footer Container is displayed - Pass
19-03-2018 19:58 INFO  - http://m.lordandtaylor.com/ is opened - Pass
19-03-2018 19:58 INFO  - Wait to get site Loaded is displayed - Pass
19-03-2018 19:58 INFO  - Click Menu is clicked - Pass
19-03-2018 19:58 INFO  - scrolled to Scroll to Footer - Pass
19-03-2018 19:58 INFO  - Call & Email Link is displayed - Pass
19-03-2018 19:58 INFO  - signUpForDailyEmails is displayed - Pass
19-03-2018 19:58 INFO  - Social Share Icons is displayed - Pass
19-03-2018 19:58 INFO  - Accordion Menus is displayed - Pass
19-03-2018 19:58 INFO  - SignUpForSms is displayed - Pass
19-03-2018 19:58 INFO  - Menu Closed is clicked - Pass
19-03-2018 19:58 INFO  - http://m.lordandtaylor.com/ is opened - Pass
19-03-2018 19:58 INFO  - Click Search is clicked - Pass
19-03-2018 19:58 INFO  - Search is entered in the field - Pass
19-03-2018 19:58 INFO  - Search Suggesion Displayed is displayed - Pass
19-03-2018 19:58 INFO  - Search Suggesion Displayed is displayed - Pass
19-03-2018 19:58 INFO  - copyRight is displayed - Pass
19-03-2018 19:58 INFO  - PrivacyPolicy is displayed - Pass
19-03-2018 19:58 INFO  - PDP Page wait is displayed - Pass
19-03-2018 19:58 INFO  - Click Cart is clicked - Pass
19-03-2018 19:58 INFO  - Cart wrapper Opened is displayed - Pass
19-03-2018 19:58 INFO  - Cart Empty Text is displayed - Pass
19-03-2018 19:58 INFO  - Back To Homepage is clicked - Pass
19-03-2018 19:59 INFO  - PLP page is displayed - Pass
19-03-2018 19:59 INFO  - http://m.lordandtaylor.com/ is opened - Pass
19-03-2018 19:59 INFO  - Click Search is clicked - Pass
19-03-2018 19:59 INFO  - http://m.lordandtaylor.com/ is opened - Pass
19-03-2018 19:59 INFO  - Wait to get site Loaded is displayed - Pass
19-03-2018 19:59 INFO  - Shirts is entered in Search - Pass
19-03-2018 19:59 INFO  - Click Menu is clicked - Pass
19-03-2018 19:59 INFO  - Selecting Brand Category from pancake is clicked - Pass
19-03-2018 19:59 INFO  - Selecting Brand Sub category is clicked - Pass
19-03-2018 19:59 INFO  - http://m.lordandtaylor.com/ is opened - Pass
19-03-2018 19:59 INFO  - Wait to get site Loaded is displayed - Pass
19-03-2018 19:59 INFO  - Click Menu is clicked - Pass
19-03-2018 19:59 INFO  - Selecting Brand Category from pancake is clicked - Pass
19-03-2018 19:59 INFO  - Selecting Brand Sub category is clicked - Pass
19-03-2018 19:59 INFO  - Brands page is displayed - Pass
19-03-2018 19:59 INFO  - http://m.lordandtaylor.com/ is opened - Pass
19-03-2018 19:59 INFO  - Brands page is displayed - Pass
19-03-2018 19:59 INFO  - Click Search is clicked - Pass
19-03-2018 19:59 INFO  - search/PLP page is displayed - Pass
19-03-2018 19:59 INFO  - Search Count is displayed - Pass
19-03-2018 19:59 INFO  - Shirts is entered in Search - Pass
19-03-2018 19:59 INFO  - Brand PLP page is displayed - Pass
19-03-2018 19:59 INFO  - Product List Page is displayed - Pass
19-03-2018 19:59 INFO  - Product Image is displayed - Pass
19-03-2018 19:59 INFO  - Product NameList is displayed - Pass
19-03-2018 19:59 INFO  - http://m.lordandtaylor.com/ is opened - Pass
19-03-2018 19:59 INFO  - Product Description is displayed - Pass
19-03-2018 19:59 INFO  - Wait to get site Loaded is displayed - Pass
19-03-2018 19:59 INFO  - http://m.lordandtaylor.com/ is opened - Pass
19-03-2018 19:59 INFO  - http://m.lordandtaylor.com/ is opened - Pass
19-03-2018 19:59 INFO  - Click Menu is clicked - Pass
19-03-2018 19:59 INFO  - Click Search is clicked - Pass
19-03-2018 19:59 INFO  - Click Search is clicked - Pass
19-03-2018 19:59 INFO  - Shirts is entered in Search - Pass
19-03-2018 19:59 INFO  - Menu Clicked is clicked - Pass
19-03-2018 19:59 INFO  - lipstick is entered in Search - Pass
19-03-2018 19:59 INFO  - Sub Menu Clicked is clicked - Pass
19-03-2018 19:59 INFO  - PDP Page wait is displayed - Pass
19-03-2018 19:59 INFO  - Product Price is displayed - Pass
19-03-2018 19:59 INFO  - search/PLP page is displayed - Pass
19-03-2018 19:59 INFO  - Search Count is displayed - Pass
19-03-2018 19:59 INFO  - Product List Page is displayed - Pass
19-03-2018 19:59 INFO  - Product Image is displayed - Pass
19-03-2018 19:59 INFO  - Product NameList is displayed - Pass
19-03-2018 19:59 INFO  - Product Description is displayed - Pass
19-03-2018 19:59 INFO  - Product Price is displayed - Pass
19-03-2018 19:59 INFO  - Sub Menu2 Clicked is clicked - Pass
19-03-2018 19:59 INFO  - Bread Crumb is displayed - Pass
19-03-2018 19:59 INFO  - search/PLP page is displayed - Pass
19-03-2018 19:59 INFO  - Search Count is displayed - Pass
19-03-2018 19:59 INFO  - Products displayed in PLP Page is displayed - Pass
19-03-2018 19:59 INFO  - Back To Top is displayed - Pass
19-03-2018 19:59 INFO  - Back To Top is clicked - Pass
19-03-2018 19:59 INFO  - Wait is displayed - Pass
19-03-2018 19:59 INFO  - http://m.lordandtaylor.com/ is opened - Pass
19-03-2018 19:59 INFO  - Click Search is clicked - Pass
19-03-2018 19:59 INFO  - Shoes is entered in Search - Pass
19-03-2018 19:59 INFO  - PDP Page wait is displayed - Pass
19-03-2018 19:59 INFO  - search/PLP page is displayed - Pass
19-03-2018 19:59 INFO  - search/PLP page is displayed - Pass
19-03-2018 19:59 INFO  - Search Count is displayed - Pass
19-03-2018 19:59 INFO  - Search Count is displayed - Pass
19-03-2018 19:59 INFO  - Wait Bag Qty is displayed - Pass
19-03-2018 19:59 INFO  - Sorting Clicked is clicked - Pass
19-03-2018 19:59 INFO  - Refine is displayed - Pass
19-03-2018 19:59 INFO  - http://m.lordandtaylor.com/ is opened - Pass
19-03-2018 19:59 INFO  - Click Search is clicked - Pass
19-03-2018 19:59 INFO  - Shirts is entered in Search - Pass
19-03-2018 19:59 INFO  - http://m.lordandtaylor.com/ is opened - Pass
19-03-2018 19:59 INFO  - Click Search is clicked - Pass
19-03-2018 20:00 ERROR - TimeoutException
org.openqa.selenium.TimeoutException: Expected condition failed: waiting for visibility of element located by By.id: pdpAddtoBagBtn (tried for 5 second(s) with 500 MILLISECONDS interval)
	at org.openqa.selenium.support.ui.WebDriverWait.timeoutException(WebDriverWait.java:82)
	at org.openqa.selenium.support.ui.FluentWait.until(FluentWait.java:231)
	at com.skava.framework.action.SeleniumActionEngine.explicitWaitforVisibility(SeleniumActionEngine.java:183)
	at com.skava.reusable.components.PLPandPDPComponents.sort_ApplyFilter(PLPandPDPComponents.java:608)
	at com.skava.testcases.LT_383_Sort_ApplyFilter.LT_383_Sort_ApplyFilter(LT_383_Sort_ApplyFilter.java:27)
	at sun.reflect.NativeMethodAccessorImpl.invoke0(Native Method)
	at sun.reflect.NativeMethodAccessorImpl.invoke(Unknown Source)
	at sun.reflect.DelegatingMethodAccessorImpl.invoke(Unknown Source)
	at java.lang.reflect.Method.invoke(Unknown Source)
	at org.testng.internal.MethodInvocationHelper.invokeMethod(MethodInvocationHelper.java:108)
	at org.testng.internal.Invoker.invokeMethod(Invoker.java:669)
	at org.testng.internal.Invoker.invokeTestMethod(Invoker.java:877)
	at org.testng.internal.Invoker.invokeTestMethods(Invoker.java:1201)
	at org.testng.internal.TestMethodWorker.invokeTestMethods(TestMethodWorker.java:125)
	at org.testng.internal.TestMethodWorker.run(TestMethodWorker.java:109)
	at java.util.concurrent.ThreadPoolExecutor.runWorker(Unknown Source)
	at java.util.concurrent.ThreadPoolExecutor$Worker.run(Unknown Source)
	at java.lang.Thread.run(Unknown Source)
Caused by: org.openqa.selenium.NoSuchElementException: Cannot locate an element using By.id: pdpAddtoBagBtn
For documentation on this error, please visit: http://seleniumhq.org/exceptions/no_such_element.html
Build info: version: '3.2.0', revision: '8c03df6b79', time: '2017-02-23 10:51:31 +0000'
System info: host: 'DESKTOP-AQOISD1', ip: '192.168.234.84', os.name: 'Windows 10', os.arch: 'amd64', os.version: '10.0', java.version: '1.8.0_112'
Driver info: driver.version: unknown
	at org.openqa.selenium.support.ui.ExpectedConditions.lambda$findElement$0(ExpectedConditions.java:882)
	at java.util.Optional.orElseThrow(Unknown Source)
	at org.openqa.selenium.support.ui.ExpectedConditions.findElement(ExpectedConditions.java:881)
	at org.openqa.selenium.support.ui.ExpectedConditions.access$000(ExpectedConditions.java:43)
	at org.openqa.selenium.support.ui.ExpectedConditions$7.apply(ExpectedConditions.java:205)
	at org.openqa.selenium.support.ui.ExpectedConditions$7.apply(ExpectedConditions.java:201)
	at org.openqa.selenium.support.ui.FluentWait.until(FluentWait.java:208)
	... 16 more
19-03-2018 20:00 ERROR - Wait is not present - failed
19-03-2018 20:00 INFO  - shirts is entered in Search - Pass
19-03-2018 20:00 INFO  - http://m.lordandtaylor.com/ is opened - Pass
19-03-2018 20:00 INFO  -  Sort and filter button click is clicked - Pass
19-03-2018 20:00 INFO  - Click Search is clicked - Pass
19-03-2018 20:00 INFO  - Wait Bag Qty is displayed - Pass
19-03-2018 20:00 INFO  - Shoes is entered in Search - Pass
19-03-2018 20:00 INFO  - Apply button is displayed on selecting the category is displayed - Pass
19-03-2018 20:00 INFO  - scrolled to Scroll to apply - Pass
19-03-2018 20:00 INFO  - search/PLP page is displayed - Pass
19-03-2018 20:00 INFO  - Search Count is displayed - Pass
19-03-2018 20:00 INFO  - Click apply button is clicked - Pass
19-03-2018 20:00 INFO  - Product List Page is displayed - Pass
19-03-2018 20:00 INFO  - Product Image is displayed - Pass
19-03-2018 20:00 INFO  - Product NameList is displayed - Pass
19-03-2018 20:00 INFO  - Product Description is displayed - Pass
19-03-2018 20:00 INFO  - Product Price is displayed - Pass
19-03-2018 20:00 INFO  - Wait Bag Qty is displayed - Pass
19-03-2018 20:00 INFO  -  Sort and filter button click is clicked - Pass
19-03-2018 20:00 INFO  - http://m.lordandtaylor.com/ is opened - Pass
19-03-2018 20:00 INFO  - Wait Bag Qty is displayed - Pass
19-03-2018 20:00 INFO  - http://m.lordandtaylor.com/ is opened - Pass
19-03-2018 20:00 INFO  - Click Search is clicked - Pass
19-03-2018 20:00 INFO  - Click Search is clicked - Pass
19-03-2018 20:00 INFO  - shoes is entered in Search - Pass
19-03-2018 20:00 INFO  - Shirts is entered in Search - Pass
19-03-2018 20:00 INFO  - http://m.lordandtaylor.com/ is opened - Pass
19-03-2018 20:00 INFO  - Click Search is clicked - Pass
19-03-2018 20:00 INFO  - shirts is entered in Search - Pass
19-03-2018 20:00 INFO  - search/PLP page is displayed - Pass
19-03-2018 20:00 INFO  - Search Count is displayed - Pass
19-03-2018 20:00 INFO  - search/PLP page is displayed - Pass
19-03-2018 20:00 INFO  - PLP page is displayed after sorting is displayed - Pass
19-03-2018 20:00 INFO  - Search Count is displayed - Pass
19-03-2018 20:00 ERROR - TimeoutException
org.openqa.selenium.TimeoutException: Expected condition failed: waiting for visibility of element located by By.id: pdpAddtoBagBtn (tried for 10 second(s) with 500 MILLISECONDS interval)
	at org.openqa.selenium.support.ui.WebDriverWait.timeoutException(WebDriverWait.java:82)
	at org.openqa.selenium.support.ui.FluentWait.until(FluentWait.java:231)
	at com.skava.framework.action.SeleniumActionEngine.explicitWaitforVisibility(SeleniumActionEngine.java:183)
	at com.skava.reusable.components.PLPandPDPComponents.sort_ApplyFilter(PLPandPDPComponents.java:642)
	at com.skava.testcases.LT_383_Sort_ApplyFilter.LT_383_Sort_ApplyFilter(LT_383_Sort_ApplyFilter.java:27)
	at sun.reflect.NativeMethodAccessorImpl.invoke0(Native Method)
	at sun.reflect.NativeMethodAccessorImpl.invoke(Unknown Source)
	at sun.reflect.DelegatingMethodAccessorImpl.invoke(Unknown Source)
	at java.lang.reflect.Method.invoke(Unknown Source)
	at org.testng.internal.MethodInvocationHelper.invokeMethod(MethodInvocationHelper.java:108)
	at org.testng.internal.Invoker.invokeMethod(Invoker.java:669)
	at org.testng.internal.Invoker.invokeTestMethod(Invoker.java:877)
	at org.testng.internal.Invoker.invokeTestMethods(Invoker.java:1201)
	at org.testng.internal.TestMethodWorker.invokeTestMethods(TestMethodWorker.java:125)
	at org.testng.internal.TestMethodWorker.run(TestMethodWorker.java:109)
	at java.util.concurrent.ThreadPoolExecutor.runWorker(Unknown Source)
	at java.util.concurrent.ThreadPoolExecutor$Worker.run(Unknown Source)
	at java.lang.Thread.run(Unknown Source)
Caused by: org.openqa.selenium.NoSuchElementException: Cannot locate an element using By.id: pdpAddtoBagBtn
For documentation on this error, please visit: http://seleniumhq.org/exceptions/no_such_element.html
Build info: version: '3.2.0', revision: '8c03df6b79', time: '2017-02-23 10:51:31 +0000'
System info: host: 'DESKTOP-AQOISD1', ip: '192.168.234.84', os.name: 'Windows 10', os.arch: 'amd64', os.version: '10.0', java.version: '1.8.0_112'
Driver info: driver.version: unknown
	at org.openqa.selenium.support.ui.ExpectedConditions.lambda$findElement$0(ExpectedConditions.java:882)
	at java.util.Optional.orElseThrow(Unknown Source)
	at org.openqa.selenium.support.ui.ExpectedConditions.findElement(ExpectedConditions.java:881)
	at org.openqa.selenium.support.ui.ExpectedConditions.access$000(ExpectedConditions.java:43)
	at org.openqa.selenium.support.ui.ExpectedConditions$7.apply(ExpectedConditions.java:205)
	at org.openqa.selenium.support.ui.ExpectedConditions$7.apply(ExpectedConditions.java:201)
	at org.openqa.selenium.support.ui.FluentWait.until(FluentWait.java:208)
	... 16 more
19-03-2018 20:00 ERROR - Wait is not present - failed
19-03-2018 20:00 INFO  - PLP page is displayed after sorting is displayed - Pass
19-03-2018 20:00 INFO  - PLP page is displayed after sorting is displayed - Pass
19-03-2018 20:00 INFO  - search/PLP page is displayed - Pass
19-03-2018 20:00 INFO  - Search Count is displayed - Pass
19-03-2018 20:00 INFO  - PLP page is displayed after sorting is displayed - Pass
19-03-2018 20:00 INFO  - Wait Bag Qty is displayed - Pass
19-03-2018 20:00 INFO  - search/PLP page is displayed - Pass
19-03-2018 20:00 INFO  - Search Count is displayed - Pass
19-03-2018 20:00 INFO  - search/PLP page is displayed - Pass
19-03-2018 20:00 INFO  - Search Count is displayed - Pass
19-03-2018 20:00 INFO  - PDP Page wait is displayed - Pass
19-03-2018 20:00 ERROR - TimeoutException
org.openqa.selenium.TimeoutException: Expected condition failed: waiting for visibility of element located by By.id: pdpAddtoBagBtn (tried for 5 second(s) with 500 MILLISECONDS interval)
	at org.openqa.selenium.support.ui.WebDriverWait.timeoutException(WebDriverWait.java:82)
	at org.openqa.selenium.support.ui.FluentWait.until(FluentWait.java:231)
	at com.skava.framework.action.SeleniumActionEngine.explicitWaitforVisibility(SeleniumActionEngine.java:183)
	at com.skava.reusable.components.PLPandPDPComponents.sort_ApplyFilter(PLPandPDPComponents.java:649)
	at com.skava.testcases.LT_383_Sort_ApplyFilter.LT_383_Sort_ApplyFilter(LT_383_Sort_ApplyFilter.java:27)
	at sun.reflect.NativeMethodAccessorImpl.invoke0(Native Method)
	at sun.reflect.NativeMethodAccessorImpl.invoke(Unknown Source)
	at sun.reflect.DelegatingMethodAccessorImpl.invoke(Unknown Source)
	at java.lang.reflect.Method.invoke(Unknown Source)
	at org.testng.internal.MethodInvocationHelper.invokeMethod(MethodInvocationHelper.java:108)
	at org.testng.internal.Invoker.invokeMethod(Invoker.java:669)
	at org.testng.internal.Invoker.invokeTestMethod(Invoker.java:877)
	at org.testng.internal.Invoker.invokeTestMethods(Invoker.java:1201)
	at org.testng.internal.TestMethodWorker.invokeTestMethods(TestMethodWorker.java:125)
	at org.testng.internal.TestMethodWorker.run(TestMethodWorker.java:109)
	at java.util.concurrent.ThreadPoolExecutor.runWorker(Unknown Source)
	at java.util.concurrent.ThreadPoolExecutor$Worker.run(Unknown Source)
	at java.lang.Thread.run(Unknown Source)
Caused by: org.openqa.selenium.NoSuchElementException: Cannot locate an element using By.id: pdpAddtoBagBtn
For documentation on this error, please visit: http://seleniumhq.org/exceptions/no_such_element.html
Build info: version: '3.2.0', revision: '8c03df6b79', time: '2017-02-23 10:51:31 +0000'
System info: host: 'DESKTOP-AQOISD1', ip: '192.168.234.84', os.name: 'Windows 10', os.arch: 'amd64', os.version: '10.0', java.version: '1.8.0_112'
Driver info: driver.version: unknown
	at org.openqa.selenium.support.ui.ExpectedConditions.lambda$findElement$0(ExpectedConditions.java:882)
	at java.util.Optional.orElseThrow(Unknown Source)
	at org.openqa.selenium.support.ui.ExpectedConditions.findElement(ExpectedConditions.java:881)
	at org.openqa.selenium.support.ui.ExpectedConditions.access$000(ExpectedConditions.java:43)
	at org.openqa.selenium.support.ui.ExpectedConditions$7.apply(ExpectedConditions.java:205)
	at org.openqa.selenium.support.ui.ExpectedConditions$7.apply(ExpectedConditions.java:201)
	at org.openqa.selenium.support.ui.FluentWait.until(FluentWait.java:208)
	... 16 more
19-03-2018 20:00 ERROR - Wait is not present - failed
19-03-2018 20:00 INFO  - PDP Page wait is displayed - Pass
19-03-2018 20:00 INFO  - PDP Page wait is displayed - Pass
19-03-2018 20:00 ERROR - TimeoutException
org.openqa.selenium.TimeoutException: Expected condition failed: waiting for visibility of element located by By.id: pdpAddtoBagBtn (tried for 5 second(s) with 500 MILLISECONDS interval)
	at org.openqa.selenium.support.ui.WebDriverWait.timeoutException(WebDriverWait.java:82)
	at org.openqa.selenium.support.ui.FluentWait.until(FluentWait.java:231)
	at com.skava.framework.action.SeleniumActionEngine.explicitWaitforVisibility(SeleniumActionEngine.java:183)
	at com.skava.reusable.components.PLPandPDPComponents.sort_ApplyFilter(PLPandPDPComponents.java:608)
	at com.skava.testcases.LT_387_SortClearAll.LT_387_Sort_ClearAll(LT_387_SortClearAll.java:28)
	at sun.reflect.NativeMethodAccessorImpl.invoke0(Native Method)
	at sun.reflect.NativeMethodAccessorImpl.invoke(Unknown Source)
	at sun.reflect.DelegatingMethodAccessorImpl.invoke(Unknown Source)
	at java.lang.reflect.Method.invoke(Unknown Source)
	at org.testng.internal.MethodInvocationHelper.invokeMethod(MethodInvocationHelper.java:108)
	at org.testng.internal.Invoker.invokeMethod(Invoker.java:669)
	at org.testng.internal.Invoker.invokeTestMethod(Invoker.java:877)
	at org.testng.internal.Invoker.invokeTestMethods(Invoker.java:1201)
	at org.testng.internal.TestMethodWorker.invokeTestMethods(TestMethodWorker.java:125)
	at org.testng.internal.TestMethodWorker.run(TestMethodWorker.java:109)
	at java.util.concurrent.ThreadPoolExecutor.runWorker(Unknown Source)
	at java.util.concurrent.ThreadPoolExecutor$Worker.run(Unknown Source)
	at java.lang.Thread.run(Unknown Source)
Caused by: org.openqa.selenium.NoSuchElementException: Cannot locate an element using By.id: pdpAddtoBagBtn
For documentation on this error, please visit: http://seleniumhq.org/exceptions/no_such_element.html
Build info: version: '3.2.0', revision: '8c03df6b79', time: '2017-02-23 10:51:31 +0000'
System info: host: 'DESKTOP-AQOISD1', ip: '192.168.234.84', os.name: 'Windows 10', os.arch: 'amd64', os.version: '10.0', java.version: '1.8.0_112'
Driver info: driver.version: unknown
	at org.openqa.selenium.support.ui.ExpectedConditions.lambda$findElement$0(ExpectedConditions.java:882)
	at java.util.Optional.orElseThrow(Unknown Source)
	at org.openqa.selenium.support.ui.ExpectedConditions.findElement(ExpectedConditions.java:881)
	at org.openqa.selenium.support.ui.ExpectedConditions.access$000(ExpectedConditions.java:43)
	at org.openqa.selenium.support.ui.ExpectedConditions$7.apply(ExpectedConditions.java:205)
	at org.openqa.selenium.support.ui.ExpectedConditions$7.apply(ExpectedConditions.java:201)
	at org.openqa.selenium.support.ui.FluentWait.until(FluentWait.java:208)
	... 16 more
19-03-2018 20:00 ERROR - Wait is not present - failed
19-03-2018 20:00 INFO  -  Sort and filter button click is clicked - Pass
19-03-2018 20:00 INFO  - Wait Bag Qty is displayed - Pass
19-03-2018 20:00 INFO  - PDP Page wait is displayed - Pass
19-03-2018 20:00 INFO  - Apply button is displayed on selecting the category is displayed - Pass
19-03-2018 20:00 INFO  - scrolled to Scroll to apply - Pass
19-03-2018 20:00 INFO  - Click apply button is clicked - Pass
19-03-2018 20:00 INFO  - PDP Page wait is displayed - Pass
19-03-2018 20:00 INFO  - scrolled to Scrolling - Pass
19-03-2018 20:00 INFO  - Colour Field present is displayed - Pass
19-03-2018 20:00 INFO  - Size field is displayed - Pass
19-03-2018 20:00 INFO  - scrolled to Add To Bag - Pass
19-03-2018 20:00 INFO  - Add To Bag Clicked is clicked - Pass
19-03-2018 20:00 INFO  - http://m.lordandtaylor.com/ is opened - Pass
19-03-2018 20:00 INFO  - Success Overlay is displayed - Pass
19-03-2018 20:00 INFO  - Success Overlay is displayed - Pass
19-03-2018 20:00 INFO  - Wait to get site Loaded is displayed - Pass
19-03-2018 20:00 INFO  - Click Menu is clicked - Pass
19-03-2018 20:00 INFO  - Menu Category is displayed - Pass
19-03-2018 20:00 INFO  - scrolled to Scrolling - Pass
19-03-2018 20:00 INFO  - scrolled to Scrolling - Pass
19-03-2018 20:00 INFO  - Deatils is displayed - Pass
19-03-2018 20:00 INFO  - Colour Field present is displayed - Pass
19-03-2018 20:00 INFO  - Details List is displayed - Pass
19-03-2018 20:00 INFO  - Size field is displayed - Pass
19-03-2018 20:00 INFO  - SubCategory is displayed - Pass
19-03-2018 20:00 INFO  - scrolled to Add To Bag - Pass
19-03-2018 20:00 INFO  - Add To Bag Clicked is clicked - Pass
19-03-2018 20:00 INFO  - Success Overlay is displayed - Pass
19-03-2018 20:00 INFO  - Success Overlay is displayed - Pass
19-03-2018 20:00 INFO  - Close OverLay Clicked is clicked - Pass
19-03-2018 20:00 ERROR - TimeoutException
org.openqa.selenium.TimeoutException: Expected condition failed: waiting for visibility of element located by By.id: pdpAddtoBagBtn (tried for 10 second(s) with 500 MILLISECONDS interval)
	at org.openqa.selenium.support.ui.WebDriverWait.timeoutException(WebDriverWait.java:82)
	at org.openqa.selenium.support.ui.FluentWait.until(FluentWait.java:231)
	at com.skava.framework.action.SeleniumActionEngine.explicitWaitforVisibility(SeleniumActionEngine.java:183)
	at com.skava.reusable.components.PLPandPDPComponents.sort_ApplyFilter(PLPandPDPComponents.java:642)
	at com.skava.testcases.LT_387_SortClearAll.LT_387_Sort_ClearAll(LT_387_SortClearAll.java:28)
	at sun.reflect.NativeMethodAccessorImpl.invoke0(Native Method)
	at sun.reflect.NativeMethodAccessorImpl.invoke(Unknown Source)
	at sun.reflect.DelegatingMethodAccessorImpl.invoke(Unknown Source)
	at java.lang.reflect.Method.invoke(Unknown Source)
	at org.testng.internal.MethodInvocationHelper.invokeMethod(MethodInvocationHelper.java:108)
	at org.testng.internal.Invoker.invokeMethod(Invoker.java:669)
	at org.testng.internal.Invoker.invokeTestMethod(Invoker.java:877)
	at org.testng.internal.Invoker.invokeTestMethods(Invoker.java:1201)
	at org.testng.internal.TestMethodWorker.invokeTestMethods(TestMethodWorker.java:125)
	at org.testng.internal.TestMethodWorker.run(TestMethodWorker.java:109)
	at java.util.concurrent.ThreadPoolExecutor.runWorker(Unknown Source)
	at java.util.concurrent.ThreadPoolExecutor$Worker.run(Unknown Source)
	at java.lang.Thread.run(Unknown Source)
Caused by: org.openqa.selenium.NoSuchElementException: Cannot locate an element using By.id: pdpAddtoBagBtn
For documentation on this error, please visit: http://seleniumhq.org/exceptions/no_such_element.html
Build info: version: '3.2.0', revision: '8c03df6b79', time: '2017-02-23 10:51:31 +0000'
System info: host: 'DESKTOP-AQOISD1', ip: '192.168.234.84', os.name: 'Windows 10', os.arch: 'amd64', os.version: '10.0', java.version: '1.8.0_112'
Driver info: driver.version: unknown
	at org.openqa.selenium.support.ui.ExpectedConditions.lambda$findElement$0(ExpectedConditions.java:882)
	at java.util.Optional.orElseThrow(Unknown Source)
	at org.openqa.selenium.support.ui.ExpectedConditions.findElement(ExpectedConditions.java:881)
	at org.openqa.selenium.support.ui.ExpectedConditions.access$000(ExpectedConditions.java:43)
	at org.openqa.selenium.support.ui.ExpectedConditions$7.apply(ExpectedConditions.java:205)
	at org.openqa.selenium.support.ui.ExpectedConditions$7.apply(ExpectedConditions.java:201)
	at org.openqa.selenium.support.ui.FluentWait.until(FluentWait.java:208)
	... 16 more
19-03-2018 20:00 ERROR - Wait is not present - failed
19-03-2018 20:00 INFO  - PLP page is displayed after sorting is displayed - Pass
19-03-2018 20:00 INFO  - PLP page is displayed after sorting is displayed - Pass
19-03-2018 20:00 ERROR - TimeoutException
org.openqa.selenium.TimeoutException: Expected condition failed: waiting for visibility of element located by By.id: pdpAddtoBagBtn (tried for 5 second(s) with 500 MILLISECONDS interval)
	at org.openqa.selenium.support.ui.WebDriverWait.timeoutException(WebDriverWait.java:82)
	at org.openqa.selenium.support.ui.FluentWait.until(FluentWait.java:231)
	at com.skava.framework.action.SeleniumActionEngine.explicitWaitforVisibility(SeleniumActionEngine.java:183)
	at com.skava.reusable.components.PLPandPDPComponents.sort_ApplyFilter(PLPandPDPComponents.java:649)
	at com.skava.testcases.LT_387_SortClearAll.LT_387_Sort_ClearAll(LT_387_SortClearAll.java:28)
	at sun.reflect.NativeMethodAccessorImpl.invoke0(Native Method)
	at sun.reflect.NativeMethodAccessorImpl.invoke(Unknown Source)
	at sun.reflect.DelegatingMethodAccessorImpl.invoke(Unknown Source)
	at java.lang.reflect.Method.invoke(Unknown Source)
	at org.testng.internal.MethodInvocationHelper.invokeMethod(MethodInvocationHelper.java:108)
	at org.testng.internal.Invoker.invokeMethod(Invoker.java:669)
	at org.testng.internal.Invoker.invokeTestMethod(Invoker.java:877)
	at org.testng.internal.Invoker.invokeTestMethods(Invoker.java:1201)
	at org.testng.internal.TestMethodWorker.invokeTestMethods(TestMethodWorker.java:125)
	at org.testng.internal.TestMethodWorker.run(TestMethodWorker.java:109)
	at java.util.concurrent.ThreadPoolExecutor.runWorker(Unknown Source)
	at java.util.concurrent.ThreadPoolExecutor$Worker.run(Unknown Source)
	at java.lang.Thread.run(Unknown Source)
Caused by: org.openqa.selenium.NoSuchElementException: Cannot locate an element using By.id: pdpAddtoBagBtn
For documentation on this error, please visit: http://seleniumhq.org/exceptions/no_such_element.html
Build info: version: '3.2.0', revision: '8c03df6b79', time: '2017-02-23 10:51:31 +0000'
System info: host: 'DESKTOP-AQOISD1', ip: '192.168.234.84', os.name: 'Windows 10', os.arch: 'amd64', os.version: '10.0', java.version: '1.8.0_112'
Driver info: driver.version: unknown
	at org.openqa.selenium.support.ui.ExpectedConditions.lambda$findElement$0(ExpectedConditions.java:882)
	at java.util.Optional.orElseThrow(Unknown Source)
	at org.openqa.selenium.support.ui.ExpectedConditions.findElement(ExpectedConditions.java:881)
	at org.openqa.selenium.support.ui.ExpectedConditions.access$000(ExpectedConditions.java:43)
	at org.openqa.selenium.support.ui.ExpectedConditions$7.apply(ExpectedConditions.java:205)
	at org.openqa.selenium.support.ui.ExpectedConditions$7.apply(ExpectedConditions.java:201)
	at org.openqa.selenium.support.ui.FluentWait.until(FluentWait.java:208)
	... 16 more
19-03-2018 20:00 ERROR - Wait is not present - failed
19-03-2018 20:00 INFO  - Checkout Clicked is clicked - Pass
19-03-2018 20:00 INFO  - Cart Opened is displayed - Pass
19-03-2018 20:00 INFO  - Product Added to Cart is displayed - Pass
19-03-2018 20:00 INFO  - PLP page is displayed after sorting is displayed - Pass
19-03-2018 20:00 INFO  - Wait Bag Qty is displayed - Pass
19-03-2018 20:00 INFO  - http://m.lordandtaylor.com/ is opened - Pass
19-03-2018 20:00 INFO  - Wait to get site Loaded is displayed - Pass
19-03-2018 20:00 INFO  - Click Menu is clicked - Pass
19-03-2018 20:00 INFO  - http://m.lordandtaylor.com/ is opened - Pass
19-03-2018 20:00 INFO  - Menu Category is displayed - Pass
19-03-2018 20:00 INFO  - Wait to get site Loaded is displayed - Pass
19-03-2018 20:00 INFO  - Click Menu is clicked - Pass
19-03-2018 20:00 INFO  - Menu Category is displayed - Pass
19-03-2018 20:00 INFO  - SubCategory is displayed - Pass
19-03-2018 20:00 INFO  - Sub Categories Displayed is displayed - Pass
19-03-2018 20:00 INFO  - Sub Categories Displayed is displayed - Pass
19-03-2018 20:00 INFO  - SubCategory is displayed - Pass
19-03-2018 20:00 INFO  - Sub Categories Displayed is displayed - Pass
19-03-2018 20:00 ERROR - TimeoutException
org.openqa.selenium.TimeoutException: Expected condition failed: waiting for visibility of element located by By.id: pdpAddtoBagBtn (tried for 5 second(s) with 500 MILLISECONDS interval)
	at org.openqa.selenium.support.ui.WebDriverWait.timeoutException(WebDriverWait.java:82)
	at org.openqa.selenium.support.ui.FluentWait.until(FluentWait.java:231)
	at com.skava.framework.action.SeleniumActionEngine.explicitWaitforVisibility(SeleniumActionEngine.java:183)
	at com.skava.reusable.components.PLPandPDPComponents.sort_ClearAll(PLPandPDPComponents.java:729)
	at com.skava.testcases.LT_387_SortClearAll.LT_387_Sort_ClearAll(LT_387_SortClearAll.java:29)
	at sun.reflect.NativeMethodAccessorImpl.invoke0(Native Method)
	at sun.reflect.NativeMethodAccessorImpl.invoke(Unknown Source)
	at sun.reflect.DelegatingMethodAccessorImpl.invoke(Unknown Source)
	at java.lang.reflect.Method.invoke(Unknown Source)
	at org.testng.internal.MethodInvocationHelper.invokeMethod(MethodInvocationHelper.java:108)
	at org.testng.internal.Invoker.invokeMethod(Invoker.java:669)
	at org.testng.internal.Invoker.invokeTestMethod(Invoker.java:877)
	at org.testng.internal.Invoker.invokeTestMethods(Invoker.java:1201)
	at org.testng.internal.TestMethodWorker.invokeTestMethods(TestMethodWorker.java:125)
	at org.testng.internal.TestMethodWorker.run(TestMethodWorker.java:109)
	at java.util.concurrent.ThreadPoolExecutor.runWorker(Unknown Source)
	at java.util.concurrent.ThreadPoolExecutor$Worker.run(Unknown Source)
	at java.lang.Thread.run(Unknown Source)
Caused by: org.openqa.selenium.NoSuchElementException: Cannot locate an element using By.id: pdpAddtoBagBtn
For documentation on this error, please visit: http://seleniumhq.org/exceptions/no_such_element.html
Build info: version: '3.2.0', revision: '8c03df6b79', time: '2017-02-23 10:51:31 +0000'
System info: host: 'DESKTOP-AQOISD1', ip: '192.168.234.84', os.name: 'Windows 10', os.arch: 'amd64', os.version: '10.0', java.version: '1.8.0_112'
Driver info: driver.version: unknown
	at org.openqa.selenium.support.ui.ExpectedConditions.lambda$findElement$0(ExpectedConditions.java:882)
	at java.util.Optional.orElseThrow(Unknown Source)
	at org.openqa.selenium.support.ui.ExpectedConditions.findElement(ExpectedConditions.java:881)
	at org.openqa.selenium.support.ui.ExpectedConditions.access$000(ExpectedConditions.java:43)
	at org.openqa.selenium.support.ui.ExpectedConditions$7.apply(ExpectedConditions.java:205)
	at org.openqa.selenium.support.ui.ExpectedConditions$7.apply(ExpectedConditions.java:201)
	at org.openqa.selenium.support.ui.FluentWait.until(FluentWait.java:208)
	... 16 more
19-03-2018 20:00 ERROR - Wait is not present - failed
19-03-2018 20:00 INFO  -  Sort and filter button click is clicked - Pass
19-03-2018 20:00 INFO  - Wait Bag Qty is displayed - Pass
19-03-2018 20:01 INFO  - http://m.lordandtaylor.com/ is opened - Pass
19-03-2018 20:01 INFO  - Wait to get site Loaded is displayed - Pass
19-03-2018 20:01 INFO  - Click Menu is clicked - Pass
19-03-2018 20:01 ERROR - TimeoutException
org.openqa.selenium.TimeoutException: Expected condition failed: waiting for visibility of element located by By.id: pdpAddtoBagBtn (tried for 5 second(s) with 500 MILLISECONDS interval)
	at org.openqa.selenium.support.ui.WebDriverWait.timeoutException(WebDriverWait.java:82)
	at org.openqa.selenium.support.ui.FluentWait.until(FluentWait.java:231)
	at com.skava.framework.action.SeleniumActionEngine.explicitWaitforVisibility(SeleniumActionEngine.java:183)
	at com.skava.reusable.components.PLPandPDPComponents.sort_ClearAll(PLPandPDPComponents.java:735)
	at com.skava.testcases.LT_387_SortClearAll.LT_387_Sort_ClearAll(LT_387_SortClearAll.java:29)
	at sun.reflect.NativeMethodAccessorImpl.invoke0(Native Method)
	at sun.reflect.NativeMethodAccessorImpl.invoke(Unknown Source)
	at sun.reflect.DelegatingMethodAccessorImpl.invoke(Unknown Source)
	at java.lang.reflect.Method.invoke(Unknown Source)
	at org.testng.internal.MethodInvocationHelper.invokeMethod(MethodInvocationHelper.java:108)
	at org.testng.internal.Invoker.invokeMethod(Invoker.java:669)
	at org.testng.internal.Invoker.invokeTestMethod(Invoker.java:877)
	at org.testng.internal.Invoker.invokeTestMethods(Invoker.java:1201)
	at org.testng.internal.TestMethodWorker.invokeTestMethods(TestMethodWorker.java:125)
	at org.testng.internal.TestMethodWorker.run(TestMethodWorker.java:109)
	at java.util.concurrent.ThreadPoolExecutor.runWorker(Unknown Source)
	at java.util.concurrent.ThreadPoolExecutor$Worker.run(Unknown Source)
	at java.lang.Thread.run(Unknown Source)
Caused by: org.openqa.selenium.NoSuchElementException: Cannot locate an element using By.id: pdpAddtoBagBtn
For documentation on this error, please visit: http://seleniumhq.org/exceptions/no_such_element.html
Build info: version: '3.2.0', revision: '8c03df6b79', time: '2017-02-23 10:51:31 +0000'
System info: host: 'DESKTOP-AQOISD1', ip: '192.168.234.84', os.name: 'Windows 10', os.arch: 'amd64', os.version: '10.0', java.version: '1.8.0_112'
Driver info: driver.version: unknown
	at org.openqa.selenium.support.ui.ExpectedConditions.lambda$findElement$0(ExpectedConditions.java:882)
	at java.util.Optional.orElseThrow(Unknown Source)
	at org.openqa.selenium.support.ui.ExpectedConditions.findElement(ExpectedConditions.java:881)
	at org.openqa.selenium.support.ui.ExpectedConditions.access$000(ExpectedConditions.java:43)
	at org.openqa.selenium.support.ui.ExpectedConditions$7.apply(ExpectedConditions.java:205)
	at org.openqa.selenium.support.ui.ExpectedConditions$7.apply(ExpectedConditions.java:201)
	at org.openqa.selenium.support.ui.FluentWait.until(FluentWait.java:208)
	... 16 more
19-03-2018 20:01 ERROR - Wait is not present - failed
19-03-2018 20:01 INFO  - http://m.lordandtaylor.com/ is opened - Pass
19-03-2018 20:01 INFO  - Wait to get site Loaded is displayed - Pass
19-03-2018 20:01 INFO  - Click Menu is clicked - Pass
19-03-2018 20:01 INFO  - Is Clear All button is displayed is displayed - Pass
19-03-2018 20:01 INFO  - http://m.lordandtaylor.com/ is opened - Pass
19-03-2018 20:01 INFO  - Wait to get site Loaded is displayed - Pass
19-03-2018 20:01 INFO  - Sub Categories Displayed is displayed - Pass
19-03-2018 20:01 INFO  - Click Menu is clicked - Pass
19-03-2018 20:01 INFO  - Click Back Button is clicked - Pass
19-03-2018 20:01 INFO  - Clear All button Click is clicked - Pass
19-03-2018 20:01 INFO  - PLP page is displayed after sorting is displayed - Pass
19-03-2018 20:01 INFO  - PLP count is displayed after sorting is displayed - Pass
19-03-2018 20:01 INFO  - PLP page is displayed after sorting is displayed - Pass
19-03-2018 20:01 INFO  - http://m.lordandtaylor.com/ is opened - Pass
19-03-2018 20:01 INFO  - Wait to get site Loaded is displayed - Pass
19-03-2018 20:01 INFO  - Click Menu is clicked - Pass
19-03-2018 20:01 INFO  - http://m.lordandtaylor.com/ is opened - Pass
19-03-2018 20:01 INFO  - Wait to get site Loaded is displayed - Pass
19-03-2018 20:01 INFO  - Click Menu is clicked - Pass
19-03-2018 20:01 INFO  - http://m.lordandtaylor.com/ is opened - Pass
19-03-2018 20:01 INFO  - Wait to get site Loaded is displayed - Pass
19-03-2018 20:01 INFO  - Click Menu is clicked - Pass
19-03-2018 20:01 INFO  - Enetered Login is clicked - Pass
19-03-2018 20:01 INFO  - Email is entered in the field - Pass
19-03-2018 20:01 INFO  - Spider@123 is entered in Password - Pass
19-03-2018 20:01 INFO  - My Account page displayed is displayed - Pass
19-03-2018 20:01 INFO  - http://m.lordandtaylor.com/ is opened - Pass
19-03-2018 20:01 INFO  - Wait to get site Loaded is displayed - Pass
19-03-2018 20:01 INFO  - Enetered Login is clicked - Pass
19-03-2018 20:01 INFO  - Email is entered in the field - Pass
19-03-2018 20:01 INFO  - Spider@123 is entered in Password - Pass
19-03-2018 20:01 INFO  - Click Menu is clicked - Pass
19-03-2018 20:01 INFO  - Enetered Login is clicked - Pass
19-03-2018 20:01 INFO  - Email is entered in the field - Pass
19-03-2018 20:01 INFO  - Spider@123 is entered in Password - Pass
19-03-2018 20:01 INFO  - settings is displayed - Pass
19-03-2018 20:01 INFO  - scrolled to settings - Pass
19-03-2018 20:01 INFO  - settings clicked is clicked - Pass
19-03-2018 20:01 INFO  - shippingaddress is displayed - Pass
19-03-2018 20:01 INFO  - scrolled to shippingaddress - Pass
19-03-2018 20:01 INFO  - shippingaddress clicked is clicked - Pass
19-03-2018 20:01 INFO  - Enetered Login is clicked - Pass
19-03-2018 20:01 INFO  - Email is entered in the field - Pass
19-03-2018 20:01 INFO  - Spider@123 is entered in Password - Pass
19-03-2018 20:02 INFO  - billingaddress is displayed - Pass
19-03-2018 20:02 INFO  - scrolled to billingaddress - Pass
19-03-2018 20:02 INFO  - billingaddress clicked is clicked - Pass
19-03-2018 20:02 INFO  - Enetered Login is clicked - Pass
19-03-2018 20:02 INFO  - Enetered Login is clicked - Pass
19-03-2018 20:02 INFO  - Email is entered in the field - Pass
19-03-2018 20:02 INFO  - Email is entered in the field - Pass
19-03-2018 20:02 INFO  - Spider@123 is entered in Password - Pass
19-03-2018 20:02 INFO  - Spider@123 is entered in Password - Pass
19-03-2018 20:02 INFO  - Enetered Login is clicked - Pass
19-03-2018 20:02 INFO  - Email is entered in the field - Pass
19-03-2018 20:02 INFO  - Spider@123 is entered in Password - Pass
19-03-2018 20:02 INFO  - My Account page displayed is displayed - Pass
19-03-2018 20:02 INFO  - Order history is displayed - Pass
19-03-2018 20:02 INFO  - scrolled to orderhistory - Pass
19-03-2018 20:02 INFO  - scrolled to accountsummary - Pass
19-03-2018 20:02 INFO  - orderhistory clicked is clicked - Pass
19-03-2018 20:02 INFO  - http://m.lordandtaylor.com/ is opened - Pass
19-03-2018 20:02 INFO  - http://m.lordandtaylor.com/ is opened - Pass
19-03-2018 20:02 INFO  - Click Search is clicked - Pass
19-03-2018 20:02 INFO  - http://m.lordandtaylor.com/ is opened - Pass
19-03-2018 20:02 INFO  - Click Search is clicked - Pass
19-03-2018 20:02 INFO  - Shoes is entered in Search - Pass
19-03-2018 20:02 INFO  - Shoes is entered in Search - Pass
19-03-2018 20:02 INFO  - payment is displayed - Pass
19-03-2018 20:02 INFO  - scrolled to payment - Pass
19-03-2018 20:02 INFO  - payment clicked is clicked - Pass
19-03-2018 20:02 INFO  - search/PLP page is displayed - Pass
19-03-2018 20:02 INFO  - Search Count is displayed - Pass
19-03-2018 20:02 INFO  - search/PLP page is displayed - Pass
19-03-2018 20:02 INFO  - Search Count is displayed - Pass
19-03-2018 20:02 INFO  - http://m.lordandtaylor.com/ is opened - Pass
19-03-2018 20:02 INFO  - Click Search is clicked - Pass
19-03-2018 20:02 INFO  - Shirts is entered in Search - Pass
19-03-2018 20:02 INFO  - PDP Page wait is displayed - Pass
19-03-2018 20:02 INFO  - PDP Page wait is displayed - Pass
19-03-2018 20:02 INFO  - Wait is displayed - Pass
19-03-2018 20:02 INFO  - Product QTY increment is displayed - Pass
19-03-2018 20:02 INFO  - scrolled to QTY - Pass
19-03-2018 20:02 INFO  - Wait is displayed - Pass
19-03-2018 20:02 INFO  - Product QTY increment is displayed - Pass
19-03-2018 20:02 INFO  - scrolled to QTY - Pass
19-03-2018 20:02 INFO  - Increment Click is clicked - Pass
19-03-2018 20:02 INFO  - search/PLP page is displayed - Pass
19-03-2018 20:02 INFO  - Search Count is displayed - Pass
19-03-2018 20:02 INFO  - Increment Click is clicked - Pass
19-03-2018 20:02 INFO  - Wait is displayed - Pass
19-03-2018 20:02 INFO  - Product List Page is displayed - Pass
19-03-2018 20:02 INFO  - Product Image is displayed - Pass
19-03-2018 20:02 INFO  - Product NameList is displayed - Pass
19-03-2018 20:02 INFO  - Product Description is displayed - Pass
19-03-2018 20:02 INFO  - Product Price is displayed - Pass
19-03-2018 20:02 INFO  - Wait is displayed - Pass
19-03-2018 20:02 INFO  - Product QTY decrement is displayed - Pass
19-03-2018 20:02 INFO  - scrolled to QTY - Pass
19-03-2018 20:02 INFO  - Wait is displayed - Pass
19-03-2018 20:02 INFO  - Decrement Click is clicked - Pass
19-03-2018 20:02 INFO  - Wait is displayed - Pass
19-03-2018 20:02 INFO  - Click Cart is clicked - Pass
19-03-2018 20:02 INFO  - Cart wrapper Opened is displayed - Pass
19-03-2018 20:02 INFO  - Cart Empty Text is displayed - Pass
19-03-2018 20:02 INFO  - http://m.lordandtaylor.com/ is opened - Pass
19-03-2018 20:02 INFO  - Click Search is clicked - Pass
19-03-2018 20:02 INFO  - Back To Homepage is clicked - Pass
19-03-2018 20:02 INFO  - Shirts is entered in Search - Pass
19-03-2018 20:02 INFO  - http://m.lordandtaylor.com/ is opened - Pass
19-03-2018 20:02 INFO  - Click Search is clicked - Pass
19-03-2018 20:02 INFO  - Shirts is entered in Search - Pass
19-03-2018 20:02 INFO  - PDP Page wait is displayed - Pass
19-03-2018 20:02 INFO  - Wait Bag Qty is displayed - Pass
19-03-2018 20:02 INFO  - scrolled to Scroll Bag Qty - Pass
19-03-2018 20:02 INFO  - scrolled to Scrolling - Pass
19-03-2018 20:02 INFO  - Colour Field present is displayed - Pass
19-03-2018 20:02 INFO  - Size field is displayed - Pass
19-03-2018 20:02 INFO  - search/PLP page is displayed - Pass
19-03-2018 20:02 INFO  - Search Count is displayed - Pass
19-03-2018 20:02 INFO  - Product List Page is displayed - Pass
19-03-2018 20:02 INFO  - http://m.lordandtaylor.com/ is opened - Pass
19-03-2018 20:02 INFO  - Product Image is displayed - Pass
19-03-2018 20:02 INFO  - Click Search is clicked - Pass
19-03-2018 20:02 INFO  - Product NameList is displayed - Pass
19-03-2018 20:02 INFO  - Product Description is displayed - Pass
19-03-2018 20:02 INFO  - Product Price is displayed - Pass
19-03-2018 20:02 INFO  - search/PLP page is displayed - Pass
19-03-2018 20:02 INFO  - Search Count is displayed - Pass
19-03-2018 20:02 INFO  - Product List Page is displayed - Pass
19-03-2018 20:02 INFO  - Product Image is displayed - Pass
19-03-2018 20:02 INFO  - Product NameList is displayed - Pass
19-03-2018 20:02 INFO  - Product Description is displayed - Pass
19-03-2018 20:02 INFO  - Product Price is displayed - Pass
19-03-2018 20:02 INFO  - Shirts is entered in Search - Pass
19-03-2018 20:02 INFO  - PDP Page wait is displayed - Pass
19-03-2018 20:02 INFO  - scrolled to Scrolling - Pass
19-03-2018 20:02 INFO  - Colour Field present is displayed - Pass
19-03-2018 20:03 INFO  - Size field is displayed - Pass
19-03-2018 20:03 INFO  - PDP Page wait is displayed - Pass
19-03-2018 20:03 INFO  - scrolled to Add To Bag - Pass
19-03-2018 20:03 INFO  - Add To Bag Clicked is clicked - Pass
19-03-2018 20:03 INFO  - scrolled to Scrolling - Pass
19-03-2018 20:03 INFO  - Colour Field present is displayed - Pass
19-03-2018 20:03 INFO  - Size field is displayed - Pass
19-03-2018 20:03 INFO  - scrolled to Add To Bag - Pass
19-03-2018 20:03 INFO  - PDP overlay is displayed - Pass
19-03-2018 20:03 INFO  - Add To Bag Clicked is clicked - Pass
19-03-2018 20:03 INFO  - Wait Bag Qty is displayed - Pass
19-03-2018 20:03 INFO  - scrolled to Scroll Bag Qty - Pass
19-03-2018 20:03 INFO  - search/PLP page is displayed - Pass
19-03-2018 20:03 INFO  - Search Count is displayed - Pass
19-03-2018 20:03 INFO  - http://m.lordandtaylor.com/ is opened - Pass
19-03-2018 20:03 INFO  - Click Search is clicked - Pass
19-03-2018 20:03 INFO  - dress is entered in Search - Pass
19-03-2018 20:03 INFO  - scrolled to Add To Bag - Pass
19-03-2018 20:03 INFO  - Add To Bag Clicked is clicked - Pass
19-03-2018 20:03 INFO  - Success Overlay is displayed - Pass
19-03-2018 20:03 INFO  - Success Overlay is displayed - Pass
19-03-2018 20:03 INFO  - http://m.lordandtaylor.com/ is opened - Pass
19-03-2018 20:03 INFO  - Click Search is clicked - Pass
19-03-2018 20:03 INFO  - http://m.lordandtaylor.com/ is opened - Pass
19-03-2018 20:03 INFO  - Click Search is clicked - Pass
19-03-2018 20:03 INFO  - Success Overlay is displayed - Pass
19-03-2018 20:03 INFO  - Shirts is entered in Search - Pass
19-03-2018 20:03 INFO  - Success Overlay is displayed - Pass
19-03-2018 20:03 INFO  - Jeans is entered in Search - Pass
19-03-2018 20:03 INFO  - PDP Page wait is displayed - Pass
19-03-2018 20:03 INFO  - scrolled to Scrolling - Pass
19-03-2018 20:03 INFO  - Colour Field present is displayed - Pass
19-03-2018 20:03 INFO  - Size field is displayed - Pass
19-03-2018 20:03 INFO  - scrolled to Add To Bag - Pass
19-03-2018 20:03 INFO  - Add To Bag Clicked is clicked - Pass
19-03-2018 20:03 INFO  - search/PLP page is displayed - Pass
19-03-2018 20:03 INFO  - Search Count is displayed - Pass
19-03-2018 20:03 INFO  - search/PLP page is displayed - Pass
19-03-2018 20:03 INFO  - Success Overlay is displayed - Pass
19-03-2018 20:03 INFO  - Search Count is displayed - Pass
19-03-2018 20:03 INFO  - Success Overlay is displayed - Pass
19-03-2018 20:03 INFO  - search/PLP page is displayed - Pass
19-03-2018 20:03 INFO  - Search Count is displayed - Pass
19-03-2018 20:03 INFO  - Checkout Clicked is clicked - Pass
19-03-2018 20:03 INFO  - Product Description is displayed - Pass
19-03-2018 20:03 INFO  - Product Inventory Status is displayed - Pass
19-03-2018 20:03 INFO  - Product SKUID is displayed - Pass
19-03-2018 20:03 INFO  - Product Edit is displayed - Pass
19-03-2018 20:03 INFO  - Product Remove is displayed - Pass
19-03-2018 20:03 INFO  - Product Save Later is displayed - Pass
19-03-2018 20:03 INFO  - Product Size is displayed - Pass
19-03-2018 20:03 INFO  - Product Colour is displayed - Pass
19-03-2018 20:03 INFO  - Product Clearance Price is displayed - Pass
19-03-2018 20:03 INFO  - Product Sale Price is displayed - Pass
19-03-2018 20:03 INFO  - PDP Page wait is displayed - Pass
19-03-2018 20:03 INFO  - scrolled to Scrolling - Pass
19-03-2018 20:03 INFO  - Colour Field present is displayed - Pass
19-03-2018 20:03 INFO  - Size field is displayed - Pass
19-03-2018 20:03 INFO  - http://m.lordandtaylor.com/ is opened - Pass
19-03-2018 20:03 INFO  - Click Search is clicked - Pass
19-03-2018 20:03 INFO  - Shirts is entered in Search - Pass
19-03-2018 20:03 INFO  - scrolled to Add To Bag - Pass
19-03-2018 20:03 INFO  - Add To Bag Clicked is clicked - Pass
19-03-2018 20:03 INFO  - Checkout Clicked is clicked - Pass
19-03-2018 20:03 INFO  - IS Cart page products is displayed is displayed - Pass
19-03-2018 20:03 INFO  - Is Cart page Displayed is displayed - Pass
19-03-2018 20:03 INFO  - Is product price Displayed is displayed - Pass
19-03-2018 20:03 INFO  - Is Item total price is displayed is displayed - Pass
19-03-2018 20:03 INFO  - Is product QTY Displayed is displayed - Pass
19-03-2018 20:03 INFO  - Increment Product QTY to 2 is entered in the field - Pass
19-03-2018 20:03 INFO  - PDP Page wait is displayed - Pass
19-03-2018 20:03 INFO  - scrolled to Scrolling - Pass
19-03-2018 20:03 INFO  - Colour Field present is displayed - Pass
19-03-2018 20:03 INFO  - Size field is displayed - Pass
19-03-2018 20:03 INFO  - scrolled to Add To Bag - Pass
19-03-2018 20:03 INFO  - Success Overlay is displayed - Pass
19-03-2018 20:03 INFO  - Add To Bag Clicked is clicked - Pass
19-03-2018 20:03 INFO  - Success Overlay is displayed - Pass
19-03-2018 20:03 INFO  - search/PLP page is displayed - Pass
19-03-2018 20:03 INFO  - Search Count is displayed - Pass
19-03-2018 20:03 INFO  - Checkout Clicked is clicked - Pass
19-03-2018 20:03 INFO  - Wait is displayed - Pass
19-03-2018 20:03 INFO  - Edit Button is clicked - Pass
19-03-2018 20:03 INFO  - PDP Page wait is displayed - Pass
19-03-2018 20:03 INFO  - Success Overlay is displayed - Pass
19-03-2018 20:03 INFO  - PDP Edit overlay is displayed - Pass
19-03-2018 20:03 INFO  - Success Overlay is displayed - Pass
19-03-2018 20:03 INFO  - scrolled to Scrolling - Pass
19-03-2018 20:03 ERROR - TimeoutException
org.openqa.selenium.TimeoutException: Expected condition failed: waiting for visibility of element located by By.id: pdpAddtoBagBtn (tried for 10 second(s) with 500 MILLISECONDS interval)
	at org.openqa.selenium.support.ui.WebDriverWait.timeoutException(WebDriverWait.java:82)
	at org.openqa.selenium.support.ui.FluentWait.until(FluentWait.java:231)
	at com.skava.framework.action.SeleniumActionEngine.explicitWaitforVisibility(SeleniumActionEngine.java:183)
	at com.skava.framework.action.SeleniumActionEngine.isElementDisplayed(SeleniumActionEngine.java:201)
	at com.skava.reusable.components.CartComponents.cartQtyIncrement(CartComponents.java:337)
	at com.skava.testcases.LT_766_Cart_PriceCheck.LT_766_Cart_Price_Check(LT_766_Cart_PriceCheck.java:38)
	at sun.reflect.NativeMethodAccessorImpl.invoke0(Native Method)
	at sun.reflect.NativeMethodAccessorImpl.invoke(Unknown Source)
	at sun.reflect.DelegatingMethodAccessorImpl.invoke(Unknown Source)
	at java.lang.reflect.Method.invoke(Unknown Source)
	at org.testng.internal.MethodInvocationHelper.invokeMethod(MethodInvocationHelper.java:108)
	at org.testng.internal.Invoker.invokeMethod(Invoker.java:669)
	at org.testng.internal.Invoker.invokeTestMethod(Invoker.java:877)
	at org.testng.internal.Invoker.invokeTestMethods(Invoker.java:1201)
	at org.testng.internal.TestMethodWorker.invokeTestMethods(TestMethodWorker.java:125)
	at org.testng.internal.TestMethodWorker.run(TestMethodWorker.java:109)
	at java.util.concurrent.ThreadPoolExecutor.runWorker(Unknown Source)
	at java.util.concurrent.ThreadPoolExecutor$Worker.run(Unknown Source)
	at java.lang.Thread.run(Unknown Source)
Caused by: org.openqa.selenium.NoSuchElementException: Cannot locate an element using By.id: pdpAddtoBagBtn
For documentation on this error, please visit: http://seleniumhq.org/exceptions/no_such_element.html
Build info: version: '3.2.0', revision: '8c03df6b79', time: '2017-02-23 10:51:31 +0000'
System info: host: 'DESKTOP-AQOISD1', ip: '192.168.234.84', os.name: 'Windows 10', os.arch: 'amd64', os.version: '10.0', java.version: '1.8.0_112'
Driver info: driver.version: unknown
	at org.openqa.selenium.support.ui.ExpectedConditions.lambda$findElement$0(ExpectedConditions.java:882)
	at java.util.Optional.orElseThrow(Unknown Source)
	at org.openqa.selenium.support.ui.ExpectedConditions.findElement(ExpectedConditions.java:881)
	at org.openqa.selenium.support.ui.ExpectedConditions.access$000(ExpectedConditions.java:43)
	at org.openqa.selenium.support.ui.ExpectedConditions$7.apply(ExpectedConditions.java:205)
	at org.openqa.selenium.support.ui.ExpectedConditions$7.apply(ExpectedConditions.java:201)
	at org.openqa.selenium.support.ui.FluentWait.until(FluentWait.java:208)
	... 17 more
19-03-2018 20:03 ERROR - Wait is not present - failed
19-03-2018 20:03 INFO  - Cart loading overview is displayed - Pass
19-03-2018 20:03 INFO  - Is Item total price is displayed is displayed - Pass
19-03-2018 20:03 INFO  - PDP Page wait is displayed - Pass
19-03-2018 20:03 INFO  - Colour Field present is displayed - Pass
19-03-2018 20:03 INFO  - Size field is displayed - Pass
19-03-2018 20:04 INFO  - scrolled to Add To Bag - Pass
19-03-2018 20:04 INFO  - scrolled to Scrolling - Pass
19-03-2018 20:04 INFO  - Add To Bag Clicked is clicked - Pass
19-03-2018 20:04 INFO  - Colour Field present is displayed - Pass
19-03-2018 20:04 INFO  - Size field is displayed - Pass
19-03-2018 20:04 ERROR - TimeoutException
org.openqa.selenium.TimeoutException: Expected condition failed: waiting for visibility of element located by By.xpath: (//*[@class='widebag-item-discount-price']/span)[1] (tried for 10 second(s) with 500 MILLISECONDS interval)
	at org.openqa.selenium.support.ui.WebDriverWait.timeoutException(WebDriverWait.java:82)
	at org.openqa.selenium.support.ui.FluentWait.until(FluentWait.java:231)
	at com.skava.framework.action.SeleniumActionEngine.explicitWaitforVisibility(SeleniumActionEngine.java:183)
	at com.skava.framework.action.SeleniumActionEngine.isElementDisplayed(SeleniumActionEngine.java:201)
	at com.skava.reusable.components.CartComponents.priceCheck(CartComponents.java:408)
	at com.skava.testcases.LT_766_Cart_PriceCheck.LT_766_Cart_Price_Check(LT_766_Cart_PriceCheck.java:40)
	at sun.reflect.NativeMethodAccessorImpl.invoke0(Native Method)
	at sun.reflect.NativeMethodAccessorImpl.invoke(Unknown Source)
	at sun.reflect.DelegatingMethodAccessorImpl.invoke(Unknown Source)
	at java.lang.reflect.Method.invoke(Unknown Source)
	at org.testng.internal.MethodInvocationHelper.invokeMethod(MethodInvocationHelper.java:108)
	at org.testng.internal.Invoker.invokeMethod(Invoker.java:669)
	at org.testng.internal.Invoker.invokeTestMethod(Invoker.java:877)
	at org.testng.internal.Invoker.invokeTestMethods(Invoker.java:1201)
	at org.testng.internal.TestMethodWorker.invokeTestMethods(TestMethodWorker.java:125)
	at org.testng.internal.TestMethodWorker.run(TestMethodWorker.java:109)
	at java.util.concurrent.ThreadPoolExecutor.runWorker(Unknown Source)
	at java.util.concurrent.ThreadPoolExecutor$Worker.run(Unknown Source)
	at java.lang.Thread.run(Unknown Source)
Caused by: org.openqa.selenium.NoSuchElementException: Cannot locate an element using By.xpath: (//*[@class='widebag-item-discount-price']/span)[1]
For documentation on this error, please visit: http://seleniumhq.org/exceptions/no_such_element.html
Build info: version: '3.2.0', revision: '8c03df6b79', time: '2017-02-23 10:51:31 +0000'
System info: host: 'DESKTOP-AQOISD1', ip: '192.168.234.84', os.name: 'Windows 10', os.arch: 'amd64', os.version: '10.0', java.version: '1.8.0_112'
Driver info: driver.version: unknown
	at org.openqa.selenium.support.ui.ExpectedConditions.lambda$findElement$0(ExpectedConditions.java:882)
	at java.util.Optional.orElseThrow(Unknown Source)
	at org.openqa.selenium.support.ui.ExpectedConditions.findElement(ExpectedConditions.java:881)
	at org.openqa.selenium.support.ui.ExpectedConditions.access$000(ExpectedConditions.java:43)
	at org.openqa.selenium.support.ui.ExpectedConditions$7.apply(ExpectedConditions.java:205)
	at org.openqa.selenium.support.ui.ExpectedConditions$7.apply(ExpectedConditions.java:201)
	at org.openqa.selenium.support.ui.FluentWait.until(FluentWait.java:208)
	... 17 more
19-03-2018 20:04 ERROR - Discount for product is not present - failed
19-03-2018 20:04 INFO  - scrolled to Add To Bag - Pass
19-03-2018 20:04 INFO  - Add To Bag Clicked is clicked - Pass
19-03-2018 20:04 INFO  - Is Item total price is displayed is displayed - Pass
19-03-2018 20:04 INFO  - Is product QTY Displayed is displayed - Pass
19-03-2018 20:04 INFO  - Checkout Clicked is clicked - Pass
19-03-2018 20:04 INFO  - Cart Opened is displayed - Pass
19-03-2018 20:04 INFO  - Decrement Product QTY to 1 is entered in the field - Pass
19-03-2018 20:04 INFO  - Product Added to Cart is displayed - Pass
19-03-2018 20:04 INFO  - Product Description is displayed - Pass
19-03-2018 20:04 INFO  - Product Inventory Status is displayed - Pass
19-03-2018 20:04 INFO  - Product SKUID is displayed - Pass
19-03-2018 20:04 INFO  - Product Edit is displayed - Pass
19-03-2018 20:04 INFO  - Product Remove is displayed - Pass
19-03-2018 20:04 INFO  - Product Save Later is displayed - Pass
19-03-2018 20:04 INFO  - Product Size is displayed - Pass
19-03-2018 20:04 INFO  - Product Colour is displayed - Pass
19-03-2018 20:04 INFO  - Product Clearance Price is displayed - Pass
19-03-2018 20:04 INFO  - Product Sale Price is displayed - Pass
19-03-2018 20:04 INFO  - Saveforlater is displayed - Pass
19-03-2018 20:04 INFO  - Success Overlay is displayed - Pass
19-03-2018 20:04 INFO  - Saveforlater clicked is clicked - Pass
19-03-2018 20:04 INFO  - Success Overlay is displayed - Pass
19-03-2018 20:04 INFO  - Success Overlay is displayed - Pass
19-03-2018 20:04 INFO  - Success Overlay is displayed - Pass
19-03-2018 20:04 INFO  - Checkout Clicked is clicked - Pass
19-03-2018 20:04 INFO  - Wait is displayed - Pass
19-03-2018 20:04 INFO  - Remove Button is clicked - Pass
19-03-2018 20:04 INFO  - Remove Confirmation Button is displayed - Pass
19-03-2018 20:04 INFO  - Remove Confirmation Button is displayed - Pass
19-03-2018 20:04 INFO  - http://m.lordandtaylor.com/ is opened - Pass
19-03-2018 20:04 INFO  - Click Search is clicked - Pass
19-03-2018 20:04 INFO  - Shoes is entered in Search - Pass
19-03-2018 20:04 ERROR - TimeoutException
org.openqa.selenium.TimeoutException: Expected condition failed: waiting for visibility of element located by By.id: pdpAddtoBagBtn (tried for 10 second(s) with 500 MILLISECONDS interval)
	at org.openqa.selenium.support.ui.WebDriverWait.timeoutException(WebDriverWait.java:82)
	at org.openqa.selenium.support.ui.FluentWait.until(FluentWait.java:231)
	at com.skava.framework.action.SeleniumActionEngine.explicitWaitforVisibility(SeleniumActionEngine.java:183)
	at com.skava.framework.action.SeleniumActionEngine.isElementDisplayed(SeleniumActionEngine.java:201)
	at com.skava.reusable.components.CartComponents.cartQtyDecrement(CartComponents.java:355)
	at com.skava.testcases.LT_766_Cart_PriceCheck.LT_766_Cart_Price_Check(LT_766_Cart_PriceCheck.java:42)
	at sun.reflect.NativeMethodAccessorImpl.invoke0(Native Method)
	at sun.reflect.NativeMethodAccessorImpl.invoke(Unknown Source)
	at sun.reflect.DelegatingMethodAccessorImpl.invoke(Unknown Source)
	at java.lang.reflect.Method.invoke(Unknown Source)
	at org.testng.internal.MethodInvocationHelper.invokeMethod(MethodInvocationHelper.java:108)
	at org.testng.internal.Invoker.invokeMethod(Invoker.java:669)
	at org.testng.internal.Invoker.invokeTestMethod(Invoker.java:877)
	at org.testng.internal.Invoker.invokeTestMethods(Invoker.java:1201)
	at org.testng.internal.TestMethodWorker.invokeTestMethods(TestMethodWorker.java:125)
	at org.testng.internal.TestMethodWorker.run(TestMethodWorker.java:109)
	at java.util.concurrent.ThreadPoolExecutor.runWorker(Unknown Source)
	at java.util.concurrent.ThreadPoolExecutor$Worker.run(Unknown Source)
	at java.lang.Thread.run(Unknown Source)
Caused by: org.openqa.selenium.NoSuchElementException: Cannot locate an element using By.id: pdpAddtoBagBtn
For documentation on this error, please visit: http://seleniumhq.org/exceptions/no_such_element.html
Build info: version: '3.2.0', revision: '8c03df6b79', time: '2017-02-23 10:51:31 +0000'
System info: host: 'DESKTOP-AQOISD1', ip: '192.168.234.84', os.name: 'Windows 10', os.arch: 'amd64', os.version: '10.0', java.version: '1.8.0_112'
Driver info: driver.version: unknown
	at org.openqa.selenium.support.ui.ExpectedConditions.lambda$findElement$0(ExpectedConditions.java:882)
	at java.util.Optional.orElseThrow(Unknown Source)
	at org.openqa.selenium.support.ui.ExpectedConditions.findElement(ExpectedConditions.java:881)
	at org.openqa.selenium.support.ui.ExpectedConditions.access$000(ExpectedConditions.java:43)
	at org.openqa.selenium.support.ui.ExpectedConditions$7.apply(ExpectedConditions.java:205)
	at org.openqa.selenium.support.ui.ExpectedConditions$7.apply(ExpectedConditions.java:201)
	at org.openqa.selenium.support.ui.FluentWait.until(FluentWait.java:208)
	... 17 more
19-03-2018 20:04 ERROR - Wait is not present - failed
19-03-2018 20:04 INFO  - Cart loading overview is displayed - Pass
19-03-2018 20:04 INFO  - Is Item total price is displayed is displayed - Pass
19-03-2018 20:04 INFO  - search/PLP page is displayed - Pass
19-03-2018 20:04 INFO  - Search Count is displayed - Pass
19-03-2018 20:04 INFO  - http://m.lordandtaylor.com/ is opened - Pass
19-03-2018 20:04 INFO  - Click Search is clicked - Pass
19-03-2018 20:04 INFO  - Shirts is entered in Search - Pass
19-03-2018 20:04 ERROR - TimeoutException
org.openqa.selenium.TimeoutException: Expected condition failed: waiting for visibility of element located by By.xpath: (//*[@class='widebag-item-discount-price']/span)[1] (tried for 10 second(s) with 500 MILLISECONDS interval)
	at org.openqa.selenium.support.ui.WebDriverWait.timeoutException(WebDriverWait.java:82)
	at org.openqa.selenium.support.ui.FluentWait.until(FluentWait.java:231)
	at com.skava.framework.action.SeleniumActionEngine.explicitWaitforVisibility(SeleniumActionEngine.java:183)
	at com.skava.framework.action.SeleniumActionEngine.isElementDisplayed(SeleniumActionEngine.java:201)
	at com.skava.reusable.components.CartComponents.priceCheck(CartComponents.java:438)
	at com.skava.testcases.LT_766_Cart_PriceCheck.LT_766_Cart_Price_Check(LT_766_Cart_PriceCheck.java:44)
	at sun.reflect.NativeMethodAccessorImpl.invoke0(Native Method)
	at sun.reflect.NativeMethodAccessorImpl.invoke(Unknown Source)
	at sun.reflect.DelegatingMethodAccessorImpl.invoke(Unknown Source)
	at java.lang.reflect.Method.invoke(Unknown Source)
	at org.testng.internal.MethodInvocationHelper.invokeMethod(MethodInvocationHelper.java:108)
	at org.testng.internal.Invoker.invokeMethod(Invoker.java:669)
	at org.testng.internal.Invoker.invokeTestMethod(Invoker.java:877)
	at org.testng.internal.Invoker.invokeTestMethods(Invoker.java:1201)
	at org.testng.internal.TestMethodWorker.invokeTestMethods(TestMethodWorker.java:125)
	at org.testng.internal.TestMethodWorker.run(TestMethodWorker.java:109)
	at java.util.concurrent.ThreadPoolExecutor.runWorker(Unknown Source)
	at java.util.concurrent.ThreadPoolExecutor$Worker.run(Unknown Source)
	at java.lang.Thread.run(Unknown Source)
Caused by: org.openqa.selenium.NoSuchElementException: Cannot locate an element using By.xpath: (//*[@class='widebag-item-discount-price']/span)[1]
For documentation on this error, please visit: http://seleniumhq.org/exceptions/no_such_element.html
Build info: version: '3.2.0', revision: '8c03df6b79', time: '2017-02-23 10:51:31 +0000'
System info: host: 'DESKTOP-AQOISD1', ip: '192.168.234.84', os.name: 'Windows 10', os.arch: 'amd64', os.version: '10.0', java.version: '1.8.0_112'
Driver info: driver.version: unknown
	at org.openqa.selenium.support.ui.ExpectedConditions.lambda$findElement$0(ExpectedConditions.java:882)
	at java.util.Optional.orElseThrow(Unknown Source)
	at org.openqa.selenium.support.ui.ExpectedConditions.findElement(ExpectedConditions.java:881)
	at org.openqa.selenium.support.ui.ExpectedConditions.access$000(ExpectedConditions.java:43)
	at org.openqa.selenium.support.ui.ExpectedConditions$7.apply(ExpectedConditions.java:205)
	at org.openqa.selenium.support.ui.ExpectedConditions$7.apply(ExpectedConditions.java:201)
	at org.openqa.selenium.support.ui.FluentWait.until(FluentWait.java:208)
	... 17 more
19-03-2018 20:04 ERROR - Discount for product is not present - failed
19-03-2018 20:04 INFO  - Checkout Clicked is clicked - Pass
19-03-2018 20:04 INFO  - Wait is displayed - Pass
19-03-2018 20:04 INFO  - Remove Button is clicked - Pass
19-03-2018 20:04 INFO  - Remove Confirmation Button is displayed - Pass
19-03-2018 20:04 INFO  - Remove Confirmation Button is displayed - Pass
19-03-2018 20:04 INFO  - Checkout Clicked is clicked - Pass
19-03-2018 20:04 INFO  - Cart Opened is displayed - Pass
19-03-2018 20:04 INFO  - Product Removed is clicked - Pass
19-03-2018 20:04 INFO  - Product Added to Cart is displayed - Pass
19-03-2018 20:04 INFO  - Wait is displayed - Pass
19-03-2018 20:04 INFO  - scrolled to scroll to checkout - Pass
19-03-2018 20:04 INFO  - Click Checkout is clicked - Pass
19-03-2018 20:04 INFO  - Sign IN Page Navigated is displayed - Pass
19-03-2018 20:04 INFO  - Product Removed is displayed - Pass
19-03-2018 20:04 INFO  - PDP Page wait is displayed - Pass
19-03-2018 20:04 INFO  - scrolled to Scrolling - Pass
19-03-2018 20:04 INFO  - Colour Field present is displayed - Pass
19-03-2018 20:04 INFO  - http://m.lordandtaylor.com/ is opened - Pass
19-03-2018 20:04 INFO  - Click Search is clicked - Pass
19-03-2018 20:04 INFO  - shirts is entered in Search - Pass
19-03-2018 20:04 INFO  - http://m.lordandtaylor.com/ is opened - Pass
19-03-2018 20:04 INFO  - Click Search is clicked - Pass
19-03-2018 20:04 INFO  - Shoes is entered in Search - Pass
19-03-2018 20:04 INFO  - search/PLP page is displayed - Pass
19-03-2018 20:04 INFO  - Search Count is displayed - Pass
19-03-2018 20:04 INFO  - Size field is displayed - Pass
19-03-2018 20:04 INFO  - scrolled to Add To Bag - Pass
19-03-2018 20:04 INFO  - Add To Bag Clicked is clicked - Pass
19-03-2018 20:04 INFO  - Success Overlay is displayed - Pass
19-03-2018 20:04 INFO  - Success Overlay is displayed - Pass
19-03-2018 20:04 INFO  - PDP Page wait is displayed - Pass
19-03-2018 20:04 INFO  - search/PLP page is displayed - Pass
19-03-2018 20:04 INFO  - Search Count is displayed - Pass
19-03-2018 20:04 INFO  - scrolled to Scrolling - Pass
19-03-2018 20:04 INFO  - Colour Field present is displayed - Pass
19-03-2018 20:04 INFO  - search/PLP page is displayed - Pass
19-03-2018 20:04 INFO  - Search Count is displayed - Pass
19-03-2018 20:04 INFO  - PDP Page wait is displayed - Pass
19-03-2018 20:04 INFO  - PDP Page wait is displayed - Pass
19-03-2018 20:04 INFO  - Size field is displayed - Pass
19-03-2018 20:04 INFO  - scrolled to Add To Bag - Pass
19-03-2018 20:04 INFO  - Add To Bag Clicked is clicked - Pass
19-03-2018 20:04 INFO  - Success Overlay is displayed - Pass
19-03-2018 20:04 INFO  - Success Overlay is displayed - Pass
19-03-2018 20:04 INFO  - http://m.lordandtaylor.com/ is opened - Pass
19-03-2018 20:04 INFO  - Wait to get site Loaded is displayed - Pass
19-03-2018 20:04 INFO  - http://m.lordandtaylor.com/ is opened - Pass
19-03-2018 20:04 INFO  - Click Menu is clicked - Pass
19-03-2018 20:04 INFO  - http://m.lordandtaylor.com/ is opened - Pass
19-03-2018 20:04 INFO  - Click Search is clicked - Pass
19-03-2018 20:05 INFO  - Checkout Clicked is clicked - Pass
19-03-2018 20:05 INFO  - scrolled to Scrolling - Pass
19-03-2018 20:05 INFO  - Cart Opened is displayed - Pass
19-03-2018 20:05 INFO  - Colour Field present is displayed - Pass
19-03-2018 20:05 INFO  - Product Added to Cart is displayed - Pass
19-03-2018 20:05 INFO  - scrolled to Scrolling - Pass
19-03-2018 20:05 INFO  - Wait is displayed - Pass
19-03-2018 20:05 INFO  - Size field is displayed - Pass
19-03-2018 20:05 INFO  - Colour Field present is displayed - Pass
19-03-2018 20:05 INFO  - Click PayPal is clicked - Pass
19-03-2018 20:05 INFO  - Size field is displayed - Pass
19-03-2018 20:05 INFO  - scrolled to Add To Bag - Pass
19-03-2018 20:05 INFO  - Add To Bag Clicked is clicked - Pass
19-03-2018 20:05 INFO  - scrolled to Add To Bag - Pass
19-03-2018 20:05 INFO  - Add To Bag Clicked is clicked - Pass
19-03-2018 20:05 INFO  - Click Search is clicked - Pass
19-03-2018 20:05 INFO  - Shirts is entered in Search - Pass
19-03-2018 20:05 INFO  - Shirts is entered in Search - Pass
19-03-2018 20:05 INFO  - Success Overlay is displayed - Pass
19-03-2018 20:05 INFO  - Success Overlay is displayed - Pass
19-03-2018 20:05 INFO  - Success Overlay is displayed - Pass
19-03-2018 20:05 INFO  - Success Overlay is displayed - Pass
19-03-2018 20:05 INFO  - search/PLP page is displayed - Pass
19-03-2018 20:05 INFO  - Search Count is displayed - Pass
19-03-2018 20:05 INFO  - PayPal Page Navigated is displayed - Pass
19-03-2018 20:05 INFO  - Checkout Clicked is clicked - Pass
19-03-2018 20:05 INFO  - Cart Opened is displayed - Pass
19-03-2018 20:05 INFO  - Product Added to Cart is displayed - Pass
19-03-2018 20:05 INFO  - scrolled to Scrolling - Pass
19-03-2018 20:05 INFO  - Estimated Shipping is displayed - Pass
19-03-2018 20:05 INFO  - Shipping Method is displayed - Pass
19-03-2018 20:05 INFO  - Zip Code is displayed - Pass
19-03-2018 20:05 INFO  - Item Total is displayed - Pass
19-03-2018 20:05 INFO  - Estimated Shipping is displayed - Pass
19-03-2018 20:05 INFO  - Estimated Tax is displayed - Pass
19-03-2018 20:05 INFO  - Estimated Total is displayed - Pass
19-03-2018 20:05 INFO  - PDP Page wait is displayed - Pass
19-03-2018 20:05 INFO  - Checkout Clicked is clicked - Pass
19-03-2018 20:05 INFO  - Cart Opened is displayed - Pass
19-03-2018 20:05 INFO  - Product Added to Cart is displayed - Pass
19-03-2018 20:05 INFO  - Wait is displayed - Pass
19-03-2018 20:05 INFO  - scrolled to scroll to checkout - Pass
19-03-2018 20:05 INFO  - Checkout Clicked is clicked - Pass
19-03-2018 20:05 INFO  - Click Checkout is clicked - Pass
19-03-2018 20:05 INFO  - Cart Opened is displayed - Pass
19-03-2018 20:05 INFO  - Product Added to Cart is displayed - Pass
19-03-2018 20:05 INFO  - Wait is displayed - Pass
19-03-2018 20:05 INFO  - scrolled to scroll to checkout - Pass
19-03-2018 20:05 INFO  - Click Checkout is clicked - Pass
19-03-2018 20:05 INFO  - Guest Checkout is displayed - Pass
19-03-2018 20:05 INFO  - Enetered Login is clicked - Pass
19-03-2018 20:05 INFO  - User Sign IN is displayed - Pass
19-03-2018 20:05 INFO  - Email is entered in the field - Pass
19-03-2018 20:05 INFO  - Guest Checkout is displayed - Pass
19-03-2018 20:05 INFO  - User Sign IN is displayed - Pass
19-03-2018 20:05 INFO  - Spider@123 is entered in Password - Pass
19-03-2018 20:05 INFO  - search/PLP page is displayed - Pass
19-03-2018 20:05 INFO  - Search Count is displayed - Pass
19-03-2018 20:05 INFO  - scrolled to Scrolling - Pass
19-03-2018 20:05 INFO  - Colour Field present is displayed - Pass
19-03-2018 20:05 INFO  - Size field is displayed - Pass
19-03-2018 20:05 INFO  - scrolled to Add To Bag - Pass
19-03-2018 20:05 INFO  - My Account page displayed is displayed - Pass
19-03-2018 20:05 INFO  - Add To Bag Clicked is clicked - Pass
19-03-2018 20:05 INFO  - PDP overlay is displayed - Pass
19-03-2018 20:05 INFO  - Success Overlay is displayed - Pass
19-03-2018 20:05 INFO  - Success Overlay is displayed - Pass
19-03-2018 20:05 INFO  - PDP Page wait is displayed - Pass
19-03-2018 20:05 INFO  - scrolled to Scrolling - Pass
19-03-2018 20:05 INFO  - Colour Field present is displayed - Pass
19-03-2018 20:05 INFO  - Size field is displayed - Pass
19-03-2018 20:05 INFO  - scrolled to Add To Bag - Pass
19-03-2018 20:05 INFO  - Add To Bag Clicked is clicked - Pass
19-03-2018 20:05 INFO  - Click Cart is clicked - Pass
19-03-2018 20:05 INFO  - Cart Opened is displayed - Pass
19-03-2018 20:05 INFO  - Product Added to Cart is displayed - Pass
19-03-2018 20:05 INFO  - scrolled to BackToUSShipping - Pass
19-03-2018 20:05 INFO  - Success Overlay is displayed - Pass
19-03-2018 20:05 INFO  - Success Overlay is displayed - Pass
19-03-2018 20:05 INFO  - Checkout Clicked is clicked - Pass
19-03-2018 20:05 INFO  - IS Cart page products is displayed is displayed - Pass
19-03-2018 20:05 INFO  - Is Cart page Displayed is displayed - Pass
19-03-2018 20:05 INFO  - Wait is displayed - Pass
19-03-2018 20:05 INFO  - scrolled to scroll to checkout - Pass
19-03-2018 20:05 INFO  - Click Checkout is clicked - Pass
19-03-2018 20:05 INFO  - Guest Checkout is displayed - Pass
19-03-2018 20:05 INFO  - scrolled to Guest Checkout - Pass
19-03-2018 20:05 INFO  - Guest Checkout is clicked - Pass
19-03-2018 20:05 INFO  - http://m.lordandtaylor.com/ is opened - Pass
19-03-2018 20:05 INFO  - Click Search is clicked - Pass
19-03-2018 20:05 INFO  - denims is entered in Search - Pass
19-03-2018 20:05 INFO  - BackToUSShipping is clicked - Pass
19-03-2018 20:05 INFO  - Wait is displayed - Pass
19-03-2018 20:05 INFO  - scrolled to scroll to checkout - Pass
19-03-2018 20:05 INFO  - Checkout Clicked is clicked - Pass
19-03-2018 20:05 INFO  - Cart Opened is displayed - Pass
19-03-2018 20:05 INFO  - Product Added to Cart is displayed - Pass
19-03-2018 20:05 INFO  - Wait is displayed - Pass
19-03-2018 20:05 INFO  - scrolled to scroll to checkout - Pass
19-03-2018 20:05 INFO  - Click Checkout is clicked - Pass
19-03-2018 20:05 INFO  - Guest Checkout is displayed - Pass
19-03-2018 20:05 INFO  - scrolled to Guest Checkout - Pass
19-03-2018 20:05 INFO  - Guest Checkout is clicked - Pass
19-03-2018 20:06 INFO  - http://m.lordandtaylor.com/ is opened - Pass
19-03-2018 20:06 INFO  - http://m.lordandtaylor.com/ is opened - Pass
19-03-2018 20:06 INFO  - http://m.lordandtaylor.com/ is opened - Pass
19-03-2018 20:06 INFO  - Click Search is clicked - Pass
19-03-2018 20:06 INFO  - Click Search is clicked - Pass
19-03-2018 20:06 INFO  - Guest Checkout is displayed - Pass
19-03-2018 20:06 INFO  - Click Search is clicked - Pass
19-03-2018 20:06 INFO  - search/PLP page is displayed - Pass
19-03-2018 20:06 INFO  - Guest checkout shipping screen is displayed on tapping guest chekout button is displayed - Pass
19-03-2018 20:06 INFO  - shoes is entered in Search - Pass
19-03-2018 20:06 INFO  - Search Count is displayed - Pass
19-03-2018 20:06 INFO  - Click Checkout is clicked - Pass
19-03-2018 20:06 INFO  - pants is entered in Search - Pass
19-03-2018 20:06 INFO  - dress is entered in Search - Pass
19-03-2018 20:06 INFO  - Review Order Page is displayed - Pass
19-03-2018 20:06 INFO  - Billing Addrs field in Review Order Page is displayed - Pass
19-03-2018 20:06 INFO  - Payment field in Review Order Page is displayed - Pass
19-03-2018 20:06 INFO  - scrolled to Scrolling - Pass
19-03-2018 20:06 INFO  - Shipping Addrs field in Review Order Page is displayed - Pass
19-03-2018 20:06 INFO  - Order Summary field in Review Order Page is displayed - Pass
19-03-2018 20:06 INFO  - Place Order is displayed - Pass
19-03-2018 20:06 INFO  - Guest Checkout is displayed - Pass
19-03-2018 20:06 INFO  - PDP Page wait is displayed - Pass
19-03-2018 20:06 INFO  - scrolled to Scrolling - Pass
19-03-2018 20:06 INFO  - search/PLP page is displayed - Pass
19-03-2018 20:06 INFO  - Colour Field present is displayed - Pass
19-03-2018 20:06 INFO  - Search Count is displayed - Pass
19-03-2018 20:06 INFO  - Size field is displayed - Pass
19-03-2018 20:06 INFO  - scrolled to Add To Bag - Pass
19-03-2018 20:06 INFO  - Add To Bag Clicked is clicked - Pass
19-03-2018 20:06 INFO  - search/PLP page is displayed - Pass
19-03-2018 20:06 INFO  - Search Count is displayed - Pass
19-03-2018 20:06 INFO  - search/PLP page is displayed - Pass
19-03-2018 20:06 INFO  - Search Count is displayed - Pass
19-03-2018 20:06 INFO  - PDP overlay is displayed - Pass
19-03-2018 20:06 INFO  - Success Overlay is displayed - Pass
19-03-2018 20:06 INFO  - Success Overlay is displayed - Pass
19-03-2018 20:06 INFO  - PDP Page wait is displayed - Pass
19-03-2018 20:06 INFO  - scrolled to Scrolling - Pass
19-03-2018 20:06 INFO  - Colour Field present is displayed - Pass
19-03-2018 20:06 INFO  - Size field is displayed - Pass
19-03-2018 20:06 INFO  - scrolled to Add To Bag - Pass
19-03-2018 20:06 INFO  - Add To Bag Clicked is clicked - Pass
19-03-2018 20:06 INFO  - PDP Page wait is displayed - Pass
19-03-2018 20:06 INFO  - PDP Page wait is displayed - Pass
19-03-2018 20:06 INFO  - http://m.lordandtaylor.com/ is opened - Pass
19-03-2018 20:06 INFO  - Click Search is clicked - Pass
19-03-2018 20:06 INFO  - shirts is entered in Search - Pass
19-03-2018 20:06 INFO  - scrolled to Scrolling - Pass
19-03-2018 20:06 INFO  - Colour Field present is displayed - Pass
19-03-2018 20:06 INFO  - Size field is displayed - Pass
19-03-2018 20:06 INFO  - scrolled to Add To Bag - Pass
19-03-2018 20:06 INFO  - scrolled to Scrolling - Pass
19-03-2018 20:06 INFO  - Add To Bag Clicked is clicked - Pass
19-03-2018 20:06 INFO  - Colour Field present is displayed - Pass
19-03-2018 20:06 INFO  - PDP overlay is displayed - Pass
19-03-2018 20:06 INFO  - Success Overlay is displayed - Pass
19-03-2018 20:06 INFO  - Size field is displayed - Pass
19-03-2018 20:06 INFO  - Success Overlay is displayed - Pass
19-03-2018 20:06 INFO  - scrolled to Add To Bag - Pass
19-03-2018 20:06 INFO  - Add To Bag Clicked is clicked - Pass
19-03-2018 20:06 INFO  - Checkout Clicked is clicked - Pass
19-03-2018 20:06 INFO  - IS Cart page products is displayed is displayed - Pass
19-03-2018 20:06 INFO  - Is Cart page Displayed is displayed - Pass
19-03-2018 20:06 INFO  - Wait is displayed - Pass
19-03-2018 20:06 INFO  - scrolled to scroll to checkout - Pass
19-03-2018 20:06 INFO  - Click Checkout is clicked - Pass
19-03-2018 20:06 INFO  - PDP overlay is displayed - Pass
19-03-2018 20:06 INFO  - Guest Checkout is displayed - Pass
19-03-2018 20:06 INFO  - scrolled to Guest Checkout - Pass
19-03-2018 20:06 INFO  - Guest Checkout is clicked - Pass
19-03-2018 20:06 INFO  - PDP overlay is displayed - Pass
19-03-2018 20:06 INFO  - Success Overlay is displayed - Pass
19-03-2018 20:06 INFO  - Success Overlay is displayed - Pass
19-03-2018 20:06 INFO  - Success Overlay is displayed - Pass
19-03-2018 20:06 INFO  - Success Overlay is displayed - Pass
19-03-2018 20:06 INFO  - search/PLP page is displayed - Pass
19-03-2018 20:06 INFO  - Search Count is displayed - Pass
19-03-2018 20:06 INFO  - Checkout Clicked is clicked - Pass
19-03-2018 20:06 INFO  - IS Cart page products is displayed is displayed - Pass
19-03-2018 20:06 INFO  - Is Cart page Displayed is displayed - Pass
19-03-2018 20:06 INFO  - Wait is displayed - Pass
19-03-2018 20:06 INFO  - Guest Checkout is displayed - Pass
19-03-2018 20:06 INFO  - scrolled to scroll to checkout - Pass
19-03-2018 20:06 INFO  - Guest checkout shipping screen is displayed on tapping guest chekout button is displayed - Pass
19-03-2018 20:06 INFO  - Click Checkout is clicked - Pass
19-03-2018 20:06 INFO  - FirstName is entered in the field - Pass
19-03-2018 20:06 INFO  - Checkout Clicked is clicked - Pass
19-03-2018 20:06 INFO  - Guest Checkout is displayed - Pass
19-03-2018 20:06 INFO  - scrolled to Guest Checkout - Pass
19-03-2018 20:06 INFO  - SecondName is entered in the field - Pass
19-03-2018 20:06 INFO  - IS Cart page products is displayed is displayed - Pass
19-03-2018 20:06 INFO  - PDP Page wait is displayed - Pass
19-03-2018 20:06 INFO  - Is Cart page Displayed is displayed - Pass
19-03-2018 20:06 INFO  - scrolled to Scrolling - Pass
19-03-2018 20:06 INFO  - Wait is displayed - Pass
19-03-2018 20:06 INFO  - Address 1 is entered in the field - Pass
19-03-2018 20:06 INFO  - scrolled to scroll to checkout - Pass
19-03-2018 20:06 INFO  - Colour Field present is displayed - Pass
19-03-2018 20:06 INFO  - Click Checkout is clicked - Pass
19-03-2018 20:06 INFO  - Address 2 is entered in the field - Pass
19-03-2018 20:06 INFO  - Size field is displayed - Pass
19-03-2018 20:06 INFO  - City is entered in the field - Pass
19-03-2018 20:06 INFO  - scrolled to Add To Bag - Pass
19-03-2018 20:06 INFO  - Add To Bag Clicked is clicked - Pass
19-03-2018 20:06 INFO  - Guest Checkout is displayed - Pass
19-03-2018 20:06 INFO  - scrolled to Scrolling - Pass
19-03-2018 20:06 INFO  - scrolled to Guest Checkout - Pass
19-03-2018 20:06 INFO  - Guest Checkout is clicked - Pass
19-03-2018 20:06 INFO  - Postal Code is entered in the field - Pass
19-03-2018 20:06 INFO  - Checkout Clicked is clicked - Pass
19-03-2018 20:06 INFO  - Untick default billing option is clicked - Pass
19-03-2018 20:06 INFO  - IS Cart page products is displayed is displayed - Pass
19-03-2018 20:06 INFO  - Is Cart page Displayed is displayed - Pass
19-03-2018 20:06 INFO  - PhoneNumber is entered in the field - Pass
19-03-2018 20:06 INFO  - Wait is displayed - Pass
19-03-2018 20:06 INFO  - scrolled to scroll to checkout - Pass
19-03-2018 20:06 INFO  - Click Checkout is clicked - Pass
19-03-2018 20:06 INFO  - Guest Checkout is clicked - Pass
19-03-2018 20:06 INFO  - Mail Address is entered in the field - Pass
19-03-2018 20:06 INFO  - Is Continue Checkout Button displayed is displayed - Pass
19-03-2018 20:06 INFO  - scrolled to Scroll to Continue Checkout Button - Pass
19-03-2018 20:06 INFO  - Guest Checkout is displayed - Pass
19-03-2018 20:06 INFO  - scrolled to Guest Checkout - Pass
19-03-2018 20:06 INFO  - Guest Checkout is clicked - Pass
19-03-2018 20:06 INFO  - Click Continue checkout button is clicked - Pass
19-03-2018 20:06 INFO  - Address Verification is displayed - Pass
19-03-2018 20:06 INFO  - scrolled to Clicked use as entered in address verification overlay - Pass
19-03-2018 20:06 INFO  - PDP overlay is displayed - Pass
19-03-2018 20:06 INFO  - Success Overlay is displayed - Pass
19-03-2018 20:06 INFO  - Success Overlay is displayed - Pass
19-03-2018 20:07 INFO  - Guest Checkout is displayed - Pass
19-03-2018 20:07 INFO  - Guest checkout shipping screen is displayed on tapping guest chekout button is displayed - Pass
19-03-2018 20:07 INFO  - FirstName is entered in the field - Pass
19-03-2018 20:07 INFO  - Guest Checkout is displayed - Pass
19-03-2018 20:07 INFO  - SecondName is entered in the field - Pass
19-03-2018 20:07 INFO  - Guest checkout shipping screen is displayed on tapping guest chekout button is displayed - Pass
19-03-2018 20:07 INFO  - Guest Checkout is displayed - Pass
19-03-2018 20:07 INFO  - Guest checkout shipping screen is displayed on tapping guest chekout button is displayed - Pass
19-03-2018 20:07 INFO  - FirstName is entered in the field - Pass
19-03-2018 20:07 ERROR - TimeoutException
org.openqa.selenium.TimeoutException: Expected condition failed: waiting for visibility of element located by By.id: pdpAddtoBagBtn (tried for 10 second(s) with 500 MILLISECONDS interval)
	at org.openqa.selenium.support.ui.WebDriverWait.timeoutException(WebDriverWait.java:82)
	at org.openqa.selenium.support.ui.FluentWait.until(FluentWait.java:231)
	at com.skava.framework.action.SeleniumActionEngine.explicitWaitforVisibility(SeleniumActionEngine.java:183)
	at com.skava.framework.action.SeleniumActionEngine.isElementDisplayed(SeleniumActionEngine.java:201)
	at com.skava.reusable.components.CheckoutComponents.addressVerification(CheckoutComponents.java:115)
	at com.skava.testcases.LT_1081_GuestCheckout_AddShipping.LT_1081_GuestCheckout_Add_Shipping(LT_1081_GuestCheckout_AddShipping.java:39)
	at sun.reflect.NativeMethodAccessorImpl.invoke0(Native Method)
	at sun.reflect.NativeMethodAccessorImpl.invoke(Unknown Source)
	at sun.reflect.DelegatingMethodAccessorImpl.invoke(Unknown Source)
	at java.lang.reflect.Method.invoke(Unknown Source)
	at org.testng.internal.MethodInvocationHelper.invokeMethod(MethodInvocationHelper.java:108)
	at org.testng.internal.Invoker.invokeMethod(Invoker.java:669)
	at org.testng.internal.Invoker.invokeTestMethod(Invoker.java:877)
	at org.testng.internal.Invoker.invokeTestMethods(Invoker.java:1201)
	at org.testng.internal.TestMethodWorker.invokeTestMethods(TestMethodWorker.java:125)
	at org.testng.internal.TestMethodWorker.run(TestMethodWorker.java:109)
	at java.util.concurrent.ThreadPoolExecutor.runWorker(Unknown Source)
	at java.util.concurrent.ThreadPoolExecutor$Worker.run(Unknown Source)
	at java.lang.Thread.run(Unknown Source)
Caused by: org.openqa.selenium.NoSuchElementException: Cannot locate an element using By.id: pdpAddtoBagBtn
For documentation on this error, please visit: http://seleniumhq.org/exceptions/no_such_element.html
Build info: version: '3.2.0', revision: '8c03df6b79', time: '2017-02-23 10:51:31 +0000'
System info: host: 'DESKTOP-AQOISD1', ip: '192.168.234.84', os.name: 'Windows 10', os.arch: 'amd64', os.version: '10.0', java.version: '1.8.0_112'
Driver info: driver.version: unknown
	at org.openqa.selenium.support.ui.ExpectedConditions.lambda$findElement$0(ExpectedConditions.java:882)
	at java.util.Optional.orElseThrow(Unknown Source)
	at org.openqa.selenium.support.ui.ExpectedConditions.findElement(ExpectedConditions.java:881)
	at org.openqa.selenium.support.ui.ExpectedConditions.access$000(ExpectedConditions.java:43)
	at org.openqa.selenium.support.ui.ExpectedConditions$7.apply(ExpectedConditions.java:205)
	at org.openqa.selenium.support.ui.ExpectedConditions$7.apply(ExpectedConditions.java:201)
	at org.openqa.selenium.support.ui.FluentWait.until(FluentWait.java:208)
	... 17 more
19-03-2018 20:07 ERROR - wait is not present - failed
19-03-2018 20:07 INFO  - Address 1 is entered in the field - Pass
19-03-2018 20:07 INFO  - FirstName is entered in the field - Pass
19-03-2018 20:07 INFO  - SecondName is entered in the field - Pass
19-03-2018 20:07 INFO  - Address 2 is entered in the field - Pass
19-03-2018 20:07 INFO  - Clicked OK is displayed - Pass
19-03-2018 20:07 INFO  - SecondName is entered in the field - Pass
19-03-2018 20:07 INFO  - Clicked OK is clicked - Pass
19-03-2018 20:07 INFO  - City is entered in the field - Pass
19-03-2018 20:07 INFO  - Address 1 is entered in the field - Pass
19-03-2018 20:07 INFO  - Address 1 is entered in the field - Pass
19-03-2018 20:07 INFO  - scrolled to Scrolling - Pass
19-03-2018 20:07 INFO  - Address 2 is entered in the field - Pass
19-03-2018 20:07 INFO  - Address 2 is entered in the field - Pass
19-03-2018 20:07 INFO  - Postal Code is entered in the field - Pass
19-03-2018 20:07 INFO  - City is entered in the field - Pass
19-03-2018 20:07 INFO  - City is entered in the field - Pass
19-03-2018 20:07 INFO  - PhoneNumber is entered in the field - Pass
19-03-2018 20:07 INFO  - scrolled to Scrolling - Pass
19-03-2018 20:07 INFO  - scrolled to Scrolling - Pass
19-03-2018 20:07 INFO  - Postal Code is entered in the field - Pass
19-03-2018 20:07 INFO  - Postal Code is entered in the field - Pass
19-03-2018 20:07 INFO  - Mail Address is entered in the field - Pass
19-03-2018 20:07 INFO  - PhoneNumber is entered in the field - Pass
19-03-2018 20:07 INFO  - Is Continue Checkout Button displayed is displayed - Pass
19-03-2018 20:07 INFO  - PhoneNumber is entered in the field - Pass
19-03-2018 20:07 INFO  - scrolled to Scroll to Continue Checkout Button - Pass
19-03-2018 20:07 INFO  - Click Continue checkout button is clicked - Pass
19-03-2018 20:07 INFO  - Mail Address is entered in the field - Pass
19-03-2018 20:07 INFO  - Is Continue Checkout Button displayed is displayed - Pass
19-03-2018 20:07 INFO  - scrolled to Scroll to Continue Checkout Button - Pass
19-03-2018 20:07 INFO  - Click Continue checkout button is clicked - Pass
19-03-2018 20:07 INFO  - Mail Address is entered in the field - Pass
19-03-2018 20:07 INFO  - Is Continue Checkout Button displayed is displayed - Pass
19-03-2018 20:07 INFO  - scrolled to Scroll to Continue Checkout Button - Pass
19-03-2018 20:07 INFO  - Click Continue checkout button is clicked - Pass
19-03-2018 20:07 INFO  - Address Verification is displayed - Pass
19-03-2018 20:07 INFO  - scrolled to Clicked use as entered in address verification overlay - Pass
19-03-2018 20:07 INFO  - Address Verification is displayed - Pass
19-03-2018 20:07 INFO  - scrolled to Clicked use as entered in address verification overlay - Pass
19-03-2018 20:07 INFO  - Address Verification is displayed - Pass
19-03-2018 20:07 INFO  - scrolled to Clicked use as entered in address verification overlay - Pass
19-03-2018 20:07 INFO  - Checkout Clicked is clicked - Pass
19-03-2018 20:07 INFO  - IS Cart page products is displayed is displayed - Pass
19-03-2018 20:07 INFO  - Is Cart page Displayed is displayed - Pass
19-03-2018 20:07 INFO  - Wait is displayed - Pass
19-03-2018 20:07 INFO  - scrolled to scroll to checkout - Pass
19-03-2018 20:07 INFO  - Click Checkout is clicked - Pass
19-03-2018 20:07 INFO  - Guest Checkout is displayed - Pass
19-03-2018 20:07 INFO  - scrolled to Guest Checkout - Pass
19-03-2018 20:07 INFO  - Guest Checkout is clicked - Pass
19-03-2018 20:07 ERROR - TimeoutException
org.openqa.selenium.TimeoutException: Expected condition failed: waiting for visibility of element located by By.id: pdpAddtoBagBtn (tried for 10 second(s) with 500 MILLISECONDS interval)
	at org.openqa.selenium.support.ui.WebDriverWait.timeoutException(WebDriverWait.java:82)
	at org.openqa.selenium.support.ui.FluentWait.until(FluentWait.java:231)
	at com.skava.framework.action.SeleniumActionEngine.explicitWaitforVisibility(SeleniumActionEngine.java:183)
	at com.skava.framework.action.SeleniumActionEngine.isElementDisplayed(SeleniumActionEngine.java:201)
	at com.skava.reusable.components.CheckoutComponents.addressVerification(CheckoutComponents.java:115)
	at com.skava.testcases.LT_1083_Payment_Page_Guest_Validation.LT_1083_Payment_Page_Guest_Validation(LT_1083_Payment_Page_Guest_Validation.java:41)
	at sun.reflect.NativeMethodAccessorImpl.invoke0(Native Method)
	at sun.reflect.NativeMethodAccessorImpl.invoke(Unknown Source)
	at sun.reflect.DelegatingMethodAccessorImpl.invoke(Unknown Source)
	at java.lang.reflect.Method.invoke(Unknown Source)
	at org.testng.internal.MethodInvocationHelper.invokeMethod(MethodInvocationHelper.java:108)
	at org.testng.internal.Invoker.invokeMethod(Invoker.java:669)
	at org.testng.internal.Invoker.invokeTestMethod(Invoker.java:877)
	at org.testng.internal.Invoker.invokeTestMethods(Invoker.java:1201)
	at org.testng.internal.TestMethodWorker.invokeTestMethods(TestMethodWorker.java:125)
	at org.testng.internal.TestMethodWorker.run(TestMethodWorker.java:109)
	at java.util.concurrent.ThreadPoolExecutor.runWorker(Unknown Source)
	at java.util.concurrent.ThreadPoolExecutor$Worker.run(Unknown Source)
	at java.lang.Thread.run(Unknown Source)
Caused by: org.openqa.selenium.NoSuchElementException: Cannot locate an element using By.id: pdpAddtoBagBtn
For documentation on this error, please visit: http://seleniumhq.org/exceptions/no_such_element.html
Build info: version: '3.2.0', revision: '8c03df6b79', time: '2017-02-23 10:51:31 +0000'
System info: host: 'DESKTOP-AQOISD1', ip: '192.168.234.84', os.name: 'Windows 10', os.arch: 'amd64', os.version: '10.0', java.version: '1.8.0_112'
Driver info: driver.version: unknown
	at org.openqa.selenium.support.ui.ExpectedConditions.lambda$findElement$0(ExpectedConditions.java:882)
	at java.util.Optional.orElseThrow(Unknown Source)
	at org.openqa.selenium.support.ui.ExpectedConditions.findElement(ExpectedConditions.java:881)
	at org.openqa.selenium.support.ui.ExpectedConditions.access$000(ExpectedConditions.java:43)
	at org.openqa.selenium.support.ui.ExpectedConditions$7.apply(ExpectedConditions.java:205)
	at org.openqa.selenium.support.ui.ExpectedConditions$7.apply(ExpectedConditions.java:201)
	at org.openqa.selenium.support.ui.FluentWait.until(FluentWait.java:208)
	... 17 more
19-03-2018 20:07 ERROR - wait is not present - failed
19-03-2018 20:07 INFO  - Clicked OK is displayed - Pass
19-03-2018 20:07 INFO  - Clicked OK is clicked - Pass
19-03-2018 20:07 ERROR - TimeoutException
org.openqa.selenium.TimeoutException: Expected condition failed: waiting for visibility of element located by By.id: pdpAddtoBagBtn (tried for 10 second(s) with 500 MILLISECONDS interval)
	at org.openqa.selenium.support.ui.WebDriverWait.timeoutException(WebDriverWait.java:82)
	at org.openqa.selenium.support.ui.FluentWait.until(FluentWait.java:231)
	at com.skava.framework.action.SeleniumActionEngine.explicitWaitforVisibility(SeleniumActionEngine.java:183)
	at com.skava.framework.action.SeleniumActionEngine.isElementDisplayed(SeleniumActionEngine.java:201)
	at com.skava.reusable.components.CheckoutComponents.addressVerification(CheckoutComponents.java:115)
	at com.skava.testcases.LT_1235_GuestCheckout_Payment_FiledCheck.LT_1235_GuestCheckout_Payment_FiledCheck(LT_1235_GuestCheckout_Payment_FiledCheck.java:40)
	at sun.reflect.NativeMethodAccessorImpl.invoke0(Native Method)
	at sun.reflect.NativeMethodAccessorImpl.invoke(Unknown Source)
	at sun.reflect.DelegatingMethodAccessorImpl.invoke(Unknown Source)
	at java.lang.reflect.Method.invoke(Unknown Source)
	at org.testng.internal.MethodInvocationHelper.invokeMethod(MethodInvocationHelper.java:108)
	at org.testng.internal.Invoker.invokeMethod(Invoker.java:669)
	at org.testng.internal.Invoker.invokeTestMethod(Invoker.java:877)
	at org.testng.internal.Invoker.invokeTestMethods(Invoker.java:1201)
	at org.testng.internal.TestMethodWorker.invokeTestMethods(TestMethodWorker.java:125)
	at org.testng.internal.TestMethodWorker.run(TestMethodWorker.java:109)
	at java.util.concurrent.ThreadPoolExecutor.runWorker(Unknown Source)
	at java.util.concurrent.ThreadPoolExecutor$Worker.run(Unknown Source)
	at java.lang.Thread.run(Unknown Source)
Caused by: org.openqa.selenium.NoSuchElementException: Cannot locate an element using By.id: pdpAddtoBagBtn
For documentation on this error, please visit: http://seleniumhq.org/exceptions/no_such_element.html
Build info: version: '3.2.0', revision: '8c03df6b79', time: '2017-02-23 10:51:31 +0000'
System info: host: 'DESKTOP-AQOISD1', ip: '192.168.234.84', os.name: 'Windows 10', os.arch: 'amd64', os.version: '10.0', java.version: '1.8.0_112'
Driver info: driver.version: unknown
	at org.openqa.selenium.support.ui.ExpectedConditions.lambda$findElement$0(ExpectedConditions.java:882)
	at java.util.Optional.orElseThrow(Unknown Source)
	at org.openqa.selenium.support.ui.ExpectedConditions.findElement(ExpectedConditions.java:881)
	at org.openqa.selenium.support.ui.ExpectedConditions.access$000(ExpectedConditions.java:43)
	at org.openqa.selenium.support.ui.ExpectedConditions$7.apply(ExpectedConditions.java:205)
	at org.openqa.selenium.support.ui.ExpectedConditions$7.apply(ExpectedConditions.java:201)
	at org.openqa.selenium.support.ui.FluentWait.until(FluentWait.java:208)
	... 17 more
19-03-2018 20:07 ERROR - wait is not present - failed
19-03-2018 20:07 INFO  - Clicked OK is displayed - Pass
19-03-2018 20:07 INFO  - Clicked OK is clicked - Pass
19-03-2018 20:07 ERROR - TimeoutException
org.openqa.selenium.TimeoutException: Expected condition failed: waiting for visibility of element located by By.id: pdpAddtoBagBtn (tried for 10 second(s) with 500 MILLISECONDS interval)
	at org.openqa.selenium.support.ui.WebDriverWait.timeoutException(WebDriverWait.java:82)
	at org.openqa.selenium.support.ui.FluentWait.until(FluentWait.java:231)
	at com.skava.framework.action.SeleniumActionEngine.explicitWaitforVisibility(SeleniumActionEngine.java:183)
	at com.skava.framework.action.SeleniumActionEngine.isElementDisplayed(SeleniumActionEngine.java:201)
	at com.skava.reusable.components.CheckoutComponents.addressVerification(CheckoutComponents.java:115)
	at com.skava.testcases.LT_1176_Review_Order_PlaceOrder_Button_Validation.LT_1176_Review_Order_PlaceOrder_Button_Validation(LT_1176_Review_Order_PlaceOrder_Button_Validation.java:40)
	at sun.reflect.NativeMethodAccessorImpl.invoke0(Native Method)
	at sun.reflect.NativeMethodAccessorImpl.invoke(Unknown Source)
	at sun.reflect.DelegatingMethodAccessorImpl.invoke(Unknown Source)
	at java.lang.reflect.Method.invoke(Unknown Source)
	at org.testng.internal.MethodInvocationHelper.invokeMethod(MethodInvocationHelper.java:108)
	at org.testng.internal.Invoker.invokeMethod(Invoker.java:669)
	at org.testng.internal.Invoker.invokeTestMethod(Invoker.java:877)
	at org.testng.internal.Invoker.invokeTestMethods(Invoker.java:1201)
	at org.testng.internal.TestMethodWorker.invokeTestMethods(TestMethodWorker.java:125)
	at org.testng.internal.TestMethodWorker.run(TestMethodWorker.java:109)
	at java.util.concurrent.ThreadPoolExecutor.runWorker(Unknown Source)
	at java.util.concurrent.ThreadPoolExecutor$Worker.run(Unknown Source)
	at java.lang.Thread.run(Unknown Source)
Caused by: org.openqa.selenium.NoSuchElementException: Cannot locate an element using By.id: pdpAddtoBagBtn
For documentation on this error, please visit: http://seleniumhq.org/exceptions/no_such_element.html
Build info: version: '3.2.0', revision: '8c03df6b79', time: '2017-02-23 10:51:31 +0000'
System info: host: 'DESKTOP-AQOISD1', ip: '192.168.234.84', os.name: 'Windows 10', os.arch: 'amd64', os.version: '10.0', java.version: '1.8.0_112'
Driver info: driver.version: unknown
	at org.openqa.selenium.support.ui.ExpectedConditions.lambda$findElement$0(ExpectedConditions.java:882)
	at java.util.Optional.orElseThrow(Unknown Source)
	at org.openqa.selenium.support.ui.ExpectedConditions.findElement(ExpectedConditions.java:881)
	at org.openqa.selenium.support.ui.ExpectedConditions.access$000(ExpectedConditions.java:43)
	at org.openqa.selenium.support.ui.ExpectedConditions$7.apply(ExpectedConditions.java:205)
	at org.openqa.selenium.support.ui.ExpectedConditions$7.apply(ExpectedConditions.java:201)
	at org.openqa.selenium.support.ui.FluentWait.until(FluentWait.java:208)
	... 17 more
19-03-2018 20:07 ERROR - wait is not present - failed
19-03-2018 20:07 INFO  - Clicked OK is displayed - Pass
19-03-2018 20:07 INFO  - Clicked OK is clicked - Pass
19-03-2018 20:07 INFO  - Place Order Page is displayed - Pass
19-03-2018 20:07 INFO  - Place Order Page is displayed - Pass
19-03-2018 20:07 INFO  - Payment section is displayed - Pass
19-03-2018 20:07 INFO  - Place Order Page is displayed - Pass
19-03-2018 20:07 INFO  - Payment section is displayed - Pass
19-03-2018 20:07 INFO  - Payment Details is displayed - Pass
19-03-2018 20:07 INFO  - scrolled to scroll to gift section - Pass
19-03-2018 20:07 INFO  - Payment gift card section is displayed - Pass
19-03-2018 20:07 INFO  - scrolled to scroll to promo code section - Pass
19-03-2018 20:07 INFO  - Payment promo code section is displayed - Pass
19-03-2018 20:07 INFO  - scrolled to scroll to create account section - Pass
19-03-2018 20:07 INFO  - Payment create account section is displayed - Pass
19-03-2018 20:07 INFO  - Guest Checkout is displayed - Pass
19-03-2018 20:07 INFO  - Guest checkout shipping screen is displayed on tapping guest chekout button is displayed - Pass
19-03-2018 20:07 INFO  - FirstName is entered in the field - Pass
19-03-2018 20:07 INFO  - SecondName is entered in the field - Pass
19-03-2018 20:07 INFO  - Address 1 is entered in the field - Pass
19-03-2018 20:07 INFO  - Address 2 is entered in the field - Pass
19-03-2018 20:07 INFO  - Enter Credit card  Number is entered in the field - Pass
19-03-2018 20:07 INFO  - City is entered in the field - Pass
19-03-2018 20:07 INFO  - Enter Credit card name is entered in the field - Pass
19-03-2018 20:07 INFO  - scrolled to Scrolling - Pass
19-03-2018 20:07 INFO  - Postal Code is entered in the field - Pass
19-03-2018 20:07 INFO  - Enter CVV Num is entered in the field - Pass
19-03-2018 20:07 INFO  - Is Continue Checkout Button displayed is displayed - Pass
19-03-2018 20:07 INFO  - scrolled to Scroll to Continue Checkout Button - Pass
19-03-2018 20:07 INFO  - PhoneNumber is entered in the field - Pass
19-03-2018 20:07 INFO  - Click Continue checkout button is clicked - Pass
19-03-2018 20:07 INFO  - Mail Address is entered in the field - Pass
19-03-2018 20:07 INFO  - Is Continue Checkout Button displayed is displayed - Pass
19-03-2018 20:07 INFO  - scrolled to Scroll to Continue Checkout Button - Pass
19-03-2018 20:07 INFO  - Click Continue checkout button is clicked - Pass
19-03-2018 20:07 INFO  - Address Verification is displayed - Pass
19-03-2018 20:07 INFO  - scrolled to Clicked use as entered in address verification overlay - Pass
19-03-2018 20:07 INFO  - Review Order Page is displayed - Pass
19-03-2018 20:07 INFO  - Billing Addrs field in Review Order Page is displayed - Pass
19-03-2018 20:07 INFO  - Payment field in Review Order Page is displayed - Pass
19-03-2018 20:07 INFO  - scrolled to Scrolling - Pass
19-03-2018 20:07 INFO  - Shipping Addrs field in Review Order Page is displayed - Pass
19-03-2018 20:07 INFO  - Order Summary field in Review Order Page is displayed - Pass
19-03-2018 20:07 INFO  - Place Order is displayed - Pass
19-03-2018 20:07 ERROR - TimeoutException
org.openqa.selenium.TimeoutException: Expected condition failed: waiting for visibility of element located by By.id: pdpAddtoBagBtn (tried for 10 second(s) with 500 MILLISECONDS interval)
	at org.openqa.selenium.support.ui.WebDriverWait.timeoutException(WebDriverWait.java:82)
	at org.openqa.selenium.support.ui.FluentWait.until(FluentWait.java:231)
	at com.skava.framework.action.SeleniumActionEngine.explicitWaitforVisibility(SeleniumActionEngine.java:183)
	at com.skava.framework.action.SeleniumActionEngine.isElementDisplayed(SeleniumActionEngine.java:201)
	at com.skava.reusable.components.CheckoutComponents.addressVerification(CheckoutComponents.java:115)
	at com.skava.testcases.LT_1236_GuestCheckout_Payment_FieldCheck.LT_1236_GuestCheckout_Payment_FieldCheck(LT_1236_GuestCheckout_Payment_FieldCheck.java:40)
	at sun.reflect.NativeMethodAccessorImpl.invoke0(Native Method)
	at sun.reflect.NativeMethodAccessorImpl.invoke(Unknown Source)
	at sun.reflect.DelegatingMethodAccessorImpl.invoke(Unknown Source)
	at java.lang.reflect.Method.invoke(Unknown Source)
	at org.testng.internal.MethodInvocationHelper.invokeMethod(MethodInvocationHelper.java:108)
	at org.testng.internal.Invoker.invokeMethod(Invoker.java:669)
	at org.testng.internal.Invoker.invokeTestMethod(Invoker.java:877)
	at org.testng.internal.Invoker.invokeTestMethods(Invoker.java:1201)
	at org.testng.internal.TestMethodWorker.invokeTestMethods(TestMethodWorker.java:125)
	at org.testng.internal.TestMethodWorker.run(TestMethodWorker.java:109)
	at java.util.concurrent.ThreadPoolExecutor.runWorker(Unknown Source)
	at java.util.concurrent.ThreadPoolExecutor$Worker.run(Unknown Source)
	at java.lang.Thread.run(Unknown Source)
Caused by: org.openqa.selenium.NoSuchElementException: Cannot locate an element using By.id: pdpAddtoBagBtn
For documentation on this error, please visit: http://seleniumhq.org/exceptions/no_such_element.html
Build info: version: '3.2.0', revision: '8c03df6b79', time: '2017-02-23 10:51:31 +0000'
System info: host: 'DESKTOP-AQOISD1', ip: '192.168.234.84', os.name: 'Windows 10', os.arch: 'amd64', os.version: '10.0', java.version: '1.8.0_112'
Driver info: driver.version: unknown
	at org.openqa.selenium.support.ui.ExpectedConditions.lambda$findElement$0(ExpectedConditions.java:882)
	at java.util.Optional.orElseThrow(Unknown Source)
	at org.openqa.selenium.support.ui.ExpectedConditions.findElement(ExpectedConditions.java:881)
	at org.openqa.selenium.support.ui.ExpectedConditions.access$000(ExpectedConditions.java:43)
	at org.openqa.selenium.support.ui.ExpectedConditions$7.apply(ExpectedConditions.java:205)
	at org.openqa.selenium.support.ui.ExpectedConditions$7.apply(ExpectedConditions.java:201)
	at org.openqa.selenium.support.ui.FluentWait.until(FluentWait.java:208)
	... 17 more
19-03-2018 20:07 ERROR - wait is not present - failed
19-03-2018 20:07 INFO  - Clicked OK is displayed - Pass
19-03-2018 20:07 INFO  - Clicked OK is clicked - Pass
19-03-2018 20:07 INFO  - Place Order Page is displayed - Pass
19-03-2018 20:07 INFO  - Payment section is displayed - Pass
19-03-2018 20:07 INFO  - Payment section is displayed - Pass
19-03-2018 20:07 INFO  - Payment type is displayed - Pass
19-03-2018 20:07 INFO  - Card no  is displayed - Pass
19-03-2018 20:07 INFO  - Card name  is displayed - Pass
19-03-2018 20:07 INFO  - Card  exp month is displayed - Pass
19-03-2018 20:07 INFO  - Card  exp year is displayed - Pass
19-03-2018 20:07 INFO  - Card  CVV is displayed - Pass
19-03-2018 20:07 INFO  - scrolled to scroll to gift section - Pass
19-03-2018 20:07 INFO  - Payment gift card section is displayed - Pass
19-03-2018 20:07 INFO  - Gift Card No is displayed - Pass
19-03-2018 20:07 INFO  - Gift Card Pin is displayed - Pass
19-03-2018 20:07 INFO  - scrolled to scroll to promo code section - Pass
19-03-2018 20:07 INFO  - Payment promo code section is displayed - Pass
19-03-2018 20:07 INFO  - Promo code field is displayed - Pass
19-03-2018 20:07 INFO  - scrolled to scroll to create account section - Pass
19-03-2018 20:07 INFO  - Payment create account section is displayed - Pass
19-03-2018 20:07 INFO  - Account password field is displayed - Pass
19-03-2018 20:07 INFO  - Account confirm password field is displayed - Pass
19-03-2018 20:07 INFO  - Account password hint field is displayed - Pass
