19-03-2018 16:24 INFO  - http://m.lordandtaylor.com/ is opened - Pass
19-03-2018 16:24 INFO  - http://m.lordandtaylor.com/ is opened - Pass
19-03-2018 16:24 INFO  - Carousel Banner Check is displayed - Pass
19-03-2018 16:24 INFO  - Carousel Banner Check is displayed - Pass
19-03-2018 16:24 INFO  - Carousel Banner Check is displayed - Pass
19-03-2018 16:24 INFO  - Carousel Banner Check is displayed - Pass
19-03-2018 16:24 INFO  - http://m.lordandtaylor.com/ is opened - Pass
19-03-2018 16:24 INFO  - Wait to get site Loaded is displayed - Pass
19-03-2018 16:24 INFO  - Click Menu is clicked - Pass
19-03-2018 16:24 INFO  - Menu Closed is clicked - Pass
19-03-2018 16:24 INFO  - PDP Page wait is displayed - Pass
19-03-2018 16:24 INFO  - http://m.lordandtaylor.com/ is opened - Pass
19-03-2018 16:24 INFO  - Footer Container is displayed - Pass
19-03-2018 16:24 INFO  - scrolled to Scroll to Footer - Pass
19-03-2018 16:24 INFO  - Call & Email Link is displayed - Pass
19-03-2018 16:24 INFO  - signUpForDailyEmails is displayed - Pass
19-03-2018 16:24 INFO  - Social Share Icons is displayed - Pass
19-03-2018 16:24 INFO  - Accordion Menus is displayed - Pass
19-03-2018 16:24 INFO  - SignUpForSms is displayed - Pass
19-03-2018 16:24 INFO  - copyRight is displayed - Pass
19-03-2018 16:24 INFO  - PrivacyPolicy is displayed - Pass
19-03-2018 16:24 INFO  - http://m.lordandtaylor.com/ is opened - Pass
19-03-2018 16:25 INFO  - http://m.lordandtaylor.com/ is opened - Pass
19-03-2018 16:25 INFO  - http://m.lordandtaylor.com/ is opened - Pass
19-03-2018 16:25 INFO  - Click Search is clicked - Pass
19-03-2018 16:25 INFO  - Search is entered in the field - Pass
19-03-2018 16:25 INFO  - Search Suggesion Displayed is displayed - Pass
19-03-2018 16:25 ERROR - TimeoutException
org.openqa.selenium.TimeoutException: Expected condition failed: waiting for visibility of element located by By.xpath: //*[@id='lntheaderpromoId']/div[1]/div[3]/div/a (tried for 20 second(s) with 500 MILLISECONDS interval)
	at org.openqa.selenium.support.ui.WebDriverWait.timeoutException(WebDriverWait.java:82)
	at org.openqa.selenium.support.ui.FluentWait.until(FluentWait.java:231)
	at com.skava.framework.action.SeleniumActionEngine.explicitWaitforVisibility(SeleniumActionEngine.java:183)
	at com.skava.framework.action.SeleniumActionEngine.clickElement(SeleniumActionEngine.java:100)
	at com.skava.reusable.components.HomePageComponents.clickPromoLink(HomePageComponents.java:63)
	at com.skava.testcases.LT_194_Promo_Link_Validation.LT_194_Promo_Link_Validation(LT_194_Promo_Link_Validation.java:26)
	at sun.reflect.NativeMethodAccessorImpl.invoke0(Native Method)
	at sun.reflect.NativeMethodAccessorImpl.invoke(Unknown Source)
	at sun.reflect.DelegatingMethodAccessorImpl.invoke(Unknown Source)
	at java.lang.reflect.Method.invoke(Unknown Source)
	at org.testng.internal.MethodInvocationHelper.invokeMethod(MethodInvocationHelper.java:108)
	at org.testng.internal.Invoker.invokeMethod(Invoker.java:669)
	at org.testng.internal.Invoker.invokeTestMethod(Invoker.java:877)
	at org.testng.internal.Invoker.invokeTestMethods(Invoker.java:1201)
	at org.testng.internal.TestMethodWorker.invokeTestMethods(TestMethodWorker.java:125)
	at org.testng.internal.TestMethodWorker.run(TestMethodWorker.java:109)
	at java.util.concurrent.ThreadPoolExecutor.runWorker(Unknown Source)
	at java.util.concurrent.ThreadPoolExecutor$Worker.run(Unknown Source)
	at java.lang.Thread.run(Unknown Source)
Caused by: org.openqa.selenium.NoSuchElementException: Cannot locate an element using By.xpath: //*[@id='lntheaderpromoId']/div[1]/div[3]/div/a
For documentation on this error, please visit: http://seleniumhq.org/exceptions/no_such_element.html
Build info: version: '3.2.0', revision: '8c03df6b79', time: '2017-02-23 10:51:31 +0000'
System info: host: 'DESKTOP-AQOISD1', ip: '192.168.234.84', os.name: 'Windows 10', os.arch: 'amd64', os.version: '10.0', java.version: '1.8.0_112'
Driver info: driver.version: unknown
	at org.openqa.selenium.support.ui.ExpectedConditions.lambda$findElement$0(ExpectedConditions.java:882)
	at java.util.Optional.orElseThrow(Unknown Source)
	at org.openqa.selenium.support.ui.ExpectedConditions.findElement(ExpectedConditions.java:881)
	at org.openqa.selenium.support.ui.ExpectedConditions.access$000(ExpectedConditions.java:43)
	at org.openqa.selenium.support.ui.ExpectedConditions$7.apply(ExpectedConditions.java:205)
	at org.openqa.selenium.support.ui.ExpectedConditions$7.apply(ExpectedConditions.java:201)
	at org.openqa.selenium.support.ui.FluentWait.until(FluentWait.java:208)
	... 17 more
19-03-2018 16:25 ERROR - Click Promo is not present - failed
19-03-2018 16:25 INFO  - http://m.lordandtaylor.com/ is opened - Pass
19-03-2018 16:25 INFO  - Click Search is clicked - Pass
19-03-2018 16:25 INFO  - Search is entered in the field - Pass
19-03-2018 16:25 INFO  - Search Suggesion Displayed is displayed - Pass
19-03-2018 16:25 INFO  - Search Suggesion Displayed is displayed - Pass
19-03-2018 16:25 INFO  - Click Cart is clicked - Pass
19-03-2018 16:25 INFO  - Cart wrapper Opened is displayed - Pass
19-03-2018 16:25 INFO  - Cart Empty Text is displayed - Pass
19-03-2018 16:25 INFO  - Back To Homepage is clicked - Pass
19-03-2018 16:25 INFO  - PLP page is displayed - Pass
19-03-2018 16:25 INFO  - http://m.lordandtaylor.com/ is opened - Pass
19-03-2018 16:25 INFO  - http://m.lordandtaylor.com/ is opened - Pass
19-03-2018 16:25 INFO  - Click Search is clicked - Pass
19-03-2018 16:25 INFO  - Wait to get site Loaded is displayed - Pass
19-03-2018 16:25 INFO  - Shirts is entered in Search - Pass
19-03-2018 16:25 INFO  - Click Menu is clicked - Pass
19-03-2018 16:25 INFO  - Selecting Brand Category from pancake is clicked - Pass
19-03-2018 16:25 INFO  - Selecting Brand Sub category is clicked - Pass
19-03-2018 16:25 ERROR - TimeoutException
org.openqa.selenium.TimeoutException: Expected condition failed: waiting for visibility of element located by By.xpath: //*[@class='genericESpot']/p (tried for 30 second(s) with 500 MILLISECONDS interval)
	at org.openqa.selenium.support.ui.WebDriverWait.timeoutException(WebDriverWait.java:82)
	at org.openqa.selenium.support.ui.FluentWait.until(FluentWait.java:231)
	at com.skava.framework.action.SeleniumActionEngine.explicitWaitforVisibility(SeleniumActionEngine.java:183)
	at com.skava.framework.action.SeleniumActionEngine.isElementDisplayed(SeleniumActionEngine.java:201)
	at com.skava.reusable.components.FeaturedCompnents.PromoValidation(FeaturedCompnents.java:14)
	at com.skava.testcases.LT_194_Promo_Link_Validation.LT_194_Promo_Link_Validation(LT_194_Promo_Link_Validation.java:27)
	at sun.reflect.NativeMethodAccessorImpl.invoke0(Native Method)
	at sun.reflect.NativeMethodAccessorImpl.invoke(Unknown Source)
	at sun.reflect.DelegatingMethodAccessorImpl.invoke(Unknown Source)
	at java.lang.reflect.Method.invoke(Unknown Source)
	at org.testng.internal.MethodInvocationHelper.invokeMethod(MethodInvocationHelper.java:108)
	at org.testng.internal.Invoker.invokeMethod(Invoker.java:669)
	at org.testng.internal.Invoker.invokeTestMethod(Invoker.java:877)
	at org.testng.internal.Invoker.invokeTestMethods(Invoker.java:1201)
	at org.testng.internal.TestMethodWorker.invokeTestMethods(TestMethodWorker.java:125)
	at org.testng.internal.TestMethodWorker.run(TestMethodWorker.java:109)
	at java.util.concurrent.ThreadPoolExecutor.runWorker(Unknown Source)
	at java.util.concurrent.ThreadPoolExecutor$Worker.run(Unknown Source)
	at java.lang.Thread.run(Unknown Source)
Caused by: org.openqa.selenium.NoSuchElementException: Cannot locate an element using By.xpath: //*[@class='genericESpot']/p
For documentation on this error, please visit: http://seleniumhq.org/exceptions/no_such_element.html
Build info: version: '3.2.0', revision: '8c03df6b79', time: '2017-02-23 10:51:31 +0000'
System info: host: 'DESKTOP-AQOISD1', ip: '192.168.234.84', os.name: 'Windows 10', os.arch: 'amd64', os.version: '10.0', java.version: '1.8.0_112'
Driver info: driver.version: unknown
	at org.openqa.selenium.support.ui.ExpectedConditions.lambda$findElement$0(ExpectedConditions.java:882)
	at java.util.Optional.orElseThrow(Unknown Source)
	at org.openqa.selenium.support.ui.ExpectedConditions.findElement(ExpectedConditions.java:881)
	at org.openqa.selenium.support.ui.ExpectedConditions.access$000(ExpectedConditions.java:43)
	at org.openqa.selenium.support.ui.ExpectedConditions$7.apply(ExpectedConditions.java:205)
	at org.openqa.selenium.support.ui.ExpectedConditions$7.apply(ExpectedConditions.java:201)
	at org.openqa.selenium.support.ui.FluentWait.until(FluentWait.java:208)
	... 17 more
19-03-2018 16:25 ERROR - Promo Page is not present - failed
19-03-2018 16:25 INFO  - Brands page is displayed - Pass
19-03-2018 16:25 INFO  - search/PLP page is displayed - Pass
19-03-2018 16:25 INFO  - Search Count is displayed - Pass
19-03-2018 16:25 INFO  - PDP Page wait is displayed - Pass
19-03-2018 16:25 INFO  - PDP Page wait is displayed - Pass
19-03-2018 16:26 INFO  - http://m.lordandtaylor.com/ is opened - Pass
19-03-2018 16:26 INFO  - Wait to get site Loaded is displayed - Pass
19-03-2018 16:26 INFO  - Click Menu is clicked - Pass
19-03-2018 16:26 INFO  - http://m.lordandtaylor.com/ is opened - Pass
19-03-2018 16:26 INFO  - Selecting Brand Category from pancake is clicked - Pass
19-03-2018 16:26 INFO  - Click Search is clicked - Pass
19-03-2018 16:26 INFO  - Selecting Brand Sub category is clicked - Pass
19-03-2018 16:26 INFO  - Shirts is entered in Search - Pass
19-03-2018 16:26 INFO  - Brands page is displayed - Pass
19-03-2018 16:26 INFO  - search/PLP page is displayed - Pass
19-03-2018 16:26 INFO  - Search Count is displayed - Pass
19-03-2018 16:26 INFO  - Product List Page is displayed - Pass
19-03-2018 16:26 INFO  - Product Image is displayed - Pass
19-03-2018 16:26 INFO  - Product NameList is displayed - Pass
19-03-2018 16:26 INFO  - Product Description is displayed - Pass
19-03-2018 16:26 INFO  - Product Price is displayed - Pass
19-03-2018 16:26 INFO  - Brand PLP page is displayed - Pass
19-03-2018 16:26 INFO  - Product List Page is displayed - Pass
19-03-2018 16:26 INFO  - Product Image is displayed - Pass
19-03-2018 16:26 INFO  - Product NameList is displayed - Pass
19-03-2018 16:26 INFO  - Product Description is displayed - Pass
19-03-2018 16:26 INFO  - Product Price is displayed - Pass
19-03-2018 16:26 INFO  - http://m.lordandtaylor.com/ is opened - Pass
19-03-2018 16:26 INFO  - Click Search is clicked - Pass
19-03-2018 16:26 INFO  - Shirts is entered in Search - Pass
19-03-2018 16:26 INFO  - http://m.lordandtaylor.com/ is opened - Pass
19-03-2018 16:26 INFO  - Wait to get site Loaded is displayed - Pass
19-03-2018 16:26 INFO  - Click Menu is clicked - Pass
19-03-2018 16:26 INFO  - Menu Clicked is clicked - Pass
19-03-2018 16:26 INFO  - Sub Menu Clicked is clicked - Pass
19-03-2018 16:26 INFO  - search/PLP page is displayed - Pass
19-03-2018 16:26 INFO  - Search Count is displayed - Pass
19-03-2018 16:26 INFO  - Products displayed in PLP Page is displayed - Pass
19-03-2018 16:26 INFO  - http://m.lordandtaylor.com/ is opened - Pass
19-03-2018 16:26 INFO  - Back To Top is displayed - Pass
19-03-2018 16:26 INFO  - Click Search is clicked - Pass
19-03-2018 16:26 INFO  - Back To Top is clicked - Pass
19-03-2018 16:26 INFO  - lipstick is entered in Search - Pass
19-03-2018 16:26 INFO  - Sub Menu2 Clicked is clicked - Pass
19-03-2018 16:26 INFO  - Bread Crumb is displayed - Pass
19-03-2018 16:26 INFO  - Wait is displayed - Pass
19-03-2018 16:26 INFO  - http://m.lordandtaylor.com/ is opened - Pass
19-03-2018 16:26 INFO  - Click Search is clicked - Pass
19-03-2018 16:26 INFO  - Shoes is entered in Search - Pass
19-03-2018 16:26 INFO  - search/PLP page is displayed - Pass
19-03-2018 16:26 INFO  - Search Count is displayed - Pass
19-03-2018 16:26 INFO  - Sorting Clicked is clicked - Pass
19-03-2018 16:26 INFO  - Refine is displayed - Pass
19-03-2018 16:26 INFO  - http://m.lordandtaylor.com/ is opened - Pass
19-03-2018 16:26 INFO  - Wait to get site Loaded is displayed - Pass
19-03-2018 16:26 INFO  - Click Menu is clicked - Pass
19-03-2018 16:26 INFO  - Menu Clicked is clicked - Pass
19-03-2018 16:26 INFO  - Sub Menu Clicked is clicked - Pass
19-03-2018 16:26 INFO  - search/PLP page is displayed - Pass
19-03-2018 16:26 INFO  - Search Count is displayed - Pass
19-03-2018 16:26 INFO  - Wait Bag Qty is displayed - Pass
19-03-2018 16:26 INFO  - Sub Menu2 Clicked is clicked - Pass
19-03-2018 16:26 INFO  - Wait Bag Qty is displayed - Pass
19-03-2018 16:26 INFO  -  Sort and filter button click is clicked - Pass
19-03-2018 16:26 INFO  - Wait Bag Qty is displayed - Pass
19-03-2018 16:26 INFO  - http://m.lordandtaylor.com/ is opened - Pass
19-03-2018 16:26 INFO  - Click Search is clicked - Pass
19-03-2018 16:26 INFO  - Shirts is entered in Search - Pass
19-03-2018 16:26 ERROR - TimeoutException
org.openqa.selenium.TimeoutException: Expected condition failed: waiting for visibility of element located by By.id: pdpAddtoBagBtn (tried for 5 second(s) with 500 MILLISECONDS interval)
	at org.openqa.selenium.support.ui.WebDriverWait.timeoutException(WebDriverWait.java:82)
	at org.openqa.selenium.support.ui.FluentWait.until(FluentWait.java:231)
	at com.skava.framework.action.SeleniumActionEngine.explicitWaitforVisibility(SeleniumActionEngine.java:183)
	at com.skava.reusable.components.PLPandPDPComponents.sort_ApplyFilter(PLPandPDPComponents.java:605)
	at com.skava.testcases.LT_383_Sort_ApplyFilter.LT_383_Sort_ApplyFilter(LT_383_Sort_ApplyFilter.java:27)
	at sun.reflect.NativeMethodAccessorImpl.invoke0(Native Method)
	at sun.reflect.NativeMethodAccessorImpl.invoke(Unknown Source)
	at sun.reflect.DelegatingMethodAccessorImpl.invoke(Unknown Source)
	at java.lang.reflect.Method.invoke(Unknown Source)
	at org.testng.internal.MethodInvocationHelper.invokeMethod(MethodInvocationHelper.java:108)
	at org.testng.internal.Invoker.invokeMethod(Invoker.java:669)
	at org.testng.internal.Invoker.invokeTestMethod(Invoker.java:877)
	at org.testng.internal.Invoker.invokeTestMethods(Invoker.java:1201)
	at org.testng.internal.TestMethodWorker.invokeTestMethods(TestMethodWorker.java:125)
	at org.testng.internal.TestMethodWorker.run(TestMethodWorker.java:109)
	at java.util.concurrent.ThreadPoolExecutor.runWorker(Unknown Source)
	at java.util.concurrent.ThreadPoolExecutor$Worker.run(Unknown Source)
	at java.lang.Thread.run(Unknown Source)
Caused by: org.openqa.selenium.NoSuchElementException: Cannot locate an element using By.id: pdpAddtoBagBtn
For documentation on this error, please visit: http://seleniumhq.org/exceptions/no_such_element.html
Build info: version: '3.2.0', revision: '8c03df6b79', time: '2017-02-23 10:51:31 +0000'
System info: host: 'DESKTOP-AQOISD1', ip: '192.168.234.84', os.name: 'Windows 10', os.arch: 'amd64', os.version: '10.0', java.version: '1.8.0_112'
Driver info: driver.version: unknown
	at org.openqa.selenium.support.ui.ExpectedConditions.lambda$findElement$0(ExpectedConditions.java:882)
	at java.util.Optional.orElseThrow(Unknown Source)
	at org.openqa.selenium.support.ui.ExpectedConditions.findElement(ExpectedConditions.java:881)
	at org.openqa.selenium.support.ui.ExpectedConditions.access$000(ExpectedConditions.java:43)
	at org.openqa.selenium.support.ui.ExpectedConditions$7.apply(ExpectedConditions.java:205)
	at org.openqa.selenium.support.ui.ExpectedConditions$7.apply(ExpectedConditions.java:201)
	at org.openqa.selenium.support.ui.FluentWait.until(FluentWait.java:208)
	... 16 more
19-03-2018 16:26 ERROR - Wait is not present - failed
19-03-2018 16:27 INFO  -  Sort and filter button click is clicked - Pass
19-03-2018 16:27 INFO  - Wait Bag Qty is displayed - Pass
19-03-2018 16:27 INFO  - search/PLP page is displayed - Pass
19-03-2018 16:27 INFO  - Search Count is displayed - Pass
19-03-2018 16:27 INFO  - PLP page is displayed after sorting is displayed - Pass
19-03-2018 16:27 INFO  - Wait Bag Qty is displayed - Pass
19-03-2018 16:27 INFO  - PLP page is displayed after sorting is displayed - Pass
19-03-2018 16:27 ERROR - TimeoutException
org.openqa.selenium.TimeoutException: Expected condition failed: waiting for visibility of element located by By.id: pdpAddtoBagBtn (tried for 5 second(s) with 500 MILLISECONDS interval)
	at org.openqa.selenium.support.ui.WebDriverWait.timeoutException(WebDriverWait.java:82)
	at org.openqa.selenium.support.ui.FluentWait.until(FluentWait.java:231)
	at com.skava.framework.action.SeleniumActionEngine.explicitWaitforVisibility(SeleniumActionEngine.java:183)
	at com.skava.reusable.components.PLPandPDPComponents.sort_ApplyFilter(PLPandPDPComponents.java:605)
	at com.skava.testcases.LT_387_SortClearAll.LT_387_Sort_ClearAll(LT_387_SortClearAll.java:28)
	at sun.reflect.NativeMethodAccessorImpl.invoke0(Native Method)
	at sun.reflect.NativeMethodAccessorImpl.invoke(Unknown Source)
	at sun.reflect.DelegatingMethodAccessorImpl.invoke(Unknown Source)
	at java.lang.reflect.Method.invoke(Unknown Source)
	at org.testng.internal.MethodInvocationHelper.invokeMethod(MethodInvocationHelper.java:108)
	at org.testng.internal.Invoker.invokeMethod(Invoker.java:669)
	at org.testng.internal.Invoker.invokeTestMethod(Invoker.java:877)
	at org.testng.internal.Invoker.invokeTestMethods(Invoker.java:1201)
	at org.testng.internal.TestMethodWorker.invokeTestMethods(TestMethodWorker.java:125)
	at org.testng.internal.TestMethodWorker.run(TestMethodWorker.java:109)
	at java.util.concurrent.ThreadPoolExecutor.runWorker(Unknown Source)
	at java.util.concurrent.ThreadPoolExecutor$Worker.run(Unknown Source)
	at java.lang.Thread.run(Unknown Source)
Caused by: org.openqa.selenium.NoSuchElementException: Cannot locate an element using By.id: pdpAddtoBagBtn
For documentation on this error, please visit: http://seleniumhq.org/exceptions/no_such_element.html
Build info: version: '3.2.0', revision: '8c03df6b79', time: '2017-02-23 10:51:31 +0000'
System info: host: 'DESKTOP-AQOISD1', ip: '192.168.234.84', os.name: 'Windows 10', os.arch: 'amd64', os.version: '10.0', java.version: '1.8.0_112'
Driver info: driver.version: unknown
	at org.openqa.selenium.support.ui.ExpectedConditions.lambda$findElement$0(ExpectedConditions.java:882)
	at java.util.Optional.orElseThrow(Unknown Source)
	at org.openqa.selenium.support.ui.ExpectedConditions.findElement(ExpectedConditions.java:881)
	at org.openqa.selenium.support.ui.ExpectedConditions.access$000(ExpectedConditions.java:43)
	at org.openqa.selenium.support.ui.ExpectedConditions$7.apply(ExpectedConditions.java:205)
	at org.openqa.selenium.support.ui.ExpectedConditions$7.apply(ExpectedConditions.java:201)
	at org.openqa.selenium.support.ui.FluentWait.until(FluentWait.java:208)
	... 16 more
19-03-2018 16:27 ERROR - Wait is not present - failed
19-03-2018 16:27 INFO  -  Sort and filter button click is clicked - Pass
19-03-2018 16:27 INFO  - Wait Bag Qty is displayed - Pass
19-03-2018 16:27 INFO  - http://m.lordandtaylor.com/ is opened - Pass
19-03-2018 16:27 INFO  - Click Search is clicked - Pass
19-03-2018 16:27 ERROR - TimeoutException
org.openqa.selenium.TimeoutException: Expected condition failed: waiting for visibility of element located by By.xpath: //*[@class='skMob_filterItemVal'] (tried for 20 second(s) with 500 MILLISECONDS interval)
Build info: version: '3.2.0', revision: '8c03df6b79', time: '2017-02-23 10:51:31 +0000'
System info: host: 'DESKTOP-AQOISD1', ip: '192.168.234.84', os.name: 'Windows 10', os.arch: 'amd64', os.version: '10.0', java.version: '1.8.0_112'
Driver info: org.openqa.selenium.chrome.ChromeDriver
Capabilities [{applicationCacheEnabled=false, rotatable=false, mobileEmulationEnabled=false, networkConnectionEnabled=false, chrome={chromedriverVersion=2.33.506120 (e3e53437346286c0bc2d2dc9aa4915ba81d9023f), userDataDir=C:\Users\arunraj.n\AppData\Local\Temp\scoped_dir9844_20137}, takesHeapSnapshot=true, pageLoadStrategy=normal, databaseEnabled=false, handlesAlerts=true, hasTouchScreen=false, version=64.0.3282.186, platform=XP, browserConnectionEnabled=false, nativeEvents=true, acceptSslCerts=true, locationContextEnabled=true, webStorageEnabled=true, browserName=chrome, takesScreenshot=true, javascriptEnabled=true, cssSelectorsEnabled=true, setWindowRect=true, unexpectedAlertBehaviour=}]
Session ID: dc97c875420273ac8571c808f5ea6b59
	at org.openqa.selenium.support.ui.WebDriverWait.timeoutException(WebDriverWait.java:82)
	at org.openqa.selenium.support.ui.FluentWait.until(FluentWait.java:231)
	at com.skava.framework.action.SeleniumActionEngine.explicitWaitforVisibility(SeleniumActionEngine.java:183)
	at com.skava.framework.action.SeleniumActionEngine.GetTextByRandom(SeleniumActionEngine.java:546)
	at com.skava.reusable.components.PLPandPDPComponents.sort_ApplyFilter(PLPandPDPComponents.java:620)
	at com.skava.testcases.LT_383_Sort_ApplyFilter.LT_383_Sort_ApplyFilter(LT_383_Sort_ApplyFilter.java:27)
	at sun.reflect.NativeMethodAccessorImpl.invoke0(Native Method)
	at sun.reflect.NativeMethodAccessorImpl.invoke(Unknown Source)
	at sun.reflect.DelegatingMethodAccessorImpl.invoke(Unknown Source)
	at java.lang.reflect.Method.invoke(Unknown Source)
	at org.testng.internal.MethodInvocationHelper.invokeMethod(MethodInvocationHelper.java:108)
	at org.testng.internal.Invoker.invokeMethod(Invoker.java:669)
	at org.testng.internal.Invoker.invokeTestMethod(Invoker.java:877)
	at org.testng.internal.Invoker.invokeTestMethods(Invoker.java:1201)
	at org.testng.internal.TestMethodWorker.invokeTestMethods(TestMethodWorker.java:125)
	at org.testng.internal.TestMethodWorker.run(TestMethodWorker.java:109)
	at java.util.concurrent.ThreadPoolExecutor.runWorker(Unknown Source)
	at java.util.concurrent.ThreadPoolExecutor$Worker.run(Unknown Source)
	at java.lang.Thread.run(Unknown Source)
19-03-2018 16:27 ERROR - Getting selected filter name is not present - failed
19-03-2018 16:27 INFO  - Shoes is entered in Search - Pass
19-03-2018 16:27 INFO  - Apply button is displayed on selecting the category is displayed - Pass
19-03-2018 16:27 INFO  - scrolled to Scroll to apply - Pass
19-03-2018 16:27 INFO  - Click apply button is clicked - Pass
19-03-2018 16:27 INFO  - search/PLP page is displayed - Pass
19-03-2018 16:27 INFO  - Search Count is displayed - Pass
19-03-2018 16:27 ERROR - TimeoutException
org.openqa.selenium.TimeoutException: Expected condition failed: waiting for visibility of element located by By.id: pdpAddtoBagBtn (tried for 10 second(s) with 500 MILLISECONDS interval)
	at org.openqa.selenium.support.ui.WebDriverWait.timeoutException(WebDriverWait.java:82)
	at org.openqa.selenium.support.ui.FluentWait.until(FluentWait.java:231)
	at com.skava.framework.action.SeleniumActionEngine.explicitWaitforVisibility(SeleniumActionEngine.java:183)
	at com.skava.reusable.components.PLPandPDPComponents.sort_ApplyFilter(PLPandPDPComponents.java:632)
	at com.skava.testcases.LT_383_Sort_ApplyFilter.LT_383_Sort_ApplyFilter(LT_383_Sort_ApplyFilter.java:27)
	at sun.reflect.NativeMethodAccessorImpl.invoke0(Native Method)
	at sun.reflect.NativeMethodAccessorImpl.invoke(Unknown Source)
	at sun.reflect.DelegatingMethodAccessorImpl.invoke(Unknown Source)
	at java.lang.reflect.Method.invoke(Unknown Source)
	at org.testng.internal.MethodInvocationHelper.invokeMethod(MethodInvocationHelper.java:108)
	at org.testng.internal.Invoker.invokeMethod(Invoker.java:669)
	at org.testng.internal.Invoker.invokeTestMethod(Invoker.java:877)
	at org.testng.internal.Invoker.invokeTestMethods(Invoker.java:1201)
	at org.testng.internal.TestMethodWorker.invokeTestMethods(TestMethodWorker.java:125)
	at org.testng.internal.TestMethodWorker.run(TestMethodWorker.java:109)
	at java.util.concurrent.ThreadPoolExecutor.runWorker(Unknown Source)
	at java.util.concurrent.ThreadPoolExecutor$Worker.run(Unknown Source)
	at java.lang.Thread.run(Unknown Source)
Caused by: org.openqa.selenium.NoSuchElementException: Cannot locate an element using By.id: pdpAddtoBagBtn
For documentation on this error, please visit: http://seleniumhq.org/exceptions/no_such_element.html
Build info: version: '3.2.0', revision: '8c03df6b79', time: '2017-02-23 10:51:31 +0000'
System info: host: 'DESKTOP-AQOISD1', ip: '192.168.234.84', os.name: 'Windows 10', os.arch: 'amd64', os.version: '10.0', java.version: '1.8.0_112'
Driver info: driver.version: unknown
	at org.openqa.selenium.support.ui.ExpectedConditions.lambda$findElement$0(ExpectedConditions.java:882)
	at java.util.Optional.orElseThrow(Unknown Source)
	at org.openqa.selenium.support.ui.ExpectedConditions.findElement(ExpectedConditions.java:881)
	at org.openqa.selenium.support.ui.ExpectedConditions.access$000(ExpectedConditions.java:43)
	at org.openqa.selenium.support.ui.ExpectedConditions$7.apply(ExpectedConditions.java:205)
	at org.openqa.selenium.support.ui.ExpectedConditions$7.apply(ExpectedConditions.java:201)
	at org.openqa.selenium.support.ui.FluentWait.until(FluentWait.java:208)
	... 16 more
19-03-2018 16:27 ERROR - Wait is not present - failed
19-03-2018 16:27 INFO  - PLP page is displayed after sorting is displayed - Pass
19-03-2018 16:27 INFO  - PLP page is displayed after sorting is displayed - Pass
19-03-2018 16:27 INFO  - PDP Page wait is displayed - Pass
19-03-2018 16:27 ERROR - TimeoutException
org.openqa.selenium.TimeoutException: Expected condition failed: waiting for visibility of element located by By.xpath: //*[@class='skMob_filterItemVal'] (tried for 20 second(s) with 500 MILLISECONDS interval)
Build info: version: '3.2.0', revision: '8c03df6b79', time: '2017-02-23 10:51:31 +0000'
System info: host: 'DESKTOP-AQOISD1', ip: '192.168.234.84', os.name: 'Windows 10', os.arch: 'amd64', os.version: '10.0', java.version: '1.8.0_112'
Driver info: org.openqa.selenium.chrome.ChromeDriver
Capabilities [{applicationCacheEnabled=false, rotatable=false, mobileEmulationEnabled=false, networkConnectionEnabled=false, chrome={chromedriverVersion=2.33.506120 (e3e53437346286c0bc2d2dc9aa4915ba81d9023f), userDataDir=C:\Users\arunraj.n\AppData\Local\Temp\scoped_dir14624_9170}, takesHeapSnapshot=true, pageLoadStrategy=normal, databaseEnabled=false, handlesAlerts=true, hasTouchScreen=false, version=64.0.3282.186, platform=XP, browserConnectionEnabled=false, nativeEvents=true, acceptSslCerts=true, locationContextEnabled=true, webStorageEnabled=true, browserName=chrome, takesScreenshot=true, javascriptEnabled=true, cssSelectorsEnabled=true, setWindowRect=true, unexpectedAlertBehaviour=}]
Session ID: de6a05932649014f3bab6d578488c4c8
	at org.openqa.selenium.support.ui.WebDriverWait.timeoutException(WebDriverWait.java:82)
	at org.openqa.selenium.support.ui.FluentWait.until(FluentWait.java:231)
	at com.skava.framework.action.SeleniumActionEngine.explicitWaitforVisibility(SeleniumActionEngine.java:183)
	at com.skava.framework.action.SeleniumActionEngine.GetTextByRandom(SeleniumActionEngine.java:546)
	at com.skava.reusable.components.PLPandPDPComponents.sort_ApplyFilter(PLPandPDPComponents.java:620)
	at com.skava.testcases.LT_387_SortClearAll.LT_387_Sort_ClearAll(LT_387_SortClearAll.java:28)
	at sun.reflect.NativeMethodAccessorImpl.invoke0(Native Method)
	at sun.reflect.NativeMethodAccessorImpl.invoke(Unknown Source)
	at sun.reflect.DelegatingMethodAccessorImpl.invoke(Unknown Source)
	at java.lang.reflect.Method.invoke(Unknown Source)
	at org.testng.internal.MethodInvocationHelper.invokeMethod(MethodInvocationHelper.java:108)
	at org.testng.internal.Invoker.invokeMethod(Invoker.java:669)
	at org.testng.internal.Invoker.invokeTestMethod(Invoker.java:877)
	at org.testng.internal.Invoker.invokeTestMethods(Invoker.java:1201)
	at org.testng.internal.TestMethodWorker.invokeTestMethods(TestMethodWorker.java:125)
	at org.testng.internal.TestMethodWorker.run(TestMethodWorker.java:109)
	at java.util.concurrent.ThreadPoolExecutor.runWorker(Unknown Source)
	at java.util.concurrent.ThreadPoolExecutor$Worker.run(Unknown Source)
	at java.lang.Thread.run(Unknown Source)
19-03-2018 16:27 ERROR - Getting selected filter name is not present - failed
19-03-2018 16:27 INFO  - Apply button is displayed on selecting the category is displayed - Pass
19-03-2018 16:27 INFO  - scrolled to Scroll to apply - Pass
19-03-2018 16:27 INFO  - Click apply button is clicked - Pass
19-03-2018 16:27 ERROR - TimeoutException
org.openqa.selenium.TimeoutException: Expected condition failed: waiting for visibility of element located by By.id: pdpAddtoBagBtn (tried for 5 second(s) with 500 MILLISECONDS interval)
	at org.openqa.selenium.support.ui.WebDriverWait.timeoutException(WebDriverWait.java:82)
	at org.openqa.selenium.support.ui.FluentWait.until(FluentWait.java:231)
	at com.skava.framework.action.SeleniumActionEngine.explicitWaitforVisibility(SeleniumActionEngine.java:183)
	at com.skava.reusable.components.PLPandPDPComponents.sort_ApplyFilter(PLPandPDPComponents.java:639)
	at com.skava.testcases.LT_383_Sort_ApplyFilter.LT_383_Sort_ApplyFilter(LT_383_Sort_ApplyFilter.java:27)
	at sun.reflect.NativeMethodAccessorImpl.invoke0(Native Method)
	at sun.reflect.NativeMethodAccessorImpl.invoke(Unknown Source)
	at sun.reflect.DelegatingMethodAccessorImpl.invoke(Unknown Source)
	at java.lang.reflect.Method.invoke(Unknown Source)
	at org.testng.internal.MethodInvocationHelper.invokeMethod(MethodInvocationHelper.java:108)
	at org.testng.internal.Invoker.invokeMethod(Invoker.java:669)
	at org.testng.internal.Invoker.invokeTestMethod(Invoker.java:877)
	at org.testng.internal.Invoker.invokeTestMethods(Invoker.java:1201)
	at org.testng.internal.TestMethodWorker.invokeTestMethods(TestMethodWorker.java:125)
	at org.testng.internal.TestMethodWorker.run(TestMethodWorker.java:109)
	at java.util.concurrent.ThreadPoolExecutor.runWorker(Unknown Source)
	at java.util.concurrent.ThreadPoolExecutor$Worker.run(Unknown Source)
	at java.lang.Thread.run(Unknown Source)
Caused by: org.openqa.selenium.NoSuchElementException: Cannot locate an element using By.id: pdpAddtoBagBtn
For documentation on this error, please visit: http://seleniumhq.org/exceptions/no_such_element.html
Build info: version: '3.2.0', revision: '8c03df6b79', time: '2017-02-23 10:51:31 +0000'
System info: host: 'DESKTOP-AQOISD1', ip: '192.168.234.84', os.name: 'Windows 10', os.arch: 'amd64', os.version: '10.0', java.version: '1.8.0_112'
Driver info: driver.version: unknown
	at org.openqa.selenium.support.ui.ExpectedConditions.lambda$findElement$0(ExpectedConditions.java:882)
	at java.util.Optional.orElseThrow(Unknown Source)
	at org.openqa.selenium.support.ui.ExpectedConditions.findElement(ExpectedConditions.java:881)
	at org.openqa.selenium.support.ui.ExpectedConditions.access$000(ExpectedConditions.java:43)
	at org.openqa.selenium.support.ui.ExpectedConditions$7.apply(ExpectedConditions.java:205)
	at org.openqa.selenium.support.ui.ExpectedConditions$7.apply(ExpectedConditions.java:201)
	at org.openqa.selenium.support.ui.FluentWait.until(FluentWait.java:208)
	... 16 more
19-03-2018 16:27 ERROR - Wait is not present - failed
19-03-2018 16:27 INFO  - PDP Page wait is displayed - Pass
19-03-2018 16:27 ERROR - TimeoutException
org.openqa.selenium.TimeoutException: Expected condition failed: waiting for visibility of element located by By.id: pdpAddtoBagBtn (tried for 10 second(s) with 500 MILLISECONDS interval)
	at org.openqa.selenium.support.ui.WebDriverWait.timeoutException(WebDriverWait.java:82)
	at org.openqa.selenium.support.ui.FluentWait.until(FluentWait.java:231)
	at com.skava.framework.action.SeleniumActionEngine.explicitWaitforVisibility(SeleniumActionEngine.java:183)
	at com.skava.reusable.components.PLPandPDPComponents.sort_ApplyFilter(PLPandPDPComponents.java:632)
	at com.skava.testcases.LT_387_SortClearAll.LT_387_Sort_ClearAll(LT_387_SortClearAll.java:28)
	at sun.reflect.NativeMethodAccessorImpl.invoke0(Native Method)
	at sun.reflect.NativeMethodAccessorImpl.invoke(Unknown Source)
	at sun.reflect.DelegatingMethodAccessorImpl.invoke(Unknown Source)
	at java.lang.reflect.Method.invoke(Unknown Source)
	at org.testng.internal.MethodInvocationHelper.invokeMethod(MethodInvocationHelper.java:108)
	at org.testng.internal.Invoker.invokeMethod(Invoker.java:669)
	at org.testng.internal.Invoker.invokeTestMethod(Invoker.java:877)
	at org.testng.internal.Invoker.invokeTestMethods(Invoker.java:1201)
	at org.testng.internal.TestMethodWorker.invokeTestMethods(TestMethodWorker.java:125)
	at org.testng.internal.TestMethodWorker.run(TestMethodWorker.java:109)
	at java.util.concurrent.ThreadPoolExecutor.runWorker(Unknown Source)
	at java.util.concurrent.ThreadPoolExecutor$Worker.run(Unknown Source)
	at java.lang.Thread.run(Unknown Source)
Caused by: org.openqa.selenium.NoSuchElementException: Cannot locate an element using By.id: pdpAddtoBagBtn
For documentation on this error, please visit: http://seleniumhq.org/exceptions/no_such_element.html
Build info: version: '3.2.0', revision: '8c03df6b79', time: '2017-02-23 10:51:31 +0000'
System info: host: 'DESKTOP-AQOISD1', ip: '192.168.234.84', os.name: 'Windows 10', os.arch: 'amd64', os.version: '10.0', java.version: '1.8.0_112'
Driver info: driver.version: unknown
	at org.openqa.selenium.support.ui.ExpectedConditions.lambda$findElement$0(ExpectedConditions.java:882)
	at java.util.Optional.orElseThrow(Unknown Source)
	at org.openqa.selenium.support.ui.ExpectedConditions.findElement(ExpectedConditions.java:881)
	at org.openqa.selenium.support.ui.ExpectedConditions.access$000(ExpectedConditions.java:43)
	at org.openqa.selenium.support.ui.ExpectedConditions$7.apply(ExpectedConditions.java:205)
	at org.openqa.selenium.support.ui.ExpectedConditions$7.apply(ExpectedConditions.java:201)
	at org.openqa.selenium.support.ui.FluentWait.until(FluentWait.java:208)
	... 16 more
19-03-2018 16:27 ERROR - Wait is not present - failed
19-03-2018 16:27 INFO  - PLP page is displayed after sorting is displayed - Pass
19-03-2018 16:27 INFO  - PLP page is displayed after sorting is displayed - Pass
19-03-2018 16:27 ERROR - TimeoutException
org.openqa.selenium.TimeoutException: Expected condition failed: waiting for visibility of element located by By.id: pdpAddtoBagBtn (tried for 5 second(s) with 500 MILLISECONDS interval)
	at org.openqa.selenium.support.ui.WebDriverWait.timeoutException(WebDriverWait.java:82)
	at org.openqa.selenium.support.ui.FluentWait.until(FluentWait.java:231)
	at com.skava.framework.action.SeleniumActionEngine.explicitWaitforVisibility(SeleniumActionEngine.java:183)
	at com.skava.reusable.components.PLPandPDPComponents.sort_ApplyFilter(PLPandPDPComponents.java:639)
	at com.skava.testcases.LT_387_SortClearAll.LT_387_Sort_ClearAll(LT_387_SortClearAll.java:28)
	at sun.reflect.NativeMethodAccessorImpl.invoke0(Native Method)
	at sun.reflect.NativeMethodAccessorImpl.invoke(Unknown Source)
	at sun.reflect.DelegatingMethodAccessorImpl.invoke(Unknown Source)
	at java.lang.reflect.Method.invoke(Unknown Source)
	at org.testng.internal.MethodInvocationHelper.invokeMethod(MethodInvocationHelper.java:108)
	at org.testng.internal.Invoker.invokeMethod(Invoker.java:669)
	at org.testng.internal.Invoker.invokeTestMethod(Invoker.java:877)
	at org.testng.internal.Invoker.invokeTestMethods(Invoker.java:1201)
	at org.testng.internal.TestMethodWorker.invokeTestMethods(TestMethodWorker.java:125)
	at org.testng.internal.TestMethodWorker.run(TestMethodWorker.java:109)
	at java.util.concurrent.ThreadPoolExecutor.runWorker(Unknown Source)
	at java.util.concurrent.ThreadPoolExecutor$Worker.run(Unknown Source)
	at java.lang.Thread.run(Unknown Source)
Caused by: org.openqa.selenium.NoSuchElementException: Cannot locate an element using By.id: pdpAddtoBagBtn
For documentation on this error, please visit: http://seleniumhq.org/exceptions/no_such_element.html
Build info: version: '3.2.0', revision: '8c03df6b79', time: '2017-02-23 10:51:31 +0000'
System info: host: 'DESKTOP-AQOISD1', ip: '192.168.234.84', os.name: 'Windows 10', os.arch: 'amd64', os.version: '10.0', java.version: '1.8.0_112'
Driver info: driver.version: unknown
	at org.openqa.selenium.support.ui.ExpectedConditions.lambda$findElement$0(ExpectedConditions.java:882)
	at java.util.Optional.orElseThrow(Unknown Source)
	at org.openqa.selenium.support.ui.ExpectedConditions.findElement(ExpectedConditions.java:881)
	at org.openqa.selenium.support.ui.ExpectedConditions.access$000(ExpectedConditions.java:43)
	at org.openqa.selenium.support.ui.ExpectedConditions$7.apply(ExpectedConditions.java:205)
	at org.openqa.selenium.support.ui.ExpectedConditions$7.apply(ExpectedConditions.java:201)
	at org.openqa.selenium.support.ui.FluentWait.until(FluentWait.java:208)
	... 16 more
19-03-2018 16:27 ERROR - Wait is not present - failed
19-03-2018 16:27 INFO  - PLP page is displayed after sorting is displayed - Pass
19-03-2018 16:27 INFO  - Wait Bag Qty is displayed - Pass
19-03-2018 16:27 INFO  - http://m.lordandtaylor.com/ is opened - Pass
19-03-2018 16:27 INFO  - Click Search is clicked - Pass
19-03-2018 16:27 INFO  - shirts is entered in Search - Pass
19-03-2018 16:27 INFO  - http://m.lordandtaylor.com/ is opened - Pass
19-03-2018 16:27 INFO  - Click Search is clicked - Pass
19-03-2018 16:27 INFO  - shoes is entered in Search - Pass
19-03-2018 16:27 ERROR - TimeoutException
org.openqa.selenium.TimeoutException: Expected condition failed: waiting for visibility of element located by By.id: pdpAddtoBagBtn (tried for 5 second(s) with 500 MILLISECONDS interval)
	at org.openqa.selenium.support.ui.WebDriverWait.timeoutException(WebDriverWait.java:82)
	at org.openqa.selenium.support.ui.FluentWait.until(FluentWait.java:231)
	at com.skava.framework.action.SeleniumActionEngine.explicitWaitforVisibility(SeleniumActionEngine.java:183)
	at com.skava.reusable.components.PLPandPDPComponents.sort_ClearAll(PLPandPDPComponents.java:719)
	at com.skava.testcases.LT_387_SortClearAll.LT_387_Sort_ClearAll(LT_387_SortClearAll.java:29)
	at sun.reflect.NativeMethodAccessorImpl.invoke0(Native Method)
	at sun.reflect.NativeMethodAccessorImpl.invoke(Unknown Source)
	at sun.reflect.DelegatingMethodAccessorImpl.invoke(Unknown Source)
	at java.lang.reflect.Method.invoke(Unknown Source)
	at org.testng.internal.MethodInvocationHelper.invokeMethod(MethodInvocationHelper.java:108)
	at org.testng.internal.Invoker.invokeMethod(Invoker.java:669)
	at org.testng.internal.Invoker.invokeTestMethod(Invoker.java:877)
	at org.testng.internal.Invoker.invokeTestMethods(Invoker.java:1201)
	at org.testng.internal.TestMethodWorker.invokeTestMethods(TestMethodWorker.java:125)
	at org.testng.internal.TestMethodWorker.run(TestMethodWorker.java:109)
	at java.util.concurrent.ThreadPoolExecutor.runWorker(Unknown Source)
	at java.util.concurrent.ThreadPoolExecutor$Worker.run(Unknown Source)
	at java.lang.Thread.run(Unknown Source)
Caused by: org.openqa.selenium.NoSuchElementException: Cannot locate an element using By.id: pdpAddtoBagBtn
For documentation on this error, please visit: http://seleniumhq.org/exceptions/no_such_element.html
Build info: version: '3.2.0', revision: '8c03df6b79', time: '2017-02-23 10:51:31 +0000'
System info: host: 'DESKTOP-AQOISD1', ip: '192.168.234.84', os.name: 'Windows 10', os.arch: 'amd64', os.version: '10.0', java.version: '1.8.0_112'
Driver info: driver.version: unknown
	at org.openqa.selenium.support.ui.ExpectedConditions.lambda$findElement$0(ExpectedConditions.java:882)
	at java.util.Optional.orElseThrow(Unknown Source)
	at org.openqa.selenium.support.ui.ExpectedConditions.findElement(ExpectedConditions.java:881)
	at org.openqa.selenium.support.ui.ExpectedConditions.access$000(ExpectedConditions.java:43)
	at org.openqa.selenium.support.ui.ExpectedConditions$7.apply(ExpectedConditions.java:205)
	at org.openqa.selenium.support.ui.ExpectedConditions$7.apply(ExpectedConditions.java:201)
	at org.openqa.selenium.support.ui.FluentWait.until(FluentWait.java:208)
	... 16 more
19-03-2018 16:27 ERROR - Wait is not present - failed
19-03-2018 16:27 INFO  -  Sort and filter button click is clicked - Pass
19-03-2018 16:27 INFO  - Wait Bag Qty is displayed - Pass
19-03-2018 16:28 INFO  - search/PLP page is displayed - Pass
19-03-2018 16:28 INFO  - Search Count is displayed - Pass
19-03-2018 16:28 INFO  - search/PLP page is displayed - Pass
19-03-2018 16:28 INFO  - Search Count is displayed - Pass
19-03-2018 16:28 ERROR - TimeoutException
org.openqa.selenium.TimeoutException: Expected condition failed: waiting for visibility of element located by By.id: pdpAddtoBagBtn (tried for 5 second(s) with 500 MILLISECONDS interval)
	at org.openqa.selenium.support.ui.WebDriverWait.timeoutException(WebDriverWait.java:82)
	at org.openqa.selenium.support.ui.FluentWait.until(FluentWait.java:231)
	at com.skava.framework.action.SeleniumActionEngine.explicitWaitforVisibility(SeleniumActionEngine.java:183)
	at com.skava.reusable.components.PLPandPDPComponents.sort_ClearAll(PLPandPDPComponents.java:725)
	at com.skava.testcases.LT_387_SortClearAll.LT_387_Sort_ClearAll(LT_387_SortClearAll.java:29)
	at sun.reflect.NativeMethodAccessorImpl.invoke0(Native Method)
	at sun.reflect.NativeMethodAccessorImpl.invoke(Unknown Source)
	at sun.reflect.DelegatingMethodAccessorImpl.invoke(Unknown Source)
	at java.lang.reflect.Method.invoke(Unknown Source)
	at org.testng.internal.MethodInvocationHelper.invokeMethod(MethodInvocationHelper.java:108)
	at org.testng.internal.Invoker.invokeMethod(Invoker.java:669)
	at org.testng.internal.Invoker.invokeTestMethod(Invoker.java:877)
	at org.testng.internal.Invoker.invokeTestMethods(Invoker.java:1201)
	at org.testng.internal.TestMethodWorker.invokeTestMethods(TestMethodWorker.java:125)
	at org.testng.internal.TestMethodWorker.run(TestMethodWorker.java:109)
	at java.util.concurrent.ThreadPoolExecutor.runWorker(Unknown Source)
	at java.util.concurrent.ThreadPoolExecutor$Worker.run(Unknown Source)
	at java.lang.Thread.run(Unknown Source)
Caused by: org.openqa.selenium.NoSuchElementException: Cannot locate an element using By.id: pdpAddtoBagBtn
For documentation on this error, please visit: http://seleniumhq.org/exceptions/no_such_element.html
Build info: version: '3.2.0', revision: '8c03df6b79', time: '2017-02-23 10:51:31 +0000'
System info: host: 'DESKTOP-AQOISD1', ip: '192.168.234.84', os.name: 'Windows 10', os.arch: 'amd64', os.version: '10.0', java.version: '1.8.0_112'
Driver info: driver.version: unknown
	at org.openqa.selenium.support.ui.ExpectedConditions.lambda$findElement$0(ExpectedConditions.java:882)
	at java.util.Optional.orElseThrow(Unknown Source)
	at org.openqa.selenium.support.ui.ExpectedConditions.findElement(ExpectedConditions.java:881)
	at org.openqa.selenium.support.ui.ExpectedConditions.access$000(ExpectedConditions.java:43)
	at org.openqa.selenium.support.ui.ExpectedConditions$7.apply(ExpectedConditions.java:205)
	at org.openqa.selenium.support.ui.ExpectedConditions$7.apply(ExpectedConditions.java:201)
	at org.openqa.selenium.support.ui.FluentWait.until(FluentWait.java:208)
	... 16 more
19-03-2018 16:28 ERROR - Wait is not present - failed
19-03-2018 16:28 INFO  - Is Clear All button is displayed is displayed - Pass
19-03-2018 16:28 INFO  - PDP Page wait is displayed - Pass
19-03-2018 16:28 INFO  - PDP Page wait is displayed - Pass
19-03-2018 16:28 INFO  - scrolled to Scrolling - Pass
19-03-2018 16:28 INFO  - Colour Field present is displayed - Pass
19-03-2018 16:28 INFO  - Clear All button Click is clicked - Pass
19-03-2018 16:28 INFO  - PLP page is displayed after sorting is displayed - Pass
19-03-2018 16:28 INFO  - PLP page is displayed after sorting is displayed - Pass
19-03-2018 16:28 INFO  - Size field is displayed - Pass
19-03-2018 16:28 INFO  - scrolled to Add To Bag - Pass
19-03-2018 16:28 INFO  - Add To Bag Clicked is clicked - Pass
19-03-2018 16:28 INFO  - scrolled to Scrolling - Pass
19-03-2018 16:28 INFO  - Deatils is displayed - Pass
19-03-2018 16:28 INFO  - Details List is displayed - Pass
19-03-2018 16:28 INFO  - Success Overlay is displayed - Pass
19-03-2018 16:28 INFO  - Close OverLay Clicked is clicked - Pass
19-03-2018 16:28 INFO  - http://m.lordandtaylor.com/ is opened - Pass
19-03-2018 16:28 INFO  - Click Search is clicked - Pass
19-03-2018 16:28 INFO  - shirts is entered in Search - Pass
19-03-2018 16:28 INFO  - http://m.lordandtaylor.com/ is opened - Pass
19-03-2018 16:28 INFO  - Wait to get site Loaded is displayed - Pass
19-03-2018 16:28 INFO  - Click Menu is clicked - Pass
19-03-2018 16:28 INFO  - Menu Category is displayed - Pass
19-03-2018 16:28 INFO  - SubCategory is displayed - Pass
19-03-2018 16:28 INFO  - http://m.lordandtaylor.com/ is opened - Pass
19-03-2018 16:28 INFO  - Wait to get site Loaded is displayed - Pass
19-03-2018 16:28 INFO  - Click Menu is clicked - Pass
19-03-2018 16:28 INFO  - Menu Category is displayed - Pass
19-03-2018 16:28 INFO  - SubCategory is displayed - Pass
19-03-2018 16:28 INFO  - Sub Categories Displayed is displayed - Pass
19-03-2018 16:28 INFO  - Sub Categories Displayed is displayed - Pass
19-03-2018 16:28 INFO  - search/PLP page is displayed - Pass
19-03-2018 16:28 INFO  - Search Count is displayed - Pass
19-03-2018 16:28 INFO  - PDP Page wait is displayed - Pass
19-03-2018 16:28 INFO  - http://m.lordandtaylor.com/ is opened - Pass
19-03-2018 16:28 INFO  - Wait to get site Loaded is displayed - Pass
19-03-2018 16:28 INFO  - Click Menu is clicked - Pass
19-03-2018 16:28 INFO  - Menu Category is displayed - Pass
19-03-2018 16:28 INFO  - http://m.lordandtaylor.com/ is opened - Pass
19-03-2018 16:28 INFO  - Wait to get site Loaded is displayed - Pass
19-03-2018 16:28 INFO  - Click Menu is clicked - Pass
19-03-2018 16:28 INFO  - SubCategory is displayed - Pass
19-03-2018 16:28 INFO  - Sub Categories Displayed is displayed - Pass
19-03-2018 16:28 INFO  - Sub Categories Displayed is displayed - Pass
19-03-2018 16:28 INFO  - Click Back Button is clicked - Pass
19-03-2018 16:28 INFO  - scrolled to Scrolling - Pass
19-03-2018 16:28 INFO  - Colour Field present is displayed - Pass
19-03-2018 16:28 INFO  - Size field is displayed - Pass
19-03-2018 16:28 INFO  - scrolled to Add To Bag - Pass
19-03-2018 16:28 INFO  - Add To Bag Clicked is clicked - Pass
19-03-2018 16:28 INFO  - Success Overlay is displayed - Pass
19-03-2018 16:29 INFO  - http://m.lordandtaylor.com/ is opened - Pass
19-03-2018 16:29 INFO  - Wait to get site Loaded is displayed - Pass
19-03-2018 16:29 INFO  - Click Menu is clicked - Pass
19-03-2018 16:29 INFO  - Enetered Login is clicked - Pass
19-03-2018 16:29 INFO  - Email is entered in the field - Pass
19-03-2018 16:29 INFO  - Spider@123 is entered in Password - Pass
19-03-2018 16:29 INFO  - Checkout Clicked is clicked - Pass
19-03-2018 16:29 INFO  - Cart Opened is displayed - Pass
19-03-2018 16:29 INFO  - Product Added to Cart is displayed - Pass
19-03-2018 16:29 INFO  - My Account page displayed is displayed - Pass
19-03-2018 16:29 INFO  - Enetered Login is clicked - Pass
19-03-2018 16:29 INFO  - Email is entered in the field - Pass
19-03-2018 16:29 INFO  - Spider@123 is entered in Password - Pass
19-03-2018 16:29 INFO  - http://m.lordandtaylor.com/ is opened - Pass
19-03-2018 16:29 INFO  - Wait to get site Loaded is displayed - Pass
19-03-2018 16:29 INFO  - Click Menu is clicked - Pass
19-03-2018 16:29 INFO  - http://m.lordandtaylor.com/ is opened - Pass
19-03-2018 16:29 INFO  - Wait to get site Loaded is displayed - Pass
19-03-2018 16:29 INFO  - My Account page displayed is displayed - Pass
19-03-2018 16:29 INFO  - Click Menu is clicked - Pass
19-03-2018 16:29 INFO  - scrolled to accountsummary - Pass
19-03-2018 16:29 INFO  - http://m.lordandtaylor.com/ is opened - Pass
19-03-2018 16:29 INFO  - Wait to get site Loaded is displayed - Pass
19-03-2018 16:29 INFO  - Click Menu is clicked - Pass
19-03-2018 16:29 INFO  - Enetered Login is clicked - Pass
19-03-2018 16:29 INFO  - Email is entered in the field - Pass
19-03-2018 16:29 INFO  - Spider@123 is entered in Password - Pass
19-03-2018 16:29 INFO  - Enetered Login is clicked - Pass
19-03-2018 16:29 INFO  - Email is entered in the field - Pass
19-03-2018 16:29 INFO  - Spider@123 is entered in Password - Pass
19-03-2018 16:29 INFO  - Order history is displayed - Pass
19-03-2018 16:29 INFO  - scrolled to orderhistory - Pass
19-03-2018 16:29 INFO  - orderhistory clicked is clicked - Pass
19-03-2018 16:29 INFO  - settings is displayed - Pass
19-03-2018 16:29 INFO  - scrolled to settings - Pass
19-03-2018 16:29 INFO  - settings clicked is clicked - Pass
19-03-2018 16:29 INFO  - Enetered Login is clicked - Pass
19-03-2018 16:30 INFO  - Email is entered in the field - Pass
19-03-2018 16:30 INFO  - Spider@123 is entered in Password - Pass
19-03-2018 16:30 INFO  - http://m.lordandtaylor.com/ is opened - Pass
19-03-2018 16:30 INFO  - Wait to get site Loaded is displayed - Pass
19-03-2018 16:30 INFO  - Click Menu is clicked - Pass
19-03-2018 16:30 INFO  - shippingaddress is displayed - Pass
19-03-2018 16:30 INFO  - scrolled to shippingaddress - Pass
19-03-2018 16:30 INFO  - shippingaddress clicked is clicked - Pass
19-03-2018 16:30 INFO  - http://m.lordandtaylor.com/ is opened - Pass
19-03-2018 16:30 INFO  - Wait to get site Loaded is displayed - Pass
19-03-2018 16:30 INFO  - Click Menu is clicked - Pass
19-03-2018 16:30 INFO  - http://m.lordandtaylor.com/ is opened - Pass
19-03-2018 16:30 INFO  - Click Search is clicked - Pass
19-03-2018 16:30 INFO  - Shoes is entered in Search - Pass
19-03-2018 16:30 INFO  - search/PLP page is displayed - Pass
19-03-2018 16:30 INFO  - Search Count is displayed - Pass
19-03-2018 16:30 INFO  - Enetered Login is clicked - Pass
19-03-2018 16:30 INFO  - Email is entered in the field - Pass
19-03-2018 16:30 INFO  - Spider@123 is entered in Password - Pass
19-03-2018 16:30 INFO  - PDP Page wait is displayed - Pass
19-03-2018 16:30 INFO  - Enetered Login is clicked - Pass
19-03-2018 16:30 INFO  - Email is entered in the field - Pass
19-03-2018 16:30 INFO  - Spider@123 is entered in Password - Pass
19-03-2018 16:30 INFO  - billingaddress is displayed - Pass
19-03-2018 16:30 INFO  - scrolled to billingaddress - Pass
19-03-2018 16:30 INFO  - billingaddress clicked is clicked - Pass
19-03-2018 16:30 INFO  - payment is displayed - Pass
19-03-2018 16:30 INFO  - scrolled to payment - Pass
19-03-2018 16:30 INFO  - payment clicked is clicked - Pass
19-03-2018 16:30 INFO  - Wait is displayed - Pass
19-03-2018 16:30 INFO  - Product QTY increment is displayed - Pass
19-03-2018 16:30 INFO  - scrolled to QTY - Pass
19-03-2018 16:30 INFO  - Increment Click is clicked - Pass
19-03-2018 16:30 INFO  - Wait is displayed - Pass
19-03-2018 16:30 INFO  - http://m.lordandtaylor.com/ is opened - Pass
19-03-2018 16:30 INFO  - Click Search is clicked - Pass
19-03-2018 16:30 INFO  - Shoes is entered in Search - Pass
19-03-2018 16:30 INFO  - http://m.lordandtaylor.com/ is opened - Pass
19-03-2018 16:31 INFO  - http://m.lordandtaylor.com/ is opened - Pass
19-03-2018 16:31 INFO  - Wait to get site Loaded is displayed - Pass
19-03-2018 16:31 INFO  - Click Menu is clicked - Pass
19-03-2018 16:31 INFO  - Menu Clicked is clicked - Pass
19-03-2018 16:31 INFO  - Sub Menu Clicked is clicked - Pass
19-03-2018 16:31 INFO  - search/PLP page is displayed - Pass
19-03-2018 16:31 INFO  - Search Count is displayed - Pass
19-03-2018 16:31 INFO  - Sub Menu2 Clicked is clicked - Pass
19-03-2018 16:31 INFO  - PDP Page wait is displayed - Pass
19-03-2018 16:31 INFO  - Click Cart is clicked - Pass
19-03-2018 16:31 INFO  - Cart wrapper Opened is displayed - Pass
19-03-2018 16:31 INFO  - Cart Empty Text is displayed - Pass
19-03-2018 16:31 INFO  - Back To Homepage is clicked - Pass
19-03-2018 16:31 INFO  - Wait is displayed - Pass
19-03-2018 16:31 INFO  - Product QTY increment is displayed - Pass
19-03-2018 16:31 INFO  - scrolled to QTY - Pass
19-03-2018 16:31 INFO  - Increment Click is clicked - Pass
19-03-2018 16:31 INFO  - Wait is displayed - Pass
19-03-2018 16:31 INFO  - Product QTY decrement is displayed - Pass
19-03-2018 16:31 INFO  - scrolled to QTY - Pass
19-03-2018 16:31 INFO  - Wait is displayed - Pass
19-03-2018 16:31 INFO  - Decrement Click is clicked - Pass
19-03-2018 16:31 INFO  - Wait is displayed - Pass
19-03-2018 16:31 INFO  - PDP Page wait is displayed - Pass
19-03-2018 16:31 INFO  - Wait Bag Qty is displayed - Pass
19-03-2018 16:31 INFO  - scrolled to Scroll Bag Qty - Pass
19-03-2018 16:31 INFO  - scrolled to Scrolling - Pass
19-03-2018 16:31 INFO  - Colour Field present is displayed - Pass
19-03-2018 16:31 INFO  - Size field is displayed - Pass
19-03-2018 16:31 INFO  - scrolled to Add To Bag - Pass
19-03-2018 16:31 INFO  - Add To Bag Clicked is clicked - Pass
19-03-2018 16:31 INFO  - PDP overlay is displayed - Pass
19-03-2018 16:31 INFO  - Wait Bag Qty is displayed - Pass
19-03-2018 16:31 INFO  - scrolled to Scroll Bag Qty - Pass
19-03-2018 16:31 INFO  - http://m.lordandtaylor.com/ is opened - Pass
19-03-2018 16:31 INFO  - Wait to get site Loaded is displayed - Pass
19-03-2018 16:31 INFO  - Click Menu is clicked - Pass
19-03-2018 16:31 INFO  - Menu Clicked is clicked - Pass
19-03-2018 16:31 INFO  - Sub Menu Clicked is clicked - Pass
19-03-2018 16:31 INFO  - http://m.lordandtaylor.com/ is opened - Pass
19-03-2018 16:31 INFO  - Wait to get site Loaded is displayed - Pass
19-03-2018 16:31 INFO  - Click Menu is clicked - Pass
19-03-2018 16:31 INFO  - Menu Clicked is clicked - Pass
19-03-2018 16:31 INFO  - Sub Menu Clicked is clicked - Pass
19-03-2018 16:31 INFO  - http://m.lordandtaylor.com/ is opened - Pass
19-03-2018 16:31 INFO  - Click Search is clicked - Pass
19-03-2018 16:31 INFO  - Shirts is entered in Search - Pass
19-03-2018 16:31 INFO  - Sub Menu2 Clicked is clicked - Pass
19-03-2018 16:31 INFO  - Sub Menu2 Clicked is clicked - Pass
19-03-2018 16:31 INFO  - PDP Page wait is displayed - Pass
19-03-2018 16:31 INFO  - search/PLP page is displayed - Pass
19-03-2018 16:31 INFO  - Search Count is displayed - Pass
19-03-2018 16:31 INFO  - scrolled to Scrolling - Pass
19-03-2018 16:31 INFO  - Colour Field present is displayed - Pass
19-03-2018 16:31 INFO  - Size field is displayed - Pass
19-03-2018 16:31 INFO  - scrolled to Add To Bag - Pass
19-03-2018 16:31 INFO  - Add To Bag Clicked is clicked - Pass
19-03-2018 16:31 INFO  - Success Overlay is displayed - Pass
19-03-2018 16:31 INFO  - PDP Page wait is displayed - Pass
19-03-2018 16:31 INFO  - scrolled to Scrolling - Pass
19-03-2018 16:31 INFO  - Colour Field present is displayed - Pass
19-03-2018 16:31 INFO  - Size field is displayed - Pass
19-03-2018 16:31 INFO  - scrolled to Add To Bag - Pass
19-03-2018 16:31 INFO  - Add To Bag Clicked is clicked - Pass
19-03-2018 16:31 INFO  - PDP Page wait is displayed - Pass
19-03-2018 16:31 INFO  - scrolled to Scrolling - Pass
19-03-2018 16:31 INFO  - Colour Field present is displayed - Pass
19-03-2018 16:31 INFO  - Size field is displayed - Pass
19-03-2018 16:31 INFO  - scrolled to Add To Bag - Pass
19-03-2018 16:31 INFO  - Add To Bag Clicked is clicked - Pass
19-03-2018 16:31 INFO  - Success Overlay is displayed - Pass
19-03-2018 16:31 INFO  - Success Overlay is displayed - Pass
19-03-2018 16:32 INFO  - Checkout Clicked is clicked - Pass
19-03-2018 16:32 INFO  - IS Cart page products is displayed is displayed - Pass
19-03-2018 16:32 INFO  - Is Cart page Displayed is displayed - Pass
19-03-2018 16:32 INFO  - Is product price Displayed is displayed - Pass
19-03-2018 16:32 INFO  - Is Item total price is displayed is displayed - Pass
19-03-2018 16:32 INFO  - Is product QTY Displayed is displayed - Pass
19-03-2018 16:32 INFO  - Increment Product QTY to 2 is entered in the field - Pass
19-03-2018 16:32 INFO  - Checkout Clicked is clicked - Pass
19-03-2018 16:32 INFO  - Product Description is displayed - Pass
19-03-2018 16:32 INFO  - Product Inventory Status is displayed - Pass
19-03-2018 16:32 INFO  - Product SKUID is displayed - Pass
19-03-2018 16:32 INFO  - Product Edit is displayed - Pass
19-03-2018 16:32 INFO  - Product Remove is displayed - Pass
19-03-2018 16:32 INFO  - Product Save Later is displayed - Pass
19-03-2018 16:32 INFO  - Product Size is displayed - Pass
19-03-2018 16:32 INFO  - Product Colour is displayed - Pass
19-03-2018 16:32 INFO  - Product Clearance Price is displayed - Pass
19-03-2018 16:32 INFO  - Product Sale Price is displayed - Pass
19-03-2018 16:32 INFO  - Checkout Clicked is clicked - Pass
19-03-2018 16:32 INFO  - Wait is displayed - Pass
19-03-2018 16:32 INFO  - Edit Button is clicked - Pass
19-03-2018 16:32 INFO  - PDP Edit overlay is displayed - Pass
19-03-2018 16:32 ERROR - TimeoutException
org.openqa.selenium.TimeoutException: Expected condition failed: waiting for visibility of element located by By.id: pdpAddtoBagBtn (tried for 10 second(s) with 500 MILLISECONDS interval)
	at org.openqa.selenium.support.ui.WebDriverWait.timeoutException(WebDriverWait.java:82)
	at org.openqa.selenium.support.ui.FluentWait.until(FluentWait.java:231)
	at com.skava.framework.action.SeleniumActionEngine.explicitWaitforVisibility(SeleniumActionEngine.java:183)
	at com.skava.framework.action.SeleniumActionEngine.isElementDisplayed(SeleniumActionEngine.java:201)
	at com.skava.reusable.components.CartComponents.cartQtyIncrement(CartComponents.java:337)
	at com.skava.testcases.LT_766_Cart_PriceCheck.LT_766_Cart_Price_Check(LT_766_Cart_PriceCheck.java:36)
	at sun.reflect.NativeMethodAccessorImpl.invoke0(Native Method)
	at sun.reflect.NativeMethodAccessorImpl.invoke(Unknown Source)
	at sun.reflect.DelegatingMethodAccessorImpl.invoke(Unknown Source)
	at java.lang.reflect.Method.invoke(Unknown Source)
	at org.testng.internal.MethodInvocationHelper.invokeMethod(MethodInvocationHelper.java:108)
	at org.testng.internal.Invoker.invokeMethod(Invoker.java:669)
	at org.testng.internal.Invoker.invokeTestMethod(Invoker.java:877)
	at org.testng.internal.Invoker.invokeTestMethods(Invoker.java:1201)
	at org.testng.internal.TestMethodWorker.invokeTestMethods(TestMethodWorker.java:125)
	at org.testng.internal.TestMethodWorker.run(TestMethodWorker.java:109)
	at java.util.concurrent.ThreadPoolExecutor.runWorker(Unknown Source)
	at java.util.concurrent.ThreadPoolExecutor$Worker.run(Unknown Source)
	at java.lang.Thread.run(Unknown Source)
Caused by: org.openqa.selenium.NoSuchElementException: Cannot locate an element using By.id: pdpAddtoBagBtn
For documentation on this error, please visit: http://seleniumhq.org/exceptions/no_such_element.html
Build info: version: '3.2.0', revision: '8c03df6b79', time: '2017-02-23 10:51:31 +0000'
System info: host: 'DESKTOP-AQOISD1', ip: '192.168.234.84', os.name: 'Windows 10', os.arch: 'amd64', os.version: '10.0', java.version: '1.8.0_112'
Driver info: driver.version: unknown
	at org.openqa.selenium.support.ui.ExpectedConditions.lambda$findElement$0(ExpectedConditions.java:882)
	at java.util.Optional.orElseThrow(Unknown Source)
	at org.openqa.selenium.support.ui.ExpectedConditions.findElement(ExpectedConditions.java:881)
	at org.openqa.selenium.support.ui.ExpectedConditions.access$000(ExpectedConditions.java:43)
	at org.openqa.selenium.support.ui.ExpectedConditions$7.apply(ExpectedConditions.java:205)
	at org.openqa.selenium.support.ui.ExpectedConditions$7.apply(ExpectedConditions.java:201)
	at org.openqa.selenium.support.ui.FluentWait.until(FluentWait.java:208)
	... 17 more
19-03-2018 16:32 ERROR - Wait is not present - failed
19-03-2018 16:32 INFO  - Cart loading overview is displayed - Pass
19-03-2018 16:32 INFO  - Is Item total price is displayed is displayed - Pass
19-03-2018 16:32 INFO  - Discount for product is displayed - Pass
19-03-2018 16:32 INFO  - Is Item total price is displayed is displayed - Pass
19-03-2018 16:32 INFO  - Is product QTY Displayed is displayed - Pass
19-03-2018 16:32 INFO  - Decrement Product QTY to 1 is entered in the field - Pass
19-03-2018 16:32 INFO  - http://m.lordandtaylor.com/ is opened - Pass
19-03-2018 16:32 INFO  - Click Search is clicked - Pass
19-03-2018 16:32 INFO  - dress is entered in Search - Pass
19-03-2018 16:32 ERROR - TimeoutException
org.openqa.selenium.TimeoutException: Expected condition failed: waiting for visibility of element located by By.id: pdpAddtoBagBtn (tried for 10 second(s) with 500 MILLISECONDS interval)
	at org.openqa.selenium.support.ui.WebDriverWait.timeoutException(WebDriverWait.java:82)
	at org.openqa.selenium.support.ui.FluentWait.until(FluentWait.java:231)
	at com.skava.framework.action.SeleniumActionEngine.explicitWaitforVisibility(SeleniumActionEngine.java:183)
	at com.skava.framework.action.SeleniumActionEngine.isElementDisplayed(SeleniumActionEngine.java:201)
	at com.skava.reusable.components.CartComponents.cartQtyDecrement(CartComponents.java:355)
	at com.skava.testcases.LT_766_Cart_PriceCheck.LT_766_Cart_Price_Check(LT_766_Cart_PriceCheck.java:40)
	at sun.reflect.NativeMethodAccessorImpl.invoke0(Native Method)
	at sun.reflect.NativeMethodAccessorImpl.invoke(Unknown Source)
	at sun.reflect.DelegatingMethodAccessorImpl.invoke(Unknown Source)
	at java.lang.reflect.Method.invoke(Unknown Source)
	at org.testng.internal.MethodInvocationHelper.invokeMethod(MethodInvocationHelper.java:108)
	at org.testng.internal.Invoker.invokeMethod(Invoker.java:669)
	at org.testng.internal.Invoker.invokeTestMethod(Invoker.java:877)
	at org.testng.internal.Invoker.invokeTestMethods(Invoker.java:1201)
	at org.testng.internal.TestMethodWorker.invokeTestMethods(TestMethodWorker.java:125)
	at org.testng.internal.TestMethodWorker.run(TestMethodWorker.java:109)
	at java.util.concurrent.ThreadPoolExecutor.runWorker(Unknown Source)
	at java.util.concurrent.ThreadPoolExecutor$Worker.run(Unknown Source)
	at java.lang.Thread.run(Unknown Source)
Caused by: org.openqa.selenium.NoSuchElementException: Cannot locate an element using By.id: pdpAddtoBagBtn
For documentation on this error, please visit: http://seleniumhq.org/exceptions/no_such_element.html
Build info: version: '3.2.0', revision: '8c03df6b79', time: '2017-02-23 10:51:31 +0000'
System info: host: 'DESKTOP-AQOISD1', ip: '192.168.234.84', os.name: 'Windows 10', os.arch: 'amd64', os.version: '10.0', java.version: '1.8.0_112'
Driver info: driver.version: unknown
	at org.openqa.selenium.support.ui.ExpectedConditions.lambda$findElement$0(ExpectedConditions.java:882)
	at java.util.Optional.orElseThrow(Unknown Source)
	at org.openqa.selenium.support.ui.ExpectedConditions.findElement(ExpectedConditions.java:881)
	at org.openqa.selenium.support.ui.ExpectedConditions.access$000(ExpectedConditions.java:43)
	at org.openqa.selenium.support.ui.ExpectedConditions$7.apply(ExpectedConditions.java:205)
	at org.openqa.selenium.support.ui.ExpectedConditions$7.apply(ExpectedConditions.java:201)
	at org.openqa.selenium.support.ui.FluentWait.until(FluentWait.java:208)
	... 17 more
19-03-2018 16:32 ERROR - Wait is not present - failed
19-03-2018 16:32 INFO  - Cart loading overview is displayed - Pass
19-03-2018 16:32 INFO  - Is Item total price is displayed is displayed - Pass
19-03-2018 16:32 INFO  - http://m.lordandtaylor.com/ is opened - Pass
19-03-2018 16:32 INFO  - Discount for product is displayed - Pass
19-03-2018 16:32 INFO  - Click Search is clicked - Pass
19-03-2018 16:32 INFO  - Jeans is entered in Search - Pass
19-03-2018 16:32 INFO  - search/PLP page is displayed - Pass
19-03-2018 16:32 INFO  - Search Count is displayed - Pass
19-03-2018 16:32 INFO  - search/PLP page is displayed - Pass
19-03-2018 16:32 INFO  - Search Count is displayed - Pass
19-03-2018 16:32 INFO  - http://m.lordandtaylor.com/ is opened - Pass
19-03-2018 16:32 INFO  - Wait to get site Loaded is displayed - Pass
19-03-2018 16:32 INFO  - Click Menu is clicked - Pass
19-03-2018 16:32 INFO  - PDP Page wait is displayed - Pass
19-03-2018 16:32 INFO  - scrolled to Scrolling - Pass
19-03-2018 16:32 INFO  - Colour Field present is displayed - Pass
19-03-2018 16:32 INFO  - Size field is displayed - Pass
19-03-2018 16:32 INFO  - PDP Page wait is displayed - Pass
19-03-2018 16:32 INFO  - scrolled to Scrolling - Pass
19-03-2018 16:32 INFO  - Colour Field present is displayed - Pass
19-03-2018 16:32 INFO  - scrolled to Add To Bag - Pass
19-03-2018 16:32 INFO  - Add To Bag Clicked is clicked - Pass
19-03-2018 16:32 INFO  - Size field is displayed - Pass
19-03-2018 16:32 INFO  - scrolled to Add To Bag - Pass
19-03-2018 16:32 INFO  - Add To Bag Clicked is clicked - Pass
19-03-2018 16:32 INFO  - Success Overlay is displayed - Pass
19-03-2018 16:32 INFO  - Success Overlay is displayed - Pass
19-03-2018 16:33 ERROR - TimeoutException
org.openqa.selenium.TimeoutException: Expected condition failed: waiting for visibility of element located by By.xpath: //*[@id='sk_mobCategory_id']/div[1]/div[1]/div[3] (tried for 20 second(s) with 500 MILLISECONDS interval)
Build info: version: '3.2.0', revision: '8c03df6b79', time: '2017-02-23 10:51:31 +0000'
System info: host: 'DESKTOP-AQOISD1', ip: '192.168.234.84', os.name: 'Windows 10', os.arch: 'amd64', os.version: '10.0', java.version: '1.8.0_112'
Driver info: org.openqa.selenium.chrome.ChromeDriver
Capabilities [{applicationCacheEnabled=false, rotatable=false, mobileEmulationEnabled=false, networkConnectionEnabled=false, chrome={chromedriverVersion=2.33.506120 (e3e53437346286c0bc2d2dc9aa4915ba81d9023f), userDataDir=C:\Users\arunraj.n\AppData\Local\Temp\scoped_dir14480_13993}, takesHeapSnapshot=true, pageLoadStrategy=normal, databaseEnabled=false, handlesAlerts=true, hasTouchScreen=false, version=64.0.3282.186, platform=XP, browserConnectionEnabled=false, nativeEvents=true, acceptSslCerts=true, locationContextEnabled=true, webStorageEnabled=true, browserName=chrome, takesScreenshot=true, javascriptEnabled=true, cssSelectorsEnabled=true, setWindowRect=true, unexpectedAlertBehaviour=}]
Session ID: 9885bb1d967f392a17910d4cde18ea80
	at org.openqa.selenium.support.ui.WebDriverWait.timeoutException(WebDriverWait.java:82)
	at org.openqa.selenium.support.ui.FluentWait.until(FluentWait.java:231)
	at com.skava.framework.action.SeleniumActionEngine.explicitWaitforVisibility(SeleniumActionEngine.java:183)
	at com.skava.framework.action.SeleniumActionEngine.clickElement(SeleniumActionEngine.java:100)
	at com.skava.reusable.components.HomePageComponents.menuCategoryValidation(HomePageComponents.java:113)
	at com.skava.testcases.LT_730_SaveForLaterValidation.LT_730_SaveForLaterValidation(LT_730_SaveForLaterValidation.java:27)
	at sun.reflect.NativeMethodAccessorImpl.invoke0(Native Method)
	at sun.reflect.NativeMethodAccessorImpl.invoke(Unknown Source)
	at sun.reflect.DelegatingMethodAccessorImpl.invoke(Unknown Source)
	at java.lang.reflect.Method.invoke(Unknown Source)
	at org.testng.internal.MethodInvocationHelper.invokeMethod(MethodInvocationHelper.java:108)
	at org.testng.internal.Invoker.invokeMethod(Invoker.java:669)
	at org.testng.internal.Invoker.invokeTestMethod(Invoker.java:877)
	at org.testng.internal.Invoker.invokeTestMethods(Invoker.java:1201)
	at org.testng.internal.TestMethodWorker.invokeTestMethods(TestMethodWorker.java:125)
	at org.testng.internal.TestMethodWorker.run(TestMethodWorker.java:109)
	at java.util.concurrent.ThreadPoolExecutor.runWorker(Unknown Source)
	at java.util.concurrent.ThreadPoolExecutor$Worker.run(Unknown Source)
	at java.lang.Thread.run(Unknown Source)
19-03-2018 16:33 ERROR - Menu Clicked is not present - failed
19-03-2018 16:33 INFO  - Checkout Clicked is clicked - Pass
19-03-2018 16:33 INFO  - Wait is displayed - Pass
19-03-2018 16:33 INFO  - Remove Button is clicked - Pass
19-03-2018 16:33 INFO  - Remove Confirmation Button is displayed - Pass
19-03-2018 16:33 INFO  - Remove Confirmation Button is displayed - Pass
19-03-2018 16:33 INFO  - Checkout Clicked is clicked - Pass
19-03-2018 16:33 INFO  - Wait is displayed - Pass
19-03-2018 16:33 INFO  - Remove Button is clicked - Pass
19-03-2018 16:33 INFO  - Remove Confirmation Button is displayed - Pass
19-03-2018 16:33 INFO  - Remove Confirmation Button is displayed - Pass
19-03-2018 16:33 INFO  - Product Removed is clicked - Pass
19-03-2018 16:33 INFO  - Product Removed is displayed - Pass
19-03-2018 16:33 INFO  - http://m.lordandtaylor.com/ is opened - Pass
19-03-2018 16:33 INFO  - Click Search is clicked - Pass
19-03-2018 16:33 INFO  - Shirts is entered in Search - Pass
19-03-2018 16:33 ERROR - TimeoutException
org.openqa.selenium.TimeoutException: Expected condition failed: waiting for visibility of element located by By.xpath: //*[@id='sk_mobCategory_id']/div[1]/div[2]/div[2]/a/div/div[4] (tried for 20 second(s) with 500 MILLISECONDS interval)
Build info: version: '3.2.0', revision: '8c03df6b79', time: '2017-02-23 10:51:31 +0000'
System info: host: 'DESKTOP-AQOISD1', ip: '192.168.234.84', os.name: 'Windows 10', os.arch: 'amd64', os.version: '10.0', java.version: '1.8.0_112'
Driver info: org.openqa.selenium.chrome.ChromeDriver
Capabilities [{applicationCacheEnabled=false, rotatable=false, mobileEmulationEnabled=false, networkConnectionEnabled=false, chrome={chromedriverVersion=2.33.506120 (e3e53437346286c0bc2d2dc9aa4915ba81d9023f), userDataDir=C:\Users\arunraj.n\AppData\Local\Temp\scoped_dir14480_13993}, takesHeapSnapshot=true, pageLoadStrategy=normal, databaseEnabled=false, handlesAlerts=true, hasTouchScreen=false, version=64.0.3282.186, platform=XP, browserConnectionEnabled=false, nativeEvents=true, acceptSslCerts=true, locationContextEnabled=true, webStorageEnabled=true, browserName=chrome, takesScreenshot=true, javascriptEnabled=true, cssSelectorsEnabled=true, setWindowRect=true, unexpectedAlertBehaviour=}]
Session ID: 9885bb1d967f392a17910d4cde18ea80
	at org.openqa.selenium.support.ui.WebDriverWait.timeoutException(WebDriverWait.java:82)
	at org.openqa.selenium.support.ui.FluentWait.until(FluentWait.java:231)
	at com.skava.framework.action.SeleniumActionEngine.explicitWaitforVisibility(SeleniumActionEngine.java:183)
	at com.skava.framework.action.SeleniumActionEngine.clickElement(SeleniumActionEngine.java:100)
	at com.skava.reusable.components.HomePageComponents.menuCategoryValidation(HomePageComponents.java:114)
	at com.skava.testcases.LT_730_SaveForLaterValidation.LT_730_SaveForLaterValidation(LT_730_SaveForLaterValidation.java:27)
	at sun.reflect.NativeMethodAccessorImpl.invoke0(Native Method)
	at sun.reflect.NativeMethodAccessorImpl.invoke(Unknown Source)
	at sun.reflect.DelegatingMethodAccessorImpl.invoke(Unknown Source)
	at java.lang.reflect.Method.invoke(Unknown Source)
	at org.testng.internal.MethodInvocationHelper.invokeMethod(MethodInvocationHelper.java:108)
	at org.testng.internal.Invoker.invokeMethod(Invoker.java:669)
	at org.testng.internal.Invoker.invokeTestMethod(Invoker.java:877)
	at org.testng.internal.Invoker.invokeTestMethods(Invoker.java:1201)
	at org.testng.internal.TestMethodWorker.invokeTestMethods(TestMethodWorker.java:125)
	at org.testng.internal.TestMethodWorker.run(TestMethodWorker.java:109)
	at java.util.concurrent.ThreadPoolExecutor.runWorker(Unknown Source)
	at java.util.concurrent.ThreadPoolExecutor$Worker.run(Unknown Source)
	at java.lang.Thread.run(Unknown Source)
19-03-2018 16:33 ERROR - Sub Menu Clicked is not present - failed
19-03-2018 16:33 INFO  - http://m.lordandtaylor.com/ is opened - Pass
19-03-2018 16:33 INFO  - Click Search is clicked - Pass
19-03-2018 16:33 INFO  - Shoes is entered in Search - Pass
19-03-2018 16:33 INFO  - search/PLP page is displayed - Pass
19-03-2018 16:33 INFO  - Search Count is displayed - Pass
19-03-2018 16:33 INFO  - PDP Page wait is displayed - Pass
19-03-2018 16:33 INFO  - search/PLP page is displayed - Pass
19-03-2018 16:33 INFO  - Search Count is displayed - Pass
19-03-2018 16:33 INFO  - scrolled to Scrolling - Pass
19-03-2018 16:33 INFO  - Colour Field present is displayed - Pass
19-03-2018 16:33 INFO  - Size field is displayed - Pass
19-03-2018 16:33 INFO  - scrolled to Add To Bag - Pass
19-03-2018 16:33 INFO  - Add To Bag Clicked is clicked - Pass
19-03-2018 16:33 INFO  - PDP Page wait is displayed - Pass
19-03-2018 16:33 INFO  - Success Overlay is displayed - Pass
19-03-2018 16:33 INFO  - scrolled to Scrolling - Pass
19-03-2018 16:33 INFO  - Colour Field present is displayed - Pass
19-03-2018 16:33 INFO  - Size field is displayed - Pass
19-03-2018 16:33 INFO  - scrolled to Add To Bag - Pass
19-03-2018 16:33 INFO  - Add To Bag Clicked is clicked - Pass
19-03-2018 16:33 ERROR - TimeoutException
org.openqa.selenium.TimeoutException: Expected condition failed: waiting for visibility of element located by By.xpath: //*[@id='sk_mobCategory_id']/div[1]/div[2]/div[2]/div/div[1]/a/div/div[4] (tried for 20 second(s) with 500 MILLISECONDS interval)
Build info: version: '3.2.0', revision: '8c03df6b79', time: '2017-02-23 10:51:31 +0000'
System info: host: 'DESKTOP-AQOISD1', ip: '192.168.234.84', os.name: 'Windows 10', os.arch: 'amd64', os.version: '10.0', java.version: '1.8.0_112'
Driver info: org.openqa.selenium.chrome.ChromeDriver
Capabilities [{applicationCacheEnabled=false, rotatable=false, mobileEmulationEnabled=false, networkConnectionEnabled=false, chrome={chromedriverVersion=2.33.506120 (e3e53437346286c0bc2d2dc9aa4915ba81d9023f), userDataDir=C:\Users\arunraj.n\AppData\Local\Temp\scoped_dir14480_13993}, takesHeapSnapshot=true, pageLoadStrategy=normal, databaseEnabled=false, handlesAlerts=true, hasTouchScreen=false, version=64.0.3282.186, platform=XP, browserConnectionEnabled=false, nativeEvents=true, acceptSslCerts=true, locationContextEnabled=true, webStorageEnabled=true, browserName=chrome, takesScreenshot=true, javascriptEnabled=true, cssSelectorsEnabled=true, setWindowRect=true, unexpectedAlertBehaviour=}]
Session ID: 9885bb1d967f392a17910d4cde18ea80
	at org.openqa.selenium.support.ui.WebDriverWait.timeoutException(WebDriverWait.java:82)
	at org.openqa.selenium.support.ui.FluentWait.until(FluentWait.java:231)
	at com.skava.framework.action.SeleniumActionEngine.explicitWaitforVisibility(SeleniumActionEngine.java:183)
	at com.skava.framework.action.SeleniumActionEngine.clickElement(SeleniumActionEngine.java:100)
	at com.skava.reusable.components.HomePageComponents.menuCategoryValidation(HomePageComponents.java:115)
	at com.skava.testcases.LT_730_SaveForLaterValidation.LT_730_SaveForLaterValidation(LT_730_SaveForLaterValidation.java:27)
	at sun.reflect.NativeMethodAccessorImpl.invoke0(Native Method)
	at sun.reflect.NativeMethodAccessorImpl.invoke(Unknown Source)
	at sun.reflect.DelegatingMethodAccessorImpl.invoke(Unknown Source)
	at java.lang.reflect.Method.invoke(Unknown Source)
	at org.testng.internal.MethodInvocationHelper.invokeMethod(MethodInvocationHelper.java:108)
	at org.testng.internal.Invoker.invokeMethod(Invoker.java:669)
	at org.testng.internal.Invoker.invokeTestMethod(Invoker.java:877)
	at org.testng.internal.Invoker.invokeTestMethods(Invoker.java:1201)
	at org.testng.internal.TestMethodWorker.invokeTestMethods(TestMethodWorker.java:125)
	at org.testng.internal.TestMethodWorker.run(TestMethodWorker.java:109)
	at java.util.concurrent.ThreadPoolExecutor.runWorker(Unknown Source)
	at java.util.concurrent.ThreadPoolExecutor$Worker.run(Unknown Source)
	at java.lang.Thread.run(Unknown Source)
19-03-2018 16:33 ERROR - Sub Menu2 Clicked is not present - failed
19-03-2018 16:33 INFO  - Success Overlay is displayed - Pass
19-03-2018 16:33 INFO  - Checkout Clicked is clicked - Pass
19-03-2018 16:33 INFO  - Cart Opened is displayed - Pass
19-03-2018 16:33 INFO  - Product Added to Cart is displayed - Pass
19-03-2018 16:33 INFO  - Wait is displayed - Pass
19-03-2018 16:33 INFO  - Click Checkout is clicked - Pass
19-03-2018 16:33 INFO  - Sign IN Page Navigated is displayed - Pass
19-03-2018 16:33 INFO  - http://m.lordandtaylor.com/ is opened - Pass
19-03-2018 16:33 INFO  - Click Search is clicked - Pass
19-03-2018 16:33 INFO  - Shirts is entered in Search - Pass
19-03-2018 16:33 INFO  - Checkout Clicked is clicked - Pass
19-03-2018 16:33 INFO  - Cart Opened is displayed - Pass
19-03-2018 16:33 INFO  - Product Added to Cart is displayed - Pass
19-03-2018 16:33 INFO  - Wait is displayed - Pass
19-03-2018 16:33 INFO  - Click PayPal is clicked - Pass
19-03-2018 16:34 INFO  - search/PLP page is displayed - Pass
19-03-2018 16:34 INFO  - Search Count is displayed - Pass
19-03-2018 16:34 INFO  - PayPal Page Navigated is displayed - Pass
19-03-2018 16:34 INFO  - http://m.lordandtaylor.com/ is opened - Pass
19-03-2018 16:34 INFO  - Click Search is clicked - Pass
19-03-2018 16:34 INFO  - Shoes is entered in Search - Pass
19-03-2018 16:34 INFO  - PDP Page wait is displayed - Pass
19-03-2018 16:34 INFO  - scrolled to Scrolling - Pass
19-03-2018 16:34 INFO  - search/PLP page is displayed - Pass
19-03-2018 16:34 INFO  - Search Count is displayed - Pass
19-03-2018 16:34 INFO  - Colour Field present is displayed - Pass
19-03-2018 16:34 INFO  - Size field is displayed - Pass
19-03-2018 16:34 INFO  - scrolled to Add To Bag - Pass
19-03-2018 16:34 INFO  - Add To Bag Clicked is clicked - Pass
19-03-2018 16:34 INFO  - Success Overlay is displayed - Pass
19-03-2018 16:34 INFO  - http://m.lordandtaylor.com/ is opened - Pass
19-03-2018 16:34 INFO  - Click Search is clicked - Pass
19-03-2018 16:34 INFO  - shirts is entered in Search - Pass
19-03-2018 16:34 INFO  - PDP Page wait is displayed - Pass
19-03-2018 16:34 INFO  - scrolled to Scrolling - Pass
19-03-2018 16:34 INFO  - Colour Field present is displayed - Pass
19-03-2018 16:34 INFO  - Size field is displayed - Pass
19-03-2018 16:34 INFO  - scrolled to Add To Bag - Pass
19-03-2018 16:34 INFO  - Add To Bag Clicked is clicked - Pass
19-03-2018 16:34 INFO  - search/PLP page is displayed - Pass
19-03-2018 16:34 INFO  - Search Count is displayed - Pass
19-03-2018 16:34 INFO  - Success Overlay is displayed - Pass
19-03-2018 16:34 INFO  - PDP Page wait is displayed - Pass
19-03-2018 16:34 INFO  - scrolled to Scrolling - Pass
19-03-2018 16:34 INFO  - Colour Field present is displayed - Pass
19-03-2018 16:34 INFO  - Checkout Clicked is clicked - Pass
19-03-2018 16:34 INFO  - Cart Opened is displayed - Pass
19-03-2018 16:34 INFO  - Product Added to Cart is displayed - Pass
19-03-2018 16:34 INFO  - scrolled to Scrolling - Pass
19-03-2018 16:34 INFO  - Estimated Shipping is displayed - Pass
19-03-2018 16:34 INFO  - Shipping Method is displayed - Pass
19-03-2018 16:34 INFO  - Zip Code is displayed - Pass
19-03-2018 16:34 INFO  - Item Total is displayed - Pass
19-03-2018 16:34 INFO  - Estimated Shipping is displayed - Pass
19-03-2018 16:34 INFO  - Estimated Tax is displayed - Pass
19-03-2018 16:34 INFO  - Estimated Total is displayed - Pass
19-03-2018 16:34 INFO  - Size field is displayed - Pass
19-03-2018 16:34 INFO  - scrolled to Add To Bag - Pass
19-03-2018 16:34 INFO  - Add To Bag Clicked is clicked - Pass
19-03-2018 16:34 INFO  - Success Overlay is displayed - Pass
19-03-2018 16:34 INFO  - Checkout Clicked is clicked - Pass
19-03-2018 16:34 INFO  - Cart Opened is displayed - Pass
19-03-2018 16:34 INFO  - Product Added to Cart is displayed - Pass
19-03-2018 16:34 INFO  - Wait is displayed - Pass
19-03-2018 16:34 INFO  - Click Checkout is clicked - Pass
19-03-2018 16:34 INFO  - Guest Checkout is displayed - Pass
19-03-2018 16:34 INFO  - User Sign IN is displayed - Pass
19-03-2018 16:34 INFO  - http://m.lordandtaylor.com/ is opened - Pass
19-03-2018 16:34 INFO  - Click Search is clicked - Pass
19-03-2018 16:34 INFO  - Shirts is entered in Search - Pass
19-03-2018 16:34 INFO  - Checkout Clicked is clicked - Pass
19-03-2018 16:34 INFO  - Cart Opened is displayed - Pass
19-03-2018 16:34 INFO  - Product Added to Cart is displayed - Pass
19-03-2018 16:34 INFO  - Wait is displayed - Pass
19-03-2018 16:34 INFO  - Click Checkout is clicked - Pass
19-03-2018 16:35 INFO  - Guest Checkout is displayed - Pass
19-03-2018 16:35 INFO  - User Sign IN is displayed - Pass
19-03-2018 16:35 INFO  - http://m.lordandtaylor.com/ is opened - Pass
19-03-2018 16:35 INFO  - search/PLP page is displayed - Pass
19-03-2018 16:35 INFO  - Wait to get site Loaded is displayed - Pass
19-03-2018 16:35 INFO  - Search Count is displayed - Pass
19-03-2018 16:35 INFO  - Click Menu is clicked - Pass
19-03-2018 16:35 INFO  - PDP Page wait is displayed - Pass
19-03-2018 16:35 INFO  - scrolled to Scrolling - Pass
19-03-2018 16:35 INFO  - http://m.lordandtaylor.com/ is opened - Pass
19-03-2018 16:35 INFO  - Click Search is clicked - Pass
19-03-2018 16:35 INFO  - Shirts is entered in Search - Pass
19-03-2018 16:35 INFO  - Colour Field present is displayed - Pass
19-03-2018 16:35 INFO  - Size field is displayed - Pass
19-03-2018 16:35 INFO  - scrolled to Add To Bag - Pass
19-03-2018 16:35 INFO  - Add To Bag Clicked is clicked - Pass
19-03-2018 16:35 INFO  - Success Overlay is displayed - Pass
19-03-2018 16:35 INFO  - Enetered Login is clicked - Pass
19-03-2018 16:35 INFO  - Email is entered in the field - Pass
19-03-2018 16:35 INFO  - search/PLP page is displayed - Pass
19-03-2018 16:35 INFO  - Search Count is displayed - Pass
19-03-2018 16:35 INFO  - Spider@123 is entered in Password - Pass
19-03-2018 16:35 INFO  - My Account page displayed is displayed - Pass
19-03-2018 16:35 INFO  - PDP Page wait is displayed - Pass
19-03-2018 16:35 INFO  - Checkout Clicked is clicked - Pass
19-03-2018 16:35 INFO  - Cart Opened is displayed - Pass
19-03-2018 16:35 INFO  - Product Added to Cart is displayed - Pass
19-03-2018 16:35 INFO  - Wait is displayed - Pass
19-03-2018 16:35 INFO  - Click Checkout is clicked - Pass
19-03-2018 16:35 INFO  - scrolled to Scrolling - Pass
19-03-2018 16:35 INFO  - Colour Field present is displayed - Pass
19-03-2018 16:35 INFO  - Size field is displayed - Pass
19-03-2018 16:35 INFO  - Guest Checkout is displayed - Pass
19-03-2018 16:35 INFO  - scrolled to Guest Checkout - Pass
19-03-2018 16:35 INFO  - Guest Checkout is clicked - Pass
19-03-2018 16:35 INFO  - scrolled to Add To Bag - Pass
19-03-2018 16:35 INFO  - Add To Bag Clicked is clicked - Pass
19-03-2018 16:35 INFO  - PDP overlay is displayed - Pass
19-03-2018 16:35 INFO  - Success Overlay is displayed - Pass
19-03-2018 16:35 INFO  - Click Cart is clicked - Pass
19-03-2018 16:35 INFO  - Cart Opened is displayed - Pass
19-03-2018 16:35 INFO  - Product Added to Cart is displayed - Pass
19-03-2018 16:35 INFO  - scrolled to BackToUSShipping - Pass
19-03-2018 16:35 INFO  - Guest Checkout is displayed - Pass
19-03-2018 16:35 INFO  - BackToUSShipping is clicked - Pass
19-03-2018 16:35 INFO  - Wait is displayed - Pass
19-03-2018 16:35 INFO  - Checkout Clicked is clicked - Pass
19-03-2018 16:35 INFO  - IS Cart page products is displayed is displayed - Pass
19-03-2018 16:35 INFO  - Is Cart page Displayed is displayed - Pass
19-03-2018 16:35 INFO  - Wait is displayed - Pass
19-03-2018 16:35 INFO  - Click Checkout is clicked - Pass
19-03-2018 16:35 INFO  - Guest Checkout is displayed - Pass
19-03-2018 16:35 INFO  - scrolled to Guest Checkout - Pass
19-03-2018 16:35 INFO  - Guest Checkout is clicked - Pass
19-03-2018 16:36 INFO  - Click Checkout is clicked - Pass
19-03-2018 16:36 INFO  - Review Order Page is displayed - Pass
19-03-2018 16:36 INFO  - Billing Addrs field in Review Order Page is displayed - Pass
19-03-2018 16:36 INFO  - Payment field in Review Order Page is displayed - Pass
19-03-2018 16:36 INFO  - scrolled to Scrolling - Pass
19-03-2018 16:36 INFO  - Shipping Addrs field in Review Order Page is displayed - Pass
19-03-2018 16:36 INFO  - Order Summary field in Review Order Page is displayed - Pass
19-03-2018 16:36 INFO  - Place Order is displayed - Pass
19-03-2018 16:36 INFO  - http://m.lordandtaylor.com/ is opened - Pass
19-03-2018 16:36 INFO  - Click Search is clicked - Pass
19-03-2018 16:36 INFO  - denims is entered in Search - Pass
19-03-2018 16:36 INFO  - Guest Checkout is displayed - Pass
19-03-2018 16:36 INFO  - Guest checkout shipping screen is displayed on tapping guest chekout button is displayed - Pass
19-03-2018 16:36 INFO  - search/PLP page is displayed - Pass
19-03-2018 16:36 INFO  - Search Count is displayed - Pass
19-03-2018 16:36 INFO  - http://m.lordandtaylor.com/ is opened - Pass
19-03-2018 16:36 INFO  - Click Search is clicked - Pass
19-03-2018 16:36 INFO  - pants is entered in Search - Pass
19-03-2018 16:36 INFO  - http://m.lordandtaylor.com/ is opened - Pass
19-03-2018 16:36 INFO  - Click Search is clicked - Pass
19-03-2018 16:36 INFO  - dress is entered in Search - Pass
19-03-2018 16:36 INFO  - PDP Page wait is displayed - Pass
19-03-2018 16:36 INFO  - scrolled to Scrolling - Pass
19-03-2018 16:36 INFO  - Colour Field present is displayed - Pass
19-03-2018 16:36 INFO  - Size field is displayed - Pass
19-03-2018 16:36 INFO  - scrolled to Add To Bag - Pass
19-03-2018 16:36 INFO  - Add To Bag Clicked is clicked - Pass
19-03-2018 16:36 INFO  - search/PLP page is displayed - Pass
19-03-2018 16:36 INFO  - Search Count is displayed - Pass
19-03-2018 16:36 INFO  - PDP overlay is displayed - Pass
19-03-2018 16:36 INFO  - Success Overlay is displayed - Pass
19-03-2018 16:36 INFO  - search/PLP page is displayed - Pass
19-03-2018 16:36 INFO  - Search Count is displayed - Pass
19-03-2018 16:36 INFO  - PDP Page wait is displayed - Pass
19-03-2018 16:36 INFO  - PDP Page wait is displayed - Pass
19-03-2018 16:36 INFO  - scrolled to Scrolling - Pass
19-03-2018 16:36 INFO  - scrolled to Scrolling - Pass
19-03-2018 16:36 INFO  - Colour Field present is displayed - Pass
19-03-2018 16:36 INFO  - Size field is displayed - Pass
19-03-2018 16:36 INFO  - scrolled to Add To Bag - Pass
19-03-2018 16:36 INFO  - Add To Bag Clicked is clicked - Pass
19-03-2018 16:36 INFO  - PDP overlay is displayed - Pass
19-03-2018 16:36 INFO  - Success Overlay is displayed - Pass
19-03-2018 16:36 INFO  - Colour Field present is displayed - Pass
19-03-2018 16:36 INFO  - Size field is displayed - Pass
19-03-2018 16:36 INFO  - scrolled to Add To Bag - Pass
19-03-2018 16:36 INFO  - Add To Bag Clicked is clicked - Pass
19-03-2018 16:36 INFO  - PDP overlay is displayed - Pass
19-03-2018 16:36 INFO  - Success Overlay is displayed - Pass
19-03-2018 16:36 INFO  - Checkout Clicked is clicked - Pass
19-03-2018 16:36 INFO  - IS Cart page products is displayed is displayed - Pass
19-03-2018 16:36 INFO  - Is Cart page Displayed is displayed - Pass
19-03-2018 16:36 INFO  - Wait is displayed - Pass
19-03-2018 16:36 INFO  - Click Checkout is clicked - Pass
19-03-2018 16:36 INFO  - Guest Checkout is displayed - Pass
19-03-2018 16:36 INFO  - scrolled to Guest Checkout - Pass
19-03-2018 16:36 INFO  - Guest Checkout is clicked - Pass
19-03-2018 16:37 INFO  - Checkout Clicked is clicked - Pass
19-03-2018 16:37 INFO  - IS Cart page products is displayed is displayed - Pass
19-03-2018 16:37 INFO  - Is Cart page Displayed is displayed - Pass
19-03-2018 16:37 INFO  - Wait is displayed - Pass
19-03-2018 16:37 INFO  - Click Checkout is clicked - Pass
19-03-2018 16:37 INFO  - Guest Checkout is displayed - Pass
19-03-2018 16:37 INFO  - scrolled to Guest Checkout - Pass
19-03-2018 16:37 INFO  - Guest Checkout is clicked - Pass
19-03-2018 16:37 INFO  - Guest Checkout is displayed - Pass
19-03-2018 16:37 INFO  - Guest checkout shipping screen is displayed on tapping guest chekout button is displayed - Pass
19-03-2018 16:37 INFO  - FirstName is entered in the field - Pass
19-03-2018 16:37 INFO  - SecondName is entered in the field - Pass
19-03-2018 16:37 INFO  - Address 1 is entered in the field - Pass
19-03-2018 16:37 INFO  - Address 2 is entered in the field - Pass
19-03-2018 16:37 INFO  - City is entered in the field - Pass
19-03-2018 16:37 INFO  - scrolled to Scrolling - Pass
19-03-2018 16:37 INFO  - Postal Code is entered in the field - Pass
19-03-2018 16:37 INFO  - PhoneNumber is entered in the field - Pass
19-03-2018 16:37 INFO  - Mail Address is entered in the field - Pass
19-03-2018 16:37 INFO  - Is Continue Checkout Button displayed is displayed - Pass
19-03-2018 16:37 INFO  - scrolled to Scroll to Continue Checkout Button - Pass
19-03-2018 16:37 INFO  - Click Continue checkout button is clicked - Pass
19-03-2018 16:37 INFO  - Address Verification is displayed - Pass
19-03-2018 16:37 INFO  - scrolled to Clicked use as entered in address verification overlay - Pass
19-03-2018 16:37 INFO  - Guest Checkout is displayed - Pass
19-03-2018 16:37 INFO  - Guest checkout shipping screen is displayed on tapping guest chekout button is displayed - Pass
19-03-2018 16:37 INFO  - FirstName is entered in the field - Pass
19-03-2018 16:37 INFO  - SecondName is entered in the field - Pass
19-03-2018 16:37 INFO  - Address 1 is entered in the field - Pass
19-03-2018 16:37 INFO  - Address 2 is entered in the field - Pass
19-03-2018 16:37 INFO  - City is entered in the field - Pass
19-03-2018 16:37 INFO  - scrolled to Scrolling - Pass
19-03-2018 16:37 INFO  - Postal Code is entered in the field - Pass
19-03-2018 16:37 INFO  - PhoneNumber is entered in the field - Pass
19-03-2018 16:37 INFO  - Mail Address is entered in the field - Pass
19-03-2018 16:37 INFO  - Is Continue Checkout Button displayed is displayed - Pass
19-03-2018 16:37 INFO  - scrolled to Scroll to Continue Checkout Button - Pass
19-03-2018 16:37 INFO  - Click Continue checkout button is clicked - Pass
19-03-2018 16:37 INFO  - Address Verification is displayed - Pass
19-03-2018 16:37 INFO  - scrolled to Clicked use as entered in address verification overlay - Pass
19-03-2018 16:37 ERROR - TimeoutException
org.openqa.selenium.TimeoutException: Expected condition failed: waiting for visibility of element located by By.id: pdpAddtoBagBtn (tried for 10 second(s) with 500 MILLISECONDS interval)
	at org.openqa.selenium.support.ui.WebDriverWait.timeoutException(WebDriverWait.java:82)
	at org.openqa.selenium.support.ui.FluentWait.until(FluentWait.java:231)
	at com.skava.framework.action.SeleniumActionEngine.explicitWaitforVisibility(SeleniumActionEngine.java:183)
	at com.skava.framework.action.SeleniumActionEngine.isElementDisplayed(SeleniumActionEngine.java:201)
	at com.skava.reusable.components.CheckoutComponents.addressVerification(CheckoutComponents.java:115)
	at com.skava.testcases.LT_1083_Payment_Page_Guest_Validation.LT_1083_Payment_Page_Guest_Validation(LT_1083_Payment_Page_Guest_Validation.java:41)
	at sun.reflect.NativeMethodAccessorImpl.invoke0(Native Method)
	at sun.reflect.NativeMethodAccessorImpl.invoke(Unknown Source)
	at sun.reflect.DelegatingMethodAccessorImpl.invoke(Unknown Source)
	at java.lang.reflect.Method.invoke(Unknown Source)
	at org.testng.internal.MethodInvocationHelper.invokeMethod(MethodInvocationHelper.java:108)
	at org.testng.internal.Invoker.invokeMethod(Invoker.java:669)
	at org.testng.internal.Invoker.invokeTestMethod(Invoker.java:877)
	at org.testng.internal.Invoker.invokeTestMethods(Invoker.java:1201)
	at org.testng.internal.TestMethodWorker.invokeTestMethods(TestMethodWorker.java:125)
	at org.testng.internal.TestMethodWorker.run(TestMethodWorker.java:109)
	at java.util.concurrent.ThreadPoolExecutor.runWorker(Unknown Source)
	at java.util.concurrent.ThreadPoolExecutor$Worker.run(Unknown Source)
	at java.lang.Thread.run(Unknown Source)
Caused by: org.openqa.selenium.NoSuchElementException: Cannot locate an element using By.id: pdpAddtoBagBtn
For documentation on this error, please visit: http://seleniumhq.org/exceptions/no_such_element.html
Build info: version: '3.2.0', revision: '8c03df6b79', time: '2017-02-23 10:51:31 +0000'
System info: host: 'DESKTOP-AQOISD1', ip: '192.168.234.84', os.name: 'Windows 10', os.arch: 'amd64', os.version: '10.0', java.version: '1.8.0_112'
Driver info: driver.version: unknown
	at org.openqa.selenium.support.ui.ExpectedConditions.lambda$findElement$0(ExpectedConditions.java:882)
	at java.util.Optional.orElseThrow(Unknown Source)
	at org.openqa.selenium.support.ui.ExpectedConditions.findElement(ExpectedConditions.java:881)
	at org.openqa.selenium.support.ui.ExpectedConditions.access$000(ExpectedConditions.java:43)
	at org.openqa.selenium.support.ui.ExpectedConditions$7.apply(ExpectedConditions.java:205)
	at org.openqa.selenium.support.ui.ExpectedConditions$7.apply(ExpectedConditions.java:201)
	at org.openqa.selenium.support.ui.FluentWait.until(FluentWait.java:208)
	... 17 more
19-03-2018 16:37 ERROR - wait is not present - failed
19-03-2018 16:37 INFO  - Clicked OK is displayed - Pass
19-03-2018 16:37 INFO  - Clicked OK is clicked - Pass
19-03-2018 16:37 INFO  - Place Order Page is displayed - Pass
19-03-2018 16:37 ERROR - TimeoutException
org.openqa.selenium.TimeoutException: Expected condition failed: waiting for visibility of element located by By.id: pdpAddtoBagBtn (tried for 10 second(s) with 500 MILLISECONDS interval)
	at org.openqa.selenium.support.ui.WebDriverWait.timeoutException(WebDriverWait.java:82)
	at org.openqa.selenium.support.ui.FluentWait.until(FluentWait.java:231)
	at com.skava.framework.action.SeleniumActionEngine.explicitWaitforVisibility(SeleniumActionEngine.java:183)
	at com.skava.framework.action.SeleniumActionEngine.isElementDisplayed(SeleniumActionEngine.java:201)
	at com.skava.reusable.components.CheckoutComponents.addressVerification(CheckoutComponents.java:115)
	at com.skava.testcases.LT_1176_Review_Order_PlaceOrder_Button_Validation.LT_1176_Review_Order_PlaceOrder_Button_Validation(LT_1176_Review_Order_PlaceOrder_Button_Validation.java:40)
	at sun.reflect.NativeMethodAccessorImpl.invoke0(Native Method)
	at sun.reflect.NativeMethodAccessorImpl.invoke(Unknown Source)
	at sun.reflect.DelegatingMethodAccessorImpl.invoke(Unknown Source)
	at java.lang.reflect.Method.invoke(Unknown Source)
	at org.testng.internal.MethodInvocationHelper.invokeMethod(MethodInvocationHelper.java:108)
	at org.testng.internal.Invoker.invokeMethod(Invoker.java:669)
	at org.testng.internal.Invoker.invokeTestMethod(Invoker.java:877)
	at org.testng.internal.Invoker.invokeTestMethods(Invoker.java:1201)
	at org.testng.internal.TestMethodWorker.invokeTestMethods(TestMethodWorker.java:125)
	at org.testng.internal.TestMethodWorker.run(TestMethodWorker.java:109)
	at java.util.concurrent.ThreadPoolExecutor.runWorker(Unknown Source)
	at java.util.concurrent.ThreadPoolExecutor$Worker.run(Unknown Source)
	at java.lang.Thread.run(Unknown Source)
Caused by: org.openqa.selenium.NoSuchElementException: Cannot locate an element using By.id: pdpAddtoBagBtn
For documentation on this error, please visit: http://seleniumhq.org/exceptions/no_such_element.html
Build info: version: '3.2.0', revision: '8c03df6b79', time: '2017-02-23 10:51:31 +0000'
System info: host: 'DESKTOP-AQOISD1', ip: '192.168.234.84', os.name: 'Windows 10', os.arch: 'amd64', os.version: '10.0', java.version: '1.8.0_112'
Driver info: driver.version: unknown
	at org.openqa.selenium.support.ui.ExpectedConditions.lambda$findElement$0(ExpectedConditions.java:882)
	at java.util.Optional.orElseThrow(Unknown Source)
	at org.openqa.selenium.support.ui.ExpectedConditions.findElement(ExpectedConditions.java:881)
	at org.openqa.selenium.support.ui.ExpectedConditions.access$000(ExpectedConditions.java:43)
	at org.openqa.selenium.support.ui.ExpectedConditions$7.apply(ExpectedConditions.java:205)
	at org.openqa.selenium.support.ui.ExpectedConditions$7.apply(ExpectedConditions.java:201)
	at org.openqa.selenium.support.ui.FluentWait.until(FluentWait.java:208)
	... 17 more
19-03-2018 16:37 ERROR - wait is not present - failed
19-03-2018 16:37 INFO  - Clicked OK is displayed - Pass
19-03-2018 16:37 INFO  - Clicked OK is clicked - Pass
19-03-2018 16:37 INFO  - Place Order Page is displayed - Pass
19-03-2018 16:37 INFO  - Payment Details is displayed - Pass
19-03-2018 16:37 INFO  - Enter Credit card  Number is entered in the field - Pass
19-03-2018 16:37 INFO  - Enter Credit card name is entered in the field - Pass
19-03-2018 16:37 INFO  - Enter CVV Num is entered in the field - Pass
19-03-2018 16:37 INFO  - Is Continue Checkout Button displayed is displayed - Pass
19-03-2018 16:37 INFO  - scrolled to Scroll to Continue Checkout Button - Pass
19-03-2018 16:37 INFO  - Click Continue checkout button is clicked - Pass
19-03-2018 16:37 INFO  - Review Order Page is displayed - Pass
19-03-2018 16:37 INFO  - Billing Addrs field in Review Order Page is displayed - Pass
19-03-2018 16:37 INFO  - Payment field in Review Order Page is displayed - Pass
19-03-2018 16:37 INFO  - scrolled to Scrolling - Pass
19-03-2018 16:37 INFO  - Shipping Addrs field in Review Order Page is displayed - Pass
19-03-2018 16:37 INFO  - Order Summary field in Review Order Page is displayed - Pass
19-03-2018 16:37 INFO  - Place Order is displayed - Pass
19-03-2018 16:37 INFO  - http://m.lordandtaylor.com/ is opened - Pass
19-03-2018 16:37 INFO  - Click Search is clicked - Pass
19-03-2018 16:37 INFO  - shoes is entered in Search - Pass
19-03-2018 16:37 INFO  - search/PLP page is displayed - Pass
19-03-2018 16:37 INFO  - Search Count is displayed - Pass
19-03-2018 16:37 INFO  - http://m.lordandtaylor.com/ is opened - Pass
19-03-2018 16:37 INFO  - Click Search is clicked - Pass
19-03-2018 16:37 INFO  - shirts is entered in Search - Pass
19-03-2018 16:37 INFO  - PDP Page wait is displayed - Pass
19-03-2018 16:37 INFO  - scrolled to Scrolling - Pass
19-03-2018 16:37 INFO  - search/PLP page is displayed - Pass
19-03-2018 16:37 INFO  - Search Count is displayed - Pass
19-03-2018 16:37 INFO  - Colour Field present is displayed - Pass
19-03-2018 16:37 INFO  - Size field is displayed - Pass
19-03-2018 16:38 INFO  - scrolled to Add To Bag - Pass
19-03-2018 16:38 INFO  - Add To Bag Clicked is clicked - Pass
19-03-2018 16:38 INFO  - PDP overlay is displayed - Pass
19-03-2018 16:38 INFO  - Success Overlay is displayed - Pass
19-03-2018 16:38 INFO  - PDP Page wait is displayed - Pass
19-03-2018 16:38 INFO  - scrolled to Scrolling - Pass
19-03-2018 16:38 INFO  - Colour Field present is displayed - Pass
19-03-2018 16:38 INFO  - Size field is displayed - Pass
19-03-2018 16:38 INFO  - scrolled to Add To Bag - Pass
19-03-2018 16:38 INFO  - Add To Bag Clicked is clicked - Pass
19-03-2018 16:38 INFO  - PDP overlay is displayed - Pass
19-03-2018 16:38 INFO  - Success Overlay is displayed - Pass
19-03-2018 16:38 INFO  - Checkout Clicked is clicked - Pass
19-03-2018 16:38 INFO  - IS Cart page products is displayed is displayed - Pass
19-03-2018 16:38 INFO  - Is Cart page Displayed is displayed - Pass
19-03-2018 16:38 INFO  - Wait is displayed - Pass
19-03-2018 16:38 INFO  - Click Checkout is clicked - Pass
19-03-2018 16:38 INFO  - Guest Checkout is displayed - Pass
19-03-2018 16:38 INFO  - scrolled to Guest Checkout - Pass
19-03-2018 16:38 INFO  - Guest Checkout is clicked - Pass
19-03-2018 16:38 INFO  - Checkout Clicked is clicked - Pass
19-03-2018 16:38 INFO  - IS Cart page products is displayed is displayed - Pass
19-03-2018 16:38 INFO  - Is Cart page Displayed is displayed - Pass
19-03-2018 16:38 INFO  - Wait is displayed - Pass
19-03-2018 16:38 INFO  - Click Checkout is clicked - Pass
19-03-2018 16:38 INFO  - Guest Checkout is displayed - Pass
19-03-2018 16:38 INFO  - scrolled to Guest Checkout - Pass
19-03-2018 16:38 INFO  - Guest Checkout is clicked - Pass
19-03-2018 16:38 INFO  - Guest Checkout is displayed - Pass
19-03-2018 16:38 INFO  - Guest checkout shipping screen is displayed on tapping guest chekout button is displayed - Pass
19-03-2018 16:38 INFO  - FirstName is entered in the field - Pass
19-03-2018 16:38 INFO  - SecondName is entered in the field - Pass
19-03-2018 16:38 INFO  - Address 1 is entered in the field - Pass
19-03-2018 16:38 INFO  - Address 2 is entered in the field - Pass
19-03-2018 16:38 INFO  - City is entered in the field - Pass
19-03-2018 16:38 INFO  - scrolled to Scrolling - Pass
19-03-2018 16:38 INFO  - Postal Code is entered in the field - Pass
19-03-2018 16:38 INFO  - PhoneNumber is entered in the field - Pass
19-03-2018 16:38 INFO  - Mail Address is entered in the field - Pass
19-03-2018 16:38 INFO  - Is Continue Checkout Button displayed is displayed - Pass
19-03-2018 16:38 INFO  - scrolled to Scroll to Continue Checkout Button - Pass
19-03-2018 16:38 INFO  - Click Continue checkout button is clicked - Pass
19-03-2018 16:38 INFO  - Address Verification is displayed - Pass
19-03-2018 16:38 INFO  - scrolled to Clicked use as entered in address verification overlay - Pass
19-03-2018 16:38 INFO  - Guest Checkout is displayed - Pass
19-03-2018 16:38 INFO  - Guest checkout shipping screen is displayed on tapping guest chekout button is displayed - Pass
19-03-2018 16:38 INFO  - FirstName is entered in the field - Pass
19-03-2018 16:38 INFO  - SecondName is entered in the field - Pass
19-03-2018 16:38 INFO  - Address 1 is entered in the field - Pass
19-03-2018 16:38 INFO  - Address 2 is entered in the field - Pass
19-03-2018 16:38 INFO  - City is entered in the field - Pass
19-03-2018 16:38 INFO  - scrolled to Scrolling - Pass
19-03-2018 16:38 INFO  - Postal Code is entered in the field - Pass
19-03-2018 16:38 INFO  - PhoneNumber is entered in the field - Pass
19-03-2018 16:38 INFO  - Mail Address is entered in the field - Pass
19-03-2018 16:38 INFO  - Is Continue Checkout Button displayed is displayed - Pass
19-03-2018 16:38 INFO  - scrolled to Scroll to Continue Checkout Button - Pass
19-03-2018 16:38 INFO  - Click Continue checkout button is clicked - Pass
19-03-2018 16:38 INFO  - Address Verification is displayed - Pass
19-03-2018 16:38 INFO  - scrolled to Clicked use as entered in address verification overlay - Pass
19-03-2018 16:38 ERROR - TimeoutException
org.openqa.selenium.TimeoutException: Expected condition failed: waiting for visibility of element located by By.id: pdpAddtoBagBtn (tried for 10 second(s) with 500 MILLISECONDS interval)
	at org.openqa.selenium.support.ui.WebDriverWait.timeoutException(WebDriverWait.java:82)
	at org.openqa.selenium.support.ui.FluentWait.until(FluentWait.java:231)
	at com.skava.framework.action.SeleniumActionEngine.explicitWaitforVisibility(SeleniumActionEngine.java:183)
	at com.skava.framework.action.SeleniumActionEngine.isElementDisplayed(SeleniumActionEngine.java:201)
	at com.skava.reusable.components.CheckoutComponents.addressVerification(CheckoutComponents.java:115)
	at com.skava.testcases.LT_1235_GuestCheckout_Payment_FiledCheck.LT_1235_GuestCheckout_Payment_FiledCheck(LT_1235_GuestCheckout_Payment_FiledCheck.java:40)
	at sun.reflect.NativeMethodAccessorImpl.invoke0(Native Method)
	at sun.reflect.NativeMethodAccessorImpl.invoke(Unknown Source)
	at sun.reflect.DelegatingMethodAccessorImpl.invoke(Unknown Source)
	at java.lang.reflect.Method.invoke(Unknown Source)
	at org.testng.internal.MethodInvocationHelper.invokeMethod(MethodInvocationHelper.java:108)
	at org.testng.internal.Invoker.invokeMethod(Invoker.java:669)
	at org.testng.internal.Invoker.invokeTestMethod(Invoker.java:877)
	at org.testng.internal.Invoker.invokeTestMethods(Invoker.java:1201)
	at org.testng.internal.TestMethodWorker.invokeTestMethods(TestMethodWorker.java:125)
	at org.testng.internal.TestMethodWorker.run(TestMethodWorker.java:109)
	at java.util.concurrent.ThreadPoolExecutor.runWorker(Unknown Source)
	at java.util.concurrent.ThreadPoolExecutor$Worker.run(Unknown Source)
	at java.lang.Thread.run(Unknown Source)
Caused by: org.openqa.selenium.NoSuchElementException: Cannot locate an element using By.id: pdpAddtoBagBtn
For documentation on this error, please visit: http://seleniumhq.org/exceptions/no_such_element.html
Build info: version: '3.2.0', revision: '8c03df6b79', time: '2017-02-23 10:51:31 +0000'
System info: host: 'DESKTOP-AQOISD1', ip: '192.168.234.84', os.name: 'Windows 10', os.arch: 'amd64', os.version: '10.0', java.version: '1.8.0_112'
Driver info: driver.version: unknown
	at org.openqa.selenium.support.ui.ExpectedConditions.lambda$findElement$0(ExpectedConditions.java:882)
	at java.util.Optional.orElseThrow(Unknown Source)
	at org.openqa.selenium.support.ui.ExpectedConditions.findElement(ExpectedConditions.java:881)
	at org.openqa.selenium.support.ui.ExpectedConditions.access$000(ExpectedConditions.java:43)
	at org.openqa.selenium.support.ui.ExpectedConditions$7.apply(ExpectedConditions.java:205)
	at org.openqa.selenium.support.ui.ExpectedConditions$7.apply(ExpectedConditions.java:201)
	at org.openqa.selenium.support.ui.FluentWait.until(FluentWait.java:208)
	... 17 more
19-03-2018 16:38 ERROR - wait is not present - failed
19-03-2018 16:38 INFO  - Clicked OK is displayed - Pass
19-03-2018 16:38 INFO  - Clicked OK is clicked - Pass
19-03-2018 16:38 INFO  - Place Order Page is displayed - Pass
19-03-2018 16:38 INFO  - Payment section is displayed - Pass
19-03-2018 16:38 INFO  - Payment section is displayed - Pass
19-03-2018 16:38 INFO  - scrolled to scroll to gift section - Pass
19-03-2018 16:38 INFO  - Payment gift card section is displayed - Pass
19-03-2018 16:38 INFO  - scrolled to scroll to promo code section - Pass
19-03-2018 16:38 INFO  - Payment promo code section is displayed - Pass
19-03-2018 16:38 INFO  - scrolled to scroll to create account section - Pass
19-03-2018 16:38 INFO  - Payment create account section is displayed - Pass
19-03-2018 16:38 ERROR - TimeoutException
org.openqa.selenium.TimeoutException: Expected condition failed: waiting for visibility of element located by By.id: pdpAddtoBagBtn (tried for 10 second(s) with 500 MILLISECONDS interval)
	at org.openqa.selenium.support.ui.WebDriverWait.timeoutException(WebDriverWait.java:82)
	at org.openqa.selenium.support.ui.FluentWait.until(FluentWait.java:231)
	at com.skava.framework.action.SeleniumActionEngine.explicitWaitforVisibility(SeleniumActionEngine.java:183)
	at com.skava.framework.action.SeleniumActionEngine.isElementDisplayed(SeleniumActionEngine.java:201)
	at com.skava.reusable.components.CheckoutComponents.addressVerification(CheckoutComponents.java:115)
	at com.skava.testcases.LT_1236_GuestCheckout_Payment_FieldCheck.LT_1236_GuestCheckout_Payment_FieldCheck(LT_1236_GuestCheckout_Payment_FieldCheck.java:40)
	at sun.reflect.NativeMethodAccessorImpl.invoke0(Native Method)
	at sun.reflect.NativeMethodAccessorImpl.invoke(Unknown Source)
	at sun.reflect.DelegatingMethodAccessorImpl.invoke(Unknown Source)
	at java.lang.reflect.Method.invoke(Unknown Source)
	at org.testng.internal.MethodInvocationHelper.invokeMethod(MethodInvocationHelper.java:108)
	at org.testng.internal.Invoker.invokeMethod(Invoker.java:669)
	at org.testng.internal.Invoker.invokeTestMethod(Invoker.java:877)
	at org.testng.internal.Invoker.invokeTestMethods(Invoker.java:1201)
	at org.testng.internal.TestMethodWorker.invokeTestMethods(TestMethodWorker.java:125)
	at org.testng.internal.TestMethodWorker.run(TestMethodWorker.java:109)
	at java.util.concurrent.ThreadPoolExecutor.runWorker(Unknown Source)
	at java.util.concurrent.ThreadPoolExecutor$Worker.run(Unknown Source)
	at java.lang.Thread.run(Unknown Source)
Caused by: org.openqa.selenium.NoSuchElementException: Cannot locate an element using By.id: pdpAddtoBagBtn
For documentation on this error, please visit: http://seleniumhq.org/exceptions/no_such_element.html
Build info: version: '3.2.0', revision: '8c03df6b79', time: '2017-02-23 10:51:31 +0000'
System info: host: 'DESKTOP-AQOISD1', ip: '192.168.234.84', os.name: 'Windows 10', os.arch: 'amd64', os.version: '10.0', java.version: '1.8.0_112'
Driver info: driver.version: unknown
	at org.openqa.selenium.support.ui.ExpectedConditions.lambda$findElement$0(ExpectedConditions.java:882)
	at java.util.Optional.orElseThrow(Unknown Source)
	at org.openqa.selenium.support.ui.ExpectedConditions.findElement(ExpectedConditions.java:881)
	at org.openqa.selenium.support.ui.ExpectedConditions.access$000(ExpectedConditions.java:43)
	at org.openqa.selenium.support.ui.ExpectedConditions$7.apply(ExpectedConditions.java:205)
	at org.openqa.selenium.support.ui.ExpectedConditions$7.apply(ExpectedConditions.java:201)
	at org.openqa.selenium.support.ui.FluentWait.until(FluentWait.java:208)
	... 17 more
19-03-2018 16:38 ERROR - wait is not present - failed
19-03-2018 16:38 INFO  - Clicked OK is displayed - Pass
19-03-2018 16:38 INFO  - Clicked OK is clicked - Pass
19-03-2018 16:38 INFO  - Place Order Page is displayed - Pass
19-03-2018 16:38 INFO  - Payment section is displayed - Pass
19-03-2018 16:38 INFO  - Payment section is displayed - Pass
19-03-2018 16:38 INFO  - Payment type is displayed - Pass
19-03-2018 16:38 INFO  - Card no  is displayed - Pass
19-03-2018 16:38 INFO  - Card name  is displayed - Pass
19-03-2018 16:38 INFO  - Card  exp month is displayed - Pass
19-03-2018 16:38 INFO  - Card  exp year is displayed - Pass
19-03-2018 16:38 INFO  - Card  CVV is displayed - Pass
19-03-2018 16:38 INFO  - scrolled to scroll to gift section - Pass
19-03-2018 16:38 INFO  - Payment gift card section is displayed - Pass
19-03-2018 16:38 INFO  - Gift Card No is displayed - Pass
19-03-2018 16:38 INFO  - Gift Card Pin is displayed - Pass
19-03-2018 16:38 INFO  - scrolled to scroll to promo code section - Pass
19-03-2018 16:38 INFO  - Payment promo code section is displayed - Pass
19-03-2018 16:38 INFO  - Promo code field is displayed - Pass
19-03-2018 16:38 INFO  - scrolled to scroll to create account section - Pass
19-03-2018 16:38 INFO  - Payment create account section is displayed - Pass
19-03-2018 16:38 INFO  - Account password field is displayed - Pass
19-03-2018 16:38 INFO  - Account confirm password field is displayed - Pass
19-03-2018 16:38 INFO  - Account password hint field is displayed - Pass
19-03-2018 16:41 ERROR - TimeoutException
org.openqa.selenium.TimeoutException: timeout
  (Session info: chrome=64.0.3282.186)
  (Driver info: chromedriver=2.33.506120 (e3e53437346286c0bc2d2dc9aa4915ba81d9023f),platform=Windows NT 10.0.16299 x86_64) (WARNING: The server did not provide any stacktrace information)
Command duration or timeout: 300.07 seconds
Build info: version: '3.2.0', revision: '8c03df6b79', time: '2017-02-23 10:51:31 +0000'
System info: host: 'DESKTOP-AQOISD1', ip: '192.168.234.84', os.name: 'Windows 10', os.arch: 'amd64', os.version: '10.0', java.version: '1.8.0_112'
Driver info: org.openqa.selenium.chrome.ChromeDriver
Capabilities [{applicationCacheEnabled=false, rotatable=false, mobileEmulationEnabled=false, networkConnectionEnabled=false, chrome={chromedriverVersion=2.33.506120 (e3e53437346286c0bc2d2dc9aa4915ba81d9023f), userDataDir=C:\Users\arunraj.n\AppData\Local\Temp\scoped_dir12068_29582}, takesHeapSnapshot=true, pageLoadStrategy=normal, databaseEnabled=false, handlesAlerts=true, hasTouchScreen=false, version=64.0.3282.186, platform=XP, browserConnectionEnabled=false, nativeEvents=true, acceptSslCerts=true, locationContextEnabled=true, webStorageEnabled=true, browserName=chrome, takesScreenshot=true, javascriptEnabled=true, cssSelectorsEnabled=true, setWindowRect=true, unexpectedAlertBehaviour=}]
Session ID: 7301cc1ff84095fa7b71bc50342eeee1
	at sun.reflect.NativeConstructorAccessorImpl.newInstance0(Native Method)
	at sun.reflect.NativeConstructorAccessorImpl.newInstance(Unknown Source)
	at sun.reflect.DelegatingConstructorAccessorImpl.newInstance(Unknown Source)
	at java.lang.reflect.Constructor.newInstance(Unknown Source)
	at org.openqa.selenium.remote.ErrorHandler.createThrowable(ErrorHandler.java:216)
	at org.openqa.selenium.remote.ErrorHandler.throwIfResponseFailed(ErrorHandler.java:168)
	at org.openqa.selenium.remote.RemoteWebDriver.execute(RemoteWebDriver.java:638)
	at org.openqa.selenium.remote.RemoteWebElement.execute(RemoteWebElement.java:274)
	at org.openqa.selenium.remote.RemoteWebElement.click(RemoteWebElement.java:84)
	at com.skava.framework.action.SeleniumActionEngine.clickElement(SeleniumActionEngine.java:103)
	at com.skava.reusable.components.PLPandPDPComponents.cartSuccess_OverLay(PLPandPDPComponents.java:388)
	at com.skava.testcases.LT_1081_GuestCheckout_AddShipping.LT_1081_GuestCheckout_Add_Shipping(LT_1081_GuestCheckout_AddShipping.java:31)
	at sun.reflect.NativeMethodAccessorImpl.invoke0(Native Method)
	at sun.reflect.NativeMethodAccessorImpl.invoke(Unknown Source)
	at sun.reflect.DelegatingMethodAccessorImpl.invoke(Unknown Source)
	at java.lang.reflect.Method.invoke(Unknown Source)
	at org.testng.internal.MethodInvocationHelper.invokeMethod(MethodInvocationHelper.java:108)
	at org.testng.internal.Invoker.invokeMethod(Invoker.java:669)
	at org.testng.internal.Invoker.invokeTestMethod(Invoker.java:877)
	at org.testng.internal.Invoker.invokeTestMethods(Invoker.java:1201)
	at org.testng.internal.TestMethodWorker.invokeTestMethods(TestMethodWorker.java:125)
	at org.testng.internal.TestMethodWorker.run(TestMethodWorker.java:109)
	at java.util.concurrent.ThreadPoolExecutor.runWorker(Unknown Source)
	at java.util.concurrent.ThreadPoolExecutor$Worker.run(Unknown Source)
	at java.lang.Thread.run(Unknown Source)
19-03-2018 16:41 ERROR - Checkout Clickedis not present - failed
19-03-2018 16:41 INFO  - IS Cart page products is displayed is displayed - Pass
19-03-2018 16:41 INFO  - Is Cart page Displayed is displayed - Pass
19-03-2018 16:41 INFO  - Wait is displayed - Pass
19-03-2018 16:41 INFO  - Click Checkout is clicked - Pass
19-03-2018 16:41 INFO  - Guest Checkout is displayed - Pass
19-03-2018 16:41 INFO  - scrolled to Guest Checkout - Pass
19-03-2018 16:41 INFO  - Guest Checkout is clicked - Pass
19-03-2018 16:41 INFO  - Guest Checkout is displayed - Pass
19-03-2018 16:41 INFO  - Guest checkout shipping screen is displayed on tapping guest chekout button is displayed - Pass
19-03-2018 16:41 INFO  - FirstName is entered in the field - Pass
19-03-2018 16:41 INFO  - SecondName is entered in the field - Pass
19-03-2018 16:41 INFO  - Address 1 is entered in the field - Pass
19-03-2018 16:41 INFO  - Address 2 is entered in the field - Pass
19-03-2018 16:41 INFO  - City is entered in the field - Pass
19-03-2018 16:41 INFO  - scrolled to Scrolling - Pass
19-03-2018 16:41 INFO  - Postal Code is entered in the field - Pass
19-03-2018 16:41 INFO  - Untick default billing option is clicked - Pass
19-03-2018 16:41 INFO  - PhoneNumber is entered in the field - Pass
19-03-2018 16:41 INFO  - Mail Address is entered in the field - Pass
19-03-2018 16:41 INFO  - Is Continue Checkout Button displayed is displayed - Pass
19-03-2018 16:41 INFO  - scrolled to Scroll to Continue Checkout Button - Pass
19-03-2018 16:41 INFO  - Click Continue checkout button is clicked - Pass
19-03-2018 16:41 INFO  - Address Verification is displayed - Pass
19-03-2018 16:41 INFO  - scrolled to Clicked use as entered in address verification overlay - Pass
19-03-2018 16:41 ERROR - TimeoutException
org.openqa.selenium.TimeoutException: Expected condition failed: waiting for visibility of element located by By.id: pdpAddtoBagBtn (tried for 10 second(s) with 500 MILLISECONDS interval)
	at org.openqa.selenium.support.ui.WebDriverWait.timeoutException(WebDriverWait.java:82)
	at org.openqa.selenium.support.ui.FluentWait.until(FluentWait.java:231)
	at com.skava.framework.action.SeleniumActionEngine.explicitWaitforVisibility(SeleniumActionEngine.java:183)
	at com.skava.framework.action.SeleniumActionEngine.isElementDisplayed(SeleniumActionEngine.java:201)
	at com.skava.reusable.components.CheckoutComponents.addressVerification(CheckoutComponents.java:115)
	at com.skava.testcases.LT_1081_GuestCheckout_AddShipping.LT_1081_GuestCheckout_Add_Shipping(LT_1081_GuestCheckout_AddShipping.java:39)
	at sun.reflect.NativeMethodAccessorImpl.invoke0(Native Method)
	at sun.reflect.NativeMethodAccessorImpl.invoke(Unknown Source)
	at sun.reflect.DelegatingMethodAccessorImpl.invoke(Unknown Source)
	at java.lang.reflect.Method.invoke(Unknown Source)
	at org.testng.internal.MethodInvocationHelper.invokeMethod(MethodInvocationHelper.java:108)
	at org.testng.internal.Invoker.invokeMethod(Invoker.java:669)
	at org.testng.internal.Invoker.invokeTestMethod(Invoker.java:877)
	at org.testng.internal.Invoker.invokeTestMethods(Invoker.java:1201)
	at org.testng.internal.TestMethodWorker.invokeTestMethods(TestMethodWorker.java:125)
	at org.testng.internal.TestMethodWorker.run(TestMethodWorker.java:109)
	at java.util.concurrent.ThreadPoolExecutor.runWorker(Unknown Source)
	at java.util.concurrent.ThreadPoolExecutor$Worker.run(Unknown Source)
	at java.lang.Thread.run(Unknown Source)
Caused by: org.openqa.selenium.NoSuchElementException: Cannot locate an element using By.id: pdpAddtoBagBtn
For documentation on this error, please visit: http://seleniumhq.org/exceptions/no_such_element.html
Build info: version: '3.2.0', revision: '8c03df6b79', time: '2017-02-23 10:51:31 +0000'
System info: host: 'DESKTOP-AQOISD1', ip: '192.168.234.84', os.name: 'Windows 10', os.arch: 'amd64', os.version: '10.0', java.version: '1.8.0_112'
Driver info: driver.version: unknown
	at org.openqa.selenium.support.ui.ExpectedConditions.lambda$findElement$0(ExpectedConditions.java:882)
	at java.util.Optional.orElseThrow(Unknown Source)
	at org.openqa.selenium.support.ui.ExpectedConditions.findElement(ExpectedConditions.java:881)
	at org.openqa.selenium.support.ui.ExpectedConditions.access$000(ExpectedConditions.java:43)
	at org.openqa.selenium.support.ui.ExpectedConditions$7.apply(ExpectedConditions.java:205)
	at org.openqa.selenium.support.ui.ExpectedConditions$7.apply(ExpectedConditions.java:201)
	at org.openqa.selenium.support.ui.FluentWait.until(FluentWait.java:208)
	... 17 more
19-03-2018 16:41 ERROR - wait is not present - failed
19-03-2018 16:41 INFO  - Clicked OK is displayed - Pass
19-03-2018 16:41 INFO  - Clicked OK is clicked - Pass
