19-03-2018 18:11 INFO  - http://m.lordandtaylor.com/ is opened - Pass
19-03-2018 18:11 INFO  - Wait to get site Loaded is displayed - Pass
19-03-2018 18:11 INFO  - Click Menu is clicked - Pass
19-03-2018 18:11 INFO  - Menu Closed is clicked - Pass
19-03-2018 18:11 INFO  - http://m.lordandtaylor.com/ is opened - Pass
19-03-2018 18:11 INFO  - Carousel Banner Check is displayed - Pass
19-03-2018 18:11 INFO  - Carousel Banner Check is displayed - Pass
19-03-2018 18:11 INFO  - http://m.lordandtaylor.com/ is opened - Pass
19-03-2018 18:11 INFO  - Carousel Banner Check is displayed - Pass
19-03-2018 18:11 INFO  - Carousel Banner Check is displayed - Pass
19-03-2018 18:11 INFO  - PDP Page wait is displayed - Pass
19-03-2018 18:11 INFO  - http://m.lordandtaylor.com/ is opened - Pass
19-03-2018 18:11 INFO  - Footer Container is displayed - Pass
19-03-2018 18:11 INFO  - scrolled to Scroll to Footer - Pass
19-03-2018 18:11 INFO  - Call & Email Link is displayed - Pass
19-03-2018 18:11 INFO  - signUpForDailyEmails is displayed - Pass
19-03-2018 18:11 INFO  - Social Share Icons is displayed - Pass
19-03-2018 18:11 INFO  - Accordion Menus is displayed - Pass
19-03-2018 18:11 INFO  - SignUpForSms is displayed - Pass
19-03-2018 18:11 INFO  - copyRight is displayed - Pass
19-03-2018 18:11 INFO  - PrivacyPolicy is displayed - Pass
19-03-2018 18:11 INFO  - http://m.lordandtaylor.com/ is opened - Pass
19-03-2018 18:11 INFO  - search/PLP page is displayed - Pass
19-03-2018 18:11 INFO  - http://m.lordandtaylor.com/ is opened - Pass
19-03-2018 18:11 INFO  - http://m.lordandtaylor.com/ is opened - Pass
19-03-2018 18:11 INFO  - Click Search is clicked - Pass
19-03-2018 18:11 INFO  - Search is entered in the field - Pass
19-03-2018 18:11 INFO  - Click Promo is clicked - Pass
19-03-2018 18:11 INFO  - Promo Page is displayed - Pass
19-03-2018 18:11 INFO  - Search Suggesion Displayed is displayed - Pass
19-03-2018 18:11 INFO  - Click Cart is clicked - Pass
19-03-2018 18:11 INFO  - http://m.lordandtaylor.com/ is opened - Pass
19-03-2018 18:11 INFO  - Cart wrapper Opened is displayed - Pass
19-03-2018 18:11 INFO  - Cart Empty Text is displayed - Pass
19-03-2018 18:11 INFO  - Click Search is clicked - Pass
19-03-2018 18:11 INFO  - Search is entered in the field - Pass
19-03-2018 18:11 INFO  - Back To Homepage is clicked - Pass
19-03-2018 18:11 INFO  - Search Suggesion Displayed is displayed - Pass
19-03-2018 18:11 INFO  - Search Suggesion Displayed is displayed - Pass
19-03-2018 18:11 INFO  - http://m.lordandtaylor.com/ is opened - Pass
19-03-2018 18:11 INFO  - Click Search is clicked - Pass
19-03-2018 18:11 INFO  - Shirts is entered in Search - Pass
19-03-2018 18:12 INFO  - http://m.lordandtaylor.com/ is opened - Pass
19-03-2018 18:12 INFO  - Wait to get site Loaded is displayed - Pass
19-03-2018 18:12 INFO  - Click Menu is clicked - Pass
19-03-2018 18:12 ERROR - WebDriverException
org.openqa.selenium.WebDriverException: unknown error: Element is not clickable at point (-8, 587)
  (Session info: chrome=64.0.3282.186)
  (Driver info: chromedriver=2.33.506120 (e3e53437346286c0bc2d2dc9aa4915ba81d9023f),platform=Windows NT 10.0.16299 x86_64) (WARNING: The server did not provide any stacktrace information)
Command duration or timeout: 52 milliseconds
Build info: version: '3.2.0', revision: '8c03df6b79', time: '2017-02-23 10:51:31 +0000'
System info: host: 'DESKTOP-AQOISD1', ip: '192.168.234.84', os.name: 'Windows 10', os.arch: 'amd64', os.version: '10.0', java.version: '1.8.0_112'
Driver info: org.openqa.selenium.chrome.ChromeDriver
Capabilities [{applicationCacheEnabled=false, rotatable=false, mobileEmulationEnabled=false, networkConnectionEnabled=false, chrome={chromedriverVersion=2.33.506120 (e3e53437346286c0bc2d2dc9aa4915ba81d9023f), userDataDir=C:\Users\arunraj.n\AppData\Local\Temp\scoped_dir5016_20762}, takesHeapSnapshot=true, pageLoadStrategy=normal, databaseEnabled=false, handlesAlerts=true, hasTouchScreen=false, version=64.0.3282.186, platform=XP, browserConnectionEnabled=false, nativeEvents=true, acceptSslCerts=true, locationContextEnabled=true, webStorageEnabled=true, browserName=chrome, takesScreenshot=true, javascriptEnabled=true, cssSelectorsEnabled=true, setWindowRect=true, unexpectedAlertBehaviour=}]
Session ID: 552706113272cd98361e8dd1b3c26ba2
	at sun.reflect.NativeConstructorAccessorImpl.newInstance0(Native Method)
	at sun.reflect.NativeConstructorAccessorImpl.newInstance(Unknown Source)
	at sun.reflect.DelegatingConstructorAccessorImpl.newInstance(Unknown Source)
	at java.lang.reflect.Constructor.newInstance(Unknown Source)
	at org.openqa.selenium.remote.ErrorHandler.createThrowable(ErrorHandler.java:216)
	at org.openqa.selenium.remote.ErrorHandler.throwIfResponseFailed(ErrorHandler.java:168)
	at org.openqa.selenium.remote.RemoteWebDriver.execute(RemoteWebDriver.java:638)
	at org.openqa.selenium.remote.RemoteWebElement.execute(RemoteWebElement.java:274)
	at org.openqa.selenium.remote.RemoteWebElement.click(RemoteWebElement.java:84)
	at com.skava.framework.action.SeleniumActionEngine.clickElement(SeleniumActionEngine.java:103)
	at com.skava.reusable.components.HomePageComponents.navBrandCategory(HomePageComponents.java:41)
	at com.skava.testcases.LT_184_Brand_Landing_Page_Validation.LT_184_Brand_Landing_Page_Validation(LT_184_Brand_Landing_Page_Validation.java:27)
	at sun.reflect.NativeMethodAccessorImpl.invoke0(Native Method)
	at sun.reflect.NativeMethodAccessorImpl.invoke(Unknown Source)
	at sun.reflect.DelegatingMethodAccessorImpl.invoke(Unknown Source)
	at java.lang.reflect.Method.invoke(Unknown Source)
	at org.testng.internal.MethodInvocationHelper.invokeMethod(MethodInvocationHelper.java:108)
	at org.testng.internal.Invoker.invokeMethod(Invoker.java:669)
	at org.testng.internal.Invoker.invokeTestMethod(Invoker.java:877)
	at org.testng.internal.Invoker.invokeTestMethods(Invoker.java:1201)
	at org.testng.internal.TestMethodWorker.invokeTestMethods(TestMethodWorker.java:125)
	at org.testng.internal.TestMethodWorker.run(TestMethodWorker.java:109)
	at java.util.concurrent.ThreadPoolExecutor.runWorker(Unknown Source)
	at java.util.concurrent.ThreadPoolExecutor$Worker.run(Unknown Source)
	at java.lang.Thread.run(Unknown Source)
19-03-2018 18:12 ERROR - Selecting Brand Category from pancakeis not present - failed
19-03-2018 18:12 INFO  - PLP page is displayed - Pass
19-03-2018 18:12 INFO  - search/PLP page is displayed - Pass
19-03-2018 18:12 INFO  - Search Count is displayed - Pass
19-03-2018 18:12 INFO  - PDP Page wait is displayed - Pass
19-03-2018 18:12 INFO  - http://m.lordandtaylor.com/ is opened - Pass
19-03-2018 18:12 INFO  - Wait to get site Loaded is displayed - Pass
19-03-2018 18:12 INFO  - Click Menu is clicked - Pass
19-03-2018 18:12 INFO  - Selecting Brand Category from pancake is clicked - Pass
19-03-2018 18:12 INFO  - Selecting Brand Sub category is clicked - Pass
19-03-2018 18:12 INFO  - PDP Page wait is displayed - Pass
19-03-2018 18:12 ERROR - TimeoutException
org.openqa.selenium.TimeoutException: Expected condition failed: waiting for visibility of element located by By.xpath: //*[@class='sk_mobCategoryItem sk_BRANDS BY CATEGORY'] (tried for 20 second(s) with 500 MILLISECONDS interval)
Build info: version: '3.2.0', revision: '8c03df6b79', time: '2017-02-23 10:51:31 +0000'
System info: host: 'DESKTOP-AQOISD1', ip: '192.168.234.84', os.name: 'Windows 10', os.arch: 'amd64', os.version: '10.0', java.version: '1.8.0_112'
Driver info: org.openqa.selenium.chrome.ChromeDriver
Capabilities [{applicationCacheEnabled=false, rotatable=false, mobileEmulationEnabled=false, networkConnectionEnabled=false, chrome={chromedriverVersion=2.33.506120 (e3e53437346286c0bc2d2dc9aa4915ba81d9023f), userDataDir=C:\Users\arunraj.n\AppData\Local\Temp\scoped_dir5016_20762}, takesHeapSnapshot=true, pageLoadStrategy=normal, databaseEnabled=false, handlesAlerts=true, hasTouchScreen=false, version=64.0.3282.186, platform=XP, browserConnectionEnabled=false, nativeEvents=true, acceptSslCerts=true, locationContextEnabled=true, webStorageEnabled=true, browserName=chrome, takesScreenshot=true, javascriptEnabled=true, cssSelectorsEnabled=true, setWindowRect=true, unexpectedAlertBehaviour=}]
Session ID: 552706113272cd98361e8dd1b3c26ba2
	at org.openqa.selenium.support.ui.WebDriverWait.timeoutException(WebDriverWait.java:82)
	at org.openqa.selenium.support.ui.FluentWait.until(FluentWait.java:231)
	at com.skava.framework.action.SeleniumActionEngine.explicitWaitforVisibility(SeleniumActionEngine.java:183)
	at com.skava.framework.action.SeleniumActionEngine.clickElement(SeleniumActionEngine.java:100)
	at com.skava.reusable.components.HomePageComponents.navBrandCategory(HomePageComponents.java:43)
	at com.skava.testcases.LT_184_Brand_Landing_Page_Validation.LT_184_Brand_Landing_Page_Validation(LT_184_Brand_Landing_Page_Validation.java:27)
	at sun.reflect.NativeMethodAccessorImpl.invoke0(Native Method)
	at sun.reflect.NativeMethodAccessorImpl.invoke(Unknown Source)
	at sun.reflect.DelegatingMethodAccessorImpl.invoke(Unknown Source)
	at java.lang.reflect.Method.invoke(Unknown Source)
	at org.testng.internal.MethodInvocationHelper.invokeMethod(MethodInvocationHelper.java:108)
	at org.testng.internal.Invoker.invokeMethod(Invoker.java:669)
	at org.testng.internal.Invoker.invokeTestMethod(Invoker.java:877)
	at org.testng.internal.Invoker.invokeTestMethods(Invoker.java:1201)
	at org.testng.internal.TestMethodWorker.invokeTestMethods(TestMethodWorker.java:125)
	at org.testng.internal.TestMethodWorker.run(TestMethodWorker.java:109)
	at java.util.concurrent.ThreadPoolExecutor.runWorker(Unknown Source)
	at java.util.concurrent.ThreadPoolExecutor$Worker.run(Unknown Source)
	at java.lang.Thread.run(Unknown Source)
19-03-2018 18:12 ERROR - Selecting Brand Sub category is not present - failed
19-03-2018 18:12 INFO  - Brands page is displayed - Pass
19-03-2018 18:12 INFO  - Brand PLP page is displayed - Pass
19-03-2018 18:12 INFO  - Product List Page is displayed - Pass
19-03-2018 18:12 INFO  - Product Image is displayed - Pass
19-03-2018 18:12 INFO  - Product NameList is displayed - Pass
19-03-2018 18:12 INFO  - Product Description is displayed - Pass
19-03-2018 18:12 INFO  - Product Price is displayed - Pass
19-03-2018 18:12 INFO  - http://m.lordandtaylor.com/ is opened - Pass
19-03-2018 18:12 INFO  - Click Search is clicked - Pass
19-03-2018 18:12 INFO  - Shirts is entered in Search - Pass
19-03-2018 18:12 INFO  - search/PLP page is displayed - Pass
19-03-2018 18:12 INFO  - Search Count is displayed - Pass
19-03-2018 18:12 INFO  - Product List Page is displayed - Pass
19-03-2018 18:12 INFO  - Product Image is displayed - Pass
19-03-2018 18:12 INFO  - Product NameList is displayed - Pass
19-03-2018 18:12 INFO  - Product Description is displayed - Pass
19-03-2018 18:12 INFO  - Product Price is displayed - Pass
19-03-2018 18:12 INFO  - http://m.lordandtaylor.com/ is opened - Pass
19-03-2018 18:12 INFO  - Click Search is clicked - Pass
19-03-2018 18:12 INFO  - Shirts is entered in Search - Pass
19-03-2018 18:12 ERROR - TimeoutException
org.openqa.selenium.TimeoutException: Expected condition failed: waiting for visibility of element located by By.xpath: //*[@class='sk_mobCategoryItem sk_BRANDS BY CATEGORY']//*[@class='sk_mobSubCategory']//*[@id='sk_mobCategoryItem_id_2_2'] (tried for 20 second(s) with 500 MILLISECONDS interval)
Build info: version: '3.2.0', revision: '8c03df6b79', time: '2017-02-23 10:51:31 +0000'
System info: host: 'DESKTOP-AQOISD1', ip: '192.168.234.84', os.name: 'Windows 10', os.arch: 'amd64', os.version: '10.0', java.version: '1.8.0_112'
Driver info: org.openqa.selenium.chrome.ChromeDriver
Capabilities [{applicationCacheEnabled=false, rotatable=false, mobileEmulationEnabled=false, networkConnectionEnabled=false, chrome={chromedriverVersion=2.33.506120 (e3e53437346286c0bc2d2dc9aa4915ba81d9023f), userDataDir=C:\Users\arunraj.n\AppData\Local\Temp\scoped_dir5016_20762}, takesHeapSnapshot=true, pageLoadStrategy=normal, databaseEnabled=false, handlesAlerts=true, hasTouchScreen=false, version=64.0.3282.186, platform=XP, browserConnectionEnabled=false, nativeEvents=true, acceptSslCerts=true, locationContextEnabled=true, webStorageEnabled=true, browserName=chrome, takesScreenshot=true, javascriptEnabled=true, cssSelectorsEnabled=true, setWindowRect=true, unexpectedAlertBehaviour=}]
Session ID: 552706113272cd98361e8dd1b3c26ba2
	at org.openqa.selenium.support.ui.WebDriverWait.timeoutException(WebDriverWait.java:82)
	at org.openqa.selenium.support.ui.FluentWait.until(FluentWait.java:231)
	at com.skava.framework.action.SeleniumActionEngine.explicitWaitforVisibility(SeleniumActionEngine.java:183)
	at com.skava.framework.action.SeleniumActionEngine.clickRandomElement(SeleniumActionEngine.java:504)
	at com.skava.reusable.components.HomePageComponents.navBrandCategory(HomePageComponents.java:45)
	at com.skava.testcases.LT_184_Brand_Landing_Page_Validation.LT_184_Brand_Landing_Page_Validation(LT_184_Brand_Landing_Page_Validation.java:27)
	at sun.reflect.NativeMethodAccessorImpl.invoke0(Native Method)
	at sun.reflect.NativeMethodAccessorImpl.invoke(Unknown Source)
	at sun.reflect.DelegatingMethodAccessorImpl.invoke(Unknown Source)
	at java.lang.reflect.Method.invoke(Unknown Source)
	at org.testng.internal.MethodInvocationHelper.invokeMethod(MethodInvocationHelper.java:108)
	at org.testng.internal.Invoker.invokeMethod(Invoker.java:669)
	at org.testng.internal.Invoker.invokeTestMethod(Invoker.java:877)
	at org.testng.internal.Invoker.invokeTestMethods(Invoker.java:1201)
	at org.testng.internal.TestMethodWorker.invokeTestMethods(TestMethodWorker.java:125)
	at org.testng.internal.TestMethodWorker.run(TestMethodWorker.java:109)
	at java.util.concurrent.ThreadPoolExecutor.runWorker(Unknown Source)
	at java.util.concurrent.ThreadPoolExecutor$Worker.run(Unknown Source)
	at java.lang.Thread.run(Unknown Source)
19-03-2018 18:12 ERROR - Brand Category Clicked is not present - failed
19-03-2018 18:12 INFO  - search/PLP page is displayed - Pass
19-03-2018 18:12 INFO  - Search Count is displayed - Pass
19-03-2018 18:12 INFO  - Products displayed in PLP Page is displayed - Pass
19-03-2018 18:12 INFO  - Back To Top is displayed - Pass
19-03-2018 18:12 INFO  - Back To Top is clicked - Pass
19-03-2018 18:12 INFO  - Wait is displayed - Pass
19-03-2018 18:12 INFO  - http://m.lordandtaylor.com/ is opened - Pass
19-03-2018 18:12 INFO  - Wait to get site Loaded is displayed - Pass
19-03-2018 18:12 INFO  - Click Menu is clicked - Pass
19-03-2018 18:12 INFO  - Menu Clicked is clicked - Pass
19-03-2018 18:12 INFO  - Sub Menu Clicked is clicked - Pass
19-03-2018 18:13 INFO  - Sub Menu2 Clicked is clicked - Pass
19-03-2018 18:13 INFO  - Bread Crumb is displayed - Pass
19-03-2018 18:13 INFO  - http://m.lordandtaylor.com/ is opened - Pass
19-03-2018 18:13 INFO  - Click Search is clicked - Pass
19-03-2018 18:13 INFO  - lipstick is entered in Search - Pass
19-03-2018 18:13 INFO  - http://m.lordandtaylor.com/ is opened - Pass
19-03-2018 18:13 INFO  - Click Search is clicked - Pass
19-03-2018 18:13 INFO  - Shoes is entered in Search - Pass
19-03-2018 18:13 ERROR - TimeoutException
org.openqa.selenium.TimeoutException: Expected condition failed: waiting for visibility of element located by By.xpath: //*[@class='sk_brandsLinksMainCont']/div (tried for 30 second(s) with 500 MILLISECONDS interval)
	at org.openqa.selenium.support.ui.WebDriverWait.timeoutException(WebDriverWait.java:82)
	at org.openqa.selenium.support.ui.FluentWait.until(FluentWait.java:231)
	at com.skava.framework.action.SeleniumActionEngine.explicitWaitforVisibility(SeleniumActionEngine.java:183)
	at com.skava.framework.action.SeleniumActionEngine.isElementDisplayed(SeleniumActionEngine.java:201)
	at com.skava.reusable.components.HomePageComponents.navBrandCategory(HomePageComponents.java:47)
	at com.skava.testcases.LT_184_Brand_Landing_Page_Validation.LT_184_Brand_Landing_Page_Validation(LT_184_Brand_Landing_Page_Validation.java:27)
	at sun.reflect.NativeMethodAccessorImpl.invoke0(Native Method)
	at sun.reflect.NativeMethodAccessorImpl.invoke(Unknown Source)
	at sun.reflect.DelegatingMethodAccessorImpl.invoke(Unknown Source)
	at java.lang.reflect.Method.invoke(Unknown Source)
	at org.testng.internal.MethodInvocationHelper.invokeMethod(MethodInvocationHelper.java:108)
	at org.testng.internal.Invoker.invokeMethod(Invoker.java:669)
	at org.testng.internal.Invoker.invokeTestMethod(Invoker.java:877)
	at org.testng.internal.Invoker.invokeTestMethods(Invoker.java:1201)
	at org.testng.internal.TestMethodWorker.invokeTestMethods(TestMethodWorker.java:125)
	at org.testng.internal.TestMethodWorker.run(TestMethodWorker.java:109)
	at java.util.concurrent.ThreadPoolExecutor.runWorker(Unknown Source)
	at java.util.concurrent.ThreadPoolExecutor$Worker.run(Unknown Source)
	at java.lang.Thread.run(Unknown Source)
Caused by: org.openqa.selenium.NoSuchElementException: Cannot locate an element using By.xpath: //*[@class='sk_brandsLinksMainCont']/div
For documentation on this error, please visit: http://seleniumhq.org/exceptions/no_such_element.html
Build info: version: '3.2.0', revision: '8c03df6b79', time: '2017-02-23 10:51:31 +0000'
System info: host: 'DESKTOP-AQOISD1', ip: '192.168.234.84', os.name: 'Windows 10', os.arch: 'amd64', os.version: '10.0', java.version: '1.8.0_112'
Driver info: driver.version: unknown
	at org.openqa.selenium.support.ui.ExpectedConditions.lambda$findElement$0(ExpectedConditions.java:882)
	at java.util.Optional.orElseThrow(Unknown Source)
	at org.openqa.selenium.support.ui.ExpectedConditions.findElement(ExpectedConditions.java:881)
	at org.openqa.selenium.support.ui.ExpectedConditions.access$000(ExpectedConditions.java:43)
	at org.openqa.selenium.support.ui.ExpectedConditions$7.apply(ExpectedConditions.java:205)
	at org.openqa.selenium.support.ui.ExpectedConditions$7.apply(ExpectedConditions.java:201)
	at org.openqa.selenium.support.ui.FluentWait.until(FluentWait.java:208)
	... 17 more
19-03-2018 18:13 ERROR - Brands page is not present - failed
19-03-2018 18:13 INFO  - search/PLP page is displayed - Pass
19-03-2018 18:13 INFO  - Search Count is displayed - Pass
19-03-2018 18:13 INFO  - Sorting Clicked is clicked - Pass
19-03-2018 18:13 INFO  - Refine is displayed - Pass
19-03-2018 18:13 INFO  - search/PLP page is displayed - Pass
19-03-2018 18:13 INFO  - Search Count is displayed - Pass
19-03-2018 18:13 INFO  - Wait Bag Qty is displayed - Pass
19-03-2018 18:13 INFO  - http://m.lordandtaylor.com/ is opened - Pass
19-03-2018 18:13 INFO  - Wait to get site Loaded is displayed - Pass
19-03-2018 18:13 INFO  - Click Menu is clicked - Pass
19-03-2018 18:13 INFO  - http://m.lordandtaylor.com/ is opened - Pass
19-03-2018 18:13 INFO  - Menu Clicked is clicked - Pass
19-03-2018 18:13 INFO  - Click Search is clicked - Pass
19-03-2018 18:13 INFO  - Sub Menu Clicked is clicked - Pass
19-03-2018 18:13 INFO  - Shirts is entered in Search - Pass
19-03-2018 18:13 ERROR - TimeoutException
org.openqa.selenium.TimeoutException: Expected condition failed: waiting for visibility of element located by By.id: pdpAddtoBagBtn (tried for 5 second(s) with 500 MILLISECONDS interval)
	at org.openqa.selenium.support.ui.WebDriverWait.timeoutException(WebDriverWait.java:82)
	at org.openqa.selenium.support.ui.FluentWait.until(FluentWait.java:231)
	at com.skava.framework.action.SeleniumActionEngine.explicitWaitforVisibility(SeleniumActionEngine.java:183)
	at com.skava.reusable.components.PLPandPDPComponents.sort_ApplyFilter(PLPandPDPComponents.java:608)
	at com.skava.testcases.LT_383_Sort_ApplyFilter.LT_383_Sort_ApplyFilter(LT_383_Sort_ApplyFilter.java:27)
	at sun.reflect.NativeMethodAccessorImpl.invoke0(Native Method)
	at sun.reflect.NativeMethodAccessorImpl.invoke(Unknown Source)
	at sun.reflect.DelegatingMethodAccessorImpl.invoke(Unknown Source)
	at java.lang.reflect.Method.invoke(Unknown Source)
	at org.testng.internal.MethodInvocationHelper.invokeMethod(MethodInvocationHelper.java:108)
	at org.testng.internal.Invoker.invokeMethod(Invoker.java:669)
	at org.testng.internal.Invoker.invokeTestMethod(Invoker.java:877)
	at org.testng.internal.Invoker.invokeTestMethods(Invoker.java:1201)
	at org.testng.internal.TestMethodWorker.invokeTestMethods(TestMethodWorker.java:125)
	at org.testng.internal.TestMethodWorker.run(TestMethodWorker.java:109)
	at java.util.concurrent.ThreadPoolExecutor.runWorker(Unknown Source)
	at java.util.concurrent.ThreadPoolExecutor$Worker.run(Unknown Source)
	at java.lang.Thread.run(Unknown Source)
Caused by: org.openqa.selenium.NoSuchElementException: Cannot locate an element using By.id: pdpAddtoBagBtn
For documentation on this error, please visit: http://seleniumhq.org/exceptions/no_such_element.html
Build info: version: '3.2.0', revision: '8c03df6b79', time: '2017-02-23 10:51:31 +0000'
System info: host: 'DESKTOP-AQOISD1', ip: '192.168.234.84', os.name: 'Windows 10', os.arch: 'amd64', os.version: '10.0', java.version: '1.8.0_112'
Driver info: driver.version: unknown
	at org.openqa.selenium.support.ui.ExpectedConditions.lambda$findElement$0(ExpectedConditions.java:882)
	at java.util.Optional.orElseThrow(Unknown Source)
	at org.openqa.selenium.support.ui.ExpectedConditions.findElement(ExpectedConditions.java:881)
	at org.openqa.selenium.support.ui.ExpectedConditions.access$000(ExpectedConditions.java:43)
	at org.openqa.selenium.support.ui.ExpectedConditions$7.apply(ExpectedConditions.java:205)
	at org.openqa.selenium.support.ui.ExpectedConditions$7.apply(ExpectedConditions.java:201)
	at org.openqa.selenium.support.ui.FluentWait.until(FluentWait.java:208)
	... 16 more
19-03-2018 18:13 ERROR - Wait is not present - failed
19-03-2018 18:13 INFO  -  Sort and filter button click is clicked - Pass
19-03-2018 18:13 INFO  - Wait Bag Qty is displayed - Pass
19-03-2018 18:13 INFO  - Sub Menu2 Clicked is clicked - Pass
19-03-2018 18:13 INFO  - Wait Bag Qty is displayed - Pass
19-03-2018 18:13 INFO  -  Sort and filter button click is clicked - Pass
19-03-2018 18:13 INFO  - Wait Bag Qty is displayed - Pass
19-03-2018 18:13 INFO  - search/PLP page is displayed - Pass
19-03-2018 18:13 INFO  - Search Count is displayed - Pass
19-03-2018 18:13 INFO  - PLP page is displayed after sorting is displayed - Pass
19-03-2018 18:13 INFO  - Wait Bag Qty is displayed - Pass
19-03-2018 18:13 INFO  - PLP page is displayed after sorting is displayed - Pass
19-03-2018 18:13 ERROR - TimeoutException
org.openqa.selenium.TimeoutException: Expected condition failed: waiting for visibility of element located by By.id: pdpAddtoBagBtn (tried for 5 second(s) with 500 MILLISECONDS interval)
	at org.openqa.selenium.support.ui.WebDriverWait.timeoutException(WebDriverWait.java:82)
	at org.openqa.selenium.support.ui.FluentWait.until(FluentWait.java:231)
	at com.skava.framework.action.SeleniumActionEngine.explicitWaitforVisibility(SeleniumActionEngine.java:183)
	at com.skava.reusable.components.PLPandPDPComponents.sort_ApplyFilter(PLPandPDPComponents.java:608)
	at com.skava.testcases.LT_387_SortClearAll.LT_387_Sort_ClearAll(LT_387_SortClearAll.java:28)
	at sun.reflect.NativeMethodAccessorImpl.invoke0(Native Method)
	at sun.reflect.NativeMethodAccessorImpl.invoke(Unknown Source)
	at sun.reflect.DelegatingMethodAccessorImpl.invoke(Unknown Source)
	at java.lang.reflect.Method.invoke(Unknown Source)
	at org.testng.internal.MethodInvocationHelper.invokeMethod(MethodInvocationHelper.java:108)
	at org.testng.internal.Invoker.invokeMethod(Invoker.java:669)
	at org.testng.internal.Invoker.invokeTestMethod(Invoker.java:877)
	at org.testng.internal.Invoker.invokeTestMethods(Invoker.java:1201)
	at org.testng.internal.TestMethodWorker.invokeTestMethods(TestMethodWorker.java:125)
	at org.testng.internal.TestMethodWorker.run(TestMethodWorker.java:109)
	at java.util.concurrent.ThreadPoolExecutor.runWorker(Unknown Source)
	at java.util.concurrent.ThreadPoolExecutor$Worker.run(Unknown Source)
	at java.lang.Thread.run(Unknown Source)
Caused by: org.openqa.selenium.NoSuchElementException: Cannot locate an element using By.id: pdpAddtoBagBtn
For documentation on this error, please visit: http://seleniumhq.org/exceptions/no_such_element.html
Build info: version: '3.2.0', revision: '8c03df6b79', time: '2017-02-23 10:51:31 +0000'
System info: host: 'DESKTOP-AQOISD1', ip: '192.168.234.84', os.name: 'Windows 10', os.arch: 'amd64', os.version: '10.0', java.version: '1.8.0_112'
Driver info: driver.version: unknown
	at org.openqa.selenium.support.ui.ExpectedConditions.lambda$findElement$0(ExpectedConditions.java:882)
	at java.util.Optional.orElseThrow(Unknown Source)
	at org.openqa.selenium.support.ui.ExpectedConditions.findElement(ExpectedConditions.java:881)
	at org.openqa.selenium.support.ui.ExpectedConditions.access$000(ExpectedConditions.java:43)
	at org.openqa.selenium.support.ui.ExpectedConditions$7.apply(ExpectedConditions.java:205)
	at org.openqa.selenium.support.ui.ExpectedConditions$7.apply(ExpectedConditions.java:201)
	at org.openqa.selenium.support.ui.FluentWait.until(FluentWait.java:208)
	... 16 more
19-03-2018 18:13 ERROR - Wait is not present - failed
19-03-2018 18:13 INFO  -  Sort and filter button click is clicked - Pass
19-03-2018 18:13 INFO  - Wait Bag Qty is displayed - Pass
19-03-2018 18:13 ERROR - TimeoutException
org.openqa.selenium.TimeoutException: Expected condition failed: waiting for visibility of element located by By.xpath: //*[@class='skMob_filterItemVal'] (tried for 20 second(s) with 500 MILLISECONDS interval)
Build info: version: '3.2.0', revision: '8c03df6b79', time: '2017-02-23 10:51:31 +0000'
System info: host: 'DESKTOP-AQOISD1', ip: '192.168.234.84', os.name: 'Windows 10', os.arch: 'amd64', os.version: '10.0', java.version: '1.8.0_112'
Driver info: org.openqa.selenium.chrome.ChromeDriver
Capabilities [{applicationCacheEnabled=false, rotatable=false, mobileEmulationEnabled=false, networkConnectionEnabled=false, chrome={chromedriverVersion=2.33.506120 (e3e53437346286c0bc2d2dc9aa4915ba81d9023f), userDataDir=C:\Users\arunraj.n\AppData\Local\Temp\scoped_dir22368_14239}, takesHeapSnapshot=true, pageLoadStrategy=normal, databaseEnabled=false, handlesAlerts=true, hasTouchScreen=false, version=64.0.3282.186, platform=XP, browserConnectionEnabled=false, nativeEvents=true, acceptSslCerts=true, locationContextEnabled=true, webStorageEnabled=true, browserName=chrome, takesScreenshot=true, javascriptEnabled=true, cssSelectorsEnabled=true, setWindowRect=true, unexpectedAlertBehaviour=}]
Session ID: c0438dbe39dc11a61c82def00db32538
	at org.openqa.selenium.support.ui.WebDriverWait.timeoutException(WebDriverWait.java:82)
	at org.openqa.selenium.support.ui.FluentWait.until(FluentWait.java:231)
	at com.skava.framework.action.SeleniumActionEngine.explicitWaitforVisibility(SeleniumActionEngine.java:183)
	at com.skava.framework.action.SeleniumActionEngine.GetTextByRandom(SeleniumActionEngine.java:546)
	at com.skava.reusable.components.PLPandPDPComponents.sort_ApplyFilter(PLPandPDPComponents.java:629)
	at com.skava.testcases.LT_383_Sort_ApplyFilter.LT_383_Sort_ApplyFilter(LT_383_Sort_ApplyFilter.java:27)
	at sun.reflect.NativeMethodAccessorImpl.invoke0(Native Method)
	at sun.reflect.NativeMethodAccessorImpl.invoke(Unknown Source)
	at sun.reflect.DelegatingMethodAccessorImpl.invoke(Unknown Source)
	at java.lang.reflect.Method.invoke(Unknown Source)
	at org.testng.internal.MethodInvocationHelper.invokeMethod(MethodInvocationHelper.java:108)
	at org.testng.internal.Invoker.invokeMethod(Invoker.java:669)
	at org.testng.internal.Invoker.invokeTestMethod(Invoker.java:877)
	at org.testng.internal.Invoker.invokeTestMethods(Invoker.java:1201)
	at org.testng.internal.TestMethodWorker.invokeTestMethods(TestMethodWorker.java:125)
	at org.testng.internal.TestMethodWorker.run(TestMethodWorker.java:109)
	at java.util.concurrent.ThreadPoolExecutor.runWorker(Unknown Source)
	at java.util.concurrent.ThreadPoolExecutor$Worker.run(Unknown Source)
	at java.lang.Thread.run(Unknown Source)
19-03-2018 18:13 ERROR - Getting selected filter name is not present - failed
19-03-2018 18:13 INFO  - Apply button is displayed on selecting the category is displayed - Pass
19-03-2018 18:13 INFO  - scrolled to Scroll to apply - Pass
19-03-2018 18:13 INFO  - Click apply button is clicked - Pass
19-03-2018 18:14 INFO  - http://m.lordandtaylor.com/ is opened - Pass
19-03-2018 18:14 INFO  - Click Search is clicked - Pass
19-03-2018 18:14 INFO  - Shoes is entered in Search - Pass
19-03-2018 18:14 ERROR - TimeoutException
org.openqa.selenium.TimeoutException: Expected condition failed: waiting for visibility of element located by By.id: pdpAddtoBagBtn (tried for 10 second(s) with 500 MILLISECONDS interval)
	at org.openqa.selenium.support.ui.WebDriverWait.timeoutException(WebDriverWait.java:82)
	at org.openqa.selenium.support.ui.FluentWait.until(FluentWait.java:231)
	at com.skava.framework.action.SeleniumActionEngine.explicitWaitforVisibility(SeleniumActionEngine.java:183)
	at com.skava.reusable.components.PLPandPDPComponents.sort_ApplyFilter(PLPandPDPComponents.java:641)
	at com.skava.testcases.LT_383_Sort_ApplyFilter.LT_383_Sort_ApplyFilter(LT_383_Sort_ApplyFilter.java:27)
	at sun.reflect.NativeMethodAccessorImpl.invoke0(Native Method)
	at sun.reflect.NativeMethodAccessorImpl.invoke(Unknown Source)
	at sun.reflect.DelegatingMethodAccessorImpl.invoke(Unknown Source)
	at java.lang.reflect.Method.invoke(Unknown Source)
	at org.testng.internal.MethodInvocationHelper.invokeMethod(MethodInvocationHelper.java:108)
	at org.testng.internal.Invoker.invokeMethod(Invoker.java:669)
	at org.testng.internal.Invoker.invokeTestMethod(Invoker.java:877)
	at org.testng.internal.Invoker.invokeTestMethods(Invoker.java:1201)
	at org.testng.internal.TestMethodWorker.invokeTestMethods(TestMethodWorker.java:125)
	at org.testng.internal.TestMethodWorker.run(TestMethodWorker.java:109)
	at java.util.concurrent.ThreadPoolExecutor.runWorker(Unknown Source)
	at java.util.concurrent.ThreadPoolExecutor$Worker.run(Unknown Source)
	at java.lang.Thread.run(Unknown Source)
Caused by: org.openqa.selenium.NoSuchElementException: Cannot locate an element using By.id: pdpAddtoBagBtn
For documentation on this error, please visit: http://seleniumhq.org/exceptions/no_such_element.html
Build info: version: '3.2.0', revision: '8c03df6b79', time: '2017-02-23 10:51:31 +0000'
System info: host: 'DESKTOP-AQOISD1', ip: '192.168.234.84', os.name: 'Windows 10', os.arch: 'amd64', os.version: '10.0', java.version: '1.8.0_112'
Driver info: driver.version: unknown
	at org.openqa.selenium.support.ui.ExpectedConditions.lambda$findElement$0(ExpectedConditions.java:882)
	at java.util.Optional.orElseThrow(Unknown Source)
	at org.openqa.selenium.support.ui.ExpectedConditions.findElement(ExpectedConditions.java:881)
	at org.openqa.selenium.support.ui.ExpectedConditions.access$000(ExpectedConditions.java:43)
	at org.openqa.selenium.support.ui.ExpectedConditions$7.apply(ExpectedConditions.java:205)
	at org.openqa.selenium.support.ui.ExpectedConditions$7.apply(ExpectedConditions.java:201)
	at org.openqa.selenium.support.ui.FluentWait.until(FluentWait.java:208)
	... 16 more
19-03-2018 18:14 ERROR - Wait is not present - failed
19-03-2018 18:14 INFO  - PLP page is displayed after sorting is displayed - Pass
19-03-2018 18:14 INFO  - PLP page is displayed after sorting is displayed - Pass
19-03-2018 18:14 ERROR - TimeoutException
org.openqa.selenium.TimeoutException: Expected condition failed: waiting for visibility of element located by By.xpath: //*[@class='skMob_filterItemVal'] (tried for 20 second(s) with 500 MILLISECONDS interval)
Build info: version: '3.2.0', revision: '8c03df6b79', time: '2017-02-23 10:51:31 +0000'
System info: host: 'DESKTOP-AQOISD1', ip: '192.168.234.84', os.name: 'Windows 10', os.arch: 'amd64', os.version: '10.0', java.version: '1.8.0_112'
Driver info: org.openqa.selenium.chrome.ChromeDriver
Capabilities [{applicationCacheEnabled=false, rotatable=false, mobileEmulationEnabled=false, networkConnectionEnabled=false, chrome={chromedriverVersion=2.33.506120 (e3e53437346286c0bc2d2dc9aa4915ba81d9023f), userDataDir=C:\Users\arunraj.n\AppData\Local\Temp\scoped_dir21392_29898}, takesHeapSnapshot=true, pageLoadStrategy=normal, databaseEnabled=false, handlesAlerts=true, hasTouchScreen=false, version=64.0.3282.186, platform=XP, browserConnectionEnabled=false, nativeEvents=true, acceptSslCerts=true, locationContextEnabled=true, webStorageEnabled=true, browserName=chrome, takesScreenshot=true, javascriptEnabled=true, cssSelectorsEnabled=true, setWindowRect=true, unexpectedAlertBehaviour=}]
Session ID: 67b99caaf22c2d08d14b96055de0d862
	at org.openqa.selenium.support.ui.WebDriverWait.timeoutException(WebDriverWait.java:82)
	at org.openqa.selenium.support.ui.FluentWait.until(FluentWait.java:231)
	at com.skava.framework.action.SeleniumActionEngine.explicitWaitforVisibility(SeleniumActionEngine.java:183)
	at com.skava.framework.action.SeleniumActionEngine.GetTextByRandom(SeleniumActionEngine.java:546)
	at com.skava.reusable.components.PLPandPDPComponents.sort_ApplyFilter(PLPandPDPComponents.java:629)
	at com.skava.testcases.LT_387_SortClearAll.LT_387_Sort_ClearAll(LT_387_SortClearAll.java:28)
	at sun.reflect.NativeMethodAccessorImpl.invoke0(Native Method)
	at sun.reflect.NativeMethodAccessorImpl.invoke(Unknown Source)
	at sun.reflect.DelegatingMethodAccessorImpl.invoke(Unknown Source)
	at java.lang.reflect.Method.invoke(Unknown Source)
	at org.testng.internal.MethodInvocationHelper.invokeMethod(MethodInvocationHelper.java:108)
	at org.testng.internal.Invoker.invokeMethod(Invoker.java:669)
	at org.testng.internal.Invoker.invokeTestMethod(Invoker.java:877)
	at org.testng.internal.Invoker.invokeTestMethods(Invoker.java:1201)
	at org.testng.internal.TestMethodWorker.invokeTestMethods(TestMethodWorker.java:125)
	at org.testng.internal.TestMethodWorker.run(TestMethodWorker.java:109)
	at java.util.concurrent.ThreadPoolExecutor.runWorker(Unknown Source)
	at java.util.concurrent.ThreadPoolExecutor$Worker.run(Unknown Source)
	at java.lang.Thread.run(Unknown Source)
19-03-2018 18:14 ERROR - Getting selected filter name is not present - failed
19-03-2018 18:14 INFO  - Apply button is displayed on selecting the category is displayed - Pass
19-03-2018 18:14 INFO  - scrolled to Scroll to apply - Pass
19-03-2018 18:14 INFO  - search/PLP page is displayed - Pass
19-03-2018 18:14 INFO  - Search Count is displayed - Pass
19-03-2018 18:14 INFO  - Click apply button is clicked - Pass
19-03-2018 18:14 ERROR - TimeoutException
org.openqa.selenium.TimeoutException: Expected condition failed: waiting for visibility of element located by By.id: pdpAddtoBagBtn (tried for 5 second(s) with 500 MILLISECONDS interval)
	at org.openqa.selenium.support.ui.WebDriverWait.timeoutException(WebDriverWait.java:82)
	at org.openqa.selenium.support.ui.FluentWait.until(FluentWait.java:231)
	at com.skava.framework.action.SeleniumActionEngine.explicitWaitforVisibility(SeleniumActionEngine.java:183)
	at com.skava.reusable.components.PLPandPDPComponents.sort_ApplyFilter(PLPandPDPComponents.java:648)
	at com.skava.testcases.LT_383_Sort_ApplyFilter.LT_383_Sort_ApplyFilter(LT_383_Sort_ApplyFilter.java:27)
	at sun.reflect.NativeMethodAccessorImpl.invoke0(Native Method)
	at sun.reflect.NativeMethodAccessorImpl.invoke(Unknown Source)
	at sun.reflect.DelegatingMethodAccessorImpl.invoke(Unknown Source)
	at java.lang.reflect.Method.invoke(Unknown Source)
	at org.testng.internal.MethodInvocationHelper.invokeMethod(MethodInvocationHelper.java:108)
	at org.testng.internal.Invoker.invokeMethod(Invoker.java:669)
	at org.testng.internal.Invoker.invokeTestMethod(Invoker.java:877)
	at org.testng.internal.Invoker.invokeTestMethods(Invoker.java:1201)
	at org.testng.internal.TestMethodWorker.invokeTestMethods(TestMethodWorker.java:125)
	at org.testng.internal.TestMethodWorker.run(TestMethodWorker.java:109)
	at java.util.concurrent.ThreadPoolExecutor.runWorker(Unknown Source)
	at java.util.concurrent.ThreadPoolExecutor$Worker.run(Unknown Source)
	at java.lang.Thread.run(Unknown Source)
Caused by: org.openqa.selenium.NoSuchElementException: Cannot locate an element using By.id: pdpAddtoBagBtn
For documentation on this error, please visit: http://seleniumhq.org/exceptions/no_such_element.html
Build info: version: '3.2.0', revision: '8c03df6b79', time: '2017-02-23 10:51:31 +0000'
System info: host: 'DESKTOP-AQOISD1', ip: '192.168.234.84', os.name: 'Windows 10', os.arch: 'amd64', os.version: '10.0', java.version: '1.8.0_112'
Driver info: driver.version: unknown
	at org.openqa.selenium.support.ui.ExpectedConditions.lambda$findElement$0(ExpectedConditions.java:882)
	at java.util.Optional.orElseThrow(Unknown Source)
	at org.openqa.selenium.support.ui.ExpectedConditions.findElement(ExpectedConditions.java:881)
	at org.openqa.selenium.support.ui.ExpectedConditions.access$000(ExpectedConditions.java:43)
	at org.openqa.selenium.support.ui.ExpectedConditions$7.apply(ExpectedConditions.java:205)
	at org.openqa.selenium.support.ui.ExpectedConditions$7.apply(ExpectedConditions.java:201)
	at org.openqa.selenium.support.ui.FluentWait.until(FluentWait.java:208)
	... 16 more
19-03-2018 18:14 ERROR - Wait is not present - failed
19-03-2018 18:14 INFO  - PDP Page wait is displayed - Pass
19-03-2018 18:14 INFO  - PDP Page wait is displayed - Pass
19-03-2018 18:14 ERROR - TimeoutException
org.openqa.selenium.TimeoutException: Expected condition failed: waiting for visibility of element located by By.id: pdpAddtoBagBtn (tried for 10 second(s) with 500 MILLISECONDS interval)
	at org.openqa.selenium.support.ui.WebDriverWait.timeoutException(WebDriverWait.java:82)
	at org.openqa.selenium.support.ui.FluentWait.until(FluentWait.java:231)
	at com.skava.framework.action.SeleniumActionEngine.explicitWaitforVisibility(SeleniumActionEngine.java:183)
	at com.skava.reusable.components.PLPandPDPComponents.sort_ApplyFilter(PLPandPDPComponents.java:641)
	at com.skava.testcases.LT_387_SortClearAll.LT_387_Sort_ClearAll(LT_387_SortClearAll.java:28)
	at sun.reflect.NativeMethodAccessorImpl.invoke0(Native Method)
	at sun.reflect.NativeMethodAccessorImpl.invoke(Unknown Source)
	at sun.reflect.DelegatingMethodAccessorImpl.invoke(Unknown Source)
	at java.lang.reflect.Method.invoke(Unknown Source)
	at org.testng.internal.MethodInvocationHelper.invokeMethod(MethodInvocationHelper.java:108)
	at org.testng.internal.Invoker.invokeMethod(Invoker.java:669)
	at org.testng.internal.Invoker.invokeTestMethod(Invoker.java:877)
	at org.testng.internal.Invoker.invokeTestMethods(Invoker.java:1201)
	at org.testng.internal.TestMethodWorker.invokeTestMethods(TestMethodWorker.java:125)
	at org.testng.internal.TestMethodWorker.run(TestMethodWorker.java:109)
	at java.util.concurrent.ThreadPoolExecutor.runWorker(Unknown Source)
	at java.util.concurrent.ThreadPoolExecutor$Worker.run(Unknown Source)
	at java.lang.Thread.run(Unknown Source)
Caused by: org.openqa.selenium.NoSuchElementException: Cannot locate an element using By.id: pdpAddtoBagBtn
For documentation on this error, please visit: http://seleniumhq.org/exceptions/no_such_element.html
Build info: version: '3.2.0', revision: '8c03df6b79', time: '2017-02-23 10:51:31 +0000'
System info: host: 'DESKTOP-AQOISD1', ip: '192.168.234.84', os.name: 'Windows 10', os.arch: 'amd64', os.version: '10.0', java.version: '1.8.0_112'
Driver info: driver.version: unknown
	at org.openqa.selenium.support.ui.ExpectedConditions.lambda$findElement$0(ExpectedConditions.java:882)
	at java.util.Optional.orElseThrow(Unknown Source)
	at org.openqa.selenium.support.ui.ExpectedConditions.findElement(ExpectedConditions.java:881)
	at org.openqa.selenium.support.ui.ExpectedConditions.access$000(ExpectedConditions.java:43)
	at org.openqa.selenium.support.ui.ExpectedConditions$7.apply(ExpectedConditions.java:205)
	at org.openqa.selenium.support.ui.ExpectedConditions$7.apply(ExpectedConditions.java:201)
	at org.openqa.selenium.support.ui.FluentWait.until(FluentWait.java:208)
	... 16 more
19-03-2018 18:14 ERROR - Wait is not present - failed
19-03-2018 18:14 INFO  - PLP page is displayed after sorting is displayed - Pass
19-03-2018 18:14 INFO  - PLP page is displayed after sorting is displayed - Pass
19-03-2018 18:14 ERROR - TimeoutException
org.openqa.selenium.TimeoutException: Expected condition failed: waiting for visibility of element located by By.id: pdpAddtoBagBtn (tried for 5 second(s) with 500 MILLISECONDS interval)
	at org.openqa.selenium.support.ui.WebDriverWait.timeoutException(WebDriverWait.java:82)
	at org.openqa.selenium.support.ui.FluentWait.until(FluentWait.java:231)
	at com.skava.framework.action.SeleniumActionEngine.explicitWaitforVisibility(SeleniumActionEngine.java:183)
	at com.skava.reusable.components.PLPandPDPComponents.sort_ApplyFilter(PLPandPDPComponents.java:648)
	at com.skava.testcases.LT_387_SortClearAll.LT_387_Sort_ClearAll(LT_387_SortClearAll.java:28)
	at sun.reflect.NativeMethodAccessorImpl.invoke0(Native Method)
	at sun.reflect.NativeMethodAccessorImpl.invoke(Unknown Source)
	at sun.reflect.DelegatingMethodAccessorImpl.invoke(Unknown Source)
	at java.lang.reflect.Method.invoke(Unknown Source)
	at org.testng.internal.MethodInvocationHelper.invokeMethod(MethodInvocationHelper.java:108)
	at org.testng.internal.Invoker.invokeMethod(Invoker.java:669)
	at org.testng.internal.Invoker.invokeTestMethod(Invoker.java:877)
	at org.testng.internal.Invoker.invokeTestMethods(Invoker.java:1201)
	at org.testng.internal.TestMethodWorker.invokeTestMethods(TestMethodWorker.java:125)
	at org.testng.internal.TestMethodWorker.run(TestMethodWorker.java:109)
	at java.util.concurrent.ThreadPoolExecutor.runWorker(Unknown Source)
	at java.util.concurrent.ThreadPoolExecutor$Worker.run(Unknown Source)
	at java.lang.Thread.run(Unknown Source)
Caused by: org.openqa.selenium.NoSuchElementException: Cannot locate an element using By.id: pdpAddtoBagBtn
For documentation on this error, please visit: http://seleniumhq.org/exceptions/no_such_element.html
Build info: version: '3.2.0', revision: '8c03df6b79', time: '2017-02-23 10:51:31 +0000'
System info: host: 'DESKTOP-AQOISD1', ip: '192.168.234.84', os.name: 'Windows 10', os.arch: 'amd64', os.version: '10.0', java.version: '1.8.0_112'
Driver info: driver.version: unknown
	at org.openqa.selenium.support.ui.ExpectedConditions.lambda$findElement$0(ExpectedConditions.java:882)
	at java.util.Optional.orElseThrow(Unknown Source)
	at org.openqa.selenium.support.ui.ExpectedConditions.findElement(ExpectedConditions.java:881)
	at org.openqa.selenium.support.ui.ExpectedConditions.access$000(ExpectedConditions.java:43)
	at org.openqa.selenium.support.ui.ExpectedConditions$7.apply(ExpectedConditions.java:205)
	at org.openqa.selenium.support.ui.ExpectedConditions$7.apply(ExpectedConditions.java:201)
	at org.openqa.selenium.support.ui.FluentWait.until(FluentWait.java:208)
	... 16 more
19-03-2018 18:14 ERROR - Wait is not present - failed
19-03-2018 18:14 INFO  - http://m.lordandtaylor.com/ is opened - Pass
19-03-2018 18:14 INFO  - Click Search is clicked - Pass
19-03-2018 18:14 INFO  - shirts is entered in Search - Pass
19-03-2018 18:14 INFO  - PLP page is displayed after sorting is displayed - Pass
19-03-2018 18:14 INFO  - Wait Bag Qty is displayed - Pass
19-03-2018 18:14 INFO  - http://m.lordandtaylor.com/ is opened - Pass
19-03-2018 18:14 INFO  - Click Search is clicked - Pass
19-03-2018 18:14 INFO  - shoes is entered in Search - Pass
19-03-2018 18:14 ERROR - TimeoutException
org.openqa.selenium.TimeoutException: Expected condition failed: waiting for visibility of element located by By.id: pdpAddtoBagBtn (tried for 5 second(s) with 500 MILLISECONDS interval)
	at org.openqa.selenium.support.ui.WebDriverWait.timeoutException(WebDriverWait.java:82)
	at org.openqa.selenium.support.ui.FluentWait.until(FluentWait.java:231)
	at com.skava.framework.action.SeleniumActionEngine.explicitWaitforVisibility(SeleniumActionEngine.java:183)
	at com.skava.reusable.components.PLPandPDPComponents.sort_ClearAll(PLPandPDPComponents.java:728)
	at com.skava.testcases.LT_387_SortClearAll.LT_387_Sort_ClearAll(LT_387_SortClearAll.java:29)
	at sun.reflect.NativeMethodAccessorImpl.invoke0(Native Method)
	at sun.reflect.NativeMethodAccessorImpl.invoke(Unknown Source)
	at sun.reflect.DelegatingMethodAccessorImpl.invoke(Unknown Source)
	at java.lang.reflect.Method.invoke(Unknown Source)
	at org.testng.internal.MethodInvocationHelper.invokeMethod(MethodInvocationHelper.java:108)
	at org.testng.internal.Invoker.invokeMethod(Invoker.java:669)
	at org.testng.internal.Invoker.invokeTestMethod(Invoker.java:877)
	at org.testng.internal.Invoker.invokeTestMethods(Invoker.java:1201)
	at org.testng.internal.TestMethodWorker.invokeTestMethods(TestMethodWorker.java:125)
	at org.testng.internal.TestMethodWorker.run(TestMethodWorker.java:109)
	at java.util.concurrent.ThreadPoolExecutor.runWorker(Unknown Source)
	at java.util.concurrent.ThreadPoolExecutor$Worker.run(Unknown Source)
	at java.lang.Thread.run(Unknown Source)
Caused by: org.openqa.selenium.NoSuchElementException: Cannot locate an element using By.id: pdpAddtoBagBtn
For documentation on this error, please visit: http://seleniumhq.org/exceptions/no_such_element.html
Build info: version: '3.2.0', revision: '8c03df6b79', time: '2017-02-23 10:51:31 +0000'
System info: host: 'DESKTOP-AQOISD1', ip: '192.168.234.84', os.name: 'Windows 10', os.arch: 'amd64', os.version: '10.0', java.version: '1.8.0_112'
Driver info: driver.version: unknown
	at org.openqa.selenium.support.ui.ExpectedConditions.lambda$findElement$0(ExpectedConditions.java:882)
	at java.util.Optional.orElseThrow(Unknown Source)
	at org.openqa.selenium.support.ui.ExpectedConditions.findElement(ExpectedConditions.java:881)
	at org.openqa.selenium.support.ui.ExpectedConditions.access$000(ExpectedConditions.java:43)
	at org.openqa.selenium.support.ui.ExpectedConditions$7.apply(ExpectedConditions.java:205)
	at org.openqa.selenium.support.ui.ExpectedConditions$7.apply(ExpectedConditions.java:201)
	at org.openqa.selenium.support.ui.FluentWait.until(FluentWait.java:208)
	... 16 more
19-03-2018 18:14 ERROR - Wait is not present - failed
19-03-2018 18:14 INFO  -  Sort and filter button click is clicked - Pass
19-03-2018 18:14 INFO  - Wait Bag Qty is displayed - Pass
19-03-2018 18:14 ERROR - TimeoutException
org.openqa.selenium.TimeoutException: Expected condition failed: waiting for visibility of element located by By.id: pdpAddtoBagBtn (tried for 5 second(s) with 500 MILLISECONDS interval)
	at org.openqa.selenium.support.ui.WebDriverWait.timeoutException(WebDriverWait.java:82)
	at org.openqa.selenium.support.ui.FluentWait.until(FluentWait.java:231)
	at com.skava.framework.action.SeleniumActionEngine.explicitWaitforVisibility(SeleniumActionEngine.java:183)
	at com.skava.reusable.components.PLPandPDPComponents.sort_ClearAll(PLPandPDPComponents.java:734)
	at com.skava.testcases.LT_387_SortClearAll.LT_387_Sort_ClearAll(LT_387_SortClearAll.java:29)
	at sun.reflect.NativeMethodAccessorImpl.invoke0(Native Method)
	at sun.reflect.NativeMethodAccessorImpl.invoke(Unknown Source)
	at sun.reflect.DelegatingMethodAccessorImpl.invoke(Unknown Source)
	at java.lang.reflect.Method.invoke(Unknown Source)
	at org.testng.internal.MethodInvocationHelper.invokeMethod(MethodInvocationHelper.java:108)
	at org.testng.internal.Invoker.invokeMethod(Invoker.java:669)
	at org.testng.internal.Invoker.invokeTestMethod(Invoker.java:877)
	at org.testng.internal.Invoker.invokeTestMethods(Invoker.java:1201)
	at org.testng.internal.TestMethodWorker.invokeTestMethods(TestMethodWorker.java:125)
	at org.testng.internal.TestMethodWorker.run(TestMethodWorker.java:109)
	at java.util.concurrent.ThreadPoolExecutor.runWorker(Unknown Source)
	at java.util.concurrent.ThreadPoolExecutor$Worker.run(Unknown Source)
	at java.lang.Thread.run(Unknown Source)
Caused by: org.openqa.selenium.NoSuchElementException: Cannot locate an element using By.id: pdpAddtoBagBtn
For documentation on this error, please visit: http://seleniumhq.org/exceptions/no_such_element.html
Build info: version: '3.2.0', revision: '8c03df6b79', time: '2017-02-23 10:51:31 +0000'
System info: host: 'DESKTOP-AQOISD1', ip: '192.168.234.84', os.name: 'Windows 10', os.arch: 'amd64', os.version: '10.0', java.version: '1.8.0_112'
Driver info: driver.version: unknown
	at org.openqa.selenium.support.ui.ExpectedConditions.lambda$findElement$0(ExpectedConditions.java:882)
	at java.util.Optional.orElseThrow(Unknown Source)
	at org.openqa.selenium.support.ui.ExpectedConditions.findElement(ExpectedConditions.java:881)
	at org.openqa.selenium.support.ui.ExpectedConditions.access$000(ExpectedConditions.java:43)
	at org.openqa.selenium.support.ui.ExpectedConditions$7.apply(ExpectedConditions.java:205)
	at org.openqa.selenium.support.ui.ExpectedConditions$7.apply(ExpectedConditions.java:201)
	at org.openqa.selenium.support.ui.FluentWait.until(FluentWait.java:208)
	... 16 more
19-03-2018 18:14 ERROR - Wait is not present - failed
19-03-2018 18:14 INFO  - Is Clear All button is displayed is displayed - Pass
19-03-2018 18:14 INFO  - search/PLP page is displayed - Pass
19-03-2018 18:14 INFO  - Clear All button Click is clicked - Pass
19-03-2018 18:14 INFO  - Search Count is displayed - Pass
19-03-2018 18:14 INFO  - PLP page is displayed after sorting is displayed - Pass
19-03-2018 18:14 INFO  - PLP page is displayed after sorting is displayed - Pass
19-03-2018 18:14 INFO  - search/PLP page is displayed - Pass
19-03-2018 18:14 INFO  - Search Count is displayed - Pass
19-03-2018 18:14 INFO  - PDP Page wait is displayed - Pass
19-03-2018 18:14 INFO  - PDP Page wait is displayed - Pass
19-03-2018 18:14 INFO  - scrolled to Scrolling - Pass
19-03-2018 18:14 INFO  - Deatils is displayed - Pass
19-03-2018 18:14 INFO  - Details List is displayed - Pass
19-03-2018 18:14 INFO  - scrolled to Scrolling - Pass
19-03-2018 18:14 INFO  - Colour Field present is displayed - Pass
19-03-2018 18:14 INFO  - Size field is displayed - Pass
19-03-2018 18:14 INFO  - scrolled to Add To Bag - Pass
19-03-2018 18:14 INFO  - Add To Bag Clicked is clicked - Pass
19-03-2018 18:14 INFO  - Success Overlay is displayed - Pass
19-03-2018 18:14 INFO  - Success Overlay is displayed - Pass
19-03-2018 18:14 INFO  - http://m.lordandtaylor.com/ is opened - Pass
19-03-2018 18:14 INFO  - Click Search is clicked - Pass
19-03-2018 18:14 INFO  - Close OverLay Clicked is clicked - Pass
19-03-2018 18:14 INFO  - shirts is entered in Search - Pass
19-03-2018 18:15 INFO  - http://m.lordandtaylor.com/ is opened - Pass
19-03-2018 18:15 INFO  - Wait to get site Loaded is displayed - Pass
19-03-2018 18:15 INFO  - Click Menu is clicked - Pass
19-03-2018 18:15 INFO  - Menu Category is displayed - Pass
19-03-2018 18:15 INFO  - SubCategory is displayed - Pass
19-03-2018 18:15 INFO  - search/PLP page is displayed - Pass
19-03-2018 18:15 INFO  - Search Count is displayed - Pass
19-03-2018 18:15 INFO  - http://m.lordandtaylor.com/ is opened - Pass
19-03-2018 18:15 INFO  - Wait to get site Loaded is displayed - Pass
19-03-2018 18:15 INFO  - Click Menu is clicked - Pass
19-03-2018 18:15 INFO  - Menu Category is displayed - Pass
19-03-2018 18:15 INFO  - SubCategory is displayed - Pass
19-03-2018 18:15 INFO  - Sub Categories Displayed is displayed - Pass
19-03-2018 18:15 INFO  - Sub Categories Displayed is displayed - Pass
19-03-2018 18:15 INFO  - PDP Page wait is displayed - Pass
19-03-2018 18:15 INFO  - scrolled to Scrolling - Pass
19-03-2018 18:15 INFO  - Colour Field present is displayed - Pass
19-03-2018 18:15 INFO  - Size field is displayed - Pass
19-03-2018 18:15 INFO  - http://m.lordandtaylor.com/ is opened - Pass
19-03-2018 18:15 INFO  - Wait to get site Loaded is displayed - Pass
19-03-2018 18:15 INFO  - Click Menu is clicked - Pass
19-03-2018 18:15 INFO  - Menu Category is displayed - Pass
19-03-2018 18:15 INFO  - SubCategory is displayed - Pass
19-03-2018 18:15 INFO  - Sub Categories Displayed is displayed - Pass
19-03-2018 18:15 INFO  - Sub Categories Displayed is displayed - Pass
19-03-2018 18:15 INFO  - Click Back Button is clicked - Pass
19-03-2018 18:15 INFO  - scrolled to Add To Bag - Pass
19-03-2018 18:15 INFO  - Add To Bag Clicked is clicked - Pass
19-03-2018 18:15 INFO  - Success Overlay is displayed - Pass
19-03-2018 18:15 INFO  - http://m.lordandtaylor.com/ is opened - Pass
19-03-2018 18:15 INFO  - Wait to get site Loaded is displayed - Pass
19-03-2018 18:15 INFO  - Click Menu is clicked - Pass
19-03-2018 18:15 INFO  - Success Overlay is displayed - Pass
19-03-2018 18:15 INFO  - http://m.lordandtaylor.com/ is opened - Pass
19-03-2018 18:15 INFO  - Wait to get site Loaded is displayed - Pass
19-03-2018 18:15 INFO  - Click Menu is clicked - Pass
19-03-2018 18:15 INFO  - Checkout Clicked is clicked - Pass
19-03-2018 18:15 INFO  - Cart Opened is displayed - Pass
19-03-2018 18:15 INFO  - Product Added to Cart is displayed - Pass
19-03-2018 18:15 INFO  - Enetered Login is clicked - Pass
19-03-2018 18:15 INFO  - Email is entered in the field - Pass
19-03-2018 18:15 INFO  - Spider@123 is entered in Password - Pass
19-03-2018 18:15 INFO  - http://m.lordandtaylor.com/ is opened - Pass
19-03-2018 18:15 INFO  - Wait to get site Loaded is displayed - Pass
19-03-2018 18:15 INFO  - Click Menu is clicked - Pass
19-03-2018 18:15 INFO  - Enetered Login is clicked - Pass
19-03-2018 18:15 INFO  - Email is entered in the field - Pass
19-03-2018 18:15 INFO  - Spider@123 is entered in Password - Pass
19-03-2018 18:15 INFO  - My Account page displayed is displayed - Pass
19-03-2018 18:16 INFO  - My Account page displayed is displayed - Pass
19-03-2018 18:16 INFO  - scrolled to accountsummary - Pass
19-03-2018 18:16 INFO  - Enetered Login is clicked - Pass
19-03-2018 18:16 INFO  - Email is entered in the field - Pass
19-03-2018 18:16 INFO  - http://m.lordandtaylor.com/ is opened - Pass
19-03-2018 18:16 INFO  - Wait to get site Loaded is displayed - Pass
19-03-2018 18:16 INFO  - Click Menu is clicked - Pass
19-03-2018 18:16 INFO  - http://m.lordandtaylor.com/ is opened - Pass
19-03-2018 18:16 INFO  - Wait to get site Loaded is displayed - Pass
19-03-2018 18:16 INFO  - Spider@123 is entered in Password - Pass
19-03-2018 18:16 INFO  - Click Menu is clicked - Pass
19-03-2018 18:16 INFO  - Order history is displayed - Pass
19-03-2018 18:16 INFO  - scrolled to orderhistory - Pass
19-03-2018 18:16 INFO  - orderhistory clicked is clicked - Pass
19-03-2018 18:16 INFO  - Enetered Login is clicked - Pass
19-03-2018 18:16 INFO  - Email is entered in the field - Pass
19-03-2018 18:16 INFO  - Spider@123 is entered in Password - Pass
19-03-2018 18:16 INFO  - http://m.lordandtaylor.com/ is opened - Pass
19-03-2018 18:16 INFO  - Wait to get site Loaded is displayed - Pass
19-03-2018 18:16 INFO  - Click Menu is clicked - Pass
19-03-2018 18:16 INFO  - Enetered Login is clicked - Pass
19-03-2018 18:16 INFO  - Email is entered in the field - Pass
19-03-2018 18:16 INFO  - Spider@123 is entered in Password - Pass
19-03-2018 18:16 ERROR - WebDriverException
org.openqa.selenium.WebDriverException: unknown error: Element is not clickable at point (-134, 667)
  (Session info: chrome=64.0.3282.186)
  (Driver info: chromedriver=2.33.506120 (e3e53437346286c0bc2d2dc9aa4915ba81d9023f),platform=Windows NT 10.0.16299 x86_64) (WARNING: The server did not provide any stacktrace information)
Command duration or timeout: 52 milliseconds
Build info: version: '3.2.0', revision: '8c03df6b79', time: '2017-02-23 10:51:31 +0000'
System info: host: 'DESKTOP-AQOISD1', ip: '192.168.234.84', os.name: 'Windows 10', os.arch: 'amd64', os.version: '10.0', java.version: '1.8.0_112'
Driver info: org.openqa.selenium.chrome.ChromeDriver
Capabilities [{applicationCacheEnabled=false, rotatable=false, mobileEmulationEnabled=false, networkConnectionEnabled=false, chrome={chromedriverVersion=2.33.506120 (e3e53437346286c0bc2d2dc9aa4915ba81d9023f), userDataDir=C:\Users\arunraj.n\AppData\Local\Temp\scoped_dir21864_13021}, takesHeapSnapshot=true, pageLoadStrategy=normal, databaseEnabled=false, handlesAlerts=true, hasTouchScreen=false, version=64.0.3282.186, platform=XP, browserConnectionEnabled=false, nativeEvents=true, acceptSslCerts=true, locationContextEnabled=true, webStorageEnabled=true, browserName=chrome, takesScreenshot=true, javascriptEnabled=true, cssSelectorsEnabled=true, setWindowRect=true, unexpectedAlertBehaviour=}]
Session ID: c958d341def21c267e3ff529b7e98c04
	at sun.reflect.NativeConstructorAccessorImpl.newInstance0(Native Method)
	at sun.reflect.NativeConstructorAccessorImpl.newInstance(Unknown Source)
	at sun.reflect.DelegatingConstructorAccessorImpl.newInstance(Unknown Source)
	at java.lang.reflect.Constructor.newInstance(Unknown Source)
	at org.openqa.selenium.remote.ErrorHandler.createThrowable(ErrorHandler.java:216)
	at org.openqa.selenium.remote.ErrorHandler.throwIfResponseFailed(ErrorHandler.java:168)
	at org.openqa.selenium.remote.RemoteWebDriver.execute(RemoteWebDriver.java:638)
	at org.openqa.selenium.remote.RemoteWebElement.execute(RemoteWebElement.java:274)
	at org.openqa.selenium.remote.RemoteWebElement.click(RemoteWebElement.java:84)
	at com.skava.framework.action.SeleniumActionEngine.clickElement(SeleniumActionEngine.java:103)
	at com.skava.reusable.components.GeneralComponents.clickMyAccountIcon(GeneralComponents.java:63)
	at com.skava.testcases.LT_1639_Billingaddress_Validation.LT_1639_Billingaddress_Validation(LT_1639_Billingaddress_Validation.java:27)
	at sun.reflect.NativeMethodAccessorImpl.invoke0(Native Method)
	at sun.reflect.NativeMethodAccessorImpl.invoke(Unknown Source)
	at sun.reflect.DelegatingMethodAccessorImpl.invoke(Unknown Source)
	at java.lang.reflect.Method.invoke(Unknown Source)
	at org.testng.internal.MethodInvocationHelper.invokeMethod(MethodInvocationHelper.java:108)
	at org.testng.internal.Invoker.invokeMethod(Invoker.java:669)
	at org.testng.internal.Invoker.invokeTestMethod(Invoker.java:877)
	at org.testng.internal.Invoker.invokeTestMethods(Invoker.java:1201)
	at org.testng.internal.TestMethodWorker.invokeTestMethods(TestMethodWorker.java:125)
	at org.testng.internal.TestMethodWorker.run(TestMethodWorker.java:109)
	at java.util.concurrent.ThreadPoolExecutor.runWorker(Unknown Source)
	at java.util.concurrent.ThreadPoolExecutor$Worker.run(Unknown Source)
	at java.lang.Thread.run(Unknown Source)
19-03-2018 18:16 ERROR - Enetered Loginis not present - failed
19-03-2018 18:16 INFO  - shippingaddress is displayed - Pass
19-03-2018 18:16 INFO  - scrolled to shippingaddress - Pass
19-03-2018 18:16 INFO  - shippingaddress clicked is clicked - Pass
19-03-2018 18:16 INFO  - settings is displayed - Pass
19-03-2018 18:16 INFO  - scrolled to settings - Pass
19-03-2018 18:16 INFO  - settings clicked is clicked - Pass
19-03-2018 18:16 ERROR - TimeoutException
org.openqa.selenium.TimeoutException: Expected condition failed: waiting for visibility of element located by By.id: sign-into-account-email-field (tried for 10 second(s) with 500 MILLISECONDS interval)
	at org.openqa.selenium.support.ui.WebDriverWait.timeoutException(WebDriverWait.java:82)
	at org.openqa.selenium.support.ui.FluentWait.until(FluentWait.java:231)
	at com.skava.framework.action.SeleniumActionEngine.explicitWaitforVisibility(SeleniumActionEngine.java:183)
	at com.skava.framework.action.SeleniumActionEngine.enterText(SeleniumActionEngine.java:75)
	at com.skava.reusable.components.LoginComponents.enterLoginCredentials(LoginComponents.java:14)
	at com.skava.testcases.LT_1639_Billingaddress_Validation.LT_1639_Billingaddress_Validation(LT_1639_Billingaddress_Validation.java:28)
	at sun.reflect.NativeMethodAccessorImpl.invoke0(Native Method)
	at sun.reflect.NativeMethodAccessorImpl.invoke(Unknown Source)
	at sun.reflect.DelegatingMethodAccessorImpl.invoke(Unknown Source)
	at java.lang.reflect.Method.invoke(Unknown Source)
	at org.testng.internal.MethodInvocationHelper.invokeMethod(MethodInvocationHelper.java:108)
	at org.testng.internal.Invoker.invokeMethod(Invoker.java:669)
	at org.testng.internal.Invoker.invokeTestMethod(Invoker.java:877)
	at org.testng.internal.Invoker.invokeTestMethods(Invoker.java:1201)
	at org.testng.internal.TestMethodWorker.invokeTestMethods(TestMethodWorker.java:125)
	at org.testng.internal.TestMethodWorker.run(TestMethodWorker.java:109)
	at java.util.concurrent.ThreadPoolExecutor.runWorker(Unknown Source)
	at java.util.concurrent.ThreadPoolExecutor$Worker.run(Unknown Source)
	at java.lang.Thread.run(Unknown Source)
Caused by: org.openqa.selenium.NoSuchElementException: Cannot locate an element using By.id: sign-into-account-email-field
For documentation on this error, please visit: http://seleniumhq.org/exceptions/no_such_element.html
Build info: version: '3.2.0', revision: '8c03df6b79', time: '2017-02-23 10:51:31 +0000'
System info: host: 'DESKTOP-AQOISD1', ip: '192.168.234.84', os.name: 'Windows 10', os.arch: 'amd64', os.version: '10.0', java.version: '1.8.0_112'
Driver info: driver.version: unknown
	at org.openqa.selenium.support.ui.ExpectedConditions.lambda$findElement$0(ExpectedConditions.java:882)
	at java.util.Optional.orElseThrow(Unknown Source)
	at org.openqa.selenium.support.ui.ExpectedConditions.findElement(ExpectedConditions.java:881)
	at org.openqa.selenium.support.ui.ExpectedConditions.access$000(ExpectedConditions.java:43)
	at org.openqa.selenium.support.ui.ExpectedConditions$7.apply(ExpectedConditions.java:205)
	at org.openqa.selenium.support.ui.ExpectedConditions$7.apply(ExpectedConditions.java:201)
	at org.openqa.selenium.support.ui.FluentWait.until(FluentWait.java:208)
	... 17 more
19-03-2018 18:16 ERROR - Email is not present - failed
19-03-2018 18:16 INFO  - http://m.lordandtaylor.com/ is opened - Pass
19-03-2018 18:16 INFO  - Wait to get site Loaded is displayed - Pass
19-03-2018 18:16 INFO  - Click Menu is clicked - Pass
19-03-2018 18:16 INFO  - http://m.lordandtaylor.com/ is opened - Pass
19-03-2018 18:16 INFO  - Click Search is clicked - Pass
19-03-2018 18:16 INFO  - Shoes is entered in Search - Pass
19-03-2018 18:16 ERROR - WebDriverException
org.openqa.selenium.WebDriverException: unknown error: Element is not clickable at point (-134, 667)
  (Session info: chrome=64.0.3282.186)
  (Driver info: chromedriver=2.33.506120 (e3e53437346286c0bc2d2dc9aa4915ba81d9023f),platform=Windows NT 10.0.16299 x86_64) (WARNING: The server did not provide any stacktrace information)
Command duration or timeout: 34 milliseconds
Build info: version: '3.2.0', revision: '8c03df6b79', time: '2017-02-23 10:51:31 +0000'
System info: host: 'DESKTOP-AQOISD1', ip: '192.168.234.84', os.name: 'Windows 10', os.arch: 'amd64', os.version: '10.0', java.version: '1.8.0_112'
Driver info: org.openqa.selenium.chrome.ChromeDriver
Capabilities [{applicationCacheEnabled=false, rotatable=false, mobileEmulationEnabled=false, networkConnectionEnabled=false, chrome={chromedriverVersion=2.33.506120 (e3e53437346286c0bc2d2dc9aa4915ba81d9023f), userDataDir=C:\Users\arunraj.n\AppData\Local\Temp\scoped_dir18100_32405}, takesHeapSnapshot=true, pageLoadStrategy=normal, databaseEnabled=false, handlesAlerts=true, hasTouchScreen=false, version=64.0.3282.186, platform=XP, browserConnectionEnabled=false, nativeEvents=true, acceptSslCerts=true, locationContextEnabled=true, webStorageEnabled=true, browserName=chrome, takesScreenshot=true, javascriptEnabled=true, cssSelectorsEnabled=true, setWindowRect=true, unexpectedAlertBehaviour=}]
Session ID: 6cf7bbc2131b2fb4f95a103f14030878
	at sun.reflect.NativeConstructorAccessorImpl.newInstance0(Native Method)
	at sun.reflect.NativeConstructorAccessorImpl.newInstance(Unknown Source)
	at sun.reflect.DelegatingConstructorAccessorImpl.newInstance(Unknown Source)
	at java.lang.reflect.Constructor.newInstance(Unknown Source)
	at org.openqa.selenium.remote.ErrorHandler.createThrowable(ErrorHandler.java:216)
	at org.openqa.selenium.remote.ErrorHandler.throwIfResponseFailed(ErrorHandler.java:168)
	at org.openqa.selenium.remote.RemoteWebDriver.execute(RemoteWebDriver.java:638)
	at org.openqa.selenium.remote.RemoteWebElement.execute(RemoteWebElement.java:274)
	at org.openqa.selenium.remote.RemoteWebElement.click(RemoteWebElement.java:84)
	at com.skava.framework.action.SeleniumActionEngine.clickElement(SeleniumActionEngine.java:103)
	at com.skava.reusable.components.GeneralComponents.clickMyAccountIcon(GeneralComponents.java:63)
	at com.skava.testcases.LT_1640_Payment_Validation.LT_1640_Payment_Validation(LT_1640_Payment_Validation.java:27)
	at sun.reflect.NativeMethodAccessorImpl.invoke0(Native Method)
	at sun.reflect.NativeMethodAccessorImpl.invoke(Unknown Source)
	at sun.reflect.DelegatingMethodAccessorImpl.invoke(Unknown Source)
	at java.lang.reflect.Method.invoke(Unknown Source)
	at org.testng.internal.MethodInvocationHelper.invokeMethod(MethodInvocationHelper.java:108)
	at org.testng.internal.Invoker.invokeMethod(Invoker.java:669)
	at org.testng.internal.Invoker.invokeTestMethod(Invoker.java:877)
	at org.testng.internal.Invoker.invokeTestMethods(Invoker.java:1201)
	at org.testng.internal.TestMethodWorker.invokeTestMethods(TestMethodWorker.java:125)
	at org.testng.internal.TestMethodWorker.run(TestMethodWorker.java:109)
	at java.util.concurrent.ThreadPoolExecutor.runWorker(Unknown Source)
	at java.util.concurrent.ThreadPoolExecutor$Worker.run(Unknown Source)
	at java.lang.Thread.run(Unknown Source)
19-03-2018 18:16 ERROR - Enetered Loginis not present - failed
19-03-2018 18:17 ERROR - TimeoutException
org.openqa.selenium.TimeoutException: Expected condition failed: waiting for visibility of element located by By.id: sign-into-account-password-field (tried for 10 second(s) with 500 MILLISECONDS interval)
	at org.openqa.selenium.support.ui.WebDriverWait.timeoutException(WebDriverWait.java:82)
	at org.openqa.selenium.support.ui.FluentWait.until(FluentWait.java:231)
	at com.skava.framework.action.SeleniumActionEngine.explicitWaitforVisibility(SeleniumActionEngine.java:183)
	at com.skava.framework.action.SeleniumActionEngine.enterTextAndSubmit(SeleniumActionEngine.java:467)
	at com.skava.reusable.components.LoginComponents.enterLoginCredentials(LoginComponents.java:15)
	at com.skava.testcases.LT_1639_Billingaddress_Validation.LT_1639_Billingaddress_Validation(LT_1639_Billingaddress_Validation.java:28)
	at sun.reflect.NativeMethodAccessorImpl.invoke0(Native Method)
	at sun.reflect.NativeMethodAccessorImpl.invoke(Unknown Source)
	at sun.reflect.DelegatingMethodAccessorImpl.invoke(Unknown Source)
	at java.lang.reflect.Method.invoke(Unknown Source)
	at org.testng.internal.MethodInvocationHelper.invokeMethod(MethodInvocationHelper.java:108)
	at org.testng.internal.Invoker.invokeMethod(Invoker.java:669)
	at org.testng.internal.Invoker.invokeTestMethod(Invoker.java:877)
	at org.testng.internal.Invoker.invokeTestMethods(Invoker.java:1201)
	at org.testng.internal.TestMethodWorker.invokeTestMethods(TestMethodWorker.java:125)
	at org.testng.internal.TestMethodWorker.run(TestMethodWorker.java:109)
	at java.util.concurrent.ThreadPoolExecutor.runWorker(Unknown Source)
	at java.util.concurrent.ThreadPoolExecutor$Worker.run(Unknown Source)
	at java.lang.Thread.run(Unknown Source)
Caused by: org.openqa.selenium.NoSuchElementException: Cannot locate an element using By.id: sign-into-account-password-field
For documentation on this error, please visit: http://seleniumhq.org/exceptions/no_such_element.html
Build info: version: '3.2.0', revision: '8c03df6b79', time: '2017-02-23 10:51:31 +0000'
System info: host: 'DESKTOP-AQOISD1', ip: '192.168.234.84', os.name: 'Windows 10', os.arch: 'amd64', os.version: '10.0', java.version: '1.8.0_112'
Driver info: driver.version: unknown
	at org.openqa.selenium.support.ui.ExpectedConditions.lambda$findElement$0(ExpectedConditions.java:882)
	at java.util.Optional.orElseThrow(Unknown Source)
	at org.openqa.selenium.support.ui.ExpectedConditions.findElement(ExpectedConditions.java:881)
	at org.openqa.selenium.support.ui.ExpectedConditions.access$000(ExpectedConditions.java:43)
	at org.openqa.selenium.support.ui.ExpectedConditions$7.apply(ExpectedConditions.java:205)
	at org.openqa.selenium.support.ui.ExpectedConditions$7.apply(ExpectedConditions.java:201)
	at org.openqa.selenium.support.ui.FluentWait.until(FluentWait.java:208)
	... 17 more
19-03-2018 18:17 ERROR - Password is not present - failed
19-03-2018 18:17 INFO  - search/PLP page is displayed - Pass
19-03-2018 18:17 INFO  - Search Count is displayed - Pass
19-03-2018 18:17 ERROR - TimeoutException
org.openqa.selenium.TimeoutException: Expected condition failed: waiting for visibility of element located by By.id: sign-into-account-email-field (tried for 10 second(s) with 500 MILLISECONDS interval)
	at org.openqa.selenium.support.ui.WebDriverWait.timeoutException(WebDriverWait.java:82)
	at org.openqa.selenium.support.ui.FluentWait.until(FluentWait.java:231)
	at com.skava.framework.action.SeleniumActionEngine.explicitWaitforVisibility(SeleniumActionEngine.java:183)
	at com.skava.framework.action.SeleniumActionEngine.enterText(SeleniumActionEngine.java:75)
	at com.skava.reusable.components.LoginComponents.enterLoginCredentials(LoginComponents.java:14)
	at com.skava.testcases.LT_1640_Payment_Validation.LT_1640_Payment_Validation(LT_1640_Payment_Validation.java:28)
	at sun.reflect.NativeMethodAccessorImpl.invoke0(Native Method)
	at sun.reflect.NativeMethodAccessorImpl.invoke(Unknown Source)
	at sun.reflect.DelegatingMethodAccessorImpl.invoke(Unknown Source)
	at java.lang.reflect.Method.invoke(Unknown Source)
	at org.testng.internal.MethodInvocationHelper.invokeMethod(MethodInvocationHelper.java:108)
	at org.testng.internal.Invoker.invokeMethod(Invoker.java:669)
	at org.testng.internal.Invoker.invokeTestMethod(Invoker.java:877)
	at org.testng.internal.Invoker.invokeTestMethods(Invoker.java:1201)
	at org.testng.internal.TestMethodWorker.invokeTestMethods(TestMethodWorker.java:125)
	at org.testng.internal.TestMethodWorker.run(TestMethodWorker.java:109)
	at java.util.concurrent.ThreadPoolExecutor.runWorker(Unknown Source)
	at java.util.concurrent.ThreadPoolExecutor$Worker.run(Unknown Source)
	at java.lang.Thread.run(Unknown Source)
Caused by: org.openqa.selenium.NoSuchElementException: Cannot locate an element using By.id: sign-into-account-email-field
For documentation on this error, please visit: http://seleniumhq.org/exceptions/no_such_element.html
Build info: version: '3.2.0', revision: '8c03df6b79', time: '2017-02-23 10:51:31 +0000'
System info: host: 'DESKTOP-AQOISD1', ip: '192.168.234.84', os.name: 'Windows 10', os.arch: 'amd64', os.version: '10.0', java.version: '1.8.0_112'
Driver info: driver.version: unknown
	at org.openqa.selenium.support.ui.ExpectedConditions.lambda$findElement$0(ExpectedConditions.java:882)
	at java.util.Optional.orElseThrow(Unknown Source)
	at org.openqa.selenium.support.ui.ExpectedConditions.findElement(ExpectedConditions.java:881)
	at org.openqa.selenium.support.ui.ExpectedConditions.access$000(ExpectedConditions.java:43)
	at org.openqa.selenium.support.ui.ExpectedConditions$7.apply(ExpectedConditions.java:205)
	at org.openqa.selenium.support.ui.ExpectedConditions$7.apply(ExpectedConditions.java:201)
	at org.openqa.selenium.support.ui.FluentWait.until(FluentWait.java:208)
	... 17 more
19-03-2018 18:17 ERROR - Email is not present - failed
19-03-2018 18:17 INFO  - PDP Page wait is displayed - Pass
19-03-2018 18:17 INFO  - Wait is displayed - Pass
19-03-2018 18:17 INFO  - Product QTY increment is displayed - Pass
19-03-2018 18:17 INFO  - scrolled to QTY - Pass
19-03-2018 18:17 INFO  - Increment Click is clicked - Pass
19-03-2018 18:17 INFO  - Wait is displayed - Pass
19-03-2018 18:17 ERROR - TimeoutException
org.openqa.selenium.TimeoutException: Expected condition failed: waiting for visibility of element located by By.id: sign-into-account-password-field (tried for 10 second(s) with 500 MILLISECONDS interval)
	at org.openqa.selenium.support.ui.WebDriverWait.timeoutException(WebDriverWait.java:82)
	at org.openqa.selenium.support.ui.FluentWait.until(FluentWait.java:231)
	at com.skava.framework.action.SeleniumActionEngine.explicitWaitforVisibility(SeleniumActionEngine.java:183)
	at com.skava.framework.action.SeleniumActionEngine.enterTextAndSubmit(SeleniumActionEngine.java:467)
	at com.skava.reusable.components.LoginComponents.enterLoginCredentials(LoginComponents.java:15)
	at com.skava.testcases.LT_1640_Payment_Validation.LT_1640_Payment_Validation(LT_1640_Payment_Validation.java:28)
	at sun.reflect.NativeMethodAccessorImpl.invoke0(Native Method)
	at sun.reflect.NativeMethodAccessorImpl.invoke(Unknown Source)
	at sun.reflect.DelegatingMethodAccessorImpl.invoke(Unknown Source)
	at java.lang.reflect.Method.invoke(Unknown Source)
	at org.testng.internal.MethodInvocationHelper.invokeMethod(MethodInvocationHelper.java:108)
	at org.testng.internal.Invoker.invokeMethod(Invoker.java:669)
	at org.testng.internal.Invoker.invokeTestMethod(Invoker.java:877)
	at org.testng.internal.Invoker.invokeTestMethods(Invoker.java:1201)
	at org.testng.internal.TestMethodWorker.invokeTestMethods(TestMethodWorker.java:125)
	at org.testng.internal.TestMethodWorker.run(TestMethodWorker.java:109)
	at java.util.concurrent.ThreadPoolExecutor.runWorker(Unknown Source)
	at java.util.concurrent.ThreadPoolExecutor$Worker.run(Unknown Source)
	at java.lang.Thread.run(Unknown Source)
Caused by: org.openqa.selenium.NoSuchElementException: Cannot locate an element using By.id: sign-into-account-password-field
For documentation on this error, please visit: http://seleniumhq.org/exceptions/no_such_element.html
Build info: version: '3.2.0', revision: '8c03df6b79', time: '2017-02-23 10:51:31 +0000'
System info: host: 'DESKTOP-AQOISD1', ip: '192.168.234.84', os.name: 'Windows 10', os.arch: 'amd64', os.version: '10.0', java.version: '1.8.0_112'
Driver info: driver.version: unknown
	at org.openqa.selenium.support.ui.ExpectedConditions.lambda$findElement$0(ExpectedConditions.java:882)
	at java.util.Optional.orElseThrow(Unknown Source)
	at org.openqa.selenium.support.ui.ExpectedConditions.findElement(ExpectedConditions.java:881)
	at org.openqa.selenium.support.ui.ExpectedConditions.access$000(ExpectedConditions.java:43)
	at org.openqa.selenium.support.ui.ExpectedConditions$7.apply(ExpectedConditions.java:205)
	at org.openqa.selenium.support.ui.ExpectedConditions$7.apply(ExpectedConditions.java:201)
	at org.openqa.selenium.support.ui.FluentWait.until(FluentWait.java:208)
	... 17 more
19-03-2018 18:17 ERROR - Password is not present - failed
19-03-2018 18:17 INFO  - http://m.lordandtaylor.com/ is opened - Pass
19-03-2018 18:17 INFO  - Click Search is clicked - Pass
19-03-2018 18:17 INFO  - Shoes is entered in Search - Pass
19-03-2018 18:17 INFO  - search/PLP page is displayed - Pass
19-03-2018 18:17 INFO  - Search Count is displayed - Pass
19-03-2018 18:17 ERROR - TimeoutException
org.openqa.selenium.TimeoutException: Expected condition failed: waiting for visibility of element located by By.xpath: //*[@id='account-content-area']/div/div[3]/ul/li[4]/a (tried for 40 second(s) with 500 MILLISECONDS interval)
	at org.openqa.selenium.support.ui.WebDriverWait.timeoutException(WebDriverWait.java:82)
	at org.openqa.selenium.support.ui.FluentWait.until(FluentWait.java:231)
	at com.skava.framework.action.SeleniumActionEngine.explicitWaitforVisibility(SeleniumActionEngine.java:183)
	at com.skava.framework.action.SeleniumActionEngine.isElementDisplayed(SeleniumActionEngine.java:201)
	at com.skava.reusable.components.LoginComponents.billingaddress(LoginComponents.java:142)
	at com.skava.testcases.LT_1639_Billingaddress_Validation.LT_1639_Billingaddress_Validation(LT_1639_Billingaddress_Validation.java:29)
	at sun.reflect.NativeMethodAccessorImpl.invoke0(Native Method)
	at sun.reflect.NativeMethodAccessorImpl.invoke(Unknown Source)
	at sun.reflect.DelegatingMethodAccessorImpl.invoke(Unknown Source)
	at java.lang.reflect.Method.invoke(Unknown Source)
	at org.testng.internal.MethodInvocationHelper.invokeMethod(MethodInvocationHelper.java:108)
	at org.testng.internal.Invoker.invokeMethod(Invoker.java:669)
	at org.testng.internal.Invoker.invokeTestMethod(Invoker.java:877)
	at org.testng.internal.Invoker.invokeTestMethods(Invoker.java:1201)
	at org.testng.internal.TestMethodWorker.invokeTestMethods(TestMethodWorker.java:125)
	at org.testng.internal.TestMethodWorker.run(TestMethodWorker.java:109)
	at java.util.concurrent.ThreadPoolExecutor.runWorker(Unknown Source)
	at java.util.concurrent.ThreadPoolExecutor$Worker.run(Unknown Source)
	at java.lang.Thread.run(Unknown Source)
Caused by: org.openqa.selenium.NoSuchElementException: Cannot locate an element using By.xpath: //*[@id='account-content-area']/div/div[3]/ul/li[4]/a
For documentation on this error, please visit: http://seleniumhq.org/exceptions/no_such_element.html
Build info: version: '3.2.0', revision: '8c03df6b79', time: '2017-02-23 10:51:31 +0000'
System info: host: 'DESKTOP-AQOISD1', ip: '192.168.234.84', os.name: 'Windows 10', os.arch: 'amd64', os.version: '10.0', java.version: '1.8.0_112'
Driver info: driver.version: unknown
	at org.openqa.selenium.support.ui.ExpectedConditions.lambda$findElement$0(ExpectedConditions.java:882)
	at java.util.Optional.orElseThrow(Unknown Source)
	at org.openqa.selenium.support.ui.ExpectedConditions.findElement(ExpectedConditions.java:881)
	at org.openqa.selenium.support.ui.ExpectedConditions.access$000(ExpectedConditions.java:43)
	at org.openqa.selenium.support.ui.ExpectedConditions$7.apply(ExpectedConditions.java:205)
	at org.openqa.selenium.support.ui.ExpectedConditions$7.apply(ExpectedConditions.java:201)
	at org.openqa.selenium.support.ui.FluentWait.until(FluentWait.java:208)
	... 17 more
19-03-2018 18:17 ERROR - billingaddress is not present - failed
19-03-2018 18:17 INFO  - PDP Page wait is displayed - Pass
19-03-2018 18:17 INFO  - Wait is displayed - Pass
19-03-2018 18:17 INFO  - Product QTY increment is displayed - Pass
19-03-2018 18:17 INFO  - scrolled to QTY - Pass
19-03-2018 18:17 INFO  - Increment Click is clicked - Pass
19-03-2018 18:17 INFO  - Wait is displayed - Pass
19-03-2018 18:17 INFO  - Product QTY decrement is displayed - Pass
19-03-2018 18:17 INFO  - scrolled to QTY - Pass
19-03-2018 18:17 INFO  - Wait is displayed - Pass
19-03-2018 18:17 INFO  - Decrement Click is clicked - Pass
19-03-2018 18:17 INFO  - Wait is displayed - Pass
19-03-2018 18:17 ERROR - TimeoutException
org.openqa.selenium.TimeoutException: Expected condition failed: waiting for visibility of element located by By.xpath: //*[@id='account-content-area']/div/div[3]/ul/li[4]/a (tried for 10 second(s) with 500 MILLISECONDS interval)
	at org.openqa.selenium.support.ui.WebDriverWait.timeoutException(WebDriverWait.java:82)
	at org.openqa.selenium.support.ui.FluentWait.until(FluentWait.java:231)
	at com.skava.framework.action.SeleniumActionEngine.explicitWaitforVisibility(SeleniumActionEngine.java:183)
	at com.skava.framework.action.SeleniumActionEngine.scrollToElement(SeleniumActionEngine.java:433)
	at com.skava.reusable.components.LoginComponents.billingaddress(LoginComponents.java:143)
	at com.skava.testcases.LT_1639_Billingaddress_Validation.LT_1639_Billingaddress_Validation(LT_1639_Billingaddress_Validation.java:29)
	at sun.reflect.NativeMethodAccessorImpl.invoke0(Native Method)
	at sun.reflect.NativeMethodAccessorImpl.invoke(Unknown Source)
	at sun.reflect.DelegatingMethodAccessorImpl.invoke(Unknown Source)
	at java.lang.reflect.Method.invoke(Unknown Source)
	at org.testng.internal.MethodInvocationHelper.invokeMethod(MethodInvocationHelper.java:108)
	at org.testng.internal.Invoker.invokeMethod(Invoker.java:669)
	at org.testng.internal.Invoker.invokeTestMethod(Invoker.java:877)
	at org.testng.internal.Invoker.invokeTestMethods(Invoker.java:1201)
	at org.testng.internal.TestMethodWorker.invokeTestMethods(TestMethodWorker.java:125)
	at org.testng.internal.TestMethodWorker.run(TestMethodWorker.java:109)
	at java.util.concurrent.ThreadPoolExecutor.runWorker(Unknown Source)
	at java.util.concurrent.ThreadPoolExecutor$Worker.run(Unknown Source)
	at java.lang.Thread.run(Unknown Source)
Caused by: org.openqa.selenium.NoSuchElementException: Cannot locate an element using By.xpath: //*[@id='account-content-area']/div/div[3]/ul/li[4]/a
For documentation on this error, please visit: http://seleniumhq.org/exceptions/no_such_element.html
Build info: version: '3.2.0', revision: '8c03df6b79', time: '2017-02-23 10:51:31 +0000'
System info: host: 'DESKTOP-AQOISD1', ip: '192.168.234.84', os.name: 'Windows 10', os.arch: 'amd64', os.version: '10.0', java.version: '1.8.0_112'
Driver info: driver.version: unknown
	at org.openqa.selenium.support.ui.ExpectedConditions.lambda$findElement$0(ExpectedConditions.java:882)
	at java.util.Optional.orElseThrow(Unknown Source)
	at org.openqa.selenium.support.ui.ExpectedConditions.findElement(ExpectedConditions.java:881)
	at org.openqa.selenium.support.ui.ExpectedConditions.access$000(ExpectedConditions.java:43)
	at org.openqa.selenium.support.ui.ExpectedConditions$7.apply(ExpectedConditions.java:205)
	at org.openqa.selenium.support.ui.ExpectedConditions$7.apply(ExpectedConditions.java:201)
	at org.openqa.selenium.support.ui.FluentWait.until(FluentWait.java:208)
	... 17 more
19-03-2018 18:17 ERROR - billingaddress is not present - failed
19-03-2018 18:17 INFO  - http://m.lordandtaylor.com/ is opened - Pass
19-03-2018 18:18 ERROR - TimeoutException
org.openqa.selenium.TimeoutException: Expected condition failed: waiting for visibility of element located by By.xpath: //*[@id='account-content-area']/div/div[3]/ul/li[5]/a (tried for 40 second(s) with 500 MILLISECONDS interval)
	at org.openqa.selenium.support.ui.WebDriverWait.timeoutException(WebDriverWait.java:82)
	at org.openqa.selenium.support.ui.FluentWait.until(FluentWait.java:231)
	at com.skava.framework.action.SeleniumActionEngine.explicitWaitforVisibility(SeleniumActionEngine.java:183)
	at com.skava.framework.action.SeleniumActionEngine.isElementDisplayed(SeleniumActionEngine.java:201)
	at com.skava.reusable.components.LoginComponents.payment(LoginComponents.java:150)
	at com.skava.testcases.LT_1640_Payment_Validation.LT_1640_Payment_Validation(LT_1640_Payment_Validation.java:29)
	at sun.reflect.NativeMethodAccessorImpl.invoke0(Native Method)
	at sun.reflect.NativeMethodAccessorImpl.invoke(Unknown Source)
	at sun.reflect.DelegatingMethodAccessorImpl.invoke(Unknown Source)
	at java.lang.reflect.Method.invoke(Unknown Source)
	at org.testng.internal.MethodInvocationHelper.invokeMethod(MethodInvocationHelper.java:108)
	at org.testng.internal.Invoker.invokeMethod(Invoker.java:669)
	at org.testng.internal.Invoker.invokeTestMethod(Invoker.java:877)
	at org.testng.internal.Invoker.invokeTestMethods(Invoker.java:1201)
	at org.testng.internal.TestMethodWorker.invokeTestMethods(TestMethodWorker.java:125)
	at org.testng.internal.TestMethodWorker.run(TestMethodWorker.java:109)
	at java.util.concurrent.ThreadPoolExecutor.runWorker(Unknown Source)
	at java.util.concurrent.ThreadPoolExecutor$Worker.run(Unknown Source)
	at java.lang.Thread.run(Unknown Source)
Caused by: org.openqa.selenium.NoSuchElementException: Cannot locate an element using By.xpath: //*[@id='account-content-area']/div/div[3]/ul/li[5]/a
For documentation on this error, please visit: http://seleniumhq.org/exceptions/no_such_element.html
Build info: version: '3.2.0', revision: '8c03df6b79', time: '2017-02-23 10:51:31 +0000'
System info: host: 'DESKTOP-AQOISD1', ip: '192.168.234.84', os.name: 'Windows 10', os.arch: 'amd64', os.version: '10.0', java.version: '1.8.0_112'
Driver info: driver.version: unknown
	at org.openqa.selenium.support.ui.ExpectedConditions.lambda$findElement$0(ExpectedConditions.java:882)
	at java.util.Optional.orElseThrow(Unknown Source)
	at org.openqa.selenium.support.ui.ExpectedConditions.findElement(ExpectedConditions.java:881)
	at org.openqa.selenium.support.ui.ExpectedConditions.access$000(ExpectedConditions.java:43)
	at org.openqa.selenium.support.ui.ExpectedConditions$7.apply(ExpectedConditions.java:205)
	at org.openqa.selenium.support.ui.ExpectedConditions$7.apply(ExpectedConditions.java:201)
	at org.openqa.selenium.support.ui.FluentWait.until(FluentWait.java:208)
	... 17 more
19-03-2018 18:18 ERROR - payment is not present - failed
19-03-2018 18:18 ERROR - TimeoutException
org.openqa.selenium.TimeoutException: Expected condition failed: waiting for visibility of element located by By.xpath: //*[@id='account-content-area']/div/div[3]/ul/li[5]/a (tried for 10 second(s) with 500 MILLISECONDS interval)
	at org.openqa.selenium.support.ui.WebDriverWait.timeoutException(WebDriverWait.java:82)
	at org.openqa.selenium.support.ui.FluentWait.until(FluentWait.java:231)
	at com.skava.framework.action.SeleniumActionEngine.explicitWaitforVisibility(SeleniumActionEngine.java:183)
	at com.skava.framework.action.SeleniumActionEngine.scrollToElement(SeleniumActionEngine.java:433)
	at com.skava.reusable.components.LoginComponents.payment(LoginComponents.java:151)
	at com.skava.testcases.LT_1640_Payment_Validation.LT_1640_Payment_Validation(LT_1640_Payment_Validation.java:29)
	at sun.reflect.NativeMethodAccessorImpl.invoke0(Native Method)
	at sun.reflect.NativeMethodAccessorImpl.invoke(Unknown Source)
	at sun.reflect.DelegatingMethodAccessorImpl.invoke(Unknown Source)
	at java.lang.reflect.Method.invoke(Unknown Source)
	at org.testng.internal.MethodInvocationHelper.invokeMethod(MethodInvocationHelper.java:108)
	at org.testng.internal.Invoker.invokeMethod(Invoker.java:669)
	at org.testng.internal.Invoker.invokeTestMethod(Invoker.java:877)
	at org.testng.internal.Invoker.invokeTestMethods(Invoker.java:1201)
	at org.testng.internal.TestMethodWorker.invokeTestMethods(TestMethodWorker.java:125)
	at org.testng.internal.TestMethodWorker.run(TestMethodWorker.java:109)
	at java.util.concurrent.ThreadPoolExecutor.runWorker(Unknown Source)
	at java.util.concurrent.ThreadPoolExecutor$Worker.run(Unknown Source)
	at java.lang.Thread.run(Unknown Source)
Caused by: org.openqa.selenium.NoSuchElementException: Cannot locate an element using By.xpath: //*[@id='account-content-area']/div/div[3]/ul/li[5]/a
For documentation on this error, please visit: http://seleniumhq.org/exceptions/no_such_element.html
Build info: version: '3.2.0', revision: '8c03df6b79', time: '2017-02-23 10:51:31 +0000'
System info: host: 'DESKTOP-AQOISD1', ip: '192.168.234.84', os.name: 'Windows 10', os.arch: 'amd64', os.version: '10.0', java.version: '1.8.0_112'
Driver info: driver.version: unknown
	at org.openqa.selenium.support.ui.ExpectedConditions.lambda$findElement$0(ExpectedConditions.java:882)
	at java.util.Optional.orElseThrow(Unknown Source)
	at org.openqa.selenium.support.ui.ExpectedConditions.findElement(ExpectedConditions.java:881)
	at org.openqa.selenium.support.ui.ExpectedConditions.access$000(ExpectedConditions.java:43)
	at org.openqa.selenium.support.ui.ExpectedConditions$7.apply(ExpectedConditions.java:205)
	at org.openqa.selenium.support.ui.ExpectedConditions$7.apply(ExpectedConditions.java:201)
	at org.openqa.selenium.support.ui.FluentWait.until(FluentWait.java:208)
	... 17 more
19-03-2018 18:18 ERROR - payment is not present - failed
19-03-2018 18:18 ERROR - TimeoutException
org.openqa.selenium.TimeoutException: Expected condition failed: waiting for visibility of element located by By.xpath: //*[@id='account-content-area']/div/div[3]/ul/li[4]/a (tried for 20 second(s) with 500 MILLISECONDS interval)
	at org.openqa.selenium.support.ui.WebDriverWait.timeoutException(WebDriverWait.java:82)
	at org.openqa.selenium.support.ui.FluentWait.until(FluentWait.java:231)
	at com.skava.framework.action.SeleniumActionEngine.explicitWaitforVisibility(SeleniumActionEngine.java:183)
	at com.skava.framework.action.SeleniumActionEngine.clickElement(SeleniumActionEngine.java:100)
	at com.skava.reusable.components.LoginComponents.billingaddress(LoginComponents.java:144)
	at com.skava.testcases.LT_1639_Billingaddress_Validation.LT_1639_Billingaddress_Validation(LT_1639_Billingaddress_Validation.java:29)
	at sun.reflect.NativeMethodAccessorImpl.invoke0(Native Method)
	at sun.reflect.NativeMethodAccessorImpl.invoke(Unknown Source)
	at sun.reflect.DelegatingMethodAccessorImpl.invoke(Unknown Source)
	at java.lang.reflect.Method.invoke(Unknown Source)
	at org.testng.internal.MethodInvocationHelper.invokeMethod(MethodInvocationHelper.java:108)
	at org.testng.internal.Invoker.invokeMethod(Invoker.java:669)
	at org.testng.internal.Invoker.invokeTestMethod(Invoker.java:877)
	at org.testng.internal.Invoker.invokeTestMethods(Invoker.java:1201)
	at org.testng.internal.TestMethodWorker.invokeTestMethods(TestMethodWorker.java:125)
	at org.testng.internal.TestMethodWorker.run(TestMethodWorker.java:109)
	at java.util.concurrent.ThreadPoolExecutor.runWorker(Unknown Source)
	at java.util.concurrent.ThreadPoolExecutor$Worker.run(Unknown Source)
	at java.lang.Thread.run(Unknown Source)
Caused by: org.openqa.selenium.NoSuchElementException: Cannot locate an element using By.xpath: //*[@id='account-content-area']/div/div[3]/ul/li[4]/a
For documentation on this error, please visit: http://seleniumhq.org/exceptions/no_such_element.html
Build info: version: '3.2.0', revision: '8c03df6b79', time: '2017-02-23 10:51:31 +0000'
System info: host: 'DESKTOP-AQOISD1', ip: '192.168.234.84', os.name: 'Windows 10', os.arch: 'amd64', os.version: '10.0', java.version: '1.8.0_112'
Driver info: driver.version: unknown
	at org.openqa.selenium.support.ui.ExpectedConditions.lambda$findElement$0(ExpectedConditions.java:882)
	at java.util.Optional.orElseThrow(Unknown Source)
	at org.openqa.selenium.support.ui.ExpectedConditions.findElement(ExpectedConditions.java:881)
	at org.openqa.selenium.support.ui.ExpectedConditions.access$000(ExpectedConditions.java:43)
	at org.openqa.selenium.support.ui.ExpectedConditions$7.apply(ExpectedConditions.java:205)
	at org.openqa.selenium.support.ui.ExpectedConditions$7.apply(ExpectedConditions.java:201)
	at org.openqa.selenium.support.ui.FluentWait.until(FluentWait.java:208)
	... 17 more
19-03-2018 18:18 ERROR - billingaddress clicked is not present - failed
19-03-2018 18:18 INFO  - Click Cart is clicked - Pass
19-03-2018 18:18 INFO  - Cart wrapper Opened is displayed - Pass
19-03-2018 18:18 INFO  - Cart Empty Text is displayed - Pass
19-03-2018 18:18 INFO  - Back To Homepage is clicked - Pass
19-03-2018 18:18 INFO  - http://m.lordandtaylor.com/ is opened - Pass
19-03-2018 18:18 INFO  - Wait to get site Loaded is displayed - Pass
19-03-2018 18:18 INFO  - Click Menu is clicked - Pass
19-03-2018 18:18 INFO  - http://m.lordandtaylor.com/ is opened - Pass
19-03-2018 18:18 INFO  - Wait to get site Loaded is displayed - Pass
19-03-2018 18:18 INFO  - Click Menu is clicked - Pass
19-03-2018 18:18 ERROR - TimeoutException
org.openqa.selenium.TimeoutException: Expected condition failed: waiting for visibility of element located by By.xpath: //*[@id='account-content-area']/div/div[3]/ul/li[5]/a (tried for 20 second(s) with 500 MILLISECONDS interval)
	at org.openqa.selenium.support.ui.WebDriverWait.timeoutException(WebDriverWait.java:82)
	at org.openqa.selenium.support.ui.FluentWait.until(FluentWait.java:231)
	at com.skava.framework.action.SeleniumActionEngine.explicitWaitforVisibility(SeleniumActionEngine.java:183)
	at com.skava.framework.action.SeleniumActionEngine.clickElement(SeleniumActionEngine.java:100)
	at com.skava.reusable.components.LoginComponents.payment(LoginComponents.java:152)
	at com.skava.testcases.LT_1640_Payment_Validation.LT_1640_Payment_Validation(LT_1640_Payment_Validation.java:29)
	at sun.reflect.NativeMethodAccessorImpl.invoke0(Native Method)
	at sun.reflect.NativeMethodAccessorImpl.invoke(Unknown Source)
	at sun.reflect.DelegatingMethodAccessorImpl.invoke(Unknown Source)
	at java.lang.reflect.Method.invoke(Unknown Source)
	at org.testng.internal.MethodInvocationHelper.invokeMethod(MethodInvocationHelper.java:108)
	at org.testng.internal.Invoker.invokeMethod(Invoker.java:669)
	at org.testng.internal.Invoker.invokeTestMethod(Invoker.java:877)
	at org.testng.internal.Invoker.invokeTestMethods(Invoker.java:1201)
	at org.testng.internal.TestMethodWorker.invokeTestMethods(TestMethodWorker.java:125)
	at org.testng.internal.TestMethodWorker.run(TestMethodWorker.java:109)
	at java.util.concurrent.ThreadPoolExecutor.runWorker(Unknown Source)
	at java.util.concurrent.ThreadPoolExecutor$Worker.run(Unknown Source)
	at java.lang.Thread.run(Unknown Source)
Caused by: org.openqa.selenium.NoSuchElementException: Cannot locate an element using By.xpath: //*[@id='account-content-area']/div/div[3]/ul/li[5]/a
For documentation on this error, please visit: http://seleniumhq.org/exceptions/no_such_element.html
Build info: version: '3.2.0', revision: '8c03df6b79', time: '2017-02-23 10:51:31 +0000'
System info: host: 'DESKTOP-AQOISD1', ip: '192.168.234.84', os.name: 'Windows 10', os.arch: 'amd64', os.version: '10.0', java.version: '1.8.0_112'
Driver info: driver.version: unknown
	at org.openqa.selenium.support.ui.ExpectedConditions.lambda$findElement$0(ExpectedConditions.java:882)
	at java.util.Optional.orElseThrow(Unknown Source)
	at org.openqa.selenium.support.ui.ExpectedConditions.findElement(ExpectedConditions.java:881)
	at org.openqa.selenium.support.ui.ExpectedConditions.access$000(ExpectedConditions.java:43)
	at org.openqa.selenium.support.ui.ExpectedConditions$7.apply(ExpectedConditions.java:205)
	at org.openqa.selenium.support.ui.ExpectedConditions$7.apply(ExpectedConditions.java:201)
	at org.openqa.selenium.support.ui.FluentWait.until(FluentWait.java:208)
	... 17 more
19-03-2018 18:18 ERROR - payment clicked is not present - failed
19-03-2018 18:18 INFO  - http://m.lordandtaylor.com/ is opened - Pass
19-03-2018 18:18 INFO  - Wait to get site Loaded is displayed - Pass
19-03-2018 18:18 INFO  - Click Menu is clicked - Pass
19-03-2018 18:18 ERROR - TimeoutException
org.openqa.selenium.TimeoutException: Expected condition failed: waiting for visibility of element located by By.xpath: //*[@id='sk_mobCategory_id']/div[1]/div[1]/div[3] (tried for 20 second(s) with 500 MILLISECONDS interval)
Build info: version: '3.2.0', revision: '8c03df6b79', time: '2017-02-23 10:51:31 +0000'
System info: host: 'DESKTOP-AQOISD1', ip: '192.168.234.84', os.name: 'Windows 10', os.arch: 'amd64', os.version: '10.0', java.version: '1.8.0_112'
Driver info: org.openqa.selenium.chrome.ChromeDriver
Capabilities [{applicationCacheEnabled=false, rotatable=false, mobileEmulationEnabled=false, networkConnectionEnabled=false, chrome={chromedriverVersion=2.33.506120 (e3e53437346286c0bc2d2dc9aa4915ba81d9023f), userDataDir=C:\Users\arunraj.n\AppData\Local\Temp\scoped_dir22236_15567}, takesHeapSnapshot=true, pageLoadStrategy=normal, databaseEnabled=false, handlesAlerts=true, hasTouchScreen=false, version=64.0.3282.186, platform=XP, browserConnectionEnabled=false, nativeEvents=true, acceptSslCerts=true, locationContextEnabled=true, webStorageEnabled=true, browserName=chrome, takesScreenshot=true, javascriptEnabled=true, cssSelectorsEnabled=true, setWindowRect=true, unexpectedAlertBehaviour=}]
Session ID: c50af394c85135d910ee0e97beb588db
	at org.openqa.selenium.support.ui.WebDriverWait.timeoutException(WebDriverWait.java:82)
	at org.openqa.selenium.support.ui.FluentWait.until(FluentWait.java:231)
	at com.skava.framework.action.SeleniumActionEngine.explicitWaitforVisibility(SeleniumActionEngine.java:183)
	at com.skava.framework.action.SeleniumActionEngine.clickElement(SeleniumActionEngine.java:100)
	at com.skava.reusable.components.HomePageComponents.menuCategoryValidation(HomePageComponents.java:129)
	at com.skava.testcases.LT_464_BagCount_Check.LT_464_Bag_Count_Check(LT_464_BagCount_Check.java:25)
	at sun.reflect.NativeMethodAccessorImpl.invoke0(Native Method)
	at sun.reflect.NativeMethodAccessorImpl.invoke(Unknown Source)
	at sun.reflect.DelegatingMethodAccessorImpl.invoke(Unknown Source)
	at java.lang.reflect.Method.invoke(Unknown Source)
	at org.testng.internal.MethodInvocationHelper.invokeMethod(MethodInvocationHelper.java:108)
	at org.testng.internal.Invoker.invokeMethod(Invoker.java:669)
	at org.testng.internal.Invoker.invokeTestMethod(Invoker.java:877)
	at org.testng.internal.Invoker.invokeTestMethods(Invoker.java:1201)
	at org.testng.internal.TestMethodWorker.invokeTestMethods(TestMethodWorker.java:125)
	at org.testng.internal.TestMethodWorker.run(TestMethodWorker.java:109)
	at java.util.concurrent.ThreadPoolExecutor.runWorker(Unknown Source)
	at java.util.concurrent.ThreadPoolExecutor$Worker.run(Unknown Source)
	at java.lang.Thread.run(Unknown Source)
19-03-2018 18:18 ERROR - Menu Clicked is not present - failed
19-03-2018 18:18 ERROR - TimeoutException
org.openqa.selenium.TimeoutException: Expected condition failed: waiting for visibility of element located by By.xpath: //*[@id='sk_mobCategory_id']/div[1]/div[1]/div[3] (tried for 20 second(s) with 500 MILLISECONDS interval)
Build info: version: '3.2.0', revision: '8c03df6b79', time: '2017-02-23 10:51:31 +0000'
System info: host: 'DESKTOP-AQOISD1', ip: '192.168.234.84', os.name: 'Windows 10', os.arch: 'amd64', os.version: '10.0', java.version: '1.8.0_112'
Driver info: org.openqa.selenium.chrome.ChromeDriver
Capabilities [{applicationCacheEnabled=false, rotatable=false, mobileEmulationEnabled=false, networkConnectionEnabled=false, chrome={chromedriverVersion=2.33.506120 (e3e53437346286c0bc2d2dc9aa4915ba81d9023f), userDataDir=C:\Users\arunraj.n\AppData\Local\Temp\scoped_dir20940_7530}, takesHeapSnapshot=true, pageLoadStrategy=normal, databaseEnabled=false, handlesAlerts=true, hasTouchScreen=false, version=64.0.3282.186, platform=XP, browserConnectionEnabled=false, nativeEvents=true, acceptSslCerts=true, locationContextEnabled=true, webStorageEnabled=true, browserName=chrome, takesScreenshot=true, javascriptEnabled=true, cssSelectorsEnabled=true, setWindowRect=true, unexpectedAlertBehaviour=}]
Session ID: fe513e235e5c1c334219195f19c361be
	at org.openqa.selenium.support.ui.WebDriverWait.timeoutException(WebDriverWait.java:82)
	at org.openqa.selenium.support.ui.FluentWait.until(FluentWait.java:231)
	at com.skava.framework.action.SeleniumActionEngine.explicitWaitforVisibility(SeleniumActionEngine.java:183)
	at com.skava.framework.action.SeleniumActionEngine.clickElement(SeleniumActionEngine.java:100)
	at com.skava.reusable.components.HomePageComponents.menuCategoryValidation(HomePageComponents.java:129)
	at com.skava.testcases.LT_766_Cart_PriceCheck.LT_766_Cart_Price_Check(LT_766_Cart_PriceCheck.java:26)
	at sun.reflect.NativeMethodAccessorImpl.invoke0(Native Method)
	at sun.reflect.NativeMethodAccessorImpl.invoke(Unknown Source)
	at sun.reflect.DelegatingMethodAccessorImpl.invoke(Unknown Source)
	at java.lang.reflect.Method.invoke(Unknown Source)
	at org.testng.internal.MethodInvocationHelper.invokeMethod(MethodInvocationHelper.java:108)
	at org.testng.internal.Invoker.invokeMethod(Invoker.java:669)
	at org.testng.internal.Invoker.invokeTestMethod(Invoker.java:877)
	at org.testng.internal.Invoker.invokeTestMethods(Invoker.java:1201)
	at org.testng.internal.TestMethodWorker.invokeTestMethods(TestMethodWorker.java:125)
	at org.testng.internal.TestMethodWorker.run(TestMethodWorker.java:109)
	at java.util.concurrent.ThreadPoolExecutor.runWorker(Unknown Source)
	at java.util.concurrent.ThreadPoolExecutor$Worker.run(Unknown Source)
	at java.lang.Thread.run(Unknown Source)
19-03-2018 18:18 ERROR - Menu Clicked is not present - failed
19-03-2018 18:19 ERROR - TimeoutException
org.openqa.selenium.TimeoutException: Expected condition failed: waiting for visibility of element located by By.xpath: //*[@id='sk_mobCategory_id']/div[1]/div[1]/div[3] (tried for 20 second(s) with 500 MILLISECONDS interval)
Build info: version: '3.2.0', revision: '8c03df6b79', time: '2017-02-23 10:51:31 +0000'
System info: host: 'DESKTOP-AQOISD1', ip: '192.168.234.84', os.name: 'Windows 10', os.arch: 'amd64', os.version: '10.0', java.version: '1.8.0_112'
Driver info: org.openqa.selenium.chrome.ChromeDriver
Capabilities [{applicationCacheEnabled=false, rotatable=false, mobileEmulationEnabled=false, networkConnectionEnabled=false, chrome={chromedriverVersion=2.33.506120 (e3e53437346286c0bc2d2dc9aa4915ba81d9023f), userDataDir=C:\Users\arunraj.n\AppData\Local\Temp\scoped_dir20804_6540}, takesHeapSnapshot=true, pageLoadStrategy=normal, databaseEnabled=false, handlesAlerts=true, hasTouchScreen=false, version=64.0.3282.186, platform=XP, browserConnectionEnabled=false, nativeEvents=true, acceptSslCerts=true, locationContextEnabled=true, webStorageEnabled=true, browserName=chrome, takesScreenshot=true, javascriptEnabled=true, cssSelectorsEnabled=true, setWindowRect=true, unexpectedAlertBehaviour=}]
Session ID: fd6f1b11d0367853373ce7d28c345907
	at org.openqa.selenium.support.ui.WebDriverWait.timeoutException(WebDriverWait.java:82)
	at org.openqa.selenium.support.ui.FluentWait.until(FluentWait.java:231)
	at com.skava.framework.action.SeleniumActionEngine.explicitWaitforVisibility(SeleniumActionEngine.java:183)
	at com.skava.framework.action.SeleniumActionEngine.clickElement(SeleniumActionEngine.java:100)
	at com.skava.reusable.components.HomePageComponents.menuCategoryValidation(HomePageComponents.java:129)
	at com.skava.testcases.LT_755_Product_Details_Cart_Validation.LT_755_Product_Details_Cart_Validation(LT_755_Product_Details_Cart_Validation.java:28)
	at sun.reflect.NativeMethodAccessorImpl.invoke0(Native Method)
	at sun.reflect.NativeMethodAccessorImpl.invoke(Unknown Source)
	at sun.reflect.DelegatingMethodAccessorImpl.invoke(Unknown Source)
	at java.lang.reflect.Method.invoke(Unknown Source)
	at org.testng.internal.MethodInvocationHelper.invokeMethod(MethodInvocationHelper.java:108)
	at org.testng.internal.Invoker.invokeMethod(Invoker.java:669)
	at org.testng.internal.Invoker.invokeTestMethod(Invoker.java:877)
	at org.testng.internal.Invoker.invokeTestMethods(Invoker.java:1201)
	at org.testng.internal.TestMethodWorker.invokeTestMethods(TestMethodWorker.java:125)
	at org.testng.internal.TestMethodWorker.run(TestMethodWorker.java:109)
	at java.util.concurrent.ThreadPoolExecutor.runWorker(Unknown Source)
	at java.util.concurrent.ThreadPoolExecutor$Worker.run(Unknown Source)
	at java.lang.Thread.run(Unknown Source)
19-03-2018 18:19 ERROR - Menu Clicked is not present - failed
19-03-2018 18:19 ERROR - TimeoutException
org.openqa.selenium.TimeoutException: Expected condition failed: waiting for visibility of element located by By.xpath: //*[@id='sk_mobCategory_id']/div[1]/div[2]/div[2]/a/div/div[4] (tried for 20 second(s) with 500 MILLISECONDS interval)
Build info: version: '3.2.0', revision: '8c03df6b79', time: '2017-02-23 10:51:31 +0000'
System info: host: 'DESKTOP-AQOISD1', ip: '192.168.234.84', os.name: 'Windows 10', os.arch: 'amd64', os.version: '10.0', java.version: '1.8.0_112'
Driver info: org.openqa.selenium.chrome.ChromeDriver
Capabilities [{applicationCacheEnabled=false, rotatable=false, mobileEmulationEnabled=false, networkConnectionEnabled=false, chrome={chromedriverVersion=2.33.506120 (e3e53437346286c0bc2d2dc9aa4915ba81d9023f), userDataDir=C:\Users\arunraj.n\AppData\Local\Temp\scoped_dir22236_15567}, takesHeapSnapshot=true, pageLoadStrategy=normal, databaseEnabled=false, handlesAlerts=true, hasTouchScreen=false, version=64.0.3282.186, platform=XP, browserConnectionEnabled=false, nativeEvents=true, acceptSslCerts=true, locationContextEnabled=true, webStorageEnabled=true, browserName=chrome, takesScreenshot=true, javascriptEnabled=true, cssSelectorsEnabled=true, setWindowRect=true, unexpectedAlertBehaviour=}]
Session ID: c50af394c85135d910ee0e97beb588db
	at org.openqa.selenium.support.ui.WebDriverWait.timeoutException(WebDriverWait.java:82)
	at org.openqa.selenium.support.ui.FluentWait.until(FluentWait.java:231)
	at com.skava.framework.action.SeleniumActionEngine.explicitWaitforVisibility(SeleniumActionEngine.java:183)
	at com.skava.framework.action.SeleniumActionEngine.clickElement(SeleniumActionEngine.java:100)
	at com.skava.reusable.components.HomePageComponents.menuCategoryValidation(HomePageComponents.java:130)
	at com.skava.testcases.LT_464_BagCount_Check.LT_464_Bag_Count_Check(LT_464_BagCount_Check.java:25)
	at sun.reflect.NativeMethodAccessorImpl.invoke0(Native Method)
	at sun.reflect.NativeMethodAccessorImpl.invoke(Unknown Source)
	at sun.reflect.DelegatingMethodAccessorImpl.invoke(Unknown Source)
	at java.lang.reflect.Method.invoke(Unknown Source)
	at org.testng.internal.MethodInvocationHelper.invokeMethod(MethodInvocationHelper.java:108)
	at org.testng.internal.Invoker.invokeMethod(Invoker.java:669)
	at org.testng.internal.Invoker.invokeTestMethod(Invoker.java:877)
	at org.testng.internal.Invoker.invokeTestMethods(Invoker.java:1201)
	at org.testng.internal.TestMethodWorker.invokeTestMethods(TestMethodWorker.java:125)
	at org.testng.internal.TestMethodWorker.run(TestMethodWorker.java:109)
	at java.util.concurrent.ThreadPoolExecutor.runWorker(Unknown Source)
	at java.util.concurrent.ThreadPoolExecutor$Worker.run(Unknown Source)
	at java.lang.Thread.run(Unknown Source)
19-03-2018 18:19 ERROR - Sub Menu Clicked is not present - failed
19-03-2018 18:19 ERROR - TimeoutException
org.openqa.selenium.TimeoutException: Expected condition failed: waiting for visibility of element located by By.xpath: //*[@id='sk_mobCategory_id']/div[1]/div[2]/div[2]/a/div/div[4] (tried for 20 second(s) with 500 MILLISECONDS interval)
Build info: version: '3.2.0', revision: '8c03df6b79', time: '2017-02-23 10:51:31 +0000'
System info: host: 'DESKTOP-AQOISD1', ip: '192.168.234.84', os.name: 'Windows 10', os.arch: 'amd64', os.version: '10.0', java.version: '1.8.0_112'
Driver info: org.openqa.selenium.chrome.ChromeDriver
Capabilities [{applicationCacheEnabled=false, rotatable=false, mobileEmulationEnabled=false, networkConnectionEnabled=false, chrome={chromedriverVersion=2.33.506120 (e3e53437346286c0bc2d2dc9aa4915ba81d9023f), userDataDir=C:\Users\arunraj.n\AppData\Local\Temp\scoped_dir20940_7530}, takesHeapSnapshot=true, pageLoadStrategy=normal, databaseEnabled=false, handlesAlerts=true, hasTouchScreen=false, version=64.0.3282.186, platform=XP, browserConnectionEnabled=false, nativeEvents=true, acceptSslCerts=true, locationContextEnabled=true, webStorageEnabled=true, browserName=chrome, takesScreenshot=true, javascriptEnabled=true, cssSelectorsEnabled=true, setWindowRect=true, unexpectedAlertBehaviour=}]
Session ID: fe513e235e5c1c334219195f19c361be
	at org.openqa.selenium.support.ui.WebDriverWait.timeoutException(WebDriverWait.java:82)
	at org.openqa.selenium.support.ui.FluentWait.until(FluentWait.java:231)
	at com.skava.framework.action.SeleniumActionEngine.explicitWaitforVisibility(SeleniumActionEngine.java:183)
	at com.skava.framework.action.SeleniumActionEngine.clickElement(SeleniumActionEngine.java:100)
	at com.skava.reusable.components.HomePageComponents.menuCategoryValidation(HomePageComponents.java:130)
	at com.skava.testcases.LT_766_Cart_PriceCheck.LT_766_Cart_Price_Check(LT_766_Cart_PriceCheck.java:26)
	at sun.reflect.NativeMethodAccessorImpl.invoke0(Native Method)
	at sun.reflect.NativeMethodAccessorImpl.invoke(Unknown Source)
	at sun.reflect.DelegatingMethodAccessorImpl.invoke(Unknown Source)
	at java.lang.reflect.Method.invoke(Unknown Source)
	at org.testng.internal.MethodInvocationHelper.invokeMethod(MethodInvocationHelper.java:108)
	at org.testng.internal.Invoker.invokeMethod(Invoker.java:669)
	at org.testng.internal.Invoker.invokeTestMethod(Invoker.java:877)
	at org.testng.internal.Invoker.invokeTestMethods(Invoker.java:1201)
	at org.testng.internal.TestMethodWorker.invokeTestMethods(TestMethodWorker.java:125)
	at org.testng.internal.TestMethodWorker.run(TestMethodWorker.java:109)
	at java.util.concurrent.ThreadPoolExecutor.runWorker(Unknown Source)
	at java.util.concurrent.ThreadPoolExecutor$Worker.run(Unknown Source)
	at java.lang.Thread.run(Unknown Source)
19-03-2018 18:19 ERROR - Sub Menu Clicked is not present - failed
19-03-2018 18:19 ERROR - IOException
java.io.IOException: Failed to copy full contents from 'C:\Users\arunraj.n\AppData\Local\Temp\screenshot8035407243388332526.png' to 'C:\seleniumScriptErrors\Sub Menu Clicked_6_19_7.png' Expected length: 188243 Actual: 188246
	at org.apache.commons.io.FileUtils.doCopyFile(FileUtils.java:1164)
	at org.apache.commons.io.FileUtils.copyFile(FileUtils.java:1088)
	at org.apache.commons.io.FileUtils.copyFile(FileUtils.java:1040)
	at com.skava.framework.action.SeleniumActionEngine.takeScreenshotWithPath(SeleniumActionEngine.java:404)
	at com.skava.framework.action.SeleniumActionEngine.explicitWaitforVisibility(SeleniumActionEngine.java:190)
	at com.skava.framework.action.SeleniumActionEngine.clickElement(SeleniumActionEngine.java:100)
	at com.skava.reusable.components.HomePageComponents.menuCategoryValidation(HomePageComponents.java:130)
	at com.skava.testcases.LT_766_Cart_PriceCheck.LT_766_Cart_Price_Check(LT_766_Cart_PriceCheck.java:26)
	at sun.reflect.NativeMethodAccessorImpl.invoke0(Native Method)
	at sun.reflect.NativeMethodAccessorImpl.invoke(Unknown Source)
	at sun.reflect.DelegatingMethodAccessorImpl.invoke(Unknown Source)
	at java.lang.reflect.Method.invoke(Unknown Source)
	at org.testng.internal.MethodInvocationHelper.invokeMethod(MethodInvocationHelper.java:108)
	at org.testng.internal.Invoker.invokeMethod(Invoker.java:669)
	at org.testng.internal.Invoker.invokeTestMethod(Invoker.java:877)
	at org.testng.internal.Invoker.invokeTestMethods(Invoker.java:1201)
	at org.testng.internal.TestMethodWorker.invokeTestMethods(TestMethodWorker.java:125)
	at org.testng.internal.TestMethodWorker.run(TestMethodWorker.java:109)
	at java.util.concurrent.ThreadPoolExecutor.runWorker(Unknown Source)
	at java.util.concurrent.ThreadPoolExecutor$Worker.run(Unknown Source)
	at java.lang.Thread.run(Unknown Source)
19-03-2018 18:19 ERROR - TimeoutException
org.openqa.selenium.TimeoutException: Expected condition failed: waiting for visibility of element located by By.xpath: //*[@id='sk_mobCategory_id']/div[1]/div[2]/div[2]/a/div/div[4] (tried for 20 second(s) with 500 MILLISECONDS interval)
Build info: version: '3.2.0', revision: '8c03df6b79', time: '2017-02-23 10:51:31 +0000'
System info: host: 'DESKTOP-AQOISD1', ip: '192.168.234.84', os.name: 'Windows 10', os.arch: 'amd64', os.version: '10.0', java.version: '1.8.0_112'
Driver info: org.openqa.selenium.chrome.ChromeDriver
Capabilities [{applicationCacheEnabled=false, rotatable=false, mobileEmulationEnabled=false, networkConnectionEnabled=false, chrome={chromedriverVersion=2.33.506120 (e3e53437346286c0bc2d2dc9aa4915ba81d9023f), userDataDir=C:\Users\arunraj.n\AppData\Local\Temp\scoped_dir20804_6540}, takesHeapSnapshot=true, pageLoadStrategy=normal, databaseEnabled=false, handlesAlerts=true, hasTouchScreen=false, version=64.0.3282.186, platform=XP, browserConnectionEnabled=false, nativeEvents=true, acceptSslCerts=true, locationContextEnabled=true, webStorageEnabled=true, browserName=chrome, takesScreenshot=true, javascriptEnabled=true, cssSelectorsEnabled=true, setWindowRect=true, unexpectedAlertBehaviour=}]
Session ID: fd6f1b11d0367853373ce7d28c345907
	at org.openqa.selenium.support.ui.WebDriverWait.timeoutException(WebDriverWait.java:82)
	at org.openqa.selenium.support.ui.FluentWait.until(FluentWait.java:231)
	at com.skava.framework.action.SeleniumActionEngine.explicitWaitforVisibility(SeleniumActionEngine.java:183)
	at com.skava.framework.action.SeleniumActionEngine.clickElement(SeleniumActionEngine.java:100)
	at com.skava.reusable.components.HomePageComponents.menuCategoryValidation(HomePageComponents.java:130)
	at com.skava.testcases.LT_755_Product_Details_Cart_Validation.LT_755_Product_Details_Cart_Validation(LT_755_Product_Details_Cart_Validation.java:28)
	at sun.reflect.NativeMethodAccessorImpl.invoke0(Native Method)
	at sun.reflect.NativeMethodAccessorImpl.invoke(Unknown Source)
	at sun.reflect.DelegatingMethodAccessorImpl.invoke(Unknown Source)
	at java.lang.reflect.Method.invoke(Unknown Source)
	at org.testng.internal.MethodInvocationHelper.invokeMethod(MethodInvocationHelper.java:108)
	at org.testng.internal.Invoker.invokeMethod(Invoker.java:669)
	at org.testng.internal.Invoker.invokeTestMethod(Invoker.java:877)
	at org.testng.internal.Invoker.invokeTestMethods(Invoker.java:1201)
	at org.testng.internal.TestMethodWorker.invokeTestMethods(TestMethodWorker.java:125)
	at org.testng.internal.TestMethodWorker.run(TestMethodWorker.java:109)
	at java.util.concurrent.ThreadPoolExecutor.runWorker(Unknown Source)
	at java.util.concurrent.ThreadPoolExecutor$Worker.run(Unknown Source)
	at java.lang.Thread.run(Unknown Source)
19-03-2018 18:19 ERROR - Sub Menu Clicked is not present - failed
19-03-2018 18:19 ERROR - TimeoutException
org.openqa.selenium.TimeoutException: Expected condition failed: waiting for visibility of element located by By.xpath: //*[@id='sk_mobCategory_id']/div[1]/div[2]/div[2]/div/div[1]/a/div/div[4] (tried for 20 second(s) with 500 MILLISECONDS interval)
Build info: version: '3.2.0', revision: '8c03df6b79', time: '2017-02-23 10:51:31 +0000'
System info: host: 'DESKTOP-AQOISD1', ip: '192.168.234.84', os.name: 'Windows 10', os.arch: 'amd64', os.version: '10.0', java.version: '1.8.0_112'
Driver info: org.openqa.selenium.chrome.ChromeDriver
Capabilities [{applicationCacheEnabled=false, rotatable=false, mobileEmulationEnabled=false, networkConnectionEnabled=false, chrome={chromedriverVersion=2.33.506120 (e3e53437346286c0bc2d2dc9aa4915ba81d9023f), userDataDir=C:\Users\arunraj.n\AppData\Local\Temp\scoped_dir22236_15567}, takesHeapSnapshot=true, pageLoadStrategy=normal, databaseEnabled=false, handlesAlerts=true, hasTouchScreen=false, version=64.0.3282.186, platform=XP, browserConnectionEnabled=false, nativeEvents=true, acceptSslCerts=true, locationContextEnabled=true, webStorageEnabled=true, browserName=chrome, takesScreenshot=true, javascriptEnabled=true, cssSelectorsEnabled=true, setWindowRect=true, unexpectedAlertBehaviour=}]
Session ID: c50af394c85135d910ee0e97beb588db
	at org.openqa.selenium.support.ui.WebDriverWait.timeoutException(WebDriverWait.java:82)
	at org.openqa.selenium.support.ui.FluentWait.until(FluentWait.java:231)
	at com.skava.framework.action.SeleniumActionEngine.explicitWaitforVisibility(SeleniumActionEngine.java:183)
	at com.skava.framework.action.SeleniumActionEngine.clickElement(SeleniumActionEngine.java:100)
	at com.skava.reusable.components.HomePageComponents.menuCategoryValidation(HomePageComponents.java:131)
	at com.skava.testcases.LT_464_BagCount_Check.LT_464_Bag_Count_Check(LT_464_BagCount_Check.java:25)
	at sun.reflect.NativeMethodAccessorImpl.invoke0(Native Method)
	at sun.reflect.NativeMethodAccessorImpl.invoke(Unknown Source)
	at sun.reflect.DelegatingMethodAccessorImpl.invoke(Unknown Source)
	at java.lang.reflect.Method.invoke(Unknown Source)
	at org.testng.internal.MethodInvocationHelper.invokeMethod(MethodInvocationHelper.java:108)
	at org.testng.internal.Invoker.invokeMethod(Invoker.java:669)
	at org.testng.internal.Invoker.invokeTestMethod(Invoker.java:877)
	at org.testng.internal.Invoker.invokeTestMethods(Invoker.java:1201)
	at org.testng.internal.TestMethodWorker.invokeTestMethods(TestMethodWorker.java:125)
	at org.testng.internal.TestMethodWorker.run(TestMethodWorker.java:109)
	at java.util.concurrent.ThreadPoolExecutor.runWorker(Unknown Source)
	at java.util.concurrent.ThreadPoolExecutor$Worker.run(Unknown Source)
	at java.lang.Thread.run(Unknown Source)
19-03-2018 18:19 ERROR - Sub Menu2 Clicked is not present - failed
19-03-2018 18:19 ERROR - TimeoutException
org.openqa.selenium.TimeoutException: Expected condition failed: waiting for visibility of element located by By.xpath: //*[@id='sk_mobCategory_id']/div[1]/div[2]/div[2]/div/div[1]/a/div/div[4] (tried for 20 second(s) with 500 MILLISECONDS interval)
Build info: version: '3.2.0', revision: '8c03df6b79', time: '2017-02-23 10:51:31 +0000'
System info: host: 'DESKTOP-AQOISD1', ip: '192.168.234.84', os.name: 'Windows 10', os.arch: 'amd64', os.version: '10.0', java.version: '1.8.0_112'
Driver info: org.openqa.selenium.chrome.ChromeDriver
Capabilities [{applicationCacheEnabled=false, rotatable=false, mobileEmulationEnabled=false, networkConnectionEnabled=false, chrome={chromedriverVersion=2.33.506120 (e3e53437346286c0bc2d2dc9aa4915ba81d9023f), userDataDir=C:\Users\arunraj.n\AppData\Local\Temp\scoped_dir20940_7530}, takesHeapSnapshot=true, pageLoadStrategy=normal, databaseEnabled=false, handlesAlerts=true, hasTouchScreen=false, version=64.0.3282.186, platform=XP, browserConnectionEnabled=false, nativeEvents=true, acceptSslCerts=true, locationContextEnabled=true, webStorageEnabled=true, browserName=chrome, takesScreenshot=true, javascriptEnabled=true, cssSelectorsEnabled=true, setWindowRect=true, unexpectedAlertBehaviour=}]
Session ID: fe513e235e5c1c334219195f19c361be
	at org.openqa.selenium.support.ui.WebDriverWait.timeoutException(WebDriverWait.java:82)
	at org.openqa.selenium.support.ui.FluentWait.until(FluentWait.java:231)
	at com.skava.framework.action.SeleniumActionEngine.explicitWaitforVisibility(SeleniumActionEngine.java:183)
	at com.skava.framework.action.SeleniumActionEngine.clickElement(SeleniumActionEngine.java:100)
	at com.skava.reusable.components.HomePageComponents.menuCategoryValidation(HomePageComponents.java:131)
	at com.skava.testcases.LT_766_Cart_PriceCheck.LT_766_Cart_Price_Check(LT_766_Cart_PriceCheck.java:26)
	at sun.reflect.NativeMethodAccessorImpl.invoke0(Native Method)
	at sun.reflect.NativeMethodAccessorImpl.invoke(Unknown Source)
	at sun.reflect.DelegatingMethodAccessorImpl.invoke(Unknown Source)
	at java.lang.reflect.Method.invoke(Unknown Source)
	at org.testng.internal.MethodInvocationHelper.invokeMethod(MethodInvocationHelper.java:108)
	at org.testng.internal.Invoker.invokeMethod(Invoker.java:669)
	at org.testng.internal.Invoker.invokeTestMethod(Invoker.java:877)
	at org.testng.internal.Invoker.invokeTestMethods(Invoker.java:1201)
	at org.testng.internal.TestMethodWorker.invokeTestMethods(TestMethodWorker.java:125)
	at org.testng.internal.TestMethodWorker.run(TestMethodWorker.java:109)
	at java.util.concurrent.ThreadPoolExecutor.runWorker(Unknown Source)
	at java.util.concurrent.ThreadPoolExecutor$Worker.run(Unknown Source)
	at java.lang.Thread.run(Unknown Source)
19-03-2018 18:19 ERROR - Sub Menu2 Clicked is not present - failed
19-03-2018 18:19 INFO  - http://m.lordandtaylor.com/ is opened - Pass
19-03-2018 18:19 INFO  - http://m.lordandtaylor.com/ is opened - Pass
19-03-2018 18:19 INFO  - Click Search is clicked - Pass
19-03-2018 18:19 INFO  - Click Search is clicked - Pass
19-03-2018 18:19 INFO  - dress is entered in Search - Pass
19-03-2018 18:19 INFO  - Shirts is entered in Search - Pass
19-03-2018 18:19 ERROR - TimeoutException
org.openqa.selenium.TimeoutException: Expected condition failed: waiting for visibility of element located by By.xpath: //*[@id='sk_mobCategory_id']/div[1]/div[2]/div[2]/div/div[1]/a/div/div[4] (tried for 20 second(s) with 500 MILLISECONDS interval)
Build info: version: '3.2.0', revision: '8c03df6b79', time: '2017-02-23 10:51:31 +0000'
System info: host: 'DESKTOP-AQOISD1', ip: '192.168.234.84', os.name: 'Windows 10', os.arch: 'amd64', os.version: '10.0', java.version: '1.8.0_112'
Driver info: org.openqa.selenium.chrome.ChromeDriver
Capabilities [{applicationCacheEnabled=false, rotatable=false, mobileEmulationEnabled=false, networkConnectionEnabled=false, chrome={chromedriverVersion=2.33.506120 (e3e53437346286c0bc2d2dc9aa4915ba81d9023f), userDataDir=C:\Users\arunraj.n\AppData\Local\Temp\scoped_dir20804_6540}, takesHeapSnapshot=true, pageLoadStrategy=normal, databaseEnabled=false, handlesAlerts=true, hasTouchScreen=false, version=64.0.3282.186, platform=XP, browserConnectionEnabled=false, nativeEvents=true, acceptSslCerts=true, locationContextEnabled=true, webStorageEnabled=true, browserName=chrome, takesScreenshot=true, javascriptEnabled=true, cssSelectorsEnabled=true, setWindowRect=true, unexpectedAlertBehaviour=}]
Session ID: fd6f1b11d0367853373ce7d28c345907
	at org.openqa.selenium.support.ui.WebDriverWait.timeoutException(WebDriverWait.java:82)
	at org.openqa.selenium.support.ui.FluentWait.until(FluentWait.java:231)
	at com.skava.framework.action.SeleniumActionEngine.explicitWaitforVisibility(SeleniumActionEngine.java:183)
	at com.skava.framework.action.SeleniumActionEngine.clickElement(SeleniumActionEngine.java:100)
	at com.skava.reusable.components.HomePageComponents.menuCategoryValidation(HomePageComponents.java:131)
	at com.skava.testcases.LT_755_Product_Details_Cart_Validation.LT_755_Product_Details_Cart_Validation(LT_755_Product_Details_Cart_Validation.java:28)
	at sun.reflect.NativeMethodAccessorImpl.invoke0(Native Method)
	at sun.reflect.NativeMethodAccessorImpl.invoke(Unknown Source)
	at sun.reflect.DelegatingMethodAccessorImpl.invoke(Unknown Source)
	at java.lang.reflect.Method.invoke(Unknown Source)
	at org.testng.internal.MethodInvocationHelper.invokeMethod(MethodInvocationHelper.java:108)
	at org.testng.internal.Invoker.invokeMethod(Invoker.java:669)
	at org.testng.internal.Invoker.invokeTestMethod(Invoker.java:877)
	at org.testng.internal.Invoker.invokeTestMethods(Invoker.java:1201)
	at org.testng.internal.TestMethodWorker.invokeTestMethods(TestMethodWorker.java:125)
	at org.testng.internal.TestMethodWorker.run(TestMethodWorker.java:109)
	at java.util.concurrent.ThreadPoolExecutor.runWorker(Unknown Source)
	at java.util.concurrent.ThreadPoolExecutor$Worker.run(Unknown Source)
	at java.lang.Thread.run(Unknown Source)
19-03-2018 18:19 ERROR - Sub Menu2 Clicked is not present - failed
19-03-2018 18:19 INFO  - search/PLP page is displayed - Pass
19-03-2018 18:19 INFO  - Search Count is displayed - Pass
19-03-2018 18:19 INFO  - search/PLP page is displayed - Pass
19-03-2018 18:19 INFO  - Search Count is displayed - Pass
19-03-2018 18:19 INFO  - PDP Page wait is displayed - Pass
19-03-2018 18:19 INFO  - scrolled to Scrolling - Pass
19-03-2018 18:19 INFO  - Colour Field present is displayed - Pass
19-03-2018 18:19 INFO  - http://m.lordandtaylor.com/ is opened - Pass
19-03-2018 18:19 INFO  - Click Search is clicked - Pass
19-03-2018 18:19 INFO  - Jeans is entered in Search - Pass
19-03-2018 18:19 INFO  - PDP Page wait is displayed - Pass
19-03-2018 18:19 INFO  - scrolled to Scrolling - Pass
19-03-2018 18:20 INFO  - Colour Field present is displayed - Pass
19-03-2018 18:20 INFO  - Size field is displayed - Pass
19-03-2018 18:20 INFO  - Size field is displayed - Pass
19-03-2018 18:20 INFO  - scrolled to Add To Bag - Pass
19-03-2018 18:20 INFO  - scrolled to Add To Bag - Pass
19-03-2018 18:20 INFO  - Add To Bag Clicked is clicked - Pass
19-03-2018 18:20 INFO  - Add To Bag Clicked is clicked - Pass
19-03-2018 18:20 INFO  - Success Overlay is displayed - Pass
19-03-2018 18:20 INFO  - Success Overlay is displayed - Pass
19-03-2018 18:20 INFO  - search/PLP page is displayed - Pass
19-03-2018 18:20 INFO  - Search Count is displayed - Pass
19-03-2018 18:20 INFO  - Success Overlay is displayed - Pass
19-03-2018 18:20 INFO  - Success Overlay is displayed - Pass
19-03-2018 18:20 INFO  - PDP Page wait is displayed - Pass
19-03-2018 18:20 INFO  - scrolled to Scrolling - Pass
19-03-2018 18:20 INFO  - Colour Field present is displayed - Pass
19-03-2018 18:20 INFO  - Size field is displayed - Pass
19-03-2018 18:20 INFO  - scrolled to Add To Bag - Pass
19-03-2018 18:20 INFO  - Add To Bag Clicked is clicked - Pass
19-03-2018 18:20 INFO  - Checkout Clicked is clicked - Pass
19-03-2018 18:20 INFO  - Wait is displayed - Pass
19-03-2018 18:20 INFO  - Success Overlay is displayed - Pass
19-03-2018 18:20 INFO  - Edit Button is clicked - Pass
19-03-2018 18:20 INFO  - Success Overlay is displayed - Pass
19-03-2018 18:20 INFO  - PDP Edit overlay is displayed - Pass
19-03-2018 18:20 INFO  - Checkout Clicked is clicked - Pass
19-03-2018 18:20 INFO  - Wait is displayed - Pass
19-03-2018 18:20 INFO  - Remove Button is clicked - Pass
19-03-2018 18:20 INFO  - Remove Confirmation Button is displayed - Pass
19-03-2018 18:20 INFO  - Remove Confirmation Button is displayed - Pass
19-03-2018 18:20 INFO  - Checkout Clicked is clicked - Pass
19-03-2018 18:20 INFO  - Wait is displayed - Pass
19-03-2018 18:20 INFO  - Remove Button is clicked - Pass
19-03-2018 18:20 INFO  - Remove Confirmation Button is displayed - Pass
19-03-2018 18:20 INFO  - Remove Confirmation Button is displayed - Pass
19-03-2018 18:20 INFO  - Product Removed is clicked - Pass
19-03-2018 18:20 INFO  - Product Removed is displayed - Pass
19-03-2018 18:20 INFO  - http://m.lordandtaylor.com/ is opened - Pass
19-03-2018 18:20 INFO  - Click Search is clicked - Pass
19-03-2018 18:20 INFO  - Shirts is entered in Search - Pass
19-03-2018 18:20 INFO  - http://m.lordandtaylor.com/ is opened - Pass
19-03-2018 18:20 INFO  - Click Search is clicked - Pass
19-03-2018 18:20 INFO  - Shirts is entered in Search - Pass
19-03-2018 18:20 INFO  - search/PLP page is displayed - Pass
19-03-2018 18:20 INFO  - Search Count is displayed - Pass
19-03-2018 18:20 INFO  - http://m.lordandtaylor.com/ is opened - Pass
19-03-2018 18:20 INFO  - Click Search is clicked - Pass
19-03-2018 18:20 INFO  - Shoes is entered in Search - Pass
19-03-2018 18:20 INFO  - search/PLP page is displayed - Pass
19-03-2018 18:20 INFO  - Search Count is displayed - Pass
19-03-2018 18:20 INFO  - PDP Page wait is displayed - Pass
19-03-2018 18:20 INFO  - PDP Page wait is displayed - Pass
19-03-2018 18:20 INFO  - search/PLP page is displayed - Pass
19-03-2018 18:20 INFO  - Search Count is displayed - Pass
19-03-2018 18:20 INFO  - scrolled to Scrolling - Pass
19-03-2018 18:21 INFO  - Colour Field present is displayed - Pass
19-03-2018 18:21 INFO  - Size field is displayed - Pass
19-03-2018 18:21 INFO  - scrolled to Add To Bag - Pass
19-03-2018 18:21 INFO  - Add To Bag Clicked is clicked - Pass
19-03-2018 18:21 INFO  - scrolled to Scrolling - Pass
19-03-2018 18:21 INFO  - Colour Field present is displayed - Pass
19-03-2018 18:21 INFO  - Size field is displayed - Pass
19-03-2018 18:21 INFO  - Success Overlay is displayed - Pass
19-03-2018 18:21 INFO  - Success Overlay is displayed - Pass
19-03-2018 18:21 INFO  - scrolled to Add To Bag - Pass
19-03-2018 18:21 INFO  - Add To Bag Clicked is clicked - Pass
19-03-2018 18:21 INFO  - Success Overlay is displayed - Pass
19-03-2018 18:21 INFO  - Success Overlay is displayed - Pass
19-03-2018 18:21 INFO  - PDP Page wait is displayed - Pass
19-03-2018 18:21 INFO  - scrolled to Scrolling - Pass
19-03-2018 18:21 INFO  - Colour Field present is displayed - Pass
19-03-2018 18:21 INFO  - Size field is displayed - Pass
19-03-2018 18:21 INFO  - scrolled to Add To Bag - Pass
19-03-2018 18:21 INFO  - Add To Bag Clicked is clicked - Pass
19-03-2018 18:21 INFO  - Success Overlay is displayed - Pass
19-03-2018 18:21 INFO  - Success Overlay is displayed - Pass
19-03-2018 18:21 INFO  - Checkout Clicked is clicked - Pass
19-03-2018 18:21 INFO  - Cart Opened is displayed - Pass
19-03-2018 18:21 INFO  - Product Added to Cart is displayed - Pass
19-03-2018 18:21 INFO  - Product Description is displayed - Pass
19-03-2018 18:21 INFO  - Product Inventory Status is displayed - Pass
19-03-2018 18:21 INFO  - Product SKUID is displayed - Pass
19-03-2018 18:21 INFO  - Product Edit is displayed - Pass
19-03-2018 18:21 INFO  - Product Remove is displayed - Pass
19-03-2018 18:21 INFO  - Product Save Later is displayed - Pass
19-03-2018 18:21 INFO  - Product Size is displayed - Pass
19-03-2018 18:21 INFO  - Product Colour is displayed - Pass
19-03-2018 18:21 INFO  - Product Clearance Price is displayed - Pass
19-03-2018 18:21 INFO  - Product Sale Price is displayed - Pass
19-03-2018 18:21 INFO  - Saveforlater is displayed - Pass
19-03-2018 18:21 INFO  - Saveforlater clicked is clicked - Pass
19-03-2018 18:21 INFO  - Checkout Clicked is clicked - Pass
19-03-2018 18:21 INFO  - Cart Opened is displayed - Pass
19-03-2018 18:21 INFO  - Product Added to Cart is displayed - Pass
19-03-2018 18:21 INFO  - Wait is displayed - Pass
19-03-2018 18:21 INFO  - scrolled to scroll to checkout - Pass
19-03-2018 18:21 INFO  - Click Checkout is clicked - Pass
19-03-2018 18:21 INFO  - Sign IN Page Navigated is displayed - Pass
19-03-2018 18:21 INFO  - Checkout Clicked is clicked - Pass
19-03-2018 18:21 INFO  - Cart Opened is displayed - Pass
19-03-2018 18:21 INFO  - Product Added to Cart is displayed - Pass
19-03-2018 18:21 INFO  - Wait is displayed - Pass
19-03-2018 18:21 INFO  - Click PayPal is clicked - Pass
19-03-2018 18:21 INFO  - PayPal Page Navigated is displayed - Pass
19-03-2018 18:21 INFO  - http://m.lordandtaylor.com/ is opened - Pass
19-03-2018 18:21 INFO  - Click Search is clicked - Pass
19-03-2018 18:21 INFO  - Shirts is entered in Search - Pass
19-03-2018 18:21 INFO  - http://m.lordandtaylor.com/ is opened - Pass
19-03-2018 18:21 INFO  - Click Search is clicked - Pass
19-03-2018 18:21 INFO  - Shoes is entered in Search - Pass
19-03-2018 18:21 INFO  - search/PLP page is displayed - Pass
19-03-2018 18:21 INFO  - Search Count is displayed - Pass
19-03-2018 18:21 INFO  - http://m.lordandtaylor.com/ is opened - Pass
19-03-2018 18:21 INFO  - Click Search is clicked - Pass
19-03-2018 18:21 INFO  - shirts is entered in Search - Pass
19-03-2018 18:21 INFO  - search/PLP page is displayed - Pass
19-03-2018 18:21 INFO  - Search Count is displayed - Pass
19-03-2018 18:21 INFO  - PDP Page wait is displayed - Pass
19-03-2018 18:21 INFO  - scrolled to Scrolling - Pass
19-03-2018 18:21 INFO  - Colour Field present is displayed - Pass
19-03-2018 18:21 INFO  - Size field is displayed - Pass
19-03-2018 18:21 INFO  - PDP Page wait is displayed - Pass
19-03-2018 18:21 INFO  - search/PLP page is displayed - Pass
19-03-2018 18:21 INFO  - Search Count is displayed - Pass
19-03-2018 18:21 INFO  - scrolled to Add To Bag - Pass
19-03-2018 18:21 INFO  - Add To Bag Clicked is clicked - Pass
19-03-2018 18:21 INFO  - scrolled to Scrolling - Pass
19-03-2018 18:21 INFO  - Colour Field present is displayed - Pass
19-03-2018 18:21 INFO  - Size field is displayed - Pass
19-03-2018 18:22 INFO  - scrolled to Add To Bag - Pass
19-03-2018 18:22 INFO  - Add To Bag Clicked is clicked - Pass
19-03-2018 18:22 INFO  - Success Overlay is displayed - Pass
19-03-2018 18:22 INFO  - Success Overlay is displayed - Pass
19-03-2018 18:22 INFO  - PDP Page wait is displayed - Pass
19-03-2018 18:22 INFO  - Success Overlay is displayed - Pass
19-03-2018 18:22 INFO  - Success Overlay is displayed - Pass
19-03-2018 18:22 INFO  - scrolled to Scrolling - Pass
19-03-2018 18:22 INFO  - Colour Field present is displayed - Pass
19-03-2018 18:22 INFO  - Size field is displayed - Pass
19-03-2018 18:22 INFO  - scrolled to Add To Bag - Pass
19-03-2018 18:22 INFO  - Add To Bag Clicked is clicked - Pass
19-03-2018 18:22 INFO  - Success Overlay is displayed - Pass
19-03-2018 18:22 INFO  - Success Overlay is displayed - Pass
19-03-2018 18:22 INFO  - Checkout Clicked is clicked - Pass
19-03-2018 18:22 INFO  - Cart Opened is displayed - Pass
19-03-2018 18:22 INFO  - Product Added to Cart is displayed - Pass
19-03-2018 18:22 INFO  - scrolled to Scrolling - Pass
19-03-2018 18:22 INFO  - Estimated Shipping is displayed - Pass
19-03-2018 18:22 INFO  - Shipping Method is displayed - Pass
19-03-2018 18:22 INFO  - Zip Code is displayed - Pass
19-03-2018 18:22 INFO  - Item Total is displayed - Pass
19-03-2018 18:22 INFO  - Estimated Shipping is displayed - Pass
19-03-2018 18:22 INFO  - Estimated Tax is displayed - Pass
19-03-2018 18:22 INFO  - Estimated Total is displayed - Pass
19-03-2018 18:22 INFO  - Checkout Clicked is clicked - Pass
19-03-2018 18:22 INFO  - Cart Opened is displayed - Pass
19-03-2018 18:22 INFO  - Product Added to Cart is displayed - Pass
19-03-2018 18:22 INFO  - Wait is displayed - Pass
19-03-2018 18:22 INFO  - scrolled to scroll to checkout - Pass
19-03-2018 18:22 INFO  - Click Checkout is clicked - Pass
19-03-2018 18:22 INFO  - Guest Checkout is displayed - Pass
19-03-2018 18:22 INFO  - User Sign IN is displayed - Pass
19-03-2018 18:22 INFO  - Checkout Clicked is clicked - Pass
19-03-2018 18:22 INFO  - Cart Opened is displayed - Pass
19-03-2018 18:22 INFO  - Product Added to Cart is displayed - Pass
19-03-2018 18:22 INFO  - Wait is displayed - Pass
19-03-2018 18:22 INFO  - scrolled to scroll to checkout - Pass
19-03-2018 18:22 INFO  - Click Checkout is clicked - Pass
19-03-2018 18:22 INFO  - Guest Checkout is displayed - Pass
19-03-2018 18:22 INFO  - User Sign IN is displayed - Pass
19-03-2018 18:22 INFO  - http://m.lordandtaylor.com/ is opened - Pass
19-03-2018 18:22 INFO  - Click Search is clicked - Pass
19-03-2018 18:22 INFO  - Shirts is entered in Search - Pass
19-03-2018 18:22 INFO  - http://m.lordandtaylor.com/ is opened - Pass
19-03-2018 18:22 INFO  - Wait to get site Loaded is displayed - Pass
19-03-2018 18:22 INFO  - Click Menu is clicked - Pass
19-03-2018 18:22 INFO  - search/PLP page is displayed - Pass
19-03-2018 18:22 INFO  - Search Count is displayed - Pass
19-03-2018 18:22 INFO  - http://m.lordandtaylor.com/ is opened - Pass
19-03-2018 18:22 INFO  - Click Search is clicked - Pass
19-03-2018 18:22 INFO  - Shirts is entered in Search - Pass
19-03-2018 18:22 INFO  - PDP Page wait is displayed - Pass
19-03-2018 18:22 INFO  - scrolled to Scrolling - Pass
19-03-2018 18:22 INFO  - search/PLP page is displayed - Pass
19-03-2018 18:22 INFO  - Search Count is displayed - Pass
19-03-2018 18:22 INFO  - Colour Field present is displayed - Pass
19-03-2018 18:22 INFO  - Size field is displayed - Pass
19-03-2018 18:22 INFO  - scrolled to Add To Bag - Pass
19-03-2018 18:22 INFO  - Add To Bag Clicked is clicked - Pass
19-03-2018 18:22 INFO  - Success Overlay is displayed - Pass
19-03-2018 18:22 INFO  - Success Overlay is displayed - Pass
19-03-2018 18:22 INFO  - Enetered Login is clicked - Pass
19-03-2018 18:22 INFO  - Email is entered in the field - Pass
19-03-2018 18:22 INFO  - Spider@123 is entered in Password - Pass
19-03-2018 18:22 INFO  - PDP Page wait is displayed - Pass
19-03-2018 18:22 INFO  - My Account page displayed is displayed - Pass
19-03-2018 18:23 INFO  - scrolled to Scrolling - Pass
19-03-2018 18:23 INFO  - Colour Field present is displayed - Pass
19-03-2018 18:23 INFO  - Size field is displayed - Pass
19-03-2018 18:23 INFO  - scrolled to Add To Bag - Pass
19-03-2018 18:23 INFO  - Add To Bag Clicked is clicked - Pass
19-03-2018 18:23 INFO  - PDP overlay is displayed - Pass
19-03-2018 18:23 INFO  - Success Overlay is displayed - Pass
19-03-2018 18:23 INFO  - Success Overlay is displayed - Pass
19-03-2018 18:23 INFO  - Click Cart is clicked - Pass
19-03-2018 18:23 INFO  - Cart Opened is displayed - Pass
19-03-2018 18:23 INFO  - Product Added to Cart is displayed - Pass
19-03-2018 18:23 INFO  - scrolled to BackToUSShipping - Pass
19-03-2018 18:23 INFO  - Checkout Clicked is clicked - Pass
19-03-2018 18:23 INFO  - Cart Opened is displayed - Pass
19-03-2018 18:23 INFO  - Product Added to Cart is displayed - Pass
19-03-2018 18:23 INFO  - Wait is displayed - Pass
19-03-2018 18:23 INFO  - scrolled to scroll to checkout - Pass
19-03-2018 18:23 INFO  - Click Checkout is clicked - Pass
19-03-2018 18:23 INFO  - Guest Checkout is displayed - Pass
19-03-2018 18:23 INFO  - scrolled to Guest Checkout - Pass
19-03-2018 18:23 INFO  - Guest Checkout is clicked - Pass
19-03-2018 18:23 INFO  - Checkout Clicked is clicked - Pass
19-03-2018 18:23 INFO  - IS Cart page products is displayed is displayed - Pass
19-03-2018 18:23 INFO  - Is Cart page Displayed is displayed - Pass
19-03-2018 18:23 INFO  - Wait is displayed - Pass
19-03-2018 18:23 INFO  - scrolled to scroll to checkout - Pass
19-03-2018 18:23 INFO  - Click Checkout is clicked - Pass
19-03-2018 18:23 INFO  - Guest Checkout is displayed - Pass
19-03-2018 18:23 INFO  - scrolled to Guest Checkout - Pass
19-03-2018 18:23 INFO  - Guest Checkout is clicked - Pass
19-03-2018 18:23 INFO  - BackToUSShipping is clicked - Pass
19-03-2018 18:23 INFO  - Wait is displayed - Pass
19-03-2018 18:23 INFO  - scrolled to scroll to checkout - Pass
19-03-2018 18:23 INFO  - Guest Checkout is displayed - Pass
19-03-2018 18:23 INFO  - Click Checkout is clicked - Pass
19-03-2018 18:23 INFO  - Review Order Page is displayed - Pass
19-03-2018 18:23 INFO  - Billing Addrs field in Review Order Page is displayed - Pass
19-03-2018 18:23 INFO  - Payment field in Review Order Page is displayed - Pass
19-03-2018 18:23 INFO  - scrolled to Scrolling - Pass
19-03-2018 18:23 INFO  - Shipping Addrs field in Review Order Page is displayed - Pass
19-03-2018 18:23 INFO  - Order Summary field in Review Order Page is displayed - Pass
19-03-2018 18:23 INFO  - Place Order is displayed - Pass
19-03-2018 18:23 INFO  - Guest Checkout is displayed - Pass
19-03-2018 18:23 INFO  - Guest checkout shipping screen is displayed on tapping guest chekout button is displayed - Pass
19-03-2018 18:23 INFO  - http://m.lordandtaylor.com/ is opened - Pass
19-03-2018 18:23 INFO  - Click Search is clicked - Pass
19-03-2018 18:23 INFO  - denims is entered in Search - Pass
19-03-2018 18:23 INFO  - http://m.lordandtaylor.com/ is opened - Pass
19-03-2018 18:23 INFO  - Click Search is clicked - Pass
19-03-2018 18:23 INFO  - pants is entered in Search - Pass
19-03-2018 18:23 INFO  - http://m.lordandtaylor.com/ is opened - Pass
19-03-2018 18:23 INFO  - Click Search is clicked - Pass
19-03-2018 18:23 INFO  - dress is entered in Search - Pass
19-03-2018 18:23 INFO  - search/PLP page is displayed - Pass
19-03-2018 18:23 INFO  - Search Count is displayed - Pass
19-03-2018 18:23 INFO  - search/PLP page is displayed - Pass
19-03-2018 18:23 INFO  - Search Count is displayed - Pass
19-03-2018 18:23 INFO  - PDP Page wait is displayed - Pass
19-03-2018 18:24 INFO  - search/PLP page is displayed - Pass
19-03-2018 18:24 INFO  - Search Count is displayed - Pass
19-03-2018 18:24 INFO  - PDP Page wait is displayed - Pass
19-03-2018 18:24 INFO  - scrolled to Scrolling - Pass
19-03-2018 18:24 INFO  - Colour Field present is displayed - Pass
19-03-2018 18:24 INFO  - Size field is displayed - Pass
19-03-2018 18:24 INFO  - scrolled to Add To Bag - Pass
19-03-2018 18:24 INFO  - Add To Bag Clicked is clicked - Pass
19-03-2018 18:24 INFO  - PDP Page wait is displayed - Pass
19-03-2018 18:24 INFO  - scrolled to Scrolling - Pass
19-03-2018 18:24 INFO  - Colour Field present is displayed - Pass
19-03-2018 18:24 INFO  - PDP overlay is displayed - Pass
19-03-2018 18:24 INFO  - Success Overlay is displayed - Pass
19-03-2018 18:24 INFO  - Success Overlay is displayed - Pass
19-03-2018 18:24 INFO  - scrolled to Scrolling - Pass
19-03-2018 18:24 INFO  - Colour Field present is displayed - Pass
19-03-2018 18:24 INFO  - Size field is displayed - Pass
19-03-2018 18:24 INFO  - Size field is displayed - Pass
19-03-2018 18:24 INFO  - scrolled to Add To Bag - Pass
19-03-2018 18:24 INFO  - Add To Bag Clicked is clicked - Pass
19-03-2018 18:24 INFO  - scrolled to Add To Bag - Pass
19-03-2018 18:24 INFO  - Add To Bag Clicked is clicked - Pass
19-03-2018 18:24 INFO  - PDP overlay is displayed - Pass
19-03-2018 18:24 INFO  - PDP overlay is displayed - Pass
19-03-2018 18:24 INFO  - Success Overlay is displayed - Pass
19-03-2018 18:24 INFO  - Success Overlay is displayed - Pass
19-03-2018 18:24 INFO  - Success Overlay is displayed - Pass
19-03-2018 18:24 INFO  - Success Overlay is displayed - Pass
19-03-2018 18:24 INFO  - Checkout Clicked is clicked - Pass
19-03-2018 18:24 INFO  - IS Cart page products is displayed is displayed - Pass
19-03-2018 18:24 INFO  - Is Cart page Displayed is displayed - Pass
19-03-2018 18:24 INFO  - scrolled to BackToUSShipping - Pass
19-03-2018 18:24 INFO  - Checkout Clicked is clicked - Pass
19-03-2018 18:24 INFO  - IS Cart page products is displayed is displayed - Pass
19-03-2018 18:24 INFO  - Is Cart page Displayed is displayed - Pass
19-03-2018 18:24 INFO  - Wait is displayed - Pass
19-03-2018 18:24 INFO  - scrolled to scroll to checkout - Pass
19-03-2018 18:24 INFO  - Click Checkout is clicked - Pass
19-03-2018 18:24 INFO  - Guest Checkout is displayed - Pass
19-03-2018 18:24 INFO  - scrolled to Guest Checkout - Pass
19-03-2018 18:24 INFO  - Checkout Clicked is clicked - Pass
19-03-2018 18:24 INFO  - Guest Checkout is clicked - Pass
19-03-2018 18:24 INFO  - IS Cart page products is displayed is displayed - Pass
19-03-2018 18:24 INFO  - Is Cart page Displayed is displayed - Pass
19-03-2018 18:24 INFO  - scrolled to BackToUSShipping - Pass
19-03-2018 18:24 INFO  - BackToUSShipping is clicked - Pass
19-03-2018 18:24 INFO  - Wait is displayed - Pass
19-03-2018 18:24 INFO  - scrolled to scroll to checkout - Pass
19-03-2018 18:24 INFO  - Click Checkout is clicked - Pass
19-03-2018 18:24 INFO  - Guest Checkout is displayed - Pass
19-03-2018 18:24 INFO  - scrolled to Guest Checkout - Pass
19-03-2018 18:24 INFO  - Guest Checkout is clicked - Pass
19-03-2018 18:24 INFO  - BackToUSShipping is clicked - Pass
19-03-2018 18:24 INFO  - Guest Checkout is displayed - Pass
19-03-2018 18:24 INFO  - Wait is displayed - Pass
19-03-2018 18:24 INFO  - Guest checkout shipping screen is displayed on tapping guest chekout button is displayed - Pass
19-03-2018 18:24 INFO  - scrolled to scroll to checkout - Pass
19-03-2018 18:24 INFO  - Click Checkout is clicked - Pass
19-03-2018 18:24 INFO  - FirstName is entered in the field - Pass
19-03-2018 18:24 INFO  - SecondName is entered in the field - Pass
19-03-2018 18:24 INFO  - Address 1 is entered in the field - Pass
19-03-2018 18:24 INFO  - Guest Checkout is displayed - Pass
19-03-2018 18:24 INFO  - scrolled to Guest Checkout - Pass
19-03-2018 18:24 INFO  - Address 2 is entered in the field - Pass
19-03-2018 18:24 INFO  - Guest Checkout is clicked - Pass
19-03-2018 18:24 INFO  - City is entered in the field - Pass
19-03-2018 18:24 INFO  - scrolled to Scrolling - Pass
19-03-2018 18:24 INFO  - Postal Code is entered in the field - Pass
19-03-2018 18:24 INFO  - PhoneNumber is entered in the field - Pass
19-03-2018 18:24 INFO  - Mail Address is entered in the field - Pass
19-03-2018 18:24 INFO  - Is Continue Checkout Button displayed is displayed - Pass
19-03-2018 18:24 INFO  - scrolled to Scroll to Continue Checkout Button - Pass
19-03-2018 18:24 INFO  - Click Continue checkout button is clicked - Pass
19-03-2018 18:24 INFO  - Address Verification is displayed - Pass
19-03-2018 18:24 INFO  - scrolled to Clicked use as entered in address verification overlay - Pass
19-03-2018 18:24 INFO  - Guest Checkout is displayed - Pass
19-03-2018 18:24 INFO  - Guest checkout shipping screen is displayed on tapping guest chekout button is displayed - Pass
19-03-2018 18:24 INFO  - FirstName is entered in the field - Pass
19-03-2018 18:24 INFO  - SecondName is entered in the field - Pass
19-03-2018 18:24 INFO  - Address 1 is entered in the field - Pass
19-03-2018 18:24 INFO  - Address 2 is entered in the field - Pass
19-03-2018 18:24 INFO  - City is entered in the field - Pass
19-03-2018 18:24 INFO  - scrolled to Scrolling - Pass
19-03-2018 18:24 INFO  - Postal Code is entered in the field - Pass
19-03-2018 18:24 INFO  - PhoneNumber is entered in the field - Pass
19-03-2018 18:24 INFO  - Mail Address is entered in the field - Pass
19-03-2018 18:24 INFO  - Is Continue Checkout Button displayed is displayed - Pass
19-03-2018 18:24 INFO  - scrolled to Scroll to Continue Checkout Button - Pass
19-03-2018 18:24 INFO  - Click Continue checkout button is clicked - Pass
19-03-2018 18:24 INFO  - Address Verification is displayed - Pass
19-03-2018 18:24 INFO  - scrolled to Clicked use as entered in address verification overlay - Pass
19-03-2018 18:24 INFO  - Guest Checkout is displayed - Pass
19-03-2018 18:24 INFO  - Guest checkout shipping screen is displayed on tapping guest chekout button is displayed - Pass
19-03-2018 18:24 INFO  - FirstName is entered in the field - Pass
19-03-2018 18:24 INFO  - SecondName is entered in the field - Pass
19-03-2018 18:24 INFO  - Address 1 is entered in the field - Pass
19-03-2018 18:24 INFO  - Address 2 is entered in the field - Pass
19-03-2018 18:24 INFO  - City is entered in the field - Pass
19-03-2018 18:24 INFO  - scrolled to Scrolling - Pass
19-03-2018 18:24 INFO  - Postal Code is entered in the field - Pass
19-03-2018 18:24 INFO  - Untick default billing option is clicked - Pass
19-03-2018 18:24 INFO  - PhoneNumber is entered in the field - Pass
19-03-2018 18:24 INFO  - Mail Address is entered in the field - Pass
19-03-2018 18:24 INFO  - Is Continue Checkout Button displayed is displayed - Pass
19-03-2018 18:24 INFO  - scrolled to Scroll to Continue Checkout Button - Pass
19-03-2018 18:24 INFO  - Click Continue checkout button is clicked - Pass
19-03-2018 18:24 INFO  - Address Verification is displayed - Pass
19-03-2018 18:24 INFO  - scrolled to Clicked use as entered in address verification overlay - Pass
19-03-2018 18:25 ERROR - TimeoutException
org.openqa.selenium.TimeoutException: Expected condition failed: waiting for visibility of element located by By.id: pdpAddtoBagBtn (tried for 10 second(s) with 500 MILLISECONDS interval)
	at org.openqa.selenium.support.ui.WebDriverWait.timeoutException(WebDriverWait.java:82)
	at org.openqa.selenium.support.ui.FluentWait.until(FluentWait.java:231)
	at com.skava.framework.action.SeleniumActionEngine.explicitWaitforVisibility(SeleniumActionEngine.java:183)
	at com.skava.framework.action.SeleniumActionEngine.isElementDisplayed(SeleniumActionEngine.java:201)
	at com.skava.reusable.components.CheckoutComponents.addressVerification(CheckoutComponents.java:115)
	at com.skava.testcases.LT_1176_Review_Order_PlaceOrder_Button_Validation.LT_1176_Review_Order_PlaceOrder_Button_Validation(LT_1176_Review_Order_PlaceOrder_Button_Validation.java:40)
	at sun.reflect.NativeMethodAccessorImpl.invoke0(Native Method)
	at sun.reflect.NativeMethodAccessorImpl.invoke(Unknown Source)
	at sun.reflect.DelegatingMethodAccessorImpl.invoke(Unknown Source)
	at java.lang.reflect.Method.invoke(Unknown Source)
	at org.testng.internal.MethodInvocationHelper.invokeMethod(MethodInvocationHelper.java:108)
	at org.testng.internal.Invoker.invokeMethod(Invoker.java:669)
	at org.testng.internal.Invoker.invokeTestMethod(Invoker.java:877)
	at org.testng.internal.Invoker.invokeTestMethods(Invoker.java:1201)
	at org.testng.internal.TestMethodWorker.invokeTestMethods(TestMethodWorker.java:125)
	at org.testng.internal.TestMethodWorker.run(TestMethodWorker.java:109)
	at java.util.concurrent.ThreadPoolExecutor.runWorker(Unknown Source)
	at java.util.concurrent.ThreadPoolExecutor$Worker.run(Unknown Source)
	at java.lang.Thread.run(Unknown Source)
Caused by: org.openqa.selenium.NoSuchElementException: Cannot locate an element using By.id: pdpAddtoBagBtn
For documentation on this error, please visit: http://seleniumhq.org/exceptions/no_such_element.html
Build info: version: '3.2.0', revision: '8c03df6b79', time: '2017-02-23 10:51:31 +0000'
System info: host: 'DESKTOP-AQOISD1', ip: '192.168.234.84', os.name: 'Windows 10', os.arch: 'amd64', os.version: '10.0', java.version: '1.8.0_112'
Driver info: driver.version: unknown
	at org.openqa.selenium.support.ui.ExpectedConditions.lambda$findElement$0(ExpectedConditions.java:882)
	at java.util.Optional.orElseThrow(Unknown Source)
	at org.openqa.selenium.support.ui.ExpectedConditions.findElement(ExpectedConditions.java:881)
	at org.openqa.selenium.support.ui.ExpectedConditions.access$000(ExpectedConditions.java:43)
	at org.openqa.selenium.support.ui.ExpectedConditions$7.apply(ExpectedConditions.java:205)
	at org.openqa.selenium.support.ui.ExpectedConditions$7.apply(ExpectedConditions.java:201)
	at org.openqa.selenium.support.ui.FluentWait.until(FluentWait.java:208)
	... 17 more
19-03-2018 18:25 ERROR - wait is not present - failed
19-03-2018 18:25 INFO  - Clicked OK is displayed - Pass
19-03-2018 18:25 INFO  - Clicked OK is clicked - Pass
19-03-2018 18:25 INFO  - Place Order Page is displayed - Pass
19-03-2018 18:25 INFO  - Payment Details is displayed - Pass
19-03-2018 18:25 ERROR - TimeoutException
org.openqa.selenium.TimeoutException: Expected condition failed: waiting for visibility of element located by By.id: pdpAddtoBagBtn (tried for 10 second(s) with 500 MILLISECONDS interval)
	at org.openqa.selenium.support.ui.WebDriverWait.timeoutException(WebDriverWait.java:82)
	at org.openqa.selenium.support.ui.FluentWait.until(FluentWait.java:231)
	at com.skava.framework.action.SeleniumActionEngine.explicitWaitforVisibility(SeleniumActionEngine.java:183)
	at com.skava.framework.action.SeleniumActionEngine.isElementDisplayed(SeleniumActionEngine.java:201)
	at com.skava.reusable.components.CheckoutComponents.addressVerification(CheckoutComponents.java:115)
	at com.skava.testcases.LT_1083_Payment_Page_Guest_Validation.LT_1083_Payment_Page_Guest_Validation(LT_1083_Payment_Page_Guest_Validation.java:41)
	at sun.reflect.NativeMethodAccessorImpl.invoke0(Native Method)
	at sun.reflect.NativeMethodAccessorImpl.invoke(Unknown Source)
	at sun.reflect.DelegatingMethodAccessorImpl.invoke(Unknown Source)
	at java.lang.reflect.Method.invoke(Unknown Source)
	at org.testng.internal.MethodInvocationHelper.invokeMethod(MethodInvocationHelper.java:108)
	at org.testng.internal.Invoker.invokeMethod(Invoker.java:669)
	at org.testng.internal.Invoker.invokeTestMethod(Invoker.java:877)
	at org.testng.internal.Invoker.invokeTestMethods(Invoker.java:1201)
	at org.testng.internal.TestMethodWorker.invokeTestMethods(TestMethodWorker.java:125)
	at org.testng.internal.TestMethodWorker.run(TestMethodWorker.java:109)
	at java.util.concurrent.ThreadPoolExecutor.runWorker(Unknown Source)
	at java.util.concurrent.ThreadPoolExecutor$Worker.run(Unknown Source)
	at java.lang.Thread.run(Unknown Source)
Caused by: org.openqa.selenium.NoSuchElementException: Cannot locate an element using By.id: pdpAddtoBagBtn
For documentation on this error, please visit: http://seleniumhq.org/exceptions/no_such_element.html
Build info: version: '3.2.0', revision: '8c03df6b79', time: '2017-02-23 10:51:31 +0000'
System info: host: 'DESKTOP-AQOISD1', ip: '192.168.234.84', os.name: 'Windows 10', os.arch: 'amd64', os.version: '10.0', java.version: '1.8.0_112'
Driver info: driver.version: unknown
	at org.openqa.selenium.support.ui.ExpectedConditions.lambda$findElement$0(ExpectedConditions.java:882)
	at java.util.Optional.orElseThrow(Unknown Source)
	at org.openqa.selenium.support.ui.ExpectedConditions.findElement(ExpectedConditions.java:881)
	at org.openqa.selenium.support.ui.ExpectedConditions.access$000(ExpectedConditions.java:43)
	at org.openqa.selenium.support.ui.ExpectedConditions$7.apply(ExpectedConditions.java:205)
	at org.openqa.selenium.support.ui.ExpectedConditions$7.apply(ExpectedConditions.java:201)
	at org.openqa.selenium.support.ui.FluentWait.until(FluentWait.java:208)
	... 17 more
19-03-2018 18:25 ERROR - wait is not present - failed
19-03-2018 18:25 INFO  - Clicked OK is displayed - Pass
19-03-2018 18:25 INFO  - Clicked OK is clicked - Pass
19-03-2018 18:25 INFO  - Enter Credit card  Number is entered in the field - Pass
19-03-2018 18:25 INFO  - Enter Credit card name is entered in the field - Pass
19-03-2018 18:25 INFO  - Enter CVV Num is entered in the field - Pass
19-03-2018 18:25 INFO  - Is Continue Checkout Button displayed is displayed - Pass
19-03-2018 18:25 INFO  - scrolled to Scroll to Continue Checkout Button - Pass
19-03-2018 18:25 INFO  - Click Continue checkout button is clicked - Pass
19-03-2018 18:25 INFO  - Place Order Page is displayed - Pass
19-03-2018 18:25 ERROR - TimeoutException
org.openqa.selenium.TimeoutException: Expected condition failed: waiting for visibility of element located by By.id: pdpAddtoBagBtn (tried for 10 second(s) with 500 MILLISECONDS interval)
	at org.openqa.selenium.support.ui.WebDriverWait.timeoutException(WebDriverWait.java:82)
	at org.openqa.selenium.support.ui.FluentWait.until(FluentWait.java:231)
	at com.skava.framework.action.SeleniumActionEngine.explicitWaitforVisibility(SeleniumActionEngine.java:183)
	at com.skava.framework.action.SeleniumActionEngine.isElementDisplayed(SeleniumActionEngine.java:201)
	at com.skava.reusable.components.CheckoutComponents.addressVerification(CheckoutComponents.java:115)
	at com.skava.testcases.LT_1081_GuestCheckout_AddShipping.LT_1081_GuestCheckout_Add_Shipping(LT_1081_GuestCheckout_AddShipping.java:39)
	at sun.reflect.NativeMethodAccessorImpl.invoke0(Native Method)
	at sun.reflect.NativeMethodAccessorImpl.invoke(Unknown Source)
	at sun.reflect.DelegatingMethodAccessorImpl.invoke(Unknown Source)
	at java.lang.reflect.Method.invoke(Unknown Source)
	at org.testng.internal.MethodInvocationHelper.invokeMethod(MethodInvocationHelper.java:108)
	at org.testng.internal.Invoker.invokeMethod(Invoker.java:669)
	at org.testng.internal.Invoker.invokeTestMethod(Invoker.java:877)
	at org.testng.internal.Invoker.invokeTestMethods(Invoker.java:1201)
	at org.testng.internal.TestMethodWorker.invokeTestMethods(TestMethodWorker.java:125)
	at org.testng.internal.TestMethodWorker.run(TestMethodWorker.java:109)
	at java.util.concurrent.ThreadPoolExecutor.runWorker(Unknown Source)
	at java.util.concurrent.ThreadPoolExecutor$Worker.run(Unknown Source)
	at java.lang.Thread.run(Unknown Source)
Caused by: org.openqa.selenium.NoSuchElementException: Cannot locate an element using By.id: pdpAddtoBagBtn
For documentation on this error, please visit: http://seleniumhq.org/exceptions/no_such_element.html
Build info: version: '3.2.0', revision: '8c03df6b79', time: '2017-02-23 10:51:31 +0000'
System info: host: 'DESKTOP-AQOISD1', ip: '192.168.234.84', os.name: 'Windows 10', os.arch: 'amd64', os.version: '10.0', java.version: '1.8.0_112'
Driver info: driver.version: unknown
	at org.openqa.selenium.support.ui.ExpectedConditions.lambda$findElement$0(ExpectedConditions.java:882)
	at java.util.Optional.orElseThrow(Unknown Source)
	at org.openqa.selenium.support.ui.ExpectedConditions.findElement(ExpectedConditions.java:881)
	at org.openqa.selenium.support.ui.ExpectedConditions.access$000(ExpectedConditions.java:43)
	at org.openqa.selenium.support.ui.ExpectedConditions$7.apply(ExpectedConditions.java:205)
	at org.openqa.selenium.support.ui.ExpectedConditions$7.apply(ExpectedConditions.java:201)
	at org.openqa.selenium.support.ui.FluentWait.until(FluentWait.java:208)
	... 17 more
19-03-2018 18:25 ERROR - wait is not present - failed
19-03-2018 18:25 INFO  - Clicked OK is displayed - Pass
19-03-2018 18:25 INFO  - Clicked OK is clicked - Pass
19-03-2018 18:25 INFO  - Review Order Page is displayed - Pass
19-03-2018 18:25 INFO  - Billing Addrs field in Review Order Page is displayed - Pass
19-03-2018 18:25 INFO  - Payment field in Review Order Page is displayed - Pass
19-03-2018 18:25 INFO  - scrolled to Scrolling - Pass
19-03-2018 18:25 INFO  - Shipping Addrs field in Review Order Page is displayed - Pass
19-03-2018 18:25 INFO  - Order Summary field in Review Order Page is displayed - Pass
19-03-2018 18:25 INFO  - Place Order is displayed - Pass
19-03-2018 18:25 INFO  - http://m.lordandtaylor.com/ is opened - Pass
19-03-2018 18:25 INFO  - Click Search is clicked - Pass
19-03-2018 18:25 INFO  - shoes is entered in Search - Pass
19-03-2018 18:25 INFO  - http://m.lordandtaylor.com/ is opened - Pass
19-03-2018 18:25 INFO  - Click Search is clicked - Pass
19-03-2018 18:25 INFO  - shirts is entered in Search - Pass
19-03-2018 18:25 INFO  - search/PLP page is displayed - Pass
19-03-2018 18:25 INFO  - Search Count is displayed - Pass
19-03-2018 18:25 INFO  - search/PLP page is displayed - Pass
19-03-2018 18:25 INFO  - Search Count is displayed - Pass
19-03-2018 18:25 INFO  - PDP Page wait is displayed - Pass
19-03-2018 18:25 INFO  - PDP Page wait is displayed - Pass
19-03-2018 18:25 INFO  - scrolled to Scrolling - Pass
19-03-2018 18:25 INFO  - Colour Field present is displayed - Pass
19-03-2018 18:25 INFO  - Size field is displayed - Pass
19-03-2018 18:25 INFO  - scrolled to Add To Bag - Pass
19-03-2018 18:25 INFO  - Add To Bag Clicked is clicked - Pass
19-03-2018 18:25 INFO  - PDP overlay is displayed - Pass
19-03-2018 18:25 INFO  - Success Overlay is displayed - Pass
19-03-2018 18:25 INFO  - Success Overlay is displayed - Pass
19-03-2018 18:25 INFO  - scrolled to Scrolling - Pass
19-03-2018 18:25 INFO  - Colour Field present is displayed - Pass
19-03-2018 18:25 INFO  - Size field is displayed - Pass
19-03-2018 18:25 INFO  - scrolled to Add To Bag - Pass
19-03-2018 18:25 INFO  - Add To Bag Clicked is clicked - Pass
19-03-2018 18:25 INFO  - PDP overlay is displayed - Pass
19-03-2018 18:25 INFO  - Success Overlay is displayed - Pass
19-03-2018 18:25 INFO  - Success Overlay is displayed - Pass
19-03-2018 18:26 INFO  - Checkout Clicked is clicked - Pass
19-03-2018 18:26 INFO  - Checkout Clicked is clicked - Pass
19-03-2018 18:26 INFO  - IS Cart page products is displayed is displayed - Pass
19-03-2018 18:26 INFO  - IS Cart page products is displayed is displayed - Pass
19-03-2018 18:26 INFO  - Is Cart page Displayed is displayed - Pass
19-03-2018 18:26 INFO  - Is Cart page Displayed is displayed - Pass
19-03-2018 18:26 INFO  - Wait is displayed - Pass
19-03-2018 18:26 INFO  - Wait is displayed - Pass
19-03-2018 18:26 INFO  - scrolled to scroll to checkout - Pass
19-03-2018 18:26 INFO  - scrolled to scroll to checkout - Pass
19-03-2018 18:26 INFO  - Click Checkout is clicked - Pass
19-03-2018 18:26 INFO  - Guest Checkout is displayed - Pass
19-03-2018 18:26 INFO  - scrolled to Guest Checkout - Pass
19-03-2018 18:26 INFO  - Click Checkout is clicked - Pass
19-03-2018 18:26 INFO  - Guest Checkout is clicked - Pass
19-03-2018 18:26 INFO  - Guest Checkout is displayed - Pass
19-03-2018 18:26 INFO  - scrolled to Guest Checkout - Pass
19-03-2018 18:26 INFO  - Guest Checkout is clicked - Pass
19-03-2018 18:26 INFO  - Guest Checkout is displayed - Pass
19-03-2018 18:26 INFO  - Guest checkout shipping screen is displayed on tapping guest chekout button is displayed - Pass
19-03-2018 18:26 INFO  - FirstName is entered in the field - Pass
19-03-2018 18:26 INFO  - SecondName is entered in the field - Pass
19-03-2018 18:26 INFO  - Address 1 is entered in the field - Pass
19-03-2018 18:26 INFO  - Address 2 is entered in the field - Pass
19-03-2018 18:26 INFO  - City is entered in the field - Pass
19-03-2018 18:26 INFO  - scrolled to Scrolling - Pass
19-03-2018 18:26 INFO  - Postal Code is entered in the field - Pass
19-03-2018 18:26 INFO  - PhoneNumber is entered in the field - Pass
19-03-2018 18:26 INFO  - Mail Address is entered in the field - Pass
19-03-2018 18:26 INFO  - Is Continue Checkout Button displayed is displayed - Pass
19-03-2018 18:26 INFO  - scrolled to Scroll to Continue Checkout Button - Pass
19-03-2018 18:26 INFO  - Click Continue checkout button is clicked - Pass
19-03-2018 18:26 INFO  - Guest Checkout is displayed - Pass
19-03-2018 18:26 INFO  - Guest checkout shipping screen is displayed on tapping guest chekout button is displayed - Pass
19-03-2018 18:26 INFO  - FirstName is entered in the field - Pass
19-03-2018 18:26 INFO  - SecondName is entered in the field - Pass
19-03-2018 18:26 INFO  - Address 1 is entered in the field - Pass
19-03-2018 18:26 INFO  - Address 2 is entered in the field - Pass
19-03-2018 18:26 INFO  - City is entered in the field - Pass
19-03-2018 18:26 INFO  - scrolled to Scrolling - Pass
19-03-2018 18:26 INFO  - Postal Code is entered in the field - Pass
19-03-2018 18:26 INFO  - PhoneNumber is entered in the field - Pass
19-03-2018 18:26 INFO  - Mail Address is entered in the field - Pass
19-03-2018 18:26 INFO  - Is Continue Checkout Button displayed is displayed - Pass
19-03-2018 18:26 INFO  - scrolled to Scroll to Continue Checkout Button - Pass
19-03-2018 18:26 INFO  - Click Continue checkout button is clicked - Pass
19-03-2018 18:26 INFO  - Address Verification is displayed - Pass
19-03-2018 18:26 INFO  - scrolled to Clicked use as entered in address verification overlay - Pass
19-03-2018 18:26 INFO  - Address Verification is displayed - Pass
19-03-2018 18:26 INFO  - scrolled to Clicked use as entered in address verification overlay - Pass
19-03-2018 18:26 ERROR - TimeoutException
org.openqa.selenium.TimeoutException: Expected condition failed: waiting for visibility of element located by By.id: pdpAddtoBagBtn (tried for 10 second(s) with 500 MILLISECONDS interval)
	at org.openqa.selenium.support.ui.WebDriverWait.timeoutException(WebDriverWait.java:82)
	at org.openqa.selenium.support.ui.FluentWait.until(FluentWait.java:231)
	at com.skava.framework.action.SeleniumActionEngine.explicitWaitforVisibility(SeleniumActionEngine.java:183)
	at com.skava.framework.action.SeleniumActionEngine.isElementDisplayed(SeleniumActionEngine.java:201)
	at com.skava.reusable.components.CheckoutComponents.addressVerification(CheckoutComponents.java:115)
	at com.skava.testcases.LT_1236_GuestCheckout_Payment_FieldCheck.LT_1236_GuestCheckout_Payment_FieldCheck(LT_1236_GuestCheckout_Payment_FieldCheck.java:40)
	at sun.reflect.NativeMethodAccessorImpl.invoke0(Native Method)
	at sun.reflect.NativeMethodAccessorImpl.invoke(Unknown Source)
	at sun.reflect.DelegatingMethodAccessorImpl.invoke(Unknown Source)
	at java.lang.reflect.Method.invoke(Unknown Source)
	at org.testng.internal.MethodInvocationHelper.invokeMethod(MethodInvocationHelper.java:108)
	at org.testng.internal.Invoker.invokeMethod(Invoker.java:669)
	at org.testng.internal.Invoker.invokeTestMethod(Invoker.java:877)
	at org.testng.internal.Invoker.invokeTestMethods(Invoker.java:1201)
	at org.testng.internal.TestMethodWorker.invokeTestMethods(TestMethodWorker.java:125)
	at org.testng.internal.TestMethodWorker.run(TestMethodWorker.java:109)
	at java.util.concurrent.ThreadPoolExecutor.runWorker(Unknown Source)
	at java.util.concurrent.ThreadPoolExecutor$Worker.run(Unknown Source)
	at java.lang.Thread.run(Unknown Source)
Caused by: org.openqa.selenium.NoSuchElementException: Cannot locate an element using By.id: pdpAddtoBagBtn
For documentation on this error, please visit: http://seleniumhq.org/exceptions/no_such_element.html
Build info: version: '3.2.0', revision: '8c03df6b79', time: '2017-02-23 10:51:31 +0000'
System info: host: 'DESKTOP-AQOISD1', ip: '192.168.234.84', os.name: 'Windows 10', os.arch: 'amd64', os.version: '10.0', java.version: '1.8.0_112'
Driver info: driver.version: unknown
	at org.openqa.selenium.support.ui.ExpectedConditions.lambda$findElement$0(ExpectedConditions.java:882)
	at java.util.Optional.orElseThrow(Unknown Source)
	at org.openqa.selenium.support.ui.ExpectedConditions.findElement(ExpectedConditions.java:881)
	at org.openqa.selenium.support.ui.ExpectedConditions.access$000(ExpectedConditions.java:43)
	at org.openqa.selenium.support.ui.ExpectedConditions$7.apply(ExpectedConditions.java:205)
	at org.openqa.selenium.support.ui.ExpectedConditions$7.apply(ExpectedConditions.java:201)
	at org.openqa.selenium.support.ui.FluentWait.until(FluentWait.java:208)
	... 17 more
19-03-2018 18:26 ERROR - wait is not present - failed
19-03-2018 18:26 INFO  - Clicked OK is displayed - Pass
19-03-2018 18:26 INFO  - Clicked OK is clicked - Pass
19-03-2018 18:26 INFO  - Place Order Page is displayed - Pass
19-03-2018 18:26 INFO  - Payment section is displayed - Pass
19-03-2018 18:26 INFO  - Payment section is displayed - Pass
19-03-2018 18:26 ERROR - TimeoutException
org.openqa.selenium.TimeoutException: Expected condition failed: waiting for visibility of element located by By.id: pdpAddtoBagBtn (tried for 10 second(s) with 500 MILLISECONDS interval)
	at org.openqa.selenium.support.ui.WebDriverWait.timeoutException(WebDriverWait.java:82)
	at org.openqa.selenium.support.ui.FluentWait.until(FluentWait.java:231)
	at com.skava.framework.action.SeleniumActionEngine.explicitWaitforVisibility(SeleniumActionEngine.java:183)
	at com.skava.framework.action.SeleniumActionEngine.isElementDisplayed(SeleniumActionEngine.java:201)
	at com.skava.reusable.components.CheckoutComponents.addressVerification(CheckoutComponents.java:115)
	at com.skava.testcases.LT_1235_GuestCheckout_Payment_FiledCheck.LT_1235_GuestCheckout_Payment_FiledCheck(LT_1235_GuestCheckout_Payment_FiledCheck.java:40)
	at sun.reflect.NativeMethodAccessorImpl.invoke0(Native Method)
	at sun.reflect.NativeMethodAccessorImpl.invoke(Unknown Source)
	at sun.reflect.DelegatingMethodAccessorImpl.invoke(Unknown Source)
	at java.lang.reflect.Method.invoke(Unknown Source)
	at org.testng.internal.MethodInvocationHelper.invokeMethod(MethodInvocationHelper.java:108)
	at org.testng.internal.Invoker.invokeMethod(Invoker.java:669)
	at org.testng.internal.Invoker.invokeTestMethod(Invoker.java:877)
	at org.testng.internal.Invoker.invokeTestMethods(Invoker.java:1201)
	at org.testng.internal.TestMethodWorker.invokeTestMethods(TestMethodWorker.java:125)
	at org.testng.internal.TestMethodWorker.run(TestMethodWorker.java:109)
	at java.util.concurrent.ThreadPoolExecutor.runWorker(Unknown Source)
	at java.util.concurrent.ThreadPoolExecutor$Worker.run(Unknown Source)
	at java.lang.Thread.run(Unknown Source)
Caused by: org.openqa.selenium.NoSuchElementException: Cannot locate an element using By.id: pdpAddtoBagBtn
For documentation on this error, please visit: http://seleniumhq.org/exceptions/no_such_element.html
Build info: version: '3.2.0', revision: '8c03df6b79', time: '2017-02-23 10:51:31 +0000'
System info: host: 'DESKTOP-AQOISD1', ip: '192.168.234.84', os.name: 'Windows 10', os.arch: 'amd64', os.version: '10.0', java.version: '1.8.0_112'
Driver info: driver.version: unknown
	at org.openqa.selenium.support.ui.ExpectedConditions.lambda$findElement$0(ExpectedConditions.java:882)
	at java.util.Optional.orElseThrow(Unknown Source)
	at org.openqa.selenium.support.ui.ExpectedConditions.findElement(ExpectedConditions.java:881)
	at org.openqa.selenium.support.ui.ExpectedConditions.access$000(ExpectedConditions.java:43)
	at org.openqa.selenium.support.ui.ExpectedConditions$7.apply(ExpectedConditions.java:205)
	at org.openqa.selenium.support.ui.ExpectedConditions$7.apply(ExpectedConditions.java:201)
	at org.openqa.selenium.support.ui.FluentWait.until(FluentWait.java:208)
	... 17 more
19-03-2018 18:26 ERROR - wait is not present - failed
19-03-2018 18:26 INFO  - Clicked OK is displayed - Pass
19-03-2018 18:26 INFO  - Clicked OK is clicked - Pass
19-03-2018 18:26 INFO  - Payment type is displayed - Pass
19-03-2018 18:26 INFO  - Card no  is displayed - Pass
19-03-2018 18:26 INFO  - Card name  is displayed - Pass
19-03-2018 18:26 INFO  - Card  exp month is displayed - Pass
19-03-2018 18:26 INFO  - Card  exp year is displayed - Pass
19-03-2018 18:26 INFO  - Card  CVV is displayed - Pass
19-03-2018 18:26 INFO  - scrolled to scroll to gift section - Pass
19-03-2018 18:26 INFO  - Payment gift card section is displayed - Pass
19-03-2018 18:26 INFO  - Gift Card No is displayed - Pass
19-03-2018 18:26 INFO  - Gift Card Pin is displayed - Pass
19-03-2018 18:26 INFO  - scrolled to scroll to promo code section - Pass
19-03-2018 18:26 INFO  - Payment promo code section is displayed - Pass
19-03-2018 18:26 INFO  - Promo code field is displayed - Pass
19-03-2018 18:26 INFO  - scrolled to scroll to create account section - Pass
19-03-2018 18:26 INFO  - Payment create account section is displayed - Pass
19-03-2018 18:26 INFO  - Account password field is displayed - Pass
19-03-2018 18:26 INFO  - Account confirm password field is displayed - Pass
19-03-2018 18:26 INFO  - Account password hint field is displayed - Pass
19-03-2018 18:26 INFO  - Place Order Page is displayed - Pass
19-03-2018 18:26 INFO  - Payment section is displayed - Pass
19-03-2018 18:26 INFO  - Payment section is displayed - Pass
19-03-2018 18:26 INFO  - scrolled to scroll to gift section - Pass
19-03-2018 18:26 INFO  - Payment gift card section is displayed - Pass
19-03-2018 18:26 INFO  - scrolled to scroll to promo code section - Pass
19-03-2018 18:26 INFO  - Payment promo code section is displayed - Pass
19-03-2018 18:26 INFO  - scrolled to scroll to create account section - Pass
19-03-2018 18:26 INFO  - Payment create account section is displayed - Pass
