19-03-2018 20:09 INFO  - http://m.lordandtaylor.com/ is opened - Pass
19-03-2018 20:09 INFO  - Wait to get site Loaded is displayed - Pass
19-03-2018 20:09 INFO  - Click Menu is clicked - Pass
19-03-2018 20:09 INFO  - Menu Closed is clicked - Pass
19-03-2018 20:10 INFO  - http://m.lordandtaylor.com/ is opened - Pass
19-03-2018 20:10 INFO  - search/PLP page is displayed - Pass
19-03-2018 20:10 INFO  - Click Promo is clicked - Pass
19-03-2018 20:10 INFO  - http://m.lordandtaylor.com/ is opened - Pass
19-03-2018 20:10 INFO  - Click Search is clicked - Pass
19-03-2018 20:10 INFO  - http://m.lordandtaylor.com/ is opened - Pass
19-03-2018 20:10 INFO  - Search is entered in the field - Pass
19-03-2018 20:10 ERROR - StaleElementReferenceException
org.openqa.selenium.StaleElementReferenceException: stale element reference: element is not attached to the page document
  (Session info: chrome=64.0.3282.186)
  (Driver info: chromedriver=2.33.506120 (e3e53437346286c0bc2d2dc9aa4915ba81d9023f),platform=Windows NT 10.0.16299 x86_64) (WARNING: The server did not provide any stacktrace information)
Command duration or timeout: 38 milliseconds
For documentation on this error, please visit: http://seleniumhq.org/exceptions/stale_element_reference.html
Build info: version: '3.2.0', revision: '8c03df6b79', time: '2017-02-23 10:51:31 +0000'
System info: host: 'DESKTOP-AQOISD1', ip: '192.168.234.84', os.name: 'Windows 10', os.arch: 'amd64', os.version: '10.0', java.version: '1.8.0_112'
Driver info: org.openqa.selenium.chrome.ChromeDriver
Capabilities [{applicationCacheEnabled=false, rotatable=false, mobileEmulationEnabled=false, networkConnectionEnabled=false, chrome={chromedriverVersion=2.33.506120 (e3e53437346286c0bc2d2dc9aa4915ba81d9023f), userDataDir=C:\Users\arunraj.n\AppData\Local\Temp\scoped_dir25424_18416}, takesHeapSnapshot=true, pageLoadStrategy=normal, databaseEnabled=false, handlesAlerts=true, hasTouchScreen=false, version=64.0.3282.186, platform=XP, browserConnectionEnabled=false, nativeEvents=true, acceptSslCerts=true, locationContextEnabled=true, webStorageEnabled=true, browserName=chrome, takesScreenshot=true, javascriptEnabled=true, cssSelectorsEnabled=true, setWindowRect=true, unexpectedAlertBehaviour=}]
Session ID: b4399b8bdb2a2a7e4f2321796c94e03f
	at sun.reflect.NativeConstructorAccessorImpl.newInstance0(Native Method)
	at sun.reflect.NativeConstructorAccessorImpl.newInstance(Unknown Source)
	at sun.reflect.DelegatingConstructorAccessorImpl.newInstance(Unknown Source)
	at java.lang.reflect.Constructor.newInstance(Unknown Source)
	at org.openqa.selenium.remote.ErrorHandler.createThrowable(ErrorHandler.java:216)
	at org.openqa.selenium.remote.ErrorHandler.throwIfResponseFailed(ErrorHandler.java:168)
	at org.openqa.selenium.remote.RemoteWebDriver.execute(RemoteWebDriver.java:638)
	at org.openqa.selenium.remote.RemoteWebElement.execute(RemoteWebElement.java:274)
	at org.openqa.selenium.remote.RemoteWebElement.isDisplayed(RemoteWebElement.java:315)
	at com.skava.framework.action.SeleniumActionEngine.isElementDisplayed(SeleniumActionEngine.java:204)
	at com.skava.reusable.components.HomePageComponents.searchSuggestionValidation(HomePageComponents.java:196)
	at com.skava.testcases.LT_132_Search_Suggestion.LT_132_Search_Suggestion(LT_132_Search_Suggestion.java:26)
	at sun.reflect.NativeMethodAccessorImpl.invoke0(Native Method)
	at sun.reflect.NativeMethodAccessorImpl.invoke(Unknown Source)
	at sun.reflect.DelegatingMethodAccessorImpl.invoke(Unknown Source)
	at java.lang.reflect.Method.invoke(Unknown Source)
	at org.testng.internal.MethodInvocationHelper.invokeMethod(MethodInvocationHelper.java:108)
	at org.testng.internal.Invoker.invokeMethod(Invoker.java:669)
	at org.testng.internal.Invoker.invokeTestMethod(Invoker.java:877)
	at org.testng.internal.Invoker.invokeTestMethods(Invoker.java:1201)
	at org.testng.internal.TestMethodWorker.invokeTestMethods(TestMethodWorker.java:125)
	at org.testng.internal.TestMethodWorker.run(TestMethodWorker.java:109)
	at java.util.concurrent.ThreadPoolExecutor.runWorker(Unknown Source)
	at java.util.concurrent.ThreadPoolExecutor$Worker.run(Unknown Source)
	at java.lang.Thread.run(Unknown Source)
19-03-2018 20:10 ERROR - Search Suggesion Displayed is not present - failed
19-03-2018 20:10 INFO  - http://m.lordandtaylor.com/ is opened - Pass
19-03-2018 20:10 INFO  - http://m.lordandtaylor.com/ is opened - Pass
19-03-2018 20:10 INFO  - Carousel Banner Check is displayed - Pass
19-03-2018 20:10 INFO  - Carousel Banner Check is displayed - Pass
19-03-2018 20:10 INFO  - Footer Container is displayed - Pass
19-03-2018 20:10 INFO  - scrolled to Scroll to Footer - Pass
19-03-2018 20:10 INFO  - Call & Email Link is displayed - Pass
19-03-2018 20:10 INFO  - signUpForDailyEmails is displayed - Pass
19-03-2018 20:10 INFO  - Social Share Icons is displayed - Pass
19-03-2018 20:10 INFO  - Accordion Menus is displayed - Pass
19-03-2018 20:10 INFO  - SignUpForSms is displayed - Pass
19-03-2018 20:10 INFO  - copyRight is displayed - Pass
19-03-2018 20:10 INFO  - PrivacyPolicy is displayed - Pass
19-03-2018 20:10 INFO  - http://m.lordandtaylor.com/ is opened - Pass
19-03-2018 20:10 INFO  - Carousel Banner Check is displayed - Pass
19-03-2018 20:10 INFO  - Carousel Banner Check is displayed - Pass
19-03-2018 20:10 INFO  - http://m.lordandtaylor.com/ is opened - Pass
19-03-2018 20:10 INFO  - Click Search is clicked - Pass
19-03-2018 20:10 INFO  - Search is entered in the field - Pass
19-03-2018 20:10 INFO  - Search Suggesion Displayed is displayed - Pass
19-03-2018 20:10 INFO  - Search Suggesion Displayed is displayed - Pass
19-03-2018 20:10 INFO  - PDP Page wait is displayed - Pass
19-03-2018 20:10 INFO  - Click Cart is clicked - Pass
19-03-2018 20:10 INFO  - Cart wrapper Opened is displayed - Pass
19-03-2018 20:10 INFO  - Cart Empty Text is displayed - Pass
19-03-2018 20:10 INFO  - Back To Homepage is clicked - Pass
19-03-2018 20:10 ERROR - TimeoutException
org.openqa.selenium.TimeoutException: Expected condition failed: waiting for visibility of element located by By.xpath: (//*[@class='genericESpot' or @id='skMob_productListContainer_id'])[1] (tried for 30 second(s) with 500 MILLISECONDS interval)
	at org.openqa.selenium.support.ui.WebDriverWait.timeoutException(WebDriverWait.java:82)
	at org.openqa.selenium.support.ui.FluentWait.until(FluentWait.java:231)
	at com.skava.framework.action.SeleniumActionEngine.explicitWaitforVisibility(SeleniumActionEngine.java:183)
	at com.skava.framework.action.SeleniumActionEngine.isElementDisplayed(SeleniumActionEngine.java:201)
	at com.skava.reusable.components.FeaturedCompnents.PromoValidation(FeaturedCompnents.java:14)
	at com.skava.testcases.LT_194_Promo_Link_Validation.LT_194_Promo_Link_Validation(LT_194_Promo_Link_Validation.java:27)
	at sun.reflect.NativeMethodAccessorImpl.invoke0(Native Method)
	at sun.reflect.NativeMethodAccessorImpl.invoke(Unknown Source)
	at sun.reflect.DelegatingMethodAccessorImpl.invoke(Unknown Source)
	at java.lang.reflect.Method.invoke(Unknown Source)
	at org.testng.internal.MethodInvocationHelper.invokeMethod(MethodInvocationHelper.java:108)
	at org.testng.internal.Invoker.invokeMethod(Invoker.java:669)
	at org.testng.internal.Invoker.invokeTestMethod(Invoker.java:877)
	at org.testng.internal.Invoker.invokeTestMethods(Invoker.java:1201)
	at org.testng.internal.TestMethodWorker.invokeTestMethods(TestMethodWorker.java:125)
	at org.testng.internal.TestMethodWorker.run(TestMethodWorker.java:109)
	at java.util.concurrent.ThreadPoolExecutor.runWorker(Unknown Source)
	at java.util.concurrent.ThreadPoolExecutor$Worker.run(Unknown Source)
	at java.lang.Thread.run(Unknown Source)
Caused by: org.openqa.selenium.NoSuchElementException: Cannot locate an element using By.xpath: (//*[@class='genericESpot' or @id='skMob_productListContainer_id'])[1]
For documentation on this error, please visit: http://seleniumhq.org/exceptions/no_such_element.html
Build info: version: '3.2.0', revision: '8c03df6b79', time: '2017-02-23 10:51:31 +0000'
System info: host: 'DESKTOP-AQOISD1', ip: '192.168.234.84', os.name: 'Windows 10', os.arch: 'amd64', os.version: '10.0', java.version: '1.8.0_112'
Driver info: driver.version: unknown
	at org.openqa.selenium.support.ui.ExpectedConditions.lambda$findElement$0(ExpectedConditions.java:882)
	at java.util.Optional.orElseThrow(Unknown Source)
	at org.openqa.selenium.support.ui.ExpectedConditions.findElement(ExpectedConditions.java:881)
	at org.openqa.selenium.support.ui.ExpectedConditions.access$000(ExpectedConditions.java:43)
	at org.openqa.selenium.support.ui.ExpectedConditions$7.apply(ExpectedConditions.java:205)
	at org.openqa.selenium.support.ui.ExpectedConditions$7.apply(ExpectedConditions.java:201)
	at org.openqa.selenium.support.ui.FluentWait.until(FluentWait.java:208)
	... 17 more
19-03-2018 20:10 ERROR - Promo Page is not present - failed
19-03-2018 20:10 INFO  - PLP page is displayed - Pass
19-03-2018 20:10 INFO  - http://m.lordandtaylor.com/ is opened - Pass
19-03-2018 20:10 INFO  - Click Search is clicked - Pass
19-03-2018 20:10 INFO  - Shirts is entered in Search - Pass
19-03-2018 20:10 INFO  - http://m.lordandtaylor.com/ is opened - Pass
19-03-2018 20:10 INFO  - Wait to get site Loaded is displayed - Pass
19-03-2018 20:10 INFO  - Click Menu is clicked - Pass
19-03-2018 20:10 INFO  - Selecting Brand Category from pancake is clicked - Pass
19-03-2018 20:10 INFO  - Selecting Brand Sub category is clicked - Pass
19-03-2018 20:10 INFO  - search/PLP page is displayed - Pass
19-03-2018 20:10 INFO  - Search Count is displayed - Pass
19-03-2018 20:10 INFO  - Brands page is displayed - Pass
19-03-2018 20:10 INFO  - http://m.lordandtaylor.com/ is opened - Pass
19-03-2018 20:10 INFO  - Click Search is clicked - Pass
19-03-2018 20:10 INFO  - http://m.lordandtaylor.com/ is opened - Pass
19-03-2018 20:10 INFO  - Wait to get site Loaded is displayed - Pass
19-03-2018 20:10 INFO  - Click Menu is clicked - Pass
19-03-2018 20:10 INFO  - Selecting Brand Category from pancake is clicked - Pass
19-03-2018 20:10 INFO  - Selecting Brand Sub category is clicked - Pass
19-03-2018 20:10 INFO  - Shirts is entered in Search - Pass
19-03-2018 20:10 INFO  - http://m.lordandtaylor.com/ is opened - Pass
19-03-2018 20:10 INFO  - Click Search is clicked - Pass
19-03-2018 20:10 INFO  - Shirts is entered in Search - Pass
19-03-2018 20:10 INFO  - Brands page is displayed - Pass
19-03-2018 20:10 INFO  - http://m.lordandtaylor.com/ is opened - Pass
19-03-2018 20:10 INFO  - Click Search is clicked - Pass
19-03-2018 20:10 INFO  - lipstick is entered in Search - Pass
19-03-2018 20:10 INFO  - http://m.lordandtaylor.com/ is opened - Pass
19-03-2018 20:11 INFO  - Wait to get site Loaded is displayed - Pass
19-03-2018 20:11 INFO  - Click Menu is clicked - Pass
19-03-2018 20:11 INFO  - search/PLP page is displayed - Pass
19-03-2018 20:11 INFO  - Search Count is displayed - Pass
19-03-2018 20:11 INFO  - Product List Page is displayed - Pass
19-03-2018 20:11 INFO  - Product Image is displayed - Pass
19-03-2018 20:11 INFO  - Product NameList is displayed - Pass
19-03-2018 20:11 INFO  - Product Description is displayed - Pass
19-03-2018 20:11 INFO  - Menu Clicked is clicked - Pass
19-03-2018 20:11 INFO  - Product Price is displayed - Pass
19-03-2018 20:11 INFO  - Sub Menu Clicked is clicked - Pass
19-03-2018 20:11 INFO  - Brand PLP page is displayed - Pass
19-03-2018 20:11 INFO  - Product List Page is displayed - Pass
19-03-2018 20:11 INFO  - Product Image is displayed - Pass
19-03-2018 20:11 INFO  - Product NameList is displayed - Pass
19-03-2018 20:11 INFO  - PDP Page wait is displayed - Pass
19-03-2018 20:11 INFO  - Product Description is displayed - Pass
19-03-2018 20:11 INFO  - Product Price is displayed - Pass
19-03-2018 20:11 INFO  - PDP Page wait is displayed - Pass
19-03-2018 20:11 INFO  - search/PLP page is displayed - Pass
19-03-2018 20:11 INFO  - Search Count is displayed - Pass
19-03-2018 20:11 INFO  - Products displayed in PLP Page is displayed - Pass
19-03-2018 20:11 INFO  - Back To Top is displayed - Pass
19-03-2018 20:11 INFO  - Back To Top is clicked - Pass
19-03-2018 20:11 INFO  - Wait is displayed - Pass
19-03-2018 20:11 INFO  - http://m.lordandtaylor.com/ is opened - Pass
19-03-2018 20:11 INFO  - Click Search is clicked - Pass
19-03-2018 20:11 INFO  - Shoes is entered in Search - Pass
19-03-2018 20:11 INFO  - Sub Menu2 Clicked is clicked - Pass
19-03-2018 20:11 INFO  - Bread Crumb is displayed - Pass
19-03-2018 20:11 INFO  - search/PLP page is displayed - Pass
19-03-2018 20:11 INFO  - Search Count is displayed - Pass
19-03-2018 20:11 INFO  - Wait Bag Qty is displayed - Pass
19-03-2018 20:11 INFO  - http://m.lordandtaylor.com/ is opened - Pass
19-03-2018 20:11 INFO  - Click Search is clicked - Pass
19-03-2018 20:11 INFO  - search/PLP page is displayed - Pass
19-03-2018 20:11 INFO  - Search Count is displayed - Pass
19-03-2018 20:11 INFO  - Sorting Clicked is clicked - Pass
19-03-2018 20:11 INFO  - Refine is displayed - Pass
19-03-2018 20:11 INFO  - Shirts is entered in Search - Pass
19-03-2018 20:11 ERROR - TimeoutException
org.openqa.selenium.TimeoutException: Expected condition failed: waiting for visibility of element located by By.id: pdpAddtoBagBtn (tried for 5 second(s) with 500 MILLISECONDS interval)
	at org.openqa.selenium.support.ui.WebDriverWait.timeoutException(WebDriverWait.java:82)
	at org.openqa.selenium.support.ui.FluentWait.until(FluentWait.java:231)
	at com.skava.framework.action.SeleniumActionEngine.explicitWaitforVisibility(SeleniumActionEngine.java:183)
	at com.skava.reusable.components.PLPandPDPComponents.sort_ApplyFilter(PLPandPDPComponents.java:608)
	at com.skava.testcases.LT_383_Sort_ApplyFilter.LT_383_Sort_ApplyFilter(LT_383_Sort_ApplyFilter.java:27)
	at sun.reflect.NativeMethodAccessorImpl.invoke0(Native Method)
	at sun.reflect.NativeMethodAccessorImpl.invoke(Unknown Source)
	at sun.reflect.DelegatingMethodAccessorImpl.invoke(Unknown Source)
	at java.lang.reflect.Method.invoke(Unknown Source)
	at org.testng.internal.MethodInvocationHelper.invokeMethod(MethodInvocationHelper.java:108)
	at org.testng.internal.Invoker.invokeMethod(Invoker.java:669)
	at org.testng.internal.Invoker.invokeTestMethod(Invoker.java:877)
	at org.testng.internal.Invoker.invokeTestMethods(Invoker.java:1201)
	at org.testng.internal.TestMethodWorker.invokeTestMethods(TestMethodWorker.java:125)
	at org.testng.internal.TestMethodWorker.run(TestMethodWorker.java:109)
	at java.util.concurrent.ThreadPoolExecutor.runWorker(Unknown Source)
	at java.util.concurrent.ThreadPoolExecutor$Worker.run(Unknown Source)
	at java.lang.Thread.run(Unknown Source)
Caused by: org.openqa.selenium.NoSuchElementException: Cannot locate an element using By.id: pdpAddtoBagBtn
For documentation on this error, please visit: http://seleniumhq.org/exceptions/no_such_element.html
Build info: version: '3.2.0', revision: '8c03df6b79', time: '2017-02-23 10:51:31 +0000'
System info: host: 'DESKTOP-AQOISD1', ip: '192.168.234.84', os.name: 'Windows 10', os.arch: 'amd64', os.version: '10.0', java.version: '1.8.0_112'
Driver info: driver.version: unknown
	at org.openqa.selenium.support.ui.ExpectedConditions.lambda$findElement$0(ExpectedConditions.java:882)
	at java.util.Optional.orElseThrow(Unknown Source)
	at org.openqa.selenium.support.ui.ExpectedConditions.findElement(ExpectedConditions.java:881)
	at org.openqa.selenium.support.ui.ExpectedConditions.access$000(ExpectedConditions.java:43)
	at org.openqa.selenium.support.ui.ExpectedConditions$7.apply(ExpectedConditions.java:205)
	at org.openqa.selenium.support.ui.ExpectedConditions$7.apply(ExpectedConditions.java:201)
	at org.openqa.selenium.support.ui.FluentWait.until(FluentWait.java:208)
	... 16 more
19-03-2018 20:11 ERROR - Wait is not present - failed
19-03-2018 20:11 INFO  -  Sort and filter button click is clicked - Pass
19-03-2018 20:11 INFO  - Wait Bag Qty is displayed - Pass
19-03-2018 20:11 INFO  - http://m.lordandtaylor.com/ is opened - Pass
19-03-2018 20:11 INFO  - Click Search is clicked - Pass
19-03-2018 20:11 INFO  - Apply button is displayed on selecting the category is displayed - Pass
19-03-2018 20:11 INFO  - scrolled to Scroll to apply - Pass
19-03-2018 20:11 INFO  - shirts is entered in Search - Pass
19-03-2018 20:11 INFO  - Click apply button is clicked - Pass
19-03-2018 20:11 INFO  - http://m.lordandtaylor.com/ is opened - Pass
19-03-2018 20:11 INFO  - Click Search is clicked - Pass
19-03-2018 20:11 INFO  - Shoes is entered in Search - Pass
19-03-2018 20:11 INFO  - http://m.lordandtaylor.com/ is opened - Pass
19-03-2018 20:11 INFO  - Click Search is clicked - Pass
19-03-2018 20:11 INFO  - search/PLP page is displayed - Pass
19-03-2018 20:11 INFO  - Search Count is displayed - Pass
19-03-2018 20:11 INFO  - Shirts is entered in Search - Pass
19-03-2018 20:11 INFO  - Product List Page is displayed - Pass
19-03-2018 20:11 INFO  - Product Image is displayed - Pass
19-03-2018 20:11 INFO  - Product NameList is displayed - Pass
19-03-2018 20:11 INFO  - Product Description is displayed - Pass
19-03-2018 20:11 INFO  - Product Price is displayed - Pass
19-03-2018 20:11 INFO  - Wait Bag Qty is displayed - Pass
19-03-2018 20:11 INFO  -  Sort and filter button click is clicked - Pass
19-03-2018 20:11 INFO  - Wait Bag Qty is displayed - Pass
19-03-2018 20:11 INFO  - http://m.lordandtaylor.com/ is opened - Pass
19-03-2018 20:11 INFO  - Click Search is clicked - Pass
19-03-2018 20:11 INFO  - search/PLP page is displayed - Pass
19-03-2018 20:11 INFO  - shoes is entered in Search - Pass
19-03-2018 20:11 INFO  - Search Count is displayed - Pass
19-03-2018 20:11 INFO  - search/PLP page is displayed - Pass
19-03-2018 20:11 INFO  - Search Count is displayed - Pass
19-03-2018 20:11 ERROR - TimeoutException
org.openqa.selenium.TimeoutException: Expected condition failed: waiting for visibility of element located by By.id: pdpAddtoBagBtn (tried for 10 second(s) with 500 MILLISECONDS interval)
	at org.openqa.selenium.support.ui.WebDriverWait.timeoutException(WebDriverWait.java:82)
	at org.openqa.selenium.support.ui.FluentWait.until(FluentWait.java:231)
	at com.skava.framework.action.SeleniumActionEngine.explicitWaitforVisibility(SeleniumActionEngine.java:183)
	at com.skava.reusable.components.PLPandPDPComponents.sort_ApplyFilter(PLPandPDPComponents.java:642)
	at com.skava.testcases.LT_383_Sort_ApplyFilter.LT_383_Sort_ApplyFilter(LT_383_Sort_ApplyFilter.java:27)
	at sun.reflect.NativeMethodAccessorImpl.invoke0(Native Method)
	at sun.reflect.NativeMethodAccessorImpl.invoke(Unknown Source)
	at sun.reflect.DelegatingMethodAccessorImpl.invoke(Unknown Source)
	at java.lang.reflect.Method.invoke(Unknown Source)
	at org.testng.internal.MethodInvocationHelper.invokeMethod(MethodInvocationHelper.java:108)
	at org.testng.internal.Invoker.invokeMethod(Invoker.java:669)
	at org.testng.internal.Invoker.invokeTestMethod(Invoker.java:877)
	at org.testng.internal.Invoker.invokeTestMethods(Invoker.java:1201)
	at org.testng.internal.TestMethodWorker.invokeTestMethods(TestMethodWorker.java:125)
	at org.testng.internal.TestMethodWorker.run(TestMethodWorker.java:109)
	at java.util.concurrent.ThreadPoolExecutor.runWorker(Unknown Source)
	at java.util.concurrent.ThreadPoolExecutor$Worker.run(Unknown Source)
	at java.lang.Thread.run(Unknown Source)
Caused by: org.openqa.selenium.NoSuchElementException: Cannot locate an element using By.id: pdpAddtoBagBtn
For documentation on this error, please visit: http://seleniumhq.org/exceptions/no_such_element.html
Build info: version: '3.2.0', revision: '8c03df6b79', time: '2017-02-23 10:51:31 +0000'
System info: host: 'DESKTOP-AQOISD1', ip: '192.168.234.84', os.name: 'Windows 10', os.arch: 'amd64', os.version: '10.0', java.version: '1.8.0_112'
Driver info: driver.version: unknown
	at org.openqa.selenium.support.ui.ExpectedConditions.lambda$findElement$0(ExpectedConditions.java:882)
	at java.util.Optional.orElseThrow(Unknown Source)
	at org.openqa.selenium.support.ui.ExpectedConditions.findElement(ExpectedConditions.java:881)
	at org.openqa.selenium.support.ui.ExpectedConditions.access$000(ExpectedConditions.java:43)
	at org.openqa.selenium.support.ui.ExpectedConditions$7.apply(ExpectedConditions.java:205)
	at org.openqa.selenium.support.ui.ExpectedConditions$7.apply(ExpectedConditions.java:201)
	at org.openqa.selenium.support.ui.FluentWait.until(FluentWait.java:208)
	... 16 more
19-03-2018 20:11 ERROR - Wait is not present - failed
19-03-2018 20:11 INFO  - PLP page is displayed after sorting is displayed - Pass
19-03-2018 20:11 INFO  - PLP page is displayed after sorting is displayed - Pass
19-03-2018 20:11 INFO  - search/PLP page is displayed - Pass
19-03-2018 20:11 INFO  - Search Count is displayed - Pass
19-03-2018 20:11 INFO  - PLP page is displayed after sorting is displayed - Pass
19-03-2018 20:11 INFO  - Wait Bag Qty is displayed - Pass
19-03-2018 20:11 INFO  - PDP Page wait is displayed - Pass
19-03-2018 20:11 INFO  - scrolled to Scrolling - Pass
19-03-2018 20:11 INFO  - Deatils is displayed - Pass
19-03-2018 20:11 INFO  - Details List is displayed - Pass
19-03-2018 20:11 ERROR - TimeoutException
org.openqa.selenium.TimeoutException: Expected condition failed: waiting for visibility of element located by By.id: pdpAddtoBagBtn (tried for 5 second(s) with 500 MILLISECONDS interval)
	at org.openqa.selenium.support.ui.WebDriverWait.timeoutException(WebDriverWait.java:82)
	at org.openqa.selenium.support.ui.FluentWait.until(FluentWait.java:231)
	at com.skava.framework.action.SeleniumActionEngine.explicitWaitforVisibility(SeleniumActionEngine.java:183)
	at com.skava.reusable.components.PLPandPDPComponents.sort_ApplyFilter(PLPandPDPComponents.java:649)
	at com.skava.testcases.LT_383_Sort_ApplyFilter.LT_383_Sort_ApplyFilter(LT_383_Sort_ApplyFilter.java:27)
	at sun.reflect.NativeMethodAccessorImpl.invoke0(Native Method)
	at sun.reflect.NativeMethodAccessorImpl.invoke(Unknown Source)
	at sun.reflect.DelegatingMethodAccessorImpl.invoke(Unknown Source)
	at java.lang.reflect.Method.invoke(Unknown Source)
	at org.testng.internal.MethodInvocationHelper.invokeMethod(MethodInvocationHelper.java:108)
	at org.testng.internal.Invoker.invokeMethod(Invoker.java:669)
	at org.testng.internal.Invoker.invokeTestMethod(Invoker.java:877)
	at org.testng.internal.Invoker.invokeTestMethods(Invoker.java:1201)
	at org.testng.internal.TestMethodWorker.invokeTestMethods(TestMethodWorker.java:125)
	at org.testng.internal.TestMethodWorker.run(TestMethodWorker.java:109)
	at java.util.concurrent.ThreadPoolExecutor.runWorker(Unknown Source)
	at java.util.concurrent.ThreadPoolExecutor$Worker.run(Unknown Source)
	at java.lang.Thread.run(Unknown Source)
Caused by: org.openqa.selenium.NoSuchElementException: Cannot locate an element using By.id: pdpAddtoBagBtn
For documentation on this error, please visit: http://seleniumhq.org/exceptions/no_such_element.html
Build info: version: '3.2.0', revision: '8c03df6b79', time: '2017-02-23 10:51:31 +0000'
System info: host: 'DESKTOP-AQOISD1', ip: '192.168.234.84', os.name: 'Windows 10', os.arch: 'amd64', os.version: '10.0', java.version: '1.8.0_112'
Driver info: driver.version: unknown
	at org.openqa.selenium.support.ui.ExpectedConditions.lambda$findElement$0(ExpectedConditions.java:882)
	at java.util.Optional.orElseThrow(Unknown Source)
	at org.openqa.selenium.support.ui.ExpectedConditions.findElement(ExpectedConditions.java:881)
	at org.openqa.selenium.support.ui.ExpectedConditions.access$000(ExpectedConditions.java:43)
	at org.openqa.selenium.support.ui.ExpectedConditions$7.apply(ExpectedConditions.java:205)
	at org.openqa.selenium.support.ui.ExpectedConditions$7.apply(ExpectedConditions.java:201)
	at org.openqa.selenium.support.ui.FluentWait.until(FluentWait.java:208)
	... 16 more
19-03-2018 20:11 ERROR - Wait is not present - failed
19-03-2018 20:11 INFO  - PDP Page wait is displayed - Pass
19-03-2018 20:11 INFO  - search/PLP page is displayed - Pass
19-03-2018 20:11 INFO  - Search Count is displayed - Pass
19-03-2018 20:11 INFO  - PLP page is displayed after sorting is displayed - Pass
19-03-2018 20:11 ERROR - TimeoutException
org.openqa.selenium.TimeoutException: Expected condition failed: waiting for visibility of element located by By.id: pdpAddtoBagBtn (tried for 5 second(s) with 500 MILLISECONDS interval)
	at org.openqa.selenium.support.ui.WebDriverWait.timeoutException(WebDriverWait.java:82)
	at org.openqa.selenium.support.ui.FluentWait.until(FluentWait.java:231)
	at com.skava.framework.action.SeleniumActionEngine.explicitWaitforVisibility(SeleniumActionEngine.java:183)
	at com.skava.reusable.components.PLPandPDPComponents.sort_ApplyFilter(PLPandPDPComponents.java:608)
	at com.skava.testcases.LT_387_SortClearAll.LT_387_Sort_ClearAll(LT_387_SortClearAll.java:28)
	at sun.reflect.NativeMethodAccessorImpl.invoke0(Native Method)
	at sun.reflect.NativeMethodAccessorImpl.invoke(Unknown Source)
	at sun.reflect.DelegatingMethodAccessorImpl.invoke(Unknown Source)
	at java.lang.reflect.Method.invoke(Unknown Source)
	at org.testng.internal.MethodInvocationHelper.invokeMethod(MethodInvocationHelper.java:108)
	at org.testng.internal.Invoker.invokeMethod(Invoker.java:669)
	at org.testng.internal.Invoker.invokeTestMethod(Invoker.java:877)
	at org.testng.internal.Invoker.invokeTestMethods(Invoker.java:1201)
	at org.testng.internal.TestMethodWorker.invokeTestMethods(TestMethodWorker.java:125)
	at org.testng.internal.TestMethodWorker.run(TestMethodWorker.java:109)
	at java.util.concurrent.ThreadPoolExecutor.runWorker(Unknown Source)
	at java.util.concurrent.ThreadPoolExecutor$Worker.run(Unknown Source)
	at java.lang.Thread.run(Unknown Source)
Caused by: org.openqa.selenium.NoSuchElementException: Cannot locate an element using By.id: pdpAddtoBagBtn
For documentation on this error, please visit: http://seleniumhq.org/exceptions/no_such_element.html
Build info: version: '3.2.0', revision: '8c03df6b79', time: '2017-02-23 10:51:31 +0000'
System info: host: 'DESKTOP-AQOISD1', ip: '192.168.234.84', os.name: 'Windows 10', os.arch: 'amd64', os.version: '10.0', java.version: '1.8.0_112'
Driver info: driver.version: unknown
	at org.openqa.selenium.support.ui.ExpectedConditions.lambda$findElement$0(ExpectedConditions.java:882)
	at java.util.Optional.orElseThrow(Unknown Source)
	at org.openqa.selenium.support.ui.ExpectedConditions.findElement(ExpectedConditions.java:881)
	at org.openqa.selenium.support.ui.ExpectedConditions.access$000(ExpectedConditions.java:43)
	at org.openqa.selenium.support.ui.ExpectedConditions$7.apply(ExpectedConditions.java:205)
	at org.openqa.selenium.support.ui.ExpectedConditions$7.apply(ExpectedConditions.java:201)
	at org.openqa.selenium.support.ui.FluentWait.until(FluentWait.java:208)
	... 16 more
19-03-2018 20:11 ERROR - Wait is not present - failed
19-03-2018 20:11 INFO  -  Sort and filter button click is clicked - Pass
19-03-2018 20:11 INFO  - Wait Bag Qty is displayed - Pass
19-03-2018 20:11 INFO  - Apply button is displayed on selecting the category is displayed - Pass
19-03-2018 20:11 INFO  - scrolled to Scroll to apply - Pass
19-03-2018 20:11 INFO  - Click apply button is clicked - Pass
19-03-2018 20:11 INFO  - PDP Page wait is displayed - Pass
19-03-2018 20:11 INFO  - PDP Page wait is displayed - Pass
19-03-2018 20:12 INFO  - scrolled to Scrolling - Pass
19-03-2018 20:12 INFO  - Colour Field present is displayed - Pass
19-03-2018 20:12 INFO  - Size field is displayed - Pass
19-03-2018 20:12 INFO  - scrolled to Add To Bag - Pass
19-03-2018 20:12 INFO  - Add To Bag Clicked is clicked - Pass
19-03-2018 20:12 INFO  - http://m.lordandtaylor.com/ is opened - Pass
19-03-2018 20:12 INFO  - Click Search is clicked - Pass
19-03-2018 20:12 INFO  - shirts is entered in Search - Pass
19-03-2018 20:12 INFO  - Success Overlay is displayed - Pass
19-03-2018 20:12 INFO  - Success Overlay is displayed - Pass
19-03-2018 20:12 INFO  - Close OverLay Clicked is clicked - Pass
19-03-2018 20:12 ERROR - TimeoutException
org.openqa.selenium.TimeoutException: Expected condition failed: waiting for visibility of element located by By.id: pdpAddtoBagBtn (tried for 10 second(s) with 500 MILLISECONDS interval)
	at org.openqa.selenium.support.ui.WebDriverWait.timeoutException(WebDriverWait.java:82)
	at org.openqa.selenium.support.ui.FluentWait.until(FluentWait.java:231)
	at com.skava.framework.action.SeleniumActionEngine.explicitWaitforVisibility(SeleniumActionEngine.java:183)
	at com.skava.reusable.components.PLPandPDPComponents.sort_ApplyFilter(PLPandPDPComponents.java:642)
	at com.skava.testcases.LT_387_SortClearAll.LT_387_Sort_ClearAll(LT_387_SortClearAll.java:28)
	at sun.reflect.NativeMethodAccessorImpl.invoke0(Native Method)
	at sun.reflect.NativeMethodAccessorImpl.invoke(Unknown Source)
	at sun.reflect.DelegatingMethodAccessorImpl.invoke(Unknown Source)
	at java.lang.reflect.Method.invoke(Unknown Source)
	at org.testng.internal.MethodInvocationHelper.invokeMethod(MethodInvocationHelper.java:108)
	at org.testng.internal.Invoker.invokeMethod(Invoker.java:669)
	at org.testng.internal.Invoker.invokeTestMethod(Invoker.java:877)
	at org.testng.internal.Invoker.invokeTestMethods(Invoker.java:1201)
	at org.testng.internal.TestMethodWorker.invokeTestMethods(TestMethodWorker.java:125)
	at org.testng.internal.TestMethodWorker.run(TestMethodWorker.java:109)
	at java.util.concurrent.ThreadPoolExecutor.runWorker(Unknown Source)
	at java.util.concurrent.ThreadPoolExecutor$Worker.run(Unknown Source)
	at java.lang.Thread.run(Unknown Source)
Caused by: org.openqa.selenium.NoSuchElementException: Cannot locate an element using By.id: pdpAddtoBagBtn
For documentation on this error, please visit: http://seleniumhq.org/exceptions/no_such_element.html
Build info: version: '3.2.0', revision: '8c03df6b79', time: '2017-02-23 10:51:31 +0000'
System info: host: 'DESKTOP-AQOISD1', ip: '192.168.234.84', os.name: 'Windows 10', os.arch: 'amd64', os.version: '10.0', java.version: '1.8.0_112'
Driver info: driver.version: unknown
	at org.openqa.selenium.support.ui.ExpectedConditions.lambda$findElement$0(ExpectedConditions.java:882)
	at java.util.Optional.orElseThrow(Unknown Source)
	at org.openqa.selenium.support.ui.ExpectedConditions.findElement(ExpectedConditions.java:881)
	at org.openqa.selenium.support.ui.ExpectedConditions.access$000(ExpectedConditions.java:43)
	at org.openqa.selenium.support.ui.ExpectedConditions$7.apply(ExpectedConditions.java:205)
	at org.openqa.selenium.support.ui.ExpectedConditions$7.apply(ExpectedConditions.java:201)
	at org.openqa.selenium.support.ui.FluentWait.until(FluentWait.java:208)
	... 16 more
19-03-2018 20:12 ERROR - Wait is not present - failed
19-03-2018 20:12 INFO  - PLP page is displayed after sorting is displayed - Pass
19-03-2018 20:12 INFO  - PLP page is displayed after sorting is displayed - Pass
19-03-2018 20:12 INFO  - http://m.lordandtaylor.com/ is opened - Pass
19-03-2018 20:12 INFO  - Wait to get site Loaded is displayed - Pass
19-03-2018 20:12 INFO  - Click Menu is clicked - Pass
19-03-2018 20:12 INFO  - Menu Category is displayed - Pass
19-03-2018 20:12 INFO  - SubCategory is displayed - Pass
19-03-2018 20:12 ERROR - TimeoutException
org.openqa.selenium.TimeoutException: Expected condition failed: waiting for visibility of element located by By.id: pdpAddtoBagBtn (tried for 5 second(s) with 500 MILLISECONDS interval)
	at org.openqa.selenium.support.ui.WebDriverWait.timeoutException(WebDriverWait.java:82)
	at org.openqa.selenium.support.ui.FluentWait.until(FluentWait.java:231)
	at com.skava.framework.action.SeleniumActionEngine.explicitWaitforVisibility(SeleniumActionEngine.java:183)
	at com.skava.reusable.components.PLPandPDPComponents.sort_ApplyFilter(PLPandPDPComponents.java:649)
	at com.skava.testcases.LT_387_SortClearAll.LT_387_Sort_ClearAll(LT_387_SortClearAll.java:28)
	at sun.reflect.NativeMethodAccessorImpl.invoke0(Native Method)
	at sun.reflect.NativeMethodAccessorImpl.invoke(Unknown Source)
	at sun.reflect.DelegatingMethodAccessorImpl.invoke(Unknown Source)
	at java.lang.reflect.Method.invoke(Unknown Source)
	at org.testng.internal.MethodInvocationHelper.invokeMethod(MethodInvocationHelper.java:108)
	at org.testng.internal.Invoker.invokeMethod(Invoker.java:669)
	at org.testng.internal.Invoker.invokeTestMethod(Invoker.java:877)
	at org.testng.internal.Invoker.invokeTestMethods(Invoker.java:1201)
	at org.testng.internal.TestMethodWorker.invokeTestMethods(TestMethodWorker.java:125)
	at org.testng.internal.TestMethodWorker.run(TestMethodWorker.java:109)
	at java.util.concurrent.ThreadPoolExecutor.runWorker(Unknown Source)
	at java.util.concurrent.ThreadPoolExecutor$Worker.run(Unknown Source)
	at java.lang.Thread.run(Unknown Source)
Caused by: org.openqa.selenium.NoSuchElementException: Cannot locate an element using By.id: pdpAddtoBagBtn
For documentation on this error, please visit: http://seleniumhq.org/exceptions/no_such_element.html
Build info: version: '3.2.0', revision: '8c03df6b79', time: '2017-02-23 10:51:31 +0000'
System info: host: 'DESKTOP-AQOISD1', ip: '192.168.234.84', os.name: 'Windows 10', os.arch: 'amd64', os.version: '10.0', java.version: '1.8.0_112'
Driver info: driver.version: unknown
	at org.openqa.selenium.support.ui.ExpectedConditions.lambda$findElement$0(ExpectedConditions.java:882)
	at java.util.Optional.orElseThrow(Unknown Source)
	at org.openqa.selenium.support.ui.ExpectedConditions.findElement(ExpectedConditions.java:881)
	at org.openqa.selenium.support.ui.ExpectedConditions.access$000(ExpectedConditions.java:43)
	at org.openqa.selenium.support.ui.ExpectedConditions$7.apply(ExpectedConditions.java:205)
	at org.openqa.selenium.support.ui.ExpectedConditions$7.apply(ExpectedConditions.java:201)
	at org.openqa.selenium.support.ui.FluentWait.until(FluentWait.java:208)
	... 16 more
19-03-2018 20:12 ERROR - Wait is not present - failed
19-03-2018 20:12 INFO  - PLP page is displayed after sorting is displayed - Pass
19-03-2018 20:12 INFO  - Wait Bag Qty is displayed - Pass
19-03-2018 20:12 INFO  - http://m.lordandtaylor.com/ is opened - Pass
19-03-2018 20:12 INFO  - search/PLP page is displayed - Pass
19-03-2018 20:12 INFO  - Search Count is displayed - Pass
19-03-2018 20:12 INFO  - Wait to get site Loaded is displayed - Pass
19-03-2018 20:12 INFO  - Click Menu is clicked - Pass
19-03-2018 20:12 INFO  - Menu Category is displayed - Pass
19-03-2018 20:12 INFO  - SubCategory is displayed - Pass
19-03-2018 20:12 INFO  - Sub Categories Displayed is displayed - Pass
19-03-2018 20:12 INFO  - Sub Categories Displayed is displayed - Pass
19-03-2018 20:12 INFO  - http://m.lordandtaylor.com/ is opened - Pass
19-03-2018 20:12 INFO  - Wait to get site Loaded is displayed - Pass
19-03-2018 20:12 INFO  - Click Menu is clicked - Pass
19-03-2018 20:12 INFO  - Menu Category is displayed - Pass
19-03-2018 20:12 ERROR - TimeoutException
org.openqa.selenium.TimeoutException: Expected condition failed: waiting for visibility of element located by By.id: pdpAddtoBagBtn (tried for 5 second(s) with 500 MILLISECONDS interval)
	at org.openqa.selenium.support.ui.WebDriverWait.timeoutException(WebDriverWait.java:82)
	at org.openqa.selenium.support.ui.FluentWait.until(FluentWait.java:231)
	at com.skava.framework.action.SeleniumActionEngine.explicitWaitforVisibility(SeleniumActionEngine.java:183)
	at com.skava.reusable.components.PLPandPDPComponents.sort_ClearAll(PLPandPDPComponents.java:729)
	at com.skava.testcases.LT_387_SortClearAll.LT_387_Sort_ClearAll(LT_387_SortClearAll.java:29)
	at sun.reflect.NativeMethodAccessorImpl.invoke0(Native Method)
	at sun.reflect.NativeMethodAccessorImpl.invoke(Unknown Source)
	at sun.reflect.DelegatingMethodAccessorImpl.invoke(Unknown Source)
	at java.lang.reflect.Method.invoke(Unknown Source)
	at org.testng.internal.MethodInvocationHelper.invokeMethod(MethodInvocationHelper.java:108)
	at org.testng.internal.Invoker.invokeMethod(Invoker.java:669)
	at org.testng.internal.Invoker.invokeTestMethod(Invoker.java:877)
	at org.testng.internal.Invoker.invokeTestMethods(Invoker.java:1201)
	at org.testng.internal.TestMethodWorker.invokeTestMethods(TestMethodWorker.java:125)
	at org.testng.internal.TestMethodWorker.run(TestMethodWorker.java:109)
	at java.util.concurrent.ThreadPoolExecutor.runWorker(Unknown Source)
	at java.util.concurrent.ThreadPoolExecutor$Worker.run(Unknown Source)
	at java.lang.Thread.run(Unknown Source)
Caused by: org.openqa.selenium.NoSuchElementException: Cannot locate an element using By.id: pdpAddtoBagBtn
For documentation on this error, please visit: http://seleniumhq.org/exceptions/no_such_element.html
Build info: version: '3.2.0', revision: '8c03df6b79', time: '2017-02-23 10:51:31 +0000'
System info: host: 'DESKTOP-AQOISD1', ip: '192.168.234.84', os.name: 'Windows 10', os.arch: 'amd64', os.version: '10.0', java.version: '1.8.0_112'
Driver info: driver.version: unknown
	at org.openqa.selenium.support.ui.ExpectedConditions.lambda$findElement$0(ExpectedConditions.java:882)
	at java.util.Optional.orElseThrow(Unknown Source)
	at org.openqa.selenium.support.ui.ExpectedConditions.findElement(ExpectedConditions.java:881)
	at org.openqa.selenium.support.ui.ExpectedConditions.access$000(ExpectedConditions.java:43)
	at org.openqa.selenium.support.ui.ExpectedConditions$7.apply(ExpectedConditions.java:205)
	at org.openqa.selenium.support.ui.ExpectedConditions$7.apply(ExpectedConditions.java:201)
	at org.openqa.selenium.support.ui.FluentWait.until(FluentWait.java:208)
	... 16 more
19-03-2018 20:12 ERROR - Wait is not present - failed
19-03-2018 20:12 INFO  -  Sort and filter button click is clicked - Pass
19-03-2018 20:12 INFO  - Wait Bag Qty is displayed - Pass
19-03-2018 20:12 INFO  - SubCategory is displayed - Pass
19-03-2018 20:12 INFO  - Sub Categories Displayed is displayed - Pass
19-03-2018 20:12 INFO  - Sub Categories Displayed is displayed - Pass
19-03-2018 20:12 INFO  - Click Back Button is clicked - Pass
19-03-2018 20:12 INFO  - http://m.lordandtaylor.com/ is opened - Pass
19-03-2018 20:12 INFO  - Wait to get site Loaded is displayed - Pass
19-03-2018 20:12 INFO  - Click Menu is clicked - Pass
19-03-2018 20:12 INFO  - PDP Page wait is displayed - Pass
19-03-2018 20:12 INFO  - scrolled to Scrolling - Pass
19-03-2018 20:12 INFO  - Colour Field present is displayed - Pass
19-03-2018 20:12 ERROR - TimeoutException
org.openqa.selenium.TimeoutException: Expected condition failed: waiting for visibility of element located by By.id: pdpAddtoBagBtn (tried for 5 second(s) with 500 MILLISECONDS interval)
	at org.openqa.selenium.support.ui.WebDriverWait.timeoutException(WebDriverWait.java:82)
	at org.openqa.selenium.support.ui.FluentWait.until(FluentWait.java:231)
	at com.skava.framework.action.SeleniumActionEngine.explicitWaitforVisibility(SeleniumActionEngine.java:183)
	at com.skava.reusable.components.PLPandPDPComponents.sort_ClearAll(PLPandPDPComponents.java:735)
	at com.skava.testcases.LT_387_SortClearAll.LT_387_Sort_ClearAll(LT_387_SortClearAll.java:29)
	at sun.reflect.NativeMethodAccessorImpl.invoke0(Native Method)
	at sun.reflect.NativeMethodAccessorImpl.invoke(Unknown Source)
	at sun.reflect.DelegatingMethodAccessorImpl.invoke(Unknown Source)
	at java.lang.reflect.Method.invoke(Unknown Source)
	at org.testng.internal.MethodInvocationHelper.invokeMethod(MethodInvocationHelper.java:108)
	at org.testng.internal.Invoker.invokeMethod(Invoker.java:669)
	at org.testng.internal.Invoker.invokeTestMethod(Invoker.java:877)
	at org.testng.internal.Invoker.invokeTestMethods(Invoker.java:1201)
	at org.testng.internal.TestMethodWorker.invokeTestMethods(TestMethodWorker.java:125)
	at org.testng.internal.TestMethodWorker.run(TestMethodWorker.java:109)
	at java.util.concurrent.ThreadPoolExecutor.runWorker(Unknown Source)
	at java.util.concurrent.ThreadPoolExecutor$Worker.run(Unknown Source)
	at java.lang.Thread.run(Unknown Source)
Caused by: org.openqa.selenium.NoSuchElementException: Cannot locate an element using By.id: pdpAddtoBagBtn
For documentation on this error, please visit: http://seleniumhq.org/exceptions/no_such_element.html
Build info: version: '3.2.0', revision: '8c03df6b79', time: '2017-02-23 10:51:31 +0000'
System info: host: 'DESKTOP-AQOISD1', ip: '192.168.234.84', os.name: 'Windows 10', os.arch: 'amd64', os.version: '10.0', java.version: '1.8.0_112'
Driver info: driver.version: unknown
	at org.openqa.selenium.support.ui.ExpectedConditions.lambda$findElement$0(ExpectedConditions.java:882)
	at java.util.Optional.orElseThrow(Unknown Source)
	at org.openqa.selenium.support.ui.ExpectedConditions.findElement(ExpectedConditions.java:881)
	at org.openqa.selenium.support.ui.ExpectedConditions.access$000(ExpectedConditions.java:43)
	at org.openqa.selenium.support.ui.ExpectedConditions$7.apply(ExpectedConditions.java:205)
	at org.openqa.selenium.support.ui.ExpectedConditions$7.apply(ExpectedConditions.java:201)
	at org.openqa.selenium.support.ui.FluentWait.until(FluentWait.java:208)
	... 16 more
19-03-2018 20:12 ERROR - Wait is not present - failed
19-03-2018 20:12 INFO  - Is Clear All button is displayed is displayed - Pass
19-03-2018 20:12 INFO  - http://m.lordandtaylor.com/ is opened - Pass
19-03-2018 20:12 INFO  - Wait to get site Loaded is displayed - Pass
19-03-2018 20:12 INFO  - Click Menu is clicked - Pass
19-03-2018 20:12 INFO  - Clear All button Click is clicked - Pass
19-03-2018 20:12 INFO  - PLP page is displayed after sorting is displayed - Pass
19-03-2018 20:12 INFO  - PLP count is displayed after sorting is displayed - Pass
19-03-2018 20:12 INFO  - PLP page is displayed after sorting is displayed - Pass
19-03-2018 20:12 INFO  - Size field is displayed - Pass
19-03-2018 20:12 INFO  - http://m.lordandtaylor.com/ is opened - Pass
19-03-2018 20:12 INFO  - Wait to get site Loaded is displayed - Pass
19-03-2018 20:12 INFO  - Click Menu is clicked - Pass
19-03-2018 20:12 INFO  - scrolled to Add To Bag - Pass
19-03-2018 20:12 INFO  - Add To Bag Clicked is clicked - Pass
19-03-2018 20:12 INFO  - Success Overlay is displayed - Pass
19-03-2018 20:12 INFO  - Success Overlay is displayed - Pass
19-03-2018 20:12 INFO  - http://m.lordandtaylor.com/ is opened - Pass
19-03-2018 20:12 INFO  - Wait to get site Loaded is displayed - Pass
19-03-2018 20:12 INFO  - Click Menu is clicked - Pass
19-03-2018 20:12 INFO  - Enetered Login is clicked - Pass
19-03-2018 20:12 INFO  - Email is entered in the field - Pass
19-03-2018 20:12 INFO  - Spider@123 is entered in Password - Pass
19-03-2018 20:12 INFO  - Enetered Login is clicked - Pass
19-03-2018 20:12 INFO  - Email is entered in the field - Pass
19-03-2018 20:12 INFO  - Spider@123 is entered in Password - Pass
19-03-2018 20:12 INFO  - My Account page displayed is displayed - Pass
19-03-2018 20:12 INFO  - scrolled to accountsummary - Pass
19-03-2018 20:12 INFO  - Checkout Clicked is clicked - Pass
19-03-2018 20:12 INFO  - Cart Opened is displayed - Pass
19-03-2018 20:12 INFO  - Product Added to Cart is displayed - Pass
19-03-2018 20:13 INFO  - Order history is displayed - Pass
19-03-2018 20:13 INFO  - scrolled to orderhistory - Pass
19-03-2018 20:13 INFO  - orderhistory clicked is clicked - Pass
19-03-2018 20:13 INFO  - http://m.lordandtaylor.com/ is opened - Pass
19-03-2018 20:13 INFO  - Wait to get site Loaded is displayed - Pass
19-03-2018 20:13 INFO  - Click Menu is clicked - Pass
19-03-2018 20:13 INFO  - Enetered Login is clicked - Pass
19-03-2018 20:13 INFO  - Email is entered in the field - Pass
19-03-2018 20:13 INFO  - Spider@123 is entered in Password - Pass
19-03-2018 20:13 INFO  - http://m.lordandtaylor.com/ is opened - Pass
19-03-2018 20:13 INFO  - Wait to get site Loaded is displayed - Pass
19-03-2018 20:13 INFO  - Click Menu is clicked - Pass
19-03-2018 20:13 INFO  - My Account page displayed is displayed - Pass
19-03-2018 20:13 INFO  - Enetered Login is clicked - Pass
19-03-2018 20:13 INFO  - Email is entered in the field - Pass
19-03-2018 20:13 INFO  - Spider@123 is entered in Password - Pass
19-03-2018 20:13 INFO  - settings is displayed - Pass
19-03-2018 20:13 INFO  - scrolled to settings - Pass
19-03-2018 20:13 INFO  - settings clicked is clicked - Pass
19-03-2018 20:13 INFO  - Enetered Login is clicked - Pass
19-03-2018 20:13 INFO  - Email is entered in the field - Pass
19-03-2018 20:13 INFO  - Spider@123 is entered in Password - Pass
19-03-2018 20:13 INFO  - http://m.lordandtaylor.com/ is opened - Pass
19-03-2018 20:13 INFO  - Wait to get site Loaded is displayed - Pass
19-03-2018 20:13 INFO  - Click Menu is clicked - Pass
19-03-2018 20:13 INFO  - http://m.lordandtaylor.com/ is opened - Pass
19-03-2018 20:13 INFO  - Click Search is clicked - Pass
19-03-2018 20:13 INFO  - Shoes is entered in Search - Pass
19-03-2018 20:13 INFO  - http://m.lordandtaylor.com/ is opened - Pass
19-03-2018 20:13 INFO  - Click Search is clicked - Pass
19-03-2018 20:13 INFO  - shippingaddress is displayed - Pass
19-03-2018 20:13 INFO  - scrolled to shippingaddress - Pass
19-03-2018 20:13 INFO  - shippingaddress clicked is clicked - Pass
19-03-2018 20:13 INFO  - Shoes is entered in Search - Pass
19-03-2018 20:13 INFO  - http://m.lordandtaylor.com/ is opened - Pass
19-03-2018 20:13 INFO  - search/PLP page is displayed - Pass
19-03-2018 20:13 INFO  - Search Count is displayed - Pass
19-03-2018 20:13 INFO  - Enetered Login is clicked - Pass
19-03-2018 20:13 INFO  - Email is entered in the field - Pass
19-03-2018 20:13 INFO  - Spider@123 is entered in Password - Pass
19-03-2018 20:13 INFO  - search/PLP page is displayed - Pass
19-03-2018 20:13 INFO  - Search Count is displayed - Pass
19-03-2018 20:13 INFO  - billingaddress is displayed - Pass
19-03-2018 20:13 INFO  - scrolled to billingaddress - Pass
19-03-2018 20:13 INFO  - billingaddress clicked is clicked - Pass
19-03-2018 20:13 INFO  - PDP Page wait is displayed - Pass
19-03-2018 20:13 INFO  - Wait is displayed - Pass
19-03-2018 20:13 INFO  - Product QTY increment is displayed - Pass
19-03-2018 20:13 INFO  - scrolled to QTY - Pass
19-03-2018 20:13 INFO  - Increment Click is clicked - Pass
19-03-2018 20:13 INFO  - Wait is displayed - Pass
19-03-2018 20:13 INFO  - Product QTY decrement is displayed - Pass
19-03-2018 20:13 INFO  - scrolled to QTY - Pass
19-03-2018 20:13 INFO  - Wait is displayed - Pass
19-03-2018 20:13 INFO  - Decrement Click is clicked - Pass
19-03-2018 20:13 INFO  - Wait is displayed - Pass
19-03-2018 20:13 INFO  - Enetered Login is clicked - Pass
19-03-2018 20:13 INFO  - Email is entered in the field - Pass
19-03-2018 20:13 INFO  - Spider@123 is entered in Password - Pass
19-03-2018 20:13 INFO  - PDP Page wait is displayed - Pass
19-03-2018 20:13 INFO  - Wait is displayed - Pass
19-03-2018 20:13 INFO  - Product QTY increment is displayed - Pass
19-03-2018 20:13 INFO  - scrolled to QTY - Pass
19-03-2018 20:13 INFO  - Increment Click is clicked - Pass
19-03-2018 20:13 INFO  - Wait is displayed - Pass
19-03-2018 20:13 INFO  - payment is displayed - Pass
19-03-2018 20:13 INFO  - scrolled to payment - Pass
19-03-2018 20:13 INFO  - payment clicked is clicked - Pass
19-03-2018 20:14 INFO  - Click Cart is clicked - Pass
19-03-2018 20:14 INFO  - Cart wrapper Opened is displayed - Pass
19-03-2018 20:14 INFO  - Cart Empty Text is displayed - Pass
19-03-2018 20:14 INFO  - Back To Homepage is clicked - Pass
19-03-2018 20:14 INFO  - http://m.lordandtaylor.com/ is opened - Pass
19-03-2018 20:14 INFO  - Click Search is clicked - Pass
19-03-2018 20:14 INFO  - Shirts is entered in Search - Pass
19-03-2018 20:14 INFO  - http://m.lordandtaylor.com/ is opened - Pass
19-03-2018 20:14 INFO  - Click Search is clicked - Pass
19-03-2018 20:14 INFO  - Shirts is entered in Search - Pass
19-03-2018 20:14 INFO  - http://m.lordandtaylor.com/ is opened - Pass
19-03-2018 20:14 INFO  - http://m.lordandtaylor.com/ is opened - Pass
19-03-2018 20:14 INFO  - Click Search is clicked - Pass
19-03-2018 20:14 INFO  - Click Search is clicked - Pass
19-03-2018 20:14 INFO  - Shirts is entered in Search - Pass
19-03-2018 20:14 INFO  - Shirts is entered in Search - Pass
19-03-2018 20:14 INFO  - search/PLP page is displayed - Pass
19-03-2018 20:14 INFO  - Search Count is displayed - Pass
19-03-2018 20:14 INFO  - Product List Page is displayed - Pass
19-03-2018 20:14 INFO  - Product Image is displayed - Pass
19-03-2018 20:14 INFO  - Product NameList is displayed - Pass
19-03-2018 20:14 INFO  - Product Description is displayed - Pass
19-03-2018 20:14 INFO  - Product Price is displayed - Pass
19-03-2018 20:14 INFO  - http://m.lordandtaylor.com/ is opened - Pass
19-03-2018 20:14 INFO  - Click Search is clicked - Pass
19-03-2018 20:14 INFO  - dress is entered in Search - Pass
19-03-2018 20:14 INFO  - search/PLP page is displayed - Pass
19-03-2018 20:14 INFO  - Search Count is displayed - Pass
19-03-2018 20:14 INFO  - Product List Page is displayed - Pass
19-03-2018 20:14 INFO  - Product Image is displayed - Pass
19-03-2018 20:14 INFO  - Product NameList is displayed - Pass
19-03-2018 20:14 INFO  - Product Description is displayed - Pass
19-03-2018 20:14 INFO  - Product Price is displayed - Pass
19-03-2018 20:14 INFO  - http://m.lordandtaylor.com/ is opened - Pass
19-03-2018 20:14 INFO  - Click Search is clicked - Pass
19-03-2018 20:14 INFO  - http://m.lordandtaylor.com/ is opened - Pass
19-03-2018 20:14 INFO  - Jeans is entered in Search - Pass
19-03-2018 20:14 INFO  - Click Search is clicked - Pass
19-03-2018 20:14 INFO  - Shirts is entered in Search - Pass
19-03-2018 20:14 INFO  - PDP Page wait is displayed - Pass
19-03-2018 20:14 INFO  - search/PLP page is displayed - Pass
19-03-2018 20:14 INFO  - Search Count is displayed - Pass
19-03-2018 20:14 INFO  - search/PLP page is displayed - Pass
19-03-2018 20:14 INFO  - Wait Bag Qty is displayed - Pass
19-03-2018 20:14 INFO  - scrolled to Scroll Bag Qty - Pass
19-03-2018 20:14 INFO  - Search Count is displayed - Pass
19-03-2018 20:14 INFO  - Product List Page is displayed - Pass
19-03-2018 20:14 INFO  - Product Image is displayed - Pass
19-03-2018 20:14 INFO  - scrolled to Scrolling - Pass
19-03-2018 20:14 INFO  - Product NameList is displayed - Pass
19-03-2018 20:14 INFO  - Colour Field present is displayed - Pass
19-03-2018 20:14 INFO  - Product Description is displayed - Pass
19-03-2018 20:14 INFO  - Product Price is displayed - Pass
19-03-2018 20:14 INFO  - search/PLP page is displayed - Pass
19-03-2018 20:14 INFO  - Search Count is displayed - Pass
19-03-2018 20:14 INFO  - PDP Page wait is displayed - Pass
19-03-2018 20:14 INFO  - scrolled to Scrolling - Pass
19-03-2018 20:14 INFO  - Colour Field present is displayed - Pass
19-03-2018 20:14 INFO  - PDP Page wait is displayed - Pass
19-03-2018 20:14 INFO  - search/PLP page is displayed - Pass
19-03-2018 20:14 INFO  - search/PLP page is displayed - Pass
19-03-2018 20:14 INFO  - Search Count is displayed - Pass
19-03-2018 20:14 INFO  - Search Count is displayed - Pass
19-03-2018 20:14 INFO  - Size field is displayed - Pass
19-03-2018 20:14 INFO  - PDP Page wait is displayed - Pass
19-03-2018 20:14 INFO  - scrolled to Add To Bag - Pass
19-03-2018 20:14 INFO  - PDP Page wait is displayed - Pass
19-03-2018 20:14 INFO  - Add To Bag Clicked is clicked - Pass
19-03-2018 20:14 INFO  - scrolled to Scrolling - Pass
19-03-2018 20:14 INFO  - Colour Field present is displayed - Pass
19-03-2018 20:14 INFO  - Size field is displayed - Pass
19-03-2018 20:14 INFO  - scrolled to Add To Bag - Pass
19-03-2018 20:14 INFO  - PDP overlay is displayed - Pass
19-03-2018 20:14 INFO  - Wait Bag Qty is displayed - Pass
19-03-2018 20:14 INFO  - scrolled to Scroll Bag Qty - Pass
19-03-2018 20:14 INFO  - Add To Bag Clicked is clicked - Pass
19-03-2018 20:14 INFO  - PDP Page wait is displayed - Pass
19-03-2018 20:14 INFO  - PDP Page wait is displayed - Pass
19-03-2018 20:14 INFO  - scrolled to Scrolling - Pass
19-03-2018 20:14 INFO  - Colour Field present is displayed - Pass
19-03-2018 20:14 INFO  - Size field is displayed - Pass
19-03-2018 20:14 INFO  - scrolled to Add To Bag - Pass
19-03-2018 20:14 INFO  - scrolled to Scrolling - Pass
19-03-2018 20:14 INFO  - Colour Field present is displayed - Pass
19-03-2018 20:14 INFO  - Success Overlay is displayed - Pass
19-03-2018 20:14 INFO  - Size field is displayed - Pass
19-03-2018 20:14 INFO  - Success Overlay is displayed - Pass
19-03-2018 20:14 INFO  - Size field is displayed - Pass
19-03-2018 20:14 INFO  - scrolled to Scrolling - Pass
19-03-2018 20:14 INFO  - Colour Field present is displayed - Pass
19-03-2018 20:14 INFO  - scrolled to Add To Bag - Pass
19-03-2018 20:14 INFO  - Size field is displayed - Pass
19-03-2018 20:14 INFO  - Add To Bag Clicked is clicked - Pass
19-03-2018 20:14 INFO  - Add To Bag Clicked is clicked - Pass
19-03-2018 20:14 INFO  - scrolled to Add To Bag - Pass
19-03-2018 20:14 INFO  - Add To Bag Clicked is clicked - Pass
19-03-2018 20:14 INFO  - scrolled to Add To Bag - Pass
19-03-2018 20:14 INFO  - Add To Bag Clicked is clicked - Pass
19-03-2018 20:14 INFO  - Success Overlay is displayed - Pass
19-03-2018 20:14 INFO  - Success Overlay is displayed - Pass
19-03-2018 20:14 INFO  - scrolled to Scrolling - Pass
19-03-2018 20:14 INFO  - Colour Field present is displayed - Pass
19-03-2018 20:14 INFO  - Success Overlay is displayed - Pass
19-03-2018 20:14 INFO  - Success Overlay is displayed - Pass
19-03-2018 20:14 INFO  - Size field is displayed - Pass
19-03-2018 20:14 INFO  - Success Overlay is displayed - Pass
19-03-2018 20:14 INFO  - Success Overlay is displayed - Pass
19-03-2018 20:14 INFO  - scrolled to Add To Bag - Pass
19-03-2018 20:14 INFO  - Add To Bag Clicked is clicked - Pass
19-03-2018 20:14 INFO  - Success Overlay is displayed - Pass
19-03-2018 20:14 INFO  - Success Overlay is displayed - Pass
19-03-2018 20:14 INFO  - Success Overlay is displayed - Pass
19-03-2018 20:14 INFO  - Success Overlay is displayed - Pass
19-03-2018 20:15 INFO  - Checkout Clicked is clicked - Pass
19-03-2018 20:15 INFO  - Wait is displayed - Pass
19-03-2018 20:15 INFO  - Remove Button is clicked - Pass
19-03-2018 20:15 INFO  - Remove Confirmation Button is displayed - Pass
19-03-2018 20:15 INFO  - Remove Confirmation Button is displayed - Pass
19-03-2018 20:15 INFO  - Checkout Clicked is clicked - Pass
19-03-2018 20:15 INFO  - Cart Opened is displayed - Pass
19-03-2018 20:15 INFO  - Checkout Clicked is clicked - Pass
19-03-2018 20:15 INFO  - Product Added to Cart is displayed - Pass
19-03-2018 20:15 INFO  - IS Cart page products is displayed is displayed - Pass
19-03-2018 20:15 INFO  - Is Cart page Displayed is displayed - Pass
19-03-2018 20:15 INFO  - Product Description is displayed - Pass
19-03-2018 20:15 INFO  - Is product price Displayed is displayed - Pass
19-03-2018 20:15 INFO  - Product Inventory Status is displayed - Pass
19-03-2018 20:15 INFO  - Product SKUID is displayed - Pass
19-03-2018 20:15 INFO  - Is Item total price is displayed is displayed - Pass
19-03-2018 20:15 INFO  - Product Edit is displayed - Pass
19-03-2018 20:15 INFO  - Product Remove is displayed - Pass
19-03-2018 20:15 INFO  - Is product QTY Displayed is displayed - Pass
19-03-2018 20:15 INFO  - Checkout Clicked is clicked - Pass
19-03-2018 20:15 INFO  - Product Save Later is displayed - Pass
19-03-2018 20:15 INFO  - Product Size is displayed - Pass
19-03-2018 20:15 INFO  - Increment Product QTY to 2 is entered in the field - Pass
19-03-2018 20:15 INFO  - Product Description is displayed - Pass
19-03-2018 20:15 INFO  - Product Colour is displayed - Pass
19-03-2018 20:15 INFO  - Product Inventory Status is displayed - Pass
19-03-2018 20:15 INFO  - Product Clearance Price is displayed - Pass
19-03-2018 20:15 INFO  - Product SKUID is displayed - Pass
19-03-2018 20:15 INFO  - Product Sale Price is displayed - Pass
19-03-2018 20:15 INFO  - Saveforlater is displayed - Pass
19-03-2018 20:15 INFO  - Product Edit is displayed - Pass
19-03-2018 20:15 INFO  - Product Remove is displayed - Pass
19-03-2018 20:15 INFO  - Saveforlater clicked is clicked - Pass
19-03-2018 20:15 INFO  - Product Save Later is displayed - Pass
19-03-2018 20:15 INFO  - Product Size is displayed - Pass
19-03-2018 20:15 INFO  - Product Colour is displayed - Pass
19-03-2018 20:15 INFO  - Product Clearance Price is displayed - Pass
19-03-2018 20:15 INFO  - Product Sale Price is displayed - Pass
19-03-2018 20:15 INFO  - Checkout Clicked is clicked - Pass
19-03-2018 20:15 INFO  - Wait is displayed - Pass
19-03-2018 20:15 INFO  - Edit Button is clicked - Pass
19-03-2018 20:15 INFO  - Checkout Clicked is clicked - Pass
19-03-2018 20:15 INFO  - Wait is displayed - Pass
19-03-2018 20:15 INFO  - Remove Button is clicked - Pass
19-03-2018 20:15 INFO  - PDP Edit overlay is displayed - Pass
19-03-2018 20:15 INFO  - Remove Confirmation Button is displayed - Pass
19-03-2018 20:15 INFO  - Remove Confirmation Button is displayed - Pass
19-03-2018 20:15 INFO  - Product Removed is clicked - Pass
19-03-2018 20:15 INFO  - Product Removed is displayed - Pass
19-03-2018 20:15 INFO  - http://m.lordandtaylor.com/ is opened - Pass
19-03-2018 20:15 INFO  - Click Search is clicked - Pass
19-03-2018 20:15 INFO  - Shirts is entered in Search - Pass
19-03-2018 20:15 INFO  - http://m.lordandtaylor.com/ is opened - Pass
19-03-2018 20:15 INFO  - Click Search is clicked - Pass
19-03-2018 20:15 INFO  - Shoes is entered in Search - Pass
19-03-2018 20:15 INFO  - search/PLP page is displayed - Pass
19-03-2018 20:15 INFO  - Search Count is displayed - Pass
19-03-2018 20:15 ERROR - TimeoutException
org.openqa.selenium.TimeoutException: Expected condition failed: waiting for visibility of element located by By.id: pdpAddtoBagBtn (tried for 20 second(s) with 500 MILLISECONDS interval)
	at org.openqa.selenium.support.ui.WebDriverWait.timeoutException(WebDriverWait.java:82)
	at org.openqa.selenium.support.ui.FluentWait.until(FluentWait.java:231)
	at com.skava.framework.action.SeleniumActionEngine.explicitWaitforVisibility(SeleniumActionEngine.java:183)
	at com.skava.framework.action.SeleniumActionEngine.isElementDisplayed(SeleniumActionEngine.java:201)
	at com.skava.reusable.components.CartComponents.cartQtyIncrement(CartComponents.java:337)
	at com.skava.testcases.LT_766_Cart_PriceCheck.LT_766_Cart_Price_Check(LT_766_Cart_PriceCheck.java:38)
	at sun.reflect.NativeMethodAccessorImpl.invoke0(Native Method)
	at sun.reflect.NativeMethodAccessorImpl.invoke(Unknown Source)
	at sun.reflect.DelegatingMethodAccessorImpl.invoke(Unknown Source)
	at java.lang.reflect.Method.invoke(Unknown Source)
	at org.testng.internal.MethodInvocationHelper.invokeMethod(MethodInvocationHelper.java:108)
	at org.testng.internal.Invoker.invokeMethod(Invoker.java:669)
	at org.testng.internal.Invoker.invokeTestMethod(Invoker.java:877)
	at org.testng.internal.Invoker.invokeTestMethods(Invoker.java:1201)
	at org.testng.internal.TestMethodWorker.invokeTestMethods(TestMethodWorker.java:125)
	at org.testng.internal.TestMethodWorker.run(TestMethodWorker.java:109)
	at java.util.concurrent.ThreadPoolExecutor.runWorker(Unknown Source)
	at java.util.concurrent.ThreadPoolExecutor$Worker.run(Unknown Source)
	at java.lang.Thread.run(Unknown Source)
Caused by: org.openqa.selenium.NoSuchElementException: Cannot locate an element using By.id: pdpAddtoBagBtn
For documentation on this error, please visit: http://seleniumhq.org/exceptions/no_such_element.html
Build info: version: '3.2.0', revision: '8c03df6b79', time: '2017-02-23 10:51:31 +0000'
System info: host: 'DESKTOP-AQOISD1', ip: '192.168.234.84', os.name: 'Windows 10', os.arch: 'amd64', os.version: '10.0', java.version: '1.8.0_112'
Driver info: driver.version: unknown
	at org.openqa.selenium.support.ui.ExpectedConditions.lambda$findElement$0(ExpectedConditions.java:882)
	at java.util.Optional.orElseThrow(Unknown Source)
	at org.openqa.selenium.support.ui.ExpectedConditions.findElement(ExpectedConditions.java:881)
	at org.openqa.selenium.support.ui.ExpectedConditions.access$000(ExpectedConditions.java:43)
	at org.openqa.selenium.support.ui.ExpectedConditions$7.apply(ExpectedConditions.java:205)
	at org.openqa.selenium.support.ui.ExpectedConditions$7.apply(ExpectedConditions.java:201)
	at org.openqa.selenium.support.ui.FluentWait.until(FluentWait.java:208)
	... 17 more
19-03-2018 20:15 ERROR - Wait is not present - failed
19-03-2018 20:15 INFO  - Cart loading overview is displayed - Pass
19-03-2018 20:15 INFO  - Is Item total price is displayed is displayed - Pass
19-03-2018 20:15 INFO  - Discount for product is displayed - Pass
19-03-2018 20:15 INFO  - Is Item total price is displayed is displayed - Pass
19-03-2018 20:15 INFO  - Is product QTY Displayed is displayed - Pass
19-03-2018 20:15 INFO  - Decrement Product QTY to 1 is entered in the field - Pass
19-03-2018 20:15 INFO  - http://m.lordandtaylor.com/ is opened - Pass
19-03-2018 20:15 INFO  - Click Search is clicked - Pass
19-03-2018 20:15 INFO  - Shirts is entered in Search - Pass
19-03-2018 20:15 INFO  - http://m.lordandtaylor.com/ is opened - Pass
19-03-2018 20:15 INFO  - Click Search is clicked - Pass
19-03-2018 20:15 INFO  - PDP Page wait is displayed - Pass
19-03-2018 20:15 INFO  - shirts is entered in Search - Pass
19-03-2018 20:15 INFO  - search/PLP page is displayed - Pass
19-03-2018 20:15 INFO  - Search Count is displayed - Pass
19-03-2018 20:15 INFO  - scrolled to Scrolling - Pass
19-03-2018 20:15 INFO  - Colour Field present is displayed - Pass
19-03-2018 20:15 INFO  - http://m.lordandtaylor.com/ is opened - Pass
19-03-2018 20:15 INFO  - Click Search is clicked - Pass
19-03-2018 20:15 INFO  - search/PLP page is displayed - Pass
19-03-2018 20:15 INFO  - Search Count is displayed - Pass
19-03-2018 20:15 INFO  - Shoes is entered in Search - Pass
19-03-2018 20:15 INFO  - http://m.lordandtaylor.com/ is opened - Pass
19-03-2018 20:15 INFO  - Click Search is clicked - Pass
19-03-2018 20:15 INFO  - Shirts is entered in Search - Pass
19-03-2018 20:15 INFO  - search/PLP page is displayed - Pass
19-03-2018 20:15 INFO  - Search Count is displayed - Pass
19-03-2018 20:15 INFO  - Size field is displayed - Pass
19-03-2018 20:15 INFO  - PDP Page wait is displayed - Pass
19-03-2018 20:15 INFO  - scrolled to Add To Bag - Pass
19-03-2018 20:15 INFO  - Add To Bag Clicked is clicked - Pass
19-03-2018 20:15 INFO  - PDP Page wait is displayed - Pass
19-03-2018 20:15 INFO  - Success Overlay is displayed - Pass
19-03-2018 20:15 INFO  - Success Overlay is displayed - Pass
19-03-2018 20:15 INFO  - scrolled to Scrolling - Pass
19-03-2018 20:15 INFO  - search/PLP page is displayed - Pass
19-03-2018 20:15 INFO  - Search Count is displayed - Pass
19-03-2018 20:15 INFO  - scrolled to Scrolling - Pass
19-03-2018 20:15 ERROR - TimeoutException
org.openqa.selenium.TimeoutException: Expected condition failed: waiting for visibility of element located by By.id: pdpAddtoBagBtn (tried for 20 second(s) with 500 MILLISECONDS interval)
	at org.openqa.selenium.support.ui.WebDriverWait.timeoutException(WebDriverWait.java:82)
	at org.openqa.selenium.support.ui.FluentWait.until(FluentWait.java:231)
	at com.skava.framework.action.SeleniumActionEngine.explicitWaitforVisibility(SeleniumActionEngine.java:183)
	at com.skava.framework.action.SeleniumActionEngine.isElementDisplayed(SeleniumActionEngine.java:201)
	at com.skava.reusable.components.CartComponents.cartQtyDecrement(CartComponents.java:355)
	at com.skava.testcases.LT_766_Cart_PriceCheck.LT_766_Cart_Price_Check(LT_766_Cart_PriceCheck.java:42)
	at sun.reflect.NativeMethodAccessorImpl.invoke0(Native Method)
	at sun.reflect.NativeMethodAccessorImpl.invoke(Unknown Source)
	at sun.reflect.DelegatingMethodAccessorImpl.invoke(Unknown Source)
	at java.lang.reflect.Method.invoke(Unknown Source)
	at org.testng.internal.MethodInvocationHelper.invokeMethod(MethodInvocationHelper.java:108)
	at org.testng.internal.Invoker.invokeMethod(Invoker.java:669)
	at org.testng.internal.Invoker.invokeTestMethod(Invoker.java:877)
	at org.testng.internal.Invoker.invokeTestMethods(Invoker.java:1201)
	at org.testng.internal.TestMethodWorker.invokeTestMethods(TestMethodWorker.java:125)
	at org.testng.internal.TestMethodWorker.run(TestMethodWorker.java:109)
	at java.util.concurrent.ThreadPoolExecutor.runWorker(Unknown Source)
	at java.util.concurrent.ThreadPoolExecutor$Worker.run(Unknown Source)
	at java.lang.Thread.run(Unknown Source)
Caused by: org.openqa.selenium.NoSuchElementException: Cannot locate an element using By.id: pdpAddtoBagBtn
For documentation on this error, please visit: http://seleniumhq.org/exceptions/no_such_element.html
Build info: version: '3.2.0', revision: '8c03df6b79', time: '2017-02-23 10:51:31 +0000'
System info: host: 'DESKTOP-AQOISD1', ip: '192.168.234.84', os.name: 'Windows 10', os.arch: 'amd64', os.version: '10.0', java.version: '1.8.0_112'
Driver info: driver.version: unknown
	at org.openqa.selenium.support.ui.ExpectedConditions.lambda$findElement$0(ExpectedConditions.java:882)
	at java.util.Optional.orElseThrow(Unknown Source)
	at org.openqa.selenium.support.ui.ExpectedConditions.findElement(ExpectedConditions.java:881)
	at org.openqa.selenium.support.ui.ExpectedConditions.access$000(ExpectedConditions.java:43)
	at org.openqa.selenium.support.ui.ExpectedConditions$7.apply(ExpectedConditions.java:205)
	at org.openqa.selenium.support.ui.ExpectedConditions$7.apply(ExpectedConditions.java:201)
	at org.openqa.selenium.support.ui.FluentWait.until(FluentWait.java:208)
	... 17 more
19-03-2018 20:15 ERROR - Wait is not present - failed
19-03-2018 20:15 INFO  - Colour Field present is displayed - Pass
19-03-2018 20:15 INFO  - Cart loading overview is displayed - Pass
19-03-2018 20:15 INFO  - Is Item total price is displayed is displayed - Pass
19-03-2018 20:15 INFO  - Size field is displayed - Pass
19-03-2018 20:15 INFO  - search/PLP page is displayed - Pass
19-03-2018 20:15 INFO  - Discount for product is displayed - Pass
19-03-2018 20:15 INFO  - Search Count is displayed - Pass
19-03-2018 20:15 INFO  - scrolled to Add To Bag - Pass
19-03-2018 20:15 INFO  - Add To Bag Clicked is clicked - Pass
19-03-2018 20:16 INFO  - Colour Field present is displayed - Pass
19-03-2018 20:16 INFO  - Size field is displayed - Pass
19-03-2018 20:16 INFO  - Success Overlay is displayed - Pass
19-03-2018 20:16 INFO  - Success Overlay is displayed - Pass
19-03-2018 20:16 INFO  - scrolled to Add To Bag - Pass
19-03-2018 20:16 INFO  - Add To Bag Clicked is clicked - Pass
19-03-2018 20:16 INFO  - PDP Page wait is displayed - Pass
19-03-2018 20:16 INFO  - scrolled to Scrolling - Pass
19-03-2018 20:16 INFO  - Colour Field present is displayed - Pass
19-03-2018 20:16 INFO  - Size field is displayed - Pass
19-03-2018 20:16 INFO  - Success Overlay is displayed - Pass
19-03-2018 20:16 INFO  - Success Overlay is displayed - Pass
19-03-2018 20:16 INFO  - scrolled to Add To Bag - Pass
19-03-2018 20:16 INFO  - PDP Page wait is displayed - Pass
19-03-2018 20:16 INFO  - Add To Bag Clicked is clicked - Pass
19-03-2018 20:16 INFO  - scrolled to Scrolling - Pass
19-03-2018 20:16 INFO  - Colour Field present is displayed - Pass
19-03-2018 20:16 INFO  - Size field is displayed - Pass
19-03-2018 20:16 INFO  - scrolled to Add To Bag - Pass
19-03-2018 20:16 INFO  - Add To Bag Clicked is clicked - Pass
19-03-2018 20:16 INFO  - Success Overlay is displayed - Pass
19-03-2018 20:16 INFO  - Success Overlay is displayed - Pass
19-03-2018 20:16 INFO  - Success Overlay is displayed - Pass
19-03-2018 20:16 INFO  - PDP Page wait is displayed - Pass
19-03-2018 20:16 INFO  - Success Overlay is displayed - Pass
19-03-2018 20:16 INFO  - Checkout Clicked is clicked - Pass
19-03-2018 20:16 INFO  - scrolled to Scrolling - Pass
19-03-2018 20:16 INFO  - Cart Opened is displayed - Pass
19-03-2018 20:16 INFO  - Colour Field present is displayed - Pass
19-03-2018 20:16 INFO  - Product Added to Cart is displayed - Pass
19-03-2018 20:16 INFO  - Wait is displayed - Pass
19-03-2018 20:16 INFO  - scrolled to scroll to checkout - Pass
19-03-2018 20:16 INFO  - Size field is displayed - Pass
19-03-2018 20:16 INFO  - Click Checkout is clicked - Pass
19-03-2018 20:16 INFO  - scrolled to Add To Bag - Pass
19-03-2018 20:16 INFO  - Add To Bag Clicked is clicked - Pass
19-03-2018 20:16 INFO  - Sign IN Page Navigated is displayed - Pass
19-03-2018 20:16 INFO  - Success Overlay is displayed - Pass
19-03-2018 20:16 INFO  - Success Overlay is displayed - Pass
19-03-2018 20:16 INFO  - Checkout Clicked is clicked - Pass
19-03-2018 20:16 INFO  - Cart Opened is displayed - Pass
19-03-2018 20:16 INFO  - Product Added to Cart is displayed - Pass
19-03-2018 20:16 INFO  - Wait is displayed - Pass
19-03-2018 20:16 INFO  - Click PayPal is clicked - Pass
19-03-2018 20:16 INFO  - Checkout Clicked is clicked - Pass
19-03-2018 20:16 INFO  - Cart Opened is displayed - Pass
19-03-2018 20:16 INFO  - Product Added to Cart is displayed - Pass
19-03-2018 20:16 INFO  - scrolled to Scrolling - Pass
19-03-2018 20:16 INFO  - Estimated Shipping is displayed - Pass
19-03-2018 20:16 INFO  - Shipping Method is displayed - Pass
19-03-2018 20:16 INFO  - Zip Code is displayed - Pass
19-03-2018 20:16 INFO  - Item Total is displayed - Pass
19-03-2018 20:16 INFO  - Estimated Shipping is displayed - Pass
19-03-2018 20:16 INFO  - Estimated Tax is displayed - Pass
19-03-2018 20:16 INFO  - Estimated Total is displayed - Pass
19-03-2018 20:16 INFO  - Checkout Clicked is clicked - Pass
19-03-2018 20:16 INFO  - Cart Opened is displayed - Pass
19-03-2018 20:16 INFO  - Product Added to Cart is displayed - Pass
19-03-2018 20:16 INFO  - Wait is displayed - Pass
19-03-2018 20:16 INFO  - scrolled to scroll to checkout - Pass
19-03-2018 20:16 INFO  - Checkout Clicked is clicked - Pass
19-03-2018 20:16 INFO  - Click Checkout is clicked - Pass
19-03-2018 20:16 INFO  - Cart Opened is displayed - Pass
19-03-2018 20:16 INFO  - Product Added to Cart is displayed - Pass
19-03-2018 20:16 INFO  - Wait is displayed - Pass
19-03-2018 20:16 INFO  - scrolled to scroll to checkout - Pass
19-03-2018 20:16 INFO  - Click Checkout is clicked - Pass
19-03-2018 20:16 INFO  - Guest Checkout is displayed - Pass
19-03-2018 20:16 INFO  - User Sign IN is displayed - Pass
19-03-2018 20:16 INFO  - Guest Checkout is displayed - Pass
19-03-2018 20:16 INFO  - User Sign IN is displayed - Pass
19-03-2018 20:16 INFO  - PayPal Page Navigated is displayed - Pass
19-03-2018 20:16 INFO  - Checkout Clicked is clicked - Pass
19-03-2018 20:16 INFO  - Cart Opened is displayed - Pass
19-03-2018 20:16 INFO  - Product Added to Cart is displayed - Pass
19-03-2018 20:16 INFO  - Wait is displayed - Pass
19-03-2018 20:16 INFO  - scrolled to scroll to checkout - Pass
19-03-2018 20:16 INFO  - Click Checkout is clicked - Pass
19-03-2018 20:16 INFO  - Guest Checkout is displayed - Pass
19-03-2018 20:16 INFO  - scrolled to Guest Checkout - Pass
19-03-2018 20:16 INFO  - Guest Checkout is clicked - Pass
19-03-2018 20:16 INFO  - http://m.lordandtaylor.com/ is opened - Pass
19-03-2018 20:16 INFO  - Wait to get site Loaded is displayed - Pass
19-03-2018 20:16 INFO  - Click Menu is clicked - Pass
19-03-2018 20:16 INFO  - Guest Checkout is displayed - Pass
19-03-2018 20:16 INFO  - http://m.lordandtaylor.com/ is opened - Pass
19-03-2018 20:16 INFO  - Click Search is clicked - Pass
19-03-2018 20:16 INFO  - Shirts is entered in Search - Pass
19-03-2018 20:16 INFO  - http://m.lordandtaylor.com/ is opened - Pass
19-03-2018 20:16 INFO  - Click Search is clicked - Pass
19-03-2018 20:16 INFO  - shoes is entered in Search - Pass
19-03-2018 20:17 INFO  - http://m.lordandtaylor.com/ is opened - Pass
19-03-2018 20:17 INFO  - Click Search is clicked - Pass
19-03-2018 20:17 INFO  - dress is entered in Search - Pass
19-03-2018 20:17 INFO  - http://m.lordandtaylor.com/ is opened - Pass
19-03-2018 20:17 INFO  - Enetered Login is clicked - Pass
19-03-2018 20:17 INFO  - search/PLP page is displayed - Pass
19-03-2018 20:17 INFO  - Click Search is clicked - Pass
19-03-2018 20:17 INFO  - Search Count is displayed - Pass
19-03-2018 20:17 INFO  - Email is entered in the field - Pass
19-03-2018 20:17 INFO  - Spider@123 is entered in Password - Pass
19-03-2018 20:17 INFO  - pants is entered in Search - Pass
19-03-2018 20:17 INFO  - http://m.lordandtaylor.com/ is opened - Pass
19-03-2018 20:17 INFO  - Click Search is clicked - Pass
19-03-2018 20:17 INFO  - My Account page displayed is displayed - Pass
19-03-2018 20:17 INFO  - search/PLP page is displayed - Pass
19-03-2018 20:17 INFO  - Search Count is displayed - Pass
19-03-2018 20:17 INFO  - denims is entered in Search - Pass
19-03-2018 20:17 INFO  - search/PLP page is displayed - Pass
19-03-2018 20:17 INFO  - Search Count is displayed - Pass
19-03-2018 20:17 INFO  - PDP Page wait is displayed - Pass
19-03-2018 20:17 INFO  - search/PLP page is displayed - Pass
19-03-2018 20:17 INFO  - Search Count is displayed - Pass
19-03-2018 20:17 INFO  - PDP Page wait is displayed - Pass
19-03-2018 20:17 INFO  - scrolled to Scrolling - Pass
19-03-2018 20:17 INFO  - Colour Field present is displayed - Pass
19-03-2018 20:17 INFO  - Size field is displayed - Pass
19-03-2018 20:17 INFO  - scrolled to Add To Bag - Pass
19-03-2018 20:17 INFO  - http://m.lordandtaylor.com/ is opened - Pass
19-03-2018 20:17 INFO  - Add To Bag Clicked is clicked - Pass
19-03-2018 20:17 INFO  - Click Search is clicked - Pass
19-03-2018 20:17 INFO  - search/PLP page is displayed - Pass
19-03-2018 20:17 INFO  - Search Count is displayed - Pass
19-03-2018 20:17 INFO  - shirts is entered in Search - Pass
19-03-2018 20:17 INFO  - PDP Page wait is displayed - Pass
19-03-2018 20:17 INFO  - scrolled to Scrolling - Pass
19-03-2018 20:17 INFO  - Colour Field present is displayed - Pass
19-03-2018 20:17 INFO  - Size field is displayed - Pass
19-03-2018 20:17 INFO  - PDP overlay is displayed - Pass
19-03-2018 20:17 INFO  - Success Overlay is displayed - Pass
19-03-2018 20:17 INFO  - Success Overlay is displayed - Pass
19-03-2018 20:17 INFO  - PDP Page wait is displayed - Pass
19-03-2018 20:17 INFO  - scrolled to Scrolling - Pass
19-03-2018 20:17 INFO  - Colour Field present is displayed - Pass
19-03-2018 20:17 INFO  - Size field is displayed - Pass
19-03-2018 20:17 INFO  - scrolled to Scrolling - Pass
19-03-2018 20:17 INFO  - Colour Field present is displayed - Pass
19-03-2018 20:17 INFO  - Click Cart is clicked - Pass
19-03-2018 20:17 INFO  - Cart Opened is displayed - Pass
19-03-2018 20:17 INFO  - Size field is displayed - Pass
19-03-2018 20:17 INFO  - search/PLP page is displayed - Pass
19-03-2018 20:17 INFO  - Product Added to Cart is displayed - Pass
19-03-2018 20:17 INFO  - Search Count is displayed - Pass
19-03-2018 20:17 INFO  - scrolled to BackToUSShipping - Pass
19-03-2018 20:17 INFO  - scrolled to Add To Bag - Pass
19-03-2018 20:17 INFO  - Add To Bag Clicked is clicked - Pass
19-03-2018 20:17 INFO  - scrolled to Add To Bag - Pass
19-03-2018 20:17 INFO  - Add To Bag Clicked is clicked - Pass
19-03-2018 20:17 INFO  - PDP Page wait is displayed - Pass
19-03-2018 20:17 INFO  - PDP overlay is displayed - Pass
19-03-2018 20:17 INFO  - PDP overlay is displayed - Pass
19-03-2018 20:17 INFO  - Success Overlay is displayed - Pass
19-03-2018 20:17 INFO  - Success Overlay is displayed - Pass
19-03-2018 20:17 INFO  - Success Overlay is displayed - Pass
19-03-2018 20:17 INFO  - Success Overlay is displayed - Pass
19-03-2018 20:17 INFO  - scrolled to Scrolling - Pass
19-03-2018 20:17 INFO  - Colour Field present is displayed - Pass
19-03-2018 20:17 INFO  - Size field is displayed - Pass
19-03-2018 20:17 INFO  - scrolled to Add To Bag - Pass
19-03-2018 20:17 INFO  - Add To Bag Clicked is clicked - Pass
19-03-2018 20:17 INFO  - scrolled to Add To Bag - Pass
19-03-2018 20:17 INFO  - Add To Bag Clicked is clicked - Pass
19-03-2018 20:17 INFO  - PDP overlay is displayed - Pass
19-03-2018 20:17 INFO  - Success Overlay is displayed - Pass
19-03-2018 20:17 INFO  - Success Overlay is displayed - Pass
19-03-2018 20:17 INFO  - PDP overlay is displayed - Pass
19-03-2018 20:17 INFO  - Success Overlay is displayed - Pass
19-03-2018 20:17 INFO  - Success Overlay is displayed - Pass
19-03-2018 20:17 INFO  - PDP Page wait is displayed - Pass
19-03-2018 20:17 INFO  - BackToUSShipping is clicked - Pass
19-03-2018 20:17 INFO  - Wait is displayed - Pass
19-03-2018 20:17 INFO  - scrolled to scroll to checkout - Pass
19-03-2018 20:17 INFO  - scrolled to Scrolling - Pass
19-03-2018 20:17 INFO  - Colour Field present is displayed - Pass
19-03-2018 20:17 INFO  - Size field is displayed - Pass
19-03-2018 20:17 INFO  - Checkout Clicked is clicked - Pass
19-03-2018 20:17 INFO  - IS Cart page products is displayed is displayed - Pass
19-03-2018 20:17 INFO  - scrolled to Add To Bag - Pass
19-03-2018 20:17 INFO  - Is Cart page Displayed is displayed - Pass
19-03-2018 20:17 INFO  - Add To Bag Clicked is clicked - Pass
19-03-2018 20:17 INFO  - scrolled to BackToUSShipping - Pass
19-03-2018 20:17 INFO  - Checkout Clicked is clicked - Pass
19-03-2018 20:17 INFO  - Checkout Clicked is clicked - Pass
19-03-2018 20:17 INFO  - IS Cart page products is displayed is displayed - Pass
19-03-2018 20:17 INFO  - IS Cart page products is displayed is displayed - Pass
19-03-2018 20:17 INFO  - Is Cart page Displayed is displayed - Pass
19-03-2018 20:17 INFO  - Is Cart page Displayed is displayed - Pass
19-03-2018 20:17 INFO  - Wait is displayed - Pass
19-03-2018 20:17 INFO  - PDP overlay is displayed - Pass
19-03-2018 20:17 INFO  - scrolled to scroll to checkout - Pass
19-03-2018 20:17 INFO  - Wait is displayed - Pass
19-03-2018 20:17 INFO  - Checkout Clicked is clicked - Pass
19-03-2018 20:17 INFO  - Click Checkout is clicked - Pass
19-03-2018 20:17 INFO  - scrolled to scroll to checkout - Pass
19-03-2018 20:17 INFO  - IS Cart page products is displayed is displayed - Pass
19-03-2018 20:17 INFO  - Click Checkout is clicked - Pass
19-03-2018 20:17 INFO  - Checkout Clicked is clicked - Pass
19-03-2018 20:17 INFO  - Is Cart page Displayed is displayed - Pass
19-03-2018 20:17 INFO  - Success Overlay is displayed - Pass
19-03-2018 20:17 INFO  - Guest Checkout is displayed - Pass
19-03-2018 20:17 INFO  - IS Cart page products is displayed is displayed - Pass
19-03-2018 20:17 INFO  - Success Overlay is displayed - Pass
19-03-2018 20:18 INFO  - Wait is displayed - Pass
19-03-2018 20:18 INFO  - Guest Checkout is displayed - Pass
19-03-2018 20:18 INFO  - scrolled to Guest Checkout - Pass
19-03-2018 20:18 INFO  - Is Cart page Displayed is displayed - Pass
19-03-2018 20:18 INFO  - scrolled to Guest Checkout - Pass
19-03-2018 20:18 INFO  - scrolled to scroll to checkout - Pass
19-03-2018 20:18 INFO  - Wait is displayed - Pass
19-03-2018 20:18 INFO  - Click Checkout is clicked - Pass
19-03-2018 20:18 INFO  - Guest Checkout is clicked - Pass
19-03-2018 20:18 INFO  - scrolled to scroll to checkout - Pass
19-03-2018 20:18 INFO  - Guest Checkout is clicked - Pass
19-03-2018 20:18 INFO  - Click Checkout is clicked - Pass
19-03-2018 20:18 INFO  - Guest Checkout is displayed - Pass
19-03-2018 20:18 INFO  - scrolled to Guest Checkout - Pass
19-03-2018 20:18 INFO  - Guest Checkout is clicked - Pass
19-03-2018 20:18 INFO  - Guest Checkout is displayed - Pass
19-03-2018 20:18 INFO  - scrolled to Guest Checkout - Pass
19-03-2018 20:18 INFO  - Guest Checkout is clicked - Pass
19-03-2018 20:18 INFO  - Click Checkout is clicked - Pass
19-03-2018 20:18 INFO  - Review Order Page is displayed - Pass
19-03-2018 20:18 INFO  - Billing Addrs field in Review Order Page is displayed - Pass
19-03-2018 20:18 INFO  - Payment field in Review Order Page is displayed - Pass
19-03-2018 20:18 INFO  - scrolled to Scrolling - Pass
19-03-2018 20:18 INFO  - Shipping Addrs field in Review Order Page is displayed - Pass
19-03-2018 20:18 INFO  - Order Summary field in Review Order Page is displayed - Pass
19-03-2018 20:18 INFO  - Place Order is displayed - Pass
19-03-2018 20:18 INFO  - BackToUSShipping is clicked - Pass
19-03-2018 20:18 INFO  - Wait is displayed - Pass
19-03-2018 20:18 INFO  - scrolled to scroll to checkout - Pass
19-03-2018 20:18 INFO  - Click Checkout is clicked - Pass
19-03-2018 20:18 INFO  - Guest Checkout is displayed - Pass
19-03-2018 20:18 INFO  - scrolled to Guest Checkout - Pass
19-03-2018 20:18 ERROR - WebDriverException
org.openqa.selenium.WebDriverException: unknown error: Element <button type="submit" id="jsCheckoutRemediationGuestCheckout" class="sfa-button large transactional">...</button> is not clickable at point (183, 593). Other element would receive the click: <div class="sr_td" id="sr_overlay_content"></div>
  (Session info: chrome=64.0.3282.186)
  (Driver info: chromedriver=2.33.506120 (e3e53437346286c0bc2d2dc9aa4915ba81d9023f),platform=Windows NT 10.0.16299 x86_64) (WARNING: The server did not provide any stacktrace information)
Command duration or timeout: 53 milliseconds
Build info: version: '3.2.0', revision: '8c03df6b79', time: '2017-02-23 10:51:31 +0000'
System info: host: 'DESKTOP-AQOISD1', ip: '192.168.234.84', os.name: 'Windows 10', os.arch: 'amd64', os.version: '10.0', java.version: '1.8.0_112'
Driver info: org.openqa.selenium.chrome.ChromeDriver
Capabilities [{applicationCacheEnabled=false, rotatable=false, mobileEmulationEnabled=false, networkConnectionEnabled=false, chrome={chromedriverVersion=2.33.506120 (e3e53437346286c0bc2d2dc9aa4915ba81d9023f), userDataDir=C:\Users\arunraj.n\AppData\Local\Temp\scoped_dir22516_11846}, takesHeapSnapshot=true, pageLoadStrategy=normal, databaseEnabled=false, handlesAlerts=true, hasTouchScreen=false, version=64.0.3282.186, platform=XP, browserConnectionEnabled=false, nativeEvents=true, acceptSslCerts=true, locationContextEnabled=true, webStorageEnabled=true, browserName=chrome, takesScreenshot=true, javascriptEnabled=true, cssSelectorsEnabled=true, setWindowRect=true, unexpectedAlertBehaviour=}]
Session ID: 27fea91855213c015d629dddca4208a4
	at sun.reflect.NativeConstructorAccessorImpl.newInstance0(Native Method)
	at sun.reflect.NativeConstructorAccessorImpl.newInstance(Unknown Source)
	at sun.reflect.DelegatingConstructorAccessorImpl.newInstance(Unknown Source)
	at java.lang.reflect.Constructor.newInstance(Unknown Source)
	at org.openqa.selenium.remote.ErrorHandler.createThrowable(ErrorHandler.java:216)
	at org.openqa.selenium.remote.ErrorHandler.throwIfResponseFailed(ErrorHandler.java:168)
	at org.openqa.selenium.remote.RemoteWebDriver.execute(RemoteWebDriver.java:638)
	at org.openqa.selenium.remote.RemoteWebElement.execute(RemoteWebElement.java:274)
	at org.openqa.selenium.remote.RemoteWebElement.click(RemoteWebElement.java:84)
	at com.skava.framework.action.SeleniumActionEngine.clickElement(SeleniumActionEngine.java:103)
	at com.skava.reusable.components.CheckoutComponents.clickGuestCheckout(CheckoutComponents.java:17)
	at com.skava.testcases.LT_1235_GuestCheckout_Payment_FiledCheck.LT_1235_GuestCheckout_Payment_FiledCheck(LT_1235_GuestCheckout_Payment_FiledCheck.java:36)
	at sun.reflect.NativeMethodAccessorImpl.invoke0(Native Method)
	at sun.reflect.NativeMethodAccessorImpl.invoke(Unknown Source)
	at sun.reflect.DelegatingMethodAccessorImpl.invoke(Unknown Source)
	at java.lang.reflect.Method.invoke(Unknown Source)
	at org.testng.internal.MethodInvocationHelper.invokeMethod(MethodInvocationHelper.java:108)
	at org.testng.internal.Invoker.invokeMethod(Invoker.java:669)
	at org.testng.internal.Invoker.invokeTestMethod(Invoker.java:877)
	at org.testng.internal.Invoker.invokeTestMethods(Invoker.java:1201)
	at org.testng.internal.TestMethodWorker.invokeTestMethods(TestMethodWorker.java:125)
	at org.testng.internal.TestMethodWorker.run(TestMethodWorker.java:109)
	at java.util.concurrent.ThreadPoolExecutor.runWorker(Unknown Source)
	at java.util.concurrent.ThreadPoolExecutor$Worker.run(Unknown Source)
	at java.lang.Thread.run(Unknown Source)
19-03-2018 20:18 ERROR - Guest Checkoutis not present - failed
19-03-2018 20:18 INFO  - Guest Checkout is displayed - Pass
19-03-2018 20:18 INFO  - Guest checkout shipping screen is displayed on tapping guest chekout button is displayed - Pass
19-03-2018 20:18 INFO  - FirstName is entered in the field - Pass
19-03-2018 20:18 INFO  - SecondName is entered in the field - Pass
19-03-2018 20:18 INFO  - Guest Checkout is displayed - Pass
19-03-2018 20:18 INFO  - Guest Checkout is displayed - Pass
19-03-2018 20:18 INFO  - Guest checkout shipping screen is displayed on tapping guest chekout button is displayed - Pass
19-03-2018 20:18 INFO  - Address 1 is entered in the field - Pass
19-03-2018 20:18 INFO  - Guest checkout shipping screen is displayed on tapping guest chekout button is displayed - Pass
19-03-2018 20:18 INFO  - Address 2 is entered in the field - Pass
19-03-2018 20:18 INFO  - FirstName is entered in the field - Pass
19-03-2018 20:18 INFO  - FirstName is entered in the field - Pass
19-03-2018 20:18 INFO  - City is entered in the field - Pass
19-03-2018 20:18 INFO  - SecondName is entered in the field - Pass
19-03-2018 20:18 INFO  - SecondName is entered in the field - Pass
19-03-2018 20:18 INFO  - scrolled to Scrolling - Pass
19-03-2018 20:18 INFO  - Address 1 is entered in the field - Pass
19-03-2018 20:18 INFO  - Address 1 is entered in the field - Pass
19-03-2018 20:18 INFO  - Postal Code is entered in the field - Pass
19-03-2018 20:18 INFO  - Address 2 is entered in the field - Pass
19-03-2018 20:18 INFO  - Address 2 is entered in the field - Pass
19-03-2018 20:18 INFO  - PhoneNumber is entered in the field - Pass
19-03-2018 20:18 INFO  - City is entered in the field - Pass
19-03-2018 20:18 INFO  - City is entered in the field - Pass
19-03-2018 20:18 INFO  - scrolled to Scrolling - Pass
19-03-2018 20:18 INFO  - scrolled to Scrolling - Pass
19-03-2018 20:18 INFO  - Mail Address is entered in the field - Pass
19-03-2018 20:18 INFO  - Is Continue Checkout Button displayed is displayed - Pass
19-03-2018 20:18 INFO  - scrolled to Scroll to Continue Checkout Button - Pass
19-03-2018 20:18 INFO  - Postal Code is entered in the field - Pass
19-03-2018 20:18 INFO  - Postal Code is entered in the field - Pass
19-03-2018 20:18 INFO  - Untick default billing option is clicked - Pass
19-03-2018 20:18 INFO  - Click Continue checkout button is clicked - Pass
19-03-2018 20:18 INFO  - PhoneNumber is entered in the field - Pass
19-03-2018 20:18 INFO  - PhoneNumber is entered in the field - Pass
19-03-2018 20:18 INFO  - Guest Checkout is displayed - Pass
19-03-2018 20:18 INFO  - Mail Address is entered in the field - Pass
19-03-2018 20:18 INFO  - Guest checkout shipping screen is displayed on tapping guest chekout button is displayed - Pass
19-03-2018 20:18 INFO  - Is Continue Checkout Button displayed is displayed - Pass
19-03-2018 20:18 INFO  - scrolled to Scroll to Continue Checkout Button - Pass
19-03-2018 20:18 INFO  - Mail Address is entered in the field - Pass
19-03-2018 20:18 INFO  - Is Continue Checkout Button displayed is displayed - Pass
19-03-2018 20:18 INFO  - scrolled to Scroll to Continue Checkout Button - Pass
19-03-2018 20:18 INFO  - Click Continue checkout button is clicked - Pass
19-03-2018 20:18 INFO  - Click Continue checkout button is clicked - Pass
19-03-2018 20:18 INFO  - Checkout Clicked is clicked - Pass
19-03-2018 20:18 INFO  - Address Verification is displayed - Pass
19-03-2018 20:18 INFO  - IS Cart page products is displayed is displayed - Pass
19-03-2018 20:18 INFO  - scrolled to Clicked use as entered in address verification overlay - Pass
19-03-2018 20:18 INFO  - Is Cart page Displayed is displayed - Pass
19-03-2018 20:18 INFO  - Wait is displayed - Pass
19-03-2018 20:18 INFO  - scrolled to scroll to checkout - Pass
19-03-2018 20:18 INFO  - Click Checkout is clicked - Pass
19-03-2018 20:18 INFO  - Guest Checkout is displayed - Pass
19-03-2018 20:18 INFO  - scrolled to Guest Checkout - Pass
19-03-2018 20:18 INFO  - Guest Checkout is clicked - Pass
19-03-2018 20:18 INFO  - Address Verification is displayed - Pass
19-03-2018 20:18 INFO  - scrolled to Clicked use as entered in address verification overlay - Pass
19-03-2018 20:18 INFO  - Address Verification is displayed - Pass
19-03-2018 20:18 INFO  - scrolled to Clicked use as entered in address verification overlay - Pass
19-03-2018 20:18 ERROR - TimeoutException
org.openqa.selenium.TimeoutException: Expected condition failed: waiting for visibility of element located by By.id: pdpAddtoBagBtn (tried for 10 second(s) with 500 MILLISECONDS interval)
	at org.openqa.selenium.support.ui.WebDriverWait.timeoutException(WebDriverWait.java:82)
	at org.openqa.selenium.support.ui.FluentWait.until(FluentWait.java:231)
	at com.skava.framework.action.SeleniumActionEngine.explicitWaitforVisibility(SeleniumActionEngine.java:183)
	at com.skava.framework.action.SeleniumActionEngine.isElementDisplayed(SeleniumActionEngine.java:201)
	at com.skava.reusable.components.CheckoutComponents.addressVerification(CheckoutComponents.java:115)
	at com.skava.testcases.LT_1083_Payment_Page_Guest_Validation.LT_1083_Payment_Page_Guest_Validation(LT_1083_Payment_Page_Guest_Validation.java:41)
	at sun.reflect.NativeMethodAccessorImpl.invoke0(Native Method)
	at sun.reflect.NativeMethodAccessorImpl.invoke(Unknown Source)
	at sun.reflect.DelegatingMethodAccessorImpl.invoke(Unknown Source)
	at java.lang.reflect.Method.invoke(Unknown Source)
	at org.testng.internal.MethodInvocationHelper.invokeMethod(MethodInvocationHelper.java:108)
	at org.testng.internal.Invoker.invokeMethod(Invoker.java:669)
	at org.testng.internal.Invoker.invokeTestMethod(Invoker.java:877)
	at org.testng.internal.Invoker.invokeTestMethods(Invoker.java:1201)
	at org.testng.internal.TestMethodWorker.invokeTestMethods(TestMethodWorker.java:125)
	at org.testng.internal.TestMethodWorker.run(TestMethodWorker.java:109)
	at java.util.concurrent.ThreadPoolExecutor.runWorker(Unknown Source)
	at java.util.concurrent.ThreadPoolExecutor$Worker.run(Unknown Source)
	at java.lang.Thread.run(Unknown Source)
Caused by: org.openqa.selenium.NoSuchElementException: Cannot locate an element using By.id: pdpAddtoBagBtn
For documentation on this error, please visit: http://seleniumhq.org/exceptions/no_such_element.html
Build info: version: '3.2.0', revision: '8c03df6b79', time: '2017-02-23 10:51:31 +0000'
System info: host: 'DESKTOP-AQOISD1', ip: '192.168.234.84', os.name: 'Windows 10', os.arch: 'amd64', os.version: '10.0', java.version: '1.8.0_112'
Driver info: driver.version: unknown
	at org.openqa.selenium.support.ui.ExpectedConditions.lambda$findElement$0(ExpectedConditions.java:882)
	at java.util.Optional.orElseThrow(Unknown Source)
	at org.openqa.selenium.support.ui.ExpectedConditions.findElement(ExpectedConditions.java:881)
	at org.openqa.selenium.support.ui.ExpectedConditions.access$000(ExpectedConditions.java:43)
	at org.openqa.selenium.support.ui.ExpectedConditions$7.apply(ExpectedConditions.java:205)
	at org.openqa.selenium.support.ui.ExpectedConditions$7.apply(ExpectedConditions.java:201)
	at org.openqa.selenium.support.ui.FluentWait.until(FluentWait.java:208)
	... 17 more
19-03-2018 20:18 ERROR - wait is not present - failed
19-03-2018 20:18 INFO  - Clicked OK is displayed - Pass
19-03-2018 20:18 INFO  - Clicked OK is clicked - Pass
19-03-2018 20:18 ERROR - TimeoutException
org.openqa.selenium.TimeoutException: Expected condition failed: waiting for visibility of element located by By.id: pdpAddtoBagBtn (tried for 10 second(s) with 500 MILLISECONDS interval)
	at org.openqa.selenium.support.ui.WebDriverWait.timeoutException(WebDriverWait.java:82)
	at org.openqa.selenium.support.ui.FluentWait.until(FluentWait.java:231)
	at com.skava.framework.action.SeleniumActionEngine.explicitWaitforVisibility(SeleniumActionEngine.java:183)
	at com.skava.framework.action.SeleniumActionEngine.isElementDisplayed(SeleniumActionEngine.java:201)
	at com.skava.reusable.components.CheckoutComponents.addressVerification(CheckoutComponents.java:115)
	at com.skava.testcases.LT_1176_Review_Order_PlaceOrder_Button_Validation.LT_1176_Review_Order_PlaceOrder_Button_Validation(LT_1176_Review_Order_PlaceOrder_Button_Validation.java:40)
	at sun.reflect.NativeMethodAccessorImpl.invoke0(Native Method)
	at sun.reflect.NativeMethodAccessorImpl.invoke(Unknown Source)
	at sun.reflect.DelegatingMethodAccessorImpl.invoke(Unknown Source)
	at java.lang.reflect.Method.invoke(Unknown Source)
	at org.testng.internal.MethodInvocationHelper.invokeMethod(MethodInvocationHelper.java:108)
	at org.testng.internal.Invoker.invokeMethod(Invoker.java:669)
	at org.testng.internal.Invoker.invokeTestMethod(Invoker.java:877)
	at org.testng.internal.Invoker.invokeTestMethods(Invoker.java:1201)
	at org.testng.internal.TestMethodWorker.invokeTestMethods(TestMethodWorker.java:125)
	at org.testng.internal.TestMethodWorker.run(TestMethodWorker.java:109)
	at java.util.concurrent.ThreadPoolExecutor.runWorker(Unknown Source)
	at java.util.concurrent.ThreadPoolExecutor$Worker.run(Unknown Source)
	at java.lang.Thread.run(Unknown Source)
Caused by: org.openqa.selenium.NoSuchElementException: Cannot locate an element using By.id: pdpAddtoBagBtn
For documentation on this error, please visit: http://seleniumhq.org/exceptions/no_such_element.html
Build info: version: '3.2.0', revision: '8c03df6b79', time: '2017-02-23 10:51:31 +0000'
System info: host: 'DESKTOP-AQOISD1', ip: '192.168.234.84', os.name: 'Windows 10', os.arch: 'amd64', os.version: '10.0', java.version: '1.8.0_112'
Driver info: driver.version: unknown
	at org.openqa.selenium.support.ui.ExpectedConditions.lambda$findElement$0(ExpectedConditions.java:882)
	at java.util.Optional.orElseThrow(Unknown Source)
	at org.openqa.selenium.support.ui.ExpectedConditions.findElement(ExpectedConditions.java:881)
	at org.openqa.selenium.support.ui.ExpectedConditions.access$000(ExpectedConditions.java:43)
	at org.openqa.selenium.support.ui.ExpectedConditions$7.apply(ExpectedConditions.java:205)
	at org.openqa.selenium.support.ui.ExpectedConditions$7.apply(ExpectedConditions.java:201)
	at org.openqa.selenium.support.ui.FluentWait.until(FluentWait.java:208)
	... 17 more
19-03-2018 20:18 ERROR - wait is not present - failed
19-03-2018 20:18 ERROR - TimeoutException
org.openqa.selenium.TimeoutException: Expected condition failed: waiting for visibility of element located by By.id: pdpAddtoBagBtn (tried for 10 second(s) with 500 MILLISECONDS interval)
	at org.openqa.selenium.support.ui.WebDriverWait.timeoutException(WebDriverWait.java:82)
	at org.openqa.selenium.support.ui.FluentWait.until(FluentWait.java:231)
	at com.skava.framework.action.SeleniumActionEngine.explicitWaitforVisibility(SeleniumActionEngine.java:183)
	at com.skava.framework.action.SeleniumActionEngine.isElementDisplayed(SeleniumActionEngine.java:201)
	at com.skava.reusable.components.CheckoutComponents.addressVerification(CheckoutComponents.java:115)
	at com.skava.testcases.LT_1081_GuestCheckout_AddShipping.LT_1081_GuestCheckout_Add_Shipping(LT_1081_GuestCheckout_AddShipping.java:39)
	at sun.reflect.NativeMethodAccessorImpl.invoke0(Native Method)
	at sun.reflect.NativeMethodAccessorImpl.invoke(Unknown Source)
	at sun.reflect.DelegatingMethodAccessorImpl.invoke(Unknown Source)
	at java.lang.reflect.Method.invoke(Unknown Source)
	at org.testng.internal.MethodInvocationHelper.invokeMethod(MethodInvocationHelper.java:108)
	at org.testng.internal.Invoker.invokeMethod(Invoker.java:669)
	at org.testng.internal.Invoker.invokeTestMethod(Invoker.java:877)
	at org.testng.internal.Invoker.invokeTestMethods(Invoker.java:1201)
	at org.testng.internal.TestMethodWorker.invokeTestMethods(TestMethodWorker.java:125)
	at org.testng.internal.TestMethodWorker.run(TestMethodWorker.java:109)
	at java.util.concurrent.ThreadPoolExecutor.runWorker(Unknown Source)
	at java.util.concurrent.ThreadPoolExecutor$Worker.run(Unknown Source)
	at java.lang.Thread.run(Unknown Source)
Caused by: org.openqa.selenium.NoSuchElementException: Cannot locate an element using By.id: pdpAddtoBagBtn
For documentation on this error, please visit: http://seleniumhq.org/exceptions/no_such_element.html
Build info: version: '3.2.0', revision: '8c03df6b79', time: '2017-02-23 10:51:31 +0000'
System info: host: 'DESKTOP-AQOISD1', ip: '192.168.234.84', os.name: 'Windows 10', os.arch: 'amd64', os.version: '10.0', java.version: '1.8.0_112'
Driver info: driver.version: unknown
	at org.openqa.selenium.support.ui.ExpectedConditions.lambda$findElement$0(ExpectedConditions.java:882)
	at java.util.Optional.orElseThrow(Unknown Source)
	at org.openqa.selenium.support.ui.ExpectedConditions.findElement(ExpectedConditions.java:881)
	at org.openqa.selenium.support.ui.ExpectedConditions.access$000(ExpectedConditions.java:43)
	at org.openqa.selenium.support.ui.ExpectedConditions$7.apply(ExpectedConditions.java:205)
	at org.openqa.selenium.support.ui.ExpectedConditions$7.apply(ExpectedConditions.java:201)
	at org.openqa.selenium.support.ui.FluentWait.until(FluentWait.java:208)
	... 17 more
19-03-2018 20:18 ERROR - wait is not present - failed
19-03-2018 20:18 INFO  - Clicked OK is displayed - Pass
19-03-2018 20:18 INFO  - Clicked OK is clicked - Pass
19-03-2018 20:18 INFO  - Clicked OK is displayed - Pass
19-03-2018 20:18 INFO  - Clicked OK is clicked - Pass
19-03-2018 20:18 INFO  - Guest Checkout is displayed - Pass
19-03-2018 20:18 INFO  - Guest checkout shipping screen is displayed on tapping guest chekout button is displayed - Pass
19-03-2018 20:18 INFO  - Place Order Page is displayed - Pass
19-03-2018 20:18 INFO  - FirstName is entered in the field - Pass
19-03-2018 20:18 INFO  - SecondName is entered in the field - Pass
19-03-2018 20:18 INFO  - Address 1 is entered in the field - Pass
19-03-2018 20:18 INFO  - Address 2 is entered in the field - Pass
19-03-2018 20:18 INFO  - City is entered in the field - Pass
19-03-2018 20:18 INFO  - scrolled to Scrolling - Pass
19-03-2018 20:18 INFO  - Postal Code is entered in the field - Pass
19-03-2018 20:18 INFO  - Place Order Page is displayed - Pass
19-03-2018 20:18 INFO  - Payment Details is displayed - Pass
19-03-2018 20:18 INFO  - PhoneNumber is entered in the field - Pass
19-03-2018 20:18 INFO  - Mail Address is entered in the field - Pass
19-03-2018 20:18 INFO  - Is Continue Checkout Button displayed is displayed - Pass
19-03-2018 20:18 INFO  - scrolled to Scroll to Continue Checkout Button - Pass
19-03-2018 20:18 INFO  - Click Continue checkout button is clicked - Pass
19-03-2018 20:18 INFO  - Enter Credit card  Number is entered in the field - Pass
19-03-2018 20:18 INFO  - Enter Credit card name is entered in the field - Pass
19-03-2018 20:18 INFO  - Enter CVV Num is entered in the field - Pass
19-03-2018 20:18 INFO  - Is Continue Checkout Button displayed is displayed - Pass
19-03-2018 20:18 INFO  - scrolled to Scroll to Continue Checkout Button - Pass
19-03-2018 20:18 INFO  - Click Continue checkout button is clicked - Pass
19-03-2018 20:18 INFO  - Address Verification is displayed - Pass
19-03-2018 20:18 INFO  - scrolled to Clicked use as entered in address verification overlay - Pass
19-03-2018 20:18 INFO  - Review Order Page is displayed - Pass
19-03-2018 20:18 INFO  - Billing Addrs field in Review Order Page is displayed - Pass
19-03-2018 20:18 INFO  - Payment field in Review Order Page is displayed - Pass
19-03-2018 20:18 INFO  - scrolled to Scrolling - Pass
19-03-2018 20:18 INFO  - Shipping Addrs field in Review Order Page is displayed - Pass
19-03-2018 20:18 INFO  - Order Summary field in Review Order Page is displayed - Pass
19-03-2018 20:18 INFO  - Place Order is displayed - Pass
19-03-2018 20:18 ERROR - TimeoutException
org.openqa.selenium.TimeoutException: Expected condition failed: waiting for visibility of element located by By.xpath: //*[contains(@class,'shippingPage')][@style='visibility: visible;'] (tried for 30 second(s) with 500 MILLISECONDS interval)
	at org.openqa.selenium.support.ui.WebDriverWait.timeoutException(WebDriverWait.java:82)
	at org.openqa.selenium.support.ui.FluentWait.until(FluentWait.java:231)
	at com.skava.framework.action.SeleniumActionEngine.explicitWaitforVisibility(SeleniumActionEngine.java:183)
	at com.skava.framework.action.SeleniumActionEngine.isElementDisplayed(SeleniumActionEngine.java:201)
	at com.skava.reusable.components.CheckoutComponents.clickGuestCheckout(CheckoutComponents.java:21)
	at com.skava.testcases.LT_1235_GuestCheckout_Payment_FiledCheck.LT_1235_GuestCheckout_Payment_FiledCheck(LT_1235_GuestCheckout_Payment_FiledCheck.java:36)
	at sun.reflect.NativeMethodAccessorImpl.invoke0(Native Method)
	at sun.reflect.NativeMethodAccessorImpl.invoke(Unknown Source)
	at sun.reflect.DelegatingMethodAccessorImpl.invoke(Unknown Source)
	at java.lang.reflect.Method.invoke(Unknown Source)
	at org.testng.internal.MethodInvocationHelper.invokeMethod(MethodInvocationHelper.java:108)
	at org.testng.internal.Invoker.invokeMethod(Invoker.java:669)
	at org.testng.internal.Invoker.invokeTestMethod(Invoker.java:877)
	at org.testng.internal.Invoker.invokeTestMethods(Invoker.java:1201)
	at org.testng.internal.TestMethodWorker.invokeTestMethods(TestMethodWorker.java:125)
	at org.testng.internal.TestMethodWorker.run(TestMethodWorker.java:109)
	at java.util.concurrent.ThreadPoolExecutor.runWorker(Unknown Source)
	at java.util.concurrent.ThreadPoolExecutor$Worker.run(Unknown Source)
	at java.lang.Thread.run(Unknown Source)
Caused by: org.openqa.selenium.NoSuchElementException: Cannot locate an element using By.xpath: //*[contains(@class,'shippingPage')][@style='visibility: visible;']
For documentation on this error, please visit: http://seleniumhq.org/exceptions/no_such_element.html
Build info: version: '3.2.0', revision: '8c03df6b79', time: '2017-02-23 10:51:31 +0000'
System info: host: 'DESKTOP-AQOISD1', ip: '192.168.234.84', os.name: 'Windows 10', os.arch: 'amd64', os.version: '10.0', java.version: '1.8.0_112'
Driver info: driver.version: unknown
	at org.openqa.selenium.support.ui.ExpectedConditions.lambda$findElement$0(ExpectedConditions.java:882)
	at java.util.Optional.orElseThrow(Unknown Source)
	at org.openqa.selenium.support.ui.ExpectedConditions.findElement(ExpectedConditions.java:881)
	at org.openqa.selenium.support.ui.ExpectedConditions.access$000(ExpectedConditions.java:43)
	at org.openqa.selenium.support.ui.ExpectedConditions$7.apply(ExpectedConditions.java:205)
	at org.openqa.selenium.support.ui.ExpectedConditions$7.apply(ExpectedConditions.java:201)
	at org.openqa.selenium.support.ui.FluentWait.until(FluentWait.java:208)
	... 17 more
19-03-2018 20:18 ERROR - Guest Checkout is not present - failed
19-03-2018 20:18 ERROR - TimeoutException
org.openqa.selenium.TimeoutException: Expected condition failed: waiting for visibility of element located by By.id: pdpAddtoBagBtn (tried for 10 second(s) with 500 MILLISECONDS interval)
	at org.openqa.selenium.support.ui.WebDriverWait.timeoutException(WebDriverWait.java:82)
	at org.openqa.selenium.support.ui.FluentWait.until(FluentWait.java:231)
	at com.skava.framework.action.SeleniumActionEngine.explicitWaitforVisibility(SeleniumActionEngine.java:183)
	at com.skava.framework.action.SeleniumActionEngine.isElementDisplayed(SeleniumActionEngine.java:201)
	at com.skava.reusable.components.CheckoutComponents.addressVerification(CheckoutComponents.java:115)
	at com.skava.testcases.LT_1236_GuestCheckout_Payment_FieldCheck.LT_1236_GuestCheckout_Payment_FieldCheck(LT_1236_GuestCheckout_Payment_FieldCheck.java:40)
	at sun.reflect.NativeMethodAccessorImpl.invoke0(Native Method)
	at sun.reflect.NativeMethodAccessorImpl.invoke(Unknown Source)
	at sun.reflect.DelegatingMethodAccessorImpl.invoke(Unknown Source)
	at java.lang.reflect.Method.invoke(Unknown Source)
	at org.testng.internal.MethodInvocationHelper.invokeMethod(MethodInvocationHelper.java:108)
	at org.testng.internal.Invoker.invokeMethod(Invoker.java:669)
	at org.testng.internal.Invoker.invokeTestMethod(Invoker.java:877)
	at org.testng.internal.Invoker.invokeTestMethods(Invoker.java:1201)
	at org.testng.internal.TestMethodWorker.invokeTestMethods(TestMethodWorker.java:125)
	at org.testng.internal.TestMethodWorker.run(TestMethodWorker.java:109)
	at java.util.concurrent.ThreadPoolExecutor.runWorker(Unknown Source)
	at java.util.concurrent.ThreadPoolExecutor$Worker.run(Unknown Source)
	at java.lang.Thread.run(Unknown Source)
Caused by: org.openqa.selenium.NoSuchElementException: Cannot locate an element using By.id: pdpAddtoBagBtn
For documentation on this error, please visit: http://seleniumhq.org/exceptions/no_such_element.html
Build info: version: '3.2.0', revision: '8c03df6b79', time: '2017-02-23 10:51:31 +0000'
System info: host: 'DESKTOP-AQOISD1', ip: '192.168.234.84', os.name: 'Windows 10', os.arch: 'amd64', os.version: '10.0', java.version: '1.8.0_112'
Driver info: driver.version: unknown
	at org.openqa.selenium.support.ui.ExpectedConditions.lambda$findElement$0(ExpectedConditions.java:882)
	at java.util.Optional.orElseThrow(Unknown Source)
	at org.openqa.selenium.support.ui.ExpectedConditions.findElement(ExpectedConditions.java:881)
	at org.openqa.selenium.support.ui.ExpectedConditions.access$000(ExpectedConditions.java:43)
	at org.openqa.selenium.support.ui.ExpectedConditions$7.apply(ExpectedConditions.java:205)
	at org.openqa.selenium.support.ui.ExpectedConditions$7.apply(ExpectedConditions.java:201)
	at org.openqa.selenium.support.ui.FluentWait.until(FluentWait.java:208)
	... 17 more
19-03-2018 20:18 ERROR - wait is not present - failed
19-03-2018 20:18 INFO  - Clicked OK is displayed - Pass
19-03-2018 20:18 INFO  - Clicked OK is clicked - Pass
19-03-2018 20:18 INFO  - Place Order Page is displayed - Pass
19-03-2018 20:18 INFO  - Payment section is displayed - Pass
19-03-2018 20:18 INFO  - Payment section is displayed - Pass
19-03-2018 20:18 INFO  - Payment type is displayed - Pass
19-03-2018 20:18 INFO  - Card no  is displayed - Pass
19-03-2018 20:18 INFO  - Card name  is displayed - Pass
19-03-2018 20:18 INFO  - Card  exp month is displayed - Pass
19-03-2018 20:18 INFO  - Card  exp year is displayed - Pass
19-03-2018 20:18 INFO  - Card  CVV is displayed - Pass
19-03-2018 20:18 INFO  - scrolled to scroll to gift section - Pass
19-03-2018 20:18 INFO  - Payment gift card section is displayed - Pass
19-03-2018 20:18 INFO  - Gift Card No is displayed - Pass
19-03-2018 20:18 INFO  - Gift Card Pin is displayed - Pass
19-03-2018 20:18 INFO  - scrolled to scroll to promo code section - Pass
19-03-2018 20:18 INFO  - Payment promo code section is displayed - Pass
19-03-2018 20:18 INFO  - Promo code field is displayed - Pass
19-03-2018 20:18 INFO  - scrolled to scroll to create account section - Pass
19-03-2018 20:18 INFO  - Payment create account section is displayed - Pass
19-03-2018 20:19 INFO  - Account password field is displayed - Pass
19-03-2018 20:19 INFO  - Account confirm password field is displayed - Pass
19-03-2018 20:19 INFO  - Account password hint field is displayed - Pass
19-03-2018 20:19 ERROR - TimeoutException
org.openqa.selenium.TimeoutException: Expected condition failed: waiting for visibility of element located by By.xpath: //*[@id='save_shipping_address_service'] (tried for 40 second(s) with 500 MILLISECONDS interval)
	at org.openqa.selenium.support.ui.WebDriverWait.timeoutException(WebDriverWait.java:82)
	at org.openqa.selenium.support.ui.FluentWait.until(FluentWait.java:231)
	at com.skava.framework.action.SeleniumActionEngine.explicitWaitforVisibility(SeleniumActionEngine.java:183)
	at com.skava.framework.action.SeleniumActionEngine.isElementDisplayed(SeleniumActionEngine.java:201)
	at com.skava.reusable.components.CheckoutComponents.isShippingPageDisplayed(CheckoutComponents.java:256)
	at com.skava.testcases.LT_1235_GuestCheckout_Payment_FiledCheck.LT_1235_GuestCheckout_Payment_FiledCheck(LT_1235_GuestCheckout_Payment_FiledCheck.java:37)
	at sun.reflect.NativeMethodAccessorImpl.invoke0(Native Method)
	at sun.reflect.NativeMethodAccessorImpl.invoke(Unknown Source)
	at sun.reflect.DelegatingMethodAccessorImpl.invoke(Unknown Source)
	at java.lang.reflect.Method.invoke(Unknown Source)
	at org.testng.internal.MethodInvocationHelper.invokeMethod(MethodInvocationHelper.java:108)
	at org.testng.internal.Invoker.invokeMethod(Invoker.java:669)
	at org.testng.internal.Invoker.invokeTestMethod(Invoker.java:877)
	at org.testng.internal.Invoker.invokeTestMethods(Invoker.java:1201)
	at org.testng.internal.TestMethodWorker.invokeTestMethods(TestMethodWorker.java:125)
	at org.testng.internal.TestMethodWorker.run(TestMethodWorker.java:109)
	at java.util.concurrent.ThreadPoolExecutor.runWorker(Unknown Source)
	at java.util.concurrent.ThreadPoolExecutor$Worker.run(Unknown Source)
	at java.lang.Thread.run(Unknown Source)
Caused by: org.openqa.selenium.NoSuchElementException: Cannot locate an element using By.xpath: //*[@id='save_shipping_address_service']
For documentation on this error, please visit: http://seleniumhq.org/exceptions/no_such_element.html
Build info: version: '3.2.0', revision: '8c03df6b79', time: '2017-02-23 10:51:31 +0000'
System info: host: 'DESKTOP-AQOISD1', ip: '192.168.234.84', os.name: 'Windows 10', os.arch: 'amd64', os.version: '10.0', java.version: '1.8.0_112'
Driver info: driver.version: unknown
	at org.openqa.selenium.support.ui.ExpectedConditions.lambda$findElement$0(ExpectedConditions.java:882)
	at java.util.Optional.orElseThrow(Unknown Source)
	at org.openqa.selenium.support.ui.ExpectedConditions.findElement(ExpectedConditions.java:881)
	at org.openqa.selenium.support.ui.ExpectedConditions.access$000(ExpectedConditions.java:43)
	at org.openqa.selenium.support.ui.ExpectedConditions$7.apply(ExpectedConditions.java:205)
	at org.openqa.selenium.support.ui.ExpectedConditions$7.apply(ExpectedConditions.java:201)
	at org.openqa.selenium.support.ui.FluentWait.until(FluentWait.java:208)
	... 17 more
19-03-2018 20:19 ERROR - Guest checkout shipping screen is displayed on tapping guest chekout button is not present - failed
19-03-2018 20:19 ERROR - TimeoutException
org.openqa.selenium.TimeoutException: Expected condition failed: waiting for visibility of element located by By.id: shipFirst (tried for 10 second(s) with 500 MILLISECONDS interval)
	at org.openqa.selenium.support.ui.WebDriverWait.timeoutException(WebDriverWait.java:82)
	at org.openqa.selenium.support.ui.FluentWait.until(FluentWait.java:231)
	at com.skava.framework.action.SeleniumActionEngine.explicitWaitforVisibility(SeleniumActionEngine.java:183)
	at com.skava.framework.action.SeleniumActionEngine.enterText(SeleniumActionEngine.java:75)
	at com.skava.reusable.components.CheckoutComponents.enterShippingAddrs(CheckoutComponents.java:72)
	at com.skava.testcases.LT_1235_GuestCheckout_Payment_FiledCheck.LT_1235_GuestCheckout_Payment_FiledCheck(LT_1235_GuestCheckout_Payment_FiledCheck.java:38)
	at sun.reflect.NativeMethodAccessorImpl.invoke0(Native Method)
	at sun.reflect.NativeMethodAccessorImpl.invoke(Unknown Source)
	at sun.reflect.DelegatingMethodAccessorImpl.invoke(Unknown Source)
	at java.lang.reflect.Method.invoke(Unknown Source)
	at org.testng.internal.MethodInvocationHelper.invokeMethod(MethodInvocationHelper.java:108)
	at org.testng.internal.Invoker.invokeMethod(Invoker.java:669)
	at org.testng.internal.Invoker.invokeTestMethod(Invoker.java:877)
	at org.testng.internal.Invoker.invokeTestMethods(Invoker.java:1201)
	at org.testng.internal.TestMethodWorker.invokeTestMethods(TestMethodWorker.java:125)
	at org.testng.internal.TestMethodWorker.run(TestMethodWorker.java:109)
	at java.util.concurrent.ThreadPoolExecutor.runWorker(Unknown Source)
	at java.util.concurrent.ThreadPoolExecutor$Worker.run(Unknown Source)
	at java.lang.Thread.run(Unknown Source)
Caused by: org.openqa.selenium.NoSuchElementException: Cannot locate an element using By.id: shipFirst
For documentation on this error, please visit: http://seleniumhq.org/exceptions/no_such_element.html
Build info: version: '3.2.0', revision: '8c03df6b79', time: '2017-02-23 10:51:31 +0000'
System info: host: 'DESKTOP-AQOISD1', ip: '192.168.234.84', os.name: 'Windows 10', os.arch: 'amd64', os.version: '10.0', java.version: '1.8.0_112'
Driver info: driver.version: unknown
	at org.openqa.selenium.support.ui.ExpectedConditions.lambda$findElement$0(ExpectedConditions.java:882)
	at java.util.Optional.orElseThrow(Unknown Source)
	at org.openqa.selenium.support.ui.ExpectedConditions.findElement(ExpectedConditions.java:881)
	at org.openqa.selenium.support.ui.ExpectedConditions.access$000(ExpectedConditions.java:43)
	at org.openqa.selenium.support.ui.ExpectedConditions$7.apply(ExpectedConditions.java:205)
	at org.openqa.selenium.support.ui.ExpectedConditions$7.apply(ExpectedConditions.java:201)
	at org.openqa.selenium.support.ui.FluentWait.until(FluentWait.java:208)
	... 17 more
19-03-2018 20:19 ERROR - FirstName is not present - failed
19-03-2018 20:19 ERROR - TimeoutException
org.openqa.selenium.TimeoutException: Expected condition failed: waiting for visibility of element located by By.id: shipLast (tried for 10 second(s) with 500 MILLISECONDS interval)
	at org.openqa.selenium.support.ui.WebDriverWait.timeoutException(WebDriverWait.java:82)
	at org.openqa.selenium.support.ui.FluentWait.until(FluentWait.java:231)
	at com.skava.framework.action.SeleniumActionEngine.explicitWaitforVisibility(SeleniumActionEngine.java:183)
	at com.skava.framework.action.SeleniumActionEngine.enterText(SeleniumActionEngine.java:75)
	at com.skava.reusable.components.CheckoutComponents.enterShippingAddrs(CheckoutComponents.java:73)
	at com.skava.testcases.LT_1235_GuestCheckout_Payment_FiledCheck.LT_1235_GuestCheckout_Payment_FiledCheck(LT_1235_GuestCheckout_Payment_FiledCheck.java:38)
	at sun.reflect.NativeMethodAccessorImpl.invoke0(Native Method)
	at sun.reflect.NativeMethodAccessorImpl.invoke(Unknown Source)
	at sun.reflect.DelegatingMethodAccessorImpl.invoke(Unknown Source)
	at java.lang.reflect.Method.invoke(Unknown Source)
	at org.testng.internal.MethodInvocationHelper.invokeMethod(MethodInvocationHelper.java:108)
	at org.testng.internal.Invoker.invokeMethod(Invoker.java:669)
	at org.testng.internal.Invoker.invokeTestMethod(Invoker.java:877)
	at org.testng.internal.Invoker.invokeTestMethods(Invoker.java:1201)
	at org.testng.internal.TestMethodWorker.invokeTestMethods(TestMethodWorker.java:125)
	at org.testng.internal.TestMethodWorker.run(TestMethodWorker.java:109)
	at java.util.concurrent.ThreadPoolExecutor.runWorker(Unknown Source)
	at java.util.concurrent.ThreadPoolExecutor$Worker.run(Unknown Source)
	at java.lang.Thread.run(Unknown Source)
Caused by: org.openqa.selenium.NoSuchElementException: Cannot locate an element using By.id: shipLast
For documentation on this error, please visit: http://seleniumhq.org/exceptions/no_such_element.html
Build info: version: '3.2.0', revision: '8c03df6b79', time: '2017-02-23 10:51:31 +0000'
System info: host: 'DESKTOP-AQOISD1', ip: '192.168.234.84', os.name: 'Windows 10', os.arch: 'amd64', os.version: '10.0', java.version: '1.8.0_112'
Driver info: driver.version: unknown
	at org.openqa.selenium.support.ui.ExpectedConditions.lambda$findElement$0(ExpectedConditions.java:882)
	at java.util.Optional.orElseThrow(Unknown Source)
	at org.openqa.selenium.support.ui.ExpectedConditions.findElement(ExpectedConditions.java:881)
	at org.openqa.selenium.support.ui.ExpectedConditions.access$000(ExpectedConditions.java:43)
	at org.openqa.selenium.support.ui.ExpectedConditions$7.apply(ExpectedConditions.java:205)
	at org.openqa.selenium.support.ui.ExpectedConditions$7.apply(ExpectedConditions.java:201)
	at org.openqa.selenium.support.ui.FluentWait.until(FluentWait.java:208)
	... 17 more
19-03-2018 20:19 ERROR - SecondName is not present - failed
19-03-2018 20:20 ERROR - TimeoutException
org.openqa.selenium.TimeoutException: Expected condition failed: waiting for visibility of element located by By.id: shipAddress1 (tried for 10 second(s) with 500 MILLISECONDS interval)
	at org.openqa.selenium.support.ui.WebDriverWait.timeoutException(WebDriverWait.java:82)
	at org.openqa.selenium.support.ui.FluentWait.until(FluentWait.java:231)
	at com.skava.framework.action.SeleniumActionEngine.explicitWaitforVisibility(SeleniumActionEngine.java:183)
	at com.skava.framework.action.SeleniumActionEngine.enterText(SeleniumActionEngine.java:75)
	at com.skava.reusable.components.CheckoutComponents.enterShippingAddrs(CheckoutComponents.java:74)
	at com.skava.testcases.LT_1235_GuestCheckout_Payment_FiledCheck.LT_1235_GuestCheckout_Payment_FiledCheck(LT_1235_GuestCheckout_Payment_FiledCheck.java:38)
	at sun.reflect.NativeMethodAccessorImpl.invoke0(Native Method)
	at sun.reflect.NativeMethodAccessorImpl.invoke(Unknown Source)
	at sun.reflect.DelegatingMethodAccessorImpl.invoke(Unknown Source)
	at java.lang.reflect.Method.invoke(Unknown Source)
	at org.testng.internal.MethodInvocationHelper.invokeMethod(MethodInvocationHelper.java:108)
	at org.testng.internal.Invoker.invokeMethod(Invoker.java:669)
	at org.testng.internal.Invoker.invokeTestMethod(Invoker.java:877)
	at org.testng.internal.Invoker.invokeTestMethods(Invoker.java:1201)
	at org.testng.internal.TestMethodWorker.invokeTestMethods(TestMethodWorker.java:125)
	at org.testng.internal.TestMethodWorker.run(TestMethodWorker.java:109)
	at java.util.concurrent.ThreadPoolExecutor.runWorker(Unknown Source)
	at java.util.concurrent.ThreadPoolExecutor$Worker.run(Unknown Source)
	at java.lang.Thread.run(Unknown Source)
Caused by: org.openqa.selenium.NoSuchElementException: Cannot locate an element using By.id: shipAddress1
For documentation on this error, please visit: http://seleniumhq.org/exceptions/no_such_element.html
Build info: version: '3.2.0', revision: '8c03df6b79', time: '2017-02-23 10:51:31 +0000'
System info: host: 'DESKTOP-AQOISD1', ip: '192.168.234.84', os.name: 'Windows 10', os.arch: 'amd64', os.version: '10.0', java.version: '1.8.0_112'
Driver info: driver.version: unknown
	at org.openqa.selenium.support.ui.ExpectedConditions.lambda$findElement$0(ExpectedConditions.java:882)
	at java.util.Optional.orElseThrow(Unknown Source)
	at org.openqa.selenium.support.ui.ExpectedConditions.findElement(ExpectedConditions.java:881)
	at org.openqa.selenium.support.ui.ExpectedConditions.access$000(ExpectedConditions.java:43)
	at org.openqa.selenium.support.ui.ExpectedConditions$7.apply(ExpectedConditions.java:205)
	at org.openqa.selenium.support.ui.ExpectedConditions$7.apply(ExpectedConditions.java:201)
	at org.openqa.selenium.support.ui.FluentWait.until(FluentWait.java:208)
	... 17 more
19-03-2018 20:20 ERROR - Address 1 is not present - failed
19-03-2018 20:20 ERROR - TimeoutException
org.openqa.selenium.TimeoutException: Expected condition failed: waiting for visibility of element located by By.id: shipAddress2 (tried for 10 second(s) with 500 MILLISECONDS interval)
	at org.openqa.selenium.support.ui.WebDriverWait.timeoutException(WebDriverWait.java:82)
	at org.openqa.selenium.support.ui.FluentWait.until(FluentWait.java:231)
	at com.skava.framework.action.SeleniumActionEngine.explicitWaitforVisibility(SeleniumActionEngine.java:183)
	at com.skava.framework.action.SeleniumActionEngine.enterText(SeleniumActionEngine.java:75)
	at com.skava.reusable.components.CheckoutComponents.enterShippingAddrs(CheckoutComponents.java:75)
	at com.skava.testcases.LT_1235_GuestCheckout_Payment_FiledCheck.LT_1235_GuestCheckout_Payment_FiledCheck(LT_1235_GuestCheckout_Payment_FiledCheck.java:38)
	at sun.reflect.NativeMethodAccessorImpl.invoke0(Native Method)
	at sun.reflect.NativeMethodAccessorImpl.invoke(Unknown Source)
	at sun.reflect.DelegatingMethodAccessorImpl.invoke(Unknown Source)
	at java.lang.reflect.Method.invoke(Unknown Source)
	at org.testng.internal.MethodInvocationHelper.invokeMethod(MethodInvocationHelper.java:108)
	at org.testng.internal.Invoker.invokeMethod(Invoker.java:669)
	at org.testng.internal.Invoker.invokeTestMethod(Invoker.java:877)
	at org.testng.internal.Invoker.invokeTestMethods(Invoker.java:1201)
	at org.testng.internal.TestMethodWorker.invokeTestMethods(TestMethodWorker.java:125)
	at org.testng.internal.TestMethodWorker.run(TestMethodWorker.java:109)
	at java.util.concurrent.ThreadPoolExecutor.runWorker(Unknown Source)
	at java.util.concurrent.ThreadPoolExecutor$Worker.run(Unknown Source)
	at java.lang.Thread.run(Unknown Source)
Caused by: org.openqa.selenium.NoSuchElementException: Cannot locate an element using By.id: shipAddress2
For documentation on this error, please visit: http://seleniumhq.org/exceptions/no_such_element.html
Build info: version: '3.2.0', revision: '8c03df6b79', time: '2017-02-23 10:51:31 +0000'
System info: host: 'DESKTOP-AQOISD1', ip: '192.168.234.84', os.name: 'Windows 10', os.arch: 'amd64', os.version: '10.0', java.version: '1.8.0_112'
Driver info: driver.version: unknown
	at org.openqa.selenium.support.ui.ExpectedConditions.lambda$findElement$0(ExpectedConditions.java:882)
	at java.util.Optional.orElseThrow(Unknown Source)
	at org.openqa.selenium.support.ui.ExpectedConditions.findElement(ExpectedConditions.java:881)
	at org.openqa.selenium.support.ui.ExpectedConditions.access$000(ExpectedConditions.java:43)
	at org.openqa.selenium.support.ui.ExpectedConditions$7.apply(ExpectedConditions.java:205)
	at org.openqa.selenium.support.ui.ExpectedConditions$7.apply(ExpectedConditions.java:201)
	at org.openqa.selenium.support.ui.FluentWait.until(FluentWait.java:208)
	... 17 more
19-03-2018 20:20 ERROR - Address 2 is not present - failed
19-03-2018 20:20 ERROR - TimeoutException
org.openqa.selenium.TimeoutException: Expected condition failed: waiting for visibility of element located by By.id: shipCity (tried for 10 second(s) with 500 MILLISECONDS interval)
	at org.openqa.selenium.support.ui.WebDriverWait.timeoutException(WebDriverWait.java:82)
	at org.openqa.selenium.support.ui.FluentWait.until(FluentWait.java:231)
	at com.skava.framework.action.SeleniumActionEngine.explicitWaitforVisibility(SeleniumActionEngine.java:183)
	at com.skava.framework.action.SeleniumActionEngine.enterText(SeleniumActionEngine.java:75)
	at com.skava.reusable.components.CheckoutComponents.enterShippingAddrs(CheckoutComponents.java:76)
	at com.skava.testcases.LT_1235_GuestCheckout_Payment_FiledCheck.LT_1235_GuestCheckout_Payment_FiledCheck(LT_1235_GuestCheckout_Payment_FiledCheck.java:38)
	at sun.reflect.NativeMethodAccessorImpl.invoke0(Native Method)
	at sun.reflect.NativeMethodAccessorImpl.invoke(Unknown Source)
	at sun.reflect.DelegatingMethodAccessorImpl.invoke(Unknown Source)
	at java.lang.reflect.Method.invoke(Unknown Source)
	at org.testng.internal.MethodInvocationHelper.invokeMethod(MethodInvocationHelper.java:108)
	at org.testng.internal.Invoker.invokeMethod(Invoker.java:669)
	at org.testng.internal.Invoker.invokeTestMethod(Invoker.java:877)
	at org.testng.internal.Invoker.invokeTestMethods(Invoker.java:1201)
	at org.testng.internal.TestMethodWorker.invokeTestMethods(TestMethodWorker.java:125)
	at org.testng.internal.TestMethodWorker.run(TestMethodWorker.java:109)
	at java.util.concurrent.ThreadPoolExecutor.runWorker(Unknown Source)
	at java.util.concurrent.ThreadPoolExecutor$Worker.run(Unknown Source)
	at java.lang.Thread.run(Unknown Source)
Caused by: org.openqa.selenium.NoSuchElementException: Cannot locate an element using By.id: shipCity
For documentation on this error, please visit: http://seleniumhq.org/exceptions/no_such_element.html
Build info: version: '3.2.0', revision: '8c03df6b79', time: '2017-02-23 10:51:31 +0000'
System info: host: 'DESKTOP-AQOISD1', ip: '192.168.234.84', os.name: 'Windows 10', os.arch: 'amd64', os.version: '10.0', java.version: '1.8.0_112'
Driver info: driver.version: unknown
	at org.openqa.selenium.support.ui.ExpectedConditions.lambda$findElement$0(ExpectedConditions.java:882)
	at java.util.Optional.orElseThrow(Unknown Source)
	at org.openqa.selenium.support.ui.ExpectedConditions.findElement(ExpectedConditions.java:881)
	at org.openqa.selenium.support.ui.ExpectedConditions.access$000(ExpectedConditions.java:43)
	at org.openqa.selenium.support.ui.ExpectedConditions$7.apply(ExpectedConditions.java:205)
	at org.openqa.selenium.support.ui.ExpectedConditions$7.apply(ExpectedConditions.java:201)
	at org.openqa.selenium.support.ui.FluentWait.until(FluentWait.java:208)
	... 17 more
19-03-2018 20:20 ERROR - City is not present - failed
19-03-2018 20:20 ERROR - TimeoutException
org.openqa.selenium.TimeoutException: Expected condition failed: waiting for visibility of element located by By.xpath: //*[@name='SHIP_TO_ADDRESS<>state_cd']/option (tried for 20 second(s) with 500 MILLISECONDS interval)
	at org.openqa.selenium.support.ui.WebDriverWait.timeoutException(WebDriverWait.java:82)
	at org.openqa.selenium.support.ui.FluentWait.until(FluentWait.java:231)
	at com.skava.framework.action.SeleniumActionEngine.explicitWaitforVisibility(SeleniumActionEngine.java:183)
	at com.skava.framework.action.SeleniumActionEngine.clickRandomElement(SeleniumActionEngine.java:504)
	at com.skava.reusable.components.CheckoutComponents.enterShippingAddrs(CheckoutComponents.java:78)
	at com.skava.testcases.LT_1235_GuestCheckout_Payment_FiledCheck.LT_1235_GuestCheckout_Payment_FiledCheck(LT_1235_GuestCheckout_Payment_FiledCheck.java:38)
	at sun.reflect.NativeMethodAccessorImpl.invoke0(Native Method)
	at sun.reflect.NativeMethodAccessorImpl.invoke(Unknown Source)
	at sun.reflect.DelegatingMethodAccessorImpl.invoke(Unknown Source)
	at java.lang.reflect.Method.invoke(Unknown Source)
	at org.testng.internal.MethodInvocationHelper.invokeMethod(MethodInvocationHelper.java:108)
	at org.testng.internal.Invoker.invokeMethod(Invoker.java:669)
	at org.testng.internal.Invoker.invokeTestMethod(Invoker.java:877)
	at org.testng.internal.Invoker.invokeTestMethods(Invoker.java:1201)
	at org.testng.internal.TestMethodWorker.invokeTestMethods(TestMethodWorker.java:125)
	at org.testng.internal.TestMethodWorker.run(TestMethodWorker.java:109)
	at java.util.concurrent.ThreadPoolExecutor.runWorker(Unknown Source)
	at java.util.concurrent.ThreadPoolExecutor$Worker.run(Unknown Source)
	at java.lang.Thread.run(Unknown Source)
Caused by: org.openqa.selenium.NoSuchElementException: Cannot locate an element using By.xpath: //*[@name='SHIP_TO_ADDRESS<>state_cd']/option
For documentation on this error, please visit: http://seleniumhq.org/exceptions/no_such_element.html
Build info: version: '3.2.0', revision: '8c03df6b79', time: '2017-02-23 10:51:31 +0000'
System info: host: 'DESKTOP-AQOISD1', ip: '192.168.234.84', os.name: 'Windows 10', os.arch: 'amd64', os.version: '10.0', java.version: '1.8.0_112'
Driver info: driver.version: unknown
	at org.openqa.selenium.support.ui.ExpectedConditions.lambda$findElement$0(ExpectedConditions.java:882)
	at java.util.Optional.orElseThrow(Unknown Source)
	at org.openqa.selenium.support.ui.ExpectedConditions.findElement(ExpectedConditions.java:881)
	at org.openqa.selenium.support.ui.ExpectedConditions.access$000(ExpectedConditions.java:43)
	at org.openqa.selenium.support.ui.ExpectedConditions$7.apply(ExpectedConditions.java:205)
	at org.openqa.selenium.support.ui.ExpectedConditions$7.apply(ExpectedConditions.java:201)
	at org.openqa.selenium.support.ui.FluentWait.until(FluentWait.java:208)
	... 17 more
19-03-2018 20:20 ERROR - Select state from dropdown is not present - failed
19-03-2018 20:20 ERROR - TimeoutException
org.openqa.selenium.TimeoutException: Expected condition failed: waiting for visibility of element located by By.id: shipZip (tried for 10 second(s) with 500 MILLISECONDS interval)
	at org.openqa.selenium.support.ui.WebDriverWait.timeoutException(WebDriverWait.java:82)
	at org.openqa.selenium.support.ui.FluentWait.until(FluentWait.java:231)
	at com.skava.framework.action.SeleniumActionEngine.explicitWaitforVisibility(SeleniumActionEngine.java:183)
	at com.skava.framework.action.SeleniumActionEngine.scrollToElement(SeleniumActionEngine.java:433)
	at com.skava.reusable.components.CheckoutComponents.enterShippingAddrs(CheckoutComponents.java:79)
	at com.skava.testcases.LT_1235_GuestCheckout_Payment_FiledCheck.LT_1235_GuestCheckout_Payment_FiledCheck(LT_1235_GuestCheckout_Payment_FiledCheck.java:38)
	at sun.reflect.NativeMethodAccessorImpl.invoke0(Native Method)
	at sun.reflect.NativeMethodAccessorImpl.invoke(Unknown Source)
	at sun.reflect.DelegatingMethodAccessorImpl.invoke(Unknown Source)
	at java.lang.reflect.Method.invoke(Unknown Source)
	at org.testng.internal.MethodInvocationHelper.invokeMethod(MethodInvocationHelper.java:108)
	at org.testng.internal.Invoker.invokeMethod(Invoker.java:669)
	at org.testng.internal.Invoker.invokeTestMethod(Invoker.java:877)
	at org.testng.internal.Invoker.invokeTestMethods(Invoker.java:1201)
	at org.testng.internal.TestMethodWorker.invokeTestMethods(TestMethodWorker.java:125)
	at org.testng.internal.TestMethodWorker.run(TestMethodWorker.java:109)
	at java.util.concurrent.ThreadPoolExecutor.runWorker(Unknown Source)
	at java.util.concurrent.ThreadPoolExecutor$Worker.run(Unknown Source)
	at java.lang.Thread.run(Unknown Source)
Caused by: org.openqa.selenium.NoSuchElementException: Cannot locate an element using By.id: shipZip
For documentation on this error, please visit: http://seleniumhq.org/exceptions/no_such_element.html
Build info: version: '3.2.0', revision: '8c03df6b79', time: '2017-02-23 10:51:31 +0000'
System info: host: 'DESKTOP-AQOISD1', ip: '192.168.234.84', os.name: 'Windows 10', os.arch: 'amd64', os.version: '10.0', java.version: '1.8.0_112'
Driver info: driver.version: unknown
	at org.openqa.selenium.support.ui.ExpectedConditions.lambda$findElement$0(ExpectedConditions.java:882)
	at java.util.Optional.orElseThrow(Unknown Source)
	at org.openqa.selenium.support.ui.ExpectedConditions.findElement(ExpectedConditions.java:881)
	at org.openqa.selenium.support.ui.ExpectedConditions.access$000(ExpectedConditions.java:43)
	at org.openqa.selenium.support.ui.ExpectedConditions$7.apply(ExpectedConditions.java:205)
	at org.openqa.selenium.support.ui.ExpectedConditions$7.apply(ExpectedConditions.java:201)
	at org.openqa.selenium.support.ui.FluentWait.until(FluentWait.java:208)
	... 17 more
19-03-2018 20:20 ERROR - Scrolling is not present - failed
19-03-2018 20:21 ERROR - TimeoutException
org.openqa.selenium.TimeoutException: Expected condition failed: waiting for visibility of element located by By.id: shipZip (tried for 10 second(s) with 500 MILLISECONDS interval)
	at org.openqa.selenium.support.ui.WebDriverWait.timeoutException(WebDriverWait.java:82)
	at org.openqa.selenium.support.ui.FluentWait.until(FluentWait.java:231)
	at com.skava.framework.action.SeleniumActionEngine.explicitWaitforVisibility(SeleniumActionEngine.java:183)
	at com.skava.framework.action.SeleniumActionEngine.enterText(SeleniumActionEngine.java:75)
	at com.skava.reusable.components.CheckoutComponents.enterShippingAddrs(CheckoutComponents.java:80)
	at com.skava.testcases.LT_1235_GuestCheckout_Payment_FiledCheck.LT_1235_GuestCheckout_Payment_FiledCheck(LT_1235_GuestCheckout_Payment_FiledCheck.java:38)
	at sun.reflect.NativeMethodAccessorImpl.invoke0(Native Method)
	at sun.reflect.NativeMethodAccessorImpl.invoke(Unknown Source)
	at sun.reflect.DelegatingMethodAccessorImpl.invoke(Unknown Source)
	at java.lang.reflect.Method.invoke(Unknown Source)
	at org.testng.internal.MethodInvocationHelper.invokeMethod(MethodInvocationHelper.java:108)
	at org.testng.internal.Invoker.invokeMethod(Invoker.java:669)
	at org.testng.internal.Invoker.invokeTestMethod(Invoker.java:877)
	at org.testng.internal.Invoker.invokeTestMethods(Invoker.java:1201)
	at org.testng.internal.TestMethodWorker.invokeTestMethods(TestMethodWorker.java:125)
	at org.testng.internal.TestMethodWorker.run(TestMethodWorker.java:109)
	at java.util.concurrent.ThreadPoolExecutor.runWorker(Unknown Source)
	at java.util.concurrent.ThreadPoolExecutor$Worker.run(Unknown Source)
	at java.lang.Thread.run(Unknown Source)
Caused by: org.openqa.selenium.NoSuchElementException: Cannot locate an element using By.id: shipZip
For documentation on this error, please visit: http://seleniumhq.org/exceptions/no_such_element.html
Build info: version: '3.2.0', revision: '8c03df6b79', time: '2017-02-23 10:51:31 +0000'
System info: host: 'DESKTOP-AQOISD1', ip: '192.168.234.84', os.name: 'Windows 10', os.arch: 'amd64', os.version: '10.0', java.version: '1.8.0_112'
Driver info: driver.version: unknown
	at org.openqa.selenium.support.ui.ExpectedConditions.lambda$findElement$0(ExpectedConditions.java:882)
	at java.util.Optional.orElseThrow(Unknown Source)
	at org.openqa.selenium.support.ui.ExpectedConditions.findElement(ExpectedConditions.java:881)
	at org.openqa.selenium.support.ui.ExpectedConditions.access$000(ExpectedConditions.java:43)
	at org.openqa.selenium.support.ui.ExpectedConditions$7.apply(ExpectedConditions.java:205)
	at org.openqa.selenium.support.ui.ExpectedConditions$7.apply(ExpectedConditions.java:201)
	at org.openqa.selenium.support.ui.FluentWait.until(FluentWait.java:208)
	... 17 more
19-03-2018 20:21 ERROR - Postal Code is not present - failed
19-03-2018 20:21 ERROR - TimeoutException
org.openqa.selenium.TimeoutException: Expected condition failed: waiting for visibility of element located by By.id: shipPhone (tried for 10 second(s) with 500 MILLISECONDS interval)
	at org.openqa.selenium.support.ui.WebDriverWait.timeoutException(WebDriverWait.java:82)
	at org.openqa.selenium.support.ui.FluentWait.until(FluentWait.java:231)
	at com.skava.framework.action.SeleniumActionEngine.explicitWaitforVisibility(SeleniumActionEngine.java:183)
	at com.skava.framework.action.SeleniumActionEngine.enterText(SeleniumActionEngine.java:75)
	at com.skava.reusable.components.CheckoutComponents.enterShippingAddrs(CheckoutComponents.java:83)
	at com.skava.testcases.LT_1235_GuestCheckout_Payment_FiledCheck.LT_1235_GuestCheckout_Payment_FiledCheck(LT_1235_GuestCheckout_Payment_FiledCheck.java:38)
	at sun.reflect.NativeMethodAccessorImpl.invoke0(Native Method)
	at sun.reflect.NativeMethodAccessorImpl.invoke(Unknown Source)
	at sun.reflect.DelegatingMethodAccessorImpl.invoke(Unknown Source)
	at java.lang.reflect.Method.invoke(Unknown Source)
	at org.testng.internal.MethodInvocationHelper.invokeMethod(MethodInvocationHelper.java:108)
	at org.testng.internal.Invoker.invokeMethod(Invoker.java:669)
	at org.testng.internal.Invoker.invokeTestMethod(Invoker.java:877)
	at org.testng.internal.Invoker.invokeTestMethods(Invoker.java:1201)
	at org.testng.internal.TestMethodWorker.invokeTestMethods(TestMethodWorker.java:125)
	at org.testng.internal.TestMethodWorker.run(TestMethodWorker.java:109)
	at java.util.concurrent.ThreadPoolExecutor.runWorker(Unknown Source)
	at java.util.concurrent.ThreadPoolExecutor$Worker.run(Unknown Source)
	at java.lang.Thread.run(Unknown Source)
Caused by: org.openqa.selenium.NoSuchElementException: Cannot locate an element using By.id: shipPhone
For documentation on this error, please visit: http://seleniumhq.org/exceptions/no_such_element.html
Build info: version: '3.2.0', revision: '8c03df6b79', time: '2017-02-23 10:51:31 +0000'
System info: host: 'DESKTOP-AQOISD1', ip: '192.168.234.84', os.name: 'Windows 10', os.arch: 'amd64', os.version: '10.0', java.version: '1.8.0_112'
Driver info: driver.version: unknown
	at org.openqa.selenium.support.ui.ExpectedConditions.lambda$findElement$0(ExpectedConditions.java:882)
	at java.util.Optional.orElseThrow(Unknown Source)
	at org.openqa.selenium.support.ui.ExpectedConditions.findElement(ExpectedConditions.java:881)
	at org.openqa.selenium.support.ui.ExpectedConditions.access$000(ExpectedConditions.java:43)
	at org.openqa.selenium.support.ui.ExpectedConditions$7.apply(ExpectedConditions.java:205)
	at org.openqa.selenium.support.ui.ExpectedConditions$7.apply(ExpectedConditions.java:201)
	at org.openqa.selenium.support.ui.FluentWait.until(FluentWait.java:208)
	... 17 more
19-03-2018 20:21 ERROR - PhoneNumber is not present - failed
19-03-2018 20:21 ERROR - TimeoutException
org.openqa.selenium.TimeoutException: Expected condition failed: waiting for visibility of element located by By.id: shipEmail (tried for 10 second(s) with 500 MILLISECONDS interval)
	at org.openqa.selenium.support.ui.WebDriverWait.timeoutException(WebDriverWait.java:82)
	at org.openqa.selenium.support.ui.FluentWait.until(FluentWait.java:231)
	at com.skava.framework.action.SeleniumActionEngine.explicitWaitforVisibility(SeleniumActionEngine.java:183)
	at com.skava.framework.action.SeleniumActionEngine.enterText(SeleniumActionEngine.java:75)
	at com.skava.reusable.components.CheckoutComponents.enterShippingAddrs(CheckoutComponents.java:84)
	at com.skava.testcases.LT_1235_GuestCheckout_Payment_FiledCheck.LT_1235_GuestCheckout_Payment_FiledCheck(LT_1235_GuestCheckout_Payment_FiledCheck.java:38)
	at sun.reflect.NativeMethodAccessorImpl.invoke0(Native Method)
	at sun.reflect.NativeMethodAccessorImpl.invoke(Unknown Source)
	at sun.reflect.DelegatingMethodAccessorImpl.invoke(Unknown Source)
	at java.lang.reflect.Method.invoke(Unknown Source)
	at org.testng.internal.MethodInvocationHelper.invokeMethod(MethodInvocationHelper.java:108)
	at org.testng.internal.Invoker.invokeMethod(Invoker.java:669)
	at org.testng.internal.Invoker.invokeTestMethod(Invoker.java:877)
	at org.testng.internal.Invoker.invokeTestMethods(Invoker.java:1201)
	at org.testng.internal.TestMethodWorker.invokeTestMethods(TestMethodWorker.java:125)
	at org.testng.internal.TestMethodWorker.run(TestMethodWorker.java:109)
	at java.util.concurrent.ThreadPoolExecutor.runWorker(Unknown Source)
	at java.util.concurrent.ThreadPoolExecutor$Worker.run(Unknown Source)
	at java.lang.Thread.run(Unknown Source)
Caused by: org.openqa.selenium.NoSuchElementException: Cannot locate an element using By.id: shipEmail
For documentation on this error, please visit: http://seleniumhq.org/exceptions/no_such_element.html
Build info: version: '3.2.0', revision: '8c03df6b79', time: '2017-02-23 10:51:31 +0000'
System info: host: 'DESKTOP-AQOISD1', ip: '192.168.234.84', os.name: 'Windows 10', os.arch: 'amd64', os.version: '10.0', java.version: '1.8.0_112'
Driver info: driver.version: unknown
	at org.openqa.selenium.support.ui.ExpectedConditions.lambda$findElement$0(ExpectedConditions.java:882)
	at java.util.Optional.orElseThrow(Unknown Source)
	at org.openqa.selenium.support.ui.ExpectedConditions.findElement(ExpectedConditions.java:881)
	at org.openqa.selenium.support.ui.ExpectedConditions.access$000(ExpectedConditions.java:43)
	at org.openqa.selenium.support.ui.ExpectedConditions$7.apply(ExpectedConditions.java:205)
	at org.openqa.selenium.support.ui.ExpectedConditions$7.apply(ExpectedConditions.java:201)
	at org.openqa.selenium.support.ui.FluentWait.until(FluentWait.java:208)
	... 17 more
19-03-2018 20:21 ERROR - Mail Address is not present - failed
19-03-2018 20:21 INFO  - Is Continue Checkout Button displayed is displayed - Pass
19-03-2018 20:21 INFO  - scrolled to Scroll to Continue Checkout Button - Pass
19-03-2018 20:21 ERROR - WebDriverException
org.openqa.selenium.WebDriverException: unknown error: Element is not clickable at point (192, 1151)
  (Session info: chrome=64.0.3282.186)
  (Driver info: chromedriver=2.33.506120 (e3e53437346286c0bc2d2dc9aa4915ba81d9023f),platform=Windows NT 10.0.16299 x86_64) (WARNING: The server did not provide any stacktrace information)
Command duration or timeout: 36 milliseconds
Build info: version: '3.2.0', revision: '8c03df6b79', time: '2017-02-23 10:51:31 +0000'
System info: host: 'DESKTOP-AQOISD1', ip: '192.168.234.84', os.name: 'Windows 10', os.arch: 'amd64', os.version: '10.0', java.version: '1.8.0_112'
Driver info: org.openqa.selenium.chrome.ChromeDriver
Capabilities [{applicationCacheEnabled=false, rotatable=false, mobileEmulationEnabled=false, networkConnectionEnabled=false, chrome={chromedriverVersion=2.33.506120 (e3e53437346286c0bc2d2dc9aa4915ba81d9023f), userDataDir=C:\Users\arunraj.n\AppData\Local\Temp\scoped_dir22516_11846}, takesHeapSnapshot=true, pageLoadStrategy=normal, databaseEnabled=false, handlesAlerts=true, hasTouchScreen=false, version=64.0.3282.186, platform=XP, browserConnectionEnabled=false, nativeEvents=true, acceptSslCerts=true, locationContextEnabled=true, webStorageEnabled=true, browserName=chrome, takesScreenshot=true, javascriptEnabled=true, cssSelectorsEnabled=true, setWindowRect=true, unexpectedAlertBehaviour=}]
Session ID: 27fea91855213c015d629dddca4208a4
	at sun.reflect.NativeConstructorAccessorImpl.newInstance0(Native Method)
	at sun.reflect.NativeConstructorAccessorImpl.newInstance(Unknown Source)
	at sun.reflect.DelegatingConstructorAccessorImpl.newInstance(Unknown Source)
	at java.lang.reflect.Constructor.newInstance(Unknown Source)
	at org.openqa.selenium.remote.ErrorHandler.createThrowable(ErrorHandler.java:216)
	at org.openqa.selenium.remote.ErrorHandler.throwIfResponseFailed(ErrorHandler.java:168)
	at org.openqa.selenium.remote.RemoteWebDriver.execute(RemoteWebDriver.java:638)
	at org.openqa.selenium.remote.RemoteWebElement.execute(RemoteWebElement.java:274)
	at org.openqa.selenium.remote.RemoteWebElement.click(RemoteWebElement.java:84)
	at com.skava.framework.action.SeleniumActionEngine.clickElement(SeleniumActionEngine.java:103)
	at com.skava.reusable.components.CheckoutComponents.continueCheckoutClick(CheckoutComponents.java:513)
	at com.skava.testcases.LT_1235_GuestCheckout_Payment_FiledCheck.LT_1235_GuestCheckout_Payment_FiledCheck(LT_1235_GuestCheckout_Payment_FiledCheck.java:39)
	at sun.reflect.NativeMethodAccessorImpl.invoke0(Native Method)
	at sun.reflect.NativeMethodAccessorImpl.invoke(Unknown Source)
	at sun.reflect.DelegatingMethodAccessorImpl.invoke(Unknown Source)
	at java.lang.reflect.Method.invoke(Unknown Source)
	at org.testng.internal.MethodInvocationHelper.invokeMethod(MethodInvocationHelper.java:108)
	at org.testng.internal.Invoker.invokeMethod(Invoker.java:669)
	at org.testng.internal.Invoker.invokeTestMethod(Invoker.java:877)
	at org.testng.internal.Invoker.invokeTestMethods(Invoker.java:1201)
	at org.testng.internal.TestMethodWorker.invokeTestMethods(TestMethodWorker.java:125)
	at org.testng.internal.TestMethodWorker.run(TestMethodWorker.java:109)
	at java.util.concurrent.ThreadPoolExecutor.runWorker(Unknown Source)
	at java.util.concurrent.ThreadPoolExecutor$Worker.run(Unknown Source)
	at java.lang.Thread.run(Unknown Source)
19-03-2018 20:21 ERROR - Click Continue checkout buttonis not present - failed
19-03-2018 20:21 ERROR - TimeoutException
org.openqa.selenium.TimeoutException: Expected condition failed: waiting for visibility of element located by By.id: jsAddressVerificationLayer (tried for 20 second(s) with 500 MILLISECONDS interval)
	at org.openqa.selenium.support.ui.WebDriverWait.timeoutException(WebDriverWait.java:82)
	at org.openqa.selenium.support.ui.FluentWait.until(FluentWait.java:231)
	at com.skava.framework.action.SeleniumActionEngine.explicitWaitforVisibility(SeleniumActionEngine.java:183)
	at com.skava.framework.action.SeleniumActionEngine.isElementDisplayed(SeleniumActionEngine.java:201)
	at com.skava.reusable.components.CheckoutComponents.addressVerification(CheckoutComponents.java:111)
	at com.skava.testcases.LT_1235_GuestCheckout_Payment_FiledCheck.LT_1235_GuestCheckout_Payment_FiledCheck(LT_1235_GuestCheckout_Payment_FiledCheck.java:40)
	at sun.reflect.NativeMethodAccessorImpl.invoke0(Native Method)
	at sun.reflect.NativeMethodAccessorImpl.invoke(Unknown Source)
	at sun.reflect.DelegatingMethodAccessorImpl.invoke(Unknown Source)
	at java.lang.reflect.Method.invoke(Unknown Source)
	at org.testng.internal.MethodInvocationHelper.invokeMethod(MethodInvocationHelper.java:108)
	at org.testng.internal.Invoker.invokeMethod(Invoker.java:669)
	at org.testng.internal.Invoker.invokeTestMethod(Invoker.java:877)
	at org.testng.internal.Invoker.invokeTestMethods(Invoker.java:1201)
	at org.testng.internal.TestMethodWorker.invokeTestMethods(TestMethodWorker.java:125)
	at org.testng.internal.TestMethodWorker.run(TestMethodWorker.java:109)
	at java.util.concurrent.ThreadPoolExecutor.runWorker(Unknown Source)
	at java.util.concurrent.ThreadPoolExecutor$Worker.run(Unknown Source)
	at java.lang.Thread.run(Unknown Source)
Caused by: org.openqa.selenium.NoSuchElementException: Cannot locate an element using By.id: jsAddressVerificationLayer
For documentation on this error, please visit: http://seleniumhq.org/exceptions/no_such_element.html
Build info: version: '3.2.0', revision: '8c03df6b79', time: '2017-02-23 10:51:31 +0000'
System info: host: 'DESKTOP-AQOISD1', ip: '192.168.234.84', os.name: 'Windows 10', os.arch: 'amd64', os.version: '10.0', java.version: '1.8.0_112'
Driver info: driver.version: unknown
	at org.openqa.selenium.support.ui.ExpectedConditions.lambda$findElement$0(ExpectedConditions.java:882)
	at java.util.Optional.orElseThrow(Unknown Source)
	at org.openqa.selenium.support.ui.ExpectedConditions.findElement(ExpectedConditions.java:881)
	at org.openqa.selenium.support.ui.ExpectedConditions.access$000(ExpectedConditions.java:43)
	at org.openqa.selenium.support.ui.ExpectedConditions$7.apply(ExpectedConditions.java:205)
	at org.openqa.selenium.support.ui.ExpectedConditions$7.apply(ExpectedConditions.java:201)
	at org.openqa.selenium.support.ui.FluentWait.until(FluentWait.java:208)
	... 17 more
19-03-2018 20:21 ERROR - Address Verification is not present - failed
19-03-2018 20:22 ERROR - WebDriverException
org.openqa.selenium.WebDriverException: chrome not reachable
  (Session info: chrome=64.0.3282.186)
  (Driver info: chromedriver=2.33.506120 (e3e53437346286c0bc2d2dc9aa4915ba81d9023f),platform=Windows NT 10.0.16299 x86_64) (WARNING: The server did not provide any stacktrace information)
Command duration or timeout: 4.02 seconds
Build info: version: '3.2.0', revision: '8c03df6b79', time: '2017-02-23 10:51:31 +0000'
System info: host: 'DESKTOP-AQOISD1', ip: '192.168.234.84', os.name: 'Windows 10', os.arch: 'amd64', os.version: '10.0', java.version: '1.8.0_112'
Driver info: org.openqa.selenium.chrome.ChromeDriver
Capabilities [{applicationCacheEnabled=false, rotatable=false, mobileEmulationEnabled=false, networkConnectionEnabled=false, chrome={chromedriverVersion=2.33.506120 (e3e53437346286c0bc2d2dc9aa4915ba81d9023f), userDataDir=C:\Users\arunraj.n\AppData\Local\Temp\scoped_dir22516_11846}, takesHeapSnapshot=true, pageLoadStrategy=normal, databaseEnabled=false, handlesAlerts=true, hasTouchScreen=false, version=64.0.3282.186, platform=XP, browserConnectionEnabled=false, nativeEvents=true, acceptSslCerts=true, locationContextEnabled=true, webStorageEnabled=true, browserName=chrome, takesScreenshot=true, javascriptEnabled=true, cssSelectorsEnabled=true, setWindowRect=true, unexpectedAlertBehaviour=}]
Session ID: 27fea91855213c015d629dddca4208a4
*** Element info: {Using=id, value=tab-payment}
	at sun.reflect.NativeConstructorAccessorImpl.newInstance0(Native Method)
	at sun.reflect.NativeConstructorAccessorImpl.newInstance(Unknown Source)
	at sun.reflect.DelegatingConstructorAccessorImpl.newInstance(Unknown Source)
	at java.lang.reflect.Constructor.newInstance(Unknown Source)
	at org.openqa.selenium.remote.ErrorHandler.createThrowable(ErrorHandler.java:216)
	at org.openqa.selenium.remote.ErrorHandler.throwIfResponseFailed(ErrorHandler.java:168)
	at org.openqa.selenium.remote.RemoteWebDriver.execute(RemoteWebDriver.java:638)
	at org.openqa.selenium.remote.RemoteWebDriver.findElements(RemoteWebDriver.java:396)
	at org.openqa.selenium.remote.RemoteWebDriver.findElementsById(RemoteWebDriver.java:424)
	at org.openqa.selenium.By$ById.findElements(By.java:210)
	at org.openqa.selenium.remote.RemoteWebDriver.findElements(RemoteWebDriver.java:359)
	at org.openqa.selenium.support.ui.ExpectedConditions.findElement(ExpectedConditions.java:881)
	at org.openqa.selenium.support.ui.ExpectedConditions.access$000(ExpectedConditions.java:43)
	at org.openqa.selenium.support.ui.ExpectedConditions$7.apply(ExpectedConditions.java:205)
	at org.openqa.selenium.support.ui.ExpectedConditions$7.apply(ExpectedConditions.java:201)
	at org.openqa.selenium.support.ui.FluentWait.until(FluentWait.java:208)
	at com.skava.framework.action.SeleniumActionEngine.explicitWaitforVisibility(SeleniumActionEngine.java:183)
	at com.skava.framework.action.SeleniumActionEngine.isElementDisplayed(SeleniumActionEngine.java:201)
	at com.skava.reusable.components.CheckoutComponents.paymentPageValidation(CheckoutComponents.java:135)
	at com.skava.testcases.LT_1235_GuestCheckout_Payment_FiledCheck.LT_1235_GuestCheckout_Payment_FiledCheck(LT_1235_GuestCheckout_Payment_FiledCheck.java:41)
	at sun.reflect.NativeMethodAccessorImpl.invoke0(Native Method)
	at sun.reflect.NativeMethodAccessorImpl.invoke(Unknown Source)
	at sun.reflect.DelegatingMethodAccessorImpl.invoke(Unknown Source)
	at java.lang.reflect.Method.invoke(Unknown Source)
	at org.testng.internal.MethodInvocationHelper.invokeMethod(MethodInvocationHelper.java:108)
	at org.testng.internal.Invoker.invokeMethod(Invoker.java:669)
	at org.testng.internal.Invoker.invokeTestMethod(Invoker.java:877)
	at org.testng.internal.Invoker.invokeTestMethods(Invoker.java:1201)
	at org.testng.internal.TestMethodWorker.invokeTestMethods(TestMethodWorker.java:125)
	at org.testng.internal.TestMethodWorker.run(TestMethodWorker.java:109)
	at java.util.concurrent.ThreadPoolExecutor.runWorker(Unknown Source)
	at java.util.concurrent.ThreadPoolExecutor$Worker.run(Unknown Source)
	at java.lang.Thread.run(Unknown Source)
19-03-2018 20:22 ERROR - Place Order Page is not present - failed
19-03-2018 20:22 ERROR - WebDriverException
org.openqa.selenium.WebDriverException: chrome not reachable
  (Session info: chrome=64.0.3282.186)
  (Driver info: chromedriver=2.33.506120 (e3e53437346286c0bc2d2dc9aa4915ba81d9023f),platform=Windows NT 10.0.16299 x86_64) (WARNING: The server did not provide any stacktrace information)
Command duration or timeout: 4.01 seconds
Build info: version: '3.2.0', revision: '8c03df6b79', time: '2017-02-23 10:51:31 +0000'
System info: host: 'DESKTOP-AQOISD1', ip: '192.168.234.84', os.name: 'Windows 10', os.arch: 'amd64', os.version: '10.0', java.version: '1.8.0_112'
Driver info: org.openqa.selenium.chrome.ChromeDriver
Capabilities [{applicationCacheEnabled=false, rotatable=false, mobileEmulationEnabled=false, networkConnectionEnabled=false, chrome={chromedriverVersion=2.33.506120 (e3e53437346286c0bc2d2dc9aa4915ba81d9023f), userDataDir=C:\Users\arunraj.n\AppData\Local\Temp\scoped_dir22516_11846}, takesHeapSnapshot=true, pageLoadStrategy=normal, databaseEnabled=false, handlesAlerts=true, hasTouchScreen=false, version=64.0.3282.186, platform=XP, browserConnectionEnabled=false, nativeEvents=true, acceptSslCerts=true, locationContextEnabled=true, webStorageEnabled=true, browserName=chrome, takesScreenshot=true, javascriptEnabled=true, cssSelectorsEnabled=true, setWindowRect=true, unexpectedAlertBehaviour=}]
Session ID: 27fea91855213c015d629dddca4208a4
	at sun.reflect.NativeConstructorAccessorImpl.newInstance0(Native Method)
	at sun.reflect.NativeConstructorAccessorImpl.newInstance(Unknown Source)
	at sun.reflect.DelegatingConstructorAccessorImpl.newInstance(Unknown Source)
	at java.lang.reflect.Constructor.newInstance(Unknown Source)
	at org.openqa.selenium.remote.ErrorHandler.createThrowable(ErrorHandler.java:216)
	at org.openqa.selenium.remote.ErrorHandler.throwIfResponseFailed(ErrorHandler.java:168)
	at org.openqa.selenium.remote.RemoteWebDriver.execute(RemoteWebDriver.java:638)
	at org.openqa.selenium.remote.RemoteWebDriver.execute(RemoteWebDriver.java:661)
	at org.openqa.selenium.remote.RemoteWebDriver.getScreenshotAs(RemoteWebDriver.java:343)
	at com.skava.framework.action.SeleniumActionEngine.takeScreenshotWithPath(SeleniumActionEngine.java:403)
	at com.skava.framework.action.SeleniumActionEngine.explicitWaitforVisibility(SeleniumActionEngine.java:190)
	at com.skava.framework.action.SeleniumActionEngine.isElementDisplayed(SeleniumActionEngine.java:201)
	at com.skava.reusable.components.CheckoutComponents.paymentPageValidation(CheckoutComponents.java:135)
	at com.skava.testcases.LT_1235_GuestCheckout_Payment_FiledCheck.LT_1235_GuestCheckout_Payment_FiledCheck(LT_1235_GuestCheckout_Payment_FiledCheck.java:41)
	at sun.reflect.NativeMethodAccessorImpl.invoke0(Native Method)
	at sun.reflect.NativeMethodAccessorImpl.invoke(Unknown Source)
	at sun.reflect.DelegatingMethodAccessorImpl.invoke(Unknown Source)
	at java.lang.reflect.Method.invoke(Unknown Source)
	at org.testng.internal.MethodInvocationHelper.invokeMethod(MethodInvocationHelper.java:108)
	at org.testng.internal.Invoker.invokeMethod(Invoker.java:669)
	at org.testng.internal.Invoker.invokeTestMethod(Invoker.java:877)
	at org.testng.internal.Invoker.invokeTestMethods(Invoker.java:1201)
	at org.testng.internal.TestMethodWorker.invokeTestMethods(TestMethodWorker.java:125)
	at org.testng.internal.TestMethodWorker.run(TestMethodWorker.java:109)
	at java.util.concurrent.ThreadPoolExecutor.runWorker(Unknown Source)
	at java.util.concurrent.ThreadPoolExecutor$Worker.run(Unknown Source)
	at java.lang.Thread.run(Unknown Source)
