20-03-2018 10:34 INFO  - http://m.lordandtaylor.com/ is opened - Pass
20-03-2018 10:34 INFO  - Wait to get site Loaded is displayed - Pass
20-03-2018 10:34 INFO  - Click Menu is clicked - Pass
20-03-2018 10:34 INFO  - Menu Closed is clicked - Pass
20-03-2018 10:34 INFO  - http://m.lordandtaylor.com/ is opened - Pass
20-03-2018 10:34 INFO  - Carousel Banner Check is displayed - Pass
20-03-2018 10:34 INFO  - Carousel Banner Check is displayed - Pass
20-03-2018 10:34 INFO  - http://m.lordandtaylor.com/ is opened - Pass
20-03-2018 10:34 INFO  - Carousel Banner Check is displayed - Pass
20-03-2018 10:34 INFO  - Carousel Banner Check is displayed - Pass
20-03-2018 10:34 INFO  - PDP Page wait is displayed - Pass
20-03-2018 10:35 INFO  - http://m.lordandtaylor.com/ is opened - Pass
20-03-2018 10:35 INFO  - Footer Container is displayed - Pass
20-03-2018 10:35 INFO  - scrolled to Scroll to Footer - Pass
20-03-2018 10:35 INFO  - Call & Email Link is displayed - Pass
20-03-2018 10:35 INFO  - signUpForDailyEmails is displayed - Pass
20-03-2018 10:35 INFO  - Social Share Icons is displayed - Pass
20-03-2018 10:35 INFO  - Accordion Menus is displayed - Pass
20-03-2018 10:35 INFO  - SignUpForSms is displayed - Pass
20-03-2018 10:35 INFO  - copyRight is displayed - Pass
20-03-2018 10:35 INFO  - PrivacyPolicy is displayed - Pass
20-03-2018 10:35 INFO  - http://m.lordandtaylor.com/ is opened - Pass
20-03-2018 10:35 INFO  - search/PLP page is displayed - Pass
20-03-2018 10:35 INFO  - http://m.lordandtaylor.com/ is opened - Pass
20-03-2018 10:35 INFO  - Click Promo is clicked - Pass
20-03-2018 10:35 INFO  - Promo Page is displayed - Pass
20-03-2018 10:35 INFO  - http://m.lordandtaylor.com/ is opened - Pass
20-03-2018 10:35 INFO  - Click Search is clicked - Pass
20-03-2018 10:35 INFO  - Search is entered in the field - Pass
20-03-2018 10:35 INFO  - Search Suggesion Displayed is displayed - Pass
20-03-2018 10:35 INFO  - http://m.lordandtaylor.com/ is opened - Pass
20-03-2018 10:35 INFO  - Click Search is clicked - Pass
20-03-2018 10:35 INFO  - Search is entered in the field - Pass
20-03-2018 10:35 INFO  - Search Suggesion Displayed is displayed - Pass
20-03-2018 10:35 INFO  - Search Suggesion Displayed is displayed - Pass
20-03-2018 10:35 INFO  - Click Cart is clicked - Pass
20-03-2018 10:35 INFO  - Cart wrapper Opened is displayed - Pass
20-03-2018 10:35 INFO  - Cart Empty Text is displayed - Pass
20-03-2018 10:35 INFO  - http://m.lordandtaylor.com/ is opened - Pass
20-03-2018 10:35 INFO  - Back To Homepage is clicked - Pass
20-03-2018 10:35 INFO  - Click Search is clicked - Pass
20-03-2018 10:35 INFO  - Shirts is entered in Search - Pass
20-03-2018 10:35 INFO  - PLP page is displayed - Pass
20-03-2018 10:35 INFO  - search/PLP page is displayed - Pass
20-03-2018 10:35 INFO  - Search Count is displayed - Pass
20-03-2018 10:36 INFO  - http://m.lordandtaylor.com/ is opened - Pass
20-03-2018 10:36 INFO  - Wait to get site Loaded is displayed - Pass
20-03-2018 10:36 INFO  - Click Menu is clicked - Pass
20-03-2018 10:36 INFO  - PDP Page wait is displayed - Pass
20-03-2018 10:36 INFO  - Selecting Brand Category from pancake is clicked - Pass
20-03-2018 10:36 INFO  - Selecting Brand Sub category is clicked - Pass
20-03-2018 10:36 INFO  - http://m.lordandtaylor.com/ is opened - Pass
20-03-2018 10:36 INFO  - Wait to get site Loaded is displayed - Pass
20-03-2018 10:36 INFO  - Click Menu is clicked - Pass
20-03-2018 10:36 INFO  - Selecting Brand Category from pancake is clicked - Pass
20-03-2018 10:36 INFO  - Selecting Brand Sub category is clicked - Pass
20-03-2018 10:36 INFO  - PDP Page wait is displayed - Pass
20-03-2018 10:36 INFO  - Brands page is displayed - Pass
20-03-2018 10:36 INFO  - Brands page is displayed - Pass
20-03-2018 10:36 INFO  - Brand PLP page is displayed - Pass
20-03-2018 10:36 INFO  - Product List Page is displayed - Pass
20-03-2018 10:36 INFO  - Product Image is displayed - Pass
20-03-2018 10:36 INFO  - Product NameList is displayed - Pass
20-03-2018 10:36 INFO  - Product Description is displayed - Pass
20-03-2018 10:36 INFO  - Product Price is displayed - Pass
20-03-2018 10:36 INFO  - http://m.lordandtaylor.com/ is opened - Pass
20-03-2018 10:36 INFO  - Click Search is clicked - Pass
20-03-2018 10:36 INFO  - http://m.lordandtaylor.com/ is opened - Pass
20-03-2018 10:36 INFO  - Click Search is clicked - Pass
20-03-2018 10:36 INFO  - Shirts is entered in Search - Pass
20-03-2018 10:36 INFO  - http://m.lordandtaylor.com/ is opened - Pass
20-03-2018 10:36 INFO  - Wait to get site Loaded is displayed - Pass
20-03-2018 10:36 INFO  - Shirts is entered in Search - Pass
20-03-2018 10:36 INFO  - Click Menu is clicked - Pass
20-03-2018 10:36 INFO  - Menu Clicked is clicked - Pass
20-03-2018 10:36 INFO  - Sub Menu Clicked is clicked - Pass
20-03-2018 10:36 INFO  - Sub Menu2 Clicked is clicked - Pass
20-03-2018 10:36 INFO  - Bread Crumb is displayed - Pass
20-03-2018 10:36 INFO  - search/PLP page is displayed - Pass
20-03-2018 10:36 INFO  - Search Count is displayed - Pass
20-03-2018 10:36 INFO  - search/PLP page is displayed - Pass
20-03-2018 10:36 INFO  - Product List Page is displayed - Pass
20-03-2018 10:36 INFO  - Search Count is displayed - Pass
20-03-2018 10:36 INFO  - Product Image is displayed - Pass
20-03-2018 10:36 INFO  - Product NameList is displayed - Pass
20-03-2018 10:36 INFO  - Products displayed in PLP Page is displayed - Pass
20-03-2018 10:36 INFO  - Product Description is displayed - Pass
20-03-2018 10:36 INFO  - Product Price is displayed - Pass
20-03-2018 10:36 INFO  - Back To Top is displayed - Pass
20-03-2018 10:36 INFO  - Back To Top is clicked - Pass
20-03-2018 10:36 INFO  - Wait is displayed - Pass
20-03-2018 10:36 INFO  - http://m.lordandtaylor.com/ is opened - Pass
20-03-2018 10:36 INFO  - Click Search is clicked - Pass
20-03-2018 10:37 INFO  - lipstick is entered in Search - Pass
20-03-2018 10:37 INFO  - http://m.lordandtaylor.com/ is opened - Pass
20-03-2018 10:37 INFO  - Click Search is clicked - Pass
20-03-2018 10:37 INFO  - Shoes is entered in Search - Pass
20-03-2018 10:37 INFO  - http://m.lordandtaylor.com/ is opened - Pass
20-03-2018 10:37 INFO  - Click Search is clicked - Pass
20-03-2018 10:37 INFO  - Shirts is entered in Search - Pass
20-03-2018 10:37 INFO  - search/PLP page is displayed - Pass
20-03-2018 10:37 INFO  - Search Count is displayed - Pass
20-03-2018 10:37 INFO  - Sorting Clicked is clicked - Pass
20-03-2018 10:37 INFO  - Refine is displayed - Pass
20-03-2018 10:37 INFO  - search/PLP page is displayed - Pass
20-03-2018 10:37 INFO  - Search Count is displayed - Pass
20-03-2018 10:37 INFO  - search/PLP page is displayed - Pass
20-03-2018 10:37 INFO  - Wait Bag Qty is displayed - Pass
20-03-2018 10:37 INFO  - Search Count is displayed - Pass
20-03-2018 10:37 INFO  - Product List Page is displayed - Pass
20-03-2018 10:37 INFO  - Product Image is displayed - Pass
20-03-2018 10:37 INFO  - Product NameList is displayed - Pass
20-03-2018 10:37 INFO  - Product Description is displayed - Pass
20-03-2018 10:37 INFO  - Product Price is displayed - Pass
20-03-2018 10:37 INFO  - Wait Bag Qty is displayed - Pass
20-03-2018 10:37 INFO  -  Sort and filter button click is clicked - Pass
20-03-2018 10:37 INFO  - Wait Bag Qty is displayed - Pass
20-03-2018 10:37 INFO  - http://m.lordandtaylor.com/ is opened - Pass
20-03-2018 10:37 INFO  - Click Search is clicked - Pass
20-03-2018 10:37 INFO  - Shirts is entered in Search - Pass
20-03-2018 10:37 ERROR - TimeoutException
org.openqa.selenium.TimeoutException: Expected condition failed: waiting for visibility of element located by By.id: pdpAddtoBagBtn (tried for 5 second(s) with 500 MILLISECONDS interval)
	at org.openqa.selenium.support.ui.WebDriverWait.timeoutException(WebDriverWait.java:82)
	at org.openqa.selenium.support.ui.FluentWait.until(FluentWait.java:231)
	at com.skava.framework.action.SeleniumActionEngine.explicitWaitforVisibility(SeleniumActionEngine.java:183)
	at com.skava.reusable.components.PLPandPDPComponents.sort_ApplyFilter(PLPandPDPComponents.java:608)
	at com.skava.testcases.LT_383_Sort_ApplyFilter.LT_383_Sort_ApplyFilter(LT_383_Sort_ApplyFilter.java:27)
	at sun.reflect.NativeMethodAccessorImpl.invoke0(Native Method)
	at sun.reflect.NativeMethodAccessorImpl.invoke(Unknown Source)
	at sun.reflect.DelegatingMethodAccessorImpl.invoke(Unknown Source)
	at java.lang.reflect.Method.invoke(Unknown Source)
	at org.testng.internal.MethodInvocationHelper.invokeMethod(MethodInvocationHelper.java:108)
	at org.testng.internal.Invoker.invokeMethod(Invoker.java:669)
	at org.testng.internal.Invoker.invokeTestMethod(Invoker.java:877)
	at org.testng.internal.Invoker.invokeTestMethods(Invoker.java:1201)
	at org.testng.internal.TestMethodWorker.invokeTestMethods(TestMethodWorker.java:125)
	at org.testng.internal.TestMethodWorker.run(TestMethodWorker.java:109)
	at java.util.concurrent.ThreadPoolExecutor.runWorker(Unknown Source)
	at java.util.concurrent.ThreadPoolExecutor$Worker.run(Unknown Source)
	at java.lang.Thread.run(Unknown Source)
Caused by: org.openqa.selenium.NoSuchElementException: Cannot locate an element using By.id: pdpAddtoBagBtn
For documentation on this error, please visit: http://seleniumhq.org/exceptions/no_such_element.html
Build info: version: '3.2.0', revision: '8c03df6b79', time: '2017-02-23 10:51:31 +0000'
System info: host: 'DESKTOP-AQOISD1', ip: '192.168.234.84', os.name: 'Windows 10', os.arch: 'amd64', os.version: '10.0', java.version: '1.8.0_112'
Driver info: driver.version: unknown
	at org.openqa.selenium.support.ui.ExpectedConditions.lambda$findElement$0(ExpectedConditions.java:882)
	at java.util.Optional.orElseThrow(Unknown Source)
	at org.openqa.selenium.support.ui.ExpectedConditions.findElement(ExpectedConditions.java:881)
	at org.openqa.selenium.support.ui.ExpectedConditions.access$000(ExpectedConditions.java:43)
	at org.openqa.selenium.support.ui.ExpectedConditions$7.apply(ExpectedConditions.java:205)
	at org.openqa.selenium.support.ui.ExpectedConditions$7.apply(ExpectedConditions.java:201)
	at org.openqa.selenium.support.ui.FluentWait.until(FluentWait.java:208)
	... 16 more
20-03-2018 10:37 ERROR - Wait is not present - failed
20-03-2018 10:37 INFO  -  Sort and filter button click is clicked - Pass
20-03-2018 10:37 INFO  - Wait Bag Qty is displayed - Pass
20-03-2018 10:37 INFO  - PLP page is displayed after sorting is displayed - Pass
20-03-2018 10:37 INFO  - Apply button is displayed on selecting the category is displayed - Pass
20-03-2018 10:37 INFO  - scrolled to Scroll to apply - Pass
20-03-2018 10:37 INFO  - Click apply button is clicked - Pass
20-03-2018 10:37 INFO  - search/PLP page is displayed - Pass
20-03-2018 10:37 INFO  - Search Count is displayed - Pass
20-03-2018 10:37 INFO  - PLP page is displayed after sorting is displayed - Pass
20-03-2018 10:37 INFO  - Wait Bag Qty is displayed - Pass
20-03-2018 10:37 ERROR - TimeoutException
org.openqa.selenium.TimeoutException: Expected condition failed: waiting for visibility of element located by By.id: pdpAddtoBagBtn (tried for 10 second(s) with 500 MILLISECONDS interval)
	at org.openqa.selenium.support.ui.WebDriverWait.timeoutException(WebDriverWait.java:82)
	at org.openqa.selenium.support.ui.FluentWait.until(FluentWait.java:231)
	at com.skava.framework.action.SeleniumActionEngine.explicitWaitforVisibility(SeleniumActionEngine.java:183)
	at com.skava.reusable.components.PLPandPDPComponents.sort_ApplyFilter(PLPandPDPComponents.java:642)
	at com.skava.testcases.LT_383_Sort_ApplyFilter.LT_383_Sort_ApplyFilter(LT_383_Sort_ApplyFilter.java:27)
	at sun.reflect.NativeMethodAccessorImpl.invoke0(Native Method)
	at sun.reflect.NativeMethodAccessorImpl.invoke(Unknown Source)
	at sun.reflect.DelegatingMethodAccessorImpl.invoke(Unknown Source)
	at java.lang.reflect.Method.invoke(Unknown Source)
	at org.testng.internal.MethodInvocationHelper.invokeMethod(MethodInvocationHelper.java:108)
	at org.testng.internal.Invoker.invokeMethod(Invoker.java:669)
	at org.testng.internal.Invoker.invokeTestMethod(Invoker.java:877)
	at org.testng.internal.Invoker.invokeTestMethods(Invoker.java:1201)
	at org.testng.internal.TestMethodWorker.invokeTestMethods(TestMethodWorker.java:125)
	at org.testng.internal.TestMethodWorker.run(TestMethodWorker.java:109)
	at java.util.concurrent.ThreadPoolExecutor.runWorker(Unknown Source)
	at java.util.concurrent.ThreadPoolExecutor$Worker.run(Unknown Source)
	at java.lang.Thread.run(Unknown Source)
Caused by: org.openqa.selenium.NoSuchElementException: Cannot locate an element using By.id: pdpAddtoBagBtn
For documentation on this error, please visit: http://seleniumhq.org/exceptions/no_such_element.html
Build info: version: '3.2.0', revision: '8c03df6b79', time: '2017-02-23 10:51:31 +0000'
System info: host: 'DESKTOP-AQOISD1', ip: '192.168.234.84', os.name: 'Windows 10', os.arch: 'amd64', os.version: '10.0', java.version: '1.8.0_112'
Driver info: driver.version: unknown
	at org.openqa.selenium.support.ui.ExpectedConditions.lambda$findElement$0(ExpectedConditions.java:882)
	at java.util.Optional.orElseThrow(Unknown Source)
	at org.openqa.selenium.support.ui.ExpectedConditions.findElement(ExpectedConditions.java:881)
	at org.openqa.selenium.support.ui.ExpectedConditions.access$000(ExpectedConditions.java:43)
	at org.openqa.selenium.support.ui.ExpectedConditions$7.apply(ExpectedConditions.java:205)
	at org.openqa.selenium.support.ui.ExpectedConditions$7.apply(ExpectedConditions.java:201)
	at org.openqa.selenium.support.ui.FluentWait.until(FluentWait.java:208)
	... 16 more
20-03-2018 10:37 ERROR - Wait is not present - failed
20-03-2018 10:37 INFO  - http://m.lordandtaylor.com/ is opened - Pass
20-03-2018 10:37 INFO  - Click Search is clicked - Pass
20-03-2018 10:37 INFO  - PLP page is displayed after sorting is displayed - Pass
20-03-2018 10:37 INFO  - PLP page is displayed after sorting is displayed - Pass
20-03-2018 10:37 INFO  - Shoes is entered in Search - Pass
20-03-2018 10:37 ERROR - TimeoutException
org.openqa.selenium.TimeoutException: Expected condition failed: waiting for visibility of element located by By.id: pdpAddtoBagBtn (tried for 5 second(s) with 500 MILLISECONDS interval)
	at org.openqa.selenium.support.ui.WebDriverWait.timeoutException(WebDriverWait.java:82)
	at org.openqa.selenium.support.ui.FluentWait.until(FluentWait.java:231)
	at com.skava.framework.action.SeleniumActionEngine.explicitWaitforVisibility(SeleniumActionEngine.java:183)
	at com.skava.reusable.components.PLPandPDPComponents.sort_ApplyFilter(PLPandPDPComponents.java:608)
	at com.skava.testcases.LT_387_SortClearAll.LT_387_Sort_ClearAll(LT_387_SortClearAll.java:28)
	at sun.reflect.NativeMethodAccessorImpl.invoke0(Native Method)
	at sun.reflect.NativeMethodAccessorImpl.invoke(Unknown Source)
	at sun.reflect.DelegatingMethodAccessorImpl.invoke(Unknown Source)
	at java.lang.reflect.Method.invoke(Unknown Source)
	at org.testng.internal.MethodInvocationHelper.invokeMethod(MethodInvocationHelper.java:108)
	at org.testng.internal.Invoker.invokeMethod(Invoker.java:669)
	at org.testng.internal.Invoker.invokeTestMethod(Invoker.java:877)
	at org.testng.internal.Invoker.invokeTestMethods(Invoker.java:1201)
	at org.testng.internal.TestMethodWorker.invokeTestMethods(TestMethodWorker.java:125)
	at org.testng.internal.TestMethodWorker.run(TestMethodWorker.java:109)
	at java.util.concurrent.ThreadPoolExecutor.runWorker(Unknown Source)
	at java.util.concurrent.ThreadPoolExecutor$Worker.run(Unknown Source)
	at java.lang.Thread.run(Unknown Source)
Caused by: org.openqa.selenium.NoSuchElementException: Cannot locate an element using By.id: pdpAddtoBagBtn
For documentation on this error, please visit: http://seleniumhq.org/exceptions/no_such_element.html
Build info: version: '3.2.0', revision: '8c03df6b79', time: '2017-02-23 10:51:31 +0000'
System info: host: 'DESKTOP-AQOISD1', ip: '192.168.234.84', os.name: 'Windows 10', os.arch: 'amd64', os.version: '10.0', java.version: '1.8.0_112'
Driver info: driver.version: unknown
	at org.openqa.selenium.support.ui.ExpectedConditions.lambda$findElement$0(ExpectedConditions.java:882)
	at java.util.Optional.orElseThrow(Unknown Source)
	at org.openqa.selenium.support.ui.ExpectedConditions.findElement(ExpectedConditions.java:881)
	at org.openqa.selenium.support.ui.ExpectedConditions.access$000(ExpectedConditions.java:43)
	at org.openqa.selenium.support.ui.ExpectedConditions$7.apply(ExpectedConditions.java:205)
	at org.openqa.selenium.support.ui.ExpectedConditions$7.apply(ExpectedConditions.java:201)
	at org.openqa.selenium.support.ui.FluentWait.until(FluentWait.java:208)
	... 16 more
20-03-2018 10:37 ERROR - Wait is not present - failed
20-03-2018 10:37 INFO  -  Sort and filter button click is clicked - Pass
20-03-2018 10:37 INFO  - Wait Bag Qty is displayed - Pass
20-03-2018 10:37 INFO  - Apply button is displayed on selecting the category is displayed - Pass
20-03-2018 10:37 INFO  - scrolled to Scroll to apply - Pass
20-03-2018 10:37 ERROR - TimeoutException
org.openqa.selenium.TimeoutException: Expected condition failed: waiting for visibility of element located by By.id: pdpAddtoBagBtn (tried for 5 second(s) with 500 MILLISECONDS interval)
	at org.openqa.selenium.support.ui.WebDriverWait.timeoutException(WebDriverWait.java:82)
	at org.openqa.selenium.support.ui.FluentWait.until(FluentWait.java:231)
	at com.skava.framework.action.SeleniumActionEngine.explicitWaitforVisibility(SeleniumActionEngine.java:183)
	at com.skava.reusable.components.PLPandPDPComponents.sort_ApplyFilter(PLPandPDPComponents.java:649)
	at com.skava.testcases.LT_383_Sort_ApplyFilter.LT_383_Sort_ApplyFilter(LT_383_Sort_ApplyFilter.java:27)
	at sun.reflect.NativeMethodAccessorImpl.invoke0(Native Method)
	at sun.reflect.NativeMethodAccessorImpl.invoke(Unknown Source)
	at sun.reflect.DelegatingMethodAccessorImpl.invoke(Unknown Source)
	at java.lang.reflect.Method.invoke(Unknown Source)
	at org.testng.internal.MethodInvocationHelper.invokeMethod(MethodInvocationHelper.java:108)
	at org.testng.internal.Invoker.invokeMethod(Invoker.java:669)
	at org.testng.internal.Invoker.invokeTestMethod(Invoker.java:877)
	at org.testng.internal.Invoker.invokeTestMethods(Invoker.java:1201)
	at org.testng.internal.TestMethodWorker.invokeTestMethods(TestMethodWorker.java:125)
	at org.testng.internal.TestMethodWorker.run(TestMethodWorker.java:109)
	at java.util.concurrent.ThreadPoolExecutor.runWorker(Unknown Source)
	at java.util.concurrent.ThreadPoolExecutor$Worker.run(Unknown Source)
	at java.lang.Thread.run(Unknown Source)
Caused by: org.openqa.selenium.NoSuchElementException: Cannot locate an element using By.id: pdpAddtoBagBtn
For documentation on this error, please visit: http://seleniumhq.org/exceptions/no_such_element.html
Build info: version: '3.2.0', revision: '8c03df6b79', time: '2017-02-23 10:51:31 +0000'
System info: host: 'DESKTOP-AQOISD1', ip: '192.168.234.84', os.name: 'Windows 10', os.arch: 'amd64', os.version: '10.0', java.version: '1.8.0_112'
Driver info: driver.version: unknown
	at org.openqa.selenium.support.ui.ExpectedConditions.lambda$findElement$0(ExpectedConditions.java:882)
	at java.util.Optional.orElseThrow(Unknown Source)
	at org.openqa.selenium.support.ui.ExpectedConditions.findElement(ExpectedConditions.java:881)
	at org.openqa.selenium.support.ui.ExpectedConditions.access$000(ExpectedConditions.java:43)
	at org.openqa.selenium.support.ui.ExpectedConditions$7.apply(ExpectedConditions.java:205)
	at org.openqa.selenium.support.ui.ExpectedConditions$7.apply(ExpectedConditions.java:201)
	at org.openqa.selenium.support.ui.FluentWait.until(FluentWait.java:208)
	... 16 more
20-03-2018 10:37 ERROR - Wait is not present - failed
20-03-2018 10:37 INFO  - Click apply button is clicked - Pass
20-03-2018 10:37 INFO  - search/PLP page is displayed - Pass
20-03-2018 10:37 INFO  - Search Count is displayed - Pass
20-03-2018 10:37 INFO  - PDP Page wait is displayed - Pass
20-03-2018 10:37 INFO  - PDP Page wait is displayed - Pass
20-03-2018 10:37 ERROR - TimeoutException
org.openqa.selenium.TimeoutException: Expected condition failed: waiting for visibility of element located by By.id: pdpAddtoBagBtn (tried for 10 second(s) with 500 MILLISECONDS interval)
	at org.openqa.selenium.support.ui.WebDriverWait.timeoutException(WebDriverWait.java:82)
	at org.openqa.selenium.support.ui.FluentWait.until(FluentWait.java:231)
	at com.skava.framework.action.SeleniumActionEngine.explicitWaitforVisibility(SeleniumActionEngine.java:183)
	at com.skava.reusable.components.PLPandPDPComponents.sort_ApplyFilter(PLPandPDPComponents.java:642)
	at com.skava.testcases.LT_387_SortClearAll.LT_387_Sort_ClearAll(LT_387_SortClearAll.java:28)
	at sun.reflect.NativeMethodAccessorImpl.invoke0(Native Method)
	at sun.reflect.NativeMethodAccessorImpl.invoke(Unknown Source)
	at sun.reflect.DelegatingMethodAccessorImpl.invoke(Unknown Source)
	at java.lang.reflect.Method.invoke(Unknown Source)
	at org.testng.internal.MethodInvocationHelper.invokeMethod(MethodInvocationHelper.java:108)
	at org.testng.internal.Invoker.invokeMethod(Invoker.java:669)
	at org.testng.internal.Invoker.invokeTestMethod(Invoker.java:877)
	at org.testng.internal.Invoker.invokeTestMethods(Invoker.java:1201)
	at org.testng.internal.TestMethodWorker.invokeTestMethods(TestMethodWorker.java:125)
	at org.testng.internal.TestMethodWorker.run(TestMethodWorker.java:109)
	at java.util.concurrent.ThreadPoolExecutor.runWorker(Unknown Source)
	at java.util.concurrent.ThreadPoolExecutor$Worker.run(Unknown Source)
	at java.lang.Thread.run(Unknown Source)
Caused by: org.openqa.selenium.NoSuchElementException: Cannot locate an element using By.id: pdpAddtoBagBtn
For documentation on this error, please visit: http://seleniumhq.org/exceptions/no_such_element.html
Build info: version: '3.2.0', revision: '8c03df6b79', time: '2017-02-23 10:51:31 +0000'
System info: host: 'DESKTOP-AQOISD1', ip: '192.168.234.84', os.name: 'Windows 10', os.arch: 'amd64', os.version: '10.0', java.version: '1.8.0_112'
Driver info: driver.version: unknown
	at org.openqa.selenium.support.ui.ExpectedConditions.lambda$findElement$0(ExpectedConditions.java:882)
	at java.util.Optional.orElseThrow(Unknown Source)
	at org.openqa.selenium.support.ui.ExpectedConditions.findElement(ExpectedConditions.java:881)
	at org.openqa.selenium.support.ui.ExpectedConditions.access$000(ExpectedConditions.java:43)
	at org.openqa.selenium.support.ui.ExpectedConditions$7.apply(ExpectedConditions.java:205)
	at org.openqa.selenium.support.ui.ExpectedConditions$7.apply(ExpectedConditions.java:201)
	at org.openqa.selenium.support.ui.FluentWait.until(FluentWait.java:208)
	... 16 more
20-03-2018 10:37 ERROR - Wait is not present - failed
20-03-2018 10:37 INFO  - PLP page is displayed after sorting is displayed - Pass
20-03-2018 10:37 INFO  - PLP page is displayed after sorting is displayed - Pass
20-03-2018 10:37 INFO  - http://m.lordandtaylor.com/ is opened - Pass
20-03-2018 10:37 INFO  - Click Search is clicked - Pass
20-03-2018 10:37 INFO  - shirts is entered in Search - Pass
20-03-2018 10:37 ERROR - TimeoutException
org.openqa.selenium.TimeoutException: Expected condition failed: waiting for visibility of element located by By.id: pdpAddtoBagBtn (tried for 5 second(s) with 500 MILLISECONDS interval)
	at org.openqa.selenium.support.ui.WebDriverWait.timeoutException(WebDriverWait.java:82)
	at org.openqa.selenium.support.ui.FluentWait.until(FluentWait.java:231)
	at com.skava.framework.action.SeleniumActionEngine.explicitWaitforVisibility(SeleniumActionEngine.java:183)
	at com.skava.reusable.components.PLPandPDPComponents.sort_ApplyFilter(PLPandPDPComponents.java:649)
	at com.skava.testcases.LT_387_SortClearAll.LT_387_Sort_ClearAll(LT_387_SortClearAll.java:28)
	at sun.reflect.NativeMethodAccessorImpl.invoke0(Native Method)
	at sun.reflect.NativeMethodAccessorImpl.invoke(Unknown Source)
	at sun.reflect.DelegatingMethodAccessorImpl.invoke(Unknown Source)
	at java.lang.reflect.Method.invoke(Unknown Source)
	at org.testng.internal.MethodInvocationHelper.invokeMethod(MethodInvocationHelper.java:108)
	at org.testng.internal.Invoker.invokeMethod(Invoker.java:669)
	at org.testng.internal.Invoker.invokeTestMethod(Invoker.java:877)
	at org.testng.internal.Invoker.invokeTestMethods(Invoker.java:1201)
	at org.testng.internal.TestMethodWorker.invokeTestMethods(TestMethodWorker.java:125)
	at org.testng.internal.TestMethodWorker.run(TestMethodWorker.java:109)
	at java.util.concurrent.ThreadPoolExecutor.runWorker(Unknown Source)
	at java.util.concurrent.ThreadPoolExecutor$Worker.run(Unknown Source)
	at java.lang.Thread.run(Unknown Source)
Caused by: org.openqa.selenium.NoSuchElementException: Cannot locate an element using By.id: pdpAddtoBagBtn
For documentation on this error, please visit: http://seleniumhq.org/exceptions/no_such_element.html
Build info: version: '3.2.0', revision: '8c03df6b79', time: '2017-02-23 10:51:31 +0000'
System info: host: 'DESKTOP-AQOISD1', ip: '192.168.234.84', os.name: 'Windows 10', os.arch: 'amd64', os.version: '10.0', java.version: '1.8.0_112'
Driver info: driver.version: unknown
	at org.openqa.selenium.support.ui.ExpectedConditions.lambda$findElement$0(ExpectedConditions.java:882)
	at java.util.Optional.orElseThrow(Unknown Source)
	at org.openqa.selenium.support.ui.ExpectedConditions.findElement(ExpectedConditions.java:881)
	at org.openqa.selenium.support.ui.ExpectedConditions.access$000(ExpectedConditions.java:43)
	at org.openqa.selenium.support.ui.ExpectedConditions$7.apply(ExpectedConditions.java:205)
	at org.openqa.selenium.support.ui.ExpectedConditions$7.apply(ExpectedConditions.java:201)
	at org.openqa.selenium.support.ui.FluentWait.until(FluentWait.java:208)
	... 16 more
20-03-2018 10:37 ERROR - Wait is not present - failed
20-03-2018 10:37 INFO  - PLP page is displayed after sorting is displayed - Pass
20-03-2018 10:37 INFO  - Wait Bag Qty is displayed - Pass
20-03-2018 10:38 INFO  - http://m.lordandtaylor.com/ is opened - Pass
20-03-2018 10:38 INFO  - Click Search is clicked - Pass
20-03-2018 10:38 INFO  - shoes is entered in Search - Pass
20-03-2018 10:38 INFO  - search/PLP page is displayed - Pass
20-03-2018 10:38 INFO  - Search Count is displayed - Pass
20-03-2018 10:38 ERROR - TimeoutException
org.openqa.selenium.TimeoutException: Expected condition failed: waiting for visibility of element located by By.id: pdpAddtoBagBtn (tried for 5 second(s) with 500 MILLISECONDS interval)
	at org.openqa.selenium.support.ui.WebDriverWait.timeoutException(WebDriverWait.java:82)
	at org.openqa.selenium.support.ui.FluentWait.until(FluentWait.java:231)
	at com.skava.framework.action.SeleniumActionEngine.explicitWaitforVisibility(SeleniumActionEngine.java:183)
	at com.skava.reusable.components.PLPandPDPComponents.sort_ClearAll(PLPandPDPComponents.java:729)
	at com.skava.testcases.LT_387_SortClearAll.LT_387_Sort_ClearAll(LT_387_SortClearAll.java:29)
	at sun.reflect.NativeMethodAccessorImpl.invoke0(Native Method)
	at sun.reflect.NativeMethodAccessorImpl.invoke(Unknown Source)
	at sun.reflect.DelegatingMethodAccessorImpl.invoke(Unknown Source)
	at java.lang.reflect.Method.invoke(Unknown Source)
	at org.testng.internal.MethodInvocationHelper.invokeMethod(MethodInvocationHelper.java:108)
	at org.testng.internal.Invoker.invokeMethod(Invoker.java:669)
	at org.testng.internal.Invoker.invokeTestMethod(Invoker.java:877)
	at org.testng.internal.Invoker.invokeTestMethods(Invoker.java:1201)
	at org.testng.internal.TestMethodWorker.invokeTestMethods(TestMethodWorker.java:125)
	at org.testng.internal.TestMethodWorker.run(TestMethodWorker.java:109)
	at java.util.concurrent.ThreadPoolExecutor.runWorker(Unknown Source)
	at java.util.concurrent.ThreadPoolExecutor$Worker.run(Unknown Source)
	at java.lang.Thread.run(Unknown Source)
Caused by: org.openqa.selenium.NoSuchElementException: Cannot locate an element using By.id: pdpAddtoBagBtn
For documentation on this error, please visit: http://seleniumhq.org/exceptions/no_such_element.html
Build info: version: '3.2.0', revision: '8c03df6b79', time: '2017-02-23 10:51:31 +0000'
System info: host: 'DESKTOP-AQOISD1', ip: '192.168.234.84', os.name: 'Windows 10', os.arch: 'amd64', os.version: '10.0', java.version: '1.8.0_112'
Driver info: driver.version: unknown
	at org.openqa.selenium.support.ui.ExpectedConditions.lambda$findElement$0(ExpectedConditions.java:882)
	at java.util.Optional.orElseThrow(Unknown Source)
	at org.openqa.selenium.support.ui.ExpectedConditions.findElement(ExpectedConditions.java:881)
	at org.openqa.selenium.support.ui.ExpectedConditions.access$000(ExpectedConditions.java:43)
	at org.openqa.selenium.support.ui.ExpectedConditions$7.apply(ExpectedConditions.java:205)
	at org.openqa.selenium.support.ui.ExpectedConditions$7.apply(ExpectedConditions.java:201)
	at org.openqa.selenium.support.ui.FluentWait.until(FluentWait.java:208)
	... 16 more
20-03-2018 10:38 ERROR - Wait is not present - failed
20-03-2018 10:38 INFO  -  Sort and filter button click is clicked - Pass
20-03-2018 10:38 INFO  - Wait Bag Qty is displayed - Pass
20-03-2018 10:38 INFO  - PDP Page wait is displayed - Pass
20-03-2018 10:38 ERROR - TimeoutException
org.openqa.selenium.TimeoutException: Expected condition failed: waiting for visibility of element located by By.id: pdpAddtoBagBtn (tried for 5 second(s) with 500 MILLISECONDS interval)
	at org.openqa.selenium.support.ui.WebDriverWait.timeoutException(WebDriverWait.java:82)
	at org.openqa.selenium.support.ui.FluentWait.until(FluentWait.java:231)
	at com.skava.framework.action.SeleniumActionEngine.explicitWaitforVisibility(SeleniumActionEngine.java:183)
	at com.skava.reusable.components.PLPandPDPComponents.sort_ClearAll(PLPandPDPComponents.java:735)
	at com.skava.testcases.LT_387_SortClearAll.LT_387_Sort_ClearAll(LT_387_SortClearAll.java:29)
	at sun.reflect.NativeMethodAccessorImpl.invoke0(Native Method)
	at sun.reflect.NativeMethodAccessorImpl.invoke(Unknown Source)
	at sun.reflect.DelegatingMethodAccessorImpl.invoke(Unknown Source)
	at java.lang.reflect.Method.invoke(Unknown Source)
	at org.testng.internal.MethodInvocationHelper.invokeMethod(MethodInvocationHelper.java:108)
	at org.testng.internal.Invoker.invokeMethod(Invoker.java:669)
	at org.testng.internal.Invoker.invokeTestMethod(Invoker.java:877)
	at org.testng.internal.Invoker.invokeTestMethods(Invoker.java:1201)
	at org.testng.internal.TestMethodWorker.invokeTestMethods(TestMethodWorker.java:125)
	at org.testng.internal.TestMethodWorker.run(TestMethodWorker.java:109)
	at java.util.concurrent.ThreadPoolExecutor.runWorker(Unknown Source)
	at java.util.concurrent.ThreadPoolExecutor$Worker.run(Unknown Source)
	at java.lang.Thread.run(Unknown Source)
Caused by: org.openqa.selenium.NoSuchElementException: Cannot locate an element using By.id: pdpAddtoBagBtn
For documentation on this error, please visit: http://seleniumhq.org/exceptions/no_such_element.html
Build info: version: '3.2.0', revision: '8c03df6b79', time: '2017-02-23 10:51:31 +0000'
System info: host: 'DESKTOP-AQOISD1', ip: '192.168.234.84', os.name: 'Windows 10', os.arch: 'amd64', os.version: '10.0', java.version: '1.8.0_112'
Driver info: driver.version: unknown
	at org.openqa.selenium.support.ui.ExpectedConditions.lambda$findElement$0(ExpectedConditions.java:882)
	at java.util.Optional.orElseThrow(Unknown Source)
	at org.openqa.selenium.support.ui.ExpectedConditions.findElement(ExpectedConditions.java:881)
	at org.openqa.selenium.support.ui.ExpectedConditions.access$000(ExpectedConditions.java:43)
	at org.openqa.selenium.support.ui.ExpectedConditions$7.apply(ExpectedConditions.java:205)
	at org.openqa.selenium.support.ui.ExpectedConditions$7.apply(ExpectedConditions.java:201)
	at org.openqa.selenium.support.ui.FluentWait.until(FluentWait.java:208)
	... 16 more
20-03-2018 10:38 ERROR - Wait is not present - failed
20-03-2018 10:38 INFO  - Is Clear All button is displayed is displayed - Pass
20-03-2018 10:38 INFO  - search/PLP page is displayed - Pass
20-03-2018 10:38 INFO  - Search Count is displayed - Pass
20-03-2018 10:38 INFO  - Clear All button Click is clicked - Pass
20-03-2018 10:38 INFO  - PLP page is displayed after sorting is displayed - Pass
20-03-2018 10:38 INFO  - PLP count is displayed after sorting is displayed - Pass
20-03-2018 10:38 INFO  - PLP page is displayed after sorting is displayed - Pass
20-03-2018 10:38 INFO  - scrolled to Scrolling - Pass
20-03-2018 10:38 INFO  - Deatils is displayed - Pass
20-03-2018 10:38 INFO  - Details List is displayed - Pass
20-03-2018 10:38 INFO  - PDP Page wait is displayed - Pass
20-03-2018 10:38 INFO  - scrolled to Scrolling - Pass
20-03-2018 10:38 INFO  - Colour Field present is displayed - Pass
20-03-2018 10:38 INFO  - Size field is displayed - Pass
20-03-2018 10:38 INFO  - scrolled to Add To Bag - Pass
20-03-2018 10:38 INFO  - Add To Bag Clicked is clicked - Pass
20-03-2018 10:38 INFO  - Success Overlay is displayed - Pass
20-03-2018 10:38 INFO  - Success Overlay is displayed - Pass
20-03-2018 10:38 INFO  - Close OverLay Clicked is clicked - Pass
20-03-2018 10:38 INFO  - http://m.lordandtaylor.com/ is opened - Pass
20-03-2018 10:38 INFO  - Click Search is clicked - Pass
20-03-2018 10:38 INFO  - shirts is entered in Search - Pass
20-03-2018 10:38 INFO  - http://m.lordandtaylor.com/ is opened - Pass
20-03-2018 10:38 INFO  - Wait to get site Loaded is displayed - Pass
20-03-2018 10:38 INFO  - Click Menu is clicked - Pass
20-03-2018 10:38 INFO  - search/PLP page is displayed - Pass
20-03-2018 10:38 INFO  - Search Count is displayed - Pass
20-03-2018 10:38 INFO  - http://m.lordandtaylor.com/ is opened - Pass
20-03-2018 10:38 INFO  - Wait to get site Loaded is displayed - Pass
20-03-2018 10:38 INFO  - Click Menu is clicked - Pass
20-03-2018 10:38 INFO  - http://m.lordandtaylor.com/ is opened - Pass
20-03-2018 10:38 INFO  - Wait to get site Loaded is displayed - Pass
20-03-2018 10:38 INFO  - Click Menu is clicked - Pass
20-03-2018 10:38 INFO  - PDP Page wait is displayed - Pass
20-03-2018 10:38 INFO  - scrolled to Scrolling - Pass
20-03-2018 10:38 INFO  - Colour Field present is displayed - Pass
20-03-2018 10:38 INFO  - Size field is displayed - Pass
20-03-2018 10:38 INFO  - scrolled to Add To Bag - Pass
20-03-2018 10:38 INFO  - Add To Bag Clicked is clicked - Pass
20-03-2018 10:38 INFO  - http://m.lordandtaylor.com/ is opened - Pass
20-03-2018 10:38 INFO  - Wait to get site Loaded is displayed - Pass
20-03-2018 10:38 INFO  - Click Menu is clicked - Pass
20-03-2018 10:38 ERROR - WebDriverException
org.openqa.selenium.WebDriverException: unknown error: Element is not clickable at point (-134, 667)
  (Session info: chrome=64.0.3282.186)
  (Driver info: chromedriver=2.33.506120 (e3e53437346286c0bc2d2dc9aa4915ba81d9023f),platform=Windows NT 10.0.16299 x86_64) (WARNING: The server did not provide any stacktrace information)
Command duration or timeout: 37 milliseconds
Build info: version: '3.2.0', revision: '8c03df6b79', time: '2017-02-23 10:51:31 +0000'
System info: host: 'DESKTOP-AQOISD1', ip: '192.168.234.84', os.name: 'Windows 10', os.arch: 'amd64', os.version: '10.0', java.version: '1.8.0_112'
Driver info: org.openqa.selenium.chrome.ChromeDriver
Capabilities [{applicationCacheEnabled=false, rotatable=false, mobileEmulationEnabled=false, networkConnectionEnabled=false, chrome={chromedriverVersion=2.33.506120 (e3e53437346286c0bc2d2dc9aa4915ba81d9023f), userDataDir=C:\Users\arunraj.n\AppData\Local\Temp\scoped_dir22200_19669}, takesHeapSnapshot=true, pageLoadStrategy=normal, databaseEnabled=false, handlesAlerts=true, hasTouchScreen=false, version=64.0.3282.186, platform=XP, browserConnectionEnabled=false, nativeEvents=true, acceptSslCerts=true, locationContextEnabled=true, webStorageEnabled=true, browserName=chrome, takesScreenshot=true, javascriptEnabled=true, cssSelectorsEnabled=true, setWindowRect=true, unexpectedAlertBehaviour=}]
Session ID: 83ed49874bdc409f0983576fae213804
	at sun.reflect.NativeConstructorAccessorImpl.newInstance0(Native Method)
	at sun.reflect.NativeConstructorAccessorImpl.newInstance(Unknown Source)
	at sun.reflect.DelegatingConstructorAccessorImpl.newInstance(Unknown Source)
	at java.lang.reflect.Constructor.newInstance(Unknown Source)
	at org.openqa.selenium.remote.ErrorHandler.createThrowable(ErrorHandler.java:216)
	at org.openqa.selenium.remote.ErrorHandler.throwIfResponseFailed(ErrorHandler.java:168)
	at org.openqa.selenium.remote.RemoteWebDriver.execute(RemoteWebDriver.java:638)
	at org.openqa.selenium.remote.RemoteWebElement.execute(RemoteWebElement.java:274)
	at org.openqa.selenium.remote.RemoteWebElement.click(RemoteWebElement.java:84)
	at com.skava.framework.action.SeleniumActionEngine.clickElement(SeleniumActionEngine.java:103)
	at com.skava.reusable.components.GeneralComponents.clickMyAccountIcon(GeneralComponents.java:63)
	at com.skava.testcases.LT_1608_MyAccount.LT_1608_MyAccount(LT_1608_MyAccount.java:27)
	at sun.reflect.NativeMethodAccessorImpl.invoke0(Native Method)
	at sun.reflect.NativeMethodAccessorImpl.invoke(Unknown Source)
	at sun.reflect.DelegatingMethodAccessorImpl.invoke(Unknown Source)
	at java.lang.reflect.Method.invoke(Unknown Source)
	at org.testng.internal.MethodInvocationHelper.invokeMethod(MethodInvocationHelper.java:108)
	at org.testng.internal.Invoker.invokeMethod(Invoker.java:669)
	at org.testng.internal.Invoker.invokeTestMethod(Invoker.java:877)
	at org.testng.internal.Invoker.invokeTestMethods(Invoker.java:1201)
	at org.testng.internal.TestMethodWorker.invokeTestMethods(TestMethodWorker.java:125)
	at org.testng.internal.TestMethodWorker.run(TestMethodWorker.java:109)
	at java.util.concurrent.ThreadPoolExecutor.runWorker(Unknown Source)
	at java.util.concurrent.ThreadPoolExecutor$Worker.run(Unknown Source)
	at java.lang.Thread.run(Unknown Source)
20-03-2018 10:38 ERROR - Enetered Loginis not present - failed
20-03-2018 10:38 INFO  - Success Overlay is displayed - Pass
20-03-2018 10:38 INFO  - Success Overlay is displayed - Pass
20-03-2018 10:38 INFO  - http://m.lordandtaylor.com/ is opened - Pass
20-03-2018 10:38 INFO  - Wait to get site Loaded is displayed - Pass
20-03-2018 10:38 INFO  - Click Menu is clicked - Pass
20-03-2018 10:39 ERROR - TimeoutException
org.openqa.selenium.TimeoutException: Expected condition failed: waiting for visibility of element located by By.id: sign-into-account-email-field (tried for 10 second(s) with 500 MILLISECONDS interval)
	at org.openqa.selenium.support.ui.WebDriverWait.timeoutException(WebDriverWait.java:82)
	at org.openqa.selenium.support.ui.FluentWait.until(FluentWait.java:231)
	at com.skava.framework.action.SeleniumActionEngine.explicitWaitforVisibility(SeleniumActionEngine.java:183)
	at com.skava.framework.action.SeleniumActionEngine.enterText(SeleniumActionEngine.java:75)
	at com.skava.reusable.components.LoginComponents.enterLoginCredentials(LoginComponents.java:14)
	at com.skava.testcases.LT_1608_MyAccount.LT_1608_MyAccount(LT_1608_MyAccount.java:28)
	at sun.reflect.NativeMethodAccessorImpl.invoke0(Native Method)
	at sun.reflect.NativeMethodAccessorImpl.invoke(Unknown Source)
	at sun.reflect.DelegatingMethodAccessorImpl.invoke(Unknown Source)
	at java.lang.reflect.Method.invoke(Unknown Source)
	at org.testng.internal.MethodInvocationHelper.invokeMethod(MethodInvocationHelper.java:108)
	at org.testng.internal.Invoker.invokeMethod(Invoker.java:669)
	at org.testng.internal.Invoker.invokeTestMethod(Invoker.java:877)
	at org.testng.internal.Invoker.invokeTestMethods(Invoker.java:1201)
	at org.testng.internal.TestMethodWorker.invokeTestMethods(TestMethodWorker.java:125)
	at org.testng.internal.TestMethodWorker.run(TestMethodWorker.java:109)
	at java.util.concurrent.ThreadPoolExecutor.runWorker(Unknown Source)
	at java.util.concurrent.ThreadPoolExecutor$Worker.run(Unknown Source)
	at java.lang.Thread.run(Unknown Source)
Caused by: org.openqa.selenium.NoSuchElementException: Cannot locate an element using By.id: sign-into-account-email-field
For documentation on this error, please visit: http://seleniumhq.org/exceptions/no_such_element.html
Build info: version: '3.2.0', revision: '8c03df6b79', time: '2017-02-23 10:51:31 +0000'
System info: host: 'DESKTOP-AQOISD1', ip: '192.168.234.84', os.name: 'Windows 10', os.arch: 'amd64', os.version: '10.0', java.version: '1.8.0_112'
Driver info: driver.version: unknown
	at org.openqa.selenium.support.ui.ExpectedConditions.lambda$findElement$0(ExpectedConditions.java:882)
	at java.util.Optional.orElseThrow(Unknown Source)
	at org.openqa.selenium.support.ui.ExpectedConditions.findElement(ExpectedConditions.java:881)
	at org.openqa.selenium.support.ui.ExpectedConditions.access$000(ExpectedConditions.java:43)
	at org.openqa.selenium.support.ui.ExpectedConditions$7.apply(ExpectedConditions.java:205)
	at org.openqa.selenium.support.ui.ExpectedConditions$7.apply(ExpectedConditions.java:201)
	at org.openqa.selenium.support.ui.FluentWait.until(FluentWait.java:208)
	... 17 more
20-03-2018 10:39 ERROR - Email is not present - failed
20-03-2018 10:39 INFO  - Checkout Clicked is clicked - Pass
20-03-2018 10:39 INFO  - Cart Opened is displayed - Pass
20-03-2018 10:39 INFO  - Product Added to Cart is displayed - Pass
20-03-2018 10:39 ERROR - TimeoutException
org.openqa.selenium.TimeoutException: Expected condition failed: waiting for visibility of element located by By.id: sign-into-account-password-field (tried for 10 second(s) with 500 MILLISECONDS interval)
	at org.openqa.selenium.support.ui.WebDriverWait.timeoutException(WebDriverWait.java:82)
	at org.openqa.selenium.support.ui.FluentWait.until(FluentWait.java:231)
	at com.skava.framework.action.SeleniumActionEngine.explicitWaitforVisibility(SeleniumActionEngine.java:183)
	at com.skava.framework.action.SeleniumActionEngine.enterTextAndSubmit(SeleniumActionEngine.java:467)
	at com.skava.reusable.components.LoginComponents.enterLoginCredentials(LoginComponents.java:15)
	at com.skava.testcases.LT_1608_MyAccount.LT_1608_MyAccount(LT_1608_MyAccount.java:28)
	at sun.reflect.NativeMethodAccessorImpl.invoke0(Native Method)
	at sun.reflect.NativeMethodAccessorImpl.invoke(Unknown Source)
	at sun.reflect.DelegatingMethodAccessorImpl.invoke(Unknown Source)
	at java.lang.reflect.Method.invoke(Unknown Source)
	at org.testng.internal.MethodInvocationHelper.invokeMethod(MethodInvocationHelper.java:108)
	at org.testng.internal.Invoker.invokeMethod(Invoker.java:669)
	at org.testng.internal.Invoker.invokeTestMethod(Invoker.java:877)
	at org.testng.internal.Invoker.invokeTestMethods(Invoker.java:1201)
	at org.testng.internal.TestMethodWorker.invokeTestMethods(TestMethodWorker.java:125)
	at org.testng.internal.TestMethodWorker.run(TestMethodWorker.java:109)
	at java.util.concurrent.ThreadPoolExecutor.runWorker(Unknown Source)
	at java.util.concurrent.ThreadPoolExecutor$Worker.run(Unknown Source)
	at java.lang.Thread.run(Unknown Source)
Caused by: org.openqa.selenium.NoSuchElementException: Cannot locate an element using By.id: sign-into-account-password-field
For documentation on this error, please visit: http://seleniumhq.org/exceptions/no_such_element.html
Build info: version: '3.2.0', revision: '8c03df6b79', time: '2017-02-23 10:51:31 +0000'
System info: host: 'DESKTOP-AQOISD1', ip: '192.168.234.84', os.name: 'Windows 10', os.arch: 'amd64', os.version: '10.0', java.version: '1.8.0_112'
Driver info: driver.version: unknown
	at org.openqa.selenium.support.ui.ExpectedConditions.lambda$findElement$0(ExpectedConditions.java:882)
	at java.util.Optional.orElseThrow(Unknown Source)
	at org.openqa.selenium.support.ui.ExpectedConditions.findElement(ExpectedConditions.java:881)
	at org.openqa.selenium.support.ui.ExpectedConditions.access$000(ExpectedConditions.java:43)
	at org.openqa.selenium.support.ui.ExpectedConditions$7.apply(ExpectedConditions.java:205)
	at org.openqa.selenium.support.ui.ExpectedConditions$7.apply(ExpectedConditions.java:201)
	at org.openqa.selenium.support.ui.FluentWait.until(FluentWait.java:208)
	... 17 more
20-03-2018 10:39 ERROR - Password is not present - failed
20-03-2018 10:39 INFO  - Enetered Login is clicked - Pass
20-03-2018 10:39 INFO  - Email is entered in the field - Pass
20-03-2018 10:39 INFO  - Spider@123 is entered in Password - Pass
20-03-2018 10:39 INFO  - http://m.lordandtaylor.com/ is opened - Pass
20-03-2018 10:39 INFO  - Wait to get site Loaded is displayed - Pass
20-03-2018 10:39 INFO  - Click Menu is clicked - Pass
20-03-2018 10:39 ERROR - WebDriverException
org.openqa.selenium.WebDriverException: unknown error: Element is not clickable at point (-134, 667)
  (Session info: chrome=64.0.3282.186)
  (Driver info: chromedriver=2.33.506120 (e3e53437346286c0bc2d2dc9aa4915ba81d9023f),platform=Windows NT 10.0.16299 x86_64) (WARNING: The server did not provide any stacktrace information)
Command duration or timeout: 37 milliseconds
Build info: version: '3.2.0', revision: '8c03df6b79', time: '2017-02-23 10:51:31 +0000'
System info: host: 'DESKTOP-AQOISD1', ip: '192.168.234.84', os.name: 'Windows 10', os.arch: 'amd64', os.version: '10.0', java.version: '1.8.0_112'
Driver info: org.openqa.selenium.chrome.ChromeDriver
Capabilities [{applicationCacheEnabled=false, rotatable=false, mobileEmulationEnabled=false, networkConnectionEnabled=false, chrome={chromedriverVersion=2.33.506120 (e3e53437346286c0bc2d2dc9aa4915ba81d9023f), userDataDir=C:\Users\arunraj.n\AppData\Local\Temp\scoped_dir39976_767}, takesHeapSnapshot=true, pageLoadStrategy=normal, databaseEnabled=false, handlesAlerts=true, hasTouchScreen=false, version=64.0.3282.186, platform=XP, browserConnectionEnabled=false, nativeEvents=true, acceptSslCerts=true, locationContextEnabled=true, webStorageEnabled=true, browserName=chrome, takesScreenshot=true, javascriptEnabled=true, cssSelectorsEnabled=true, setWindowRect=true, unexpectedAlertBehaviour=}]
Session ID: ac0df98f0354dac8ba1d11471f6b149c
	at sun.reflect.NativeConstructorAccessorImpl.newInstance0(Native Method)
	at sun.reflect.NativeConstructorAccessorImpl.newInstance(Unknown Source)
	at sun.reflect.DelegatingConstructorAccessorImpl.newInstance(Unknown Source)
	at java.lang.reflect.Constructor.newInstance(Unknown Source)
	at org.openqa.selenium.remote.ErrorHandler.createThrowable(ErrorHandler.java:216)
	at org.openqa.selenium.remote.ErrorHandler.throwIfResponseFailed(ErrorHandler.java:168)
	at org.openqa.selenium.remote.RemoteWebDriver.execute(RemoteWebDriver.java:638)
	at org.openqa.selenium.remote.RemoteWebElement.execute(RemoteWebElement.java:274)
	at org.openqa.selenium.remote.RemoteWebElement.click(RemoteWebElement.java:84)
	at com.skava.framework.action.SeleniumActionEngine.clickElement(SeleniumActionEngine.java:103)
	at com.skava.reusable.components.GeneralComponents.clickMyAccountIcon(GeneralComponents.java:63)
	at com.skava.testcases.LT_1636_OrderHistory_Validation.LT_1636_OrderHistory_Validation(LT_1636_OrderHistory_Validation.java:27)
	at sun.reflect.NativeMethodAccessorImpl.invoke0(Native Method)
	at sun.reflect.NativeMethodAccessorImpl.invoke(Unknown Source)
	at sun.reflect.DelegatingMethodAccessorImpl.invoke(Unknown Source)
	at java.lang.reflect.Method.invoke(Unknown Source)
	at org.testng.internal.MethodInvocationHelper.invokeMethod(MethodInvocationHelper.java:108)
	at org.testng.internal.Invoker.invokeMethod(Invoker.java:669)
	at org.testng.internal.Invoker.invokeTestMethod(Invoker.java:877)
	at org.testng.internal.Invoker.invokeTestMethods(Invoker.java:1201)
	at org.testng.internal.TestMethodWorker.invokeTestMethods(TestMethodWorker.java:125)
	at org.testng.internal.TestMethodWorker.run(TestMethodWorker.java:109)
	at java.util.concurrent.ThreadPoolExecutor.runWorker(Unknown Source)
	at java.util.concurrent.ThreadPoolExecutor$Worker.run(Unknown Source)
	at java.lang.Thread.run(Unknown Source)
20-03-2018 10:39 ERROR - Enetered Loginis not present - failed
20-03-2018 10:39 INFO  - My Account page displayed is displayed - Pass
20-03-2018 10:39 INFO  - scrolled to accountsummary - Pass
20-03-2018 10:39 ERROR - TimeoutException
org.openqa.selenium.TimeoutException: Expected condition failed: waiting for visibility of element located by By.id: sign-into-account-email-field (tried for 10 second(s) with 500 MILLISECONDS interval)
	at org.openqa.selenium.support.ui.WebDriverWait.timeoutException(WebDriverWait.java:82)
	at org.openqa.selenium.support.ui.FluentWait.until(FluentWait.java:231)
	at com.skava.framework.action.SeleniumActionEngine.explicitWaitforVisibility(SeleniumActionEngine.java:183)
	at com.skava.framework.action.SeleniumActionEngine.enterText(SeleniumActionEngine.java:75)
	at com.skava.reusable.components.LoginComponents.enterLoginCredentials(LoginComponents.java:14)
	at com.skava.testcases.LT_1636_OrderHistory_Validation.LT_1636_OrderHistory_Validation(LT_1636_OrderHistory_Validation.java:28)
	at sun.reflect.NativeMethodAccessorImpl.invoke0(Native Method)
	at sun.reflect.NativeMethodAccessorImpl.invoke(Unknown Source)
	at sun.reflect.DelegatingMethodAccessorImpl.invoke(Unknown Source)
	at java.lang.reflect.Method.invoke(Unknown Source)
	at org.testng.internal.MethodInvocationHelper.invokeMethod(MethodInvocationHelper.java:108)
	at org.testng.internal.Invoker.invokeMethod(Invoker.java:669)
	at org.testng.internal.Invoker.invokeTestMethod(Invoker.java:877)
	at org.testng.internal.Invoker.invokeTestMethods(Invoker.java:1201)
	at org.testng.internal.TestMethodWorker.invokeTestMethods(TestMethodWorker.java:125)
	at org.testng.internal.TestMethodWorker.run(TestMethodWorker.java:109)
	at java.util.concurrent.ThreadPoolExecutor.runWorker(Unknown Source)
	at java.util.concurrent.ThreadPoolExecutor$Worker.run(Unknown Source)
	at java.lang.Thread.run(Unknown Source)
Caused by: org.openqa.selenium.NoSuchElementException: Cannot locate an element using By.id: sign-into-account-email-field
For documentation on this error, please visit: http://seleniumhq.org/exceptions/no_such_element.html
Build info: version: '3.2.0', revision: '8c03df6b79', time: '2017-02-23 10:51:31 +0000'
System info: host: 'DESKTOP-AQOISD1', ip: '192.168.234.84', os.name: 'Windows 10', os.arch: 'amd64', os.version: '10.0', java.version: '1.8.0_112'
Driver info: driver.version: unknown
	at org.openqa.selenium.support.ui.ExpectedConditions.lambda$findElement$0(ExpectedConditions.java:882)
	at java.util.Optional.orElseThrow(Unknown Source)
	at org.openqa.selenium.support.ui.ExpectedConditions.findElement(ExpectedConditions.java:881)
	at org.openqa.selenium.support.ui.ExpectedConditions.access$000(ExpectedConditions.java:43)
	at org.openqa.selenium.support.ui.ExpectedConditions$7.apply(ExpectedConditions.java:205)
	at org.openqa.selenium.support.ui.ExpectedConditions$7.apply(ExpectedConditions.java:201)
	at org.openqa.selenium.support.ui.FluentWait.until(FluentWait.java:208)
	... 17 more
20-03-2018 10:39 ERROR - Email is not present - failed
20-03-2018 10:39 INFO  - http://m.lordandtaylor.com/ is opened - Pass
20-03-2018 10:39 INFO  - Wait to get site Loaded is displayed - Pass
20-03-2018 10:39 INFO  - Click Menu is clicked - Pass
20-03-2018 10:39 ERROR - WebDriverException
org.openqa.selenium.WebDriverException: unknown error: Element is not clickable at point (-134, 667)
  (Session info: chrome=64.0.3282.186)
  (Driver info: chromedriver=2.33.506120 (e3e53437346286c0bc2d2dc9aa4915ba81d9023f),platform=Windows NT 10.0.16299 x86_64) (WARNING: The server did not provide any stacktrace information)
Command duration or timeout: 35 milliseconds
Build info: version: '3.2.0', revision: '8c03df6b79', time: '2017-02-23 10:51:31 +0000'
System info: host: 'DESKTOP-AQOISD1', ip: '192.168.234.84', os.name: 'Windows 10', os.arch: 'amd64', os.version: '10.0', java.version: '1.8.0_112'
Driver info: org.openqa.selenium.chrome.ChromeDriver
Capabilities [{applicationCacheEnabled=false, rotatable=false, mobileEmulationEnabled=false, networkConnectionEnabled=false, chrome={chromedriverVersion=2.33.506120 (e3e53437346286c0bc2d2dc9aa4915ba81d9023f), userDataDir=C:\Users\arunraj.n\AppData\Local\Temp\scoped_dir36676_28089}, takesHeapSnapshot=true, pageLoadStrategy=normal, databaseEnabled=false, handlesAlerts=true, hasTouchScreen=false, version=64.0.3282.186, platform=XP, browserConnectionEnabled=false, nativeEvents=true, acceptSslCerts=true, locationContextEnabled=true, webStorageEnabled=true, browserName=chrome, takesScreenshot=true, javascriptEnabled=true, cssSelectorsEnabled=true, setWindowRect=true, unexpectedAlertBehaviour=}]
Session ID: 149975cb2ad9040d0ee1ea67bc5a97a9
	at sun.reflect.NativeConstructorAccessorImpl.newInstance0(Native Method)
	at sun.reflect.NativeConstructorAccessorImpl.newInstance(Unknown Source)
	at sun.reflect.DelegatingConstructorAccessorImpl.newInstance(Unknown Source)
	at java.lang.reflect.Constructor.newInstance(Unknown Source)
	at org.openqa.selenium.remote.ErrorHandler.createThrowable(ErrorHandler.java:216)
	at org.openqa.selenium.remote.ErrorHandler.throwIfResponseFailed(ErrorHandler.java:168)
	at org.openqa.selenium.remote.RemoteWebDriver.execute(RemoteWebDriver.java:638)
	at org.openqa.selenium.remote.RemoteWebElement.execute(RemoteWebElement.java:274)
	at org.openqa.selenium.remote.RemoteWebElement.click(RemoteWebElement.java:84)
	at com.skava.framework.action.SeleniumActionEngine.clickElement(SeleniumActionEngine.java:103)
	at com.skava.reusable.components.GeneralComponents.clickMyAccountIcon(GeneralComponents.java:63)
	at com.skava.testcases.LT_1637_Accountsettings_Validation.LT_1637_Accountsettings_Validation(LT_1637_Accountsettings_Validation.java:27)
	at sun.reflect.NativeMethodAccessorImpl.invoke0(Native Method)
	at sun.reflect.NativeMethodAccessorImpl.invoke(Unknown Source)
	at sun.reflect.DelegatingMethodAccessorImpl.invoke(Unknown Source)
	at java.lang.reflect.Method.invoke(Unknown Source)
	at org.testng.internal.MethodInvocationHelper.invokeMethod(MethodInvocationHelper.java:108)
	at org.testng.internal.Invoker.invokeMethod(Invoker.java:669)
	at org.testng.internal.Invoker.invokeTestMethod(Invoker.java:877)
	at org.testng.internal.Invoker.invokeTestMethods(Invoker.java:1201)
	at org.testng.internal.TestMethodWorker.invokeTestMethods(TestMethodWorker.java:125)
	at org.testng.internal.TestMethodWorker.run(TestMethodWorker.java:109)
	at java.util.concurrent.ThreadPoolExecutor.runWorker(Unknown Source)
	at java.util.concurrent.ThreadPoolExecutor$Worker.run(Unknown Source)
	at java.lang.Thread.run(Unknown Source)
20-03-2018 10:39 ERROR - Enetered Loginis not present - failed
20-03-2018 10:39 ERROR - TimeoutException
org.openqa.selenium.TimeoutException: Expected condition failed: waiting for visibility of element located by By.id: sign-into-account-password-field (tried for 10 second(s) with 500 MILLISECONDS interval)
	at org.openqa.selenium.support.ui.WebDriverWait.timeoutException(WebDriverWait.java:82)
	at org.openqa.selenium.support.ui.FluentWait.until(FluentWait.java:231)
	at com.skava.framework.action.SeleniumActionEngine.explicitWaitforVisibility(SeleniumActionEngine.java:183)
	at com.skava.framework.action.SeleniumActionEngine.enterTextAndSubmit(SeleniumActionEngine.java:467)
	at com.skava.reusable.components.LoginComponents.enterLoginCredentials(LoginComponents.java:15)
	at com.skava.testcases.LT_1636_OrderHistory_Validation.LT_1636_OrderHistory_Validation(LT_1636_OrderHistory_Validation.java:28)
	at sun.reflect.NativeMethodAccessorImpl.invoke0(Native Method)
	at sun.reflect.NativeMethodAccessorImpl.invoke(Unknown Source)
	at sun.reflect.DelegatingMethodAccessorImpl.invoke(Unknown Source)
	at java.lang.reflect.Method.invoke(Unknown Source)
	at org.testng.internal.MethodInvocationHelper.invokeMethod(MethodInvocationHelper.java:108)
	at org.testng.internal.Invoker.invokeMethod(Invoker.java:669)
	at org.testng.internal.Invoker.invokeTestMethod(Invoker.java:877)
	at org.testng.internal.Invoker.invokeTestMethods(Invoker.java:1201)
	at org.testng.internal.TestMethodWorker.invokeTestMethods(TestMethodWorker.java:125)
	at org.testng.internal.TestMethodWorker.run(TestMethodWorker.java:109)
	at java.util.concurrent.ThreadPoolExecutor.runWorker(Unknown Source)
	at java.util.concurrent.ThreadPoolExecutor$Worker.run(Unknown Source)
	at java.lang.Thread.run(Unknown Source)
Caused by: org.openqa.selenium.NoSuchElementException: Cannot locate an element using By.id: sign-into-account-password-field
For documentation on this error, please visit: http://seleniumhq.org/exceptions/no_such_element.html
Build info: version: '3.2.0', revision: '8c03df6b79', time: '2017-02-23 10:51:31 +0000'
System info: host: 'DESKTOP-AQOISD1', ip: '192.168.234.84', os.name: 'Windows 10', os.arch: 'amd64', os.version: '10.0', java.version: '1.8.0_112'
Driver info: driver.version: unknown
	at org.openqa.selenium.support.ui.ExpectedConditions.lambda$findElement$0(ExpectedConditions.java:882)
	at java.util.Optional.orElseThrow(Unknown Source)
	at org.openqa.selenium.support.ui.ExpectedConditions.findElement(ExpectedConditions.java:881)
	at org.openqa.selenium.support.ui.ExpectedConditions.access$000(ExpectedConditions.java:43)
	at org.openqa.selenium.support.ui.ExpectedConditions$7.apply(ExpectedConditions.java:205)
	at org.openqa.selenium.support.ui.ExpectedConditions$7.apply(ExpectedConditions.java:201)
	at org.openqa.selenium.support.ui.FluentWait.until(FluentWait.java:208)
	... 17 more
20-03-2018 10:39 ERROR - Password is not present - failed
20-03-2018 10:39 ERROR - TimeoutException
org.openqa.selenium.TimeoutException: Expected condition failed: waiting for visibility of element located by By.id: sign-into-account-email-field (tried for 10 second(s) with 500 MILLISECONDS interval)
	at org.openqa.selenium.support.ui.WebDriverWait.timeoutException(WebDriverWait.java:82)
	at org.openqa.selenium.support.ui.FluentWait.until(FluentWait.java:231)
	at com.skava.framework.action.SeleniumActionEngine.explicitWaitforVisibility(SeleniumActionEngine.java:183)
	at com.skava.framework.action.SeleniumActionEngine.enterText(SeleniumActionEngine.java:75)
	at com.skava.reusable.components.LoginComponents.enterLoginCredentials(LoginComponents.java:14)
	at com.skava.testcases.LT_1637_Accountsettings_Validation.LT_1637_Accountsettings_Validation(LT_1637_Accountsettings_Validation.java:28)
	at sun.reflect.NativeMethodAccessorImpl.invoke0(Native Method)
	at sun.reflect.NativeMethodAccessorImpl.invoke(Unknown Source)
	at sun.reflect.DelegatingMethodAccessorImpl.invoke(Unknown Source)
	at java.lang.reflect.Method.invoke(Unknown Source)
	at org.testng.internal.MethodInvocationHelper.invokeMethod(MethodInvocationHelper.java:108)
	at org.testng.internal.Invoker.invokeMethod(Invoker.java:669)
	at org.testng.internal.Invoker.invokeTestMethod(Invoker.java:877)
	at org.testng.internal.Invoker.invokeTestMethods(Invoker.java:1201)
	at org.testng.internal.TestMethodWorker.invokeTestMethods(TestMethodWorker.java:125)
	at org.testng.internal.TestMethodWorker.run(TestMethodWorker.java:109)
	at java.util.concurrent.ThreadPoolExecutor.runWorker(Unknown Source)
	at java.util.concurrent.ThreadPoolExecutor$Worker.run(Unknown Source)
	at java.lang.Thread.run(Unknown Source)
Caused by: org.openqa.selenium.NoSuchElementException: Cannot locate an element using By.id: sign-into-account-email-field
For documentation on this error, please visit: http://seleniumhq.org/exceptions/no_such_element.html
Build info: version: '3.2.0', revision: '8c03df6b79', time: '2017-02-23 10:51:31 +0000'
System info: host: 'DESKTOP-AQOISD1', ip: '192.168.234.84', os.name: 'Windows 10', os.arch: 'amd64', os.version: '10.0', java.version: '1.8.0_112'
Driver info: driver.version: unknown
	at org.openqa.selenium.support.ui.ExpectedConditions.lambda$findElement$0(ExpectedConditions.java:882)
	at java.util.Optional.orElseThrow(Unknown Source)
	at org.openqa.selenium.support.ui.ExpectedConditions.findElement(ExpectedConditions.java:881)
	at org.openqa.selenium.support.ui.ExpectedConditions.access$000(ExpectedConditions.java:43)
	at org.openqa.selenium.support.ui.ExpectedConditions$7.apply(ExpectedConditions.java:205)
	at org.openqa.selenium.support.ui.ExpectedConditions$7.apply(ExpectedConditions.java:201)
	at org.openqa.selenium.support.ui.FluentWait.until(FluentWait.java:208)
	... 17 more
20-03-2018 10:39 ERROR - Email is not present - failed
20-03-2018 10:39 ERROR - TimeoutException
org.openqa.selenium.TimeoutException: Expected condition failed: waiting for visibility of element located by By.className: account-summary (tried for 40 second(s) with 500 MILLISECONDS interval)
	at org.openqa.selenium.support.ui.WebDriverWait.timeoutException(WebDriverWait.java:82)
	at org.openqa.selenium.support.ui.FluentWait.until(FluentWait.java:231)
	at com.skava.framework.action.SeleniumActionEngine.explicitWaitforVisibility(SeleniumActionEngine.java:183)
	at com.skava.framework.action.SeleniumActionEngine.isElementDisplayed(SeleniumActionEngine.java:201)
	at com.skava.reusable.components.LoginComponents.myaccount(LoginComponents.java:99)
	at com.skava.testcases.LT_1608_MyAccount.LT_1608_MyAccount(LT_1608_MyAccount.java:29)
	at sun.reflect.NativeMethodAccessorImpl.invoke0(Native Method)
	at sun.reflect.NativeMethodAccessorImpl.invoke(Unknown Source)
	at sun.reflect.DelegatingMethodAccessorImpl.invoke(Unknown Source)
	at java.lang.reflect.Method.invoke(Unknown Source)
	at org.testng.internal.MethodInvocationHelper.invokeMethod(MethodInvocationHelper.java:108)
	at org.testng.internal.Invoker.invokeMethod(Invoker.java:669)
	at org.testng.internal.Invoker.invokeTestMethod(Invoker.java:877)
	at org.testng.internal.Invoker.invokeTestMethods(Invoker.java:1201)
	at org.testng.internal.TestMethodWorker.invokeTestMethods(TestMethodWorker.java:125)
	at org.testng.internal.TestMethodWorker.run(TestMethodWorker.java:109)
	at java.util.concurrent.ThreadPoolExecutor.runWorker(Unknown Source)
	at java.util.concurrent.ThreadPoolExecutor$Worker.run(Unknown Source)
	at java.lang.Thread.run(Unknown Source)
Caused by: org.openqa.selenium.NoSuchElementException: Cannot locate an element using By.className: account-summary
For documentation on this error, please visit: http://seleniumhq.org/exceptions/no_such_element.html
Build info: version: '3.2.0', revision: '8c03df6b79', time: '2017-02-23 10:51:31 +0000'
System info: host: 'DESKTOP-AQOISD1', ip: '192.168.234.84', os.name: 'Windows 10', os.arch: 'amd64', os.version: '10.0', java.version: '1.8.0_112'
Driver info: driver.version: unknown
	at org.openqa.selenium.support.ui.ExpectedConditions.lambda$findElement$0(ExpectedConditions.java:882)
	at java.util.Optional.orElseThrow(Unknown Source)
	at org.openqa.selenium.support.ui.ExpectedConditions.findElement(ExpectedConditions.java:881)
	at org.openqa.selenium.support.ui.ExpectedConditions.access$000(ExpectedConditions.java:43)
	at org.openqa.selenium.support.ui.ExpectedConditions$7.apply(ExpectedConditions.java:205)
	at org.openqa.selenium.support.ui.ExpectedConditions$7.apply(ExpectedConditions.java:201)
	at org.openqa.selenium.support.ui.FluentWait.until(FluentWait.java:208)
	... 17 more
20-03-2018 10:39 ERROR - My Account page displayed is not present - failed
20-03-2018 10:39 ERROR - TimeoutException
org.openqa.selenium.TimeoutException: Expected condition failed: waiting for visibility of element located by By.id: sign-into-account-password-field (tried for 10 second(s) with 500 MILLISECONDS interval)
	at org.openqa.selenium.support.ui.WebDriverWait.timeoutException(WebDriverWait.java:82)
	at org.openqa.selenium.support.ui.FluentWait.until(FluentWait.java:231)
	at com.skava.framework.action.SeleniumActionEngine.explicitWaitforVisibility(SeleniumActionEngine.java:183)
	at com.skava.framework.action.SeleniumActionEngine.enterTextAndSubmit(SeleniumActionEngine.java:467)
	at com.skava.reusable.components.LoginComponents.enterLoginCredentials(LoginComponents.java:15)
	at com.skava.testcases.LT_1637_Accountsettings_Validation.LT_1637_Accountsettings_Validation(LT_1637_Accountsettings_Validation.java:28)
	at sun.reflect.NativeMethodAccessorImpl.invoke0(Native Method)
	at sun.reflect.NativeMethodAccessorImpl.invoke(Unknown Source)
	at sun.reflect.DelegatingMethodAccessorImpl.invoke(Unknown Source)
	at java.lang.reflect.Method.invoke(Unknown Source)
	at org.testng.internal.MethodInvocationHelper.invokeMethod(MethodInvocationHelper.java:108)
	at org.testng.internal.Invoker.invokeMethod(Invoker.java:669)
	at org.testng.internal.Invoker.invokeTestMethod(Invoker.java:877)
	at org.testng.internal.Invoker.invokeTestMethods(Invoker.java:1201)
	at org.testng.internal.TestMethodWorker.invokeTestMethods(TestMethodWorker.java:125)
	at org.testng.internal.TestMethodWorker.run(TestMethodWorker.java:109)
	at java.util.concurrent.ThreadPoolExecutor.runWorker(Unknown Source)
	at java.util.concurrent.ThreadPoolExecutor$Worker.run(Unknown Source)
	at java.lang.Thread.run(Unknown Source)
Caused by: org.openqa.selenium.NoSuchElementException: Cannot locate an element using By.id: sign-into-account-password-field
For documentation on this error, please visit: http://seleniumhq.org/exceptions/no_such_element.html
Build info: version: '3.2.0', revision: '8c03df6b79', time: '2017-02-23 10:51:31 +0000'
System info: host: 'DESKTOP-AQOISD1', ip: '192.168.234.84', os.name: 'Windows 10', os.arch: 'amd64', os.version: '10.0', java.version: '1.8.0_112'
Driver info: driver.version: unknown
	at org.openqa.selenium.support.ui.ExpectedConditions.lambda$findElement$0(ExpectedConditions.java:882)
	at java.util.Optional.orElseThrow(Unknown Source)
	at org.openqa.selenium.support.ui.ExpectedConditions.findElement(ExpectedConditions.java:881)
	at org.openqa.selenium.support.ui.ExpectedConditions.access$000(ExpectedConditions.java:43)
	at org.openqa.selenium.support.ui.ExpectedConditions$7.apply(ExpectedConditions.java:205)
	at org.openqa.selenium.support.ui.ExpectedConditions$7.apply(ExpectedConditions.java:201)
	at org.openqa.selenium.support.ui.FluentWait.until(FluentWait.java:208)
	... 17 more
20-03-2018 10:39 ERROR - Password is not present - failed
20-03-2018 10:40 INFO  - http://m.lordandtaylor.com/ is opened - Pass
20-03-2018 10:40 INFO  - Wait to get site Loaded is displayed - Pass
20-03-2018 10:40 INFO  - Click Menu is clicked - Pass
20-03-2018 10:40 ERROR - WebDriverException
org.openqa.selenium.WebDriverException: unknown error: Element is not clickable at point (-134, 667)
  (Session info: chrome=64.0.3282.186)
  (Driver info: chromedriver=2.33.506120 (e3e53437346286c0bc2d2dc9aa4915ba81d9023f),platform=Windows NT 10.0.16299 x86_64) (WARNING: The server did not provide any stacktrace information)
Command duration or timeout: 42 milliseconds
Build info: version: '3.2.0', revision: '8c03df6b79', time: '2017-02-23 10:51:31 +0000'
System info: host: 'DESKTOP-AQOISD1', ip: '192.168.234.84', os.name: 'Windows 10', os.arch: 'amd64', os.version: '10.0', java.version: '1.8.0_112'
Driver info: org.openqa.selenium.chrome.ChromeDriver
Capabilities [{applicationCacheEnabled=false, rotatable=false, mobileEmulationEnabled=false, networkConnectionEnabled=false, chrome={chromedriverVersion=2.33.506120 (e3e53437346286c0bc2d2dc9aa4915ba81d9023f), userDataDir=C:\Users\arunraj.n\AppData\Local\Temp\scoped_dir48980_30614}, takesHeapSnapshot=true, pageLoadStrategy=normal, databaseEnabled=false, handlesAlerts=true, hasTouchScreen=false, version=64.0.3282.186, platform=XP, browserConnectionEnabled=false, nativeEvents=true, acceptSslCerts=true, locationContextEnabled=true, webStorageEnabled=true, browserName=chrome, takesScreenshot=true, javascriptEnabled=true, cssSelectorsEnabled=true, setWindowRect=true, unexpectedAlertBehaviour=}]
Session ID: 4d02cd483a30e4cc7314b3e678269791
	at sun.reflect.NativeConstructorAccessorImpl.newInstance0(Native Method)
	at sun.reflect.NativeConstructorAccessorImpl.newInstance(Unknown Source)
	at sun.reflect.DelegatingConstructorAccessorImpl.newInstance(Unknown Source)
	at java.lang.reflect.Constructor.newInstance(Unknown Source)
	at org.openqa.selenium.remote.ErrorHandler.createThrowable(ErrorHandler.java:216)
	at org.openqa.selenium.remote.ErrorHandler.throwIfResponseFailed(ErrorHandler.java:168)
	at org.openqa.selenium.remote.RemoteWebDriver.execute(RemoteWebDriver.java:638)
	at org.openqa.selenium.remote.RemoteWebElement.execute(RemoteWebElement.java:274)
	at org.openqa.selenium.remote.RemoteWebElement.click(RemoteWebElement.java:84)
	at com.skava.framework.action.SeleniumActionEngine.clickElement(SeleniumActionEngine.java:103)
	at com.skava.reusable.components.GeneralComponents.clickMyAccountIcon(GeneralComponents.java:63)
	at com.skava.testcases.LT_1638_Shippingaddress_validation.LT_1638_Shippingaddress_validation(LT_1638_Shippingaddress_validation.java:27)
	at sun.reflect.NativeMethodAccessorImpl.invoke0(Native Method)
	at sun.reflect.NativeMethodAccessorImpl.invoke(Unknown Source)
	at sun.reflect.DelegatingMethodAccessorImpl.invoke(Unknown Source)
	at java.lang.reflect.Method.invoke(Unknown Source)
	at org.testng.internal.MethodInvocationHelper.invokeMethod(MethodInvocationHelper.java:108)
	at org.testng.internal.Invoker.invokeMethod(Invoker.java:669)
	at org.testng.internal.Invoker.invokeTestMethod(Invoker.java:877)
	at org.testng.internal.Invoker.invokeTestMethods(Invoker.java:1201)
	at org.testng.internal.TestMethodWorker.invokeTestMethods(TestMethodWorker.java:125)
	at org.testng.internal.TestMethodWorker.run(TestMethodWorker.java:109)
	at java.util.concurrent.ThreadPoolExecutor.runWorker(Unknown Source)
	at java.util.concurrent.ThreadPoolExecutor$Worker.run(Unknown Source)
	at java.lang.Thread.run(Unknown Source)
20-03-2018 10:40 ERROR - Enetered Loginis not present - failed
20-03-2018 10:40 ERROR - TimeoutException
org.openqa.selenium.TimeoutException: Expected condition failed: waiting for visibility of element located by By.id: sign-into-account-email-field (tried for 10 second(s) with 500 MILLISECONDS interval)
	at org.openqa.selenium.support.ui.WebDriverWait.timeoutException(WebDriverWait.java:82)
	at org.openqa.selenium.support.ui.FluentWait.until(FluentWait.java:231)
	at com.skava.framework.action.SeleniumActionEngine.explicitWaitforVisibility(SeleniumActionEngine.java:183)
	at com.skava.framework.action.SeleniumActionEngine.enterText(SeleniumActionEngine.java:75)
	at com.skava.reusable.components.LoginComponents.enterLoginCredentials(LoginComponents.java:14)
	at com.skava.testcases.LT_1638_Shippingaddress_validation.LT_1638_Shippingaddress_validation(LT_1638_Shippingaddress_validation.java:28)
	at sun.reflect.NativeMethodAccessorImpl.invoke0(Native Method)
	at sun.reflect.NativeMethodAccessorImpl.invoke(Unknown Source)
	at sun.reflect.DelegatingMethodAccessorImpl.invoke(Unknown Source)
	at java.lang.reflect.Method.invoke(Unknown Source)
	at org.testng.internal.MethodInvocationHelper.invokeMethod(MethodInvocationHelper.java:108)
	at org.testng.internal.Invoker.invokeMethod(Invoker.java:669)
	at org.testng.internal.Invoker.invokeTestMethod(Invoker.java:877)
	at org.testng.internal.Invoker.invokeTestMethods(Invoker.java:1201)
	at org.testng.internal.TestMethodWorker.invokeTestMethods(TestMethodWorker.java:125)
	at org.testng.internal.TestMethodWorker.run(TestMethodWorker.java:109)
	at java.util.concurrent.ThreadPoolExecutor.runWorker(Unknown Source)
	at java.util.concurrent.ThreadPoolExecutor$Worker.run(Unknown Source)
	at java.lang.Thread.run(Unknown Source)
Caused by: org.openqa.selenium.NoSuchElementException: Cannot locate an element using By.id: sign-into-account-email-field
For documentation on this error, please visit: http://seleniumhq.org/exceptions/no_such_element.html
Build info: version: '3.2.0', revision: '8c03df6b79', time: '2017-02-23 10:51:31 +0000'
System info: host: 'DESKTOP-AQOISD1', ip: '192.168.234.84', os.name: 'Windows 10', os.arch: 'amd64', os.version: '10.0', java.version: '1.8.0_112'
Driver info: driver.version: unknown
	at org.openqa.selenium.support.ui.ExpectedConditions.lambda$findElement$0(ExpectedConditions.java:882)
	at java.util.Optional.orElseThrow(Unknown Source)
	at org.openqa.selenium.support.ui.ExpectedConditions.findElement(ExpectedConditions.java:881)
	at org.openqa.selenium.support.ui.ExpectedConditions.access$000(ExpectedConditions.java:43)
	at org.openqa.selenium.support.ui.ExpectedConditions$7.apply(ExpectedConditions.java:205)
	at org.openqa.selenium.support.ui.ExpectedConditions$7.apply(ExpectedConditions.java:201)
	at org.openqa.selenium.support.ui.FluentWait.until(FluentWait.java:208)
	... 17 more
20-03-2018 10:40 ERROR - Email is not present - failed
20-03-2018 10:40 ERROR - TimeoutException
org.openqa.selenium.TimeoutException: Expected condition failed: waiting for visibility of element located by By.xpath: //*[@id='account-content-area']/div/div[3]/ul/li[2]/a (tried for 40 second(s) with 500 MILLISECONDS interval)
	at org.openqa.selenium.support.ui.WebDriverWait.timeoutException(WebDriverWait.java:82)
	at org.openqa.selenium.support.ui.FluentWait.until(FluentWait.java:231)
	at com.skava.framework.action.SeleniumActionEngine.explicitWaitforVisibility(SeleniumActionEngine.java:183)
	at com.skava.framework.action.SeleniumActionEngine.isElementDisplayed(SeleniumActionEngine.java:201)
	at com.skava.reusable.components.LoginComponents.orderhistory(LoginComponents.java:126)
	at com.skava.testcases.LT_1636_OrderHistory_Validation.LT_1636_OrderHistory_Validation(LT_1636_OrderHistory_Validation.java:29)
	at sun.reflect.NativeMethodAccessorImpl.invoke0(Native Method)
	at sun.reflect.NativeMethodAccessorImpl.invoke(Unknown Source)
	at sun.reflect.DelegatingMethodAccessorImpl.invoke(Unknown Source)
	at java.lang.reflect.Method.invoke(Unknown Source)
	at org.testng.internal.MethodInvocationHelper.invokeMethod(MethodInvocationHelper.java:108)
	at org.testng.internal.Invoker.invokeMethod(Invoker.java:669)
	at org.testng.internal.Invoker.invokeTestMethod(Invoker.java:877)
	at org.testng.internal.Invoker.invokeTestMethods(Invoker.java:1201)
	at org.testng.internal.TestMethodWorker.invokeTestMethods(TestMethodWorker.java:125)
	at org.testng.internal.TestMethodWorker.run(TestMethodWorker.java:109)
	at java.util.concurrent.ThreadPoolExecutor.runWorker(Unknown Source)
	at java.util.concurrent.ThreadPoolExecutor$Worker.run(Unknown Source)
	at java.lang.Thread.run(Unknown Source)
Caused by: org.openqa.selenium.NoSuchElementException: Cannot locate an element using By.xpath: //*[@id='account-content-area']/div/div[3]/ul/li[2]/a
For documentation on this error, please visit: http://seleniumhq.org/exceptions/no_such_element.html
Build info: version: '3.2.0', revision: '8c03df6b79', time: '2017-02-23 10:51:31 +0000'
System info: host: 'DESKTOP-AQOISD1', ip: '192.168.234.84', os.name: 'Windows 10', os.arch: 'amd64', os.version: '10.0', java.version: '1.8.0_112'
Driver info: driver.version: unknown
	at org.openqa.selenium.support.ui.ExpectedConditions.lambda$findElement$0(ExpectedConditions.java:882)
	at java.util.Optional.orElseThrow(Unknown Source)
	at org.openqa.selenium.support.ui.ExpectedConditions.findElement(ExpectedConditions.java:881)
	at org.openqa.selenium.support.ui.ExpectedConditions.access$000(ExpectedConditions.java:43)
	at org.openqa.selenium.support.ui.ExpectedConditions$7.apply(ExpectedConditions.java:205)
	at org.openqa.selenium.support.ui.ExpectedConditions$7.apply(ExpectedConditions.java:201)
	at org.openqa.selenium.support.ui.FluentWait.until(FluentWait.java:208)
	... 17 more
20-03-2018 10:40 ERROR - Order history is not present - failed
20-03-2018 10:40 ERROR - TimeoutException
org.openqa.selenium.TimeoutException: Expected condition failed: waiting for visibility of element located by By.id: sign-into-account-password-field (tried for 10 second(s) with 500 MILLISECONDS interval)
	at org.openqa.selenium.support.ui.WebDriverWait.timeoutException(WebDriverWait.java:82)
	at org.openqa.selenium.support.ui.FluentWait.until(FluentWait.java:231)
	at com.skava.framework.action.SeleniumActionEngine.explicitWaitforVisibility(SeleniumActionEngine.java:183)
	at com.skava.framework.action.SeleniumActionEngine.enterTextAndSubmit(SeleniumActionEngine.java:467)
	at com.skava.reusable.components.LoginComponents.enterLoginCredentials(LoginComponents.java:15)
	at com.skava.testcases.LT_1638_Shippingaddress_validation.LT_1638_Shippingaddress_validation(LT_1638_Shippingaddress_validation.java:28)
	at sun.reflect.NativeMethodAccessorImpl.invoke0(Native Method)
	at sun.reflect.NativeMethodAccessorImpl.invoke(Unknown Source)
	at sun.reflect.DelegatingMethodAccessorImpl.invoke(Unknown Source)
	at java.lang.reflect.Method.invoke(Unknown Source)
	at org.testng.internal.MethodInvocationHelper.invokeMethod(MethodInvocationHelper.java:108)
	at org.testng.internal.Invoker.invokeMethod(Invoker.java:669)
	at org.testng.internal.Invoker.invokeTestMethod(Invoker.java:877)
	at org.testng.internal.Invoker.invokeTestMethods(Invoker.java:1201)
	at org.testng.internal.TestMethodWorker.invokeTestMethods(TestMethodWorker.java:125)
	at org.testng.internal.TestMethodWorker.run(TestMethodWorker.java:109)
	at java.util.concurrent.ThreadPoolExecutor.runWorker(Unknown Source)
	at java.util.concurrent.ThreadPoolExecutor$Worker.run(Unknown Source)
	at java.lang.Thread.run(Unknown Source)
Caused by: org.openqa.selenium.NoSuchElementException: Cannot locate an element using By.id: sign-into-account-password-field
For documentation on this error, please visit: http://seleniumhq.org/exceptions/no_such_element.html
Build info: version: '3.2.0', revision: '8c03df6b79', time: '2017-02-23 10:51:31 +0000'
System info: host: 'DESKTOP-AQOISD1', ip: '192.168.234.84', os.name: 'Windows 10', os.arch: 'amd64', os.version: '10.0', java.version: '1.8.0_112'
Driver info: driver.version: unknown
	at org.openqa.selenium.support.ui.ExpectedConditions.lambda$findElement$0(ExpectedConditions.java:882)
	at java.util.Optional.orElseThrow(Unknown Source)
	at org.openqa.selenium.support.ui.ExpectedConditions.findElement(ExpectedConditions.java:881)
	at org.openqa.selenium.support.ui.ExpectedConditions.access$000(ExpectedConditions.java:43)
	at org.openqa.selenium.support.ui.ExpectedConditions$7.apply(ExpectedConditions.java:205)
	at org.openqa.selenium.support.ui.ExpectedConditions$7.apply(ExpectedConditions.java:201)
	at org.openqa.selenium.support.ui.FluentWait.until(FluentWait.java:208)
	... 17 more
20-03-2018 10:40 ERROR - Password is not present - failed
20-03-2018 10:40 ERROR - TimeoutException
org.openqa.selenium.TimeoutException: Expected condition failed: waiting for visibility of element located by By.xpath: //*[@id='account-content-area']/div/div[3]/ul/li[2]/a (tried for 10 second(s) with 500 MILLISECONDS interval)
	at org.openqa.selenium.support.ui.WebDriverWait.timeoutException(WebDriverWait.java:82)
	at org.openqa.selenium.support.ui.FluentWait.until(FluentWait.java:231)
	at com.skava.framework.action.SeleniumActionEngine.explicitWaitforVisibility(SeleniumActionEngine.java:183)
	at com.skava.framework.action.SeleniumActionEngine.scrollToElement(SeleniumActionEngine.java:433)
	at com.skava.reusable.components.LoginComponents.orderhistory(LoginComponents.java:127)
	at com.skava.testcases.LT_1636_OrderHistory_Validation.LT_1636_OrderHistory_Validation(LT_1636_OrderHistory_Validation.java:29)
	at sun.reflect.NativeMethodAccessorImpl.invoke0(Native Method)
	at sun.reflect.NativeMethodAccessorImpl.invoke(Unknown Source)
	at sun.reflect.DelegatingMethodAccessorImpl.invoke(Unknown Source)
	at java.lang.reflect.Method.invoke(Unknown Source)
	at org.testng.internal.MethodInvocationHelper.invokeMethod(MethodInvocationHelper.java:108)
	at org.testng.internal.Invoker.invokeMethod(Invoker.java:669)
	at org.testng.internal.Invoker.invokeTestMethod(Invoker.java:877)
	at org.testng.internal.Invoker.invokeTestMethods(Invoker.java:1201)
	at org.testng.internal.TestMethodWorker.invokeTestMethods(TestMethodWorker.java:125)
	at org.testng.internal.TestMethodWorker.run(TestMethodWorker.java:109)
	at java.util.concurrent.ThreadPoolExecutor.runWorker(Unknown Source)
	at java.util.concurrent.ThreadPoolExecutor$Worker.run(Unknown Source)
	at java.lang.Thread.run(Unknown Source)
Caused by: org.openqa.selenium.NoSuchElementException: Cannot locate an element using By.xpath: //*[@id='account-content-area']/div/div[3]/ul/li[2]/a
For documentation on this error, please visit: http://seleniumhq.org/exceptions/no_such_element.html
Build info: version: '3.2.0', revision: '8c03df6b79', time: '2017-02-23 10:51:31 +0000'
System info: host: 'DESKTOP-AQOISD1', ip: '192.168.234.84', os.name: 'Windows 10', os.arch: 'amd64', os.version: '10.0', java.version: '1.8.0_112'
Driver info: driver.version: unknown
	at org.openqa.selenium.support.ui.ExpectedConditions.lambda$findElement$0(ExpectedConditions.java:882)
	at java.util.Optional.orElseThrow(Unknown Source)
	at org.openqa.selenium.support.ui.ExpectedConditions.findElement(ExpectedConditions.java:881)
	at org.openqa.selenium.support.ui.ExpectedConditions.access$000(ExpectedConditions.java:43)
	at org.openqa.selenium.support.ui.ExpectedConditions$7.apply(ExpectedConditions.java:205)
	at org.openqa.selenium.support.ui.ExpectedConditions$7.apply(ExpectedConditions.java:201)
	at org.openqa.selenium.support.ui.FluentWait.until(FluentWait.java:208)
	... 17 more
20-03-2018 10:40 ERROR - orderhistory is not present - failed
20-03-2018 10:40 ERROR - TimeoutException
org.openqa.selenium.TimeoutException: Expected condition failed: waiting for visibility of element located by By.xpath: //*[@id='account-content-area']/div/div[3]/ul/li[6]/a (tried for 40 second(s) with 500 MILLISECONDS interval)
	at org.openqa.selenium.support.ui.WebDriverWait.timeoutException(WebDriverWait.java:82)
	at org.openqa.selenium.support.ui.FluentWait.until(FluentWait.java:231)
	at com.skava.framework.action.SeleniumActionEngine.explicitWaitforVisibility(SeleniumActionEngine.java:183)
	at com.skava.framework.action.SeleniumActionEngine.isElementDisplayed(SeleniumActionEngine.java:201)
	at com.skava.reusable.components.LoginComponents.accountsettings(LoginComponents.java:158)
	at com.skava.testcases.LT_1637_Accountsettings_Validation.LT_1637_Accountsettings_Validation(LT_1637_Accountsettings_Validation.java:29)
	at sun.reflect.NativeMethodAccessorImpl.invoke0(Native Method)
	at sun.reflect.NativeMethodAccessorImpl.invoke(Unknown Source)
	at sun.reflect.DelegatingMethodAccessorImpl.invoke(Unknown Source)
	at java.lang.reflect.Method.invoke(Unknown Source)
	at org.testng.internal.MethodInvocationHelper.invokeMethod(MethodInvocationHelper.java:108)
	at org.testng.internal.Invoker.invokeMethod(Invoker.java:669)
	at org.testng.internal.Invoker.invokeTestMethod(Invoker.java:877)
	at org.testng.internal.Invoker.invokeTestMethods(Invoker.java:1201)
	at org.testng.internal.TestMethodWorker.invokeTestMethods(TestMethodWorker.java:125)
	at org.testng.internal.TestMethodWorker.run(TestMethodWorker.java:109)
	at java.util.concurrent.ThreadPoolExecutor.runWorker(Unknown Source)
	at java.util.concurrent.ThreadPoolExecutor$Worker.run(Unknown Source)
	at java.lang.Thread.run(Unknown Source)
Caused by: org.openqa.selenium.NoSuchElementException: Cannot locate an element using By.xpath: //*[@id='account-content-area']/div/div[3]/ul/li[6]/a
For documentation on this error, please visit: http://seleniumhq.org/exceptions/no_such_element.html
Build info: version: '3.2.0', revision: '8c03df6b79', time: '2017-02-23 10:51:31 +0000'
System info: host: 'DESKTOP-AQOISD1', ip: '192.168.234.84', os.name: 'Windows 10', os.arch: 'amd64', os.version: '10.0', java.version: '1.8.0_112'
Driver info: driver.version: unknown
	at org.openqa.selenium.support.ui.ExpectedConditions.lambda$findElement$0(ExpectedConditions.java:882)
	at java.util.Optional.orElseThrow(Unknown Source)
	at org.openqa.selenium.support.ui.ExpectedConditions.findElement(ExpectedConditions.java:881)
	at org.openqa.selenium.support.ui.ExpectedConditions.access$000(ExpectedConditions.java:43)
	at org.openqa.selenium.support.ui.ExpectedConditions$7.apply(ExpectedConditions.java:205)
	at org.openqa.selenium.support.ui.ExpectedConditions$7.apply(ExpectedConditions.java:201)
	at org.openqa.selenium.support.ui.FluentWait.until(FluentWait.java:208)
	... 17 more
20-03-2018 10:40 ERROR - settings is not present - failed
20-03-2018 10:40 ERROR - TimeoutException
org.openqa.selenium.TimeoutException: Expected condition failed: waiting for visibility of element located by By.xpath: //*[@id='account-content-area']/div/div[3]/ul/li[6]/a (tried for 10 second(s) with 500 MILLISECONDS interval)
	at org.openqa.selenium.support.ui.WebDriverWait.timeoutException(WebDriverWait.java:82)
	at org.openqa.selenium.support.ui.FluentWait.until(FluentWait.java:231)
	at com.skava.framework.action.SeleniumActionEngine.explicitWaitforVisibility(SeleniumActionEngine.java:183)
	at com.skava.framework.action.SeleniumActionEngine.scrollToElement(SeleniumActionEngine.java:433)
	at com.skava.reusable.components.LoginComponents.accountsettings(LoginComponents.java:159)
	at com.skava.testcases.LT_1637_Accountsettings_Validation.LT_1637_Accountsettings_Validation(LT_1637_Accountsettings_Validation.java:29)
	at sun.reflect.NativeMethodAccessorImpl.invoke0(Native Method)
	at sun.reflect.NativeMethodAccessorImpl.invoke(Unknown Source)
	at sun.reflect.DelegatingMethodAccessorImpl.invoke(Unknown Source)
	at java.lang.reflect.Method.invoke(Unknown Source)
	at org.testng.internal.MethodInvocationHelper.invokeMethod(MethodInvocationHelper.java:108)
	at org.testng.internal.Invoker.invokeMethod(Invoker.java:669)
	at org.testng.internal.Invoker.invokeTestMethod(Invoker.java:877)
	at org.testng.internal.Invoker.invokeTestMethods(Invoker.java:1201)
	at org.testng.internal.TestMethodWorker.invokeTestMethods(TestMethodWorker.java:125)
	at org.testng.internal.TestMethodWorker.run(TestMethodWorker.java:109)
	at java.util.concurrent.ThreadPoolExecutor.runWorker(Unknown Source)
	at java.util.concurrent.ThreadPoolExecutor$Worker.run(Unknown Source)
	at java.lang.Thread.run(Unknown Source)
Caused by: org.openqa.selenium.NoSuchElementException: Cannot locate an element using By.xpath: //*[@id='account-content-area']/div/div[3]/ul/li[6]/a
For documentation on this error, please visit: http://seleniumhq.org/exceptions/no_such_element.html
Build info: version: '3.2.0', revision: '8c03df6b79', time: '2017-02-23 10:51:31 +0000'
System info: host: 'DESKTOP-AQOISD1', ip: '192.168.234.84', os.name: 'Windows 10', os.arch: 'amd64', os.version: '10.0', java.version: '1.8.0_112'
Driver info: driver.version: unknown
	at org.openqa.selenium.support.ui.ExpectedConditions.lambda$findElement$0(ExpectedConditions.java:882)
	at java.util.Optional.orElseThrow(Unknown Source)
	at org.openqa.selenium.support.ui.ExpectedConditions.findElement(ExpectedConditions.java:881)
	at org.openqa.selenium.support.ui.ExpectedConditions.access$000(ExpectedConditions.java:43)
	at org.openqa.selenium.support.ui.ExpectedConditions$7.apply(ExpectedConditions.java:205)
	at org.openqa.selenium.support.ui.ExpectedConditions$7.apply(ExpectedConditions.java:201)
	at org.openqa.selenium.support.ui.FluentWait.until(FluentWait.java:208)
	... 17 more
20-03-2018 10:40 ERROR - settings is not present - failed
20-03-2018 10:40 ERROR - TimeoutException
org.openqa.selenium.TimeoutException: Expected condition failed: waiting for visibility of element located by By.xpath: //*[@id='account-content-area']/div/div[3]/ul/li[2]/a (tried for 20 second(s) with 500 MILLISECONDS interval)
	at org.openqa.selenium.support.ui.WebDriverWait.timeoutException(WebDriverWait.java:82)
	at org.openqa.selenium.support.ui.FluentWait.until(FluentWait.java:231)
	at com.skava.framework.action.SeleniumActionEngine.explicitWaitforVisibility(SeleniumActionEngine.java:183)
	at com.skava.framework.action.SeleniumActionEngine.clickElement(SeleniumActionEngine.java:100)
	at com.skava.reusable.components.LoginComponents.orderhistory(LoginComponents.java:128)
	at com.skava.testcases.LT_1636_OrderHistory_Validation.LT_1636_OrderHistory_Validation(LT_1636_OrderHistory_Validation.java:29)
	at sun.reflect.NativeMethodAccessorImpl.invoke0(Native Method)
	at sun.reflect.NativeMethodAccessorImpl.invoke(Unknown Source)
	at sun.reflect.DelegatingMethodAccessorImpl.invoke(Unknown Source)
	at java.lang.reflect.Method.invoke(Unknown Source)
	at org.testng.internal.MethodInvocationHelper.invokeMethod(MethodInvocationHelper.java:108)
	at org.testng.internal.Invoker.invokeMethod(Invoker.java:669)
	at org.testng.internal.Invoker.invokeTestMethod(Invoker.java:877)
	at org.testng.internal.Invoker.invokeTestMethods(Invoker.java:1201)
	at org.testng.internal.TestMethodWorker.invokeTestMethods(TestMethodWorker.java:125)
	at org.testng.internal.TestMethodWorker.run(TestMethodWorker.java:109)
	at java.util.concurrent.ThreadPoolExecutor.runWorker(Unknown Source)
	at java.util.concurrent.ThreadPoolExecutor$Worker.run(Unknown Source)
	at java.lang.Thread.run(Unknown Source)
Caused by: org.openqa.selenium.NoSuchElementException: Cannot locate an element using By.xpath: //*[@id='account-content-area']/div/div[3]/ul/li[2]/a
For documentation on this error, please visit: http://seleniumhq.org/exceptions/no_such_element.html
Build info: version: '3.2.0', revision: '8c03df6b79', time: '2017-02-23 10:51:31 +0000'
System info: host: 'DESKTOP-AQOISD1', ip: '192.168.234.84', os.name: 'Windows 10', os.arch: 'amd64', os.version: '10.0', java.version: '1.8.0_112'
Driver info: driver.version: unknown
	at org.openqa.selenium.support.ui.ExpectedConditions.lambda$findElement$0(ExpectedConditions.java:882)
	at java.util.Optional.orElseThrow(Unknown Source)
	at org.openqa.selenium.support.ui.ExpectedConditions.findElement(ExpectedConditions.java:881)
	at org.openqa.selenium.support.ui.ExpectedConditions.access$000(ExpectedConditions.java:43)
	at org.openqa.selenium.support.ui.ExpectedConditions$7.apply(ExpectedConditions.java:205)
	at org.openqa.selenium.support.ui.ExpectedConditions$7.apply(ExpectedConditions.java:201)
	at org.openqa.selenium.support.ui.FluentWait.until(FluentWait.java:208)
	... 17 more
20-03-2018 10:40 ERROR - orderhistory clicked is not present - failed
20-03-2018 10:41 INFO  - http://m.lordandtaylor.com/ is opened - Pass
20-03-2018 10:41 INFO  - Wait to get site Loaded is displayed - Pass
20-03-2018 10:41 INFO  - Click Menu is clicked - Pass
20-03-2018 10:41 ERROR - WebDriverException
org.openqa.selenium.WebDriverException: unknown error: Element is not clickable at point (-134, 667)
  (Session info: chrome=64.0.3282.186)
  (Driver info: chromedriver=2.33.506120 (e3e53437346286c0bc2d2dc9aa4915ba81d9023f),platform=Windows NT 10.0.16299 x86_64) (WARNING: The server did not provide any stacktrace information)
Command duration or timeout: 52 milliseconds
Build info: version: '3.2.0', revision: '8c03df6b79', time: '2017-02-23 10:51:31 +0000'
System info: host: 'DESKTOP-AQOISD1', ip: '192.168.234.84', os.name: 'Windows 10', os.arch: 'amd64', os.version: '10.0', java.version: '1.8.0_112'
Driver info: org.openqa.selenium.chrome.ChromeDriver
Capabilities [{applicationCacheEnabled=false, rotatable=false, mobileEmulationEnabled=false, networkConnectionEnabled=false, chrome={chromedriverVersion=2.33.506120 (e3e53437346286c0bc2d2dc9aa4915ba81d9023f), userDataDir=C:\Users\arunraj.n\AppData\Local\Temp\scoped_dir34460_6331}, takesHeapSnapshot=true, pageLoadStrategy=normal, databaseEnabled=false, handlesAlerts=true, hasTouchScreen=false, version=64.0.3282.186, platform=XP, browserConnectionEnabled=false, nativeEvents=true, acceptSslCerts=true, locationContextEnabled=true, webStorageEnabled=true, browserName=chrome, takesScreenshot=true, javascriptEnabled=true, cssSelectorsEnabled=true, setWindowRect=true, unexpectedAlertBehaviour=}]
Session ID: 794311319848d00900a6399ec2f20b8d
	at sun.reflect.NativeConstructorAccessorImpl.newInstance0(Native Method)
	at sun.reflect.NativeConstructorAccessorImpl.newInstance(Unknown Source)
	at sun.reflect.DelegatingConstructorAccessorImpl.newInstance(Unknown Source)
	at java.lang.reflect.Constructor.newInstance(Unknown Source)
	at org.openqa.selenium.remote.ErrorHandler.createThrowable(ErrorHandler.java:216)
	at org.openqa.selenium.remote.ErrorHandler.throwIfResponseFailed(ErrorHandler.java:168)
	at org.openqa.selenium.remote.RemoteWebDriver.execute(RemoteWebDriver.java:638)
	at org.openqa.selenium.remote.RemoteWebElement.execute(RemoteWebElement.java:274)
	at org.openqa.selenium.remote.RemoteWebElement.click(RemoteWebElement.java:84)
	at com.skava.framework.action.SeleniumActionEngine.clickElement(SeleniumActionEngine.java:103)
	at com.skava.reusable.components.GeneralComponents.clickMyAccountIcon(GeneralComponents.java:63)
	at com.skava.testcases.LT_1639_Billingaddress_Validation.LT_1639_Billingaddress_Validation(LT_1639_Billingaddress_Validation.java:27)
	at sun.reflect.NativeMethodAccessorImpl.invoke0(Native Method)
	at sun.reflect.NativeMethodAccessorImpl.invoke(Unknown Source)
	at sun.reflect.DelegatingMethodAccessorImpl.invoke(Unknown Source)
	at java.lang.reflect.Method.invoke(Unknown Source)
	at org.testng.internal.MethodInvocationHelper.invokeMethod(MethodInvocationHelper.java:108)
	at org.testng.internal.Invoker.invokeMethod(Invoker.java:669)
	at org.testng.internal.Invoker.invokeTestMethod(Invoker.java:877)
	at org.testng.internal.Invoker.invokeTestMethods(Invoker.java:1201)
	at org.testng.internal.TestMethodWorker.invokeTestMethods(TestMethodWorker.java:125)
	at org.testng.internal.TestMethodWorker.run(TestMethodWorker.java:109)
	at java.util.concurrent.ThreadPoolExecutor.runWorker(Unknown Source)
	at java.util.concurrent.ThreadPoolExecutor$Worker.run(Unknown Source)
	at java.lang.Thread.run(Unknown Source)
20-03-2018 10:41 ERROR - Enetered Loginis not present - failed
20-03-2018 10:41 ERROR - TimeoutException
org.openqa.selenium.TimeoutException: Expected condition failed: waiting for visibility of element located by By.xpath: //*[@id='account-content-area']/div/div[3]/ul/li[3]/a (tried for 40 second(s) with 500 MILLISECONDS interval)
	at org.openqa.selenium.support.ui.WebDriverWait.timeoutException(WebDriverWait.java:82)
	at org.openqa.selenium.support.ui.FluentWait.until(FluentWait.java:231)
	at com.skava.framework.action.SeleniumActionEngine.explicitWaitforVisibility(SeleniumActionEngine.java:183)
	at com.skava.framework.action.SeleniumActionEngine.isElementDisplayed(SeleniumActionEngine.java:201)
	at com.skava.reusable.components.LoginComponents.shippingaddress(LoginComponents.java:134)
	at com.skava.testcases.LT_1638_Shippingaddress_validation.LT_1638_Shippingaddress_validation(LT_1638_Shippingaddress_validation.java:29)
	at sun.reflect.NativeMethodAccessorImpl.invoke0(Native Method)
	at sun.reflect.NativeMethodAccessorImpl.invoke(Unknown Source)
	at sun.reflect.DelegatingMethodAccessorImpl.invoke(Unknown Source)
	at java.lang.reflect.Method.invoke(Unknown Source)
	at org.testng.internal.MethodInvocationHelper.invokeMethod(MethodInvocationHelper.java:108)
	at org.testng.internal.Invoker.invokeMethod(Invoker.java:669)
	at org.testng.internal.Invoker.invokeTestMethod(Invoker.java:877)
	at org.testng.internal.Invoker.invokeTestMethods(Invoker.java:1201)
	at org.testng.internal.TestMethodWorker.invokeTestMethods(TestMethodWorker.java:125)
	at org.testng.internal.TestMethodWorker.run(TestMethodWorker.java:109)
	at java.util.concurrent.ThreadPoolExecutor.runWorker(Unknown Source)
	at java.util.concurrent.ThreadPoolExecutor$Worker.run(Unknown Source)
	at java.lang.Thread.run(Unknown Source)
Caused by: org.openqa.selenium.NoSuchElementException: Cannot locate an element using By.xpath: //*[@id='account-content-area']/div/div[3]/ul/li[3]/a
For documentation on this error, please visit: http://seleniumhq.org/exceptions/no_such_element.html
Build info: version: '3.2.0', revision: '8c03df6b79', time: '2017-02-23 10:51:31 +0000'
System info: host: 'DESKTOP-AQOISD1', ip: '192.168.234.84', os.name: 'Windows 10', os.arch: 'amd64', os.version: '10.0', java.version: '1.8.0_112'
Driver info: driver.version: unknown
	at org.openqa.selenium.support.ui.ExpectedConditions.lambda$findElement$0(ExpectedConditions.java:882)
	at java.util.Optional.orElseThrow(Unknown Source)
	at org.openqa.selenium.support.ui.ExpectedConditions.findElement(ExpectedConditions.java:881)
	at org.openqa.selenium.support.ui.ExpectedConditions.access$000(ExpectedConditions.java:43)
	at org.openqa.selenium.support.ui.ExpectedConditions$7.apply(ExpectedConditions.java:205)
	at org.openqa.selenium.support.ui.ExpectedConditions$7.apply(ExpectedConditions.java:201)
	at org.openqa.selenium.support.ui.FluentWait.until(FluentWait.java:208)
	... 17 more
20-03-2018 10:41 ERROR - shippingaddress is not present - failed
20-03-2018 10:41 ERROR - TimeoutException
org.openqa.selenium.TimeoutException: Expected condition failed: waiting for visibility of element located by By.xpath: //*[@id='account-content-area']/div/div[3]/ul/li[6]/a (tried for 20 second(s) with 500 MILLISECONDS interval)
	at org.openqa.selenium.support.ui.WebDriverWait.timeoutException(WebDriverWait.java:82)
	at org.openqa.selenium.support.ui.FluentWait.until(FluentWait.java:231)
	at com.skava.framework.action.SeleniumActionEngine.explicitWaitforVisibility(SeleniumActionEngine.java:183)
	at com.skava.framework.action.SeleniumActionEngine.clickElement(SeleniumActionEngine.java:100)
	at com.skava.reusable.components.LoginComponents.accountsettings(LoginComponents.java:160)
	at com.skava.testcases.LT_1637_Accountsettings_Validation.LT_1637_Accountsettings_Validation(LT_1637_Accountsettings_Validation.java:29)
	at sun.reflect.NativeMethodAccessorImpl.invoke0(Native Method)
	at sun.reflect.NativeMethodAccessorImpl.invoke(Unknown Source)
	at sun.reflect.DelegatingMethodAccessorImpl.invoke(Unknown Source)
	at java.lang.reflect.Method.invoke(Unknown Source)
	at org.testng.internal.MethodInvocationHelper.invokeMethod(MethodInvocationHelper.java:108)
	at org.testng.internal.Invoker.invokeMethod(Invoker.java:669)
	at org.testng.internal.Invoker.invokeTestMethod(Invoker.java:877)
	at org.testng.internal.Invoker.invokeTestMethods(Invoker.java:1201)
	at org.testng.internal.TestMethodWorker.invokeTestMethods(TestMethodWorker.java:125)
	at org.testng.internal.TestMethodWorker.run(TestMethodWorker.java:109)
	at java.util.concurrent.ThreadPoolExecutor.runWorker(Unknown Source)
	at java.util.concurrent.ThreadPoolExecutor$Worker.run(Unknown Source)
	at java.lang.Thread.run(Unknown Source)
Caused by: org.openqa.selenium.NoSuchElementException: Cannot locate an element using By.xpath: //*[@id='account-content-area']/div/div[3]/ul/li[6]/a
For documentation on this error, please visit: http://seleniumhq.org/exceptions/no_such_element.html
Build info: version: '3.2.0', revision: '8c03df6b79', time: '2017-02-23 10:51:31 +0000'
System info: host: 'DESKTOP-AQOISD1', ip: '192.168.234.84', os.name: 'Windows 10', os.arch: 'amd64', os.version: '10.0', java.version: '1.8.0_112'
Driver info: driver.version: unknown
	at org.openqa.selenium.support.ui.ExpectedConditions.lambda$findElement$0(ExpectedConditions.java:882)
	at java.util.Optional.orElseThrow(Unknown Source)
	at org.openqa.selenium.support.ui.ExpectedConditions.findElement(ExpectedConditions.java:881)
	at org.openqa.selenium.support.ui.ExpectedConditions.access$000(ExpectedConditions.java:43)
	at org.openqa.selenium.support.ui.ExpectedConditions$7.apply(ExpectedConditions.java:205)
	at org.openqa.selenium.support.ui.ExpectedConditions$7.apply(ExpectedConditions.java:201)
	at org.openqa.selenium.support.ui.FluentWait.until(FluentWait.java:208)
	... 17 more
20-03-2018 10:41 ERROR - settings clicked is not present - failed
20-03-2018 10:41 ERROR - TimeoutException
org.openqa.selenium.TimeoutException: Expected condition failed: waiting for visibility of element located by By.id: sign-into-account-email-field (tried for 10 second(s) with 500 MILLISECONDS interval)
	at org.openqa.selenium.support.ui.WebDriverWait.timeoutException(WebDriverWait.java:82)
	at org.openqa.selenium.support.ui.FluentWait.until(FluentWait.java:231)
	at com.skava.framework.action.SeleniumActionEngine.explicitWaitforVisibility(SeleniumActionEngine.java:183)
	at com.skava.framework.action.SeleniumActionEngine.enterText(SeleniumActionEngine.java:75)
	at com.skava.reusable.components.LoginComponents.enterLoginCredentials(LoginComponents.java:14)
	at com.skava.testcases.LT_1639_Billingaddress_Validation.LT_1639_Billingaddress_Validation(LT_1639_Billingaddress_Validation.java:28)
	at sun.reflect.NativeMethodAccessorImpl.invoke0(Native Method)
	at sun.reflect.NativeMethodAccessorImpl.invoke(Unknown Source)
	at sun.reflect.DelegatingMethodAccessorImpl.invoke(Unknown Source)
	at java.lang.reflect.Method.invoke(Unknown Source)
	at org.testng.internal.MethodInvocationHelper.invokeMethod(MethodInvocationHelper.java:108)
	at org.testng.internal.Invoker.invokeMethod(Invoker.java:669)
	at org.testng.internal.Invoker.invokeTestMethod(Invoker.java:877)
	at org.testng.internal.Invoker.invokeTestMethods(Invoker.java:1201)
	at org.testng.internal.TestMethodWorker.invokeTestMethods(TestMethodWorker.java:125)
	at org.testng.internal.TestMethodWorker.run(TestMethodWorker.java:109)
	at java.util.concurrent.ThreadPoolExecutor.runWorker(Unknown Source)
	at java.util.concurrent.ThreadPoolExecutor$Worker.run(Unknown Source)
	at java.lang.Thread.run(Unknown Source)
Caused by: org.openqa.selenium.NoSuchElementException: Cannot locate an element using By.id: sign-into-account-email-field
For documentation on this error, please visit: http://seleniumhq.org/exceptions/no_such_element.html
Build info: version: '3.2.0', revision: '8c03df6b79', time: '2017-02-23 10:51:31 +0000'
System info: host: 'DESKTOP-AQOISD1', ip: '192.168.234.84', os.name: 'Windows 10', os.arch: 'amd64', os.version: '10.0', java.version: '1.8.0_112'
Driver info: driver.version: unknown
	at org.openqa.selenium.support.ui.ExpectedConditions.lambda$findElement$0(ExpectedConditions.java:882)
	at java.util.Optional.orElseThrow(Unknown Source)
	at org.openqa.selenium.support.ui.ExpectedConditions.findElement(ExpectedConditions.java:881)
	at org.openqa.selenium.support.ui.ExpectedConditions.access$000(ExpectedConditions.java:43)
	at org.openqa.selenium.support.ui.ExpectedConditions$7.apply(ExpectedConditions.java:205)
	at org.openqa.selenium.support.ui.ExpectedConditions$7.apply(ExpectedConditions.java:201)
	at org.openqa.selenium.support.ui.FluentWait.until(FluentWait.java:208)
	... 17 more
20-03-2018 10:41 ERROR - Email is not present - failed
20-03-2018 10:41 ERROR - TimeoutException
org.openqa.selenium.TimeoutException: Expected condition failed: waiting for visibility of element located by By.xpath: //*[@id='account-content-area']/div/div[3]/ul/li[3]/a (tried for 10 second(s) with 500 MILLISECONDS interval)
	at org.openqa.selenium.support.ui.WebDriverWait.timeoutException(WebDriverWait.java:82)
	at org.openqa.selenium.support.ui.FluentWait.until(FluentWait.java:231)
	at com.skava.framework.action.SeleniumActionEngine.explicitWaitforVisibility(SeleniumActionEngine.java:183)
	at com.skava.framework.action.SeleniumActionEngine.scrollToElement(SeleniumActionEngine.java:433)
	at com.skava.reusable.components.LoginComponents.shippingaddress(LoginComponents.java:135)
	at com.skava.testcases.LT_1638_Shippingaddress_validation.LT_1638_Shippingaddress_validation(LT_1638_Shippingaddress_validation.java:29)
	at sun.reflect.NativeMethodAccessorImpl.invoke0(Native Method)
	at sun.reflect.NativeMethodAccessorImpl.invoke(Unknown Source)
	at sun.reflect.DelegatingMethodAccessorImpl.invoke(Unknown Source)
	at java.lang.reflect.Method.invoke(Unknown Source)
	at org.testng.internal.MethodInvocationHelper.invokeMethod(MethodInvocationHelper.java:108)
	at org.testng.internal.Invoker.invokeMethod(Invoker.java:669)
	at org.testng.internal.Invoker.invokeTestMethod(Invoker.java:877)
	at org.testng.internal.Invoker.invokeTestMethods(Invoker.java:1201)
	at org.testng.internal.TestMethodWorker.invokeTestMethods(TestMethodWorker.java:125)
	at org.testng.internal.TestMethodWorker.run(TestMethodWorker.java:109)
	at java.util.concurrent.ThreadPoolExecutor.runWorker(Unknown Source)
	at java.util.concurrent.ThreadPoolExecutor$Worker.run(Unknown Source)
	at java.lang.Thread.run(Unknown Source)
Caused by: org.openqa.selenium.NoSuchElementException: Cannot locate an element using By.xpath: //*[@id='account-content-area']/div/div[3]/ul/li[3]/a
For documentation on this error, please visit: http://seleniumhq.org/exceptions/no_such_element.html
Build info: version: '3.2.0', revision: '8c03df6b79', time: '2017-02-23 10:51:31 +0000'
System info: host: 'DESKTOP-AQOISD1', ip: '192.168.234.84', os.name: 'Windows 10', os.arch: 'amd64', os.version: '10.0', java.version: '1.8.0_112'
Driver info: driver.version: unknown
	at org.openqa.selenium.support.ui.ExpectedConditions.lambda$findElement$0(ExpectedConditions.java:882)
	at java.util.Optional.orElseThrow(Unknown Source)
	at org.openqa.selenium.support.ui.ExpectedConditions.findElement(ExpectedConditions.java:881)
	at org.openqa.selenium.support.ui.ExpectedConditions.access$000(ExpectedConditions.java:43)
	at org.openqa.selenium.support.ui.ExpectedConditions$7.apply(ExpectedConditions.java:205)
	at org.openqa.selenium.support.ui.ExpectedConditions$7.apply(ExpectedConditions.java:201)
	at org.openqa.selenium.support.ui.FluentWait.until(FluentWait.java:208)
	... 17 more
20-03-2018 10:41 ERROR - shippingaddress is not present - failed
20-03-2018 10:41 INFO  - http://m.lordandtaylor.com/ is opened - Pass
20-03-2018 10:41 INFO  - Wait to get site Loaded is displayed - Pass
20-03-2018 10:41 INFO  - Click Menu is clicked - Pass
20-03-2018 10:41 ERROR - TimeoutException
org.openqa.selenium.TimeoutException: Expected condition failed: waiting for visibility of element located by By.id: sign-into-account-password-field (tried for 10 second(s) with 500 MILLISECONDS interval)
	at org.openqa.selenium.support.ui.WebDriverWait.timeoutException(WebDriverWait.java:82)
	at org.openqa.selenium.support.ui.FluentWait.until(FluentWait.java:231)
	at com.skava.framework.action.SeleniumActionEngine.explicitWaitforVisibility(SeleniumActionEngine.java:183)
	at com.skava.framework.action.SeleniumActionEngine.enterTextAndSubmit(SeleniumActionEngine.java:467)
	at com.skava.reusable.components.LoginComponents.enterLoginCredentials(LoginComponents.java:15)
	at com.skava.testcases.LT_1639_Billingaddress_Validation.LT_1639_Billingaddress_Validation(LT_1639_Billingaddress_Validation.java:28)
	at sun.reflect.NativeMethodAccessorImpl.invoke0(Native Method)
	at sun.reflect.NativeMethodAccessorImpl.invoke(Unknown Source)
	at sun.reflect.DelegatingMethodAccessorImpl.invoke(Unknown Source)
	at java.lang.reflect.Method.invoke(Unknown Source)
	at org.testng.internal.MethodInvocationHelper.invokeMethod(MethodInvocationHelper.java:108)
	at org.testng.internal.Invoker.invokeMethod(Invoker.java:669)
	at org.testng.internal.Invoker.invokeTestMethod(Invoker.java:877)
	at org.testng.internal.Invoker.invokeTestMethods(Invoker.java:1201)
	at org.testng.internal.TestMethodWorker.invokeTestMethods(TestMethodWorker.java:125)
	at org.testng.internal.TestMethodWorker.run(TestMethodWorker.java:109)
	at java.util.concurrent.ThreadPoolExecutor.runWorker(Unknown Source)
	at java.util.concurrent.ThreadPoolExecutor$Worker.run(Unknown Source)
	at java.lang.Thread.run(Unknown Source)
Caused by: org.openqa.selenium.NoSuchElementException: Cannot locate an element using By.id: sign-into-account-password-field
For documentation on this error, please visit: http://seleniumhq.org/exceptions/no_such_element.html
Build info: version: '3.2.0', revision: '8c03df6b79', time: '2017-02-23 10:51:31 +0000'
System info: host: 'DESKTOP-AQOISD1', ip: '192.168.234.84', os.name: 'Windows 10', os.arch: 'amd64', os.version: '10.0', java.version: '1.8.0_112'
Driver info: driver.version: unknown
	at org.openqa.selenium.support.ui.ExpectedConditions.lambda$findElement$0(ExpectedConditions.java:882)
	at java.util.Optional.orElseThrow(Unknown Source)
	at org.openqa.selenium.support.ui.ExpectedConditions.findElement(ExpectedConditions.java:881)
	at org.openqa.selenium.support.ui.ExpectedConditions.access$000(ExpectedConditions.java:43)
	at org.openqa.selenium.support.ui.ExpectedConditions$7.apply(ExpectedConditions.java:205)
	at org.openqa.selenium.support.ui.ExpectedConditions$7.apply(ExpectedConditions.java:201)
	at org.openqa.selenium.support.ui.FluentWait.until(FluentWait.java:208)
	... 17 more
20-03-2018 10:41 ERROR - Password is not present - failed
20-03-2018 10:41 ERROR - TimeoutException
org.openqa.selenium.TimeoutException: Expected condition failed: waiting for visibility of element located by By.xpath: //*[@id='account-content-area']/div/div[3]/ul/li[3]/a (tried for 20 second(s) with 500 MILLISECONDS interval)
	at org.openqa.selenium.support.ui.WebDriverWait.timeoutException(WebDriverWait.java:82)
	at org.openqa.selenium.support.ui.FluentWait.until(FluentWait.java:231)
	at com.skava.framework.action.SeleniumActionEngine.explicitWaitforVisibility(SeleniumActionEngine.java:183)
	at com.skava.framework.action.SeleniumActionEngine.clickElement(SeleniumActionEngine.java:100)
	at com.skava.reusable.components.LoginComponents.shippingaddress(LoginComponents.java:136)
	at com.skava.testcases.LT_1638_Shippingaddress_validation.LT_1638_Shippingaddress_validation(LT_1638_Shippingaddress_validation.java:29)
	at sun.reflect.NativeMethodAccessorImpl.invoke0(Native Method)
	at sun.reflect.NativeMethodAccessorImpl.invoke(Unknown Source)
	at sun.reflect.DelegatingMethodAccessorImpl.invoke(Unknown Source)
	at java.lang.reflect.Method.invoke(Unknown Source)
	at org.testng.internal.MethodInvocationHelper.invokeMethod(MethodInvocationHelper.java:108)
	at org.testng.internal.Invoker.invokeMethod(Invoker.java:669)
	at org.testng.internal.Invoker.invokeTestMethod(Invoker.java:877)
	at org.testng.internal.Invoker.invokeTestMethods(Invoker.java:1201)
	at org.testng.internal.TestMethodWorker.invokeTestMethods(TestMethodWorker.java:125)
	at org.testng.internal.TestMethodWorker.run(TestMethodWorker.java:109)
	at java.util.concurrent.ThreadPoolExecutor.runWorker(Unknown Source)
	at java.util.concurrent.ThreadPoolExecutor$Worker.run(Unknown Source)
	at java.lang.Thread.run(Unknown Source)
Caused by: org.openqa.selenium.NoSuchElementException: Cannot locate an element using By.xpath: //*[@id='account-content-area']/div/div[3]/ul/li[3]/a
For documentation on this error, please visit: http://seleniumhq.org/exceptions/no_such_element.html
Build info: version: '3.2.0', revision: '8c03df6b79', time: '2017-02-23 10:51:31 +0000'
System info: host: 'DESKTOP-AQOISD1', ip: '192.168.234.84', os.name: 'Windows 10', os.arch: 'amd64', os.version: '10.0', java.version: '1.8.0_112'
Driver info: driver.version: unknown
	at org.openqa.selenium.support.ui.ExpectedConditions.lambda$findElement$0(ExpectedConditions.java:882)
	at java.util.Optional.orElseThrow(Unknown Source)
	at org.openqa.selenium.support.ui.ExpectedConditions.findElement(ExpectedConditions.java:881)
	at org.openqa.selenium.support.ui.ExpectedConditions.access$000(ExpectedConditions.java:43)
	at org.openqa.selenium.support.ui.ExpectedConditions$7.apply(ExpectedConditions.java:205)
	at org.openqa.selenium.support.ui.ExpectedConditions$7.apply(ExpectedConditions.java:201)
	at org.openqa.selenium.support.ui.FluentWait.until(FluentWait.java:208)
	... 17 more
20-03-2018 10:41 ERROR - shippingaddress clicked is not present - failed
20-03-2018 10:41 INFO  - Enetered Login is clicked - Pass
20-03-2018 10:41 INFO  - Email is entered in the field - Pass
20-03-2018 10:41 INFO  - Spider@123 is entered in Password - Pass
20-03-2018 10:41 INFO  - payment is displayed - Pass
20-03-2018 10:41 INFO  - scrolled to payment - Pass
20-03-2018 10:41 INFO  - payment clicked is clicked - Pass
20-03-2018 10:41 INFO  - http://m.lordandtaylor.com/ is opened - Pass
20-03-2018 10:41 INFO  - Click Search is clicked - Pass
20-03-2018 10:41 INFO  - Shoes is entered in Search - Pass
20-03-2018 10:42 INFO  - search/PLP page is displayed - Pass
20-03-2018 10:42 INFO  - Search Count is displayed - Pass
20-03-2018 10:42 INFO  - http://m.lordandtaylor.com/ is opened - Pass
20-03-2018 10:42 INFO  - Click Search is clicked - Pass
20-03-2018 10:42 INFO  - Shoes is entered in Search - Pass
20-03-2018 10:42 ERROR - TimeoutException
org.openqa.selenium.TimeoutException: Expected condition failed: waiting for visibility of element located by By.xpath: //*[@id='account-content-area']/div/div[3]/ul/li[4]/a (tried for 40 second(s) with 500 MILLISECONDS interval)
	at org.openqa.selenium.support.ui.WebDriverWait.timeoutException(WebDriverWait.java:82)
	at org.openqa.selenium.support.ui.FluentWait.until(FluentWait.java:231)
	at com.skava.framework.action.SeleniumActionEngine.explicitWaitforVisibility(SeleniumActionEngine.java:183)
	at com.skava.framework.action.SeleniumActionEngine.isElementDisplayed(SeleniumActionEngine.java:201)
	at com.skava.reusable.components.LoginComponents.billingaddress(LoginComponents.java:142)
	at com.skava.testcases.LT_1639_Billingaddress_Validation.LT_1639_Billingaddress_Validation(LT_1639_Billingaddress_Validation.java:29)
	at sun.reflect.NativeMethodAccessorImpl.invoke0(Native Method)
	at sun.reflect.NativeMethodAccessorImpl.invoke(Unknown Source)
	at sun.reflect.DelegatingMethodAccessorImpl.invoke(Unknown Source)
	at java.lang.reflect.Method.invoke(Unknown Source)
	at org.testng.internal.MethodInvocationHelper.invokeMethod(MethodInvocationHelper.java:108)
	at org.testng.internal.Invoker.invokeMethod(Invoker.java:669)
	at org.testng.internal.Invoker.invokeTestMethod(Invoker.java:877)
	at org.testng.internal.Invoker.invokeTestMethods(Invoker.java:1201)
	at org.testng.internal.TestMethodWorker.invokeTestMethods(TestMethodWorker.java:125)
	at org.testng.internal.TestMethodWorker.run(TestMethodWorker.java:109)
	at java.util.concurrent.ThreadPoolExecutor.runWorker(Unknown Source)
	at java.util.concurrent.ThreadPoolExecutor$Worker.run(Unknown Source)
	at java.lang.Thread.run(Unknown Source)
Caused by: org.openqa.selenium.NoSuchElementException: Cannot locate an element using By.xpath: //*[@id='account-content-area']/div/div[3]/ul/li[4]/a
For documentation on this error, please visit: http://seleniumhq.org/exceptions/no_such_element.html
Build info: version: '3.2.0', revision: '8c03df6b79', time: '2017-02-23 10:51:31 +0000'
System info: host: 'DESKTOP-AQOISD1', ip: '192.168.234.84', os.name: 'Windows 10', os.arch: 'amd64', os.version: '10.0', java.version: '1.8.0_112'
Driver info: driver.version: unknown
	at org.openqa.selenium.support.ui.ExpectedConditions.lambda$findElement$0(ExpectedConditions.java:882)
	at java.util.Optional.orElseThrow(Unknown Source)
	at org.openqa.selenium.support.ui.ExpectedConditions.findElement(ExpectedConditions.java:881)
	at org.openqa.selenium.support.ui.ExpectedConditions.access$000(ExpectedConditions.java:43)
	at org.openqa.selenium.support.ui.ExpectedConditions$7.apply(ExpectedConditions.java:205)
	at org.openqa.selenium.support.ui.ExpectedConditions$7.apply(ExpectedConditions.java:201)
	at org.openqa.selenium.support.ui.FluentWait.until(FluentWait.java:208)
	... 17 more
20-03-2018 10:42 ERROR - billingaddress is not present - failed
20-03-2018 10:42 INFO  - PDP Page wait is displayed - Pass
20-03-2018 10:42 INFO  - Wait is displayed - Pass
20-03-2018 10:42 INFO  - Product QTY increment is displayed - Pass
20-03-2018 10:42 INFO  - scrolled to QTY - Pass
20-03-2018 10:42 INFO  - Increment Click is clicked - Pass
20-03-2018 10:42 INFO  - Wait is displayed - Pass
20-03-2018 10:42 INFO  - search/PLP page is displayed - Pass
20-03-2018 10:42 INFO  - Search Count is displayed - Pass
20-03-2018 10:42 ERROR - TimeoutException
org.openqa.selenium.TimeoutException: Expected condition failed: waiting for visibility of element located by By.xpath: //*[@id='account-content-area']/div/div[3]/ul/li[4]/a (tried for 10 second(s) with 500 MILLISECONDS interval)
	at org.openqa.selenium.support.ui.WebDriverWait.timeoutException(WebDriverWait.java:82)
	at org.openqa.selenium.support.ui.FluentWait.until(FluentWait.java:231)
	at com.skava.framework.action.SeleniumActionEngine.explicitWaitforVisibility(SeleniumActionEngine.java:183)
	at com.skava.framework.action.SeleniumActionEngine.scrollToElement(SeleniumActionEngine.java:433)
	at com.skava.reusable.components.LoginComponents.billingaddress(LoginComponents.java:143)
	at com.skava.testcases.LT_1639_Billingaddress_Validation.LT_1639_Billingaddress_Validation(LT_1639_Billingaddress_Validation.java:29)
	at sun.reflect.NativeMethodAccessorImpl.invoke0(Native Method)
	at sun.reflect.NativeMethodAccessorImpl.invoke(Unknown Source)
	at sun.reflect.DelegatingMethodAccessorImpl.invoke(Unknown Source)
	at java.lang.reflect.Method.invoke(Unknown Source)
	at org.testng.internal.MethodInvocationHelper.invokeMethod(MethodInvocationHelper.java:108)
	at org.testng.internal.Invoker.invokeMethod(Invoker.java:669)
	at org.testng.internal.Invoker.invokeTestMethod(Invoker.java:877)
	at org.testng.internal.Invoker.invokeTestMethods(Invoker.java:1201)
	at org.testng.internal.TestMethodWorker.invokeTestMethods(TestMethodWorker.java:125)
	at org.testng.internal.TestMethodWorker.run(TestMethodWorker.java:109)
	at java.util.concurrent.ThreadPoolExecutor.runWorker(Unknown Source)
	at java.util.concurrent.ThreadPoolExecutor$Worker.run(Unknown Source)
	at java.lang.Thread.run(Unknown Source)
Caused by: org.openqa.selenium.NoSuchElementException: Cannot locate an element using By.xpath: //*[@id='account-content-area']/div/div[3]/ul/li[4]/a
For documentation on this error, please visit: http://seleniumhq.org/exceptions/no_such_element.html
Build info: version: '3.2.0', revision: '8c03df6b79', time: '2017-02-23 10:51:31 +0000'
System info: host: 'DESKTOP-AQOISD1', ip: '192.168.234.84', os.name: 'Windows 10', os.arch: 'amd64', os.version: '10.0', java.version: '1.8.0_112'
Driver info: driver.version: unknown
	at org.openqa.selenium.support.ui.ExpectedConditions.lambda$findElement$0(ExpectedConditions.java:882)
	at java.util.Optional.orElseThrow(Unknown Source)
	at org.openqa.selenium.support.ui.ExpectedConditions.findElement(ExpectedConditions.java:881)
	at org.openqa.selenium.support.ui.ExpectedConditions.access$000(ExpectedConditions.java:43)
	at org.openqa.selenium.support.ui.ExpectedConditions$7.apply(ExpectedConditions.java:205)
	at org.openqa.selenium.support.ui.ExpectedConditions$7.apply(ExpectedConditions.java:201)
	at org.openqa.selenium.support.ui.FluentWait.until(FluentWait.java:208)
	... 17 more
20-03-2018 10:42 ERROR - billingaddress is not present - failed
20-03-2018 10:42 INFO  - PDP Page wait is displayed - Pass
20-03-2018 10:42 INFO  - Wait is displayed - Pass
20-03-2018 10:42 INFO  - Product QTY increment is displayed - Pass
20-03-2018 10:42 INFO  - scrolled to QTY - Pass
20-03-2018 10:42 INFO  - Increment Click is clicked - Pass
20-03-2018 10:42 INFO  - Wait is displayed - Pass
20-03-2018 10:42 INFO  - Product QTY decrement is displayed - Pass
20-03-2018 10:42 INFO  - scrolled to QTY - Pass
20-03-2018 10:42 INFO  - Wait is displayed - Pass
20-03-2018 10:42 INFO  - Decrement Click is clicked - Pass
20-03-2018 10:42 INFO  - Wait is displayed - Pass
20-03-2018 10:42 INFO  - http://m.lordandtaylor.com/ is opened - Pass
20-03-2018 10:42 ERROR - TimeoutException
org.openqa.selenium.TimeoutException: Expected condition failed: waiting for visibility of element located by By.xpath: //*[@id='account-content-area']/div/div[3]/ul/li[4]/a (tried for 20 second(s) with 500 MILLISECONDS interval)
	at org.openqa.selenium.support.ui.WebDriverWait.timeoutException(WebDriverWait.java:82)
	at org.openqa.selenium.support.ui.FluentWait.until(FluentWait.java:231)
	at com.skava.framework.action.SeleniumActionEngine.explicitWaitforVisibility(SeleniumActionEngine.java:183)
	at com.skava.framework.action.SeleniumActionEngine.clickElement(SeleniumActionEngine.java:100)
	at com.skava.reusable.components.LoginComponents.billingaddress(LoginComponents.java:144)
	at com.skava.testcases.LT_1639_Billingaddress_Validation.LT_1639_Billingaddress_Validation(LT_1639_Billingaddress_Validation.java:29)
	at sun.reflect.NativeMethodAccessorImpl.invoke0(Native Method)
	at sun.reflect.NativeMethodAccessorImpl.invoke(Unknown Source)
	at sun.reflect.DelegatingMethodAccessorImpl.invoke(Unknown Source)
	at java.lang.reflect.Method.invoke(Unknown Source)
	at org.testng.internal.MethodInvocationHelper.invokeMethod(MethodInvocationHelper.java:108)
	at org.testng.internal.Invoker.invokeMethod(Invoker.java:669)
	at org.testng.internal.Invoker.invokeTestMethod(Invoker.java:877)
	at org.testng.internal.Invoker.invokeTestMethods(Invoker.java:1201)
	at org.testng.internal.TestMethodWorker.invokeTestMethods(TestMethodWorker.java:125)
	at org.testng.internal.TestMethodWorker.run(TestMethodWorker.java:109)
	at java.util.concurrent.ThreadPoolExecutor.runWorker(Unknown Source)
	at java.util.concurrent.ThreadPoolExecutor$Worker.run(Unknown Source)
	at java.lang.Thread.run(Unknown Source)
Caused by: org.openqa.selenium.NoSuchElementException: Cannot locate an element using By.xpath: //*[@id='account-content-area']/div/div[3]/ul/li[4]/a
For documentation on this error, please visit: http://seleniumhq.org/exceptions/no_such_element.html
Build info: version: '3.2.0', revision: '8c03df6b79', time: '2017-02-23 10:51:31 +0000'
System info: host: 'DESKTOP-AQOISD1', ip: '192.168.234.84', os.name: 'Windows 10', os.arch: 'amd64', os.version: '10.0', java.version: '1.8.0_112'
Driver info: driver.version: unknown
	at org.openqa.selenium.support.ui.ExpectedConditions.lambda$findElement$0(ExpectedConditions.java:882)
	at java.util.Optional.orElseThrow(Unknown Source)
	at org.openqa.selenium.support.ui.ExpectedConditions.findElement(ExpectedConditions.java:881)
	at org.openqa.selenium.support.ui.ExpectedConditions.access$000(ExpectedConditions.java:43)
	at org.openqa.selenium.support.ui.ExpectedConditions$7.apply(ExpectedConditions.java:205)
	at org.openqa.selenium.support.ui.ExpectedConditions$7.apply(ExpectedConditions.java:201)
	at org.openqa.selenium.support.ui.FluentWait.until(FluentWait.java:208)
	... 17 more
20-03-2018 10:42 ERROR - billingaddress clicked is not present - failed
20-03-2018 10:42 INFO  - http://m.lordandtaylor.com/ is opened - Pass
20-03-2018 10:42 INFO  - Click Search is clicked - Pass
20-03-2018 10:42 INFO  - Shirts is entered in Search - Pass
20-03-2018 10:42 INFO  - http://m.lordandtaylor.com/ is opened - Pass
20-03-2018 10:42 INFO  - Click Search is clicked - Pass
20-03-2018 10:42 INFO  - Shirts is entered in Search - Pass
20-03-2018 10:42 INFO  - Click Cart is clicked - Pass
20-03-2018 10:42 INFO  - Cart wrapper Opened is displayed - Pass
20-03-2018 10:42 INFO  - Cart Empty Text is displayed - Pass
20-03-2018 10:42 INFO  - search/PLP page is displayed - Pass
20-03-2018 10:42 INFO  - Search Count is displayed - Pass
20-03-2018 10:42 INFO  - Product List Page is displayed - Pass
20-03-2018 10:42 INFO  - Product Image is displayed - Pass
20-03-2018 10:42 INFO  - Back To Homepage is clicked - Pass
20-03-2018 10:42 INFO  - Product NameList is displayed - Pass
20-03-2018 10:42 INFO  - Product Description is displayed - Pass
20-03-2018 10:42 INFO  - Product Price is displayed - Pass
20-03-2018 10:43 INFO  - PDP Page wait is displayed - Pass
20-03-2018 10:43 INFO  - search/PLP page is displayed - Pass
20-03-2018 10:43 INFO  - Search Count is displayed - Pass
20-03-2018 10:43 INFO  - Product List Page is displayed - Pass
20-03-2018 10:43 INFO  - Product Image is displayed - Pass
20-03-2018 10:43 INFO  - Product NameList is displayed - Pass
20-03-2018 10:43 INFO  - Product Description is displayed - Pass
20-03-2018 10:43 INFO  - Product Price is displayed - Pass
20-03-2018 10:43 INFO  - PDP Page wait is displayed - Pass
20-03-2018 10:43 INFO  - Wait Bag Qty is displayed - Pass
20-03-2018 10:43 INFO  - scrolled to Scroll Bag Qty - Pass
20-03-2018 10:43 INFO  - http://m.lordandtaylor.com/ is opened - Pass
20-03-2018 10:43 INFO  - Click Search is clicked - Pass
20-03-2018 10:43 INFO  - scrolled to Scrolling - Pass
20-03-2018 10:43 INFO  - Colour Field present is displayed - Pass
20-03-2018 10:43 INFO  - Size field is displayed - Pass
20-03-2018 10:43 INFO  - Shirts is entered in Search - Pass
20-03-2018 10:43 INFO  - scrolled to Add To Bag - Pass
20-03-2018 10:43 INFO  - Add To Bag Clicked is clicked - Pass
20-03-2018 10:43 INFO  - scrolled to Scrolling - Pass
20-03-2018 10:43 INFO  - Colour Field present is displayed - Pass
20-03-2018 10:43 INFO  - PDP overlay is displayed - Pass
20-03-2018 10:43 INFO  - Wait Bag Qty is displayed - Pass
20-03-2018 10:43 INFO  - scrolled to Scroll Bag Qty - Pass
20-03-2018 10:43 INFO  - Size field is displayed - Pass
20-03-2018 10:43 INFO  - scrolled to Add To Bag - Pass
20-03-2018 10:43 INFO  - Add To Bag Clicked is clicked - Pass
20-03-2018 10:43 INFO  - Success Overlay is displayed - Pass
20-03-2018 10:43 INFO  - Success Overlay is displayed - Pass
20-03-2018 10:43 INFO  - search/PLP page is displayed - Pass
20-03-2018 10:43 INFO  - Search Count is displayed - Pass
20-03-2018 10:43 INFO  - Product List Page is displayed - Pass
20-03-2018 10:43 INFO  - Product Image is displayed - Pass
20-03-2018 10:43 INFO  - Product NameList is displayed - Pass
20-03-2018 10:43 INFO  - Product Description is displayed - Pass
20-03-2018 10:43 INFO  - Product Price is displayed - Pass
20-03-2018 10:43 INFO  - PDP Page wait is displayed - Pass
20-03-2018 10:43 INFO  - scrolled to Scrolling - Pass
20-03-2018 10:43 INFO  - Colour Field present is displayed - Pass
20-03-2018 10:43 INFO  - http://m.lordandtaylor.com/ is opened - Pass
20-03-2018 10:43 INFO  - Click Search is clicked - Pass
20-03-2018 10:43 INFO  - Shirts is entered in Search - Pass
20-03-2018 10:43 INFO  - Checkout Clicked is clicked - Pass
20-03-2018 10:43 INFO  - IS Cart page products is displayed is displayed - Pass
20-03-2018 10:43 INFO  - Is Cart page Displayed is displayed - Pass
20-03-2018 10:43 INFO  - Is product price Displayed is displayed - Pass
20-03-2018 10:43 INFO  - Is Item total price is displayed is displayed - Pass
20-03-2018 10:43 INFO  - Is product QTY Displayed is displayed - Pass
20-03-2018 10:43 INFO  - Increment Product QTY to 2 is entered in the field - Pass
20-03-2018 10:43 INFO  - Size field is displayed - Pass
20-03-2018 10:43 INFO  - scrolled to Add To Bag - Pass
20-03-2018 10:43 INFO  - Add To Bag Clicked is clicked - Pass
20-03-2018 10:43 INFO  - Success Overlay is displayed - Pass
20-03-2018 10:43 INFO  - Success Overlay is displayed - Pass
20-03-2018 10:43 INFO  - search/PLP page is displayed - Pass
20-03-2018 10:43 INFO  - Search Count is displayed - Pass
20-03-2018 10:43 INFO  - PDP Page wait is displayed - Pass
20-03-2018 10:43 INFO  - scrolled to Scrolling - Pass
20-03-2018 10:43 INFO  - Colour Field present is displayed - Pass
20-03-2018 10:43 INFO  - Size field is displayed - Pass
20-03-2018 10:43 INFO  - scrolled to Add To Bag - Pass
20-03-2018 10:43 INFO  - Add To Bag Clicked is clicked - Pass
20-03-2018 10:43 INFO  - Success Overlay is displayed - Pass
20-03-2018 10:43 INFO  - Success Overlay is displayed - Pass
20-03-2018 10:43 ERROR - TimeoutException
org.openqa.selenium.TimeoutException: Expected condition failed: waiting for visibility of element located by By.id: pdpAddtoBagBtn (tried for 20 second(s) with 500 MILLISECONDS interval)
	at org.openqa.selenium.support.ui.WebDriverWait.timeoutException(WebDriverWait.java:82)
	at org.openqa.selenium.support.ui.FluentWait.until(FluentWait.java:231)
	at com.skava.framework.action.SeleniumActionEngine.explicitWaitforVisibility(SeleniumActionEngine.java:183)
	at com.skava.framework.action.SeleniumActionEngine.isElementDisplayed(SeleniumActionEngine.java:201)
	at com.skava.reusable.components.CartComponents.cartQtyIncrement(CartComponents.java:337)
	at com.skava.testcases.LT_766_Cart_PriceCheck.LT_766_Cart_Price_Check(LT_766_Cart_PriceCheck.java:38)
	at sun.reflect.NativeMethodAccessorImpl.invoke0(Native Method)
	at sun.reflect.NativeMethodAccessorImpl.invoke(Unknown Source)
	at sun.reflect.DelegatingMethodAccessorImpl.invoke(Unknown Source)
	at java.lang.reflect.Method.invoke(Unknown Source)
	at org.testng.internal.MethodInvocationHelper.invokeMethod(MethodInvocationHelper.java:108)
	at org.testng.internal.Invoker.invokeMethod(Invoker.java:669)
	at org.testng.internal.Invoker.invokeTestMethod(Invoker.java:877)
	at org.testng.internal.Invoker.invokeTestMethods(Invoker.java:1201)
	at org.testng.internal.TestMethodWorker.invokeTestMethods(TestMethodWorker.java:125)
	at org.testng.internal.TestMethodWorker.run(TestMethodWorker.java:109)
	at java.util.concurrent.ThreadPoolExecutor.runWorker(Unknown Source)
	at java.util.concurrent.ThreadPoolExecutor$Worker.run(Unknown Source)
	at java.lang.Thread.run(Unknown Source)
Caused by: org.openqa.selenium.NoSuchElementException: Cannot locate an element using By.id: pdpAddtoBagBtn
For documentation on this error, please visit: http://seleniumhq.org/exceptions/no_such_element.html
Build info: version: '3.2.0', revision: '8c03df6b79', time: '2017-02-23 10:51:31 +0000'
System info: host: 'DESKTOP-AQOISD1', ip: '192.168.234.84', os.name: 'Windows 10', os.arch: 'amd64', os.version: '10.0', java.version: '1.8.0_112'
Driver info: driver.version: unknown
	at org.openqa.selenium.support.ui.ExpectedConditions.lambda$findElement$0(ExpectedConditions.java:882)
	at java.util.Optional.orElseThrow(Unknown Source)
	at org.openqa.selenium.support.ui.ExpectedConditions.findElement(ExpectedConditions.java:881)
	at org.openqa.selenium.support.ui.ExpectedConditions.access$000(ExpectedConditions.java:43)
	at org.openqa.selenium.support.ui.ExpectedConditions$7.apply(ExpectedConditions.java:205)
	at org.openqa.selenium.support.ui.ExpectedConditions$7.apply(ExpectedConditions.java:201)
	at org.openqa.selenium.support.ui.FluentWait.until(FluentWait.java:208)
	... 17 more
20-03-2018 10:43 ERROR - Wait is not present - failed
20-03-2018 10:43 INFO  - Cart loading overview is displayed - Pass
20-03-2018 10:43 INFO  - Is Item total price is displayed is displayed - Pass
20-03-2018 10:43 INFO  - Checkout Clicked is clicked - Pass
20-03-2018 10:43 INFO  - Product Description is displayed - Pass
20-03-2018 10:43 INFO  - Product Inventory Status is displayed - Pass
20-03-2018 10:43 INFO  - Product SKUID is displayed - Pass
20-03-2018 10:43 INFO  - Product Edit is displayed - Pass
20-03-2018 10:43 INFO  - Product Remove is displayed - Pass
20-03-2018 10:43 INFO  - Product Save Later is displayed - Pass
20-03-2018 10:43 INFO  - Product Size is displayed - Pass
20-03-2018 10:43 INFO  - Product Colour is displayed - Pass
20-03-2018 10:43 INFO  - Product Clearance Price is displayed - Pass
20-03-2018 10:43 INFO  - Product Sale Price is displayed - Pass
20-03-2018 10:44 ERROR - TimeoutException
org.openqa.selenium.TimeoutException: Expected condition failed: waiting for visibility of element located by By.xpath: (//*[@class='widebag-item-discount-price']/span)[1] (tried for 10 second(s) with 500 MILLISECONDS interval)
	at org.openqa.selenium.support.ui.WebDriverWait.timeoutException(WebDriverWait.java:82)
	at org.openqa.selenium.support.ui.FluentWait.until(FluentWait.java:231)
	at com.skava.framework.action.SeleniumActionEngine.explicitWaitforVisibility(SeleniumActionEngine.java:183)
	at com.skava.framework.action.SeleniumActionEngine.isElementDisplayed(SeleniumActionEngine.java:201)
	at com.skava.reusable.components.CartComponents.priceCheck(CartComponents.java:408)
	at com.skava.testcases.LT_766_Cart_PriceCheck.LT_766_Cart_Price_Check(LT_766_Cart_PriceCheck.java:40)
	at sun.reflect.NativeMethodAccessorImpl.invoke0(Native Method)
	at sun.reflect.NativeMethodAccessorImpl.invoke(Unknown Source)
	at sun.reflect.DelegatingMethodAccessorImpl.invoke(Unknown Source)
	at java.lang.reflect.Method.invoke(Unknown Source)
	at org.testng.internal.MethodInvocationHelper.invokeMethod(MethodInvocationHelper.java:108)
	at org.testng.internal.Invoker.invokeMethod(Invoker.java:669)
	at org.testng.internal.Invoker.invokeTestMethod(Invoker.java:877)
	at org.testng.internal.Invoker.invokeTestMethods(Invoker.java:1201)
	at org.testng.internal.TestMethodWorker.invokeTestMethods(TestMethodWorker.java:125)
	at org.testng.internal.TestMethodWorker.run(TestMethodWorker.java:109)
	at java.util.concurrent.ThreadPoolExecutor.runWorker(Unknown Source)
	at java.util.concurrent.ThreadPoolExecutor$Worker.run(Unknown Source)
	at java.lang.Thread.run(Unknown Source)
Caused by: org.openqa.selenium.NoSuchElementException: Cannot locate an element using By.xpath: (//*[@class='widebag-item-discount-price']/span)[1]
For documentation on this error, please visit: http://seleniumhq.org/exceptions/no_such_element.html
Build info: version: '3.2.0', revision: '8c03df6b79', time: '2017-02-23 10:51:31 +0000'
System info: host: 'DESKTOP-AQOISD1', ip: '192.168.234.84', os.name: 'Windows 10', os.arch: 'amd64', os.version: '10.0', java.version: '1.8.0_112'
Driver info: driver.version: unknown
	at org.openqa.selenium.support.ui.ExpectedConditions.lambda$findElement$0(ExpectedConditions.java:882)
	at java.util.Optional.orElseThrow(Unknown Source)
	at org.openqa.selenium.support.ui.ExpectedConditions.findElement(ExpectedConditions.java:881)
	at org.openqa.selenium.support.ui.ExpectedConditions.access$000(ExpectedConditions.java:43)
	at org.openqa.selenium.support.ui.ExpectedConditions$7.apply(ExpectedConditions.java:205)
	at org.openqa.selenium.support.ui.ExpectedConditions$7.apply(ExpectedConditions.java:201)
	at org.openqa.selenium.support.ui.FluentWait.until(FluentWait.java:208)
	... 17 more
20-03-2018 10:44 ERROR - Discount for product is not present - failed
20-03-2018 10:44 INFO  - Is Item total price is displayed is displayed - Pass
20-03-2018 10:44 INFO  - Is product QTY Displayed is displayed - Pass
20-03-2018 10:44 INFO  - Decrement Product QTY to 1 is entered in the field - Pass
20-03-2018 10:44 INFO  - http://m.lordandtaylor.com/ is opened - Pass
20-03-2018 10:44 INFO  - Click Search is clicked - Pass
20-03-2018 10:44 INFO  - dress is entered in Search - Pass
20-03-2018 10:44 INFO  - Checkout Clicked is clicked - Pass
20-03-2018 10:44 INFO  - Wait is displayed - Pass
20-03-2018 10:44 INFO  - Edit Button is clicked - Pass
20-03-2018 10:44 INFO  - PDP Edit overlay is displayed - Pass
20-03-2018 10:44 INFO  - search/PLP page is displayed - Pass
20-03-2018 10:44 INFO  - Search Count is displayed - Pass
20-03-2018 10:44 INFO  - PDP Page wait is displayed - Pass
20-03-2018 10:44 INFO  - scrolled to Scrolling - Pass
20-03-2018 10:44 INFO  - Colour Field present is displayed - Pass
20-03-2018 10:44 INFO  - Size field is displayed - Pass
20-03-2018 10:44 INFO  - scrolled to Add To Bag - Pass
20-03-2018 10:44 INFO  - Add To Bag Clicked is clicked - Pass
20-03-2018 10:44 INFO  - http://m.lordandtaylor.com/ is opened - Pass
20-03-2018 10:44 INFO  - Click Search is clicked - Pass
20-03-2018 10:44 INFO  - Jeans is entered in Search - Pass
20-03-2018 10:44 ERROR - TimeoutException
org.openqa.selenium.TimeoutException: Expected condition failed: waiting for visibility of element located by By.id: pdpAddtoBagBtn (tried for 20 second(s) with 500 MILLISECONDS interval)
	at org.openqa.selenium.support.ui.WebDriverWait.timeoutException(WebDriverWait.java:82)
	at org.openqa.selenium.support.ui.FluentWait.until(FluentWait.java:231)
	at com.skava.framework.action.SeleniumActionEngine.explicitWaitforVisibility(SeleniumActionEngine.java:183)
	at com.skava.framework.action.SeleniumActionEngine.isElementDisplayed(SeleniumActionEngine.java:201)
	at com.skava.reusable.components.CartComponents.cartQtyDecrement(CartComponents.java:355)
	at com.skava.testcases.LT_766_Cart_PriceCheck.LT_766_Cart_Price_Check(LT_766_Cart_PriceCheck.java:42)
	at sun.reflect.NativeMethodAccessorImpl.invoke0(Native Method)
	at sun.reflect.NativeMethodAccessorImpl.invoke(Unknown Source)
	at sun.reflect.DelegatingMethodAccessorImpl.invoke(Unknown Source)
	at java.lang.reflect.Method.invoke(Unknown Source)
	at org.testng.internal.MethodInvocationHelper.invokeMethod(MethodInvocationHelper.java:108)
	at org.testng.internal.Invoker.invokeMethod(Invoker.java:669)
	at org.testng.internal.Invoker.invokeTestMethod(Invoker.java:877)
	at org.testng.internal.Invoker.invokeTestMethods(Invoker.java:1201)
	at org.testng.internal.TestMethodWorker.invokeTestMethods(TestMethodWorker.java:125)
	at org.testng.internal.TestMethodWorker.run(TestMethodWorker.java:109)
	at java.util.concurrent.ThreadPoolExecutor.runWorker(Unknown Source)
	at java.util.concurrent.ThreadPoolExecutor$Worker.run(Unknown Source)
	at java.lang.Thread.run(Unknown Source)
Caused by: org.openqa.selenium.NoSuchElementException: Cannot locate an element using By.id: pdpAddtoBagBtn
For documentation on this error, please visit: http://seleniumhq.org/exceptions/no_such_element.html
Build info: version: '3.2.0', revision: '8c03df6b79', time: '2017-02-23 10:51:31 +0000'
System info: host: 'DESKTOP-AQOISD1', ip: '192.168.234.84', os.name: 'Windows 10', os.arch: 'amd64', os.version: '10.0', java.version: '1.8.0_112'
Driver info: driver.version: unknown
	at org.openqa.selenium.support.ui.ExpectedConditions.lambda$findElement$0(ExpectedConditions.java:882)
	at java.util.Optional.orElseThrow(Unknown Source)
	at org.openqa.selenium.support.ui.ExpectedConditions.findElement(ExpectedConditions.java:881)
	at org.openqa.selenium.support.ui.ExpectedConditions.access$000(ExpectedConditions.java:43)
	at org.openqa.selenium.support.ui.ExpectedConditions$7.apply(ExpectedConditions.java:205)
	at org.openqa.selenium.support.ui.ExpectedConditions$7.apply(ExpectedConditions.java:201)
	at org.openqa.selenium.support.ui.FluentWait.until(FluentWait.java:208)
	... 17 more
20-03-2018 10:44 ERROR - Wait is not present - failed
20-03-2018 10:44 INFO  - Cart loading overview is displayed - Pass
20-03-2018 10:44 INFO  - Is Item total price is displayed is displayed - Pass
20-03-2018 10:44 INFO  - Success Overlay is displayed - Pass
20-03-2018 10:44 INFO  - Success Overlay is displayed - Pass
20-03-2018 10:44 INFO  - search/PLP page is displayed - Pass
20-03-2018 10:44 INFO  - Search Count is displayed - Pass
20-03-2018 10:44 ERROR - TimeoutException
org.openqa.selenium.TimeoutException: Expected condition failed: waiting for visibility of element located by By.xpath: (//*[@class='widebag-item-discount-price']/span)[1] (tried for 10 second(s) with 500 MILLISECONDS interval)
	at org.openqa.selenium.support.ui.WebDriverWait.timeoutException(WebDriverWait.java:82)
	at org.openqa.selenium.support.ui.FluentWait.until(FluentWait.java:231)
	at com.skava.framework.action.SeleniumActionEngine.explicitWaitforVisibility(SeleniumActionEngine.java:183)
	at com.skava.framework.action.SeleniumActionEngine.isElementDisplayed(SeleniumActionEngine.java:201)
	at com.skava.reusable.components.CartComponents.priceCheck(CartComponents.java:438)
	at com.skava.testcases.LT_766_Cart_PriceCheck.LT_766_Cart_Price_Check(LT_766_Cart_PriceCheck.java:44)
	at sun.reflect.NativeMethodAccessorImpl.invoke0(Native Method)
	at sun.reflect.NativeMethodAccessorImpl.invoke(Unknown Source)
	at sun.reflect.DelegatingMethodAccessorImpl.invoke(Unknown Source)
	at java.lang.reflect.Method.invoke(Unknown Source)
	at org.testng.internal.MethodInvocationHelper.invokeMethod(MethodInvocationHelper.java:108)
	at org.testng.internal.Invoker.invokeMethod(Invoker.java:669)
	at org.testng.internal.Invoker.invokeTestMethod(Invoker.java:877)
	at org.testng.internal.Invoker.invokeTestMethods(Invoker.java:1201)
	at org.testng.internal.TestMethodWorker.invokeTestMethods(TestMethodWorker.java:125)
	at org.testng.internal.TestMethodWorker.run(TestMethodWorker.java:109)
	at java.util.concurrent.ThreadPoolExecutor.runWorker(Unknown Source)
	at java.util.concurrent.ThreadPoolExecutor$Worker.run(Unknown Source)
	at java.lang.Thread.run(Unknown Source)
Caused by: org.openqa.selenium.NoSuchElementException: Cannot locate an element using By.xpath: (//*[@class='widebag-item-discount-price']/span)[1]
For documentation on this error, please visit: http://seleniumhq.org/exceptions/no_such_element.html
Build info: version: '3.2.0', revision: '8c03df6b79', time: '2017-02-23 10:51:31 +0000'
System info: host: 'DESKTOP-AQOISD1', ip: '192.168.234.84', os.name: 'Windows 10', os.arch: 'amd64', os.version: '10.0', java.version: '1.8.0_112'
Driver info: driver.version: unknown
	at org.openqa.selenium.support.ui.ExpectedConditions.lambda$findElement$0(ExpectedConditions.java:882)
	at java.util.Optional.orElseThrow(Unknown Source)
	at org.openqa.selenium.support.ui.ExpectedConditions.findElement(ExpectedConditions.java:881)
	at org.openqa.selenium.support.ui.ExpectedConditions.access$000(ExpectedConditions.java:43)
	at org.openqa.selenium.support.ui.ExpectedConditions$7.apply(ExpectedConditions.java:205)
	at org.openqa.selenium.support.ui.ExpectedConditions$7.apply(ExpectedConditions.java:201)
	at org.openqa.selenium.support.ui.FluentWait.until(FluentWait.java:208)
	... 17 more
20-03-2018 10:44 ERROR - Discount for product is not present - failed
20-03-2018 10:44 INFO  - PDP Page wait is displayed - Pass
20-03-2018 10:44 INFO  - scrolled to Scrolling - Pass
20-03-2018 10:44 INFO  - Colour Field present is displayed - Pass
20-03-2018 10:44 INFO  - Size field is displayed - Pass
20-03-2018 10:44 INFO  - Checkout Clicked is clicked - Pass
20-03-2018 10:44 INFO  - Wait is displayed - Pass
20-03-2018 10:44 INFO  - scrolled to Add To Bag - Pass
20-03-2018 10:44 INFO  - Remove Button is clicked - Pass
20-03-2018 10:44 INFO  - Add To Bag Clicked is clicked - Pass
20-03-2018 10:44 INFO  - Remove Confirmation Button is displayed - Pass
20-03-2018 10:44 INFO  - Remove Confirmation Button is displayed - Pass
20-03-2018 10:44 INFO  - Success Overlay is displayed - Pass
20-03-2018 10:44 INFO  - Success Overlay is displayed - Pass
20-03-2018 10:44 INFO  - http://m.lordandtaylor.com/ is opened - Pass
20-03-2018 10:44 INFO  - Click Search is clicked - Pass
20-03-2018 10:44 INFO  - Shirts is entered in Search - Pass
20-03-2018 10:44 INFO  - http://m.lordandtaylor.com/ is opened - Pass
20-03-2018 10:44 INFO  - Click Search is clicked - Pass
20-03-2018 10:44 INFO  - Shirts is entered in Search - Pass
20-03-2018 10:44 INFO  - Checkout Clicked is clicked - Pass
20-03-2018 10:44 INFO  - Wait is displayed - Pass
20-03-2018 10:44 INFO  - Remove Button is clicked - Pass
20-03-2018 10:44 INFO  - Remove Confirmation Button is displayed - Pass
20-03-2018 10:45 INFO  - Remove Confirmation Button is displayed - Pass
20-03-2018 10:45 INFO  - Product Removed is clicked - Pass
20-03-2018 10:45 INFO  - search/PLP page is displayed - Pass
20-03-2018 10:45 INFO  - Search Count is displayed - Pass
20-03-2018 10:45 INFO  - Product Removed is displayed - Pass
20-03-2018 10:45 INFO  - PDP Page wait is displayed - Pass
20-03-2018 10:45 INFO  - scrolled to Scrolling - Pass
20-03-2018 10:45 INFO  - Colour Field present is displayed - Pass
20-03-2018 10:45 INFO  - Size field is displayed - Pass
20-03-2018 10:45 INFO  - search/PLP page is displayed - Pass
20-03-2018 10:45 INFO  - Search Count is displayed - Pass
20-03-2018 10:45 INFO  - PDP Page wait is displayed - Pass
20-03-2018 10:45 INFO  - scrolled to Scrolling - Pass
20-03-2018 10:45 INFO  - Colour Field present is displayed - Pass
20-03-2018 10:45 INFO  - Size field is displayed - Pass
20-03-2018 10:45 INFO  - scrolled to Add To Bag - Pass
20-03-2018 10:45 INFO  - Add To Bag Clicked is clicked - Pass
20-03-2018 10:45 INFO  - Success Overlay is displayed - Pass
20-03-2018 10:45 INFO  - Success Overlay is displayed - Pass
20-03-2018 10:45 INFO  - http://m.lordandtaylor.com/ is opened - Pass
20-03-2018 10:45 INFO  - Click Search is clicked - Pass
20-03-2018 10:45 INFO  - Shoes is entered in Search - Pass
20-03-2018 10:45 INFO  - search/PLP page is displayed - Pass
20-03-2018 10:45 INFO  - Search Count is displayed - Pass
20-03-2018 10:45 ERROR - TimeoutException
org.openqa.selenium.TimeoutException: Expected condition failed: waiting for visibility of element located by By.xpath: //*[@class='pdpSelectBorder ']//*[contains(@class,'skMob_available selected')] (tried for 10 second(s) with 500 MILLISECONDS interval)
	at org.openqa.selenium.support.ui.WebDriverWait.timeoutException(WebDriverWait.java:82)
	at org.openqa.selenium.support.ui.FluentWait.until(FluentWait.java:231)
	at com.skava.framework.action.SeleniumActionEngine.explicitWaitforVisibility(SeleniumActionEngine.java:183)
	at com.skava.framework.action.SeleniumActionEngine.getText(SeleniumActionEngine.java:294)
	at com.skava.reusable.components.PLPandPDPComponents.selectSize(PLPandPDPComponents.java:223)
	at com.skava.testcases.LT_730_SaveForLaterValidation.LT_730_SaveForLaterValidation(LT_730_SaveForLaterValidation.java:31)
	at sun.reflect.NativeMethodAccessorImpl.invoke0(Native Method)
	at sun.reflect.NativeMethodAccessorImpl.invoke(Unknown Source)
	at sun.reflect.DelegatingMethodAccessorImpl.invoke(Unknown Source)
	at java.lang.reflect.Method.invoke(Unknown Source)
	at org.testng.internal.MethodInvocationHelper.invokeMethod(MethodInvocationHelper.java:108)
	at org.testng.internal.Invoker.invokeMethod(Invoker.java:669)
	at org.testng.internal.Invoker.invokeTestMethod(Invoker.java:877)
	at org.testng.internal.Invoker.invokeTestMethods(Invoker.java:1201)
	at org.testng.internal.TestMethodWorker.invokeTestMethods(TestMethodWorker.java:125)
	at org.testng.internal.TestMethodWorker.run(TestMethodWorker.java:109)
	at java.util.concurrent.ThreadPoolExecutor.runWorker(Unknown Source)
	at java.util.concurrent.ThreadPoolExecutor$Worker.run(Unknown Source)
	at java.lang.Thread.run(Unknown Source)
Caused by: org.openqa.selenium.NoSuchElementException: Cannot locate an element using By.xpath: //*[@class='pdpSelectBorder ']//*[contains(@class,'skMob_available selected')]
For documentation on this error, please visit: http://seleniumhq.org/exceptions/no_such_element.html
Build info: version: '3.2.0', revision: '8c03df6b79', time: '2017-02-23 10:51:31 +0000'
System info: host: 'DESKTOP-AQOISD1', ip: '192.168.234.84', os.name: 'Windows 10', os.arch: 'amd64', os.version: '10.0', java.version: '1.8.0_112'
Driver info: driver.version: unknown
	at org.openqa.selenium.support.ui.ExpectedConditions.lambda$findElement$0(ExpectedConditions.java:882)
	at java.util.Optional.orElseThrow(Unknown Source)
	at org.openqa.selenium.support.ui.ExpectedConditions.findElement(ExpectedConditions.java:881)
	at org.openqa.selenium.support.ui.ExpectedConditions.access$000(ExpectedConditions.java:43)
	at org.openqa.selenium.support.ui.ExpectedConditions$7.apply(ExpectedConditions.java:205)
	at org.openqa.selenium.support.ui.ExpectedConditions$7.apply(ExpectedConditions.java:201)
	at org.openqa.selenium.support.ui.FluentWait.until(FluentWait.java:208)
	... 17 more
20-03-2018 10:45 ERROR - Colour selected is not present - failed
20-03-2018 10:45 INFO  - scrolled to Add To Bag - Pass
20-03-2018 10:45 INFO  - Add To Bag Clicked is clicked - Pass
20-03-2018 10:45 INFO  - Success Overlay is displayed - Pass
20-03-2018 10:45 INFO  - Success Overlay is displayed - Pass
20-03-2018 10:45 INFO  - PDP Page wait is displayed - Pass
20-03-2018 10:45 INFO  - scrolled to Scrolling - Pass
20-03-2018 10:45 INFO  - Colour Field present is displayed - Pass
20-03-2018 10:45 INFO  - Checkout Clicked is clicked - Pass
20-03-2018 10:45 INFO  - Cart Opened is displayed - Pass
20-03-2018 10:45 INFO  - Product Added to Cart is displayed - Pass
20-03-2018 10:45 INFO  - Wait is displayed - Pass
20-03-2018 10:45 INFO  - Size field is displayed - Pass
20-03-2018 10:45 INFO  - scrolled to scroll to checkout - Pass
20-03-2018 10:45 INFO  - Click Checkout is clicked - Pass
20-03-2018 10:45 INFO  - Sign IN Page Navigated is displayed - Pass
20-03-2018 10:45 INFO  - scrolled to Add To Bag - Pass
20-03-2018 10:45 INFO  - Add To Bag Clicked is clicked - Pass
20-03-2018 10:45 INFO  - Success Overlay is displayed - Pass
20-03-2018 10:45 INFO  - Success Overlay is displayed - Pass
20-03-2018 10:45 INFO  - Checkout Clicked is clicked - Pass
20-03-2018 10:45 INFO  - Cart Opened is displayed - Pass
20-03-2018 10:45 INFO  - Product Added to Cart is displayed - Pass
20-03-2018 10:45 INFO  - Product Description is displayed - Pass
20-03-2018 10:45 INFO  - Product Inventory Status is displayed - Pass
20-03-2018 10:45 INFO  - Product SKUID is displayed - Pass
20-03-2018 10:45 INFO  - Product Edit is displayed - Pass
20-03-2018 10:45 INFO  - Product Remove is displayed - Pass
20-03-2018 10:45 INFO  - Product Save Later is displayed - Pass
20-03-2018 10:45 INFO  - Product Size is displayed - Pass
20-03-2018 10:45 INFO  - Product Colour is displayed - Pass
20-03-2018 10:45 INFO  - Product Clearance Price is displayed - Pass
20-03-2018 10:45 INFO  - Product Sale Price is displayed - Pass
20-03-2018 10:45 INFO  - Saveforlater is displayed - Pass
20-03-2018 10:45 INFO  - Saveforlater clicked is clicked - Pass
20-03-2018 10:45 INFO  - http://m.lordandtaylor.com/ is opened - Pass
20-03-2018 10:45 INFO  - Click Search is clicked - Pass
20-03-2018 10:45 INFO  - Shirts is entered in Search - Pass
20-03-2018 10:46 INFO  - search/PLP page is displayed - Pass
20-03-2018 10:46 INFO  - Search Count is displayed - Pass
20-03-2018 10:46 INFO  - Checkout Clicked is clicked - Pass
20-03-2018 10:46 INFO  - Cart Opened is displayed - Pass
20-03-2018 10:46 INFO  - Product Added to Cart is displayed - Pass
20-03-2018 10:46 INFO  - Wait is displayed - Pass
20-03-2018 10:46 INFO  - Click PayPal is clicked - Pass
20-03-2018 10:46 INFO  - http://m.lordandtaylor.com/ is opened - Pass
20-03-2018 10:46 INFO  - Click Search is clicked - Pass
20-03-2018 10:46 INFO  - Shoes is entered in Search - Pass
20-03-2018 10:46 INFO  - PDP Page wait is displayed - Pass
20-03-2018 10:46 INFO  - scrolled to Scrolling - Pass
20-03-2018 10:46 INFO  - Colour Field present is displayed - Pass
20-03-2018 10:46 INFO  - Size field is displayed - Pass
20-03-2018 10:46 INFO  - scrolled to Add To Bag - Pass
20-03-2018 10:46 INFO  - Add To Bag Clicked is clicked - Pass
20-03-2018 10:46 INFO  - PayPal Page Navigated is displayed - Pass
20-03-2018 10:46 INFO  - search/PLP page is displayed - Pass
20-03-2018 10:46 INFO  - Search Count is displayed - Pass
20-03-2018 10:46 INFO  - Success Overlay is displayed - Pass
20-03-2018 10:46 INFO  - Success Overlay is displayed - Pass
20-03-2018 10:46 INFO  - PDP Page wait is displayed - Pass
20-03-2018 10:46 INFO  - scrolled to Scrolling - Pass
20-03-2018 10:46 INFO  - Colour Field present is displayed - Pass
20-03-2018 10:46 INFO  - Size field is displayed - Pass
20-03-2018 10:46 INFO  - scrolled to Add To Bag - Pass
20-03-2018 10:46 INFO  - Add To Bag Clicked is clicked - Pass
20-03-2018 10:46 INFO  - Success Overlay is displayed - Pass
20-03-2018 10:46 INFO  - http://m.lordandtaylor.com/ is opened - Pass
20-03-2018 10:46 INFO  - Click Search is clicked - Pass
20-03-2018 10:46 INFO  - shirts is entered in Search - Pass
20-03-2018 10:46 INFO  - Success Overlay is displayed - Pass
20-03-2018 10:46 INFO  - Checkout Clicked is clicked - Pass
20-03-2018 10:46 INFO  - Cart Opened is displayed - Pass
20-03-2018 10:46 INFO  - Product Added to Cart is displayed - Pass
20-03-2018 10:46 INFO  - scrolled to Scrolling - Pass
20-03-2018 10:46 INFO  - Estimated Shipping is displayed - Pass
20-03-2018 10:46 INFO  - Shipping Method is displayed - Pass
20-03-2018 10:46 INFO  - Zip Code is displayed - Pass
20-03-2018 10:46 INFO  - Item Total is displayed - Pass
20-03-2018 10:46 INFO  - Estimated Shipping is displayed - Pass
20-03-2018 10:46 INFO  - Estimated Tax is displayed - Pass
20-03-2018 10:46 INFO  - Estimated Total is displayed - Pass
20-03-2018 10:46 INFO  - search/PLP page is displayed - Pass
20-03-2018 10:46 INFO  - Search Count is displayed - Pass
20-03-2018 10:46 INFO  - PDP Page wait is displayed - Pass
20-03-2018 10:46 INFO  - scrolled to Scrolling - Pass
20-03-2018 10:46 INFO  - Colour Field present is displayed - Pass
20-03-2018 10:46 INFO  - Size field is displayed - Pass
20-03-2018 10:46 INFO  - scrolled to Add To Bag - Pass
20-03-2018 10:46 INFO  - Add To Bag Clicked is clicked - Pass
20-03-2018 10:46 INFO  - Checkout Clicked is clicked - Pass
20-03-2018 10:46 INFO  - Cart Opened is displayed - Pass
20-03-2018 10:46 INFO  - Product Added to Cart is displayed - Pass
20-03-2018 10:46 INFO  - Wait is displayed - Pass
20-03-2018 10:46 INFO  - scrolled to scroll to checkout - Pass
20-03-2018 10:46 INFO  - Click Checkout is clicked - Pass
20-03-2018 10:46 INFO  - Guest Checkout is displayed - Pass
20-03-2018 10:46 INFO  - User Sign IN is displayed - Pass
20-03-2018 10:46 INFO  - http://m.lordandtaylor.com/ is opened - Pass
20-03-2018 10:46 INFO  - Click Search is clicked - Pass
20-03-2018 10:46 INFO  - Shirts is entered in Search - Pass
20-03-2018 10:46 INFO  - Success Overlay is displayed - Pass
20-03-2018 10:46 INFO  - Success Overlay is displayed - Pass
20-03-2018 10:46 INFO  - search/PLP page is displayed - Pass
20-03-2018 10:46 INFO  - Search Count is displayed - Pass
20-03-2018 10:46 INFO  - http://m.lordandtaylor.com/ is opened - Pass
20-03-2018 10:46 INFO  - Wait to get site Loaded is displayed - Pass
20-03-2018 10:46 INFO  - Click Menu is clicked - Pass
20-03-2018 10:47 INFO  - PDP Page wait is displayed - Pass
20-03-2018 10:47 INFO  - scrolled to Scrolling - Pass
20-03-2018 10:47 INFO  - Colour Field present is displayed - Pass
20-03-2018 10:47 INFO  - Size field is displayed - Pass
20-03-2018 10:47 INFO  - scrolled to Add To Bag - Pass
20-03-2018 10:47 INFO  - Add To Bag Clicked is clicked - Pass
20-03-2018 10:47 INFO  - Checkout Clicked is clicked - Pass
20-03-2018 10:47 INFO  - Cart Opened is displayed - Pass
20-03-2018 10:47 INFO  - Product Added to Cart is displayed - Pass
20-03-2018 10:47 INFO  - Wait is displayed - Pass
20-03-2018 10:47 INFO  - scrolled to scroll to checkout - Pass
20-03-2018 10:47 INFO  - Click Checkout is clicked - Pass
20-03-2018 10:47 INFO  - Guest Checkout is displayed - Pass
20-03-2018 10:47 INFO  - User Sign IN is displayed - Pass
20-03-2018 10:47 INFO  - Success Overlay is displayed - Pass
20-03-2018 10:47 INFO  - Success Overlay is displayed - Pass
20-03-2018 10:47 INFO  - Enetered Login is clicked - Pass
20-03-2018 10:47 INFO  - Email is entered in the field - Pass
20-03-2018 10:47 INFO  - Spider@123 is entered in Password - Pass
20-03-2018 10:47 INFO  - http://m.lordandtaylor.com/ is opened - Pass
20-03-2018 10:47 INFO  - Click Search is clicked - Pass
20-03-2018 10:47 INFO  - Shirts is entered in Search - Pass
20-03-2018 10:47 INFO  - Checkout Clicked is clicked - Pass
20-03-2018 10:47 INFO  - Cart Opened is displayed - Pass
20-03-2018 10:47 INFO  - My Account page displayed is displayed - Pass
20-03-2018 10:47 INFO  - Product Added to Cart is displayed - Pass
20-03-2018 10:47 INFO  - Wait is displayed - Pass
20-03-2018 10:47 INFO  - scrolled to scroll to checkout - Pass
20-03-2018 10:47 INFO  - Click Checkout is clicked - Pass
20-03-2018 10:47 INFO  - Guest Checkout is displayed - Pass
20-03-2018 10:47 INFO  - scrolled to Guest Checkout - Pass
20-03-2018 10:47 INFO  - Guest Checkout is clicked - Pass
20-03-2018 10:47 INFO  - search/PLP page is displayed - Pass
20-03-2018 10:47 INFO  - Search Count is displayed - Pass
20-03-2018 10:47 INFO  - Click Cart is clicked - Pass
20-03-2018 10:47 INFO  - Cart Opened is displayed - Pass
20-03-2018 10:47 INFO  - Product Added to Cart is displayed - Pass
20-03-2018 10:47 INFO  - scrolled to BackToUSShipping - Pass
20-03-2018 10:47 INFO  - Guest Checkout is displayed - Pass
20-03-2018 10:47 INFO  - PDP Page wait is displayed - Pass
20-03-2018 10:47 INFO  - scrolled to Scrolling - Pass
20-03-2018 10:47 INFO  - Colour Field present is displayed - Pass
20-03-2018 10:47 INFO  - Size field is displayed - Pass
20-03-2018 10:47 INFO  - scrolled to Add To Bag - Pass
20-03-2018 10:47 INFO  - BackToUSShipping is clicked - Pass
20-03-2018 10:47 INFO  - Wait is displayed - Pass
20-03-2018 10:47 INFO  - scrolled to scroll to checkout - Pass
20-03-2018 10:47 INFO  - Add To Bag Clicked is clicked - Pass
20-03-2018 10:47 INFO  - PDP overlay is displayed - Pass
20-03-2018 10:47 INFO  - Success Overlay is displayed - Pass
20-03-2018 10:47 INFO  - Success Overlay is displayed - Pass
20-03-2018 10:47 INFO  - http://m.lordandtaylor.com/ is opened - Pass
20-03-2018 10:47 INFO  - Click Search is clicked - Pass
20-03-2018 10:47 INFO  - denims is entered in Search - Pass
20-03-2018 10:47 INFO  - Click Checkout is clicked - Pass
20-03-2018 10:47 INFO  - Review Order Page is displayed - Pass
20-03-2018 10:47 INFO  - Billing Addrs field in Review Order Page is displayed - Pass
20-03-2018 10:47 INFO  - Payment field in Review Order Page is displayed - Pass
20-03-2018 10:47 INFO  - scrolled to Scrolling - Pass
20-03-2018 10:47 INFO  - Shipping Addrs field in Review Order Page is displayed - Pass
20-03-2018 10:47 INFO  - Order Summary field in Review Order Page is displayed - Pass
20-03-2018 10:47 INFO  - Place Order is displayed - Pass
20-03-2018 10:47 INFO  - search/PLP page is displayed - Pass
20-03-2018 10:47 INFO  - Search Count is displayed - Pass
20-03-2018 10:48 INFO  - Checkout Clicked is clicked - Pass
20-03-2018 10:48 INFO  - IS Cart page products is displayed is displayed - Pass
20-03-2018 10:48 INFO  - Is Cart page Displayed is displayed - Pass
20-03-2018 10:48 INFO  - Wait is displayed - Pass
20-03-2018 10:48 INFO  - scrolled to scroll to checkout - Pass
20-03-2018 10:48 INFO  - Click Checkout is clicked - Pass
20-03-2018 10:48 INFO  - Guest Checkout is displayed - Pass
20-03-2018 10:48 INFO  - scrolled to Guest Checkout - Pass
20-03-2018 10:48 INFO  - Guest Checkout is clicked - Pass
20-03-2018 10:48 INFO  - PDP Page wait is displayed - Pass
20-03-2018 10:48 INFO  - scrolled to Scrolling - Pass
20-03-2018 10:48 INFO  - Colour Field present is displayed - Pass
20-03-2018 10:48 INFO  - Size field is displayed - Pass
20-03-2018 10:48 INFO  - scrolled to Add To Bag - Pass
20-03-2018 10:48 INFO  - Add To Bag Clicked is clicked - Pass
20-03-2018 10:48 INFO  - http://m.lordandtaylor.com/ is opened - Pass
20-03-2018 10:48 INFO  - Click Search is clicked - Pass
20-03-2018 10:48 INFO  - pants is entered in Search - Pass
20-03-2018 10:48 INFO  - PDP overlay is displayed - Pass
20-03-2018 10:48 INFO  - Success Overlay is displayed - Pass
20-03-2018 10:48 INFO  - Success Overlay is displayed - Pass
20-03-2018 10:48 INFO  - Guest Checkout is displayed - Pass
20-03-2018 10:48 INFO  - Guest checkout shipping screen is displayed on tapping guest chekout button is displayed - Pass
20-03-2018 10:48 INFO  - search/PLP page is displayed - Pass
20-03-2018 10:48 INFO  - Search Count is displayed - Pass
20-03-2018 10:48 INFO  - PDP Page wait is displayed - Pass
20-03-2018 10:48 INFO  - http://m.lordandtaylor.com/ is opened - Pass
20-03-2018 10:48 INFO  - Click Search is clicked - Pass
20-03-2018 10:48 INFO  - dress is entered in Search - Pass
20-03-2018 10:48 INFO  - Checkout Clicked is clicked - Pass
20-03-2018 10:48 INFO  - IS Cart page products is displayed is displayed - Pass
20-03-2018 10:48 INFO  - Is Cart page Displayed is displayed - Pass
20-03-2018 10:48 INFO  - Wait is displayed - Pass
20-03-2018 10:48 INFO  - scrolled to scroll to checkout - Pass
20-03-2018 10:48 INFO  - Click Checkout is clicked - Pass
20-03-2018 10:48 INFO  - scrolled to Scrolling - Pass
20-03-2018 10:48 INFO  - Colour Field present is displayed - Pass
20-03-2018 10:48 INFO  - Guest Checkout is displayed - Pass
20-03-2018 10:48 INFO  - scrolled to Guest Checkout - Pass
20-03-2018 10:48 INFO  - Guest Checkout is clicked - Pass
20-03-2018 10:48 INFO  - Size field is displayed - Pass
20-03-2018 10:48 INFO  - scrolled to Add To Bag - Pass
20-03-2018 10:48 INFO  - Add To Bag Clicked is clicked - Pass
20-03-2018 10:48 INFO  - PDP overlay is displayed - Pass
20-03-2018 10:48 INFO  - Success Overlay is displayed - Pass
20-03-2018 10:48 INFO  - Success Overlay is displayed - Pass
20-03-2018 10:48 INFO  - search/PLP page is displayed - Pass
20-03-2018 10:48 INFO  - Search Count is displayed - Pass
20-03-2018 10:48 INFO  - PDP Page wait is displayed - Pass
20-03-2018 10:48 INFO  - scrolled to Scrolling - Pass
20-03-2018 10:48 INFO  - Colour Field present is displayed - Pass
20-03-2018 10:48 INFO  - Checkout Clicked is clicked - Pass
20-03-2018 10:48 INFO  - IS Cart page products is displayed is displayed - Pass
20-03-2018 10:48 INFO  - Is Cart page Displayed is displayed - Pass
20-03-2018 10:48 INFO  - scrolled to BackToUSShipping - Pass
20-03-2018 10:48 INFO  - Size field is displayed - Pass
20-03-2018 10:48 INFO  - scrolled to Add To Bag - Pass
20-03-2018 10:48 INFO  - Add To Bag Clicked is clicked - Pass
20-03-2018 10:48 INFO  - PDP overlay is displayed - Pass
20-03-2018 10:48 INFO  - Success Overlay is displayed - Pass
20-03-2018 10:48 INFO  - Success Overlay is displayed - Pass
20-03-2018 10:49 INFO  - BackToUSShipping is clicked - Pass
20-03-2018 10:49 INFO  - Wait is displayed - Pass
20-03-2018 10:49 INFO  - scrolled to scroll to checkout - Pass
20-03-2018 10:49 INFO  - Click Checkout is clicked - Pass
20-03-2018 10:49 INFO  - Guest Checkout is displayed - Pass
20-03-2018 10:49 INFO  - scrolled to Guest Checkout - Pass
20-03-2018 10:49 INFO  - Guest Checkout is clicked - Pass
20-03-2018 10:49 INFO  - Checkout Clicked is clicked - Pass
20-03-2018 10:49 INFO  - IS Cart page products is displayed is displayed - Pass
20-03-2018 10:49 INFO  - Is Cart page Displayed is displayed - Pass
20-03-2018 10:49 INFO  - Wait is displayed - Pass
20-03-2018 10:49 INFO  - scrolled to scroll to checkout - Pass
20-03-2018 10:49 INFO  - Click Checkout is clicked - Pass
20-03-2018 10:49 INFO  - Guest Checkout is displayed - Pass
20-03-2018 10:49 INFO  - Guest Checkout is displayed - Pass
20-03-2018 10:49 INFO  - scrolled to Guest Checkout - Pass
20-03-2018 10:49 INFO  - Guest checkout shipping screen is displayed on tapping guest chekout button is displayed - Pass
20-03-2018 10:49 INFO  - Guest Checkout is clicked - Pass
20-03-2018 10:49 INFO  - FirstName is entered in the field - Pass
20-03-2018 10:49 INFO  - SecondName is entered in the field - Pass
20-03-2018 10:49 INFO  - Address 1 is entered in the field - Pass
20-03-2018 10:49 INFO  - Address 2 is entered in the field - Pass
20-03-2018 10:49 INFO  - City is entered in the field - Pass
20-03-2018 10:49 INFO  - scrolled to Scrolling - Pass
20-03-2018 10:49 INFO  - Postal Code is entered in the field - Pass
20-03-2018 10:49 INFO  - Untick default billing option is clicked - Pass
20-03-2018 10:49 INFO  - PhoneNumber is entered in the field - Pass
20-03-2018 10:49 INFO  - Mail Address is entered in the field - Pass
20-03-2018 10:49 INFO  - Is Continue Checkout Button displayed is displayed - Pass
20-03-2018 10:49 INFO  - scrolled to Scroll to Continue Checkout Button - Pass
20-03-2018 10:49 INFO  - Guest Checkout is displayed - Pass
20-03-2018 10:49 INFO  - Click Continue checkout button is clicked - Pass
20-03-2018 10:49 INFO  - Guest checkout shipping screen is displayed on tapping guest chekout button is displayed - Pass
20-03-2018 10:49 INFO  - FirstName is entered in the field - Pass
20-03-2018 10:49 INFO  - SecondName is entered in the field - Pass
20-03-2018 10:49 INFO  - Address 1 is entered in the field - Pass
20-03-2018 10:49 INFO  - Address 2 is entered in the field - Pass
20-03-2018 10:49 INFO  - City is entered in the field - Pass
20-03-2018 10:49 INFO  - scrolled to Scrolling - Pass
20-03-2018 10:49 INFO  - Postal Code is entered in the field - Pass
20-03-2018 10:49 INFO  - PhoneNumber is entered in the field - Pass
20-03-2018 10:49 INFO  - Address Verification is displayed - Pass
20-03-2018 10:49 INFO  - scrolled to Clicked use as entered in address verification overlay - Pass
20-03-2018 10:49 INFO  - Mail Address is entered in the field - Pass
20-03-2018 10:49 INFO  - Is Continue Checkout Button displayed is displayed - Pass
20-03-2018 10:49 INFO  - scrolled to Scroll to Continue Checkout Button - Pass
20-03-2018 10:49 INFO  - Click Continue checkout button is clicked - Pass
20-03-2018 10:49 INFO  - Address Verification is displayed - Pass
20-03-2018 10:49 INFO  - scrolled to Clicked use as entered in address verification overlay - Pass
20-03-2018 10:49 INFO  - Guest Checkout is displayed - Pass
20-03-2018 10:49 INFO  - Guest checkout shipping screen is displayed on tapping guest chekout button is displayed - Pass
20-03-2018 10:49 INFO  - FirstName is entered in the field - Pass
20-03-2018 10:49 INFO  - SecondName is entered in the field - Pass
20-03-2018 10:49 INFO  - Address 1 is entered in the field - Pass
20-03-2018 10:49 INFO  - Address 2 is entered in the field - Pass
20-03-2018 10:49 INFO  - City is entered in the field - Pass
20-03-2018 10:49 INFO  - scrolled to Scrolling - Pass
20-03-2018 10:49 INFO  - Postal Code is entered in the field - Pass
20-03-2018 10:49 INFO  - PhoneNumber is entered in the field - Pass
20-03-2018 10:49 INFO  - Mail Address is entered in the field - Pass
20-03-2018 10:49 INFO  - Is Continue Checkout Button displayed is displayed - Pass
20-03-2018 10:49 INFO  - scrolled to Scroll to Continue Checkout Button - Pass
20-03-2018 10:49 INFO  - Click Continue checkout button is clicked - Pass
20-03-2018 10:49 ERROR - TimeoutException
org.openqa.selenium.TimeoutException: Expected condition failed: waiting for visibility of element located by By.id: pdpAddtoBagBtn (tried for 10 second(s) with 500 MILLISECONDS interval)
	at org.openqa.selenium.support.ui.WebDriverWait.timeoutException(WebDriverWait.java:82)
	at org.openqa.selenium.support.ui.FluentWait.until(FluentWait.java:231)
	at com.skava.framework.action.SeleniumActionEngine.explicitWaitforVisibility(SeleniumActionEngine.java:183)
	at com.skava.framework.action.SeleniumActionEngine.isElementDisplayed(SeleniumActionEngine.java:201)
	at com.skava.reusable.components.CheckoutComponents.addressVerification(CheckoutComponents.java:115)
	at com.skava.testcases.LT_1081_GuestCheckout_AddShipping.LT_1081_GuestCheckout_Add_Shipping(LT_1081_GuestCheckout_AddShipping.java:39)
	at sun.reflect.NativeMethodAccessorImpl.invoke0(Native Method)
	at sun.reflect.NativeMethodAccessorImpl.invoke(Unknown Source)
	at sun.reflect.DelegatingMethodAccessorImpl.invoke(Unknown Source)
	at java.lang.reflect.Method.invoke(Unknown Source)
	at org.testng.internal.MethodInvocationHelper.invokeMethod(MethodInvocationHelper.java:108)
	at org.testng.internal.Invoker.invokeMethod(Invoker.java:669)
	at org.testng.internal.Invoker.invokeTestMethod(Invoker.java:877)
	at org.testng.internal.Invoker.invokeTestMethods(Invoker.java:1201)
	at org.testng.internal.TestMethodWorker.invokeTestMethods(TestMethodWorker.java:125)
	at org.testng.internal.TestMethodWorker.run(TestMethodWorker.java:109)
	at java.util.concurrent.ThreadPoolExecutor.runWorker(Unknown Source)
	at java.util.concurrent.ThreadPoolExecutor$Worker.run(Unknown Source)
	at java.lang.Thread.run(Unknown Source)
Caused by: org.openqa.selenium.NoSuchElementException: Cannot locate an element using By.id: pdpAddtoBagBtn
For documentation on this error, please visit: http://seleniumhq.org/exceptions/no_such_element.html
Build info: version: '3.2.0', revision: '8c03df6b79', time: '2017-02-23 10:51:31 +0000'
System info: host: 'DESKTOP-AQOISD1', ip: '192.168.234.84', os.name: 'Windows 10', os.arch: 'amd64', os.version: '10.0', java.version: '1.8.0_112'
Driver info: driver.version: unknown
	at org.openqa.selenium.support.ui.ExpectedConditions.lambda$findElement$0(ExpectedConditions.java:882)
	at java.util.Optional.orElseThrow(Unknown Source)
	at org.openqa.selenium.support.ui.ExpectedConditions.findElement(ExpectedConditions.java:881)
	at org.openqa.selenium.support.ui.ExpectedConditions.access$000(ExpectedConditions.java:43)
	at org.openqa.selenium.support.ui.ExpectedConditions$7.apply(ExpectedConditions.java:205)
	at org.openqa.selenium.support.ui.ExpectedConditions$7.apply(ExpectedConditions.java:201)
	at org.openqa.selenium.support.ui.FluentWait.until(FluentWait.java:208)
	... 17 more
20-03-2018 10:49 ERROR - wait is not present - failed
20-03-2018 10:49 INFO  - Clicked OK is displayed - Pass
20-03-2018 10:49 INFO  - Address Verification is displayed - Pass
20-03-2018 10:49 INFO  - Clicked OK is clicked - Pass
20-03-2018 10:49 INFO  - scrolled to Clicked use as entered in address verification overlay - Pass
20-03-2018 10:49 ERROR - TimeoutException
org.openqa.selenium.TimeoutException: Expected condition failed: waiting for visibility of element located by By.id: pdpAddtoBagBtn (tried for 10 second(s) with 500 MILLISECONDS interval)
	at org.openqa.selenium.support.ui.WebDriverWait.timeoutException(WebDriverWait.java:82)
	at org.openqa.selenium.support.ui.FluentWait.until(FluentWait.java:231)
	at com.skava.framework.action.SeleniumActionEngine.explicitWaitforVisibility(SeleniumActionEngine.java:183)
	at com.skava.framework.action.SeleniumActionEngine.isElementDisplayed(SeleniumActionEngine.java:201)
	at com.skava.reusable.components.CheckoutComponents.addressVerification(CheckoutComponents.java:115)
	at com.skava.testcases.LT_1083_Payment_Page_Guest_Validation.LT_1083_Payment_Page_Guest_Validation(LT_1083_Payment_Page_Guest_Validation.java:41)
	at sun.reflect.NativeMethodAccessorImpl.invoke0(Native Method)
	at sun.reflect.NativeMethodAccessorImpl.invoke(Unknown Source)
	at sun.reflect.DelegatingMethodAccessorImpl.invoke(Unknown Source)
	at java.lang.reflect.Method.invoke(Unknown Source)
	at org.testng.internal.MethodInvocationHelper.invokeMethod(MethodInvocationHelper.java:108)
	at org.testng.internal.Invoker.invokeMethod(Invoker.java:669)
	at org.testng.internal.Invoker.invokeTestMethod(Invoker.java:877)
	at org.testng.internal.Invoker.invokeTestMethods(Invoker.java:1201)
	at org.testng.internal.TestMethodWorker.invokeTestMethods(TestMethodWorker.java:125)
	at org.testng.internal.TestMethodWorker.run(TestMethodWorker.java:109)
	at java.util.concurrent.ThreadPoolExecutor.runWorker(Unknown Source)
	at java.util.concurrent.ThreadPoolExecutor$Worker.run(Unknown Source)
	at java.lang.Thread.run(Unknown Source)
Caused by: org.openqa.selenium.NoSuchElementException: Cannot locate an element using By.id: pdpAddtoBagBtn
For documentation on this error, please visit: http://seleniumhq.org/exceptions/no_such_element.html
Build info: version: '3.2.0', revision: '8c03df6b79', time: '2017-02-23 10:51:31 +0000'
System info: host: 'DESKTOP-AQOISD1', ip: '192.168.234.84', os.name: 'Windows 10', os.arch: 'amd64', os.version: '10.0', java.version: '1.8.0_112'
Driver info: driver.version: unknown
	at org.openqa.selenium.support.ui.ExpectedConditions.lambda$findElement$0(ExpectedConditions.java:882)
	at java.util.Optional.orElseThrow(Unknown Source)
	at org.openqa.selenium.support.ui.ExpectedConditions.findElement(ExpectedConditions.java:881)
	at org.openqa.selenium.support.ui.ExpectedConditions.access$000(ExpectedConditions.java:43)
	at org.openqa.selenium.support.ui.ExpectedConditions$7.apply(ExpectedConditions.java:205)
	at org.openqa.selenium.support.ui.ExpectedConditions$7.apply(ExpectedConditions.java:201)
	at org.openqa.selenium.support.ui.FluentWait.until(FluentWait.java:208)
	... 17 more
20-03-2018 10:49 ERROR - wait is not present - failed
20-03-2018 10:49 INFO  - Clicked OK is displayed - Pass
20-03-2018 10:49 INFO  - Clicked OK is clicked - Pass
20-03-2018 10:49 INFO  - Place Order Page is displayed - Pass
20-03-2018 10:49 ERROR - TimeoutException
org.openqa.selenium.TimeoutException: Expected condition failed: waiting for visibility of element located by By.id: pdpAddtoBagBtn (tried for 10 second(s) with 500 MILLISECONDS interval)
	at org.openqa.selenium.support.ui.WebDriverWait.timeoutException(WebDriverWait.java:82)
	at org.openqa.selenium.support.ui.FluentWait.until(FluentWait.java:231)
	at com.skava.framework.action.SeleniumActionEngine.explicitWaitforVisibility(SeleniumActionEngine.java:183)
	at com.skava.framework.action.SeleniumActionEngine.isElementDisplayed(SeleniumActionEngine.java:201)
	at com.skava.reusable.components.CheckoutComponents.addressVerification(CheckoutComponents.java:115)
	at com.skava.testcases.LT_1176_Review_Order_PlaceOrder_Button_Validation.LT_1176_Review_Order_PlaceOrder_Button_Validation(LT_1176_Review_Order_PlaceOrder_Button_Validation.java:40)
	at sun.reflect.NativeMethodAccessorImpl.invoke0(Native Method)
	at sun.reflect.NativeMethodAccessorImpl.invoke(Unknown Source)
	at sun.reflect.DelegatingMethodAccessorImpl.invoke(Unknown Source)
	at java.lang.reflect.Method.invoke(Unknown Source)
	at org.testng.internal.MethodInvocationHelper.invokeMethod(MethodInvocationHelper.java:108)
	at org.testng.internal.Invoker.invokeMethod(Invoker.java:669)
	at org.testng.internal.Invoker.invokeTestMethod(Invoker.java:877)
	at org.testng.internal.Invoker.invokeTestMethods(Invoker.java:1201)
	at org.testng.internal.TestMethodWorker.invokeTestMethods(TestMethodWorker.java:125)
	at org.testng.internal.TestMethodWorker.run(TestMethodWorker.java:109)
	at java.util.concurrent.ThreadPoolExecutor.runWorker(Unknown Source)
	at java.util.concurrent.ThreadPoolExecutor$Worker.run(Unknown Source)
	at java.lang.Thread.run(Unknown Source)
Caused by: org.openqa.selenium.NoSuchElementException: Cannot locate an element using By.id: pdpAddtoBagBtn
For documentation on this error, please visit: http://seleniumhq.org/exceptions/no_such_element.html
Build info: version: '3.2.0', revision: '8c03df6b79', time: '2017-02-23 10:51:31 +0000'
System info: host: 'DESKTOP-AQOISD1', ip: '192.168.234.84', os.name: 'Windows 10', os.arch: 'amd64', os.version: '10.0', java.version: '1.8.0_112'
Driver info: driver.version: unknown
	at org.openqa.selenium.support.ui.ExpectedConditions.lambda$findElement$0(ExpectedConditions.java:882)
	at java.util.Optional.orElseThrow(Unknown Source)
	at org.openqa.selenium.support.ui.ExpectedConditions.findElement(ExpectedConditions.java:881)
	at org.openqa.selenium.support.ui.ExpectedConditions.access$000(ExpectedConditions.java:43)
	at org.openqa.selenium.support.ui.ExpectedConditions$7.apply(ExpectedConditions.java:205)
	at org.openqa.selenium.support.ui.ExpectedConditions$7.apply(ExpectedConditions.java:201)
	at org.openqa.selenium.support.ui.FluentWait.until(FluentWait.java:208)
	... 17 more
20-03-2018 10:49 ERROR - wait is not present - failed
20-03-2018 10:49 INFO  - Clicked OK is displayed - Pass
20-03-2018 10:49 INFO  - Clicked OK is clicked - Pass
20-03-2018 10:49 INFO  - Place Order Page is displayed - Pass
20-03-2018 10:49 INFO  - Payment Details is displayed - Pass
20-03-2018 10:49 INFO  - http://m.lordandtaylor.com/ is opened - Pass
20-03-2018 10:49 INFO  - Click Search is clicked - Pass
20-03-2018 10:49 INFO  - shoes is entered in Search - Pass
20-03-2018 10:49 INFO  - Enter Credit card  Number is entered in the field - Pass
20-03-2018 10:49 INFO  - Enter Credit card name is entered in the field - Pass
20-03-2018 10:49 INFO  - Enter CVV Num is entered in the field - Pass
20-03-2018 10:49 INFO  - Is Continue Checkout Button displayed is displayed - Pass
20-03-2018 10:49 INFO  - scrolled to Scroll to Continue Checkout Button - Pass
20-03-2018 10:49 INFO  - Click Continue checkout button is clicked - Pass
20-03-2018 10:49 INFO  - http://m.lordandtaylor.com/ is opened - Pass
20-03-2018 10:49 INFO  - Click Search is clicked - Pass
20-03-2018 10:49 INFO  - shirts is entered in Search - Pass
20-03-2018 10:49 INFO  - Review Order Page is displayed - Pass
20-03-2018 10:49 INFO  - Billing Addrs field in Review Order Page is displayed - Pass
20-03-2018 10:49 INFO  - Payment field in Review Order Page is displayed - Pass
20-03-2018 10:49 INFO  - scrolled to Scrolling - Pass
20-03-2018 10:49 INFO  - Shipping Addrs field in Review Order Page is displayed - Pass
20-03-2018 10:49 INFO  - Order Summary field in Review Order Page is displayed - Pass
20-03-2018 10:49 INFO  - Place Order is displayed - Pass
20-03-2018 10:49 INFO  - search/PLP page is displayed - Pass
20-03-2018 10:49 INFO  - Search Count is displayed - Pass
20-03-2018 10:49 INFO  - search/PLP page is displayed - Pass
20-03-2018 10:49 INFO  - Search Count is displayed - Pass
20-03-2018 10:49 INFO  - PDP Page wait is displayed - Pass
20-03-2018 10:49 INFO  - scrolled to Scrolling - Pass
20-03-2018 10:49 INFO  - Colour Field present is displayed - Pass
20-03-2018 10:49 INFO  - Size field is displayed - Pass
20-03-2018 10:49 INFO  - scrolled to Add To Bag - Pass
20-03-2018 10:49 INFO  - Add To Bag Clicked is clicked - Pass
20-03-2018 10:50 INFO  - PDP Page wait is displayed - Pass
20-03-2018 10:50 INFO  - scrolled to Scrolling - Pass
20-03-2018 10:50 INFO  - Colour Field present is displayed - Pass
20-03-2018 10:50 INFO  - Size field is displayed - Pass
20-03-2018 10:50 INFO  - scrolled to Add To Bag - Pass
20-03-2018 10:50 INFO  - Add To Bag Clicked is clicked - Pass
20-03-2018 10:50 INFO  - PDP overlay is displayed - Pass
20-03-2018 10:50 INFO  - Success Overlay is displayed - Pass
20-03-2018 10:50 INFO  - Success Overlay is displayed - Pass
20-03-2018 10:50 INFO  - PDP overlay is displayed - Pass
20-03-2018 10:50 INFO  - Success Overlay is displayed - Pass
20-03-2018 10:50 INFO  - Success Overlay is displayed - Pass
20-03-2018 10:50 INFO  - Checkout Clicked is clicked - Pass
20-03-2018 10:50 INFO  - IS Cart page products is displayed is displayed - Pass
20-03-2018 10:50 INFO  - Is Cart page Displayed is displayed - Pass
20-03-2018 10:50 INFO  - Wait is displayed - Pass
20-03-2018 10:50 INFO  - scrolled to scroll to checkout - Pass
20-03-2018 10:50 INFO  - Click Checkout is clicked - Pass
20-03-2018 10:50 INFO  - Guest Checkout is displayed - Pass
20-03-2018 10:50 INFO  - scrolled to Guest Checkout - Pass
20-03-2018 10:50 INFO  - Guest Checkout is clicked - Pass
20-03-2018 10:50 INFO  - Checkout Clicked is clicked - Pass
20-03-2018 10:50 INFO  - IS Cart page products is displayed is displayed - Pass
20-03-2018 10:50 INFO  - Is Cart page Displayed is displayed - Pass
20-03-2018 10:50 INFO  - Wait is displayed - Pass
20-03-2018 10:50 INFO  - scrolled to scroll to checkout - Pass
20-03-2018 10:50 INFO  - Click Checkout is clicked - Pass
20-03-2018 10:50 INFO  - Guest Checkout is displayed - Pass
20-03-2018 10:50 INFO  - scrolled to Guest Checkout - Pass
20-03-2018 10:50 INFO  - Guest Checkout is clicked - Pass
20-03-2018 10:50 INFO  - Guest Checkout is displayed - Pass
20-03-2018 10:50 INFO  - Guest checkout shipping screen is displayed on tapping guest chekout button is displayed - Pass
20-03-2018 10:50 INFO  - FirstName is entered in the field - Pass
20-03-2018 10:50 INFO  - SecondName is entered in the field - Pass
20-03-2018 10:50 INFO  - Address 1 is entered in the field - Pass
20-03-2018 10:50 INFO  - Address 2 is entered in the field - Pass
20-03-2018 10:50 INFO  - City is entered in the field - Pass
20-03-2018 10:50 INFO  - scrolled to Scrolling - Pass
20-03-2018 10:50 INFO  - Postal Code is entered in the field - Pass
20-03-2018 10:50 INFO  - PhoneNumber is entered in the field - Pass
20-03-2018 10:50 INFO  - Mail Address is entered in the field - Pass
20-03-2018 10:50 INFO  - Is Continue Checkout Button displayed is displayed - Pass
20-03-2018 10:50 INFO  - scrolled to Scroll to Continue Checkout Button - Pass
20-03-2018 10:50 INFO  - Click Continue checkout button is clicked - Pass
20-03-2018 10:50 INFO  - Address Verification is displayed - Pass
20-03-2018 10:50 INFO  - scrolled to Clicked use as entered in address verification overlay - Pass
20-03-2018 10:50 ERROR - TimeoutException
org.openqa.selenium.TimeoutException: Expected condition failed: waiting for visibility of element located by By.id: pdpAddtoBagBtn (tried for 10 second(s) with 500 MILLISECONDS interval)
	at org.openqa.selenium.support.ui.WebDriverWait.timeoutException(WebDriverWait.java:82)
	at org.openqa.selenium.support.ui.FluentWait.until(FluentWait.java:231)
	at com.skava.framework.action.SeleniumActionEngine.explicitWaitforVisibility(SeleniumActionEngine.java:183)
	at com.skava.framework.action.SeleniumActionEngine.isElementDisplayed(SeleniumActionEngine.java:201)
	at com.skava.reusable.components.CheckoutComponents.addressVerification(CheckoutComponents.java:115)
	at com.skava.testcases.LT_1236_GuestCheckout_Payment_FieldCheck.LT_1236_GuestCheckout_Payment_FieldCheck(LT_1236_GuestCheckout_Payment_FieldCheck.java:40)
	at sun.reflect.NativeMethodAccessorImpl.invoke0(Native Method)
	at sun.reflect.NativeMethodAccessorImpl.invoke(Unknown Source)
	at sun.reflect.DelegatingMethodAccessorImpl.invoke(Unknown Source)
	at java.lang.reflect.Method.invoke(Unknown Source)
	at org.testng.internal.MethodInvocationHelper.invokeMethod(MethodInvocationHelper.java:108)
	at org.testng.internal.Invoker.invokeMethod(Invoker.java:669)
	at org.testng.internal.Invoker.invokeTestMethod(Invoker.java:877)
	at org.testng.internal.Invoker.invokeTestMethods(Invoker.java:1201)
	at org.testng.internal.TestMethodWorker.invokeTestMethods(TestMethodWorker.java:125)
	at org.testng.internal.TestMethodWorker.run(TestMethodWorker.java:109)
	at java.util.concurrent.ThreadPoolExecutor.runWorker(Unknown Source)
	at java.util.concurrent.ThreadPoolExecutor$Worker.run(Unknown Source)
	at java.lang.Thread.run(Unknown Source)
Caused by: org.openqa.selenium.NoSuchElementException: Cannot locate an element using By.id: pdpAddtoBagBtn
For documentation on this error, please visit: http://seleniumhq.org/exceptions/no_such_element.html
Build info: version: '3.2.0', revision: '8c03df6b79', time: '2017-02-23 10:51:31 +0000'
System info: host: 'DESKTOP-AQOISD1', ip: '192.168.234.84', os.name: 'Windows 10', os.arch: 'amd64', os.version: '10.0', java.version: '1.8.0_112'
Driver info: driver.version: unknown
	at org.openqa.selenium.support.ui.ExpectedConditions.lambda$findElement$0(ExpectedConditions.java:882)
	at java.util.Optional.orElseThrow(Unknown Source)
	at org.openqa.selenium.support.ui.ExpectedConditions.findElement(ExpectedConditions.java:881)
	at org.openqa.selenium.support.ui.ExpectedConditions.access$000(ExpectedConditions.java:43)
	at org.openqa.selenium.support.ui.ExpectedConditions$7.apply(ExpectedConditions.java:205)
	at org.openqa.selenium.support.ui.ExpectedConditions$7.apply(ExpectedConditions.java:201)
	at org.openqa.selenium.support.ui.FluentWait.until(FluentWait.java:208)
	... 17 more
20-03-2018 10:50 ERROR - wait is not present - failed
20-03-2018 10:50 INFO  - Clicked OK is displayed - Pass
20-03-2018 10:50 INFO  - Clicked OK is clicked - Pass
20-03-2018 10:50 INFO  - Place Order Page is displayed - Pass
20-03-2018 10:50 INFO  - Payment section is displayed - Pass
20-03-2018 10:50 INFO  - Payment section is displayed - Pass
20-03-2018 10:50 INFO  - Payment type is displayed - Pass
20-03-2018 10:50 INFO  - Card no  is displayed - Pass
20-03-2018 10:50 INFO  - Card name  is displayed - Pass
20-03-2018 10:50 INFO  - Card  exp month is displayed - Pass
20-03-2018 10:50 INFO  - Card  exp year is displayed - Pass
20-03-2018 10:50 INFO  - Card  CVV is displayed - Pass
20-03-2018 10:50 INFO  - scrolled to scroll to gift section - Pass
20-03-2018 10:50 INFO  - Payment gift card section is displayed - Pass
20-03-2018 10:50 INFO  - Gift Card No is displayed - Pass
20-03-2018 10:50 INFO  - Gift Card Pin is displayed - Pass
20-03-2018 10:50 INFO  - scrolled to scroll to promo code section - Pass
20-03-2018 10:50 INFO  - Payment promo code section is displayed - Pass
20-03-2018 10:50 INFO  - Promo code field is displayed - Pass
20-03-2018 10:50 INFO  - scrolled to scroll to create account section - Pass
20-03-2018 10:50 INFO  - Payment create account section is displayed - Pass
20-03-2018 10:50 INFO  - Account password field is displayed - Pass
20-03-2018 10:50 INFO  - Account confirm password field is displayed - Pass
20-03-2018 10:50 INFO  - Account password hint field is displayed - Pass
20-03-2018 10:55 ERROR - TimeoutException
org.openqa.selenium.TimeoutException: timeout
  (Session info: chrome=64.0.3282.186)
  (Driver info: chromedriver=2.33.506120 (e3e53437346286c0bc2d2dc9aa4915ba81d9023f),platform=Windows NT 10.0.16299 x86_64) (WARNING: The server did not provide any stacktrace information)
Command duration or timeout: 300.03 seconds
Build info: version: '3.2.0', revision: '8c03df6b79', time: '2017-02-23 10:51:31 +0000'
System info: host: 'DESKTOP-AQOISD1', ip: '192.168.234.84', os.name: 'Windows 10', os.arch: 'amd64', os.version: '10.0', java.version: '1.8.0_112'
Driver info: org.openqa.selenium.chrome.ChromeDriver
Capabilities [{applicationCacheEnabled=false, rotatable=false, mobileEmulationEnabled=false, networkConnectionEnabled=false, chrome={chromedriverVersion=2.33.506120 (e3e53437346286c0bc2d2dc9aa4915ba81d9023f), userDataDir=C:\Users\arunraj.n\AppData\Local\Temp\scoped_dir47844_5547}, takesHeapSnapshot=true, pageLoadStrategy=normal, databaseEnabled=false, handlesAlerts=true, hasTouchScreen=false, version=64.0.3282.186, platform=XP, browserConnectionEnabled=false, nativeEvents=true, acceptSslCerts=true, locationContextEnabled=true, webStorageEnabled=true, browserName=chrome, takesScreenshot=true, javascriptEnabled=true, cssSelectorsEnabled=true, setWindowRect=true, unexpectedAlertBehaviour=}]
Session ID: 8f231429b247ddf9fd3fc1f9d6009044
*** Element info: {Using=xpath, value=//*[contains(@class,'shippingPage')][@style='visibility: visible;']}
	at sun.reflect.NativeConstructorAccessorImpl.newInstance0(Native Method)
	at sun.reflect.NativeConstructorAccessorImpl.newInstance(Unknown Source)
	at sun.reflect.DelegatingConstructorAccessorImpl.newInstance(Unknown Source)
	at java.lang.reflect.Constructor.newInstance(Unknown Source)
	at org.openqa.selenium.remote.ErrorHandler.createThrowable(ErrorHandler.java:216)
	at org.openqa.selenium.remote.ErrorHandler.throwIfResponseFailed(ErrorHandler.java:168)
	at org.openqa.selenium.remote.RemoteWebDriver.execute(RemoteWebDriver.java:638)
	at org.openqa.selenium.remote.RemoteWebDriver.findElements(RemoteWebDriver.java:396)
	at org.openqa.selenium.remote.RemoteWebDriver.findElementsByXPath(RemoteWebDriver.java:480)
	at org.openqa.selenium.By$ByXPath.findElements(By.java:356)
	at org.openqa.selenium.remote.RemoteWebDriver.findElements(RemoteWebDriver.java:359)
	at org.openqa.selenium.support.ui.ExpectedConditions.findElement(ExpectedConditions.java:881)
	at org.openqa.selenium.support.ui.ExpectedConditions.access$000(ExpectedConditions.java:43)
	at org.openqa.selenium.support.ui.ExpectedConditions$7.apply(ExpectedConditions.java:205)
	at org.openqa.selenium.support.ui.ExpectedConditions$7.apply(ExpectedConditions.java:201)
	at org.openqa.selenium.support.ui.FluentWait.until(FluentWait.java:208)
	at com.skava.framework.action.SeleniumActionEngine.explicitWaitforVisibility(SeleniumActionEngine.java:183)
	at com.skava.framework.action.SeleniumActionEngine.isElementDisplayed(SeleniumActionEngine.java:201)
	at com.skava.reusable.components.CheckoutComponents.clickGuestCheckout(CheckoutComponents.java:21)
	at com.skava.testcases.LT_1235_GuestCheckout_Payment_FiledCheck.LT_1235_GuestCheckout_Payment_FiledCheck(LT_1235_GuestCheckout_Payment_FiledCheck.java:36)
	at sun.reflect.NativeMethodAccessorImpl.invoke0(Native Method)
	at sun.reflect.NativeMethodAccessorImpl.invoke(Unknown Source)
	at sun.reflect.DelegatingMethodAccessorImpl.invoke(Unknown Source)
	at java.lang.reflect.Method.invoke(Unknown Source)
	at org.testng.internal.MethodInvocationHelper.invokeMethod(MethodInvocationHelper.java:108)
	at org.testng.internal.Invoker.invokeMethod(Invoker.java:669)
	at org.testng.internal.Invoker.invokeTestMethod(Invoker.java:877)
	at org.testng.internal.Invoker.invokeTestMethods(Invoker.java:1201)
	at org.testng.internal.TestMethodWorker.invokeTestMethods(TestMethodWorker.java:125)
	at org.testng.internal.TestMethodWorker.run(TestMethodWorker.java:109)
	at java.util.concurrent.ThreadPoolExecutor.runWorker(Unknown Source)
	at java.util.concurrent.ThreadPoolExecutor$Worker.run(Unknown Source)
	at java.lang.Thread.run(Unknown Source)
20-03-2018 10:55 ERROR - Guest Checkout is not present - failed
20-03-2018 10:55 INFO  - Guest checkout shipping screen is displayed on tapping guest chekout button is displayed - Pass
20-03-2018 10:55 INFO  - FirstName is entered in the field - Pass
20-03-2018 10:55 INFO  - SecondName is entered in the field - Pass
20-03-2018 10:55 INFO  - Address 1 is entered in the field - Pass
20-03-2018 10:55 INFO  - Address 2 is entered in the field - Pass
20-03-2018 10:55 INFO  - City is entered in the field - Pass
20-03-2018 10:55 INFO  - scrolled to Scrolling - Pass
20-03-2018 10:55 INFO  - Postal Code is entered in the field - Pass
20-03-2018 10:55 INFO  - PhoneNumber is entered in the field - Pass
20-03-2018 10:55 INFO  - Mail Address is entered in the field - Pass
20-03-2018 10:55 INFO  - Is Continue Checkout Button displayed is displayed - Pass
20-03-2018 10:55 INFO  - scrolled to Scroll to Continue Checkout Button - Pass
20-03-2018 10:55 INFO  - Click Continue checkout button is clicked - Pass
20-03-2018 10:55 INFO  - Address Verification is displayed - Pass
20-03-2018 10:55 INFO  - scrolled to Clicked use as entered in address verification overlay - Pass
20-03-2018 10:55 ERROR - TimeoutException
org.openqa.selenium.TimeoutException: Expected condition failed: waiting for visibility of element located by By.id: pdpAddtoBagBtn (tried for 10 second(s) with 500 MILLISECONDS interval)
	at org.openqa.selenium.support.ui.WebDriverWait.timeoutException(WebDriverWait.java:82)
	at org.openqa.selenium.support.ui.FluentWait.until(FluentWait.java:231)
	at com.skava.framework.action.SeleniumActionEngine.explicitWaitforVisibility(SeleniumActionEngine.java:183)
	at com.skava.framework.action.SeleniumActionEngine.isElementDisplayed(SeleniumActionEngine.java:201)
	at com.skava.reusable.components.CheckoutComponents.addressVerification(CheckoutComponents.java:115)
	at com.skava.testcases.LT_1235_GuestCheckout_Payment_FiledCheck.LT_1235_GuestCheckout_Payment_FiledCheck(LT_1235_GuestCheckout_Payment_FiledCheck.java:40)
	at sun.reflect.NativeMethodAccessorImpl.invoke0(Native Method)
	at sun.reflect.NativeMethodAccessorImpl.invoke(Unknown Source)
	at sun.reflect.DelegatingMethodAccessorImpl.invoke(Unknown Source)
	at java.lang.reflect.Method.invoke(Unknown Source)
	at org.testng.internal.MethodInvocationHelper.invokeMethod(MethodInvocationHelper.java:108)
	at org.testng.internal.Invoker.invokeMethod(Invoker.java:669)
	at org.testng.internal.Invoker.invokeTestMethod(Invoker.java:877)
	at org.testng.internal.Invoker.invokeTestMethods(Invoker.java:1201)
	at org.testng.internal.TestMethodWorker.invokeTestMethods(TestMethodWorker.java:125)
	at org.testng.internal.TestMethodWorker.run(TestMethodWorker.java:109)
	at java.util.concurrent.ThreadPoolExecutor.runWorker(Unknown Source)
	at java.util.concurrent.ThreadPoolExecutor$Worker.run(Unknown Source)
	at java.lang.Thread.run(Unknown Source)
Caused by: org.openqa.selenium.NoSuchElementException: Cannot locate an element using By.id: pdpAddtoBagBtn
For documentation on this error, please visit: http://seleniumhq.org/exceptions/no_such_element.html
Build info: version: '3.2.0', revision: '8c03df6b79', time: '2017-02-23 10:51:31 +0000'
System info: host: 'DESKTOP-AQOISD1', ip: '192.168.234.84', os.name: 'Windows 10', os.arch: 'amd64', os.version: '10.0', java.version: '1.8.0_112'
Driver info: driver.version: unknown
	at org.openqa.selenium.support.ui.ExpectedConditions.lambda$findElement$0(ExpectedConditions.java:882)
	at java.util.Optional.orElseThrow(Unknown Source)
	at org.openqa.selenium.support.ui.ExpectedConditions.findElement(ExpectedConditions.java:881)
	at org.openqa.selenium.support.ui.ExpectedConditions.access$000(ExpectedConditions.java:43)
	at org.openqa.selenium.support.ui.ExpectedConditions$7.apply(ExpectedConditions.java:205)
	at org.openqa.selenium.support.ui.ExpectedConditions$7.apply(ExpectedConditions.java:201)
	at org.openqa.selenium.support.ui.FluentWait.until(FluentWait.java:208)
	... 17 more
20-03-2018 10:55 ERROR - wait is not present - failed
20-03-2018 10:55 INFO  - Clicked OK is displayed - Pass
20-03-2018 10:55 INFO  - Clicked OK is clicked - Pass
20-03-2018 10:55 INFO  - Place Order Page is displayed - Pass
20-03-2018 10:55 INFO  - Payment section is displayed - Pass
20-03-2018 10:55 INFO  - Payment section is displayed - Pass
20-03-2018 10:55 INFO  - scrolled to scroll to gift section - Pass
20-03-2018 10:55 INFO  - Payment gift card section is displayed - Pass
20-03-2018 10:55 INFO  - scrolled to scroll to promo code section - Pass
20-03-2018 10:55 INFO  - Payment promo code section is displayed - Pass
20-03-2018 10:55 INFO  - scrolled to scroll to create account section - Pass
20-03-2018 10:55 INFO  - Payment create account section is displayed - Pass
