<?xml version="1.0" encoding="UTF-8"?>
<!-- Generated by org.testng.reporters.JUnitXMLReporter -->
<testsuite hostname="sk-lap-280" ignored="0" name="FirefoxTest" tests="1" failures="0" timestamp="09 Oct 2017 12:04:36 GMT" time="0.176" errors="0">
  <testcase name="@BeforeTest beforeTest" time="0.112" classname="com.skava.testcases.TC2_LoginWithInvalidCredentials">
    <failure type="org.openqa.selenium.WebDriverException" message="Cannot find firefox binary in PATH. Make sure firefox is installed. OS appears to be: WIN8_1
Build info: version: &amp;apos;3.2.0&amp;apos;, revision: &amp;apos;8c03df6b79&amp;apos;, time: &amp;apos;2017-02-23 10:51:31 +0000&amp;apos;
System info: host: &amp;apos;SK-LAP-280&amp;apos;, ip: &amp;apos;192.168.244.162&amp;apos;, os.name: &amp;apos;Windows 8.1&amp;apos;, os.arch: &amp;apos;amd64&amp;apos;, os.version: &amp;apos;6.3&amp;apos;, java.version: &amp;apos;1.8.0_144&amp;apos;
Driver info: driver.version: FirefoxDriver">
      <![CDATA[org.openqa.selenium.WebDriverException: Cannot find firefox binary in PATH. Make sure firefox is installed. OS appears to be: WIN8_1
Build info: version: '3.2.0', revision: '8c03df6b79', time: '2017-02-23 10:51:31 +0000'
System info: host: 'SK-LAP-280', ip: '192.168.244.162', os.name: 'Windows 8.1', os.arch: 'amd64', os.version: '6.3', java.version: '1.8.0_144'
Driver info: driver.version: FirefoxDriver
	at org.openqa.selenium.firefox.FirefoxBinary.<init>(FirefoxBinary.java:115)
	at org.openqa.selenium.firefox.FirefoxDriver.<init>(FirefoxDriver.java:122)
	at com.skava.testcases.TC2_LoginWithInvalidCredentials.beforeTest(TC2_LoginWithInvalidCredentials.java:44)
... Removed 23 stack frames]]>
    </failure>
  </testcase> <!-- @BeforeTest beforeTest -->
  <testcase name="@BeforeClass init" time="0.0" classname="com.skava.testcases.TC2_LoginWithInvalidCredentials">
    <skipped/>
  </testcase> <!-- @BeforeClass init -->
  <testcase name="@AfterTest tearDown" time="0.0" classname="com.skava.testcases.TC2_LoginWithInvalidCredentials">
    <skipped/>
  </testcase> <!-- @AfterTest tearDown -->
  <testcase name="test" time="0.0" classname="com.skava.testcases.TC2_LoginWithInvalidCredentials">
    <skipped/>
  </testcase> <!-- test -->
</testsuite> <!-- FirefoxTest -->
