20-03-2018 13:42 INFO  - http://m.lordandtaylor.com/ is opened - Pass
20-03-2018 13:42 INFO  - http://m.lordandtaylor.com/ is opened - Pass
20-03-2018 13:42 INFO  - Click Search is clicked - Pass
20-03-2018 13:42 INFO  - Click Search is clicked - Pass
20-03-2018 13:42 INFO  - Shoes is entered in Search - Pass
20-03-2018 13:42 INFO  - shirts is entered in Search - Pass
20-03-2018 13:42 INFO  - http://m.lordandtaylor.com/ is opened - Pass
20-03-2018 13:42 INFO  - Wait to get site Loaded is displayed - Pass
20-03-2018 13:42 INFO  - Click Menu is clicked - Pass
20-03-2018 13:42 ERROR - TimeoutException
org.openqa.selenium.TimeoutException: Expected condition failed: waiting for visibility of element located by By.xpath: //*[@id='skMob_productListContainerId']/div[1]/div[2]/div[3]/div[2] (tried for 5 second(s) with 500 MILLISECONDS interval)
	at org.openqa.selenium.support.ui.WebDriverWait.timeoutException(WebDriverWait.java:82)
	at org.openqa.selenium.support.ui.FluentWait.until(FluentWait.java:231)
	at com.skava.framework.action.SeleniumActionEngine.explicitWaitforVisibility(SeleniumActionEngine.java:183)
	at com.skava.reusable.components.HomePageComponents.menuCategoryValidation(HomePageComponents.java:142)
	at com.skava.testcases.LT_336_BreadCrumb_Validation.LT_336_BreadCrumb_Validation(LT_336_BreadCrumb_Validation.java:27)
	at sun.reflect.NativeMethodAccessorImpl.invoke0(Native Method)
	at sun.reflect.NativeMethodAccessorImpl.invoke(Unknown Source)
	at sun.reflect.DelegatingMethodAccessorImpl.invoke(Unknown Source)
	at java.lang.reflect.Method.invoke(Unknown Source)
	at org.testng.internal.MethodInvocationHelper.invokeMethod(MethodInvocationHelper.java:108)
	at org.testng.internal.Invoker.invokeMethod(Invoker.java:669)
	at org.testng.internal.Invoker.invokeTestMethod(Invoker.java:877)
	at org.testng.internal.Invoker.invokeTestMethods(Invoker.java:1201)
	at org.testng.internal.TestMethodWorker.invokeTestMethods(TestMethodWorker.java:125)
	at org.testng.internal.TestMethodWorker.run(TestMethodWorker.java:109)
	at java.util.concurrent.ThreadPoolExecutor.runWorker(Unknown Source)
	at java.util.concurrent.ThreadPoolExecutor$Worker.run(Unknown Source)
	at java.lang.Thread.run(Unknown Source)
Caused by: org.openqa.selenium.NoSuchElementException: Cannot locate an element using By.xpath: //*[@id='skMob_productListContainerId']/div[1]/div[2]/div[3]/div[2]
For documentation on this error, please visit: http://seleniumhq.org/exceptions/no_such_element.html
Build info: version: '3.2.0', revision: '8c03df6b79', time: '2017-02-23 10:51:31 +0000'
System info: host: 'DESKTOP-AQOISD1', ip: '192.168.234.84', os.name: 'Windows 10', os.arch: 'amd64', os.version: '10.0', java.version: '1.8.0_112'
Driver info: driver.version: unknown
	at org.openqa.selenium.support.ui.ExpectedConditions.lambda$findElement$0(ExpectedConditions.java:882)
	at java.util.Optional.orElseThrow(Unknown Source)
	at org.openqa.selenium.support.ui.ExpectedConditions.findElement(ExpectedConditions.java:881)
	at org.openqa.selenium.support.ui.ExpectedConditions.access$000(ExpectedConditions.java:43)
	at org.openqa.selenium.support.ui.ExpectedConditions$7.apply(ExpectedConditions.java:205)
	at org.openqa.selenium.support.ui.ExpectedConditions$7.apply(ExpectedConditions.java:201)
	at org.openqa.selenium.support.ui.FluentWait.until(FluentWait.java:208)
	... 16 more
20-03-2018 13:42 ERROR - wait is not present - failed
20-03-2018 13:42 INFO  - wait is displayed - Pass
20-03-2018 13:42 INFO  - scrolled to Menu scroll - Pass
20-03-2018 13:42 INFO  - Menu Clicked is clicked - Pass
20-03-2018 13:42 INFO  - search/PLP page is displayed - Pass
20-03-2018 13:42 INFO  - Search Count is displayed - Pass
20-03-2018 13:42 INFO  - search/PLP page is displayed - Pass
20-03-2018 13:42 INFO  - Search Count is displayed - Pass
20-03-2018 13:42 ERROR - TimeoutException
org.openqa.selenium.TimeoutException: Expected condition failed: waiting for visibility of element located by By.xpath: //*[@id='skMob_productListContainerId']/div[1]/div[2]/div[3]/div[2] (tried for 5 second(s) with 500 MILLISECONDS interval)
	at org.openqa.selenium.support.ui.WebDriverWait.timeoutException(WebDriverWait.java:82)
	at org.openqa.selenium.support.ui.FluentWait.until(FluentWait.java:231)
	at com.skava.framework.action.SeleniumActionEngine.explicitWaitforVisibility(SeleniumActionEngine.java:183)
	at com.skava.reusable.components.HomePageComponents.menuCategoryValidation(HomePageComponents.java:147)
	at com.skava.testcases.LT_336_BreadCrumb_Validation.LT_336_BreadCrumb_Validation(LT_336_BreadCrumb_Validation.java:27)
	at sun.reflect.NativeMethodAccessorImpl.invoke0(Native Method)
	at sun.reflect.NativeMethodAccessorImpl.invoke(Unknown Source)
	at sun.reflect.DelegatingMethodAccessorImpl.invoke(Unknown Source)
	at java.lang.reflect.Method.invoke(Unknown Source)
	at org.testng.internal.MethodInvocationHelper.invokeMethod(MethodInvocationHelper.java:108)
	at org.testng.internal.Invoker.invokeMethod(Invoker.java:669)
	at org.testng.internal.Invoker.invokeTestMethod(Invoker.java:877)
	at org.testng.internal.Invoker.invokeTestMethods(Invoker.java:1201)
	at org.testng.internal.TestMethodWorker.invokeTestMethods(TestMethodWorker.java:125)
	at org.testng.internal.TestMethodWorker.run(TestMethodWorker.java:109)
	at java.util.concurrent.ThreadPoolExecutor.runWorker(Unknown Source)
	at java.util.concurrent.ThreadPoolExecutor$Worker.run(Unknown Source)
	at java.lang.Thread.run(Unknown Source)
Caused by: org.openqa.selenium.NoSuchElementException: Cannot locate an element using By.xpath: //*[@id='skMob_productListContainerId']/div[1]/div[2]/div[3]/div[2]
For documentation on this error, please visit: http://seleniumhq.org/exceptions/no_such_element.html
Build info: version: '3.2.0', revision: '8c03df6b79', time: '2017-02-23 10:51:31 +0000'
System info: host: 'DESKTOP-AQOISD1', ip: '192.168.234.84', os.name: 'Windows 10', os.arch: 'amd64', os.version: '10.0', java.version: '1.8.0_112'
Driver info: driver.version: unknown
	at org.openqa.selenium.support.ui.ExpectedConditions.lambda$findElement$0(ExpectedConditions.java:882)
	at java.util.Optional.orElseThrow(Unknown Source)
	at org.openqa.selenium.support.ui.ExpectedConditions.findElement(ExpectedConditions.java:881)
	at org.openqa.selenium.support.ui.ExpectedConditions.access$000(ExpectedConditions.java:43)
	at org.openqa.selenium.support.ui.ExpectedConditions$7.apply(ExpectedConditions.java:205)
	at org.openqa.selenium.support.ui.ExpectedConditions$7.apply(ExpectedConditions.java:201)
	at org.openqa.selenium.support.ui.FluentWait.until(FluentWait.java:208)
	... 16 more
20-03-2018 13:42 ERROR - wait is not present - failed
20-03-2018 13:42 INFO  - wait is displayed - Pass
20-03-2018 13:42 INFO  - scrolled to Menu sub scroll - Pass
20-03-2018 13:42 INFO  - Sub Menu Clicked is clicked - Pass
20-03-2018 13:42 INFO  - PDP Page wait is displayed - Pass
20-03-2018 13:42 INFO  - scrolled to Scrolling - Pass
20-03-2018 13:42 INFO  - Colour Field present is displayed - Pass
20-03-2018 13:42 INFO  - Size field is displayed - Pass
20-03-2018 13:42 INFO  - scrolled to Add To Bag - Pass
20-03-2018 13:42 INFO  - Add To Bag Clicked is clicked - Pass
20-03-2018 13:42 INFO  - PDP Page wait is displayed - Pass
20-03-2018 13:42 INFO  - scrolled to Scrolling - Pass
20-03-2018 13:42 INFO  - Colour Field present is displayed - Pass
20-03-2018 13:42 INFO  - Size field is displayed - Pass
20-03-2018 13:42 ERROR - TimeoutException
org.openqa.selenium.TimeoutException: Expected condition failed: waiting for visibility of element located by By.xpath: //*[@id='skMob_productListContainerId']/div[1]/div[2]/div[3]/div[2] (tried for 5 second(s) with 500 MILLISECONDS interval)
	at org.openqa.selenium.support.ui.WebDriverWait.timeoutException(WebDriverWait.java:82)
	at org.openqa.selenium.support.ui.FluentWait.until(FluentWait.java:231)
	at com.skava.framework.action.SeleniumActionEngine.explicitWaitforVisibility(SeleniumActionEngine.java:183)
	at com.skava.reusable.components.HomePageComponents.menuCategoryValidation(HomePageComponents.java:152)
	at com.skava.testcases.LT_336_BreadCrumb_Validation.LT_336_BreadCrumb_Validation(LT_336_BreadCrumb_Validation.java:27)
	at sun.reflect.NativeMethodAccessorImpl.invoke0(Native Method)
	at sun.reflect.NativeMethodAccessorImpl.invoke(Unknown Source)
	at sun.reflect.DelegatingMethodAccessorImpl.invoke(Unknown Source)
	at java.lang.reflect.Method.invoke(Unknown Source)
	at org.testng.internal.MethodInvocationHelper.invokeMethod(MethodInvocationHelper.java:108)
	at org.testng.internal.Invoker.invokeMethod(Invoker.java:669)
	at org.testng.internal.Invoker.invokeTestMethod(Invoker.java:877)
	at org.testng.internal.Invoker.invokeTestMethods(Invoker.java:1201)
	at org.testng.internal.TestMethodWorker.invokeTestMethods(TestMethodWorker.java:125)
	at org.testng.internal.TestMethodWorker.run(TestMethodWorker.java:109)
	at java.util.concurrent.ThreadPoolExecutor.runWorker(Unknown Source)
	at java.util.concurrent.ThreadPoolExecutor$Worker.run(Unknown Source)
	at java.lang.Thread.run(Unknown Source)
Caused by: org.openqa.selenium.NoSuchElementException: Cannot locate an element using By.xpath: //*[@id='skMob_productListContainerId']/div[1]/div[2]/div[3]/div[2]
For documentation on this error, please visit: http://seleniumhq.org/exceptions/no_such_element.html
Build info: version: '3.2.0', revision: '8c03df6b79', time: '2017-02-23 10:51:31 +0000'
System info: host: 'DESKTOP-AQOISD1', ip: '192.168.234.84', os.name: 'Windows 10', os.arch: 'amd64', os.version: '10.0', java.version: '1.8.0_112'
Driver info: driver.version: unknown
	at org.openqa.selenium.support.ui.ExpectedConditions.lambda$findElement$0(ExpectedConditions.java:882)
	at java.util.Optional.orElseThrow(Unknown Source)
	at org.openqa.selenium.support.ui.ExpectedConditions.findElement(ExpectedConditions.java:881)
	at org.openqa.selenium.support.ui.ExpectedConditions.access$000(ExpectedConditions.java:43)
	at org.openqa.selenium.support.ui.ExpectedConditions$7.apply(ExpectedConditions.java:205)
	at org.openqa.selenium.support.ui.ExpectedConditions$7.apply(ExpectedConditions.java:201)
	at org.openqa.selenium.support.ui.FluentWait.until(FluentWait.java:208)
	... 16 more
20-03-2018 13:42 ERROR - wait is not present - failed
20-03-2018 13:42 INFO  - wait is displayed - Pass
20-03-2018 13:42 INFO  - scrolled to Menu sub cat scroll - Pass
20-03-2018 13:42 INFO  - Sub Menu2 Clicked is clicked - Pass
20-03-2018 13:42 INFO  - Product List Page is displayed - Pass
20-03-2018 13:42 INFO  - Product Image is displayed - Pass
20-03-2018 13:42 INFO  - Product NameList is displayed - Pass
20-03-2018 13:42 INFO  - Product Description is displayed - Pass
20-03-2018 13:42 INFO  - Product Price is displayed - Pass
20-03-2018 13:42 INFO  - Bread Crumb is displayed - Pass
20-03-2018 13:42 INFO  - http://m.lordandtaylor.com/ is opened - Pass
20-03-2018 13:42 INFO  - Click Search is clicked - Pass
20-03-2018 13:42 INFO  - Shirts is entered in Search - Pass
20-03-2018 13:42 INFO  - search/PLP page is displayed - Pass
20-03-2018 13:42 INFO  - Search Count is displayed - Pass
20-03-2018 13:43 INFO  - Success Overlay is displayed - Pass
20-03-2018 13:43 INFO  - Success Overlay is displayed - Pass
20-03-2018 13:43 INFO  - checkout is displayed - Pass
20-03-2018 13:43 INFO  - scrolled to Add To Bag - Pass
20-03-2018 13:43 INFO  - PDP Page wait is displayed - Pass
20-03-2018 13:43 INFO  - Add To Bag Clicked is clicked - Pass
20-03-2018 13:43 INFO  - scrolled to Scrolling - Pass
20-03-2018 13:43 INFO  - Colour Field present is displayed - Pass
20-03-2018 13:43 INFO  - Size field is displayed - Pass
20-03-2018 13:43 INFO  - scrolled to Add To Bag - Pass
20-03-2018 13:43 INFO  - Add To Bag Clicked is clicked - Pass
20-03-2018 13:43 INFO  - Success Overlay is displayed - Pass
20-03-2018 13:43 INFO  - Success Overlay is displayed - Pass
20-03-2018 13:43 INFO  - checkout is displayed - Pass
20-03-2018 13:43 ERROR - TimeoutException
org.openqa.selenium.TimeoutException: Expected condition failed: waiting for visibility of element located by By.xpath: //*[contains(@class,'skMob_productListItemOuterCont')] (tried for 5 second(s) with 500 MILLISECONDS interval)
	at org.openqa.selenium.support.ui.WebDriverWait.timeoutException(WebDriverWait.java:82)
	at org.openqa.selenium.support.ui.FluentWait.until(FluentWait.java:231)
	at com.skava.framework.action.SeleniumActionEngine.explicitWaitforVisibility(SeleniumActionEngine.java:183)
	at com.skava.reusable.components.PLPandPDPComponents.cartSuccess_OverLay(PLPandPDPComponents.java:395)
	at com.skava.testcases.LT_1030_Returning_Customer_GuestCheckout_Validation.LT_1030_Returning_Customer_GuestCheckout_Validation(LT_1030_Returning_Customer_GuestCheckout_Validation.java:31)
	at sun.reflect.NativeMethodAccessorImpl.invoke0(Native Method)
	at sun.reflect.NativeMethodAccessorImpl.invoke(Unknown Source)
	at sun.reflect.DelegatingMethodAccessorImpl.invoke(Unknown Source)
	at java.lang.reflect.Method.invoke(Unknown Source)
	at org.testng.internal.MethodInvocationHelper.invokeMethod(MethodInvocationHelper.java:108)
	at org.testng.internal.Invoker.invokeMethod(Invoker.java:669)
	at org.testng.internal.Invoker.invokeTestMethod(Invoker.java:877)
	at org.testng.internal.Invoker.invokeTestMethods(Invoker.java:1201)
	at org.testng.internal.TestMethodWorker.invokeTestMethods(TestMethodWorker.java:125)
	at org.testng.internal.TestMethodWorker.run(TestMethodWorker.java:109)
	at java.util.concurrent.ThreadPoolExecutor.runWorker(Unknown Source)
	at java.util.concurrent.ThreadPoolExecutor$Worker.run(Unknown Source)
	at java.lang.Thread.run(Unknown Source)
Caused by: org.openqa.selenium.NoSuchElementException: Cannot locate an element using By.xpath: //*[contains(@class,'skMob_productListItemOuterCont')]
For documentation on this error, please visit: http://seleniumhq.org/exceptions/no_such_element.html
Build info: version: '3.2.0', revision: '8c03df6b79', time: '2017-02-23 10:51:31 +0000'
System info: host: 'DESKTOP-AQOISD1', ip: '192.168.234.84', os.name: 'Windows 10', os.arch: 'amd64', os.version: '10.0', java.version: '1.8.0_112'
Driver info: driver.version: unknown
	at org.openqa.selenium.support.ui.ExpectedConditions.lambda$findElement$0(ExpectedConditions.java:882)
	at java.util.Optional.orElseThrow(Unknown Source)
	at org.openqa.selenium.support.ui.ExpectedConditions.findElement(ExpectedConditions.java:881)
	at org.openqa.selenium.support.ui.ExpectedConditions.access$000(ExpectedConditions.java:43)
	at org.openqa.selenium.support.ui.ExpectedConditions$7.apply(ExpectedConditions.java:205)
	at org.openqa.selenium.support.ui.ExpectedConditions$7.apply(ExpectedConditions.java:201)
	at org.openqa.selenium.support.ui.FluentWait.until(FluentWait.java:208)
	... 16 more
20-03-2018 13:43 ERROR - wait is not present - failed
20-03-2018 13:43 ERROR - TimeoutException
org.openqa.selenium.TimeoutException: Expected condition failed: waiting for visibility of element located by By.xpath: //*[contains(@class,'skMob_productListItemOuterCont')] (tried for 5 second(s) with 500 MILLISECONDS interval)
	at org.openqa.selenium.support.ui.WebDriverWait.timeoutException(WebDriverWait.java:82)
	at org.openqa.selenium.support.ui.FluentWait.until(FluentWait.java:231)
	at com.skava.framework.action.SeleniumActionEngine.explicitWaitforVisibility(SeleniumActionEngine.java:183)
	at com.skava.reusable.components.PLPandPDPComponents.cartSuccess_OverLay(PLPandPDPComponents.java:395)
	at com.skava.testcases.LT_1028_Return_Customer_Page_from_Checkout_Validation.LT_1028_Return_Customer_Page_from_Checkout_Validation(LT_1028_Return_Customer_Page_from_Checkout_Validation.java:31)
	at sun.reflect.NativeMethodAccessorImpl.invoke0(Native Method)
	at sun.reflect.NativeMethodAccessorImpl.invoke(Unknown Source)
	at sun.reflect.DelegatingMethodAccessorImpl.invoke(Unknown Source)
	at java.lang.reflect.Method.invoke(Unknown Source)
	at org.testng.internal.MethodInvocationHelper.invokeMethod(MethodInvocationHelper.java:108)
	at org.testng.internal.Invoker.invokeMethod(Invoker.java:669)
	at org.testng.internal.Invoker.invokeTestMethod(Invoker.java:877)
	at org.testng.internal.Invoker.invokeTestMethods(Invoker.java:1201)
	at org.testng.internal.TestMethodWorker.invokeTestMethods(TestMethodWorker.java:125)
	at org.testng.internal.TestMethodWorker.run(TestMethodWorker.java:109)
	at java.util.concurrent.ThreadPoolExecutor.runWorker(Unknown Source)
	at java.util.concurrent.ThreadPoolExecutor$Worker.run(Unknown Source)
	at java.lang.Thread.run(Unknown Source)
Caused by: org.openqa.selenium.NoSuchElementException: Cannot locate an element using By.xpath: //*[contains(@class,'skMob_productListItemOuterCont')]
For documentation on this error, please visit: http://seleniumhq.org/exceptions/no_such_element.html
Build info: version: '3.2.0', revision: '8c03df6b79', time: '2017-02-23 10:51:31 +0000'
System info: host: 'DESKTOP-AQOISD1', ip: '192.168.234.84', os.name: 'Windows 10', os.arch: 'amd64', os.version: '10.0', java.version: '1.8.0_112'
Driver info: driver.version: unknown
	at org.openqa.selenium.support.ui.ExpectedConditions.lambda$findElement$0(ExpectedConditions.java:882)
	at java.util.Optional.orElseThrow(Unknown Source)
	at org.openqa.selenium.support.ui.ExpectedConditions.findElement(ExpectedConditions.java:881)
	at org.openqa.selenium.support.ui.ExpectedConditions.access$000(ExpectedConditions.java:43)
	at org.openqa.selenium.support.ui.ExpectedConditions$7.apply(ExpectedConditions.java:205)
	at org.openqa.selenium.support.ui.ExpectedConditions$7.apply(ExpectedConditions.java:201)
	at org.openqa.selenium.support.ui.FluentWait.until(FluentWait.java:208)
	... 16 more
20-03-2018 13:43 ERROR - wait is not present - failed
20-03-2018 13:43 INFO  - Success Overlay is displayed - Pass
20-03-2018 13:43 INFO  - Success Overlay is displayed - Pass
20-03-2018 13:43 INFO  - checkout is displayed - Pass
20-03-2018 13:43 ERROR - TimeoutException
org.openqa.selenium.TimeoutException: Expected condition failed: waiting for visibility of element located by By.xpath: //*[contains(@class,'skMob_productListItemOuterCont')] (tried for 5 second(s) with 500 MILLISECONDS interval)
	at org.openqa.selenium.support.ui.WebDriverWait.timeoutException(WebDriverWait.java:82)
	at org.openqa.selenium.support.ui.FluentWait.until(FluentWait.java:231)
	at com.skava.framework.action.SeleniumActionEngine.explicitWaitforVisibility(SeleniumActionEngine.java:183)
	at com.skava.reusable.components.PLPandPDPComponents.cartSuccess_OverLay(PLPandPDPComponents.java:395)
	at com.skava.testcases.LT_1044_Guest_Checkout_Validation.LT_1044_Guest_Checkout_Validation(LT_1044_Guest_Checkout_Validation.java:31)
	at sun.reflect.NativeMethodAccessorImpl.invoke0(Native Method)
	at sun.reflect.NativeMethodAccessorImpl.invoke(Unknown Source)
	at sun.reflect.DelegatingMethodAccessorImpl.invoke(Unknown Source)
	at java.lang.reflect.Method.invoke(Unknown Source)
	at org.testng.internal.MethodInvocationHelper.invokeMethod(MethodInvocationHelper.java:108)
	at org.testng.internal.Invoker.invokeMethod(Invoker.java:669)
	at org.testng.internal.Invoker.invokeTestMethod(Invoker.java:877)
	at org.testng.internal.Invoker.invokeTestMethods(Invoker.java:1201)
	at org.testng.internal.TestMethodWorker.invokeTestMethods(TestMethodWorker.java:125)
	at org.testng.internal.TestMethodWorker.run(TestMethodWorker.java:109)
	at java.util.concurrent.ThreadPoolExecutor.runWorker(Unknown Source)
	at java.util.concurrent.ThreadPoolExecutor$Worker.run(Unknown Source)
	at java.lang.Thread.run(Unknown Source)
Caused by: org.openqa.selenium.NoSuchElementException: Cannot locate an element using By.xpath: //*[contains(@class,'skMob_productListItemOuterCont')]
For documentation on this error, please visit: http://seleniumhq.org/exceptions/no_such_element.html
Build info: version: '3.2.0', revision: '8c03df6b79', time: '2017-02-23 10:51:31 +0000'
System info: host: 'DESKTOP-AQOISD1', ip: '192.168.234.84', os.name: 'Windows 10', os.arch: 'amd64', os.version: '10.0', java.version: '1.8.0_112'
Driver info: driver.version: unknown
	at org.openqa.selenium.support.ui.ExpectedConditions.lambda$findElement$0(ExpectedConditions.java:882)
	at java.util.Optional.orElseThrow(Unknown Source)
	at org.openqa.selenium.support.ui.ExpectedConditions.findElement(ExpectedConditions.java:881)
	at org.openqa.selenium.support.ui.ExpectedConditions.access$000(ExpectedConditions.java:43)
	at org.openqa.selenium.support.ui.ExpectedConditions$7.apply(ExpectedConditions.java:205)
	at org.openqa.selenium.support.ui.ExpectedConditions$7.apply(ExpectedConditions.java:201)
	at org.openqa.selenium.support.ui.FluentWait.until(FluentWait.java:208)
	... 16 more
20-03-2018 13:43 ERROR - wait is not present - failed
20-03-2018 13:43 INFO  - Checkout click is clicked - Pass
20-03-2018 13:43 INFO  - Cart Opened is displayed - Pass
20-03-2018 13:43 INFO  - Product Added to Cart is displayed - Pass
20-03-2018 13:43 INFO  - Wait is displayed - Pass
20-03-2018 13:43 INFO  - scrolled to scroll to checkout - Pass
20-03-2018 13:43 INFO  - Click Checkout is clicked - Pass
20-03-2018 13:43 INFO  - Guest Checkout is displayed - Pass
20-03-2018 13:43 INFO  - User Sign IN is displayed - Pass
20-03-2018 13:43 INFO  - Checkout click is clicked - Pass
20-03-2018 13:43 INFO  - Cart Opened is displayed - Pass
20-03-2018 13:43 INFO  - Product Added to Cart is displayed - Pass
20-03-2018 13:43 INFO  - Wait is displayed - Pass
20-03-2018 13:43 INFO  - scrolled to scroll to checkout - Pass
20-03-2018 13:43 INFO  - Click Checkout is clicked - Pass
20-03-2018 13:43 INFO  - Guest Checkout is displayed - Pass
20-03-2018 13:43 INFO  - User Sign IN is displayed - Pass
20-03-2018 13:43 INFO  - http://m.lordandtaylor.com/ is opened - Pass
20-03-2018 13:43 INFO  - http://m.lordandtaylor.com/ is opened - Pass
20-03-2018 13:43 INFO  - Wait to get site Loaded is displayed - Pass
20-03-2018 13:43 INFO  - Click Search is clicked - Pass
20-03-2018 13:43 INFO  - Click Menu is clicked - Pass
20-03-2018 13:43 INFO  - Shirts is entered in Search - Pass
20-03-2018 13:43 INFO  - search/PLP page is displayed - Pass
20-03-2018 13:43 INFO  - Search Count is displayed - Pass
20-03-2018 13:43 INFO  - PDP Page wait is displayed - Pass
20-03-2018 13:43 INFO  - scrolled to Scrolling - Pass
20-03-2018 13:43 INFO  - Colour Field present is displayed - Pass
20-03-2018 13:43 INFO  - Size field is displayed - Pass
20-03-2018 13:43 INFO  - scrolled to Add To Bag - Pass
20-03-2018 13:43 INFO  - Add To Bag Clicked is clicked - Pass
20-03-2018 13:44 INFO  - Enetered Login is clicked - Pass
20-03-2018 13:44 INFO  - Email is entered in the field - Pass
20-03-2018 13:44 INFO  - Spider@123 is entered in Password - Pass
20-03-2018 13:44 INFO  - My Account page displayed is displayed - Pass
20-03-2018 13:44 INFO  - PDP overlay is displayed - Pass
20-03-2018 13:44 INFO  - Success Overlay is displayed - Pass
20-03-2018 13:44 INFO  - Success Overlay is displayed - Pass
20-03-2018 13:44 INFO  - checkout is displayed - Pass
20-03-2018 13:44 ERROR - TimeoutException
org.openqa.selenium.TimeoutException: Expected condition failed: waiting for visibility of element located by By.xpath: //*[contains(@class,'skMob_productListItemOuterCont')] (tried for 5 second(s) with 500 MILLISECONDS interval)
	at org.openqa.selenium.support.ui.WebDriverWait.timeoutException(WebDriverWait.java:82)
	at org.openqa.selenium.support.ui.FluentWait.until(FluentWait.java:231)
	at com.skava.framework.action.SeleniumActionEngine.explicitWaitforVisibility(SeleniumActionEngine.java:183)
	at com.skava.reusable.components.PLPandPDPComponents.cartSuccess_OverLay(PLPandPDPComponents.java:395)
	at com.skava.testcases.LT_1053_GuestCheckout_Shipping.LT_1053_Guest_Checkout_Ship(LT_1053_GuestCheckout_Shipping.java:31)
	at sun.reflect.NativeMethodAccessorImpl.invoke0(Native Method)
	at sun.reflect.NativeMethodAccessorImpl.invoke(Unknown Source)
	at sun.reflect.DelegatingMethodAccessorImpl.invoke(Unknown Source)
	at java.lang.reflect.Method.invoke(Unknown Source)
	at org.testng.internal.MethodInvocationHelper.invokeMethod(MethodInvocationHelper.java:108)
	at org.testng.internal.Invoker.invokeMethod(Invoker.java:669)
	at org.testng.internal.Invoker.invokeTestMethod(Invoker.java:877)
	at org.testng.internal.Invoker.invokeTestMethods(Invoker.java:1201)
	at org.testng.internal.TestMethodWorker.invokeTestMethods(TestMethodWorker.java:125)
	at org.testng.internal.TestMethodWorker.run(TestMethodWorker.java:109)
	at java.util.concurrent.ThreadPoolExecutor.runWorker(Unknown Source)
	at java.util.concurrent.ThreadPoolExecutor$Worker.run(Unknown Source)
	at java.lang.Thread.run(Unknown Source)
Caused by: org.openqa.selenium.NoSuchElementException: Cannot locate an element using By.xpath: //*[contains(@class,'skMob_productListItemOuterCont')]
For documentation on this error, please visit: http://seleniumhq.org/exceptions/no_such_element.html
Build info: version: '3.2.0', revision: '8c03df6b79', time: '2017-02-23 10:51:31 +0000'
System info: host: 'DESKTOP-AQOISD1', ip: '192.168.234.84', os.name: 'Windows 10', os.arch: 'amd64', os.version: '10.0', java.version: '1.8.0_112'
Driver info: driver.version: unknown
	at org.openqa.selenium.support.ui.ExpectedConditions.lambda$findElement$0(ExpectedConditions.java:882)
	at java.util.Optional.orElseThrow(Unknown Source)
	at org.openqa.selenium.support.ui.ExpectedConditions.findElement(ExpectedConditions.java:881)
	at org.openqa.selenium.support.ui.ExpectedConditions.access$000(ExpectedConditions.java:43)
	at org.openqa.selenium.support.ui.ExpectedConditions$7.apply(ExpectedConditions.java:205)
	at org.openqa.selenium.support.ui.ExpectedConditions$7.apply(ExpectedConditions.java:201)
	at org.openqa.selenium.support.ui.FluentWait.until(FluentWait.java:208)
	... 16 more
20-03-2018 13:44 ERROR - wait is not present - failed
20-03-2018 13:44 INFO  - Click Cart is clicked - Pass
20-03-2018 13:44 INFO  - Cart Opened is displayed - Pass
20-03-2018 13:44 INFO  - Product Added to Cart is displayed - Pass
20-03-2018 13:44 INFO  - scrolled to BackToUSShipping - Pass
20-03-2018 13:44 INFO  - Checkout click is clicked - Pass
20-03-2018 13:44 INFO  - IS Cart page products is displayed is displayed - Pass
20-03-2018 13:44 INFO  - Is Cart page Displayed is displayed - Pass
20-03-2018 13:44 INFO  - Wait is displayed - Pass
20-03-2018 13:44 INFO  - scrolled to scroll to checkout - Pass
20-03-2018 13:44 INFO  - Click Checkout is clicked - Pass
20-03-2018 13:44 INFO  - Guest Checkout is displayed - Pass
20-03-2018 13:44 INFO  - scrolled to Guest Checkout - Pass
20-03-2018 13:44 INFO  - Guest Checkout is clicked - Pass
20-03-2018 13:44 INFO  - BackToUSShipping is clicked - Pass
20-03-2018 13:44 INFO  - Wait is displayed - Pass
20-03-2018 13:44 INFO  - scrolled to scroll to checkout - Pass
20-03-2018 13:44 INFO  - Guest checkout shipping screen is displayed on tapping guest chekout button is displayed - Pass
20-03-2018 13:44 INFO  - Click Checkout is clicked - Pass
20-03-2018 13:44 INFO  - Review Order Page is displayed - Pass
20-03-2018 13:44 INFO  - Billing Addrs field in Review Order Page is displayed - Pass
20-03-2018 13:44 INFO  - Payment field in Review Order Page is displayed - Pass
20-03-2018 13:44 INFO  - scrolled to Scrolling - Pass
20-03-2018 13:44 INFO  - Shipping Addrs field in Review Order Page is displayed - Pass
20-03-2018 13:44 INFO  - Order Summary field in Review Order Page is displayed - Pass
20-03-2018 13:44 INFO  - Place Order is displayed - Pass
20-03-2018 13:44 INFO  - http://m.lordandtaylor.com/ is opened - Pass
20-03-2018 13:44 INFO  - Click Search is clicked - Pass
20-03-2018 13:44 INFO  - denims is entered in Search - Pass
20-03-2018 13:44 INFO  - http://m.lordandtaylor.com/ is opened - Pass
20-03-2018 13:44 INFO  - Click Search is clicked - Pass
20-03-2018 13:44 INFO  - pants is entered in Search - Pass
20-03-2018 13:45 INFO  - search/PLP page is displayed - Pass
20-03-2018 13:45 INFO  - Search Count is displayed - Pass
20-03-2018 13:45 INFO  - search/PLP page is displayed - Pass
20-03-2018 13:45 INFO  - Search Count is displayed - Pass
20-03-2018 13:45 INFO  - PDP Page wait is displayed - Pass
20-03-2018 13:45 INFO  - scrolled to Scrolling - Pass
20-03-2018 13:45 INFO  - Colour Field present is displayed - Pass
20-03-2018 13:45 INFO  - Size field is displayed - Pass
20-03-2018 13:45 INFO  - scrolled to Add To Bag - Pass
20-03-2018 13:45 INFO  - Add To Bag Clicked is clicked - Pass
20-03-2018 13:45 INFO  - PDP Page wait is displayed - Pass
20-03-2018 13:45 INFO  - scrolled to Scrolling - Pass
20-03-2018 13:45 INFO  - Colour Field present is displayed - Pass
20-03-2018 13:45 INFO  - Size field is displayed - Pass
20-03-2018 13:45 INFO  - PDP overlay is displayed - Pass
20-03-2018 13:45 INFO  - scrolled to Add To Bag - Pass
20-03-2018 13:45 INFO  - Add To Bag Clicked is clicked - Pass
20-03-2018 13:45 INFO  - Success Overlay is displayed - Pass
20-03-2018 13:45 INFO  - Success Overlay is displayed - Pass
20-03-2018 13:45 INFO  - checkout is displayed - Pass
20-03-2018 13:45 INFO  - PDP overlay is displayed - Pass
20-03-2018 13:45 INFO  - Success Overlay is displayed - Pass
20-03-2018 13:45 INFO  - Success Overlay is displayed - Pass
20-03-2018 13:45 INFO  - checkout is displayed - Pass
20-03-2018 13:45 ERROR - TimeoutException
org.openqa.selenium.TimeoutException: Expected condition failed: waiting for visibility of element located by By.xpath: //*[contains(@class,'skMob_productListItemOuterCont')] (tried for 5 second(s) with 500 MILLISECONDS interval)
	at org.openqa.selenium.support.ui.WebDriverWait.timeoutException(WebDriverWait.java:82)
	at org.openqa.selenium.support.ui.FluentWait.until(FluentWait.java:231)
	at com.skava.framework.action.SeleniumActionEngine.explicitWaitforVisibility(SeleniumActionEngine.java:183)
	at com.skava.reusable.components.PLPandPDPComponents.cartSuccess_OverLay(PLPandPDPComponents.java:395)
	at com.skava.testcases.LT_1081_GuestCheckout_AddShipping.LT_1081_GuestCheckout_Add_Shipping(LT_1081_GuestCheckout_AddShipping.java:31)
	at sun.reflect.NativeMethodAccessorImpl.invoke0(Native Method)
	at sun.reflect.NativeMethodAccessorImpl.invoke(Unknown Source)
	at sun.reflect.DelegatingMethodAccessorImpl.invoke(Unknown Source)
	at java.lang.reflect.Method.invoke(Unknown Source)
	at org.testng.internal.MethodInvocationHelper.invokeMethod(MethodInvocationHelper.java:108)
	at org.testng.internal.Invoker.invokeMethod(Invoker.java:669)
	at org.testng.internal.Invoker.invokeTestMethod(Invoker.java:877)
	at org.testng.internal.Invoker.invokeTestMethods(Invoker.java:1201)
	at org.testng.internal.TestMethodWorker.invokeTestMethods(TestMethodWorker.java:125)
	at org.testng.internal.TestMethodWorker.run(TestMethodWorker.java:109)
	at java.util.concurrent.ThreadPoolExecutor.runWorker(Unknown Source)
	at java.util.concurrent.ThreadPoolExecutor$Worker.run(Unknown Source)
	at java.lang.Thread.run(Unknown Source)
Caused by: org.openqa.selenium.NoSuchElementException: Cannot locate an element using By.xpath: //*[contains(@class,'skMob_productListItemOuterCont')]
For documentation on this error, please visit: http://seleniumhq.org/exceptions/no_such_element.html
Build info: version: '3.2.0', revision: '8c03df6b79', time: '2017-02-23 10:51:31 +0000'
System info: host: 'DESKTOP-AQOISD1', ip: '192.168.234.84', os.name: 'Windows 10', os.arch: 'amd64', os.version: '10.0', java.version: '1.8.0_112'
Driver info: driver.version: unknown
	at org.openqa.selenium.support.ui.ExpectedConditions.lambda$findElement$0(ExpectedConditions.java:882)
	at java.util.Optional.orElseThrow(Unknown Source)
	at org.openqa.selenium.support.ui.ExpectedConditions.findElement(ExpectedConditions.java:881)
	at org.openqa.selenium.support.ui.ExpectedConditions.access$000(ExpectedConditions.java:43)
	at org.openqa.selenium.support.ui.ExpectedConditions$7.apply(ExpectedConditions.java:205)
	at org.openqa.selenium.support.ui.ExpectedConditions$7.apply(ExpectedConditions.java:201)
	at org.openqa.selenium.support.ui.FluentWait.until(FluentWait.java:208)
	... 16 more
20-03-2018 13:45 ERROR - wait is not present - failed
20-03-2018 13:45 ERROR - TimeoutException
org.openqa.selenium.TimeoutException: Expected condition failed: waiting for visibility of element located by By.xpath: //*[contains(@class,'skMob_productListItemOuterCont')] (tried for 5 second(s) with 500 MILLISECONDS interval)
	at org.openqa.selenium.support.ui.WebDriverWait.timeoutException(WebDriverWait.java:82)
	at org.openqa.selenium.support.ui.FluentWait.until(FluentWait.java:231)
	at com.skava.framework.action.SeleniumActionEngine.explicitWaitforVisibility(SeleniumActionEngine.java:183)
	at com.skava.reusable.components.PLPandPDPComponents.cartSuccess_OverLay(PLPandPDPComponents.java:395)
	at com.skava.testcases.LT_1083_Payment_Page_Guest_Validation.LT_1083_Payment_Page_Guest_Validation(LT_1083_Payment_Page_Guest_Validation.java:33)
	at sun.reflect.NativeMethodAccessorImpl.invoke0(Native Method)
	at sun.reflect.NativeMethodAccessorImpl.invoke(Unknown Source)
	at sun.reflect.DelegatingMethodAccessorImpl.invoke(Unknown Source)
	at java.lang.reflect.Method.invoke(Unknown Source)
	at org.testng.internal.MethodInvocationHelper.invokeMethod(MethodInvocationHelper.java:108)
	at org.testng.internal.Invoker.invokeMethod(Invoker.java:669)
	at org.testng.internal.Invoker.invokeTestMethod(Invoker.java:877)
	at org.testng.internal.Invoker.invokeTestMethods(Invoker.java:1201)
	at org.testng.internal.TestMethodWorker.invokeTestMethods(TestMethodWorker.java:125)
	at org.testng.internal.TestMethodWorker.run(TestMethodWorker.java:109)
	at java.util.concurrent.ThreadPoolExecutor.runWorker(Unknown Source)
	at java.util.concurrent.ThreadPoolExecutor$Worker.run(Unknown Source)
	at java.lang.Thread.run(Unknown Source)
Caused by: org.openqa.selenium.NoSuchElementException: Cannot locate an element using By.xpath: //*[contains(@class,'skMob_productListItemOuterCont')]
For documentation on this error, please visit: http://seleniumhq.org/exceptions/no_such_element.html
Build info: version: '3.2.0', revision: '8c03df6b79', time: '2017-02-23 10:51:31 +0000'
System info: host: 'DESKTOP-AQOISD1', ip: '192.168.234.84', os.name: 'Windows 10', os.arch: 'amd64', os.version: '10.0', java.version: '1.8.0_112'
Driver info: driver.version: unknown
	at org.openqa.selenium.support.ui.ExpectedConditions.lambda$findElement$0(ExpectedConditions.java:882)
	at java.util.Optional.orElseThrow(Unknown Source)
	at org.openqa.selenium.support.ui.ExpectedConditions.findElement(ExpectedConditions.java:881)
	at org.openqa.selenium.support.ui.ExpectedConditions.access$000(ExpectedConditions.java:43)
	at org.openqa.selenium.support.ui.ExpectedConditions$7.apply(ExpectedConditions.java:205)
	at org.openqa.selenium.support.ui.ExpectedConditions$7.apply(ExpectedConditions.java:201)
	at org.openqa.selenium.support.ui.FluentWait.until(FluentWait.java:208)
	... 16 more
20-03-2018 13:45 ERROR - wait is not present - failed
20-03-2018 13:45 INFO  - Checkout click is clicked - Pass
20-03-2018 13:45 INFO  - IS Cart page products is displayed is displayed - Pass
20-03-2018 13:45 INFO  - Is Cart page Displayed is displayed - Pass
20-03-2018 13:45 INFO  - Wait is displayed - Pass
20-03-2018 13:45 INFO  - scrolled to scroll to checkout - Pass
20-03-2018 13:45 INFO  - Click Checkout is clicked - Pass
20-03-2018 13:45 INFO  - Guest Checkout is displayed - Pass
20-03-2018 13:45 INFO  - scrolled to Guest Checkout - Pass
20-03-2018 13:45 INFO  - Guest Checkout is clicked - Pass
20-03-2018 13:45 INFO  - Checkout click is clicked - Pass
20-03-2018 13:45 INFO  - IS Cart page products is displayed is displayed - Pass
20-03-2018 13:45 INFO  - Is Cart page Displayed is displayed - Pass
20-03-2018 13:45 INFO  - Wait is displayed - Pass
20-03-2018 13:45 INFO  - scrolled to scroll to checkout - Pass
20-03-2018 13:45 INFO  - Click Checkout is clicked - Pass
20-03-2018 13:45 INFO  - Guest Checkout is displayed - Pass
20-03-2018 13:45 INFO  - scrolled to Guest Checkout - Pass
20-03-2018 13:45 INFO  - Guest Checkout is clicked - Pass
20-03-2018 13:45 INFO  - Guest checkout shipping screen is displayed on tapping guest chekout button is displayed - Pass
20-03-2018 13:45 INFO  - FirstName is entered in the field - Pass
20-03-2018 13:45 INFO  - SecondName is entered in the field - Pass
20-03-2018 13:45 INFO  - Address 1 is entered in the field - Pass
20-03-2018 13:45 INFO  - Address 2 is entered in the field - Pass
20-03-2018 13:45 INFO  - City is entered in the field - Pass
20-03-2018 13:45 INFO  - scrolled to Scrolling - Pass
20-03-2018 13:45 INFO  - Postal Code is entered in the field - Pass
20-03-2018 13:45 INFO  - Untick default billing option is clicked - Pass
20-03-2018 13:45 INFO  - PhoneNumber is entered in the field - Pass
20-03-2018 13:45 INFO  - Guest checkout shipping screen is displayed on tapping guest chekout button is displayed - Pass
20-03-2018 13:45 INFO  - Mail Address is entered in the field - Pass
20-03-2018 13:45 INFO  - Is Continue Checkout Button displayed is displayed - Pass
20-03-2018 13:45 INFO  - scrolled to Scroll to Continue Checkout Button - Pass
20-03-2018 13:45 INFO  - FirstName is entered in the field - Pass
20-03-2018 13:45 INFO  - SecondName is entered in the field - Pass
20-03-2018 13:45 INFO  - Address 1 is entered in the field - Pass
20-03-2018 13:45 INFO  - Address 2 is entered in the field - Pass
20-03-2018 13:45 INFO  - Click Continue checkout button is clicked - Pass
20-03-2018 13:45 INFO  - City is entered in the field - Pass
20-03-2018 13:45 INFO  - scrolled to Scrolling - Pass
20-03-2018 13:45 INFO  - Postal Code is entered in the field - Pass
20-03-2018 13:45 INFO  - PhoneNumber is entered in the field - Pass
20-03-2018 13:45 INFO  - Mail Address is entered in the field - Pass
20-03-2018 13:45 INFO  - Is Continue Checkout Button displayed is displayed - Pass
20-03-2018 13:45 INFO  - scrolled to Scroll to Continue Checkout Button - Pass
20-03-2018 13:45 INFO  - Click Continue checkout button is clicked - Pass
20-03-2018 13:46 INFO  - Address Verification is displayed - Pass
20-03-2018 13:46 INFO  - scrolled to Clicked use as entered in address verification overlay - Pass
20-03-2018 13:46 INFO  - Address Verification is displayed - Pass
20-03-2018 13:46 INFO  - scrolled to Clicked use as entered in address verification overlay - Pass
20-03-2018 13:46 ERROR - TimeoutException
org.openqa.selenium.TimeoutException: Expected condition failed: waiting for visibility of element located by By.id: pdpAddtoBagBtn (tried for 10 second(s) with 500 MILLISECONDS interval)
	at org.openqa.selenium.support.ui.WebDriverWait.timeoutException(WebDriverWait.java:82)
	at org.openqa.selenium.support.ui.FluentWait.until(FluentWait.java:231)
	at com.skava.framework.action.SeleniumActionEngine.explicitWaitforVisibility(SeleniumActionEngine.java:183)
	at com.skava.framework.action.SeleniumActionEngine.isElementDisplayed(SeleniumActionEngine.java:201)
	at com.skava.reusable.components.CheckoutComponents.addressVerification(CheckoutComponents.java:115)
	at com.skava.testcases.LT_1083_Payment_Page_Guest_Validation.LT_1083_Payment_Page_Guest_Validation(LT_1083_Payment_Page_Guest_Validation.java:41)
	at sun.reflect.NativeMethodAccessorImpl.invoke0(Native Method)
	at sun.reflect.NativeMethodAccessorImpl.invoke(Unknown Source)
	at sun.reflect.DelegatingMethodAccessorImpl.invoke(Unknown Source)
	at java.lang.reflect.Method.invoke(Unknown Source)
	at org.testng.internal.MethodInvocationHelper.invokeMethod(MethodInvocationHelper.java:108)
	at org.testng.internal.Invoker.invokeMethod(Invoker.java:669)
	at org.testng.internal.Invoker.invokeTestMethod(Invoker.java:877)
	at org.testng.internal.Invoker.invokeTestMethods(Invoker.java:1201)
	at org.testng.internal.TestMethodWorker.invokeTestMethods(TestMethodWorker.java:125)
	at org.testng.internal.TestMethodWorker.run(TestMethodWorker.java:109)
	at java.util.concurrent.ThreadPoolExecutor.runWorker(Unknown Source)
	at java.util.concurrent.ThreadPoolExecutor$Worker.run(Unknown Source)
	at java.lang.Thread.run(Unknown Source)
Caused by: org.openqa.selenium.NoSuchElementException: Cannot locate an element using By.id: pdpAddtoBagBtn
For documentation on this error, please visit: http://seleniumhq.org/exceptions/no_such_element.html
Build info: version: '3.2.0', revision: '8c03df6b79', time: '2017-02-23 10:51:31 +0000'
System info: host: 'DESKTOP-AQOISD1', ip: '192.168.234.84', os.name: 'Windows 10', os.arch: 'amd64', os.version: '10.0', java.version: '1.8.0_112'
Driver info: driver.version: unknown
	at org.openqa.selenium.support.ui.ExpectedConditions.lambda$findElement$0(ExpectedConditions.java:882)
	at java.util.Optional.orElseThrow(Unknown Source)
	at org.openqa.selenium.support.ui.ExpectedConditions.findElement(ExpectedConditions.java:881)
	at org.openqa.selenium.support.ui.ExpectedConditions.access$000(ExpectedConditions.java:43)
	at org.openqa.selenium.support.ui.ExpectedConditions$7.apply(ExpectedConditions.java:205)
	at org.openqa.selenium.support.ui.ExpectedConditions$7.apply(ExpectedConditions.java:201)
	at org.openqa.selenium.support.ui.FluentWait.until(FluentWait.java:208)
	... 17 more
20-03-2018 13:46 ERROR - wait is not present - failed
20-03-2018 13:46 INFO  - Clicked OK is displayed - Pass
20-03-2018 13:46 INFO  - Clicked OK is clicked - Pass
20-03-2018 13:46 ERROR - TimeoutException
org.openqa.selenium.TimeoutException: Expected condition failed: waiting for visibility of element located by By.id: pdpAddtoBagBtn (tried for 10 second(s) with 500 MILLISECONDS interval)
	at org.openqa.selenium.support.ui.WebDriverWait.timeoutException(WebDriverWait.java:82)
	at org.openqa.selenium.support.ui.FluentWait.until(FluentWait.java:231)
	at com.skava.framework.action.SeleniumActionEngine.explicitWaitforVisibility(SeleniumActionEngine.java:183)
	at com.skava.framework.action.SeleniumActionEngine.isElementDisplayed(SeleniumActionEngine.java:201)
	at com.skava.reusable.components.CheckoutComponents.addressVerification(CheckoutComponents.java:115)
	at com.skava.testcases.LT_1081_GuestCheckout_AddShipping.LT_1081_GuestCheckout_Add_Shipping(LT_1081_GuestCheckout_AddShipping.java:39)
	at sun.reflect.NativeMethodAccessorImpl.invoke0(Native Method)
	at sun.reflect.NativeMethodAccessorImpl.invoke(Unknown Source)
	at sun.reflect.DelegatingMethodAccessorImpl.invoke(Unknown Source)
	at java.lang.reflect.Method.invoke(Unknown Source)
	at org.testng.internal.MethodInvocationHelper.invokeMethod(MethodInvocationHelper.java:108)
	at org.testng.internal.Invoker.invokeMethod(Invoker.java:669)
	at org.testng.internal.Invoker.invokeTestMethod(Invoker.java:877)
	at org.testng.internal.Invoker.invokeTestMethods(Invoker.java:1201)
	at org.testng.internal.TestMethodWorker.invokeTestMethods(TestMethodWorker.java:125)
	at org.testng.internal.TestMethodWorker.run(TestMethodWorker.java:109)
	at java.util.concurrent.ThreadPoolExecutor.runWorker(Unknown Source)
	at java.util.concurrent.ThreadPoolExecutor$Worker.run(Unknown Source)
	at java.lang.Thread.run(Unknown Source)
Caused by: org.openqa.selenium.NoSuchElementException: Cannot locate an element using By.id: pdpAddtoBagBtn
For documentation on this error, please visit: http://seleniumhq.org/exceptions/no_such_element.html
Build info: version: '3.2.0', revision: '8c03df6b79', time: '2017-02-23 10:51:31 +0000'
System info: host: 'DESKTOP-AQOISD1', ip: '192.168.234.84', os.name: 'Windows 10', os.arch: 'amd64', os.version: '10.0', java.version: '1.8.0_112'
Driver info: driver.version: unknown
	at org.openqa.selenium.support.ui.ExpectedConditions.lambda$findElement$0(ExpectedConditions.java:882)
	at java.util.Optional.orElseThrow(Unknown Source)
	at org.openqa.selenium.support.ui.ExpectedConditions.findElement(ExpectedConditions.java:881)
	at org.openqa.selenium.support.ui.ExpectedConditions.access$000(ExpectedConditions.java:43)
	at org.openqa.selenium.support.ui.ExpectedConditions$7.apply(ExpectedConditions.java:205)
	at org.openqa.selenium.support.ui.ExpectedConditions$7.apply(ExpectedConditions.java:201)
	at org.openqa.selenium.support.ui.FluentWait.until(FluentWait.java:208)
	... 17 more
20-03-2018 13:46 ERROR - wait is not present - failed
20-03-2018 13:46 INFO  - Clicked OK is displayed - Pass
20-03-2018 13:46 INFO  - Clicked OK is clicked - Pass
20-03-2018 13:46 INFO  - Place Order Page is displayed - Pass
20-03-2018 13:46 INFO  - http://m.lordandtaylor.com/ is opened - Pass
20-03-2018 13:46 INFO  - Click Search is clicked - Pass
20-03-2018 13:46 INFO  - dress is entered in Search - Pass
20-03-2018 13:46 INFO  - http://m.lordandtaylor.com/ is opened - Pass
20-03-2018 13:46 INFO  - Click Search is clicked - Pass
20-03-2018 13:46 INFO  - shoes is entered in Search - Pass
20-03-2018 13:46 INFO  - search/PLP page is displayed - Pass
20-03-2018 13:46 INFO  - Search Count is displayed - Pass
20-03-2018 13:46 INFO  - search/PLP page is displayed - Pass
20-03-2018 13:46 INFO  - Search Count is displayed - Pass
20-03-2018 13:46 INFO  - PDP Page wait is displayed - Pass
20-03-2018 13:46 INFO  - scrolled to Scrolling - Pass
20-03-2018 13:46 INFO  - Colour Field present is displayed - Pass
20-03-2018 13:46 INFO  - Size field is displayed - Pass
20-03-2018 13:46 INFO  - PDP Page wait is displayed - Pass
20-03-2018 13:46 INFO  - scrolled to Scrolling - Pass
20-03-2018 13:46 INFO  - Colour Field present is displayed - Pass
20-03-2018 13:46 INFO  - Size field is displayed - Pass
20-03-2018 13:46 INFO  - scrolled to Add To Bag - Pass
20-03-2018 13:46 INFO  - Add To Bag Clicked is clicked - Pass
20-03-2018 13:46 INFO  - scrolled to Add To Bag - Pass
20-03-2018 13:46 INFO  - Add To Bag Clicked is clicked - Pass
20-03-2018 13:46 INFO  - PDP overlay is displayed - Pass
20-03-2018 13:46 INFO  - Success Overlay is displayed - Pass
20-03-2018 13:46 INFO  - Success Overlay is displayed - Pass
20-03-2018 13:46 INFO  - checkout is displayed - Pass
20-03-2018 13:47 ERROR - TimeoutException
org.openqa.selenium.TimeoutException: Expected condition failed: waiting for visibility of element located by By.xpath: //*[contains(@class,'skMob_productListItemOuterCont')] (tried for 5 second(s) with 500 MILLISECONDS interval)
	at org.openqa.selenium.support.ui.WebDriverWait.timeoutException(WebDriverWait.java:82)
	at org.openqa.selenium.support.ui.FluentWait.until(FluentWait.java:231)
	at com.skava.framework.action.SeleniumActionEngine.explicitWaitforVisibility(SeleniumActionEngine.java:183)
	at com.skava.reusable.components.PLPandPDPComponents.cartSuccess_OverLay(PLPandPDPComponents.java:395)
	at com.skava.testcases.LT_1235_GuestCheckout_Payment_FiledCheck.LT_1235_GuestCheckout_Payment_FiledCheck(LT_1235_GuestCheckout_Payment_FiledCheck.java:32)
	at sun.reflect.NativeMethodAccessorImpl.invoke0(Native Method)
	at sun.reflect.NativeMethodAccessorImpl.invoke(Unknown Source)
	at sun.reflect.DelegatingMethodAccessorImpl.invoke(Unknown Source)
	at java.lang.reflect.Method.invoke(Unknown Source)
	at org.testng.internal.MethodInvocationHelper.invokeMethod(MethodInvocationHelper.java:108)
	at org.testng.internal.Invoker.invokeMethod(Invoker.java:669)
	at org.testng.internal.Invoker.invokeTestMethod(Invoker.java:877)
	at org.testng.internal.Invoker.invokeTestMethods(Invoker.java:1201)
	at org.testng.internal.TestMethodWorker.invokeTestMethods(TestMethodWorker.java:125)
	at org.testng.internal.TestMethodWorker.run(TestMethodWorker.java:109)
	at java.util.concurrent.ThreadPoolExecutor.runWorker(Unknown Source)
	at java.util.concurrent.ThreadPoolExecutor$Worker.run(Unknown Source)
	at java.lang.Thread.run(Unknown Source)
Caused by: org.openqa.selenium.NoSuchElementException: Cannot locate an element using By.xpath: //*[contains(@class,'skMob_productListItemOuterCont')]
For documentation on this error, please visit: http://seleniumhq.org/exceptions/no_such_element.html
Build info: version: '3.2.0', revision: '8c03df6b79', time: '2017-02-23 10:51:31 +0000'
System info: host: 'DESKTOP-AQOISD1', ip: '192.168.234.84', os.name: 'Windows 10', os.arch: 'amd64', os.version: '10.0', java.version: '1.8.0_112'
Driver info: driver.version: unknown
	at org.openqa.selenium.support.ui.ExpectedConditions.lambda$findElement$0(ExpectedConditions.java:882)
	at java.util.Optional.orElseThrow(Unknown Source)
	at org.openqa.selenium.support.ui.ExpectedConditions.findElement(ExpectedConditions.java:881)
	at org.openqa.selenium.support.ui.ExpectedConditions.access$000(ExpectedConditions.java:43)
	at org.openqa.selenium.support.ui.ExpectedConditions$7.apply(ExpectedConditions.java:205)
	at org.openqa.selenium.support.ui.ExpectedConditions$7.apply(ExpectedConditions.java:201)
	at org.openqa.selenium.support.ui.FluentWait.until(FluentWait.java:208)
	... 16 more
20-03-2018 13:47 ERROR - wait is not present - failed
20-03-2018 13:47 INFO  - Checkout click is clicked - Pass
20-03-2018 13:47 INFO  - IS Cart page products is displayed is displayed - Pass
20-03-2018 13:47 INFO  - Is Cart page Displayed is displayed - Pass
20-03-2018 13:47 INFO  - Wait is displayed - Pass
20-03-2018 13:47 INFO  - scrolled to scroll to checkout - Pass
20-03-2018 13:47 INFO  - Click Checkout is clicked - Pass
20-03-2018 13:47 INFO  - Guest Checkout is displayed - Pass
20-03-2018 13:47 INFO  - scrolled to Guest Checkout - Pass
20-03-2018 13:47 INFO  - Guest Checkout is clicked - Pass
20-03-2018 13:47 INFO  - PDP overlay is displayed - Pass
20-03-2018 13:47 INFO  - Success Overlay is displayed - Pass
20-03-2018 13:47 INFO  - Success Overlay is displayed - Pass
20-03-2018 13:47 INFO  - checkout is displayed - Pass
20-03-2018 13:47 ERROR - TimeoutException
org.openqa.selenium.TimeoutException: Expected condition failed: waiting for visibility of element located by By.xpath: //*[contains(@class,'skMob_productListItemOuterCont')] (tried for 5 second(s) with 500 MILLISECONDS interval)
	at org.openqa.selenium.support.ui.WebDriverWait.timeoutException(WebDriverWait.java:82)
	at org.openqa.selenium.support.ui.FluentWait.until(FluentWait.java:231)
	at com.skava.framework.action.SeleniumActionEngine.explicitWaitforVisibility(SeleniumActionEngine.java:183)
	at com.skava.reusable.components.PLPandPDPComponents.cartSuccess_OverLay(PLPandPDPComponents.java:395)
	at com.skava.testcases.LT_1176_Review_Order_PlaceOrder_Button_Validation.LT_1176_Review_Order_PlaceOrder_Button_Validation(LT_1176_Review_Order_PlaceOrder_Button_Validation.java:32)
	at sun.reflect.NativeMethodAccessorImpl.invoke0(Native Method)
	at sun.reflect.NativeMethodAccessorImpl.invoke(Unknown Source)
	at sun.reflect.DelegatingMethodAccessorImpl.invoke(Unknown Source)
	at java.lang.reflect.Method.invoke(Unknown Source)
	at org.testng.internal.MethodInvocationHelper.invokeMethod(MethodInvocationHelper.java:108)
	at org.testng.internal.Invoker.invokeMethod(Invoker.java:669)
	at org.testng.internal.Invoker.invokeTestMethod(Invoker.java:877)
	at org.testng.internal.Invoker.invokeTestMethods(Invoker.java:1201)
	at org.testng.internal.TestMethodWorker.invokeTestMethods(TestMethodWorker.java:125)
	at org.testng.internal.TestMethodWorker.run(TestMethodWorker.java:109)
	at java.util.concurrent.ThreadPoolExecutor.runWorker(Unknown Source)
	at java.util.concurrent.ThreadPoolExecutor$Worker.run(Unknown Source)
	at java.lang.Thread.run(Unknown Source)
Caused by: org.openqa.selenium.NoSuchElementException: Cannot locate an element using By.xpath: //*[contains(@class,'skMob_productListItemOuterCont')]
For documentation on this error, please visit: http://seleniumhq.org/exceptions/no_such_element.html
Build info: version: '3.2.0', revision: '8c03df6b79', time: '2017-02-23 10:51:31 +0000'
System info: host: 'DESKTOP-AQOISD1', ip: '192.168.234.84', os.name: 'Windows 10', os.arch: 'amd64', os.version: '10.0', java.version: '1.8.0_112'
Driver info: driver.version: unknown
	at org.openqa.selenium.support.ui.ExpectedConditions.lambda$findElement$0(ExpectedConditions.java:882)
	at java.util.Optional.orElseThrow(Unknown Source)
	at org.openqa.selenium.support.ui.ExpectedConditions.findElement(ExpectedConditions.java:881)
	at org.openqa.selenium.support.ui.ExpectedConditions.access$000(ExpectedConditions.java:43)
	at org.openqa.selenium.support.ui.ExpectedConditions$7.apply(ExpectedConditions.java:205)
	at org.openqa.selenium.support.ui.ExpectedConditions$7.apply(ExpectedConditions.java:201)
	at org.openqa.selenium.support.ui.FluentWait.until(FluentWait.java:208)
	... 16 more
20-03-2018 13:47 ERROR - wait is not present - failed
20-03-2018 13:47 INFO  - Guest checkout shipping screen is displayed on tapping guest chekout button is displayed - Pass
20-03-2018 13:47 INFO  - FirstName is entered in the field - Pass
20-03-2018 13:47 INFO  - SecondName is entered in the field - Pass
20-03-2018 13:47 INFO  - Address 1 is entered in the field - Pass
20-03-2018 13:47 INFO  - Address 2 is entered in the field - Pass
20-03-2018 13:47 INFO  - City is entered in the field - Pass
20-03-2018 13:47 INFO  - scrolled to Scrolling - Pass
20-03-2018 13:47 INFO  - Postal Code is entered in the field - Pass
20-03-2018 13:47 INFO  - PhoneNumber is entered in the field - Pass
20-03-2018 13:47 INFO  - Mail Address is entered in the field - Pass
20-03-2018 13:47 INFO  - Is Continue Checkout Button displayed is displayed - Pass
20-03-2018 13:47 INFO  - scrolled to Scroll to Continue Checkout Button - Pass
20-03-2018 13:47 INFO  - Click Continue checkout button is clicked - Pass
20-03-2018 13:47 INFO  - Address Verification is displayed - Pass
20-03-2018 13:47 INFO  - scrolled to Clicked use as entered in address verification overlay - Pass
20-03-2018 13:47 INFO  - Checkout click is clicked - Pass
20-03-2018 13:47 INFO  - IS Cart page products is displayed is displayed - Pass
20-03-2018 13:47 INFO  - Is Cart page Displayed is displayed - Pass
20-03-2018 13:47 INFO  - Wait is displayed - Pass
20-03-2018 13:47 INFO  - scrolled to scroll to checkout - Pass
20-03-2018 13:47 INFO  - Click Checkout is clicked - Pass
20-03-2018 13:47 INFO  - Guest Checkout is displayed - Pass
20-03-2018 13:47 INFO  - scrolled to Guest Checkout - Pass
20-03-2018 13:47 INFO  - Guest Checkout is clicked - Pass
20-03-2018 13:47 ERROR - TimeoutException
org.openqa.selenium.TimeoutException: Expected condition failed: waiting for visibility of element located by By.id: pdpAddtoBagBtn (tried for 10 second(s) with 500 MILLISECONDS interval)
	at org.openqa.selenium.support.ui.WebDriverWait.timeoutException(WebDriverWait.java:82)
	at org.openqa.selenium.support.ui.FluentWait.until(FluentWait.java:231)
	at com.skava.framework.action.SeleniumActionEngine.explicitWaitforVisibility(SeleniumActionEngine.java:183)
	at com.skava.framework.action.SeleniumActionEngine.isElementDisplayed(SeleniumActionEngine.java:201)
	at com.skava.reusable.components.CheckoutComponents.addressVerification(CheckoutComponents.java:115)
	at com.skava.testcases.LT_1235_GuestCheckout_Payment_FiledCheck.LT_1235_GuestCheckout_Payment_FiledCheck(LT_1235_GuestCheckout_Payment_FiledCheck.java:40)
	at sun.reflect.NativeMethodAccessorImpl.invoke0(Native Method)
	at sun.reflect.NativeMethodAccessorImpl.invoke(Unknown Source)
	at sun.reflect.DelegatingMethodAccessorImpl.invoke(Unknown Source)
	at java.lang.reflect.Method.invoke(Unknown Source)
	at org.testng.internal.MethodInvocationHelper.invokeMethod(MethodInvocationHelper.java:108)
	at org.testng.internal.Invoker.invokeMethod(Invoker.java:669)
	at org.testng.internal.Invoker.invokeTestMethod(Invoker.java:877)
	at org.testng.internal.Invoker.invokeTestMethods(Invoker.java:1201)
	at org.testng.internal.TestMethodWorker.invokeTestMethods(TestMethodWorker.java:125)
	at org.testng.internal.TestMethodWorker.run(TestMethodWorker.java:109)
	at java.util.concurrent.ThreadPoolExecutor.runWorker(Unknown Source)
	at java.util.concurrent.ThreadPoolExecutor$Worker.run(Unknown Source)
	at java.lang.Thread.run(Unknown Source)
Caused by: org.openqa.selenium.NoSuchElementException: Cannot locate an element using By.id: pdpAddtoBagBtn
For documentation on this error, please visit: http://seleniumhq.org/exceptions/no_such_element.html
Build info: version: '3.2.0', revision: '8c03df6b79', time: '2017-02-23 10:51:31 +0000'
System info: host: 'DESKTOP-AQOISD1', ip: '192.168.234.84', os.name: 'Windows 10', os.arch: 'amd64', os.version: '10.0', java.version: '1.8.0_112'
Driver info: driver.version: unknown
	at org.openqa.selenium.support.ui.ExpectedConditions.lambda$findElement$0(ExpectedConditions.java:882)
	at java.util.Optional.orElseThrow(Unknown Source)
	at org.openqa.selenium.support.ui.ExpectedConditions.findElement(ExpectedConditions.java:881)
	at org.openqa.selenium.support.ui.ExpectedConditions.access$000(ExpectedConditions.java:43)
	at org.openqa.selenium.support.ui.ExpectedConditions$7.apply(ExpectedConditions.java:205)
	at org.openqa.selenium.support.ui.ExpectedConditions$7.apply(ExpectedConditions.java:201)
	at org.openqa.selenium.support.ui.FluentWait.until(FluentWait.java:208)
	... 17 more
20-03-2018 13:47 ERROR - wait is not present - failed
20-03-2018 13:47 INFO  - Clicked OK is displayed - Pass
20-03-2018 13:47 INFO  - Clicked OK is clicked - Pass
20-03-2018 13:47 INFO  - Place Order Page is displayed - Pass
20-03-2018 13:47 INFO  - Payment section is displayed - Pass
20-03-2018 13:47 INFO  - Payment section is displayed - Pass
20-03-2018 13:47 INFO  - scrolled to scroll to gift section - Pass
20-03-2018 13:47 INFO  - Payment gift card section is displayed - Pass
20-03-2018 13:47 INFO  - scrolled to scroll to promo code section - Pass
20-03-2018 13:47 INFO  - Payment promo code section is displayed - Pass
20-03-2018 13:47 INFO  - scrolled to scroll to create account section - Pass
20-03-2018 13:47 INFO  - Payment create account section is displayed - Pass
20-03-2018 13:48 INFO  - Guest checkout shipping screen is displayed on tapping guest chekout button is displayed - Pass
20-03-2018 13:48 INFO  - FirstName is entered in the field - Pass
20-03-2018 13:48 INFO  - SecondName is entered in the field - Pass
20-03-2018 13:48 INFO  - Address 1 is entered in the field - Pass
20-03-2018 13:48 INFO  - Address 2 is entered in the field - Pass
20-03-2018 13:48 INFO  - City is entered in the field - Pass
20-03-2018 13:48 INFO  - scrolled to Scrolling - Pass
20-03-2018 13:48 INFO  - Postal Code is entered in the field - Pass
20-03-2018 13:48 INFO  - PhoneNumber is entered in the field - Pass
20-03-2018 13:48 INFO  - Mail Address is entered in the field - Pass
20-03-2018 13:48 INFO  - Is Continue Checkout Button displayed is displayed - Pass
20-03-2018 13:48 INFO  - scrolled to Scroll to Continue Checkout Button - Pass
20-03-2018 13:48 INFO  - Click Continue checkout button is clicked - Pass
20-03-2018 13:48 INFO  - Address Verification is displayed - Pass
20-03-2018 13:48 INFO  - scrolled to Clicked use as entered in address verification overlay - Pass
20-03-2018 13:48 INFO  - http://m.lordandtaylor.com/ is opened - Pass
20-03-2018 13:48 INFO  - Click Search is clicked - Pass
20-03-2018 13:48 INFO  - shirts is entered in Search - Pass
20-03-2018 13:48 ERROR - TimeoutException
org.openqa.selenium.TimeoutException: Expected condition failed: waiting for visibility of element located by By.id: pdpAddtoBagBtn (tried for 10 second(s) with 500 MILLISECONDS interval)
	at org.openqa.selenium.support.ui.WebDriverWait.timeoutException(WebDriverWait.java:82)
	at org.openqa.selenium.support.ui.FluentWait.until(FluentWait.java:231)
	at com.skava.framework.action.SeleniumActionEngine.explicitWaitforVisibility(SeleniumActionEngine.java:183)
	at com.skava.framework.action.SeleniumActionEngine.isElementDisplayed(SeleniumActionEngine.java:201)
	at com.skava.reusable.components.CheckoutComponents.addressVerification(CheckoutComponents.java:115)
	at com.skava.testcases.LT_1176_Review_Order_PlaceOrder_Button_Validation.LT_1176_Review_Order_PlaceOrder_Button_Validation(LT_1176_Review_Order_PlaceOrder_Button_Validation.java:40)
	at sun.reflect.NativeMethodAccessorImpl.invoke0(Native Method)
	at sun.reflect.NativeMethodAccessorImpl.invoke(Unknown Source)
	at sun.reflect.DelegatingMethodAccessorImpl.invoke(Unknown Source)
	at java.lang.reflect.Method.invoke(Unknown Source)
	at org.testng.internal.MethodInvocationHelper.invokeMethod(MethodInvocationHelper.java:108)
	at org.testng.internal.Invoker.invokeMethod(Invoker.java:669)
	at org.testng.internal.Invoker.invokeTestMethod(Invoker.java:877)
	at org.testng.internal.Invoker.invokeTestMethods(Invoker.java:1201)
	at org.testng.internal.TestMethodWorker.invokeTestMethods(TestMethodWorker.java:125)
	at org.testng.internal.TestMethodWorker.run(TestMethodWorker.java:109)
	at java.util.concurrent.ThreadPoolExecutor.runWorker(Unknown Source)
	at java.util.concurrent.ThreadPoolExecutor$Worker.run(Unknown Source)
	at java.lang.Thread.run(Unknown Source)
Caused by: org.openqa.selenium.NoSuchElementException: Cannot locate an element using By.id: pdpAddtoBagBtn
For documentation on this error, please visit: http://seleniumhq.org/exceptions/no_such_element.html
Build info: version: '3.2.0', revision: '8c03df6b79', time: '2017-02-23 10:51:31 +0000'
System info: host: 'DESKTOP-AQOISD1', ip: '192.168.234.84', os.name: 'Windows 10', os.arch: 'amd64', os.version: '10.0', java.version: '1.8.0_112'
Driver info: driver.version: unknown
	at org.openqa.selenium.support.ui.ExpectedConditions.lambda$findElement$0(ExpectedConditions.java:882)
	at java.util.Optional.orElseThrow(Unknown Source)
	at org.openqa.selenium.support.ui.ExpectedConditions.findElement(ExpectedConditions.java:881)
	at org.openqa.selenium.support.ui.ExpectedConditions.access$000(ExpectedConditions.java:43)
	at org.openqa.selenium.support.ui.ExpectedConditions$7.apply(ExpectedConditions.java:205)
	at org.openqa.selenium.support.ui.ExpectedConditions$7.apply(ExpectedConditions.java:201)
	at org.openqa.selenium.support.ui.FluentWait.until(FluentWait.java:208)
	... 17 more
20-03-2018 13:48 ERROR - wait is not present - failed
20-03-2018 13:48 INFO  - Clicked OK is displayed - Pass
20-03-2018 13:48 INFO  - Clicked OK is clicked - Pass
20-03-2018 13:48 ERROR - TimeoutException
org.openqa.selenium.TimeoutException: timeout
  (Session info: chrome=64.0.3282.186)
  (Driver info: chromedriver=2.33.506120 (e3e53437346286c0bc2d2dc9aa4915ba81d9023f),platform=Windows NT 10.0.16299 x86_64) (WARNING: The server did not provide any stacktrace information)
Command duration or timeout: 300.08 seconds
Build info: version: '3.2.0', revision: '8c03df6b79', time: '2017-02-23 10:51:31 +0000'
System info: host: 'DESKTOP-AQOISD1', ip: '192.168.234.84', os.name: 'Windows 10', os.arch: 'amd64', os.version: '10.0', java.version: '1.8.0_112'
Driver info: org.openqa.selenium.chrome.ChromeDriver
Capabilities [{applicationCacheEnabled=false, rotatable=false, mobileEmulationEnabled=false, networkConnectionEnabled=false, chrome={chromedriverVersion=2.33.506120 (e3e53437346286c0bc2d2dc9aa4915ba81d9023f), userDataDir=C:\Users\arunraj.n\AppData\Local\Temp\scoped_dir19020_21692}, takesHeapSnapshot=true, pageLoadStrategy=normal, databaseEnabled=false, handlesAlerts=true, hasTouchScreen=false, version=64.0.3282.186, platform=XP, browserConnectionEnabled=false, nativeEvents=true, acceptSslCerts=true, locationContextEnabled=true, webStorageEnabled=true, browserName=chrome, takesScreenshot=true, javascriptEnabled=true, cssSelectorsEnabled=true, setWindowRect=true, unexpectedAlertBehaviour=}]
Session ID: ed14cbd3ca426716fe57eccfaeca4fa4
	at sun.reflect.NativeConstructorAccessorImpl.newInstance0(Native Method)
	at sun.reflect.NativeConstructorAccessorImpl.newInstance(Unknown Source)
	at sun.reflect.DelegatingConstructorAccessorImpl.newInstance(Unknown Source)
	at java.lang.reflect.Constructor.newInstance(Unknown Source)
	at org.openqa.selenium.remote.ErrorHandler.createThrowable(ErrorHandler.java:216)
	at org.openqa.selenium.remote.ErrorHandler.throwIfResponseFailed(ErrorHandler.java:168)
	at org.openqa.selenium.remote.RemoteWebDriver.execute(RemoteWebDriver.java:638)
	at org.openqa.selenium.remote.RemoteWebElement.execute(RemoteWebElement.java:274)
	at org.openqa.selenium.remote.RemoteWebElement.click(RemoteWebElement.java:84)
	at com.skava.framework.action.SeleniumActionEngine.clickElement(SeleniumActionEngine.java:103)
	at com.skava.reusable.components.PLPandPDPComponents.cartSuccess_OverLay(PLPandPDPComponents.java:396)
	at com.skava.testcases.LT_1044_Guest_Checkout_Validation.LT_1044_Guest_Checkout_Validation(LT_1044_Guest_Checkout_Validation.java:31)
	at sun.reflect.NativeMethodAccessorImpl.invoke0(Native Method)
	at sun.reflect.NativeMethodAccessorImpl.invoke(Unknown Source)
	at sun.reflect.DelegatingMethodAccessorImpl.invoke(Unknown Source)
	at java.lang.reflect.Method.invoke(Unknown Source)
	at org.testng.internal.MethodInvocationHelper.invokeMethod(MethodInvocationHelper.java:108)
	at org.testng.internal.Invoker.invokeMethod(Invoker.java:669)
	at org.testng.internal.Invoker.invokeTestMethod(Invoker.java:877)
	at org.testng.internal.Invoker.invokeTestMethods(Invoker.java:1201)
	at org.testng.internal.TestMethodWorker.invokeTestMethods(TestMethodWorker.java:125)
	at org.testng.internal.TestMethodWorker.run(TestMethodWorker.java:109)
	at java.util.concurrent.ThreadPoolExecutor.runWorker(Unknown Source)
	at java.util.concurrent.ThreadPoolExecutor$Worker.run(Unknown Source)
	at java.lang.Thread.run(Unknown Source)
20-03-2018 13:48 ERROR - Checkout clickis not present - failed
20-03-2018 13:48 INFO  - Cart Opened is displayed - Pass
20-03-2018 13:48 INFO  - Product Added to Cart is displayed - Pass
20-03-2018 13:48 INFO  - Wait is displayed - Pass
20-03-2018 13:48 INFO  - scrolled to scroll to checkout - Pass
20-03-2018 13:48 INFO  - Click Checkout is clicked - Pass
20-03-2018 13:48 INFO  - Place Order Page is displayed - Pass
20-03-2018 13:48 INFO  - Payment Details is displayed - Pass
20-03-2018 13:48 INFO  - Guest Checkout is displayed - Pass
20-03-2018 13:48 INFO  - scrolled to Guest Checkout - Pass
20-03-2018 13:48 INFO  - Guest Checkout is clicked - Pass
20-03-2018 13:48 INFO  - Enter Credit card  Number is entered in the field - Pass
20-03-2018 13:48 INFO  - Enter Credit card name is entered in the field - Pass
20-03-2018 13:48 INFO  - Enter CVV Num is entered in the field - Pass
20-03-2018 13:48 INFO  - Is Continue Checkout Button displayed is displayed - Pass
20-03-2018 13:48 INFO  - scrolled to Scroll to Continue Checkout Button - Pass
20-03-2018 13:48 INFO  - Click Continue checkout button is clicked - Pass
20-03-2018 13:48 INFO  - search/PLP page is displayed - Pass
20-03-2018 13:48 INFO  - Search Count is displayed - Pass
20-03-2018 13:48 INFO  - Review Order Page is displayed - Pass
20-03-2018 13:48 INFO  - Billing Addrs field in Review Order Page is displayed - Pass
20-03-2018 13:48 INFO  - Payment field in Review Order Page is displayed - Pass
20-03-2018 13:48 INFO  - scrolled to Scrolling - Pass
20-03-2018 13:48 INFO  - Shipping Addrs field in Review Order Page is displayed - Pass
20-03-2018 13:48 INFO  - Order Summary field in Review Order Page is displayed - Pass
20-03-2018 13:48 INFO  - Place Order is displayed - Pass
20-03-2018 13:48 INFO  - PDP Page wait is displayed - Pass
20-03-2018 13:48 INFO  - scrolled to Scrolling - Pass
20-03-2018 13:48 INFO  - Colour Field present is displayed - Pass
20-03-2018 13:48 INFO  - Size field is displayed - Pass
20-03-2018 13:48 INFO  - scrolled to Add To Bag - Pass
20-03-2018 13:48 INFO  - Add To Bag Clicked is clicked - Pass
20-03-2018 13:48 INFO  - PDP overlay is displayed - Pass
20-03-2018 13:48 INFO  - Success Overlay is displayed - Pass
20-03-2018 13:48 INFO  - Success Overlay is displayed - Pass
20-03-2018 13:48 INFO  - checkout is displayed - Pass
20-03-2018 13:48 ERROR - TimeoutException
org.openqa.selenium.TimeoutException: Expected condition failed: waiting for visibility of element located by By.xpath: //*[contains(@class,'skMob_productListItemOuterCont')] (tried for 5 second(s) with 500 MILLISECONDS interval)
	at org.openqa.selenium.support.ui.WebDriverWait.timeoutException(WebDriverWait.java:82)
	at org.openqa.selenium.support.ui.FluentWait.until(FluentWait.java:231)
	at com.skava.framework.action.SeleniumActionEngine.explicitWaitforVisibility(SeleniumActionEngine.java:183)
	at com.skava.reusable.components.PLPandPDPComponents.cartSuccess_OverLay(PLPandPDPComponents.java:395)
	at com.skava.testcases.LT_1236_GuestCheckout_Payment_FieldCheck.LT_1236_GuestCheckout_Payment_FieldCheck(LT_1236_GuestCheckout_Payment_FieldCheck.java:32)
	at sun.reflect.NativeMethodAccessorImpl.invoke0(Native Method)
	at sun.reflect.NativeMethodAccessorImpl.invoke(Unknown Source)
	at sun.reflect.DelegatingMethodAccessorImpl.invoke(Unknown Source)
	at java.lang.reflect.Method.invoke(Unknown Source)
	at org.testng.internal.MethodInvocationHelper.invokeMethod(MethodInvocationHelper.java:108)
	at org.testng.internal.Invoker.invokeMethod(Invoker.java:669)
	at org.testng.internal.Invoker.invokeTestMethod(Invoker.java:877)
	at org.testng.internal.Invoker.invokeTestMethods(Invoker.java:1201)
	at org.testng.internal.TestMethodWorker.invokeTestMethods(TestMethodWorker.java:125)
	at org.testng.internal.TestMethodWorker.run(TestMethodWorker.java:109)
	at java.util.concurrent.ThreadPoolExecutor.runWorker(Unknown Source)
	at java.util.concurrent.ThreadPoolExecutor$Worker.run(Unknown Source)
	at java.lang.Thread.run(Unknown Source)
Caused by: org.openqa.selenium.NoSuchElementException: Cannot locate an element using By.xpath: //*[contains(@class,'skMob_productListItemOuterCont')]
For documentation on this error, please visit: http://seleniumhq.org/exceptions/no_such_element.html
Build info: version: '3.2.0', revision: '8c03df6b79', time: '2017-02-23 10:51:31 +0000'
System info: host: 'DESKTOP-AQOISD1', ip: '192.168.234.84', os.name: 'Windows 10', os.arch: 'amd64', os.version: '10.0', java.version: '1.8.0_112'
Driver info: driver.version: unknown
	at org.openqa.selenium.support.ui.ExpectedConditions.lambda$findElement$0(ExpectedConditions.java:882)
	at java.util.Optional.orElseThrow(Unknown Source)
	at org.openqa.selenium.support.ui.ExpectedConditions.findElement(ExpectedConditions.java:881)
	at org.openqa.selenium.support.ui.ExpectedConditions.access$000(ExpectedConditions.java:43)
	at org.openqa.selenium.support.ui.ExpectedConditions$7.apply(ExpectedConditions.java:205)
	at org.openqa.selenium.support.ui.ExpectedConditions$7.apply(ExpectedConditions.java:201)
	at org.openqa.selenium.support.ui.FluentWait.until(FluentWait.java:208)
	... 16 more
20-03-2018 13:48 ERROR - wait is not present - failed
20-03-2018 13:49 INFO  - Checkout click is clicked - Pass
20-03-2018 13:49 INFO  - IS Cart page products is displayed is displayed - Pass
20-03-2018 13:49 INFO  - Is Cart page Displayed is displayed - Pass
20-03-2018 13:49 INFO  - Wait is displayed - Pass
20-03-2018 13:49 INFO  - scrolled to scroll to checkout - Pass
20-03-2018 13:49 INFO  - Click Checkout is clicked - Pass
20-03-2018 13:49 INFO  - Guest Checkout is displayed - Pass
20-03-2018 13:49 INFO  - scrolled to Guest Checkout - Pass
20-03-2018 13:49 INFO  - Guest Checkout is clicked - Pass
20-03-2018 13:49 INFO  - Guest checkout shipping screen is displayed on tapping guest chekout button is displayed - Pass
20-03-2018 13:49 INFO  - FirstName is entered in the field - Pass
20-03-2018 13:49 INFO  - SecondName is entered in the field - Pass
20-03-2018 13:49 INFO  - Address 1 is entered in the field - Pass
20-03-2018 13:49 INFO  - Address 2 is entered in the field - Pass
20-03-2018 13:49 INFO  - City is entered in the field - Pass
20-03-2018 13:49 INFO  - scrolled to Scrolling - Pass
20-03-2018 13:49 INFO  - Postal Code is entered in the field - Pass
20-03-2018 13:49 INFO  - PhoneNumber is entered in the field - Pass
20-03-2018 13:49 INFO  - Mail Address is entered in the field - Pass
20-03-2018 13:49 INFO  - Is Continue Checkout Button displayed is displayed - Pass
20-03-2018 13:49 INFO  - scrolled to Scroll to Continue Checkout Button - Pass
20-03-2018 13:49 INFO  - Click Continue checkout button is clicked - Pass
20-03-2018 13:49 INFO  - Address Verification is displayed - Pass
20-03-2018 13:49 INFO  - scrolled to Clicked use as entered in address verification overlay - Pass
20-03-2018 13:49 ERROR - TimeoutException
org.openqa.selenium.TimeoutException: Expected condition failed: waiting for visibility of element located by By.id: pdpAddtoBagBtn (tried for 10 second(s) with 500 MILLISECONDS interval)
	at org.openqa.selenium.support.ui.WebDriverWait.timeoutException(WebDriverWait.java:82)
	at org.openqa.selenium.support.ui.FluentWait.until(FluentWait.java:231)
	at com.skava.framework.action.SeleniumActionEngine.explicitWaitforVisibility(SeleniumActionEngine.java:183)
	at com.skava.framework.action.SeleniumActionEngine.isElementDisplayed(SeleniumActionEngine.java:201)
	at com.skava.reusable.components.CheckoutComponents.addressVerification(CheckoutComponents.java:115)
	at com.skava.testcases.LT_1236_GuestCheckout_Payment_FieldCheck.LT_1236_GuestCheckout_Payment_FieldCheck(LT_1236_GuestCheckout_Payment_FieldCheck.java:40)
	at sun.reflect.NativeMethodAccessorImpl.invoke0(Native Method)
	at sun.reflect.NativeMethodAccessorImpl.invoke(Unknown Source)
	at sun.reflect.DelegatingMethodAccessorImpl.invoke(Unknown Source)
	at java.lang.reflect.Method.invoke(Unknown Source)
	at org.testng.internal.MethodInvocationHelper.invokeMethod(MethodInvocationHelper.java:108)
	at org.testng.internal.Invoker.invokeMethod(Invoker.java:669)
	at org.testng.internal.Invoker.invokeTestMethod(Invoker.java:877)
	at org.testng.internal.Invoker.invokeTestMethods(Invoker.java:1201)
	at org.testng.internal.TestMethodWorker.invokeTestMethods(TestMethodWorker.java:125)
	at org.testng.internal.TestMethodWorker.run(TestMethodWorker.java:109)
	at java.util.concurrent.ThreadPoolExecutor.runWorker(Unknown Source)
	at java.util.concurrent.ThreadPoolExecutor$Worker.run(Unknown Source)
	at java.lang.Thread.run(Unknown Source)
Caused by: org.openqa.selenium.NoSuchElementException: Cannot locate an element using By.id: pdpAddtoBagBtn
For documentation on this error, please visit: http://seleniumhq.org/exceptions/no_such_element.html
Build info: version: '3.2.0', revision: '8c03df6b79', time: '2017-02-23 10:51:31 +0000'
System info: host: 'DESKTOP-AQOISD1', ip: '192.168.234.84', os.name: 'Windows 10', os.arch: 'amd64', os.version: '10.0', java.version: '1.8.0_112'
Driver info: driver.version: unknown
	at org.openqa.selenium.support.ui.ExpectedConditions.lambda$findElement$0(ExpectedConditions.java:882)
	at java.util.Optional.orElseThrow(Unknown Source)
	at org.openqa.selenium.support.ui.ExpectedConditions.findElement(ExpectedConditions.java:881)
	at org.openqa.selenium.support.ui.ExpectedConditions.access$000(ExpectedConditions.java:43)
	at org.openqa.selenium.support.ui.ExpectedConditions$7.apply(ExpectedConditions.java:205)
	at org.openqa.selenium.support.ui.ExpectedConditions$7.apply(ExpectedConditions.java:201)
	at org.openqa.selenium.support.ui.FluentWait.until(FluentWait.java:208)
	... 17 more
20-03-2018 13:49 ERROR - wait is not present - failed
20-03-2018 13:49 INFO  - Clicked OK is displayed - Pass
20-03-2018 13:49 INFO  - Clicked OK is clicked - Pass
20-03-2018 13:49 INFO  - Place Order Page is displayed - Pass
20-03-2018 13:49 INFO  - Payment section is displayed - Pass
20-03-2018 13:49 INFO  - Payment section is displayed - Pass
20-03-2018 13:49 INFO  - Payment type is displayed - Pass
20-03-2018 13:49 INFO  - Card no  is displayed - Pass
20-03-2018 13:49 INFO  - Card name  is displayed - Pass
20-03-2018 13:49 INFO  - Card  exp month is displayed - Pass
20-03-2018 13:49 INFO  - Card  exp year is displayed - Pass
20-03-2018 13:49 INFO  - Card  CVV is displayed - Pass
20-03-2018 13:49 INFO  - scrolled to scroll to gift section - Pass
20-03-2018 13:49 INFO  - Payment gift card section is displayed - Pass
20-03-2018 13:49 INFO  - Gift Card No is displayed - Pass
20-03-2018 13:49 INFO  - Gift Card Pin is displayed - Pass
20-03-2018 13:49 INFO  - scrolled to scroll to promo code section - Pass
20-03-2018 13:49 INFO  - Payment promo code section is displayed - Pass
20-03-2018 13:49 INFO  - Promo code field is displayed - Pass
20-03-2018 13:49 INFO  - scrolled to scroll to create account section - Pass
20-03-2018 13:49 INFO  - Payment create account section is displayed - Pass
20-03-2018 13:49 INFO  - Account password field is displayed - Pass
20-03-2018 13:49 INFO  - Account confirm password field is displayed - Pass
20-03-2018 13:49 INFO  - Account password hint field is displayed - Pass
