19-03-2018 18:48 INFO  - http://m.lordandtaylor.com/ is opened - Pass
19-03-2018 18:48 INFO  - Carousel Banner Check is displayed - Pass
19-03-2018 18:48 INFO  - Carousel Banner Check is displayed - Pass
19-03-2018 18:48 INFO  - http://m.lordandtaylor.com/ is opened - Pass
19-03-2018 18:48 INFO  - Carousel Banner Check is displayed - Pass
19-03-2018 18:48 INFO  - Carousel Banner Check is displayed - Pass
19-03-2018 18:48 INFO  - PDP Page wait is displayed - Pass
19-03-2018 18:49 INFO  - http://m.lordandtaylor.com/ is opened - Pass
19-03-2018 18:49 INFO  - Footer Container is displayed - Pass
19-03-2018 18:49 INFO  - scrolled to Scroll to Footer - Pass
19-03-2018 18:49 INFO  - Call & Email Link is displayed - Pass
19-03-2018 18:49 INFO  - signUpForDailyEmails is displayed - Pass
19-03-2018 18:49 INFO  - Social Share Icons is displayed - Pass
19-03-2018 18:49 INFO  - Accordion Menus is displayed - Pass
19-03-2018 18:49 INFO  - SignUpForSms is displayed - Pass
19-03-2018 18:49 INFO  - copyRight is displayed - Pass
19-03-2018 18:49 INFO  - PrivacyPolicy is displayed - Pass
19-03-2018 18:49 INFO  - http://m.lordandtaylor.com/ is opened - Pass
19-03-2018 18:49 INFO  - search/PLP page is displayed - Pass
19-03-2018 18:49 INFO  - Click Promo is clicked - Pass
19-03-2018 18:49 INFO  - Promo Page is displayed - Pass
19-03-2018 18:49 INFO  - http://m.lordandtaylor.com/ is opened - Pass
19-03-2018 18:49 INFO  - http://m.lordandtaylor.com/ is opened - Pass
19-03-2018 18:49 INFO  - Click Search is clicked - Pass
19-03-2018 18:49 INFO  - Search is entered in the field - Pass
19-03-2018 18:49 INFO  - http://m.lordandtaylor.com/ is opened - Pass
19-03-2018 18:49 INFO  - Wait to get site Loaded is displayed - Pass
19-03-2018 18:49 INFO  - Click Menu is clicked - Pass
19-03-2018 18:49 INFO  - Menu Closed is clicked - Pass
19-03-2018 18:49 INFO  - Search Suggesion Displayed is displayed - Pass
19-03-2018 18:49 INFO  - Click Cart is clicked - Pass
19-03-2018 18:49 INFO  - Cart wrapper Opened is displayed - Pass
19-03-2018 18:49 INFO  - Cart Empty Text is displayed - Pass
19-03-2018 18:49 INFO  - Back To Homepage is clicked - Pass
19-03-2018 18:49 INFO  - http://m.lordandtaylor.com/ is opened - Pass
19-03-2018 18:49 INFO  - Click Search is clicked - Pass
19-03-2018 18:49 INFO  - Search is entered in the field - Pass
19-03-2018 18:49 INFO  - Search Suggesion Displayed is displayed - Pass
19-03-2018 18:49 INFO  - Search Suggesion Displayed is displayed - Pass
19-03-2018 18:49 INFO  - http://m.lordandtaylor.com/ is opened - Pass
19-03-2018 18:49 INFO  - Click Search is clicked - Pass
19-03-2018 18:49 INFO  - Shirts is entered in Search - Pass
19-03-2018 18:49 INFO  - PLP page is displayed - Pass
19-03-2018 18:49 INFO  - http://m.lordandtaylor.com/ is opened - Pass
19-03-2018 18:49 INFO  - Wait to get site Loaded is displayed - Pass
19-03-2018 18:49 INFO  - Click Menu is clicked - Pass
19-03-2018 18:49 INFO  - Selecting Brand Category from pancake is clicked - Pass
19-03-2018 18:49 INFO  - Selecting Brand Sub category is clicked - Pass
19-03-2018 18:49 INFO  - search/PLP page is displayed - Pass
19-03-2018 18:49 INFO  - Search Count is displayed - Pass
19-03-2018 18:49 INFO  - Brands page is displayed - Pass
19-03-2018 18:50 INFO  - PDP Page wait is displayed - Pass
19-03-2018 18:50 INFO  - PDP Page wait is displayed - Pass
19-03-2018 18:50 INFO  - http://m.lordandtaylor.com/ is opened - Pass
19-03-2018 18:50 INFO  - Wait to get site Loaded is displayed - Pass
19-03-2018 18:50 INFO  - Click Menu is clicked - Pass
19-03-2018 18:50 INFO  - Selecting Brand Category from pancake is clicked - Pass
19-03-2018 18:50 INFO  - Selecting Brand Sub category is clicked - Pass
19-03-2018 18:50 INFO  - Brands page is displayed - Pass
19-03-2018 18:50 INFO  - http://m.lordandtaylor.com/ is opened - Pass
19-03-2018 18:50 INFO  - Click Search is clicked - Pass
19-03-2018 18:50 INFO  - Shirts is entered in Search - Pass
19-03-2018 18:50 INFO  - Brand PLP page is displayed - Pass
19-03-2018 18:50 INFO  - Product List Page is displayed - Pass
19-03-2018 18:50 INFO  - Product Image is displayed - Pass
19-03-2018 18:50 INFO  - http://m.lordandtaylor.com/ is opened - Pass
19-03-2018 18:50 INFO  - Click Search is clicked - Pass
19-03-2018 18:50 INFO  - Shirts is entered in Search - Pass
19-03-2018 18:50 INFO  - Product NameList is displayed - Pass
19-03-2018 18:50 INFO  - search/PLP page is displayed - Pass
19-03-2018 18:50 INFO  - Product Description is displayed - Pass
19-03-2018 18:50 INFO  - Product Price is displayed - Pass
19-03-2018 18:50 INFO  - Search Count is displayed - Pass
19-03-2018 18:50 INFO  - Product List Page is displayed - Pass
19-03-2018 18:50 INFO  - Product Image is displayed - Pass
19-03-2018 18:50 INFO  - Product NameList is displayed - Pass
19-03-2018 18:50 INFO  - Product Description is displayed - Pass
19-03-2018 18:50 INFO  - Product Price is displayed - Pass
19-03-2018 18:50 INFO  - search/PLP page is displayed - Pass
19-03-2018 18:50 INFO  - Search Count is displayed - Pass
19-03-2018 18:50 INFO  - Products displayed in PLP Page is displayed - Pass
19-03-2018 18:50 INFO  - Back To Top is displayed - Pass
19-03-2018 18:50 INFO  - Back To Top is clicked - Pass
19-03-2018 18:50 INFO  - Wait is displayed - Pass
19-03-2018 18:50 INFO  - http://m.lordandtaylor.com/ is opened - Pass
19-03-2018 18:50 INFO  - Wait to get site Loaded is displayed - Pass
19-03-2018 18:50 INFO  - Click Menu is clicked - Pass
19-03-2018 18:50 INFO  - Menu Clicked is clicked - Pass
19-03-2018 18:50 INFO  - Sub Menu Clicked is clicked - Pass
19-03-2018 18:50 INFO  - http://m.lordandtaylor.com/ is opened - Pass
19-03-2018 18:50 INFO  - http://m.lordandtaylor.com/ is opened - Pass
19-03-2018 18:50 INFO  - Click Search is clicked - Pass
19-03-2018 18:50 INFO  - Click Search is clicked - Pass
19-03-2018 18:50 INFO  - Shoes is entered in Search - Pass
19-03-2018 18:50 INFO  - lipstick is entered in Search - Pass
19-03-2018 18:50 INFO  - Sub Menu2 Clicked is clicked - Pass
19-03-2018 18:50 INFO  - Bread Crumb is displayed - Pass
19-03-2018 18:50 INFO  - search/PLP page is displayed - Pass
19-03-2018 18:50 INFO  - Search Count is displayed - Pass
19-03-2018 18:50 INFO  - Wait Bag Qty is displayed - Pass
19-03-2018 18:50 INFO  - http://m.lordandtaylor.com/ is opened - Pass
19-03-2018 18:50 INFO  - Click Search is clicked - Pass
19-03-2018 18:50 INFO  - Shirts is entered in Search - Pass
19-03-2018 18:51 INFO  - search/PLP page is displayed - Pass
19-03-2018 18:51 INFO  - Search Count is displayed - Pass
19-03-2018 18:51 INFO  - Sorting Clicked is clicked - Pass
19-03-2018 18:51 ERROR - TimeoutException
org.openqa.selenium.TimeoutException: Expected condition failed: waiting for visibility of element located by By.id: pdpAddtoBagBtn (tried for 5 second(s) with 500 MILLISECONDS interval)
	at org.openqa.selenium.support.ui.WebDriverWait.timeoutException(WebDriverWait.java:82)
	at org.openqa.selenium.support.ui.FluentWait.until(FluentWait.java:231)
	at com.skava.framework.action.SeleniumActionEngine.explicitWaitforVisibility(SeleniumActionEngine.java:183)
	at com.skava.reusable.components.PLPandPDPComponents.sort_ApplyFilter(PLPandPDPComponents.java:608)
	at com.skava.testcases.LT_383_Sort_ApplyFilter.LT_383_Sort_ApplyFilter(LT_383_Sort_ApplyFilter.java:27)
	at sun.reflect.NativeMethodAccessorImpl.invoke0(Native Method)
	at sun.reflect.NativeMethodAccessorImpl.invoke(Unknown Source)
	at sun.reflect.DelegatingMethodAccessorImpl.invoke(Unknown Source)
	at java.lang.reflect.Method.invoke(Unknown Source)
	at org.testng.internal.MethodInvocationHelper.invokeMethod(MethodInvocationHelper.java:108)
	at org.testng.internal.Invoker.invokeMethod(Invoker.java:669)
	at org.testng.internal.Invoker.invokeTestMethod(Invoker.java:877)
	at org.testng.internal.Invoker.invokeTestMethods(Invoker.java:1201)
	at org.testng.internal.TestMethodWorker.invokeTestMethods(TestMethodWorker.java:125)
	at org.testng.internal.TestMethodWorker.run(TestMethodWorker.java:109)
	at java.util.concurrent.ThreadPoolExecutor.runWorker(Unknown Source)
	at java.util.concurrent.ThreadPoolExecutor$Worker.run(Unknown Source)
	at java.lang.Thread.run(Unknown Source)
Caused by: org.openqa.selenium.NoSuchElementException: Cannot locate an element using By.id: pdpAddtoBagBtn
For documentation on this error, please visit: http://seleniumhq.org/exceptions/no_such_element.html
Build info: version: '3.2.0', revision: '8c03df6b79', time: '2017-02-23 10:51:31 +0000'
System info: host: 'DESKTOP-AQOISD1', ip: '192.168.234.84', os.name: 'Windows 10', os.arch: 'amd64', os.version: '10.0', java.version: '1.8.0_112'
Driver info: driver.version: unknown
	at org.openqa.selenium.support.ui.ExpectedConditions.lambda$findElement$0(ExpectedConditions.java:882)
	at java.util.Optional.orElseThrow(Unknown Source)
	at org.openqa.selenium.support.ui.ExpectedConditions.findElement(ExpectedConditions.java:881)
	at org.openqa.selenium.support.ui.ExpectedConditions.access$000(ExpectedConditions.java:43)
	at org.openqa.selenium.support.ui.ExpectedConditions$7.apply(ExpectedConditions.java:205)
	at org.openqa.selenium.support.ui.ExpectedConditions$7.apply(ExpectedConditions.java:201)
	at org.openqa.selenium.support.ui.FluentWait.until(FluentWait.java:208)
	... 16 more
19-03-2018 18:51 INFO  - Refine is displayed - Pass
19-03-2018 18:51 ERROR - Wait is not present - failed
19-03-2018 18:51 INFO  -  Sort and filter button click is clicked - Pass
19-03-2018 18:51 INFO  - Wait Bag Qty is displayed - Pass
19-03-2018 18:51 INFO  - search/PLP page is displayed - Pass
19-03-2018 18:51 INFO  - Search Count is displayed - Pass
19-03-2018 18:51 INFO  - Product List Page is displayed - Pass
19-03-2018 18:51 INFO  - Product Image is displayed - Pass
19-03-2018 18:51 INFO  - Product NameList is displayed - Pass
19-03-2018 18:51 INFO  - Product Description is displayed - Pass
19-03-2018 18:51 INFO  - Product Price is displayed - Pass
19-03-2018 18:51 INFO  - Wait Bag Qty is displayed - Pass
19-03-2018 18:51 INFO  -  Sort and filter button click is clicked - Pass
19-03-2018 18:51 INFO  - Wait Bag Qty is displayed - Pass
19-03-2018 18:51 INFO  - http://m.lordandtaylor.com/ is opened - Pass
19-03-2018 18:51 INFO  - Click Search is clicked - Pass
19-03-2018 18:51 INFO  - Shirts is entered in Search - Pass
19-03-2018 18:51 INFO  - PLP page is displayed after sorting is displayed - Pass
19-03-2018 18:51 INFO  - search/PLP page is displayed - Pass
19-03-2018 18:51 INFO  - Search Count is displayed - Pass
19-03-2018 18:51 INFO  - PLP page is displayed after sorting is displayed - Pass
19-03-2018 18:51 INFO  - Wait Bag Qty is displayed - Pass
19-03-2018 18:51 ERROR - TimeoutException
org.openqa.selenium.TimeoutException: Expected condition failed: waiting for visibility of element located by By.xpath: //*[@class='skMob_filterItemVal'] (tried for 20 second(s) with 500 MILLISECONDS interval)
Build info: version: '3.2.0', revision: '8c03df6b79', time: '2017-02-23 10:51:31 +0000'
System info: host: 'DESKTOP-AQOISD1', ip: '192.168.234.84', os.name: 'Windows 10', os.arch: 'amd64', os.version: '10.0', java.version: '1.8.0_112'
Driver info: org.openqa.selenium.chrome.ChromeDriver
Capabilities [{applicationCacheEnabled=false, rotatable=false, mobileEmulationEnabled=false, networkConnectionEnabled=false, chrome={chromedriverVersion=2.33.506120 (e3e53437346286c0bc2d2dc9aa4915ba81d9023f), userDataDir=C:\Users\arunraj.n\AppData\Local\Temp\scoped_dir27792_7659}, takesHeapSnapshot=true, pageLoadStrategy=normal, databaseEnabled=false, handlesAlerts=true, hasTouchScreen=false, version=64.0.3282.186, platform=XP, browserConnectionEnabled=false, nativeEvents=true, acceptSslCerts=true, locationContextEnabled=true, webStorageEnabled=true, browserName=chrome, takesScreenshot=true, javascriptEnabled=true, cssSelectorsEnabled=true, setWindowRect=true, unexpectedAlertBehaviour=}]
Session ID: 6031b95c4581d34abe487deb4e9f17f1
	at org.openqa.selenium.support.ui.WebDriverWait.timeoutException(WebDriverWait.java:82)
	at org.openqa.selenium.support.ui.FluentWait.until(FluentWait.java:231)
	at com.skava.framework.action.SeleniumActionEngine.explicitWaitforVisibility(SeleniumActionEngine.java:183)
	at com.skava.framework.action.SeleniumActionEngine.GetTextByRandom(SeleniumActionEngine.java:546)
	at com.skava.reusable.components.PLPandPDPComponents.sort_ApplyFilter(PLPandPDPComponents.java:629)
	at com.skava.testcases.LT_383_Sort_ApplyFilter.LT_383_Sort_ApplyFilter(LT_383_Sort_ApplyFilter.java:27)
	at sun.reflect.NativeMethodAccessorImpl.invoke0(Native Method)
	at sun.reflect.NativeMethodAccessorImpl.invoke(Unknown Source)
	at sun.reflect.DelegatingMethodAccessorImpl.invoke(Unknown Source)
	at java.lang.reflect.Method.invoke(Unknown Source)
	at org.testng.internal.MethodInvocationHelper.invokeMethod(MethodInvocationHelper.java:108)
	at org.testng.internal.Invoker.invokeMethod(Invoker.java:669)
	at org.testng.internal.Invoker.invokeTestMethod(Invoker.java:877)
	at org.testng.internal.Invoker.invokeTestMethods(Invoker.java:1201)
	at org.testng.internal.TestMethodWorker.invokeTestMethods(TestMethodWorker.java:125)
	at org.testng.internal.TestMethodWorker.run(TestMethodWorker.java:109)
	at java.util.concurrent.ThreadPoolExecutor.runWorker(Unknown Source)
	at java.util.concurrent.ThreadPoolExecutor$Worker.run(Unknown Source)
	at java.lang.Thread.run(Unknown Source)
19-03-2018 18:51 ERROR - Getting selected filter name is not present - failed
19-03-2018 18:51 INFO  - Apply button is displayed on selecting the category is displayed - Pass
19-03-2018 18:51 INFO  - scrolled to Scroll to apply - Pass
19-03-2018 18:51 INFO  - Click apply button is clicked - Pass
19-03-2018 18:51 INFO  - http://m.lordandtaylor.com/ is opened - Pass
19-03-2018 18:51 INFO  - Click Search is clicked - Pass
19-03-2018 18:51 INFO  - Shoes is entered in Search - Pass
19-03-2018 18:51 ERROR - TimeoutException
org.openqa.selenium.TimeoutException: Expected condition failed: waiting for visibility of element located by By.id: pdpAddtoBagBtn (tried for 5 second(s) with 500 MILLISECONDS interval)
	at org.openqa.selenium.support.ui.WebDriverWait.timeoutException(WebDriverWait.java:82)
	at org.openqa.selenium.support.ui.FluentWait.until(FluentWait.java:231)
	at com.skava.framework.action.SeleniumActionEngine.explicitWaitforVisibility(SeleniumActionEngine.java:183)
	at com.skava.reusable.components.PLPandPDPComponents.sort_ApplyFilter(PLPandPDPComponents.java:608)
	at com.skava.testcases.LT_387_SortClearAll.LT_387_Sort_ClearAll(LT_387_SortClearAll.java:28)
	at sun.reflect.NativeMethodAccessorImpl.invoke0(Native Method)
	at sun.reflect.NativeMethodAccessorImpl.invoke(Unknown Source)
	at sun.reflect.DelegatingMethodAccessorImpl.invoke(Unknown Source)
	at java.lang.reflect.Method.invoke(Unknown Source)
	at org.testng.internal.MethodInvocationHelper.invokeMethod(MethodInvocationHelper.java:108)
	at org.testng.internal.Invoker.invokeMethod(Invoker.java:669)
	at org.testng.internal.Invoker.invokeTestMethod(Invoker.java:877)
	at org.testng.internal.Invoker.invokeTestMethods(Invoker.java:1201)
	at org.testng.internal.TestMethodWorker.invokeTestMethods(TestMethodWorker.java:125)
	at org.testng.internal.TestMethodWorker.run(TestMethodWorker.java:109)
	at java.util.concurrent.ThreadPoolExecutor.runWorker(Unknown Source)
	at java.util.concurrent.ThreadPoolExecutor$Worker.run(Unknown Source)
	at java.lang.Thread.run(Unknown Source)
Caused by: org.openqa.selenium.NoSuchElementException: Cannot locate an element using By.id: pdpAddtoBagBtn
For documentation on this error, please visit: http://seleniumhq.org/exceptions/no_such_element.html
Build info: version: '3.2.0', revision: '8c03df6b79', time: '2017-02-23 10:51:31 +0000'
System info: host: 'DESKTOP-AQOISD1', ip: '192.168.234.84', os.name: 'Windows 10', os.arch: 'amd64', os.version: '10.0', java.version: '1.8.0_112'
Driver info: driver.version: unknown
	at org.openqa.selenium.support.ui.ExpectedConditions.lambda$findElement$0(ExpectedConditions.java:882)
	at java.util.Optional.orElseThrow(Unknown Source)
	at org.openqa.selenium.support.ui.ExpectedConditions.findElement(ExpectedConditions.java:881)
	at org.openqa.selenium.support.ui.ExpectedConditions.access$000(ExpectedConditions.java:43)
	at org.openqa.selenium.support.ui.ExpectedConditions$7.apply(ExpectedConditions.java:205)
	at org.openqa.selenium.support.ui.ExpectedConditions$7.apply(ExpectedConditions.java:201)
	at org.openqa.selenium.support.ui.FluentWait.until(FluentWait.java:208)
	... 16 more
19-03-2018 18:51 ERROR - Wait is not present - failed
19-03-2018 18:51 INFO  -  Sort and filter button click is clicked - Pass
19-03-2018 18:51 INFO  - Wait Bag Qty is displayed - Pass
19-03-2018 18:51 ERROR - TimeoutException
org.openqa.selenium.TimeoutException: Expected condition failed: waiting for visibility of element located by By.id: pdpAddtoBagBtn (tried for 10 second(s) with 500 MILLISECONDS interval)
	at org.openqa.selenium.support.ui.WebDriverWait.timeoutException(WebDriverWait.java:82)
	at org.openqa.selenium.support.ui.FluentWait.until(FluentWait.java:231)
	at com.skava.framework.action.SeleniumActionEngine.explicitWaitforVisibility(SeleniumActionEngine.java:183)
	at com.skava.reusable.components.PLPandPDPComponents.sort_ApplyFilter(PLPandPDPComponents.java:641)
	at com.skava.testcases.LT_383_Sort_ApplyFilter.LT_383_Sort_ApplyFilter(LT_383_Sort_ApplyFilter.java:27)
	at sun.reflect.NativeMethodAccessorImpl.invoke0(Native Method)
	at sun.reflect.NativeMethodAccessorImpl.invoke(Unknown Source)
	at sun.reflect.DelegatingMethodAccessorImpl.invoke(Unknown Source)
	at java.lang.reflect.Method.invoke(Unknown Source)
	at org.testng.internal.MethodInvocationHelper.invokeMethod(MethodInvocationHelper.java:108)
	at org.testng.internal.Invoker.invokeMethod(Invoker.java:669)
	at org.testng.internal.Invoker.invokeTestMethod(Invoker.java:877)
	at org.testng.internal.Invoker.invokeTestMethods(Invoker.java:1201)
	at org.testng.internal.TestMethodWorker.invokeTestMethods(TestMethodWorker.java:125)
	at org.testng.internal.TestMethodWorker.run(TestMethodWorker.java:109)
	at java.util.concurrent.ThreadPoolExecutor.runWorker(Unknown Source)
	at java.util.concurrent.ThreadPoolExecutor$Worker.run(Unknown Source)
	at java.lang.Thread.run(Unknown Source)
Caused by: org.openqa.selenium.NoSuchElementException: Cannot locate an element using By.id: pdpAddtoBagBtn
For documentation on this error, please visit: http://seleniumhq.org/exceptions/no_such_element.html
Build info: version: '3.2.0', revision: '8c03df6b79', time: '2017-02-23 10:51:31 +0000'
System info: host: 'DESKTOP-AQOISD1', ip: '192.168.234.84', os.name: 'Windows 10', os.arch: 'amd64', os.version: '10.0', java.version: '1.8.0_112'
Driver info: driver.version: unknown
	at org.openqa.selenium.support.ui.ExpectedConditions.lambda$findElement$0(ExpectedConditions.java:882)
	at java.util.Optional.orElseThrow(Unknown Source)
	at org.openqa.selenium.support.ui.ExpectedConditions.findElement(ExpectedConditions.java:881)
	at org.openqa.selenium.support.ui.ExpectedConditions.access$000(ExpectedConditions.java:43)
	at org.openqa.selenium.support.ui.ExpectedConditions$7.apply(ExpectedConditions.java:205)
	at org.openqa.selenium.support.ui.ExpectedConditions$7.apply(ExpectedConditions.java:201)
	at org.openqa.selenium.support.ui.FluentWait.until(FluentWait.java:208)
	... 16 more
19-03-2018 18:51 ERROR - Wait is not present - failed
19-03-2018 18:51 INFO  - PLP page is displayed after sorting is displayed - Pass
19-03-2018 18:51 INFO  - PLP page is displayed after sorting is displayed - Pass
19-03-2018 18:51 INFO  - search/PLP page is displayed - Pass
19-03-2018 18:51 INFO  - Search Count is displayed - Pass
19-03-2018 18:51 ERROR - TimeoutException
org.openqa.selenium.TimeoutException: Expected condition failed: waiting for visibility of element located by By.id: pdpAddtoBagBtn (tried for 5 second(s) with 500 MILLISECONDS interval)
	at org.openqa.selenium.support.ui.WebDriverWait.timeoutException(WebDriverWait.java:82)
	at org.openqa.selenium.support.ui.FluentWait.until(FluentWait.java:231)
	at com.skava.framework.action.SeleniumActionEngine.explicitWaitforVisibility(SeleniumActionEngine.java:183)
	at com.skava.reusable.components.PLPandPDPComponents.sort_ApplyFilter(PLPandPDPComponents.java:648)
	at com.skava.testcases.LT_383_Sort_ApplyFilter.LT_383_Sort_ApplyFilter(LT_383_Sort_ApplyFilter.java:27)
	at sun.reflect.NativeMethodAccessorImpl.invoke0(Native Method)
	at sun.reflect.NativeMethodAccessorImpl.invoke(Unknown Source)
	at sun.reflect.DelegatingMethodAccessorImpl.invoke(Unknown Source)
	at java.lang.reflect.Method.invoke(Unknown Source)
	at org.testng.internal.MethodInvocationHelper.invokeMethod(MethodInvocationHelper.java:108)
	at org.testng.internal.Invoker.invokeMethod(Invoker.java:669)
	at org.testng.internal.Invoker.invokeTestMethod(Invoker.java:877)
	at org.testng.internal.Invoker.invokeTestMethods(Invoker.java:1201)
	at org.testng.internal.TestMethodWorker.invokeTestMethods(TestMethodWorker.java:125)
	at org.testng.internal.TestMethodWorker.run(TestMethodWorker.java:109)
	at java.util.concurrent.ThreadPoolExecutor.runWorker(Unknown Source)
	at java.util.concurrent.ThreadPoolExecutor$Worker.run(Unknown Source)
	at java.lang.Thread.run(Unknown Source)
Caused by: org.openqa.selenium.NoSuchElementException: Cannot locate an element using By.id: pdpAddtoBagBtn
For documentation on this error, please visit: http://seleniumhq.org/exceptions/no_such_element.html
Build info: version: '3.2.0', revision: '8c03df6b79', time: '2017-02-23 10:51:31 +0000'
System info: host: 'DESKTOP-AQOISD1', ip: '192.168.234.84', os.name: 'Windows 10', os.arch: 'amd64', os.version: '10.0', java.version: '1.8.0_112'
Driver info: driver.version: unknown
	at org.openqa.selenium.support.ui.ExpectedConditions.lambda$findElement$0(ExpectedConditions.java:882)
	at java.util.Optional.orElseThrow(Unknown Source)
	at org.openqa.selenium.support.ui.ExpectedConditions.findElement(ExpectedConditions.java:881)
	at org.openqa.selenium.support.ui.ExpectedConditions.access$000(ExpectedConditions.java:43)
	at org.openqa.selenium.support.ui.ExpectedConditions$7.apply(ExpectedConditions.java:205)
	at org.openqa.selenium.support.ui.ExpectedConditions$7.apply(ExpectedConditions.java:201)
	at org.openqa.selenium.support.ui.FluentWait.until(FluentWait.java:208)
	... 16 more
19-03-2018 18:51 ERROR - Wait is not present - failed
19-03-2018 18:51 INFO  - PDP Page wait is displayed - Pass
19-03-2018 18:51 INFO  - PDP Page wait is displayed - Pass
19-03-2018 18:51 ERROR - TimeoutException
org.openqa.selenium.TimeoutException: Expected condition failed: waiting for visibility of element located by By.xpath: //*[@class='skMob_filterItemVal'] (tried for 20 second(s) with 500 MILLISECONDS interval)
Build info: version: '3.2.0', revision: '8c03df6b79', time: '2017-02-23 10:51:31 +0000'
System info: host: 'DESKTOP-AQOISD1', ip: '192.168.234.84', os.name: 'Windows 10', os.arch: 'amd64', os.version: '10.0', java.version: '1.8.0_112'
Driver info: org.openqa.selenium.chrome.ChromeDriver
Capabilities [{applicationCacheEnabled=false, rotatable=false, mobileEmulationEnabled=false, networkConnectionEnabled=false, chrome={chromedriverVersion=2.33.506120 (e3e53437346286c0bc2d2dc9aa4915ba81d9023f), userDataDir=C:\Users\arunraj.n\AppData\Local\Temp\scoped_dir9192_7246}, takesHeapSnapshot=true, pageLoadStrategy=normal, databaseEnabled=false, handlesAlerts=true, hasTouchScreen=false, version=64.0.3282.186, platform=XP, browserConnectionEnabled=false, nativeEvents=true, acceptSslCerts=true, locationContextEnabled=true, webStorageEnabled=true, browserName=chrome, takesScreenshot=true, javascriptEnabled=true, cssSelectorsEnabled=true, setWindowRect=true, unexpectedAlertBehaviour=}]
Session ID: 527eb4c5cf37b8d94634021464094d98
	at org.openqa.selenium.support.ui.WebDriverWait.timeoutException(WebDriverWait.java:82)
	at org.openqa.selenium.support.ui.FluentWait.until(FluentWait.java:231)
	at com.skava.framework.action.SeleniumActionEngine.explicitWaitforVisibility(SeleniumActionEngine.java:183)
	at com.skava.framework.action.SeleniumActionEngine.GetTextByRandom(SeleniumActionEngine.java:546)
	at com.skava.reusable.components.PLPandPDPComponents.sort_ApplyFilter(PLPandPDPComponents.java:629)
	at com.skava.testcases.LT_387_SortClearAll.LT_387_Sort_ClearAll(LT_387_SortClearAll.java:28)
	at sun.reflect.NativeMethodAccessorImpl.invoke0(Native Method)
	at sun.reflect.NativeMethodAccessorImpl.invoke(Unknown Source)
	at sun.reflect.DelegatingMethodAccessorImpl.invoke(Unknown Source)
	at java.lang.reflect.Method.invoke(Unknown Source)
	at org.testng.internal.MethodInvocationHelper.invokeMethod(MethodInvocationHelper.java:108)
	at org.testng.internal.Invoker.invokeMethod(Invoker.java:669)
	at org.testng.internal.Invoker.invokeTestMethod(Invoker.java:877)
	at org.testng.internal.Invoker.invokeTestMethods(Invoker.java:1201)
	at org.testng.internal.TestMethodWorker.invokeTestMethods(TestMethodWorker.java:125)
	at org.testng.internal.TestMethodWorker.run(TestMethodWorker.java:109)
	at java.util.concurrent.ThreadPoolExecutor.runWorker(Unknown Source)
	at java.util.concurrent.ThreadPoolExecutor$Worker.run(Unknown Source)
	at java.lang.Thread.run(Unknown Source)
19-03-2018 18:51 ERROR - Getting selected filter name is not present - failed
19-03-2018 18:51 INFO  - Apply button is displayed on selecting the category is displayed - Pass
19-03-2018 18:51 INFO  - scrolled to Scroll to apply - Pass
19-03-2018 18:51 INFO  - Click apply button is clicked - Pass
19-03-2018 18:51 INFO  - http://m.lordandtaylor.com/ is opened - Pass
19-03-2018 18:51 INFO  - Click Search is clicked - Pass
19-03-2018 18:51 INFO  - shirts is entered in Search - Pass
19-03-2018 18:51 INFO  - http://m.lordandtaylor.com/ is opened - Pass
19-03-2018 18:51 INFO  - Click Search is clicked - Pass
19-03-2018 18:51 INFO  - shoes is entered in Search - Pass
19-03-2018 18:52 INFO  - search/PLP page is displayed - Pass
19-03-2018 18:52 INFO  - Search Count is displayed - Pass
19-03-2018 18:52 INFO  - search/PLP page is displayed - Pass
19-03-2018 18:52 INFO  - Search Count is displayed - Pass
19-03-2018 18:52 INFO  - PDP Page wait is displayed - Pass
19-03-2018 18:52 INFO  - scrolled to Scrolling - Pass
19-03-2018 18:52 INFO  - Deatils is displayed - Pass
19-03-2018 18:52 INFO  - Details List is displayed - Pass
19-03-2018 18:52 INFO  - PDP Page wait is displayed - Pass
19-03-2018 18:52 INFO  - scrolled to Scrolling - Pass
19-03-2018 18:52 INFO  - Colour Field present is displayed - Pass
19-03-2018 18:52 INFO  - http://m.lordandtaylor.com/ is opened - Pass
19-03-2018 18:52 INFO  - Click Search is clicked - Pass
19-03-2018 18:52 INFO  - Size field is displayed - Pass
19-03-2018 18:52 INFO  - scrolled to Add To Bag - Pass
19-03-2018 18:52 INFO  - Add To Bag Clicked is clicked - Pass
19-03-2018 18:52 INFO  - Success Overlay is displayed - Pass
19-03-2018 18:52 INFO  - Success Overlay is displayed - Pass
19-03-2018 18:52 INFO  - Close OverLay Clicked is clicked - Pass
19-03-2018 18:52 ERROR - TimeoutException
org.openqa.selenium.TimeoutException: Expected condition failed: waiting for visibility of element located by By.xpath: //*[@id='sk_mobSearchForm']/input (tried for 10 second(s) with 500 MILLISECONDS interval)
Build info: version: '3.2.0', revision: '8c03df6b79', time: '2017-02-23 10:51:31 +0000'
System info: host: 'DESKTOP-AQOISD1', ip: '192.168.234.84', os.name: 'Windows 10', os.arch: 'amd64', os.version: '10.0', java.version: '1.8.0_112'
Driver info: org.openqa.selenium.chrome.ChromeDriver
Capabilities [{applicationCacheEnabled=false, rotatable=false, mobileEmulationEnabled=false, networkConnectionEnabled=false, chrome={chromedriverVersion=2.33.506120 (e3e53437346286c0bc2d2dc9aa4915ba81d9023f), userDataDir=C:\Users\arunraj.n\AppData\Local\Temp\scoped_dir26820_8405}, takesHeapSnapshot=true, pageLoadStrategy=normal, databaseEnabled=false, handlesAlerts=true, hasTouchScreen=false, version=64.0.3282.186, platform=XP, browserConnectionEnabled=false, nativeEvents=true, acceptSslCerts=true, locationContextEnabled=true, webStorageEnabled=true, browserName=chrome, takesScreenshot=true, javascriptEnabled=true, cssSelectorsEnabled=true, setWindowRect=true, unexpectedAlertBehaviour=}]
Session ID: f99451acde0c2d171be8e213ae4abfc6
	at org.openqa.selenium.support.ui.WebDriverWait.timeoutException(WebDriverWait.java:82)
	at org.openqa.selenium.support.ui.FluentWait.until(FluentWait.java:231)
	at com.skava.framework.action.SeleniumActionEngine.explicitWaitforVisibility(SeleniumActionEngine.java:183)
	at com.skava.framework.action.SeleniumActionEngine.enterTextAndSubmit(SeleniumActionEngine.java:467)
	at com.skava.reusable.components.HomePageComponents.searchValidation(HomePageComponents.java:235)
	at com.skava.testcases.LT_454_ViewBag_Checkout_Cart_Validation.LT_454_ViewBag_Checkout_Cart_Validation(LT_454_ViewBag_Checkout_Cart_Validation.java:25)
	at sun.reflect.NativeMethodAccessorImpl.invoke0(Native Method)
	at sun.reflect.NativeMethodAccessorImpl.invoke(Unknown Source)
	at sun.reflect.DelegatingMethodAccessorImpl.invoke(Unknown Source)
	at java.lang.reflect.Method.invoke(Unknown Source)
	at org.testng.internal.MethodInvocationHelper.invokeMethod(MethodInvocationHelper.java:108)
	at org.testng.internal.Invoker.invokeMethod(Invoker.java:669)
	at org.testng.internal.Invoker.invokeTestMethod(Invoker.java:877)
	at org.testng.internal.Invoker.invokeTestMethods(Invoker.java:1201)
	at org.testng.internal.TestMethodWorker.invokeTestMethods(TestMethodWorker.java:125)
	at org.testng.internal.TestMethodWorker.run(TestMethodWorker.java:109)
	at java.util.concurrent.ThreadPoolExecutor.runWorker(Unknown Source)
	at java.util.concurrent.ThreadPoolExecutor$Worker.run(Unknown Source)
	at java.lang.Thread.run(Unknown Source)
19-03-2018 18:52 ERROR - Search is not present - failed
19-03-2018 18:52 INFO  - http://m.lordandtaylor.com/ is opened - Pass
19-03-2018 18:52 INFO  - Wait to get site Loaded is displayed - Pass
19-03-2018 18:52 INFO  - Click Menu is clicked - Pass
19-03-2018 18:52 INFO  - http://m.lordandtaylor.com/ is opened - Pass
19-03-2018 18:52 INFO  - Wait to get site Loaded is displayed - Pass
19-03-2018 18:52 INFO  - Click Menu is clicked - Pass
19-03-2018 18:52 INFO  - http://m.lordandtaylor.com/ is opened - Pass
19-03-2018 18:52 INFO  - Wait to get site Loaded is displayed - Pass
19-03-2018 18:52 INFO  - Click Menu is clicked - Pass
19-03-2018 18:53 ERROR - TimeoutException
org.openqa.selenium.TimeoutException: Expected condition failed: waiting for visibility of element located by By.xpath: //*[contains(@class,'productlistTab sk_sideFilter sk_sideFilterEnabled')] (tried for 30 second(s) with 500 MILLISECONDS interval)
	at org.openqa.selenium.support.ui.WebDriverWait.timeoutException(WebDriverWait.java:82)
	at org.openqa.selenium.support.ui.FluentWait.until(FluentWait.java:231)
	at com.skava.framework.action.SeleniumActionEngine.explicitWaitforVisibility(SeleniumActionEngine.java:183)
	at com.skava.framework.action.SeleniumActionEngine.isElementDisplayed(SeleniumActionEngine.java:201)
	at com.skava.reusable.components.HomePageComponents.searchValidation(HomePageComponents.java:236)
	at com.skava.testcases.LT_454_ViewBag_Checkout_Cart_Validation.LT_454_ViewBag_Checkout_Cart_Validation(LT_454_ViewBag_Checkout_Cart_Validation.java:25)
	at sun.reflect.NativeMethodAccessorImpl.invoke0(Native Method)
	at sun.reflect.NativeMethodAccessorImpl.invoke(Unknown Source)
	at sun.reflect.DelegatingMethodAccessorImpl.invoke(Unknown Source)
	at java.lang.reflect.Method.invoke(Unknown Source)
	at org.testng.internal.MethodInvocationHelper.invokeMethod(MethodInvocationHelper.java:108)
	at org.testng.internal.Invoker.invokeMethod(Invoker.java:669)
	at org.testng.internal.Invoker.invokeTestMethod(Invoker.java:877)
	at org.testng.internal.Invoker.invokeTestMethods(Invoker.java:1201)
	at org.testng.internal.TestMethodWorker.invokeTestMethods(TestMethodWorker.java:125)
	at org.testng.internal.TestMethodWorker.run(TestMethodWorker.java:109)
	at java.util.concurrent.ThreadPoolExecutor.runWorker(Unknown Source)
	at java.util.concurrent.ThreadPoolExecutor$Worker.run(Unknown Source)
	at java.lang.Thread.run(Unknown Source)
Caused by: org.openqa.selenium.NoSuchElementException: Cannot locate an element using By.xpath: //*[contains(@class,'productlistTab sk_sideFilter sk_sideFilterEnabled')]
For documentation on this error, please visit: http://seleniumhq.org/exceptions/no_such_element.html
Build info: version: '3.2.0', revision: '8c03df6b79', time: '2017-02-23 10:51:31 +0000'
System info: host: 'DESKTOP-AQOISD1', ip: '192.168.234.84', os.name: 'Windows 10', os.arch: 'amd64', os.version: '10.0', java.version: '1.8.0_112'
Driver info: driver.version: unknown
	at org.openqa.selenium.support.ui.ExpectedConditions.lambda$findElement$0(ExpectedConditions.java:882)
	at java.util.Optional.orElseThrow(Unknown Source)
	at org.openqa.selenium.support.ui.ExpectedConditions.findElement(ExpectedConditions.java:881)
	at org.openqa.selenium.support.ui.ExpectedConditions.access$000(ExpectedConditions.java:43)
	at org.openqa.selenium.support.ui.ExpectedConditions$7.apply(ExpectedConditions.java:205)
	at org.openqa.selenium.support.ui.ExpectedConditions$7.apply(ExpectedConditions.java:201)
	at org.openqa.selenium.support.ui.FluentWait.until(FluentWait.java:208)
	... 17 more
19-03-2018 18:53 ERROR - search/PLP page is not present - failed
19-03-2018 18:53 INFO  - http://m.lordandtaylor.com/ is opened - Pass
19-03-2018 18:53 INFO  - Wait to get site Loaded is displayed - Pass
19-03-2018 18:53 INFO  - Click Menu is clicked - Pass
19-03-2018 18:53 ERROR - WebDriverException
org.openqa.selenium.WebDriverException: unknown error: Element is not clickable at point (-134, 667)
  (Session info: chrome=64.0.3282.186)
  (Driver info: chromedriver=2.33.506120 (e3e53437346286c0bc2d2dc9aa4915ba81d9023f),platform=Windows NT 10.0.16299 x86_64) (WARNING: The server did not provide any stacktrace information)
Command duration or timeout: 41 milliseconds
Build info: version: '3.2.0', revision: '8c03df6b79', time: '2017-02-23 10:51:31 +0000'
System info: host: 'DESKTOP-AQOISD1', ip: '192.168.234.84', os.name: 'Windows 10', os.arch: 'amd64', os.version: '10.0', java.version: '1.8.0_112'
Driver info: org.openqa.selenium.chrome.ChromeDriver
Capabilities [{applicationCacheEnabled=false, rotatable=false, mobileEmulationEnabled=false, networkConnectionEnabled=false, chrome={chromedriverVersion=2.33.506120 (e3e53437346286c0bc2d2dc9aa4915ba81d9023f), userDataDir=C:\Users\arunraj.n\AppData\Local\Temp\scoped_dir28352_27228}, takesHeapSnapshot=true, pageLoadStrategy=normal, databaseEnabled=false, handlesAlerts=true, hasTouchScreen=false, version=64.0.3282.186, platform=XP, browserConnectionEnabled=false, nativeEvents=true, acceptSslCerts=true, locationContextEnabled=true, webStorageEnabled=true, browserName=chrome, takesScreenshot=true, javascriptEnabled=true, cssSelectorsEnabled=true, setWindowRect=true, unexpectedAlertBehaviour=}]
Session ID: 2cc88bf526095558016d262e3a89af84
	at sun.reflect.NativeConstructorAccessorImpl.newInstance0(Native Method)
	at sun.reflect.NativeConstructorAccessorImpl.newInstance(Unknown Source)
	at sun.reflect.DelegatingConstructorAccessorImpl.newInstance(Unknown Source)
	at java.lang.reflect.Constructor.newInstance(Unknown Source)
	at org.openqa.selenium.remote.ErrorHandler.createThrowable(ErrorHandler.java:216)
	at org.openqa.selenium.remote.ErrorHandler.throwIfResponseFailed(ErrorHandler.java:168)
	at org.openqa.selenium.remote.RemoteWebDriver.execute(RemoteWebDriver.java:638)
	at org.openqa.selenium.remote.RemoteWebElement.execute(RemoteWebElement.java:274)
	at org.openqa.selenium.remote.RemoteWebElement.click(RemoteWebElement.java:84)
	at com.skava.framework.action.SeleniumActionEngine.clickElement(SeleniumActionEngine.java:103)
	at com.skava.reusable.components.GeneralComponents.clickMyAccountIcon(GeneralComponents.java:63)
	at com.skava.testcases.LT_1608_MyAccount.LT_1608_MyAccount(LT_1608_MyAccount.java:27)
	at sun.reflect.NativeMethodAccessorImpl.invoke0(Native Method)
	at sun.reflect.NativeMethodAccessorImpl.invoke(Unknown Source)
	at sun.reflect.DelegatingMethodAccessorImpl.invoke(Unknown Source)
	at java.lang.reflect.Method.invoke(Unknown Source)
	at org.testng.internal.MethodInvocationHelper.invokeMethod(MethodInvocationHelper.java:108)
	at org.testng.internal.Invoker.invokeMethod(Invoker.java:669)
	at org.testng.internal.Invoker.invokeTestMethod(Invoker.java:877)
	at org.testng.internal.Invoker.invokeTestMethods(Invoker.java:1201)
	at org.testng.internal.TestMethodWorker.invokeTestMethods(TestMethodWorker.java:125)
	at org.testng.internal.TestMethodWorker.run(TestMethodWorker.java:109)
	at java.util.concurrent.ThreadPoolExecutor.runWorker(Unknown Source)
	at java.util.concurrent.ThreadPoolExecutor$Worker.run(Unknown Source)
	at java.lang.Thread.run(Unknown Source)
19-03-2018 18:53 ERROR - Enetered Loginis not present - failed
19-03-2018 18:53 ERROR - TimeoutException
org.openqa.selenium.TimeoutException: Expected condition failed: waiting for visibility of element located by By.className: skMob_ProductCountVal (tried for 10 second(s) with 500 MILLISECONDS interval)
	at org.openqa.selenium.support.ui.WebDriverWait.timeoutException(WebDriverWait.java:82)
	at org.openqa.selenium.support.ui.FluentWait.until(FluentWait.java:231)
	at com.skava.framework.action.SeleniumActionEngine.explicitWaitforVisibility(SeleniumActionEngine.java:183)
	at com.skava.framework.action.SeleniumActionEngine.isElementDisplayed(SeleniumActionEngine.java:201)
	at com.skava.reusable.components.HomePageComponents.searchValidation(HomePageComponents.java:248)
	at com.skava.testcases.LT_454_ViewBag_Checkout_Cart_Validation.LT_454_ViewBag_Checkout_Cart_Validation(LT_454_ViewBag_Checkout_Cart_Validation.java:25)
	at sun.reflect.NativeMethodAccessorImpl.invoke0(Native Method)
	at sun.reflect.NativeMethodAccessorImpl.invoke(Unknown Source)
	at sun.reflect.DelegatingMethodAccessorImpl.invoke(Unknown Source)
	at java.lang.reflect.Method.invoke(Unknown Source)
	at org.testng.internal.MethodInvocationHelper.invokeMethod(MethodInvocationHelper.java:108)
	at org.testng.internal.Invoker.invokeMethod(Invoker.java:669)
	at org.testng.internal.Invoker.invokeTestMethod(Invoker.java:877)
	at org.testng.internal.Invoker.invokeTestMethods(Invoker.java:1201)
	at org.testng.internal.TestMethodWorker.invokeTestMethods(TestMethodWorker.java:125)
	at org.testng.internal.TestMethodWorker.run(TestMethodWorker.java:109)
	at java.util.concurrent.ThreadPoolExecutor.runWorker(Unknown Source)
	at java.util.concurrent.ThreadPoolExecutor$Worker.run(Unknown Source)
	at java.lang.Thread.run(Unknown Source)
Caused by: org.openqa.selenium.NoSuchElementException: Cannot locate an element using By.className: skMob_ProductCountVal
For documentation on this error, please visit: http://seleniumhq.org/exceptions/no_such_element.html
Build info: version: '3.2.0', revision: '8c03df6b79', time: '2017-02-23 10:51:31 +0000'
System info: host: 'DESKTOP-AQOISD1', ip: '192.168.234.84', os.name: 'Windows 10', os.arch: 'amd64', os.version: '10.0', java.version: '1.8.0_112'
Driver info: driver.version: unknown
	at org.openqa.selenium.support.ui.ExpectedConditions.lambda$findElement$0(ExpectedConditions.java:882)
	at java.util.Optional.orElseThrow(Unknown Source)
	at org.openqa.selenium.support.ui.ExpectedConditions.findElement(ExpectedConditions.java:881)
	at org.openqa.selenium.support.ui.ExpectedConditions.access$000(ExpectedConditions.java:43)
	at org.openqa.selenium.support.ui.ExpectedConditions$7.apply(ExpectedConditions.java:205)
	at org.openqa.selenium.support.ui.ExpectedConditions$7.apply(ExpectedConditions.java:201)
	at org.openqa.selenium.support.ui.FluentWait.until(FluentWait.java:208)
	... 17 more
19-03-2018 18:53 ERROR - Search Count is not present - failed
19-03-2018 18:53 ERROR - TimeoutException
org.openqa.selenium.TimeoutException: Expected condition failed: waiting for visibility of element located by By.id: sign-into-account-email-field (tried for 10 second(s) with 500 MILLISECONDS interval)
	at org.openqa.selenium.support.ui.WebDriverWait.timeoutException(WebDriverWait.java:82)
	at org.openqa.selenium.support.ui.FluentWait.until(FluentWait.java:231)
	at com.skava.framework.action.SeleniumActionEngine.explicitWaitforVisibility(SeleniumActionEngine.java:183)
	at com.skava.framework.action.SeleniumActionEngine.enterText(SeleniumActionEngine.java:75)
	at com.skava.reusable.components.LoginComponents.enterLoginCredentials(LoginComponents.java:14)
	at com.skava.testcases.LT_1608_MyAccount.LT_1608_MyAccount(LT_1608_MyAccount.java:28)
	at sun.reflect.NativeMethodAccessorImpl.invoke0(Native Method)
	at sun.reflect.NativeMethodAccessorImpl.invoke(Unknown Source)
	at sun.reflect.DelegatingMethodAccessorImpl.invoke(Unknown Source)
	at java.lang.reflect.Method.invoke(Unknown Source)
	at org.testng.internal.MethodInvocationHelper.invokeMethod(MethodInvocationHelper.java:108)
	at org.testng.internal.Invoker.invokeMethod(Invoker.java:669)
	at org.testng.internal.Invoker.invokeTestMethod(Invoker.java:877)
	at org.testng.internal.Invoker.invokeTestMethods(Invoker.java:1201)
	at org.testng.internal.TestMethodWorker.invokeTestMethods(TestMethodWorker.java:125)
	at org.testng.internal.TestMethodWorker.run(TestMethodWorker.java:109)
	at java.util.concurrent.ThreadPoolExecutor.runWorker(Unknown Source)
	at java.util.concurrent.ThreadPoolExecutor$Worker.run(Unknown Source)
	at java.lang.Thread.run(Unknown Source)
Caused by: org.openqa.selenium.NoSuchElementException: Cannot locate an element using By.id: sign-into-account-email-field
For documentation on this error, please visit: http://seleniumhq.org/exceptions/no_such_element.html
Build info: version: '3.2.0', revision: '8c03df6b79', time: '2017-02-23 10:51:31 +0000'
System info: host: 'DESKTOP-AQOISD1', ip: '192.168.234.84', os.name: 'Windows 10', os.arch: 'amd64', os.version: '10.0', java.version: '1.8.0_112'
Driver info: driver.version: unknown
	at org.openqa.selenium.support.ui.ExpectedConditions.lambda$findElement$0(ExpectedConditions.java:882)
	at java.util.Optional.orElseThrow(Unknown Source)
	at org.openqa.selenium.support.ui.ExpectedConditions.findElement(ExpectedConditions.java:881)
	at org.openqa.selenium.support.ui.ExpectedConditions.access$000(ExpectedConditions.java:43)
	at org.openqa.selenium.support.ui.ExpectedConditions$7.apply(ExpectedConditions.java:205)
	at org.openqa.selenium.support.ui.ExpectedConditions$7.apply(ExpectedConditions.java:201)
	at org.openqa.selenium.support.ui.FluentWait.until(FluentWait.java:208)
	... 17 more
19-03-2018 18:53 ERROR - Email is not present - failed
19-03-2018 18:53 INFO  - http://m.lordandtaylor.com/ is opened - Pass
19-03-2018 18:53 INFO  - Wait to get site Loaded is displayed - Pass
19-03-2018 18:53 INFO  - Click Menu is clicked - Pass
19-03-2018 18:53 ERROR - TimeoutException
org.openqa.selenium.TimeoutException: Expected condition failed: waiting for visibility of element located by By.id: sign-into-account-password-field (tried for 10 second(s) with 500 MILLISECONDS interval)
	at org.openqa.selenium.support.ui.WebDriverWait.timeoutException(WebDriverWait.java:82)
	at org.openqa.selenium.support.ui.FluentWait.until(FluentWait.java:231)
	at com.skava.framework.action.SeleniumActionEngine.explicitWaitforVisibility(SeleniumActionEngine.java:183)
	at com.skava.framework.action.SeleniumActionEngine.enterTextAndSubmit(SeleniumActionEngine.java:467)
	at com.skava.reusable.components.LoginComponents.enterLoginCredentials(LoginComponents.java:15)
	at com.skava.testcases.LT_1608_MyAccount.LT_1608_MyAccount(LT_1608_MyAccount.java:28)
	at sun.reflect.NativeMethodAccessorImpl.invoke0(Native Method)
	at sun.reflect.NativeMethodAccessorImpl.invoke(Unknown Source)
	at sun.reflect.DelegatingMethodAccessorImpl.invoke(Unknown Source)
	at java.lang.reflect.Method.invoke(Unknown Source)
	at org.testng.internal.MethodInvocationHelper.invokeMethod(MethodInvocationHelper.java:108)
	at org.testng.internal.Invoker.invokeMethod(Invoker.java:669)
	at org.testng.internal.Invoker.invokeTestMethod(Invoker.java:877)
	at org.testng.internal.Invoker.invokeTestMethods(Invoker.java:1201)
	at org.testng.internal.TestMethodWorker.invokeTestMethods(TestMethodWorker.java:125)
	at org.testng.internal.TestMethodWorker.run(TestMethodWorker.java:109)
	at java.util.concurrent.ThreadPoolExecutor.runWorker(Unknown Source)
	at java.util.concurrent.ThreadPoolExecutor$Worker.run(Unknown Source)
	at java.lang.Thread.run(Unknown Source)
Caused by: org.openqa.selenium.NoSuchElementException: Cannot locate an element using By.id: sign-into-account-password-field
For documentation on this error, please visit: http://seleniumhq.org/exceptions/no_such_element.html
Build info: version: '3.2.0', revision: '8c03df6b79', time: '2017-02-23 10:51:31 +0000'
System info: host: 'DESKTOP-AQOISD1', ip: '192.168.234.84', os.name: 'Windows 10', os.arch: 'amd64', os.version: '10.0', java.version: '1.8.0_112'
Driver info: driver.version: unknown
	at org.openqa.selenium.support.ui.ExpectedConditions.lambda$findElement$0(ExpectedConditions.java:882)
	at java.util.Optional.orElseThrow(Unknown Source)
	at org.openqa.selenium.support.ui.ExpectedConditions.findElement(ExpectedConditions.java:881)
	at org.openqa.selenium.support.ui.ExpectedConditions.access$000(ExpectedConditions.java:43)
	at org.openqa.selenium.support.ui.ExpectedConditions$7.apply(ExpectedConditions.java:205)
	at org.openqa.selenium.support.ui.ExpectedConditions$7.apply(ExpectedConditions.java:201)
	at org.openqa.selenium.support.ui.FluentWait.until(FluentWait.java:208)
	... 17 more
19-03-2018 18:53 ERROR - Password is not present - failed
19-03-2018 18:53 INFO  - Enetered Login is clicked - Pass
19-03-2018 18:53 INFO  - Email is entered in the field - Pass
19-03-2018 18:53 INFO  - Spider@123 is entered in Password - Pass
19-03-2018 18:53 INFO  - My Account page displayed is displayed - Pass
19-03-2018 18:53 INFO  - scrolled to accountsummary - Pass
19-03-2018 18:54 INFO  - http://m.lordandtaylor.com/ is opened - Pass
19-03-2018 18:54 INFO  - Wait to get site Loaded is displayed - Pass
19-03-2018 18:54 INFO  - Click Menu is clicked - Pass
19-03-2018 18:54 ERROR - TimeoutException
org.openqa.selenium.TimeoutException: Expected condition failed: waiting for visibility of element located by By.className: account-summary (tried for 40 second(s) with 500 MILLISECONDS interval)
	at org.openqa.selenium.support.ui.WebDriverWait.timeoutException(WebDriverWait.java:82)
	at org.openqa.selenium.support.ui.FluentWait.until(FluentWait.java:231)
	at com.skava.framework.action.SeleniumActionEngine.explicitWaitforVisibility(SeleniumActionEngine.java:183)
	at com.skava.framework.action.SeleniumActionEngine.isElementDisplayed(SeleniumActionEngine.java:201)
	at com.skava.reusable.components.LoginComponents.myaccount(LoginComponents.java:99)
	at com.skava.testcases.LT_1608_MyAccount.LT_1608_MyAccount(LT_1608_MyAccount.java:29)
	at sun.reflect.NativeMethodAccessorImpl.invoke0(Native Method)
	at sun.reflect.NativeMethodAccessorImpl.invoke(Unknown Source)
	at sun.reflect.DelegatingMethodAccessorImpl.invoke(Unknown Source)
	at java.lang.reflect.Method.invoke(Unknown Source)
	at org.testng.internal.MethodInvocationHelper.invokeMethod(MethodInvocationHelper.java:108)
	at org.testng.internal.Invoker.invokeMethod(Invoker.java:669)
	at org.testng.internal.Invoker.invokeTestMethod(Invoker.java:877)
	at org.testng.internal.Invoker.invokeTestMethods(Invoker.java:1201)
	at org.testng.internal.TestMethodWorker.invokeTestMethods(TestMethodWorker.java:125)
	at org.testng.internal.TestMethodWorker.run(TestMethodWorker.java:109)
	at java.util.concurrent.ThreadPoolExecutor.runWorker(Unknown Source)
	at java.util.concurrent.ThreadPoolExecutor$Worker.run(Unknown Source)
	at java.lang.Thread.run(Unknown Source)
Caused by: org.openqa.selenium.NoSuchElementException: Cannot locate an element using By.className: account-summary
For documentation on this error, please visit: http://seleniumhq.org/exceptions/no_such_element.html
Build info: version: '3.2.0', revision: '8c03df6b79', time: '2017-02-23 10:51:31 +0000'
System info: host: 'DESKTOP-AQOISD1', ip: '192.168.234.84', os.name: 'Windows 10', os.arch: 'amd64', os.version: '10.0', java.version: '1.8.0_112'
Driver info: driver.version: unknown
	at org.openqa.selenium.support.ui.ExpectedConditions.lambda$findElement$0(ExpectedConditions.java:882)
	at java.util.Optional.orElseThrow(Unknown Source)
	at org.openqa.selenium.support.ui.ExpectedConditions.findElement(ExpectedConditions.java:881)
	at org.openqa.selenium.support.ui.ExpectedConditions.access$000(ExpectedConditions.java:43)
	at org.openqa.selenium.support.ui.ExpectedConditions$7.apply(ExpectedConditions.java:205)
	at org.openqa.selenium.support.ui.ExpectedConditions$7.apply(ExpectedConditions.java:201)
	at org.openqa.selenium.support.ui.FluentWait.until(FluentWait.java:208)
	... 17 more
19-03-2018 18:54 ERROR - My Account page displayed is not present - failed
19-03-2018 18:54 INFO  - Enetered Login is clicked - Pass
19-03-2018 18:54 INFO  - Email is entered in the field - Pass
19-03-2018 18:54 INFO  - Spider@123 is entered in Password - Pass
19-03-2018 18:54 INFO  - http://m.lordandtaylor.com/ is opened - Pass
19-03-2018 18:54 INFO  - Wait to get site Loaded is displayed - Pass
19-03-2018 18:54 INFO  - Click Menu is clicked - Pass
19-03-2018 18:54 INFO  - Order history is displayed - Pass
19-03-2018 18:54 INFO  - scrolled to orderhistory - Pass
19-03-2018 18:54 INFO  - orderhistory clicked is clicked - Pass
19-03-2018 18:54 INFO  - http://m.lordandtaylor.com/ is opened - Pass
19-03-2018 18:54 INFO  - Wait to get site Loaded is displayed - Pass
19-03-2018 18:54 INFO  - Click Menu is clicked - Pass
19-03-2018 18:54 INFO  - Enetered Login is clicked - Pass
19-03-2018 18:54 INFO  - Email is entered in the field - Pass
19-03-2018 18:54 INFO  - Spider@123 is entered in Password - Pass
19-03-2018 18:54 INFO  - settings is displayed - Pass
19-03-2018 18:54 INFO  - scrolled to settings - Pass
19-03-2018 18:54 INFO  - settings clicked is clicked - Pass
19-03-2018 18:54 INFO  - Enetered Login is clicked - Pass
19-03-2018 18:54 INFO  - Email is entered in the field - Pass
19-03-2018 18:54 INFO  - Spider@123 is entered in Password - Pass
19-03-2018 18:54 INFO  - http://m.lordandtaylor.com/ is opened - Pass
19-03-2018 18:54 INFO  - Wait to get site Loaded is displayed - Pass
19-03-2018 18:54 INFO  - Click Menu is clicked - Pass
19-03-2018 18:54 INFO  - shippingaddress is displayed - Pass
19-03-2018 18:54 INFO  - scrolled to shippingaddress - Pass
19-03-2018 18:54 INFO  - shippingaddress clicked is clicked - Pass
19-03-2018 18:55 INFO  - http://m.lordandtaylor.com/ is opened - Pass
19-03-2018 18:55 INFO  - Wait to get site Loaded is displayed - Pass
19-03-2018 18:55 INFO  - Click Menu is clicked - Pass
19-03-2018 18:55 INFO  - Enetered Login is clicked - Pass
19-03-2018 18:55 INFO  - Email is entered in the field - Pass
19-03-2018 18:55 INFO  - Spider@123 is entered in Password - Pass
19-03-2018 18:55 INFO  - billingaddress is displayed - Pass
19-03-2018 18:55 INFO  - scrolled to billingaddress - Pass
19-03-2018 18:55 INFO  - billingaddress clicked is clicked - Pass
19-03-2018 18:55 INFO  - http://m.lordandtaylor.com/ is opened - Pass
19-03-2018 18:55 INFO  - Click Search is clicked - Pass
19-03-2018 18:55 INFO  - Shoes is entered in Search - Pass
19-03-2018 18:55 INFO  - Enetered Login is clicked - Pass
19-03-2018 18:55 INFO  - Email is entered in the field - Pass
19-03-2018 18:55 INFO  - Spider@123 is entered in Password - Pass
19-03-2018 18:55 INFO  - payment is displayed - Pass
19-03-2018 18:55 INFO  - scrolled to payment - Pass
19-03-2018 18:55 INFO  - payment clicked is clicked - Pass
19-03-2018 18:55 INFO  - search/PLP page is displayed - Pass
19-03-2018 18:55 INFO  - Search Count is displayed - Pass
19-03-2018 18:55 INFO  - PDP Page wait is displayed - Pass
19-03-2018 18:55 INFO  - http://m.lordandtaylor.com/ is opened - Pass
19-03-2018 18:55 INFO  - Click Search is clicked - Pass
19-03-2018 18:55 INFO  - Shoes is entered in Search - Pass
19-03-2018 18:55 INFO  - Wait is displayed - Pass
19-03-2018 18:55 INFO  - Product QTY increment is displayed - Pass
19-03-2018 18:55 INFO  - scrolled to QTY - Pass
19-03-2018 18:55 INFO  - Increment Click is clicked - Pass
19-03-2018 18:55 INFO  - Wait is displayed - Pass
19-03-2018 18:55 INFO  - search/PLP page is displayed - Pass
19-03-2018 18:55 INFO  - Search Count is displayed - Pass
19-03-2018 18:56 INFO  - http://m.lordandtaylor.com/ is opened - Pass
19-03-2018 18:56 INFO  - PDP Page wait is displayed - Pass
19-03-2018 18:56 INFO  - Wait is displayed - Pass
19-03-2018 18:56 INFO  - Product QTY increment is displayed - Pass
19-03-2018 18:56 INFO  - scrolled to QTY - Pass
19-03-2018 18:56 INFO  - Increment Click is clicked - Pass
19-03-2018 18:56 INFO  - Wait is displayed - Pass
19-03-2018 18:56 INFO  - Product QTY decrement is displayed - Pass
19-03-2018 18:56 INFO  - scrolled to QTY - Pass
19-03-2018 18:56 INFO  - Wait is displayed - Pass
19-03-2018 18:56 INFO  - Decrement Click is clicked - Pass
19-03-2018 18:56 INFO  - Wait is displayed - Pass
19-03-2018 18:56 INFO  - http://m.lordandtaylor.com/ is opened - Pass
19-03-2018 18:56 INFO  - Click Search is clicked - Pass
19-03-2018 18:56 INFO  - Shirts is entered in Search - Pass
19-03-2018 18:56 INFO  - search/PLP page is displayed - Pass
19-03-2018 18:56 INFO  - Search Count is displayed - Pass
19-03-2018 18:56 INFO  - Product List Page is displayed - Pass
19-03-2018 18:56 INFO  - Product Image is displayed - Pass
19-03-2018 18:56 INFO  - Product NameList is displayed - Pass
19-03-2018 18:56 INFO  - Product Description is displayed - Pass
19-03-2018 18:56 INFO  - Product Price is displayed - Pass
19-03-2018 18:56 INFO  - PDP Page wait is displayed - Pass
19-03-2018 18:56 INFO  - Wait Bag Qty is displayed - Pass
19-03-2018 18:56 INFO  - scrolled to Scroll Bag Qty - Pass
19-03-2018 18:56 INFO  - scrolled to Scrolling - Pass
19-03-2018 18:56 INFO  - Colour Field present is displayed - Pass
19-03-2018 18:56 INFO  - Size field is displayed - Pass
19-03-2018 18:56 INFO  - scrolled to Add To Bag - Pass
19-03-2018 18:56 INFO  - Add To Bag Clicked is clicked - Pass
19-03-2018 18:56 INFO  - Click Cart is clicked - Pass
19-03-2018 18:56 INFO  - Cart wrapper Opened is displayed - Pass
19-03-2018 18:56 INFO  - Cart Empty Text is displayed - Pass
19-03-2018 18:56 INFO  - PDP overlay is displayed - Pass
19-03-2018 18:56 INFO  - Wait Bag Qty is displayed - Pass
19-03-2018 18:56 INFO  - scrolled to Scroll Bag Qty - Pass
19-03-2018 18:56 INFO  - Back To Homepage is clicked - Pass
19-03-2018 18:56 ERROR - TimeoutException
org.openqa.selenium.TimeoutException: timeout
  (Session info: chrome=64.0.3282.186)
  (Driver info: chromedriver=2.33.506120 (e3e53437346286c0bc2d2dc9aa4915ba81d9023f),platform=Windows NT 10.0.16299 x86_64) (WARNING: The server did not provide any stacktrace information)
Command duration or timeout: 300.01 seconds
Build info: version: '3.2.0', revision: '8c03df6b79', time: '2017-02-23 10:51:31 +0000'
System info: host: 'DESKTOP-AQOISD1', ip: '192.168.234.84', os.name: 'Windows 10', os.arch: 'amd64', os.version: '10.0', java.version: '1.8.0_112'
Driver info: org.openqa.selenium.chrome.ChromeDriver
Capabilities [{applicationCacheEnabled=false, rotatable=false, mobileEmulationEnabled=false, networkConnectionEnabled=false, chrome={chromedriverVersion=2.33.506120 (e3e53437346286c0bc2d2dc9aa4915ba81d9023f), userDataDir=C:\Users\arunraj.n\AppData\Local\Temp\scoped_dir9192_7246}, takesHeapSnapshot=true, pageLoadStrategy=normal, databaseEnabled=false, handlesAlerts=true, hasTouchScreen=false, version=64.0.3282.186, platform=XP, browserConnectionEnabled=false, nativeEvents=true, acceptSslCerts=true, locationContextEnabled=true, webStorageEnabled=true, browserName=chrome, takesScreenshot=true, javascriptEnabled=true, cssSelectorsEnabled=true, setWindowRect=true, unexpectedAlertBehaviour=}]
Session ID: 527eb4c5cf37b8d94634021464094d98
*** Element info: {Using=id, value=pdpAddtoBagBtn}
	at sun.reflect.NativeConstructorAccessorImpl.newInstance0(Native Method)
	at sun.reflect.NativeConstructorAccessorImpl.newInstance(Unknown Source)
	at sun.reflect.DelegatingConstructorAccessorImpl.newInstance(Unknown Source)
	at java.lang.reflect.Constructor.newInstance(Unknown Source)
	at org.openqa.selenium.remote.ErrorHandler.createThrowable(ErrorHandler.java:216)
	at org.openqa.selenium.remote.ErrorHandler.throwIfResponseFailed(ErrorHandler.java:168)
	at org.openqa.selenium.remote.RemoteWebDriver.execute(RemoteWebDriver.java:638)
	at org.openqa.selenium.remote.RemoteWebDriver.findElements(RemoteWebDriver.java:396)
	at org.openqa.selenium.remote.RemoteWebDriver.findElementsById(RemoteWebDriver.java:424)
	at org.openqa.selenium.By$ById.findElements(By.java:210)
	at org.openqa.selenium.remote.RemoteWebDriver.findElements(RemoteWebDriver.java:359)
	at org.openqa.selenium.support.ui.ExpectedConditions.findElement(ExpectedConditions.java:881)
	at org.openqa.selenium.support.ui.ExpectedConditions.access$000(ExpectedConditions.java:43)
	at org.openqa.selenium.support.ui.ExpectedConditions$7.apply(ExpectedConditions.java:205)
	at org.openqa.selenium.support.ui.ExpectedConditions$7.apply(ExpectedConditions.java:201)
	at org.openqa.selenium.support.ui.FluentWait.until(FluentWait.java:208)
	at com.skava.framework.action.SeleniumActionEngine.explicitWaitforVisibility(SeleniumActionEngine.java:183)
	at com.skava.reusable.components.PLPandPDPComponents.sort_ApplyFilter(PLPandPDPComponents.java:641)
	at com.skava.testcases.LT_387_SortClearAll.LT_387_Sort_ClearAll(LT_387_SortClearAll.java:28)
	at sun.reflect.NativeMethodAccessorImpl.invoke0(Native Method)
	at sun.reflect.NativeMethodAccessorImpl.invoke(Unknown Source)
	at sun.reflect.DelegatingMethodAccessorImpl.invoke(Unknown Source)
	at java.lang.reflect.Method.invoke(Unknown Source)
	at org.testng.internal.MethodInvocationHelper.invokeMethod(MethodInvocationHelper.java:108)
	at org.testng.internal.Invoker.invokeMethod(Invoker.java:669)
	at org.testng.internal.Invoker.invokeTestMethod(Invoker.java:877)
	at org.testng.internal.Invoker.invokeTestMethods(Invoker.java:1201)
	at org.testng.internal.TestMethodWorker.invokeTestMethods(TestMethodWorker.java:125)
	at org.testng.internal.TestMethodWorker.run(TestMethodWorker.java:109)
	at java.util.concurrent.ThreadPoolExecutor.runWorker(Unknown Source)
	at java.util.concurrent.ThreadPoolExecutor$Worker.run(Unknown Source)
	at java.lang.Thread.run(Unknown Source)
19-03-2018 18:56 ERROR - Wait is not present - failed
19-03-2018 18:56 INFO  - PLP page is displayed after sorting is displayed - Pass
19-03-2018 18:56 INFO  - PLP page is displayed after sorting is displayed - Pass
19-03-2018 18:57 INFO  - http://m.lordandtaylor.com/ is opened - Pass
19-03-2018 18:57 INFO  - Click Search is clicked - Pass
19-03-2018 18:57 INFO  - Shirts is entered in Search - Pass
19-03-2018 18:57 INFO  - http://m.lordandtaylor.com/ is opened - Pass
19-03-2018 18:57 INFO  - Click Search is clicked - Pass
19-03-2018 18:57 INFO  - Shirts is entered in Search - Pass
19-03-2018 18:57 ERROR - TimeoutException
org.openqa.selenium.TimeoutException: Expected condition failed: waiting for visibility of element located by By.id: pdpAddtoBagBtn (tried for 5 second(s) with 500 MILLISECONDS interval)
	at org.openqa.selenium.support.ui.WebDriverWait.timeoutException(WebDriverWait.java:82)
	at org.openqa.selenium.support.ui.FluentWait.until(FluentWait.java:231)
	at com.skava.framework.action.SeleniumActionEngine.explicitWaitforVisibility(SeleniumActionEngine.java:183)
	at com.skava.reusable.components.PLPandPDPComponents.sort_ApplyFilter(PLPandPDPComponents.java:648)
	at com.skava.testcases.LT_387_SortClearAll.LT_387_Sort_ClearAll(LT_387_SortClearAll.java:28)
	at sun.reflect.NativeMethodAccessorImpl.invoke0(Native Method)
	at sun.reflect.NativeMethodAccessorImpl.invoke(Unknown Source)
	at sun.reflect.DelegatingMethodAccessorImpl.invoke(Unknown Source)
	at java.lang.reflect.Method.invoke(Unknown Source)
	at org.testng.internal.MethodInvocationHelper.invokeMethod(MethodInvocationHelper.java:108)
	at org.testng.internal.Invoker.invokeMethod(Invoker.java:669)
	at org.testng.internal.Invoker.invokeTestMethod(Invoker.java:877)
	at org.testng.internal.Invoker.invokeTestMethods(Invoker.java:1201)
	at org.testng.internal.TestMethodWorker.invokeTestMethods(TestMethodWorker.java:125)
	at org.testng.internal.TestMethodWorker.run(TestMethodWorker.java:109)
	at java.util.concurrent.ThreadPoolExecutor.runWorker(Unknown Source)
	at java.util.concurrent.ThreadPoolExecutor$Worker.run(Unknown Source)
	at java.lang.Thread.run(Unknown Source)
Caused by: org.openqa.selenium.NoSuchElementException: Cannot locate an element using By.id: pdpAddtoBagBtn
For documentation on this error, please visit: http://seleniumhq.org/exceptions/no_such_element.html
Build info: version: '3.2.0', revision: '8c03df6b79', time: '2017-02-23 10:51:31 +0000'
System info: host: 'DESKTOP-AQOISD1', ip: '192.168.234.84', os.name: 'Windows 10', os.arch: 'amd64', os.version: '10.0', java.version: '1.8.0_112'
Driver info: driver.version: unknown
	at org.openqa.selenium.support.ui.ExpectedConditions.lambda$findElement$0(ExpectedConditions.java:882)
	at java.util.Optional.orElseThrow(Unknown Source)
	at org.openqa.selenium.support.ui.ExpectedConditions.findElement(ExpectedConditions.java:881)
	at org.openqa.selenium.support.ui.ExpectedConditions.access$000(ExpectedConditions.java:43)
	at org.openqa.selenium.support.ui.ExpectedConditions$7.apply(ExpectedConditions.java:205)
	at org.openqa.selenium.support.ui.ExpectedConditions$7.apply(ExpectedConditions.java:201)
	at org.openqa.selenium.support.ui.FluentWait.until(FluentWait.java:208)
	... 16 more
19-03-2018 18:57 ERROR - Wait is not present - failed
19-03-2018 18:57 INFO  - PLP page is displayed after sorting is displayed - Pass
19-03-2018 18:57 INFO  - Wait Bag Qty is displayed - Pass
19-03-2018 18:57 ERROR - TimeoutException
org.openqa.selenium.TimeoutException: Expected condition failed: waiting for visibility of element located by By.id: pdpAddtoBagBtn (tried for 5 second(s) with 500 MILLISECONDS interval)
	at org.openqa.selenium.support.ui.WebDriverWait.timeoutException(WebDriverWait.java:82)
	at org.openqa.selenium.support.ui.FluentWait.until(FluentWait.java:231)
	at com.skava.framework.action.SeleniumActionEngine.explicitWaitforVisibility(SeleniumActionEngine.java:183)
	at com.skava.reusable.components.PLPandPDPComponents.sort_ClearAll(PLPandPDPComponents.java:728)
	at com.skava.testcases.LT_387_SortClearAll.LT_387_Sort_ClearAll(LT_387_SortClearAll.java:29)
	at sun.reflect.NativeMethodAccessorImpl.invoke0(Native Method)
	at sun.reflect.NativeMethodAccessorImpl.invoke(Unknown Source)
	at sun.reflect.DelegatingMethodAccessorImpl.invoke(Unknown Source)
	at java.lang.reflect.Method.invoke(Unknown Source)
	at org.testng.internal.MethodInvocationHelper.invokeMethod(MethodInvocationHelper.java:108)
	at org.testng.internal.Invoker.invokeMethod(Invoker.java:669)
	at org.testng.internal.Invoker.invokeTestMethod(Invoker.java:877)
	at org.testng.internal.Invoker.invokeTestMethods(Invoker.java:1201)
	at org.testng.internal.TestMethodWorker.invokeTestMethods(TestMethodWorker.java:125)
	at org.testng.internal.TestMethodWorker.run(TestMethodWorker.java:109)
	at java.util.concurrent.ThreadPoolExecutor.runWorker(Unknown Source)
	at java.util.concurrent.ThreadPoolExecutor$Worker.run(Unknown Source)
	at java.lang.Thread.run(Unknown Source)
Caused by: org.openqa.selenium.NoSuchElementException: Cannot locate an element using By.id: pdpAddtoBagBtn
For documentation on this error, please visit: http://seleniumhq.org/exceptions/no_such_element.html
Build info: version: '3.2.0', revision: '8c03df6b79', time: '2017-02-23 10:51:31 +0000'
System info: host: 'DESKTOP-AQOISD1', ip: '192.168.234.84', os.name: 'Windows 10', os.arch: 'amd64', os.version: '10.0', java.version: '1.8.0_112'
Driver info: driver.version: unknown
	at org.openqa.selenium.support.ui.ExpectedConditions.lambda$findElement$0(ExpectedConditions.java:882)
	at java.util.Optional.orElseThrow(Unknown Source)
	at org.openqa.selenium.support.ui.ExpectedConditions.findElement(ExpectedConditions.java:881)
	at org.openqa.selenium.support.ui.ExpectedConditions.access$000(ExpectedConditions.java:43)
	at org.openqa.selenium.support.ui.ExpectedConditions$7.apply(ExpectedConditions.java:205)
	at org.openqa.selenium.support.ui.ExpectedConditions$7.apply(ExpectedConditions.java:201)
	at org.openqa.selenium.support.ui.FluentWait.until(FluentWait.java:208)
	... 16 more
19-03-2018 18:57 ERROR - Wait is not present - failed
19-03-2018 18:57 INFO  -  Sort and filter button click is clicked - Pass
19-03-2018 18:57 INFO  - Wait Bag Qty is displayed - Pass
19-03-2018 18:57 INFO  - search/PLP page is displayed - Pass
19-03-2018 18:57 INFO  - Search Count is displayed - Pass
19-03-2018 18:57 INFO  - Product List Page is displayed - Pass
19-03-2018 18:57 INFO  - Product Image is displayed - Pass
19-03-2018 18:57 INFO  - Product NameList is displayed - Pass
19-03-2018 18:57 INFO  - Product Description is displayed - Pass
19-03-2018 18:57 INFO  - Product Price is displayed - Pass
19-03-2018 18:57 INFO  - search/PLP page is displayed - Pass
19-03-2018 18:57 INFO  - Search Count is displayed - Pass
19-03-2018 18:57 INFO  - Product List Page is displayed - Pass
19-03-2018 18:57 INFO  - Product Image is displayed - Pass
19-03-2018 18:57 INFO  - Product NameList is displayed - Pass
19-03-2018 18:57 INFO  - Product Description is displayed - Pass
19-03-2018 18:57 INFO  - Product Price is displayed - Pass
19-03-2018 18:57 ERROR - TimeoutException
org.openqa.selenium.TimeoutException: Expected condition failed: waiting for visibility of element located by By.id: pdpAddtoBagBtn (tried for 5 second(s) with 500 MILLISECONDS interval)
	at org.openqa.selenium.support.ui.WebDriverWait.timeoutException(WebDriverWait.java:82)
	at org.openqa.selenium.support.ui.FluentWait.until(FluentWait.java:231)
	at com.skava.framework.action.SeleniumActionEngine.explicitWaitforVisibility(SeleniumActionEngine.java:183)
	at com.skava.reusable.components.PLPandPDPComponents.sort_ClearAll(PLPandPDPComponents.java:734)
	at com.skava.testcases.LT_387_SortClearAll.LT_387_Sort_ClearAll(LT_387_SortClearAll.java:29)
	at sun.reflect.NativeMethodAccessorImpl.invoke0(Native Method)
	at sun.reflect.NativeMethodAccessorImpl.invoke(Unknown Source)
	at sun.reflect.DelegatingMethodAccessorImpl.invoke(Unknown Source)
	at java.lang.reflect.Method.invoke(Unknown Source)
	at org.testng.internal.MethodInvocationHelper.invokeMethod(MethodInvocationHelper.java:108)
	at org.testng.internal.Invoker.invokeMethod(Invoker.java:669)
	at org.testng.internal.Invoker.invokeTestMethod(Invoker.java:877)
	at org.testng.internal.Invoker.invokeTestMethods(Invoker.java:1201)
	at org.testng.internal.TestMethodWorker.invokeTestMethods(TestMethodWorker.java:125)
	at org.testng.internal.TestMethodWorker.run(TestMethodWorker.java:109)
	at java.util.concurrent.ThreadPoolExecutor.runWorker(Unknown Source)
	at java.util.concurrent.ThreadPoolExecutor$Worker.run(Unknown Source)
	at java.lang.Thread.run(Unknown Source)
Caused by: org.openqa.selenium.NoSuchElementException: Cannot locate an element using By.id: pdpAddtoBagBtn
For documentation on this error, please visit: http://seleniumhq.org/exceptions/no_such_element.html
Build info: version: '3.2.0', revision: '8c03df6b79', time: '2017-02-23 10:51:31 +0000'
System info: host: 'DESKTOP-AQOISD1', ip: '192.168.234.84', os.name: 'Windows 10', os.arch: 'amd64', os.version: '10.0', java.version: '1.8.0_112'
Driver info: driver.version: unknown
	at org.openqa.selenium.support.ui.ExpectedConditions.lambda$findElement$0(ExpectedConditions.java:882)
	at java.util.Optional.orElseThrow(Unknown Source)
	at org.openqa.selenium.support.ui.ExpectedConditions.findElement(ExpectedConditions.java:881)
	at org.openqa.selenium.support.ui.ExpectedConditions.access$000(ExpectedConditions.java:43)
	at org.openqa.selenium.support.ui.ExpectedConditions$7.apply(ExpectedConditions.java:205)
	at org.openqa.selenium.support.ui.ExpectedConditions$7.apply(ExpectedConditions.java:201)
	at org.openqa.selenium.support.ui.FluentWait.until(FluentWait.java:208)
	... 16 more
19-03-2018 18:57 ERROR - Wait is not present - failed
19-03-2018 18:57 INFO  - Is Clear All button is displayed is displayed - Pass
19-03-2018 18:57 INFO  - PDP Page wait is displayed - Pass
19-03-2018 18:57 INFO  - PDP Page wait is displayed - Pass
19-03-2018 18:57 INFO  - scrolled to Scrolling - Pass
19-03-2018 18:57 INFO  - Colour Field present is displayed - Pass
19-03-2018 18:57 INFO  - Size field is displayed - Pass
19-03-2018 18:57 INFO  - Clear All button Click is clicked - Pass
19-03-2018 18:57 INFO  - PLP page is displayed after sorting is displayed - Pass
19-03-2018 18:57 INFO  - PLP page is displayed after sorting is displayed - Pass
19-03-2018 18:57 INFO  - scrolled to Add To Bag - Pass
19-03-2018 18:57 INFO  - Add To Bag Clicked is clicked - Pass
19-03-2018 18:57 INFO  - Success Overlay is displayed - Pass
19-03-2018 18:57 INFO  - Success Overlay is displayed - Pass
19-03-2018 18:57 INFO  - scrolled to Scrolling - Pass
19-03-2018 18:57 INFO  - Colour Field present is displayed - Pass
19-03-2018 18:57 INFO  - Size field is displayed - Pass
19-03-2018 18:57 INFO  - scrolled to Add To Bag - Pass
19-03-2018 18:57 INFO  - Add To Bag Clicked is clicked - Pass
19-03-2018 18:57 INFO  - Success Overlay is displayed - Pass
19-03-2018 18:57 INFO  - Success Overlay is displayed - Pass
19-03-2018 18:57 INFO  - http://m.lordandtaylor.com/ is opened - Pass
19-03-2018 18:57 INFO  - Click Search is clicked - Pass
19-03-2018 18:57 INFO  - Shirts is entered in Search - Pass
19-03-2018 18:57 INFO  - Checkout Clicked is clicked - Pass
19-03-2018 18:57 INFO  - IS Cart page products is displayed is displayed - Pass
19-03-2018 18:57 INFO  - Is Cart page Displayed is displayed - Pass
19-03-2018 18:57 INFO  - Is product price Displayed is displayed - Pass
19-03-2018 18:57 INFO  - Is Item total price is displayed is displayed - Pass
19-03-2018 18:57 INFO  - Is product QTY Displayed is displayed - Pass
19-03-2018 18:57 INFO  - Increment Product QTY to 2 is entered in the field - Pass
19-03-2018 18:57 INFO  - Checkout Clicked is clicked - Pass
19-03-2018 18:57 INFO  - Product Description is displayed - Pass
19-03-2018 18:57 INFO  - Product Inventory Status is displayed - Pass
19-03-2018 18:57 INFO  - Product SKUID is displayed - Pass
19-03-2018 18:57 INFO  - Product Edit is displayed - Pass
19-03-2018 18:57 INFO  - Product Remove is displayed - Pass
19-03-2018 18:57 INFO  - Product Save Later is displayed - Pass
19-03-2018 18:57 INFO  - Product Size is displayed - Pass
19-03-2018 18:57 INFO  - Product Colour is displayed - Pass
19-03-2018 18:57 INFO  - Product Clearance Price is displayed - Pass
19-03-2018 18:57 INFO  - Product Sale Price is displayed - Pass
19-03-2018 18:57 INFO  - search/PLP page is displayed - Pass
19-03-2018 18:57 INFO  - Search Count is displayed - Pass
19-03-2018 18:57 ERROR - TimeoutException
org.openqa.selenium.TimeoutException: Expected condition failed: waiting for visibility of element located by By.id: pdpAddtoBagBtn (tried for 10 second(s) with 500 MILLISECONDS interval)
	at org.openqa.selenium.support.ui.WebDriverWait.timeoutException(WebDriverWait.java:82)
	at org.openqa.selenium.support.ui.FluentWait.until(FluentWait.java:231)
	at com.skava.framework.action.SeleniumActionEngine.explicitWaitforVisibility(SeleniumActionEngine.java:183)
	at com.skava.framework.action.SeleniumActionEngine.isElementDisplayed(SeleniumActionEngine.java:201)
	at com.skava.reusable.components.CartComponents.cartQtyIncrement(CartComponents.java:337)
	at com.skava.testcases.LT_766_Cart_PriceCheck.LT_766_Cart_Price_Check(LT_766_Cart_PriceCheck.java:38)
	at sun.reflect.NativeMethodAccessorImpl.invoke0(Native Method)
	at sun.reflect.NativeMethodAccessorImpl.invoke(Unknown Source)
	at sun.reflect.DelegatingMethodAccessorImpl.invoke(Unknown Source)
	at java.lang.reflect.Method.invoke(Unknown Source)
	at org.testng.internal.MethodInvocationHelper.invokeMethod(MethodInvocationHelper.java:108)
	at org.testng.internal.Invoker.invokeMethod(Invoker.java:669)
	at org.testng.internal.Invoker.invokeTestMethod(Invoker.java:877)
	at org.testng.internal.Invoker.invokeTestMethods(Invoker.java:1201)
	at org.testng.internal.TestMethodWorker.invokeTestMethods(TestMethodWorker.java:125)
	at org.testng.internal.TestMethodWorker.run(TestMethodWorker.java:109)
	at java.util.concurrent.ThreadPoolExecutor.runWorker(Unknown Source)
	at java.util.concurrent.ThreadPoolExecutor$Worker.run(Unknown Source)
	at java.lang.Thread.run(Unknown Source)
Caused by: org.openqa.selenium.NoSuchElementException: Cannot locate an element using By.id: pdpAddtoBagBtn
For documentation on this error, please visit: http://seleniumhq.org/exceptions/no_such_element.html
Build info: version: '3.2.0', revision: '8c03df6b79', time: '2017-02-23 10:51:31 +0000'
System info: host: 'DESKTOP-AQOISD1', ip: '192.168.234.84', os.name: 'Windows 10', os.arch: 'amd64', os.version: '10.0', java.version: '1.8.0_112'
Driver info: driver.version: unknown
	at org.openqa.selenium.support.ui.ExpectedConditions.lambda$findElement$0(ExpectedConditions.java:882)
	at java.util.Optional.orElseThrow(Unknown Source)
	at org.openqa.selenium.support.ui.ExpectedConditions.findElement(ExpectedConditions.java:881)
	at org.openqa.selenium.support.ui.ExpectedConditions.access$000(ExpectedConditions.java:43)
	at org.openqa.selenium.support.ui.ExpectedConditions$7.apply(ExpectedConditions.java:205)
	at org.openqa.selenium.support.ui.ExpectedConditions$7.apply(ExpectedConditions.java:201)
	at org.openqa.selenium.support.ui.FluentWait.until(FluentWait.java:208)
	... 17 more
19-03-2018 18:57 ERROR - Wait is not present - failed
19-03-2018 18:57 INFO  - Cart loading overview is displayed - Pass
19-03-2018 18:57 INFO  - Is Item total price is displayed is displayed - Pass
19-03-2018 18:57 INFO  - Discount for product is displayed - Pass
19-03-2018 18:57 INFO  - Is Item total price is displayed is displayed - Pass
19-03-2018 18:57 INFO  - Is product QTY Displayed is displayed - Pass
19-03-2018 18:57 INFO  - Decrement Product QTY to 1 is entered in the field - Pass
19-03-2018 18:57 INFO  - PDP Page wait is displayed - Pass
19-03-2018 18:57 INFO  - scrolled to Scrolling - Pass
19-03-2018 18:57 INFO  - Colour Field present is displayed - Pass
19-03-2018 18:57 INFO  - Size field is displayed - Pass
19-03-2018 18:57 INFO  - scrolled to Add To Bag - Pass
19-03-2018 18:57 INFO  - Add To Bag Clicked is clicked - Pass
19-03-2018 18:57 INFO  - http://m.lordandtaylor.com/ is opened - Pass
19-03-2018 18:57 INFO  - Click Search is clicked - Pass
19-03-2018 18:57 INFO  - dress is entered in Search - Pass
19-03-2018 18:57 ERROR - TimeoutException
org.openqa.selenium.TimeoutException: Expected condition failed: waiting for visibility of element located by By.id: pdpAddtoBagBtn (tried for 10 second(s) with 500 MILLISECONDS interval)
	at org.openqa.selenium.support.ui.WebDriverWait.timeoutException(WebDriverWait.java:82)
	at org.openqa.selenium.support.ui.FluentWait.until(FluentWait.java:231)
	at com.skava.framework.action.SeleniumActionEngine.explicitWaitforVisibility(SeleniumActionEngine.java:183)
	at com.skava.framework.action.SeleniumActionEngine.isElementDisplayed(SeleniumActionEngine.java:201)
	at com.skava.reusable.components.CartComponents.cartQtyDecrement(CartComponents.java:355)
	at com.skava.testcases.LT_766_Cart_PriceCheck.LT_766_Cart_Price_Check(LT_766_Cart_PriceCheck.java:42)
	at sun.reflect.NativeMethodAccessorImpl.invoke0(Native Method)
	at sun.reflect.NativeMethodAccessorImpl.invoke(Unknown Source)
	at sun.reflect.DelegatingMethodAccessorImpl.invoke(Unknown Source)
	at java.lang.reflect.Method.invoke(Unknown Source)
	at org.testng.internal.MethodInvocationHelper.invokeMethod(MethodInvocationHelper.java:108)
	at org.testng.internal.Invoker.invokeMethod(Invoker.java:669)
	at org.testng.internal.Invoker.invokeTestMethod(Invoker.java:877)
	at org.testng.internal.Invoker.invokeTestMethods(Invoker.java:1201)
	at org.testng.internal.TestMethodWorker.invokeTestMethods(TestMethodWorker.java:125)
	at org.testng.internal.TestMethodWorker.run(TestMethodWorker.java:109)
	at java.util.concurrent.ThreadPoolExecutor.runWorker(Unknown Source)
	at java.util.concurrent.ThreadPoolExecutor$Worker.run(Unknown Source)
	at java.lang.Thread.run(Unknown Source)
Caused by: org.openqa.selenium.NoSuchElementException: Cannot locate an element using By.id: pdpAddtoBagBtn
For documentation on this error, please visit: http://seleniumhq.org/exceptions/no_such_element.html
Build info: version: '3.2.0', revision: '8c03df6b79', time: '2017-02-23 10:51:31 +0000'
System info: host: 'DESKTOP-AQOISD1', ip: '192.168.234.84', os.name: 'Windows 10', os.arch: 'amd64', os.version: '10.0', java.version: '1.8.0_112'
Driver info: driver.version: unknown
	at org.openqa.selenium.support.ui.ExpectedConditions.lambda$findElement$0(ExpectedConditions.java:882)
	at java.util.Optional.orElseThrow(Unknown Source)
	at org.openqa.selenium.support.ui.ExpectedConditions.findElement(ExpectedConditions.java:881)
	at org.openqa.selenium.support.ui.ExpectedConditions.access$000(ExpectedConditions.java:43)
	at org.openqa.selenium.support.ui.ExpectedConditions$7.apply(ExpectedConditions.java:205)
	at org.openqa.selenium.support.ui.ExpectedConditions$7.apply(ExpectedConditions.java:201)
	at org.openqa.selenium.support.ui.FluentWait.until(FluentWait.java:208)
	... 17 more
19-03-2018 18:57 ERROR - Wait is not present - failed
19-03-2018 18:57 INFO  - Cart loading overview is displayed - Pass
19-03-2018 18:57 INFO  - Is Item total price is displayed is displayed - Pass
19-03-2018 18:57 INFO  - Discount for product is displayed - Pass
19-03-2018 18:58 INFO  - Success Overlay is displayed - Pass
19-03-2018 18:58 INFO  - Success Overlay is displayed - Pass
19-03-2018 18:58 INFO  - search/PLP page is displayed - Pass
19-03-2018 18:58 INFO  - Search Count is displayed - Pass
19-03-2018 18:58 INFO  - http://m.lordandtaylor.com/ is opened - Pass
19-03-2018 18:58 INFO  - Click Search is clicked - Pass
19-03-2018 18:58 INFO  - PDP Page wait is displayed - Pass
19-03-2018 18:58 INFO  - Jeans is entered in Search - Pass
19-03-2018 18:58 INFO  - scrolled to Scrolling - Pass
19-03-2018 18:58 INFO  - Colour Field present is displayed - Pass
19-03-2018 18:58 INFO  - Checkout Clicked is clicked - Pass
19-03-2018 18:58 INFO  - Wait is displayed - Pass
19-03-2018 18:58 INFO  - Size field is displayed - Pass
19-03-2018 18:58 INFO  - Edit Button is clicked - Pass
19-03-2018 18:58 INFO  - scrolled to Add To Bag - Pass
19-03-2018 18:58 INFO  - Add To Bag Clicked is clicked - Pass
19-03-2018 18:58 INFO  - PDP Edit overlay is displayed - Pass
19-03-2018 18:58 INFO  - Success Overlay is displayed - Pass
19-03-2018 18:58 INFO  - Success Overlay is displayed - Pass
19-03-2018 18:58 INFO  - search/PLP page is displayed - Pass
19-03-2018 18:58 INFO  - Search Count is displayed - Pass
19-03-2018 18:58 INFO  - PDP Page wait is displayed - Pass
19-03-2018 18:58 INFO  - scrolled to Scrolling - Pass
19-03-2018 18:58 INFO  - Colour Field present is displayed - Pass
19-03-2018 18:58 INFO  - Size field is displayed - Pass
19-03-2018 18:58 INFO  - scrolled to Add To Bag - Pass
19-03-2018 18:58 INFO  - Add To Bag Clicked is clicked - Pass
19-03-2018 18:58 INFO  - Checkout Clicked is clicked - Pass
19-03-2018 18:58 INFO  - http://m.lordandtaylor.com/ is opened - Pass
19-03-2018 18:58 INFO  - Click Search is clicked - Pass
19-03-2018 18:58 INFO  - Wait is displayed - Pass
19-03-2018 18:58 INFO  - Success Overlay is displayed - Pass
19-03-2018 18:58 INFO  - Remove Button is clicked - Pass
19-03-2018 18:58 INFO  - Success Overlay is displayed - Pass
19-03-2018 18:58 INFO  - Shirts is entered in Search - Pass
19-03-2018 18:58 INFO  - Remove Confirmation Button is displayed - Pass
19-03-2018 18:58 INFO  - Remove Confirmation Button is displayed - Pass
19-03-2018 18:58 INFO  - search/PLP page is displayed - Pass
19-03-2018 18:58 INFO  - Search Count is displayed - Pass
19-03-2018 18:58 INFO  - Checkout Clicked is clicked - Pass
19-03-2018 18:58 INFO  - Wait is displayed - Pass
19-03-2018 18:58 INFO  - http://m.lordandtaylor.com/ is opened - Pass
19-03-2018 18:58 INFO  - Remove Button is clicked - Pass
19-03-2018 18:58 INFO  - Remove Confirmation Button is displayed - Pass
19-03-2018 18:58 INFO  - Click Search is clicked - Pass
19-03-2018 18:58 INFO  - Remove Confirmation Button is displayed - Pass
19-03-2018 18:58 INFO  - Shirts is entered in Search - Pass
19-03-2018 18:58 INFO  - Product Removed is clicked - Pass
19-03-2018 18:58 INFO  - PDP Page wait is displayed - Pass
19-03-2018 18:58 INFO  - scrolled to Scrolling - Pass
19-03-2018 18:58 INFO  - Product Removed is displayed - Pass
19-03-2018 18:58 INFO  - Colour Field present is displayed - Pass
19-03-2018 18:58 INFO  - Size field is displayed - Pass
19-03-2018 18:58 INFO  - scrolled to Add To Bag - Pass
19-03-2018 18:58 INFO  - Add To Bag Clicked is clicked - Pass
19-03-2018 18:58 INFO  - Success Overlay is displayed - Pass
19-03-2018 18:58 INFO  - Success Overlay is displayed - Pass
19-03-2018 18:59 INFO  - search/PLP page is displayed - Pass
19-03-2018 18:59 INFO  - Search Count is displayed - Pass
19-03-2018 18:59 INFO  - http://m.lordandtaylor.com/ is opened - Pass
19-03-2018 18:59 INFO  - Click Search is clicked - Pass
19-03-2018 18:59 INFO  - PDP Page wait is displayed - Pass
19-03-2018 18:59 INFO  - scrolled to Scrolling - Pass
19-03-2018 18:59 INFO  - Shoes is entered in Search - Pass
19-03-2018 18:59 INFO  - Colour Field present is displayed - Pass
19-03-2018 18:59 INFO  - Size field is displayed - Pass
19-03-2018 18:59 INFO  - scrolled to Add To Bag - Pass
19-03-2018 18:59 INFO  - Add To Bag Clicked is clicked - Pass
19-03-2018 18:59 INFO  - Success Overlay is displayed - Pass
19-03-2018 18:59 INFO  - Success Overlay is displayed - Pass
19-03-2018 18:59 INFO  - Checkout Clicked is clicked - Pass
19-03-2018 18:59 INFO  - Cart Opened is displayed - Pass
19-03-2018 18:59 INFO  - Product Added to Cart is displayed - Pass
19-03-2018 18:59 INFO  - Product Description is displayed - Pass
19-03-2018 18:59 INFO  - Product Inventory Status is displayed - Pass
19-03-2018 18:59 INFO  - Product SKUID is displayed - Pass
19-03-2018 18:59 INFO  - Product Edit is displayed - Pass
19-03-2018 18:59 INFO  - Product Remove is displayed - Pass
19-03-2018 18:59 INFO  - Product Save Later is displayed - Pass
19-03-2018 18:59 INFO  - Product Size is displayed - Pass
19-03-2018 18:59 INFO  - Product Colour is displayed - Pass
19-03-2018 18:59 INFO  - Product Clearance Price is displayed - Pass
19-03-2018 18:59 INFO  - Product Sale Price is displayed - Pass
19-03-2018 18:59 INFO  - Saveforlater is displayed - Pass
19-03-2018 18:59 INFO  - Saveforlater clicked is clicked - Pass
19-03-2018 18:59 INFO  - search/PLP page is displayed - Pass
19-03-2018 18:59 INFO  - Search Count is displayed - Pass
19-03-2018 18:59 INFO  - PDP Page wait is displayed - Pass
19-03-2018 18:59 INFO  - scrolled to Scrolling - Pass
19-03-2018 18:59 INFO  - Colour Field present is displayed - Pass
19-03-2018 18:59 INFO  - Size field is displayed - Pass
19-03-2018 18:59 INFO  - Checkout Clicked is clicked - Pass
19-03-2018 18:59 INFO  - Cart Opened is displayed - Pass
19-03-2018 18:59 INFO  - Product Added to Cart is displayed - Pass
19-03-2018 18:59 INFO  - Wait is displayed - Pass
19-03-2018 18:59 INFO  - scrolled to scroll to checkout - Pass
19-03-2018 18:59 INFO  - Click Checkout is clicked - Pass
19-03-2018 18:59 INFO  - Sign IN Page Navigated is displayed - Pass
19-03-2018 18:59 INFO  - http://m.lordandtaylor.com/ is opened - Pass
19-03-2018 18:59 INFO  - Click Search is clicked - Pass
19-03-2018 18:59 INFO  - Shirts is entered in Search - Pass
19-03-2018 18:59 INFO  - http://m.lordandtaylor.com/ is opened - Pass
19-03-2018 18:59 INFO  - Click Search is clicked - Pass
19-03-2018 18:59 INFO  - Shoes is entered in Search - Pass
19-03-2018 18:59 INFO  - search/PLP page is displayed - Pass
19-03-2018 18:59 INFO  - Search Count is displayed - Pass
19-03-2018 18:59 INFO  - PDP Page wait is displayed - Pass
19-03-2018 18:59 INFO  - search/PLP page is displayed - Pass
19-03-2018 18:59 INFO  - Search Count is displayed - Pass
19-03-2018 18:59 INFO  - scrolled to Scrolling - Pass
19-03-2018 18:59 INFO  - Colour Field present is displayed - Pass
19-03-2018 18:59 INFO  - Size field is displayed - Pass
19-03-2018 18:59 INFO  - PDP Page wait is displayed - Pass
19-03-2018 18:59 INFO  - scrolled to Scrolling - Pass
19-03-2018 18:59 INFO  - Colour Field present is displayed - Pass
19-03-2018 18:59 INFO  - Size field is displayed - Pass
19-03-2018 18:59 INFO  - scrolled to Add To Bag - Pass
19-03-2018 18:59 INFO  - Add To Bag Clicked is clicked - Pass
19-03-2018 19:00 INFO  - scrolled to Add To Bag - Pass
19-03-2018 19:00 INFO  - Add To Bag Clicked is clicked - Pass
19-03-2018 19:00 INFO  - Success Overlay is displayed - Pass
19-03-2018 19:00 INFO  - Success Overlay is displayed - Pass
19-03-2018 19:00 INFO  - Success Overlay is displayed - Pass
19-03-2018 19:00 INFO  - Success Overlay is displayed - Pass
19-03-2018 19:00 INFO  - scrolled to Add To Bag - Pass
19-03-2018 19:00 INFO  - Add To Bag Clicked is clicked - Pass
19-03-2018 19:00 INFO  - Success Overlay is displayed - Pass
19-03-2018 19:00 INFO  - Success Overlay is displayed - Pass
19-03-2018 19:00 INFO  - Checkout Clicked is clicked - Pass
19-03-2018 19:00 INFO  - Cart Opened is displayed - Pass
19-03-2018 19:00 INFO  - Product Added to Cart is displayed - Pass
19-03-2018 19:00 INFO  - scrolled to Scrolling - Pass
19-03-2018 19:00 INFO  - Estimated Shipping is displayed - Pass
19-03-2018 19:00 INFO  - Shipping Method is displayed - Pass
19-03-2018 19:00 INFO  - Zip Code is displayed - Pass
19-03-2018 19:00 INFO  - Item Total is displayed - Pass
19-03-2018 19:00 INFO  - Estimated Shipping is displayed - Pass
19-03-2018 19:00 INFO  - Estimated Tax is displayed - Pass
19-03-2018 19:00 INFO  - Estimated Total is displayed - Pass
19-03-2018 19:00 INFO  - Checkout Clicked is clicked - Pass
19-03-2018 19:00 INFO  - Cart Opened is displayed - Pass
19-03-2018 19:00 INFO  - Product Added to Cart is displayed - Pass
19-03-2018 19:00 INFO  - Wait is displayed - Pass
19-03-2018 19:00 INFO  - Click PayPal is clicked - Pass
19-03-2018 19:00 INFO  - Checkout Clicked is clicked - Pass
19-03-2018 19:00 INFO  - Cart Opened is displayed - Pass
19-03-2018 19:00 INFO  - Product Added to Cart is displayed - Pass
19-03-2018 19:00 INFO  - Wait is displayed - Pass
19-03-2018 19:00 INFO  - scrolled to scroll to checkout - Pass
19-03-2018 19:00 INFO  - Click Checkout is clicked - Pass
19-03-2018 19:00 INFO  - Guest Checkout is displayed - Pass
19-03-2018 19:00 INFO  - User Sign IN is displayed - Pass
19-03-2018 19:00 INFO  - PayPal Page Navigated is displayed - Pass
19-03-2018 19:00 INFO  - http://m.lordandtaylor.com/ is opened - Pass
19-03-2018 19:00 INFO  - Click Search is clicked - Pass
19-03-2018 19:00 INFO  - shirts is entered in Search - Pass
19-03-2018 19:00 INFO  - http://m.lordandtaylor.com/ is opened - Pass
19-03-2018 19:00 INFO  - Click Search is clicked - Pass
19-03-2018 19:00 INFO  - Shirts is entered in Search - Pass
19-03-2018 19:00 INFO  - http://m.lordandtaylor.com/ is opened - Pass
19-03-2018 19:00 INFO  - Wait to get site Loaded is displayed - Pass
19-03-2018 19:00 INFO  - Click Menu is clicked - Pass
19-03-2018 19:00 INFO  - search/PLP page is displayed - Pass
19-03-2018 19:00 INFO  - Search Count is displayed - Pass
19-03-2018 19:00 INFO  - search/PLP page is displayed - Pass
19-03-2018 19:00 INFO  - Search Count is displayed - Pass
19-03-2018 19:00 INFO  - PDP Page wait is displayed - Pass
19-03-2018 19:00 INFO  - scrolled to Scrolling - Pass
19-03-2018 19:00 INFO  - Colour Field present is displayed - Pass
19-03-2018 19:00 INFO  - PDP Page wait is displayed - Pass
19-03-2018 19:00 INFO  - scrolled to Scrolling - Pass
19-03-2018 19:00 INFO  - Colour Field present is displayed - Pass
19-03-2018 19:00 INFO  - Size field is displayed - Pass
19-03-2018 19:00 INFO  - scrolled to Add To Bag - Pass
19-03-2018 19:00 INFO  - Add To Bag Clicked is clicked - Pass
19-03-2018 19:00 INFO  - Size field is displayed - Pass
19-03-2018 19:00 INFO  - Success Overlay is displayed - Pass
19-03-2018 19:00 INFO  - Success Overlay is displayed - Pass
19-03-2018 19:00 INFO  - scrolled to Add To Bag - Pass
19-03-2018 19:00 INFO  - Add To Bag Clicked is clicked - Pass
19-03-2018 19:01 INFO  - Success Overlay is displayed - Pass
19-03-2018 19:01 INFO  - Success Overlay is displayed - Pass
19-03-2018 19:01 INFO  - Checkout Clicked is clicked - Pass
19-03-2018 19:01 INFO  - Cart Opened is displayed - Pass
19-03-2018 19:01 INFO  - Product Added to Cart is displayed - Pass
19-03-2018 19:01 INFO  - Wait is displayed - Pass
19-03-2018 19:01 INFO  - scrolled to scroll to checkout - Pass
19-03-2018 19:01 INFO  - Click Checkout is clicked - Pass
19-03-2018 19:01 INFO  - Guest Checkout is displayed - Pass
19-03-2018 19:01 INFO  - User Sign IN is displayed - Pass
19-03-2018 19:01 INFO  - Checkout Clicked is clicked - Pass
19-03-2018 19:01 INFO  - Cart Opened is displayed - Pass
19-03-2018 19:01 INFO  - Product Added to Cart is displayed - Pass
19-03-2018 19:01 INFO  - Wait is displayed - Pass
19-03-2018 19:01 INFO  - scrolled to scroll to checkout - Pass
19-03-2018 19:01 INFO  - Click Checkout is clicked - Pass
19-03-2018 19:01 INFO  - Guest Checkout is displayed - Pass
19-03-2018 19:01 INFO  - scrolled to Guest Checkout - Pass
19-03-2018 19:01 INFO  - Guest Checkout is clicked - Pass
19-03-2018 19:01 INFO  - http://m.lordandtaylor.com/ is opened - Pass
19-03-2018 19:01 INFO  - Click Search is clicked - Pass
19-03-2018 19:01 INFO  - Shirts is entered in Search - Pass
19-03-2018 19:01 INFO  - Guest Checkout is displayed - Pass
19-03-2018 19:01 INFO  - Enetered Login is clicked - Pass
19-03-2018 19:01 INFO  - Email is entered in the field - Pass
19-03-2018 19:01 INFO  - Spider@123 is entered in Password - Pass
19-03-2018 19:01 INFO  - search/PLP page is displayed - Pass
19-03-2018 19:01 INFO  - Search Count is displayed - Pass
19-03-2018 19:01 INFO  - My Account page displayed is displayed - Pass
19-03-2018 19:01 INFO  - http://m.lordandtaylor.com/ is opened - Pass
19-03-2018 19:01 INFO  - Click Search is clicked - Pass
19-03-2018 19:01 INFO  - denims is entered in Search - Pass
19-03-2018 19:01 INFO  - PDP Page wait is displayed - Pass
19-03-2018 19:01 INFO  - scrolled to Scrolling - Pass
19-03-2018 19:01 INFO  - Colour Field present is displayed - Pass
19-03-2018 19:01 INFO  - Click Cart is clicked - Pass
19-03-2018 19:01 INFO  - Cart Opened is displayed - Pass
19-03-2018 19:01 INFO  - Product Added to Cart is displayed - Pass
19-03-2018 19:01 INFO  - scrolled to BackToUSShipping - Pass
19-03-2018 19:01 INFO  - search/PLP page is displayed - Pass
19-03-2018 19:01 INFO  - Search Count is displayed - Pass
19-03-2018 19:01 INFO  - Size field is displayed - Pass
19-03-2018 19:01 INFO  - scrolled to Add To Bag - Pass
19-03-2018 19:01 INFO  - Add To Bag Clicked is clicked - Pass
19-03-2018 19:01 INFO  - PDP overlay is displayed - Pass
19-03-2018 19:01 INFO  - PDP Page wait is displayed - Pass
19-03-2018 19:01 INFO  - scrolled to Scrolling - Pass
19-03-2018 19:01 INFO  - Colour Field present is displayed - Pass
19-03-2018 19:01 INFO  - Success Overlay is displayed - Pass
19-03-2018 19:01 INFO  - Success Overlay is displayed - Pass
19-03-2018 19:01 INFO  - Size field is displayed - Pass
19-03-2018 19:01 INFO  - scrolled to Add To Bag - Pass
19-03-2018 19:01 INFO  - Add To Bag Clicked is clicked - Pass
19-03-2018 19:01 INFO  - BackToUSShipping is clicked - Pass
19-03-2018 19:01 INFO  - Wait is displayed - Pass
19-03-2018 19:01 INFO  - scrolled to scroll to checkout - Pass
19-03-2018 19:02 INFO  - PDP overlay is displayed - Pass
19-03-2018 19:02 INFO  - Success Overlay is displayed - Pass
19-03-2018 19:02 INFO  - Success Overlay is displayed - Pass
19-03-2018 19:02 INFO  - Checkout Clicked is clicked - Pass
19-03-2018 19:02 INFO  - Click Checkout is clicked - Pass
19-03-2018 19:02 INFO  - IS Cart page products is displayed is displayed - Pass
19-03-2018 19:02 INFO  - Review Order Page is displayed - Pass
19-03-2018 19:02 INFO  - Is Cart page Displayed is displayed - Pass
19-03-2018 19:02 INFO  - Billing Addrs field in Review Order Page is displayed - Pass
19-03-2018 19:02 INFO  - Payment field in Review Order Page is displayed - Pass
19-03-2018 19:02 INFO  - Wait is displayed - Pass
19-03-2018 19:02 INFO  - scrolled to Scrolling - Pass
19-03-2018 19:02 INFO  - Shipping Addrs field in Review Order Page is displayed - Pass
19-03-2018 19:02 INFO  - scrolled to scroll to checkout - Pass
19-03-2018 19:02 INFO  - Click Checkout is clicked - Pass
19-03-2018 19:02 INFO  - Order Summary field in Review Order Page is displayed - Pass
19-03-2018 19:02 INFO  - Place Order is displayed - Pass
19-03-2018 19:02 INFO  - Guest Checkout is displayed - Pass
19-03-2018 19:02 INFO  - scrolled to Guest Checkout - Pass
19-03-2018 19:02 INFO  - Guest Checkout is clicked - Pass
19-03-2018 19:02 INFO  - Checkout Clicked is clicked - Pass
19-03-2018 19:02 INFO  - IS Cart page products is displayed is displayed - Pass
19-03-2018 19:02 INFO  - Is Cart page Displayed is displayed - Pass
19-03-2018 19:02 INFO  - Wait is displayed - Pass
19-03-2018 19:02 INFO  - scrolled to scroll to checkout - Pass
19-03-2018 19:02 INFO  - Click Checkout is clicked - Pass
19-03-2018 19:02 INFO  - Guest Checkout is displayed - Pass
19-03-2018 19:02 INFO  - Guest checkout shipping screen is displayed on tapping guest chekout button is displayed - Pass
19-03-2018 19:02 INFO  - Guest Checkout is displayed - Pass
19-03-2018 19:02 INFO  - scrolled to Guest Checkout - Pass
19-03-2018 19:02 INFO  - Guest Checkout is clicked - Pass
19-03-2018 19:02 INFO  - http://m.lordandtaylor.com/ is opened - Pass
19-03-2018 19:02 INFO  - Click Search is clicked - Pass
19-03-2018 19:02 INFO  - pants is entered in Search - Pass
19-03-2018 19:02 INFO  - Guest Checkout is displayed - Pass
19-03-2018 19:02 INFO  - Guest checkout shipping screen is displayed on tapping guest chekout button is displayed - Pass
19-03-2018 19:02 INFO  - FirstName is entered in the field - Pass
19-03-2018 19:02 INFO  - SecondName is entered in the field - Pass
19-03-2018 19:02 INFO  - search/PLP page is displayed - Pass
19-03-2018 19:02 INFO  - Address 1 is entered in the field - Pass
19-03-2018 19:02 INFO  - Search Count is displayed - Pass
19-03-2018 19:02 INFO  - Address 2 is entered in the field - Pass
19-03-2018 19:02 INFO  - City is entered in the field - Pass
19-03-2018 19:02 INFO  - scrolled to Scrolling - Pass
19-03-2018 19:02 INFO  - Postal Code is entered in the field - Pass
19-03-2018 19:02 INFO  - Untick default billing option is clicked - Pass
19-03-2018 19:02 INFO  - PhoneNumber is entered in the field - Pass
19-03-2018 19:02 INFO  - Mail Address is entered in the field - Pass
19-03-2018 19:02 INFO  - Is Continue Checkout Button displayed is displayed - Pass
19-03-2018 19:02 INFO  - scrolled to Scroll to Continue Checkout Button - Pass
19-03-2018 19:02 INFO  - Click Continue checkout button is clicked - Pass
19-03-2018 19:02 INFO  - http://m.lordandtaylor.com/ is opened - Pass
19-03-2018 19:02 INFO  - Click Search is clicked - Pass
19-03-2018 19:02 INFO  - Address Verification is displayed - Pass
19-03-2018 19:02 INFO  - scrolled to Clicked use as entered in address verification overlay - Pass
19-03-2018 19:02 INFO  - dress is entered in Search - Pass
19-03-2018 19:02 INFO  - PDP Page wait is displayed - Pass
19-03-2018 19:02 INFO  - scrolled to Scrolling - Pass
19-03-2018 19:02 INFO  - Colour Field present is displayed - Pass
19-03-2018 19:02 INFO  - search/PLP page is displayed - Pass
19-03-2018 19:02 INFO  - Search Count is displayed - Pass
19-03-2018 19:02 INFO  - Size field is displayed - Pass
19-03-2018 19:02 INFO  - scrolled to Add To Bag - Pass
19-03-2018 19:02 INFO  - Add To Bag Clicked is clicked - Pass
19-03-2018 19:02 ERROR - TimeoutException
org.openqa.selenium.TimeoutException: Expected condition failed: waiting for visibility of element located by By.id: pdpAddtoBagBtn (tried for 10 second(s) with 500 MILLISECONDS interval)
	at org.openqa.selenium.support.ui.WebDriverWait.timeoutException(WebDriverWait.java:82)
	at org.openqa.selenium.support.ui.FluentWait.until(FluentWait.java:231)
	at com.skava.framework.action.SeleniumActionEngine.explicitWaitforVisibility(SeleniumActionEngine.java:183)
	at com.skava.framework.action.SeleniumActionEngine.isElementDisplayed(SeleniumActionEngine.java:201)
	at com.skava.reusable.components.CheckoutComponents.addressVerification(CheckoutComponents.java:115)
	at com.skava.testcases.LT_1081_GuestCheckout_AddShipping.LT_1081_GuestCheckout_Add_Shipping(LT_1081_GuestCheckout_AddShipping.java:39)
	at sun.reflect.NativeMethodAccessorImpl.invoke0(Native Method)
	at sun.reflect.NativeMethodAccessorImpl.invoke(Unknown Source)
	at sun.reflect.DelegatingMethodAccessorImpl.invoke(Unknown Source)
	at java.lang.reflect.Method.invoke(Unknown Source)
	at org.testng.internal.MethodInvocationHelper.invokeMethod(MethodInvocationHelper.java:108)
	at org.testng.internal.Invoker.invokeMethod(Invoker.java:669)
	at org.testng.internal.Invoker.invokeTestMethod(Invoker.java:877)
	at org.testng.internal.Invoker.invokeTestMethods(Invoker.java:1201)
	at org.testng.internal.TestMethodWorker.invokeTestMethods(TestMethodWorker.java:125)
	at org.testng.internal.TestMethodWorker.run(TestMethodWorker.java:109)
	at java.util.concurrent.ThreadPoolExecutor.runWorker(Unknown Source)
	at java.util.concurrent.ThreadPoolExecutor$Worker.run(Unknown Source)
	at java.lang.Thread.run(Unknown Source)
Caused by: org.openqa.selenium.NoSuchElementException: Cannot locate an element using By.id: pdpAddtoBagBtn
For documentation on this error, please visit: http://seleniumhq.org/exceptions/no_such_element.html
Build info: version: '3.2.0', revision: '8c03df6b79', time: '2017-02-23 10:51:31 +0000'
System info: host: 'DESKTOP-AQOISD1', ip: '192.168.234.84', os.name: 'Windows 10', os.arch: 'amd64', os.version: '10.0', java.version: '1.8.0_112'
Driver info: driver.version: unknown
	at org.openqa.selenium.support.ui.ExpectedConditions.lambda$findElement$0(ExpectedConditions.java:882)
	at java.util.Optional.orElseThrow(Unknown Source)
	at org.openqa.selenium.support.ui.ExpectedConditions.findElement(ExpectedConditions.java:881)
	at org.openqa.selenium.support.ui.ExpectedConditions.access$000(ExpectedConditions.java:43)
	at org.openqa.selenium.support.ui.ExpectedConditions$7.apply(ExpectedConditions.java:205)
	at org.openqa.selenium.support.ui.ExpectedConditions$7.apply(ExpectedConditions.java:201)
	at org.openqa.selenium.support.ui.FluentWait.until(FluentWait.java:208)
	... 17 more
19-03-2018 19:02 ERROR - wait is not present - failed
19-03-2018 19:02 INFO  - Clicked OK is displayed - Pass
19-03-2018 19:02 INFO  - Clicked OK is clicked - Pass
19-03-2018 19:02 INFO  - PDP overlay is displayed - Pass
19-03-2018 19:02 INFO  - Success Overlay is displayed - Pass
19-03-2018 19:02 INFO  - Success Overlay is displayed - Pass
19-03-2018 19:02 INFO  - PDP Page wait is displayed - Pass
19-03-2018 19:02 INFO  - scrolled to Scrolling - Pass
19-03-2018 19:02 INFO  - Colour Field present is displayed - Pass
19-03-2018 19:02 INFO  - Size field is displayed - Pass
19-03-2018 19:02 INFO  - scrolled to Add To Bag - Pass
19-03-2018 19:02 INFO  - Add To Bag Clicked is clicked - Pass
19-03-2018 19:03 INFO  - http://m.lordandtaylor.com/ is opened - Pass
19-03-2018 19:03 INFO  - Click Search is clicked - Pass
19-03-2018 19:03 INFO  - shoes is entered in Search - Pass
19-03-2018 19:03 INFO  - PDP overlay is displayed - Pass
19-03-2018 19:03 INFO  - Success Overlay is displayed - Pass
19-03-2018 19:03 INFO  - Success Overlay is displayed - Pass
19-03-2018 19:03 INFO  - Checkout Clicked is clicked - Pass
19-03-2018 19:03 INFO  - IS Cart page products is displayed is displayed - Pass
19-03-2018 19:03 INFO  - Is Cart page Displayed is displayed - Pass
19-03-2018 19:03 INFO  - Wait is displayed - Pass
19-03-2018 19:03 INFO  - scrolled to scroll to checkout - Pass
19-03-2018 19:03 INFO  - Click Checkout is clicked - Pass
19-03-2018 19:03 INFO  - Guest Checkout is displayed - Pass
19-03-2018 19:03 INFO  - scrolled to Guest Checkout - Pass
19-03-2018 19:03 INFO  - Guest Checkout is clicked - Pass
19-03-2018 19:03 INFO  - search/PLP page is displayed - Pass
19-03-2018 19:03 INFO  - Search Count is displayed - Pass
19-03-2018 19:03 INFO  - Checkout Clicked is clicked - Pass
19-03-2018 19:03 INFO  - Guest Checkout is displayed - Pass
19-03-2018 19:03 INFO  - IS Cart page products is displayed is displayed - Pass
19-03-2018 19:03 INFO  - Guest checkout shipping screen is displayed on tapping guest chekout button is displayed - Pass
19-03-2018 19:03 INFO  - Is Cart page Displayed is displayed - Pass
19-03-2018 19:03 INFO  - Wait is displayed - Pass
19-03-2018 19:03 INFO  - FirstName is entered in the field - Pass
19-03-2018 19:03 INFO  - scrolled to scroll to checkout - Pass
19-03-2018 19:03 INFO  - Click Checkout is clicked - Pass
19-03-2018 19:03 INFO  - SecondName is entered in the field - Pass
19-03-2018 19:03 INFO  - Address 1 is entered in the field - Pass
19-03-2018 19:03 INFO  - Address 2 is entered in the field - Pass
19-03-2018 19:03 INFO  - City is entered in the field - Pass
19-03-2018 19:03 INFO  - Guest Checkout is displayed - Pass
19-03-2018 19:03 INFO  - scrolled to Guest Checkout - Pass
19-03-2018 19:03 INFO  - Guest Checkout is clicked - Pass
19-03-2018 19:03 INFO  - scrolled to Scrolling - Pass
19-03-2018 19:03 INFO  - Postal Code is entered in the field - Pass
19-03-2018 19:03 INFO  - PhoneNumber is entered in the field - Pass
19-03-2018 19:03 INFO  - Mail Address is entered in the field - Pass
19-03-2018 19:03 INFO  - Is Continue Checkout Button displayed is displayed - Pass
19-03-2018 19:03 INFO  - scrolled to Scroll to Continue Checkout Button - Pass
19-03-2018 19:03 INFO  - Click Continue checkout button is clicked - Pass
19-03-2018 19:03 INFO  - PDP Page wait is displayed - Pass
19-03-2018 19:03 INFO  - scrolled to Scrolling - Pass
19-03-2018 19:03 INFO  - Colour Field present is displayed - Pass
19-03-2018 19:03 INFO  - Size field is displayed - Pass
19-03-2018 19:03 INFO  - scrolled to Add To Bag - Pass
19-03-2018 19:03 INFO  - Add To Bag Clicked is clicked - Pass
19-03-2018 19:03 INFO  - Address Verification is displayed - Pass
19-03-2018 19:03 INFO  - scrolled to Clicked use as entered in address verification overlay - Pass
19-03-2018 19:03 INFO  - PDP overlay is displayed - Pass
19-03-2018 19:03 INFO  - Success Overlay is displayed - Pass
19-03-2018 19:03 INFO  - Success Overlay is displayed - Pass
19-03-2018 19:03 INFO  - Guest Checkout is displayed - Pass
19-03-2018 19:03 INFO  - Guest checkout shipping screen is displayed on tapping guest chekout button is displayed - Pass
19-03-2018 19:03 INFO  - FirstName is entered in the field - Pass
19-03-2018 19:03 INFO  - SecondName is entered in the field - Pass
19-03-2018 19:03 INFO  - Address 1 is entered in the field - Pass
19-03-2018 19:03 INFO  - Address 2 is entered in the field - Pass
19-03-2018 19:03 INFO  - City is entered in the field - Pass
19-03-2018 19:03 INFO  - scrolled to Scrolling - Pass
19-03-2018 19:03 INFO  - Postal Code is entered in the field - Pass
19-03-2018 19:03 INFO  - PhoneNumber is entered in the field - Pass
19-03-2018 19:03 INFO  - Mail Address is entered in the field - Pass
19-03-2018 19:03 INFO  - Is Continue Checkout Button displayed is displayed - Pass
19-03-2018 19:03 INFO  - scrolled to Scroll to Continue Checkout Button - Pass
19-03-2018 19:03 INFO  - Click Continue checkout button is clicked - Pass
19-03-2018 19:03 INFO  - Address Verification is displayed - Pass
19-03-2018 19:03 INFO  - scrolled to Clicked use as entered in address verification overlay - Pass
19-03-2018 19:03 ERROR - TimeoutException
org.openqa.selenium.TimeoutException: Expected condition failed: waiting for visibility of element located by By.id: pdpAddtoBagBtn (tried for 10 second(s) with 500 MILLISECONDS interval)
	at org.openqa.selenium.support.ui.WebDriverWait.timeoutException(WebDriverWait.java:82)
	at org.openqa.selenium.support.ui.FluentWait.until(FluentWait.java:231)
	at com.skava.framework.action.SeleniumActionEngine.explicitWaitforVisibility(SeleniumActionEngine.java:183)
	at com.skava.framework.action.SeleniumActionEngine.isElementDisplayed(SeleniumActionEngine.java:201)
	at com.skava.reusable.components.CheckoutComponents.addressVerification(CheckoutComponents.java:115)
	at com.skava.testcases.LT_1083_Payment_Page_Guest_Validation.LT_1083_Payment_Page_Guest_Validation(LT_1083_Payment_Page_Guest_Validation.java:41)
	at sun.reflect.NativeMethodAccessorImpl.invoke0(Native Method)
	at sun.reflect.NativeMethodAccessorImpl.invoke(Unknown Source)
	at sun.reflect.DelegatingMethodAccessorImpl.invoke(Unknown Source)
	at java.lang.reflect.Method.invoke(Unknown Source)
	at org.testng.internal.MethodInvocationHelper.invokeMethod(MethodInvocationHelper.java:108)
	at org.testng.internal.Invoker.invokeMethod(Invoker.java:669)
	at org.testng.internal.Invoker.invokeTestMethod(Invoker.java:877)
	at org.testng.internal.Invoker.invokeTestMethods(Invoker.java:1201)
	at org.testng.internal.TestMethodWorker.invokeTestMethods(TestMethodWorker.java:125)
	at org.testng.internal.TestMethodWorker.run(TestMethodWorker.java:109)
	at java.util.concurrent.ThreadPoolExecutor.runWorker(Unknown Source)
	at java.util.concurrent.ThreadPoolExecutor$Worker.run(Unknown Source)
	at java.lang.Thread.run(Unknown Source)
Caused by: org.openqa.selenium.NoSuchElementException: Cannot locate an element using By.id: pdpAddtoBagBtn
For documentation on this error, please visit: http://seleniumhq.org/exceptions/no_such_element.html
Build info: version: '3.2.0', revision: '8c03df6b79', time: '2017-02-23 10:51:31 +0000'
System info: host: 'DESKTOP-AQOISD1', ip: '192.168.234.84', os.name: 'Windows 10', os.arch: 'amd64', os.version: '10.0', java.version: '1.8.0_112'
Driver info: driver.version: unknown
	at org.openqa.selenium.support.ui.ExpectedConditions.lambda$findElement$0(ExpectedConditions.java:882)
	at java.util.Optional.orElseThrow(Unknown Source)
	at org.openqa.selenium.support.ui.ExpectedConditions.findElement(ExpectedConditions.java:881)
	at org.openqa.selenium.support.ui.ExpectedConditions.access$000(ExpectedConditions.java:43)
	at org.openqa.selenium.support.ui.ExpectedConditions$7.apply(ExpectedConditions.java:205)
	at org.openqa.selenium.support.ui.ExpectedConditions$7.apply(ExpectedConditions.java:201)
	at org.openqa.selenium.support.ui.FluentWait.until(FluentWait.java:208)
	... 17 more
19-03-2018 19:03 ERROR - wait is not present - failed
19-03-2018 19:03 INFO  - Clicked OK is displayed - Pass
19-03-2018 19:03 INFO  - Clicked OK is clicked - Pass
19-03-2018 19:03 INFO  - Place Order Page is displayed - Pass
19-03-2018 19:03 INFO  - Checkout Clicked is clicked - Pass
19-03-2018 19:03 INFO  - IS Cart page products is displayed is displayed - Pass
19-03-2018 19:03 INFO  - Is Cart page Displayed is displayed - Pass
19-03-2018 19:03 INFO  - Wait is displayed - Pass
19-03-2018 19:03 INFO  - scrolled to scroll to checkout - Pass
19-03-2018 19:03 INFO  - Click Checkout is clicked - Pass
19-03-2018 19:03 INFO  - Guest Checkout is displayed - Pass
19-03-2018 19:03 INFO  - scrolled to Guest Checkout - Pass
19-03-2018 19:03 INFO  - Guest Checkout is clicked - Pass
19-03-2018 19:03 ERROR - TimeoutException
org.openqa.selenium.TimeoutException: Expected condition failed: waiting for visibility of element located by By.id: pdpAddtoBagBtn (tried for 10 second(s) with 500 MILLISECONDS interval)
	at org.openqa.selenium.support.ui.WebDriverWait.timeoutException(WebDriverWait.java:82)
	at org.openqa.selenium.support.ui.FluentWait.until(FluentWait.java:231)
	at com.skava.framework.action.SeleniumActionEngine.explicitWaitforVisibility(SeleniumActionEngine.java:183)
	at com.skava.framework.action.SeleniumActionEngine.isElementDisplayed(SeleniumActionEngine.java:201)
	at com.skava.reusable.components.CheckoutComponents.addressVerification(CheckoutComponents.java:115)
	at com.skava.testcases.LT_1176_Review_Order_PlaceOrder_Button_Validation.LT_1176_Review_Order_PlaceOrder_Button_Validation(LT_1176_Review_Order_PlaceOrder_Button_Validation.java:40)
	at sun.reflect.NativeMethodAccessorImpl.invoke0(Native Method)
	at sun.reflect.NativeMethodAccessorImpl.invoke(Unknown Source)
	at sun.reflect.DelegatingMethodAccessorImpl.invoke(Unknown Source)
	at java.lang.reflect.Method.invoke(Unknown Source)
	at org.testng.internal.MethodInvocationHelper.invokeMethod(MethodInvocationHelper.java:108)
	at org.testng.internal.Invoker.invokeMethod(Invoker.java:669)
	at org.testng.internal.Invoker.invokeTestMethod(Invoker.java:877)
	at org.testng.internal.Invoker.invokeTestMethods(Invoker.java:1201)
	at org.testng.internal.TestMethodWorker.invokeTestMethods(TestMethodWorker.java:125)
	at org.testng.internal.TestMethodWorker.run(TestMethodWorker.java:109)
	at java.util.concurrent.ThreadPoolExecutor.runWorker(Unknown Source)
	at java.util.concurrent.ThreadPoolExecutor$Worker.run(Unknown Source)
	at java.lang.Thread.run(Unknown Source)
Caused by: org.openqa.selenium.NoSuchElementException: Cannot locate an element using By.id: pdpAddtoBagBtn
For documentation on this error, please visit: http://seleniumhq.org/exceptions/no_such_element.html
Build info: version: '3.2.0', revision: '8c03df6b79', time: '2017-02-23 10:51:31 +0000'
System info: host: 'DESKTOP-AQOISD1', ip: '192.168.234.84', os.name: 'Windows 10', os.arch: 'amd64', os.version: '10.0', java.version: '1.8.0_112'
Driver info: driver.version: unknown
	at org.openqa.selenium.support.ui.ExpectedConditions.lambda$findElement$0(ExpectedConditions.java:882)
	at java.util.Optional.orElseThrow(Unknown Source)
	at org.openqa.selenium.support.ui.ExpectedConditions.findElement(ExpectedConditions.java:881)
	at org.openqa.selenium.support.ui.ExpectedConditions.access$000(ExpectedConditions.java:43)
	at org.openqa.selenium.support.ui.ExpectedConditions$7.apply(ExpectedConditions.java:205)
	at org.openqa.selenium.support.ui.ExpectedConditions$7.apply(ExpectedConditions.java:201)
	at org.openqa.selenium.support.ui.FluentWait.until(FluentWait.java:208)
	... 17 more
19-03-2018 19:03 ERROR - wait is not present - failed
19-03-2018 19:03 INFO  - Clicked OK is displayed - Pass
19-03-2018 19:03 INFO  - Clicked OK is clicked - Pass
19-03-2018 19:03 INFO  - Place Order Page is displayed - Pass
19-03-2018 19:03 INFO  - Payment Details is displayed - Pass
19-03-2018 19:03 INFO  - Enter Credit card  Number is entered in the field - Pass
19-03-2018 19:03 INFO  - Enter Credit card name is entered in the field - Pass
19-03-2018 19:03 INFO  - Enter CVV Num is entered in the field - Pass
19-03-2018 19:03 INFO  - Is Continue Checkout Button displayed is displayed - Pass
19-03-2018 19:03 INFO  - scrolled to Scroll to Continue Checkout Button - Pass
19-03-2018 19:03 INFO  - Click Continue checkout button is clicked - Pass
19-03-2018 19:03 INFO  - http://m.lordandtaylor.com/ is opened - Pass
19-03-2018 19:03 INFO  - Click Search is clicked - Pass
19-03-2018 19:03 INFO  - shirts is entered in Search - Pass
19-03-2018 19:03 INFO  - Review Order Page is displayed - Pass
19-03-2018 19:03 INFO  - Billing Addrs field in Review Order Page is displayed - Pass
19-03-2018 19:03 INFO  - Payment field in Review Order Page is displayed - Pass
19-03-2018 19:03 INFO  - scrolled to Scrolling - Pass
19-03-2018 19:03 INFO  - Shipping Addrs field in Review Order Page is displayed - Pass
19-03-2018 19:03 INFO  - Order Summary field in Review Order Page is displayed - Pass
19-03-2018 19:03 INFO  - Place Order is displayed - Pass
19-03-2018 19:03 INFO  - Guest Checkout is displayed - Pass
19-03-2018 19:03 INFO  - Guest checkout shipping screen is displayed on tapping guest chekout button is displayed - Pass
19-03-2018 19:03 INFO  - FirstName is entered in the field - Pass
19-03-2018 19:03 INFO  - SecondName is entered in the field - Pass
19-03-2018 19:03 INFO  - Address 1 is entered in the field - Pass
19-03-2018 19:03 INFO  - Address 2 is entered in the field - Pass
19-03-2018 19:03 INFO  - City is entered in the field - Pass
19-03-2018 19:03 INFO  - scrolled to Scrolling - Pass
19-03-2018 19:03 INFO  - Postal Code is entered in the field - Pass
19-03-2018 19:03 INFO  - PhoneNumber is entered in the field - Pass
19-03-2018 19:03 INFO  - Mail Address is entered in the field - Pass
19-03-2018 19:03 INFO  - Is Continue Checkout Button displayed is displayed - Pass
19-03-2018 19:03 INFO  - scrolled to Scroll to Continue Checkout Button - Pass
19-03-2018 19:03 INFO  - Click Continue checkout button is clicked - Pass
19-03-2018 19:03 INFO  - Address Verification is displayed - Pass
19-03-2018 19:03 INFO  - scrolled to Clicked use as entered in address verification overlay - Pass
19-03-2018 19:04 INFO  - search/PLP page is displayed - Pass
19-03-2018 19:04 INFO  - Search Count is displayed - Pass
19-03-2018 19:04 INFO  - PDP Page wait is displayed - Pass
19-03-2018 19:04 ERROR - TimeoutException
org.openqa.selenium.TimeoutException: Expected condition failed: waiting for visibility of element located by By.id: pdpAddtoBagBtn (tried for 10 second(s) with 500 MILLISECONDS interval)
	at org.openqa.selenium.support.ui.WebDriverWait.timeoutException(WebDriverWait.java:82)
	at org.openqa.selenium.support.ui.FluentWait.until(FluentWait.java:231)
	at com.skava.framework.action.SeleniumActionEngine.explicitWaitforVisibility(SeleniumActionEngine.java:183)
	at com.skava.framework.action.SeleniumActionEngine.isElementDisplayed(SeleniumActionEngine.java:201)
	at com.skava.reusable.components.CheckoutComponents.addressVerification(CheckoutComponents.java:115)
	at com.skava.testcases.LT_1235_GuestCheckout_Payment_FiledCheck.LT_1235_GuestCheckout_Payment_FiledCheck(LT_1235_GuestCheckout_Payment_FiledCheck.java:40)
	at sun.reflect.NativeMethodAccessorImpl.invoke0(Native Method)
	at sun.reflect.NativeMethodAccessorImpl.invoke(Unknown Source)
	at sun.reflect.DelegatingMethodAccessorImpl.invoke(Unknown Source)
	at java.lang.reflect.Method.invoke(Unknown Source)
	at org.testng.internal.MethodInvocationHelper.invokeMethod(MethodInvocationHelper.java:108)
	at org.testng.internal.Invoker.invokeMethod(Invoker.java:669)
	at org.testng.internal.Invoker.invokeTestMethod(Invoker.java:877)
	at org.testng.internal.Invoker.invokeTestMethods(Invoker.java:1201)
	at org.testng.internal.TestMethodWorker.invokeTestMethods(TestMethodWorker.java:125)
	at org.testng.internal.TestMethodWorker.run(TestMethodWorker.java:109)
	at java.util.concurrent.ThreadPoolExecutor.runWorker(Unknown Source)
	at java.util.concurrent.ThreadPoolExecutor$Worker.run(Unknown Source)
	at java.lang.Thread.run(Unknown Source)
Caused by: org.openqa.selenium.NoSuchElementException: Cannot locate an element using By.id: pdpAddtoBagBtn
For documentation on this error, please visit: http://seleniumhq.org/exceptions/no_such_element.html
Build info: version: '3.2.0', revision: '8c03df6b79', time: '2017-02-23 10:51:31 +0000'
System info: host: 'DESKTOP-AQOISD1', ip: '192.168.234.84', os.name: 'Windows 10', os.arch: 'amd64', os.version: '10.0', java.version: '1.8.0_112'
Driver info: driver.version: unknown
	at org.openqa.selenium.support.ui.ExpectedConditions.lambda$findElement$0(ExpectedConditions.java:882)
	at java.util.Optional.orElseThrow(Unknown Source)
	at org.openqa.selenium.support.ui.ExpectedConditions.findElement(ExpectedConditions.java:881)
	at org.openqa.selenium.support.ui.ExpectedConditions.access$000(ExpectedConditions.java:43)
	at org.openqa.selenium.support.ui.ExpectedConditions$7.apply(ExpectedConditions.java:205)
	at org.openqa.selenium.support.ui.ExpectedConditions$7.apply(ExpectedConditions.java:201)
	at org.openqa.selenium.support.ui.FluentWait.until(FluentWait.java:208)
	... 17 more
19-03-2018 19:04 ERROR - wait is not present - failed
19-03-2018 19:04 INFO  - Clicked OK is displayed - Pass
19-03-2018 19:04 INFO  - Clicked OK is clicked - Pass
19-03-2018 19:04 INFO  - scrolled to Scrolling - Pass
19-03-2018 19:04 INFO  - Colour Field present is displayed - Pass
19-03-2018 19:04 INFO  - Size field is displayed - Pass
19-03-2018 19:04 INFO  - scrolled to Add To Bag - Pass
19-03-2018 19:04 INFO  - Add To Bag Clicked is clicked - Pass
19-03-2018 19:04 INFO  - Place Order Page is displayed - Pass
19-03-2018 19:04 INFO  - Payment section is displayed - Pass
19-03-2018 19:04 INFO  - Payment section is displayed - Pass
19-03-2018 19:04 INFO  - scrolled to scroll to gift section - Pass
19-03-2018 19:04 INFO  - Payment gift card section is displayed - Pass
19-03-2018 19:04 INFO  - scrolled to scroll to promo code section - Pass
19-03-2018 19:04 INFO  - Payment promo code section is displayed - Pass
19-03-2018 19:04 INFO  - scrolled to scroll to create account section - Pass
19-03-2018 19:04 INFO  - Payment create account section is displayed - Pass
19-03-2018 19:04 INFO  - PDP overlay is displayed - Pass
19-03-2018 19:04 INFO  - Success Overlay is displayed - Pass
19-03-2018 19:04 INFO  - Success Overlay is displayed - Pass
19-03-2018 19:04 INFO  - Checkout Clicked is clicked - Pass
19-03-2018 19:04 INFO  - IS Cart page products is displayed is displayed - Pass
19-03-2018 19:04 INFO  - Is Cart page Displayed is displayed - Pass
19-03-2018 19:04 INFO  - Wait is displayed - Pass
19-03-2018 19:04 INFO  - scrolled to scroll to checkout - Pass
19-03-2018 19:04 INFO  - Click Checkout is clicked - Pass
19-03-2018 19:04 INFO  - Guest Checkout is displayed - Pass
19-03-2018 19:04 INFO  - scrolled to Guest Checkout - Pass
19-03-2018 19:04 INFO  - Guest Checkout is clicked - Pass
19-03-2018 19:04 INFO  - Guest Checkout is displayed - Pass
19-03-2018 19:04 INFO  - Guest checkout shipping screen is displayed on tapping guest chekout button is displayed - Pass
19-03-2018 19:04 INFO  - FirstName is entered in the field - Pass
19-03-2018 19:04 INFO  - SecondName is entered in the field - Pass
19-03-2018 19:04 INFO  - Address 1 is entered in the field - Pass
19-03-2018 19:04 INFO  - Address 2 is entered in the field - Pass
19-03-2018 19:04 INFO  - City is entered in the field - Pass
19-03-2018 19:04 INFO  - scrolled to Scrolling - Pass
19-03-2018 19:04 INFO  - Postal Code is entered in the field - Pass
19-03-2018 19:04 INFO  - PhoneNumber is entered in the field - Pass
19-03-2018 19:04 INFO  - Mail Address is entered in the field - Pass
19-03-2018 19:04 INFO  - Is Continue Checkout Button displayed is displayed - Pass
19-03-2018 19:04 INFO  - scrolled to Scroll to Continue Checkout Button - Pass
19-03-2018 19:04 INFO  - Click Continue checkout button is clicked - Pass
19-03-2018 19:04 INFO  - Address Verification is displayed - Pass
19-03-2018 19:04 INFO  - scrolled to Clicked use as entered in address verification overlay - Pass
19-03-2018 19:04 ERROR - TimeoutException
org.openqa.selenium.TimeoutException: Expected condition failed: waiting for visibility of element located by By.id: pdpAddtoBagBtn (tried for 10 second(s) with 500 MILLISECONDS interval)
	at org.openqa.selenium.support.ui.WebDriverWait.timeoutException(WebDriverWait.java:82)
	at org.openqa.selenium.support.ui.FluentWait.until(FluentWait.java:231)
	at com.skava.framework.action.SeleniumActionEngine.explicitWaitforVisibility(SeleniumActionEngine.java:183)
	at com.skava.framework.action.SeleniumActionEngine.isElementDisplayed(SeleniumActionEngine.java:201)
	at com.skava.reusable.components.CheckoutComponents.addressVerification(CheckoutComponents.java:115)
	at com.skava.testcases.LT_1236_GuestCheckout_Payment_FieldCheck.LT_1236_GuestCheckout_Payment_FieldCheck(LT_1236_GuestCheckout_Payment_FieldCheck.java:40)
	at sun.reflect.NativeMethodAccessorImpl.invoke0(Native Method)
	at sun.reflect.NativeMethodAccessorImpl.invoke(Unknown Source)
	at sun.reflect.DelegatingMethodAccessorImpl.invoke(Unknown Source)
	at java.lang.reflect.Method.invoke(Unknown Source)
	at org.testng.internal.MethodInvocationHelper.invokeMethod(MethodInvocationHelper.java:108)
	at org.testng.internal.Invoker.invokeMethod(Invoker.java:669)
	at org.testng.internal.Invoker.invokeTestMethod(Invoker.java:877)
	at org.testng.internal.Invoker.invokeTestMethods(Invoker.java:1201)
	at org.testng.internal.TestMethodWorker.invokeTestMethods(TestMethodWorker.java:125)
	at org.testng.internal.TestMethodWorker.run(TestMethodWorker.java:109)
	at java.util.concurrent.ThreadPoolExecutor.runWorker(Unknown Source)
	at java.util.concurrent.ThreadPoolExecutor$Worker.run(Unknown Source)
	at java.lang.Thread.run(Unknown Source)
Caused by: org.openqa.selenium.NoSuchElementException: Cannot locate an element using By.id: pdpAddtoBagBtn
For documentation on this error, please visit: http://seleniumhq.org/exceptions/no_such_element.html
Build info: version: '3.2.0', revision: '8c03df6b79', time: '2017-02-23 10:51:31 +0000'
System info: host: 'DESKTOP-AQOISD1', ip: '192.168.234.84', os.name: 'Windows 10', os.arch: 'amd64', os.version: '10.0', java.version: '1.8.0_112'
Driver info: driver.version: unknown
	at org.openqa.selenium.support.ui.ExpectedConditions.lambda$findElement$0(ExpectedConditions.java:882)
	at java.util.Optional.orElseThrow(Unknown Source)
	at org.openqa.selenium.support.ui.ExpectedConditions.findElement(ExpectedConditions.java:881)
	at org.openqa.selenium.support.ui.ExpectedConditions.access$000(ExpectedConditions.java:43)
	at org.openqa.selenium.support.ui.ExpectedConditions$7.apply(ExpectedConditions.java:205)
	at org.openqa.selenium.support.ui.ExpectedConditions$7.apply(ExpectedConditions.java:201)
	at org.openqa.selenium.support.ui.FluentWait.until(FluentWait.java:208)
	... 17 more
19-03-2018 19:04 ERROR - wait is not present - failed
19-03-2018 19:04 INFO  - Clicked OK is displayed - Pass
19-03-2018 19:04 INFO  - Clicked OK is clicked - Pass
19-03-2018 19:04 INFO  - Place Order Page is displayed - Pass
19-03-2018 19:04 INFO  - Payment section is displayed - Pass
19-03-2018 19:04 INFO  - Payment section is displayed - Pass
19-03-2018 19:04 INFO  - Payment type is displayed - Pass
19-03-2018 19:04 INFO  - Card no  is displayed - Pass
19-03-2018 19:04 INFO  - Card name  is displayed - Pass
19-03-2018 19:04 INFO  - Card  exp month is displayed - Pass
19-03-2018 19:04 INFO  - Card  exp year is displayed - Pass
19-03-2018 19:04 INFO  - Card  CVV is displayed - Pass
19-03-2018 19:04 INFO  - scrolled to scroll to gift section - Pass
19-03-2018 19:04 INFO  - Payment gift card section is displayed - Pass
19-03-2018 19:04 INFO  - Gift Card No is displayed - Pass
19-03-2018 19:04 INFO  - Gift Card Pin is displayed - Pass
19-03-2018 19:04 INFO  - scrolled to scroll to promo code section - Pass
19-03-2018 19:04 INFO  - Payment promo code section is displayed - Pass
19-03-2018 19:04 INFO  - Promo code field is displayed - Pass
19-03-2018 19:04 INFO  - scrolled to scroll to create account section - Pass
19-03-2018 19:04 INFO  - Payment create account section is displayed - Pass
19-03-2018 19:04 INFO  - Account password field is displayed - Pass
19-03-2018 19:04 INFO  - Account confirm password field is displayed - Pass
19-03-2018 19:04 INFO  - Account password hint field is displayed - Pass
