<?xml version="1.0" encoding="UTF-8"?>
<!-- Generated by org.testng.reporters.JUnitReportReporter -->
<testsuite skipped="1" hostname="SKVCBE000049D" name="com.skava.testcases.LT_1053_GuestCheckout_Ship" tests="2" failures="0" timestamp="16 Mar 2018 12:53:52 GMT" time="0.001" errors="1">
  <testcase name="LT_1053_Guest_Checkout_Ship" time="0.000" classname="com.skava.testcases.LT_1053_GuestCheckout_Ship">
    <skipped/>
  </testcase> <!-- LT_1053_Guest_Checkout_Ship -->
  <testcase name="initTest" time="0.001" classname="com.skava.testcases.LT_1053_GuestCheckout_Ship">
    <error type="net.sf.json.JSONException" message="JSONObject[&quot;LT_1053_GuestCheckout_Ship&quot;] is not a JSONArray.">
      <![CDATA[net.sf.json.JSONException: JSONObject["LT_1053_GuestCheckout_Ship"] is not a JSONArray.
	at net.sf.json.JSONObject.getJSONArray(JSONObject.java:2191)
	at com.framework.reporting.BaseClass.getBrowser(BaseClass.java:52)
	at com.framework.reporting.BaseClass.initiTest(BaseClass.java:44)
	at com.skava.testcases.LT_1053_GuestCheckout_Ship.initTest(LT_1053_GuestCheckout_Ship.java:15)
	at sun.reflect.NativeMethodAccessorImpl.invoke0(Native Method)
	at sun.reflect.NativeMethodAccessorImpl.invoke(Unknown Source)
	at sun.reflect.DelegatingMethodAccessorImpl.invoke(Unknown Source)
	at java.lang.reflect.Method.invoke(Unknown Source)
	at org.testng.internal.MethodInvocationHelper.invokeMethod(MethodInvocationHelper.java:108)
	at org.testng.internal.Invoker.invokeConfigurationMethod(Invoker.java:523)
	at org.testng.internal.Invoker.invokeConfigurations(Invoker.java:224)
	at org.testng.internal.Invoker.invokeConfigurations(Invoker.java:146)
	at org.testng.internal.TestMethodWorker.invokeBeforeClassMethods(TestMethodWorker.java:166)
	at org.testng.internal.TestMethodWorker.run(TestMethodWorker.java:105)
	at org.testng.TestRunner.privateRun(TestRunner.java:744)
	at org.testng.TestRunner.run(TestRunner.java:602)
	at org.testng.SuiteRunner.runTest(SuiteRunner.java:380)
	at org.testng.SuiteRunner.runSequentially(SuiteRunner.java:375)
	at org.testng.SuiteRunner.privateRun(SuiteRunner.java:340)
	at org.testng.SuiteRunner.run(SuiteRunner.java:289)
	at org.testng.SuiteRunnerWorker.runSuite(SuiteRunnerWorker.java:52)
	at org.testng.SuiteRunnerWorker.run(SuiteRunnerWorker.java:86)
	at org.testng.TestNG.runSuitesSequentially(TestNG.java:1301)
	at org.testng.TestNG.runSuitesLocally(TestNG.java:1226)
	at org.testng.TestNG.runSuites(TestNG.java:1144)
	at org.testng.TestNG.run(TestNG.java:1115)
	at org.testng.remote.AbstractRemoteTestNG.run(AbstractRemoteTestNG.java:132)
	at org.testng.remote.RemoteTestNG.initAndRun(RemoteTestNG.java:230)
	at org.testng.remote.RemoteTestNG.main(RemoteTestNG.java:76)
]]>
    </error>
  </testcase> <!-- initTest -->
</testsuite> <!-- com.skava.testcases.LT_1053_GuestCheckout_Ship -->
