20-03-2018 12:33 INFO  - http://m.lordandtaylor.com/ is opened - Pass
20-03-2018 12:33 INFO  - Wait to get site Loaded is displayed - Pass
20-03-2018 12:33 INFO  - Click Menu is clicked - Pass
20-03-2018 12:33 INFO  - Menu Closed is clicked - Pass
20-03-2018 12:33 INFO  - http://m.lordandtaylor.com/ is opened - Pass
20-03-2018 12:33 INFO  - Carousel Banner Check is displayed - Pass
20-03-2018 12:33 INFO  - Carousel Banner Check is displayed - Pass
20-03-2018 12:33 INFO  - http://m.lordandtaylor.com/ is opened - Pass
20-03-2018 12:33 INFO  - Carousel Banner Check is displayed - Pass
20-03-2018 12:33 INFO  - Carousel Banner Check is displayed - Pass
20-03-2018 12:33 INFO  - PDP Page wait is displayed - Pass
20-03-2018 12:33 INFO  - http://m.lordandtaylor.com/ is opened - Pass
20-03-2018 12:33 INFO  - Footer Container is displayed - Pass
20-03-2018 12:33 INFO  - scrolled to Scroll to Footer - Pass
20-03-2018 12:33 INFO  - Call & Email Link is displayed - Pass
20-03-2018 12:33 INFO  - signUpForDailyEmails is displayed - Pass
20-03-2018 12:33 INFO  - Social Share Icons is displayed - Pass
20-03-2018 12:33 INFO  - Accordion Menus is displayed - Pass
20-03-2018 12:33 INFO  - SignUpForSms is displayed - Pass
20-03-2018 12:33 INFO  - copyRight is displayed - Pass
20-03-2018 12:33 INFO  - PrivacyPolicy is displayed - Pass
20-03-2018 12:34 INFO  - http://m.lordandtaylor.com/ is opened - Pass
20-03-2018 12:34 INFO  - http://m.lordandtaylor.com/ is opened - Pass
20-03-2018 12:34 INFO  - search/PLP page is displayed - Pass
20-03-2018 12:34 INFO  - http://m.lordandtaylor.com/ is opened - Pass
20-03-2018 12:34 INFO  - Click Search is clicked - Pass
20-03-2018 12:34 INFO  - Search is entered in the field - Pass
20-03-2018 12:34 INFO  - Search Suggesion Displayed is displayed - Pass
20-03-2018 12:34 INFO  - Click Promo is clicked - Pass
20-03-2018 12:34 INFO  - Promo Page is displayed - Pass
20-03-2018 12:34 INFO  - http://m.lordandtaylor.com/ is opened - Pass
20-03-2018 12:34 INFO  - http://m.lordandtaylor.com/ is opened - Pass
20-03-2018 12:34 INFO  - Click Search is clicked - Pass
20-03-2018 12:34 INFO  - Click Search is clicked - Pass
20-03-2018 12:34 INFO  - Shirts is entered in Search - Pass
20-03-2018 12:34 INFO  - Search is entered in the field - Pass
20-03-2018 12:34 INFO  - Search Suggesion Displayed is displayed - Pass
20-03-2018 12:34 INFO  - Search Suggesion Displayed is displayed - Pass
20-03-2018 12:34 INFO  - Click Cart is clicked - Pass
20-03-2018 12:34 INFO  - Cart wrapper Opened is displayed - Pass
20-03-2018 12:34 INFO  - Cart Empty Text is displayed - Pass
20-03-2018 12:34 INFO  - Back To Homepage is clicked - Pass
20-03-2018 12:34 INFO  - search/PLP page is displayed - Pass
20-03-2018 12:34 INFO  - Search Count is displayed - Pass
20-03-2018 12:34 INFO  - PLP page is displayed - Pass
20-03-2018 12:34 INFO  - PDP Page wait is displayed - Pass
20-03-2018 12:34 INFO  - http://m.lordandtaylor.com/ is opened - Pass
20-03-2018 12:34 INFO  - Wait to get site Loaded is displayed - Pass
20-03-2018 12:34 INFO  - Click Menu is clicked - Pass
20-03-2018 12:34 INFO  - Selecting Brand Category from pancake is clicked - Pass
20-03-2018 12:34 INFO  - Selecting Brand Sub category is clicked - Pass
20-03-2018 12:34 INFO  - Brands page is displayed - Pass
20-03-2018 12:34 INFO  - http://m.lordandtaylor.com/ is opened - Pass
20-03-2018 12:34 INFO  - Wait to get site Loaded is displayed - Pass
20-03-2018 12:34 INFO  - Click Menu is clicked - Pass
20-03-2018 12:34 INFO  - Selecting Brand Category from pancake is clicked - Pass
20-03-2018 12:34 INFO  - Selecting Brand Sub category is clicked - Pass
20-03-2018 12:34 INFO  - Brands page is displayed - Pass
20-03-2018 12:34 INFO  - Brands page is displayed - Pass
20-03-2018 12:35 INFO  - http://m.lordandtaylor.com/ is opened - Pass
20-03-2018 12:35 INFO  - Click Search is clicked - Pass
20-03-2018 12:35 INFO  - Shirts is entered in Search - Pass
20-03-2018 12:35 INFO  - Brand PLP page is displayed - Pass
20-03-2018 12:35 INFO  - Product List Page is displayed - Pass
20-03-2018 12:35 INFO  - Product Image is displayed - Pass
20-03-2018 12:35 INFO  - Product NameList is displayed - Pass
20-03-2018 12:35 INFO  - Product Description is displayed - Pass
20-03-2018 12:35 INFO  - Product Price is displayed - Pass
20-03-2018 12:35 INFO  - search/PLP page is displayed - Pass
20-03-2018 12:35 INFO  - Search Count is displayed - Pass
20-03-2018 12:35 INFO  - Product List Page is displayed - Pass
20-03-2018 12:35 INFO  - Product Image is displayed - Pass
20-03-2018 12:35 INFO  - Product NameList is displayed - Pass
20-03-2018 12:35 INFO  - Product Description is displayed - Pass
20-03-2018 12:35 INFO  - Product Price is displayed - Pass
20-03-2018 12:35 INFO  - http://m.lordandtaylor.com/ is opened - Pass
20-03-2018 12:35 INFO  - Click Search is clicked - Pass
20-03-2018 12:35 INFO  - Shirts is entered in Search - Pass
20-03-2018 12:35 INFO  - PDP Page wait is displayed - Pass
20-03-2018 12:35 INFO  - http://m.lordandtaylor.com/ is opened - Pass
20-03-2018 12:35 INFO  - Wait to get site Loaded is displayed - Pass
20-03-2018 12:35 INFO  - Click Menu is clicked - Pass
20-03-2018 12:35 INFO  - scrolled to Menu scroll - Pass
20-03-2018 12:35 INFO  - Menu Clicked is clicked - Pass
20-03-2018 12:35 INFO  - scrolled to Menu sub scroll - Pass
20-03-2018 12:35 ERROR - WebDriverException
org.openqa.selenium.WebDriverException: unknown error: Element <div class="sk_mobCategoryItemTxt">...</div> is not clickable at point (90, 85). Other element would receive the click: <a title="SHOP BY OCCASION" class="sk_mobCategoryItemCont" id="sk_mobCategoryItemCont_id_1_1_1" data-role="none" type="" link="" identifier="" categorytype="undefined" imageurl="">...</a>
  (Session info: chrome=64.0.3282.186)
  (Driver info: chromedriver=2.33.506120 (e3e53437346286c0bc2d2dc9aa4915ba81d9023f),platform=Windows NT 10.0.16299 x86_64) (WARNING: The server did not provide any stacktrace information)
Command duration or timeout: 46 milliseconds
Build info: version: '3.2.0', revision: '8c03df6b79', time: '2017-02-23 10:51:31 +0000'
System info: host: 'DESKTOP-AQOISD1', ip: '192.168.234.84', os.name: 'Windows 10', os.arch: 'amd64', os.version: '10.0', java.version: '1.8.0_112'
Driver info: org.openqa.selenium.chrome.ChromeDriver
Capabilities [{applicationCacheEnabled=false, rotatable=false, mobileEmulationEnabled=false, networkConnectionEnabled=false, chrome={chromedriverVersion=2.33.506120 (e3e53437346286c0bc2d2dc9aa4915ba81d9023f), userDataDir=C:\Users\arunraj.n\AppData\Local\Temp\scoped_dir15060_29910}, takesHeapSnapshot=true, pageLoadStrategy=normal, databaseEnabled=false, handlesAlerts=true, hasTouchScreen=false, version=64.0.3282.186, platform=XP, browserConnectionEnabled=false, nativeEvents=true, acceptSslCerts=true, locationContextEnabled=true, webStorageEnabled=true, browserName=chrome, takesScreenshot=true, javascriptEnabled=true, cssSelectorsEnabled=true, setWindowRect=true, unexpectedAlertBehaviour=}]
Session ID: bc3c31af40aac26db338e82a686902a2
	at sun.reflect.NativeConstructorAccessorImpl.newInstance0(Native Method)
	at sun.reflect.NativeConstructorAccessorImpl.newInstance(Unknown Source)
	at sun.reflect.DelegatingConstructorAccessorImpl.newInstance(Unknown Source)
	at java.lang.reflect.Constructor.newInstance(Unknown Source)
	at org.openqa.selenium.remote.ErrorHandler.createThrowable(ErrorHandler.java:216)
	at org.openqa.selenium.remote.ErrorHandler.throwIfResponseFailed(ErrorHandler.java:168)
	at org.openqa.selenium.remote.RemoteWebDriver.execute(RemoteWebDriver.java:638)
	at org.openqa.selenium.remote.RemoteWebElement.execute(RemoteWebElement.java:274)
	at org.openqa.selenium.remote.RemoteWebElement.click(RemoteWebElement.java:84)
	at com.skava.framework.action.SeleniumActionEngine.clickElement(SeleniumActionEngine.java:103)
	at com.skava.reusable.components.HomePageComponents.menuCategoryValidation(HomePageComponents.java:145)
	at com.skava.testcases.LT_336_BreadCrumb_Validation.LT_336_BreadCrumb_Validation(LT_336_BreadCrumb_Validation.java:27)
	at sun.reflect.NativeMethodAccessorImpl.invoke0(Native Method)
	at sun.reflect.NativeMethodAccessorImpl.invoke(Unknown Source)
	at sun.reflect.DelegatingMethodAccessorImpl.invoke(Unknown Source)
	at java.lang.reflect.Method.invoke(Unknown Source)
	at org.testng.internal.MethodInvocationHelper.invokeMethod(MethodInvocationHelper.java:108)
	at org.testng.internal.Invoker.invokeMethod(Invoker.java:669)
	at org.testng.internal.Invoker.invokeTestMethod(Invoker.java:877)
	at org.testng.internal.Invoker.invokeTestMethods(Invoker.java:1201)
	at org.testng.internal.TestMethodWorker.invokeTestMethods(TestMethodWorker.java:125)
	at org.testng.internal.TestMethodWorker.run(TestMethodWorker.java:109)
	at java.util.concurrent.ThreadPoolExecutor.runWorker(Unknown Source)
	at java.util.concurrent.ThreadPoolExecutor$Worker.run(Unknown Source)
	at java.lang.Thread.run(Unknown Source)
20-03-2018 12:35 ERROR - Sub Menu Clickedis not present - failed
20-03-2018 12:35 INFO  - search/PLP page is displayed - Pass
20-03-2018 12:35 INFO  - Search Count is displayed - Pass
20-03-2018 12:35 INFO  - Products displayed in PLP Page is displayed - Pass
20-03-2018 12:35 INFO  - Back To Top is displayed - Pass
20-03-2018 12:35 INFO  - Back To Top is clicked - Pass
20-03-2018 12:35 INFO  - Wait is displayed - Pass
20-03-2018 12:35 ERROR - TimeoutException
org.openqa.selenium.TimeoutException: Expected condition failed: waiting for visibility of element located by By.xpath: //*[@id='sk_mobCategory_id']/div[1]/div[2]/div[2]/div/div[1]/a/div/div[4] (tried for 10 second(s) with 500 MILLISECONDS interval)
Build info: version: '3.2.0', revision: '8c03df6b79', time: '2017-02-23 10:51:31 +0000'
System info: host: 'DESKTOP-AQOISD1', ip: '192.168.234.84', os.name: 'Windows 10', os.arch: 'amd64', os.version: '10.0', java.version: '1.8.0_112'
Driver info: org.openqa.selenium.chrome.ChromeDriver
Capabilities [{applicationCacheEnabled=false, rotatable=false, mobileEmulationEnabled=false, networkConnectionEnabled=false, chrome={chromedriverVersion=2.33.506120 (e3e53437346286c0bc2d2dc9aa4915ba81d9023f), userDataDir=C:\Users\arunraj.n\AppData\Local\Temp\scoped_dir15060_29910}, takesHeapSnapshot=true, pageLoadStrategy=normal, databaseEnabled=false, handlesAlerts=true, hasTouchScreen=false, version=64.0.3282.186, platform=XP, browserConnectionEnabled=false, nativeEvents=true, acceptSslCerts=true, locationContextEnabled=true, webStorageEnabled=true, browserName=chrome, takesScreenshot=true, javascriptEnabled=true, cssSelectorsEnabled=true, setWindowRect=true, unexpectedAlertBehaviour=}]
Session ID: bc3c31af40aac26db338e82a686902a2
	at org.openqa.selenium.support.ui.WebDriverWait.timeoutException(WebDriverWait.java:82)
	at org.openqa.selenium.support.ui.FluentWait.until(FluentWait.java:231)
	at com.skava.framework.action.SeleniumActionEngine.explicitWaitforVisibility(SeleniumActionEngine.java:183)
	at com.skava.framework.action.SeleniumActionEngine.scrollToElement(SeleniumActionEngine.java:433)
	at com.skava.reusable.components.HomePageComponents.menuCategoryValidation(HomePageComponents.java:146)
	at com.skava.testcases.LT_336_BreadCrumb_Validation.LT_336_BreadCrumb_Validation(LT_336_BreadCrumb_Validation.java:27)
	at sun.reflect.NativeMethodAccessorImpl.invoke0(Native Method)
	at sun.reflect.NativeMethodAccessorImpl.invoke(Unknown Source)
	at sun.reflect.DelegatingMethodAccessorImpl.invoke(Unknown Source)
	at java.lang.reflect.Method.invoke(Unknown Source)
	at org.testng.internal.MethodInvocationHelper.invokeMethod(MethodInvocationHelper.java:108)
	at org.testng.internal.Invoker.invokeMethod(Invoker.java:669)
	at org.testng.internal.Invoker.invokeTestMethod(Invoker.java:877)
	at org.testng.internal.Invoker.invokeTestMethods(Invoker.java:1201)
	at org.testng.internal.TestMethodWorker.invokeTestMethods(TestMethodWorker.java:125)
	at org.testng.internal.TestMethodWorker.run(TestMethodWorker.java:109)
	at java.util.concurrent.ThreadPoolExecutor.runWorker(Unknown Source)
	at java.util.concurrent.ThreadPoolExecutor$Worker.run(Unknown Source)
	at java.lang.Thread.run(Unknown Source)
20-03-2018 12:35 ERROR - Menu sub cat scroll is not present - failed
20-03-2018 12:35 INFO  - http://m.lordandtaylor.com/ is opened - Pass
20-03-2018 12:35 INFO  - Click Search is clicked - Pass
20-03-2018 12:35 INFO  - lipstick is entered in Search - Pass
20-03-2018 12:35 INFO  - http://m.lordandtaylor.com/ is opened - Pass
20-03-2018 12:35 INFO  - Click Search is clicked - Pass
20-03-2018 12:35 INFO  - Shoes is entered in Search - Pass
20-03-2018 12:35 INFO  - search/PLP page is displayed - Pass
20-03-2018 12:35 INFO  - Search Count is displayed - Pass
20-03-2018 12:35 INFO  - Sorting Clicked is clicked - Pass
20-03-2018 12:35 INFO  - Refine is displayed - Pass
20-03-2018 12:35 INFO  - search/PLP page is displayed - Pass
20-03-2018 12:35 INFO  - Search Count is displayed - Pass
20-03-2018 12:35 INFO  - Wait Bag Qty is displayed - Pass
20-03-2018 12:35 ERROR - TimeoutException
org.openqa.selenium.TimeoutException: Expected condition failed: waiting for visibility of element located by By.xpath: //*[@id='sk_mobCategory_id']/div[1]/div[2]/div[2]/div/div[1]/a/div/div[4] (tried for 20 second(s) with 500 MILLISECONDS interval)
Build info: version: '3.2.0', revision: '8c03df6b79', time: '2017-02-23 10:51:31 +0000'
System info: host: 'DESKTOP-AQOISD1', ip: '192.168.234.84', os.name: 'Windows 10', os.arch: 'amd64', os.version: '10.0', java.version: '1.8.0_112'
Driver info: org.openqa.selenium.chrome.ChromeDriver
Capabilities [{applicationCacheEnabled=false, rotatable=false, mobileEmulationEnabled=false, networkConnectionEnabled=false, chrome={chromedriverVersion=2.33.506120 (e3e53437346286c0bc2d2dc9aa4915ba81d9023f), userDataDir=C:\Users\arunraj.n\AppData\Local\Temp\scoped_dir15060_29910}, takesHeapSnapshot=true, pageLoadStrategy=normal, databaseEnabled=false, handlesAlerts=true, hasTouchScreen=false, version=64.0.3282.186, platform=XP, browserConnectionEnabled=false, nativeEvents=true, acceptSslCerts=true, locationContextEnabled=true, webStorageEnabled=true, browserName=chrome, takesScreenshot=true, javascriptEnabled=true, cssSelectorsEnabled=true, setWindowRect=true, unexpectedAlertBehaviour=}]
Session ID: bc3c31af40aac26db338e82a686902a2
	at org.openqa.selenium.support.ui.WebDriverWait.timeoutException(WebDriverWait.java:82)
	at org.openqa.selenium.support.ui.FluentWait.until(FluentWait.java:231)
	at com.skava.framework.action.SeleniumActionEngine.explicitWaitforVisibility(SeleniumActionEngine.java:183)
	at com.skava.framework.action.SeleniumActionEngine.clickElement(SeleniumActionEngine.java:100)
	at com.skava.reusable.components.HomePageComponents.menuCategoryValidation(HomePageComponents.java:147)
	at com.skava.testcases.LT_336_BreadCrumb_Validation.LT_336_BreadCrumb_Validation(LT_336_BreadCrumb_Validation.java:27)
	at sun.reflect.NativeMethodAccessorImpl.invoke0(Native Method)
	at sun.reflect.NativeMethodAccessorImpl.invoke(Unknown Source)
	at sun.reflect.DelegatingMethodAccessorImpl.invoke(Unknown Source)
	at java.lang.reflect.Method.invoke(Unknown Source)
	at org.testng.internal.MethodInvocationHelper.invokeMethod(MethodInvocationHelper.java:108)
	at org.testng.internal.Invoker.invokeMethod(Invoker.java:669)
	at org.testng.internal.Invoker.invokeTestMethod(Invoker.java:877)
	at org.testng.internal.Invoker.invokeTestMethods(Invoker.java:1201)
	at org.testng.internal.TestMethodWorker.invokeTestMethods(TestMethodWorker.java:125)
	at org.testng.internal.TestMethodWorker.run(TestMethodWorker.java:109)
	at java.util.concurrent.ThreadPoolExecutor.runWorker(Unknown Source)
	at java.util.concurrent.ThreadPoolExecutor$Worker.run(Unknown Source)
	at java.lang.Thread.run(Unknown Source)
20-03-2018 12:35 ERROR - Sub Menu2 Clicked is not present - failed
20-03-2018 12:35 INFO  - http://m.lordandtaylor.com/ is opened - Pass
20-03-2018 12:35 INFO  - Click Search is clicked - Pass
20-03-2018 12:35 INFO  - Shirts is entered in Search - Pass
20-03-2018 12:36 INFO  - search/PLP page is displayed - Pass
20-03-2018 12:36 INFO  - Search Count is displayed - Pass
20-03-2018 12:36 INFO  - Product List Page is displayed - Pass
20-03-2018 12:36 INFO  - Product Image is displayed - Pass
20-03-2018 12:36 INFO  - Product NameList is displayed - Pass
20-03-2018 12:36 INFO  - Product Description is displayed - Pass
20-03-2018 12:36 INFO  - Product Price is displayed - Pass
20-03-2018 12:36 INFO  - Wait Bag Qty is displayed - Pass
20-03-2018 12:36 INFO  -  Sort and filter button click is clicked - Pass
20-03-2018 12:36 INFO  - Wait Bag Qty is displayed - Pass
20-03-2018 12:36 INFO  - PLP page is displayed after sorting is displayed - Pass
20-03-2018 12:36 ERROR - TimeoutException
org.openqa.selenium.TimeoutException: Expected condition failed: waiting for visibility of element located by By.id: pdpAddtoBagBtn (tried for 5 second(s) with 500 MILLISECONDS interval)
	at org.openqa.selenium.support.ui.WebDriverWait.timeoutException(WebDriverWait.java:82)
	at org.openqa.selenium.support.ui.FluentWait.until(FluentWait.java:231)
	at com.skava.framework.action.SeleniumActionEngine.explicitWaitforVisibility(SeleniumActionEngine.java:183)
	at com.skava.reusable.components.PLPandPDPComponents.sort_ApplyFilter(PLPandPDPComponents.java:616)
	at com.skava.testcases.LT_383_Sort_ApplyFilter.LT_383_Sort_ApplyFilter(LT_383_Sort_ApplyFilter.java:27)
	at sun.reflect.NativeMethodAccessorImpl.invoke0(Native Method)
	at sun.reflect.NativeMethodAccessorImpl.invoke(Unknown Source)
	at sun.reflect.DelegatingMethodAccessorImpl.invoke(Unknown Source)
	at java.lang.reflect.Method.invoke(Unknown Source)
	at org.testng.internal.MethodInvocationHelper.invokeMethod(MethodInvocationHelper.java:108)
	at org.testng.internal.Invoker.invokeMethod(Invoker.java:669)
	at org.testng.internal.Invoker.invokeTestMethod(Invoker.java:877)
	at org.testng.internal.Invoker.invokeTestMethods(Invoker.java:1201)
	at org.testng.internal.TestMethodWorker.invokeTestMethods(TestMethodWorker.java:125)
	at org.testng.internal.TestMethodWorker.run(TestMethodWorker.java:109)
	at java.util.concurrent.ThreadPoolExecutor.runWorker(Unknown Source)
	at java.util.concurrent.ThreadPoolExecutor$Worker.run(Unknown Source)
	at java.lang.Thread.run(Unknown Source)
Caused by: org.openqa.selenium.NoSuchElementException: Cannot locate an element using By.id: pdpAddtoBagBtn
For documentation on this error, please visit: http://seleniumhq.org/exceptions/no_such_element.html
Build info: version: '3.2.0', revision: '8c03df6b79', time: '2017-02-23 10:51:31 +0000'
System info: host: 'DESKTOP-AQOISD1', ip: '192.168.234.84', os.name: 'Windows 10', os.arch: 'amd64', os.version: '10.0', java.version: '1.8.0_112'
Driver info: driver.version: unknown
	at org.openqa.selenium.support.ui.ExpectedConditions.lambda$findElement$0(ExpectedConditions.java:882)
	at java.util.Optional.orElseThrow(Unknown Source)
	at org.openqa.selenium.support.ui.ExpectedConditions.findElement(ExpectedConditions.java:881)
	at org.openqa.selenium.support.ui.ExpectedConditions.access$000(ExpectedConditions.java:43)
	at org.openqa.selenium.support.ui.ExpectedConditions$7.apply(ExpectedConditions.java:205)
	at org.openqa.selenium.support.ui.ExpectedConditions$7.apply(ExpectedConditions.java:201)
	at org.openqa.selenium.support.ui.FluentWait.until(FluentWait.java:208)
	... 16 more
20-03-2018 12:36 ERROR - Wait is not present - failed
20-03-2018 12:36 INFO  -  Sort and filter button click is clicked - Pass
20-03-2018 12:36 INFO  - Wait Bag Qty is displayed - Pass
20-03-2018 12:36 INFO  - Apply button is displayed on selecting the category is displayed - Pass
20-03-2018 12:36 INFO  - scrolled to Scroll to apply - Pass
20-03-2018 12:36 INFO  - Click apply button is clicked - Pass
20-03-2018 12:36 ERROR - TimeoutException
org.openqa.selenium.TimeoutException: Expected condition failed: waiting for visibility of element located by By.id: skMob_breadCrumbContainer_id (tried for 40 second(s) with 500 MILLISECONDS interval)
	at org.openqa.selenium.support.ui.WebDriverWait.timeoutException(WebDriverWait.java:82)
	at org.openqa.selenium.support.ui.FluentWait.until(FluentWait.java:231)
	at com.skava.framework.action.SeleniumActionEngine.explicitWaitforVisibility(SeleniumActionEngine.java:183)
	at com.skava.framework.action.SeleniumActionEngine.isElementDisplayed(SeleniumActionEngine.java:201)
	at com.skava.reusable.components.PLPandPDPComponents.breadcrumbValidation(PLPandPDPComponents.java:19)
	at com.skava.testcases.LT_336_BreadCrumb_Validation.LT_336_BreadCrumb_Validation(LT_336_BreadCrumb_Validation.java:28)
	at sun.reflect.NativeMethodAccessorImpl.invoke0(Native Method)
	at sun.reflect.NativeMethodAccessorImpl.invoke(Unknown Source)
	at sun.reflect.DelegatingMethodAccessorImpl.invoke(Unknown Source)
	at java.lang.reflect.Method.invoke(Unknown Source)
	at org.testng.internal.MethodInvocationHelper.invokeMethod(MethodInvocationHelper.java:108)
	at org.testng.internal.Invoker.invokeMethod(Invoker.java:669)
	at org.testng.internal.Invoker.invokeTestMethod(Invoker.java:877)
	at org.testng.internal.Invoker.invokeTestMethods(Invoker.java:1201)
	at org.testng.internal.TestMethodWorker.invokeTestMethods(TestMethodWorker.java:125)
	at org.testng.internal.TestMethodWorker.run(TestMethodWorker.java:109)
	at java.util.concurrent.ThreadPoolExecutor.runWorker(Unknown Source)
	at java.util.concurrent.ThreadPoolExecutor$Worker.run(Unknown Source)
	at java.lang.Thread.run(Unknown Source)
Caused by: org.openqa.selenium.NoSuchElementException: Cannot locate an element using By.id: skMob_breadCrumbContainer_id
For documentation on this error, please visit: http://seleniumhq.org/exceptions/no_such_element.html
Build info: version: '3.2.0', revision: '8c03df6b79', time: '2017-02-23 10:51:31 +0000'
System info: host: 'DESKTOP-AQOISD1', ip: '192.168.234.84', os.name: 'Windows 10', os.arch: 'amd64', os.version: '10.0', java.version: '1.8.0_112'
Driver info: driver.version: unknown
	at org.openqa.selenium.support.ui.ExpectedConditions.lambda$findElement$0(ExpectedConditions.java:882)
	at java.util.Optional.orElseThrow(Unknown Source)
	at org.openqa.selenium.support.ui.ExpectedConditions.findElement(ExpectedConditions.java:881)
	at org.openqa.selenium.support.ui.ExpectedConditions.access$000(ExpectedConditions.java:43)
	at org.openqa.selenium.support.ui.ExpectedConditions$7.apply(ExpectedConditions.java:205)
	at org.openqa.selenium.support.ui.ExpectedConditions$7.apply(ExpectedConditions.java:201)
	at org.openqa.selenium.support.ui.FluentWait.until(FluentWait.java:208)
	... 17 more
20-03-2018 12:36 ERROR - Bread Crumb is not present - failed
20-03-2018 12:36 ERROR - TimeoutException
org.openqa.selenium.TimeoutException: Expected condition failed: waiting for visibility of element located by By.id: pdpAddtoBagBtn (tried for 10 second(s) with 500 MILLISECONDS interval)
	at org.openqa.selenium.support.ui.WebDriverWait.timeoutException(WebDriverWait.java:82)
	at org.openqa.selenium.support.ui.FluentWait.until(FluentWait.java:231)
	at com.skava.framework.action.SeleniumActionEngine.explicitWaitforVisibility(SeleniumActionEngine.java:183)
	at com.skava.reusable.components.PLPandPDPComponents.sort_ApplyFilter(PLPandPDPComponents.java:650)
	at com.skava.testcases.LT_383_Sort_ApplyFilter.LT_383_Sort_ApplyFilter(LT_383_Sort_ApplyFilter.java:27)
	at sun.reflect.NativeMethodAccessorImpl.invoke0(Native Method)
	at sun.reflect.NativeMethodAccessorImpl.invoke(Unknown Source)
	at sun.reflect.DelegatingMethodAccessorImpl.invoke(Unknown Source)
	at java.lang.reflect.Method.invoke(Unknown Source)
	at org.testng.internal.MethodInvocationHelper.invokeMethod(MethodInvocationHelper.java:108)
	at org.testng.internal.Invoker.invokeMethod(Invoker.java:669)
	at org.testng.internal.Invoker.invokeTestMethod(Invoker.java:877)
	at org.testng.internal.Invoker.invokeTestMethods(Invoker.java:1201)
	at org.testng.internal.TestMethodWorker.invokeTestMethods(TestMethodWorker.java:125)
	at org.testng.internal.TestMethodWorker.run(TestMethodWorker.java:109)
	at java.util.concurrent.ThreadPoolExecutor.runWorker(Unknown Source)
	at java.util.concurrent.ThreadPoolExecutor$Worker.run(Unknown Source)
	at java.lang.Thread.run(Unknown Source)
Caused by: org.openqa.selenium.NoSuchElementException: Cannot locate an element using By.id: pdpAddtoBagBtn
For documentation on this error, please visit: http://seleniumhq.org/exceptions/no_such_element.html
Build info: version: '3.2.0', revision: '8c03df6b79', time: '2017-02-23 10:51:31 +0000'
System info: host: 'DESKTOP-AQOISD1', ip: '192.168.234.84', os.name: 'Windows 10', os.arch: 'amd64', os.version: '10.0', java.version: '1.8.0_112'
Driver info: driver.version: unknown
	at org.openqa.selenium.support.ui.ExpectedConditions.lambda$findElement$0(ExpectedConditions.java:882)
	at java.util.Optional.orElseThrow(Unknown Source)
	at org.openqa.selenium.support.ui.ExpectedConditions.findElement(ExpectedConditions.java:881)
	at org.openqa.selenium.support.ui.ExpectedConditions.access$000(ExpectedConditions.java:43)
	at org.openqa.selenium.support.ui.ExpectedConditions$7.apply(ExpectedConditions.java:205)
	at org.openqa.selenium.support.ui.ExpectedConditions$7.apply(ExpectedConditions.java:201)
	at org.openqa.selenium.support.ui.FluentWait.until(FluentWait.java:208)
	... 16 more
20-03-2018 12:36 ERROR - Wait is not present - failed
20-03-2018 12:36 INFO  - http://m.lordandtaylor.com/ is opened - Pass
20-03-2018 12:36 INFO  - Click Search is clicked - Pass
20-03-2018 12:36 INFO  - Shirts is entered in Search - Pass
20-03-2018 12:36 INFO  - PLP page is displayed after sorting is displayed - Pass
20-03-2018 12:36 INFO  - PLP page is displayed after sorting is displayed - Pass
20-03-2018 12:36 ERROR - TimeoutException
org.openqa.selenium.TimeoutException: Expected condition failed: waiting for visibility of element located by By.id: pdpAddtoBagBtn (tried for 5 second(s) with 500 MILLISECONDS interval)
	at org.openqa.selenium.support.ui.WebDriverWait.timeoutException(WebDriverWait.java:82)
	at org.openqa.selenium.support.ui.FluentWait.until(FluentWait.java:231)
	at com.skava.framework.action.SeleniumActionEngine.explicitWaitforVisibility(SeleniumActionEngine.java:183)
	at com.skava.reusable.components.PLPandPDPComponents.sort_ApplyFilter(PLPandPDPComponents.java:657)
	at com.skava.testcases.LT_383_Sort_ApplyFilter.LT_383_Sort_ApplyFilter(LT_383_Sort_ApplyFilter.java:27)
	at sun.reflect.NativeMethodAccessorImpl.invoke0(Native Method)
	at sun.reflect.NativeMethodAccessorImpl.invoke(Unknown Source)
	at sun.reflect.DelegatingMethodAccessorImpl.invoke(Unknown Source)
	at java.lang.reflect.Method.invoke(Unknown Source)
	at org.testng.internal.MethodInvocationHelper.invokeMethod(MethodInvocationHelper.java:108)
	at org.testng.internal.Invoker.invokeMethod(Invoker.java:669)
	at org.testng.internal.Invoker.invokeTestMethod(Invoker.java:877)
	at org.testng.internal.Invoker.invokeTestMethods(Invoker.java:1201)
	at org.testng.internal.TestMethodWorker.invokeTestMethods(TestMethodWorker.java:125)
	at org.testng.internal.TestMethodWorker.run(TestMethodWorker.java:109)
	at java.util.concurrent.ThreadPoolExecutor.runWorker(Unknown Source)
	at java.util.concurrent.ThreadPoolExecutor$Worker.run(Unknown Source)
	at java.lang.Thread.run(Unknown Source)
Caused by: org.openqa.selenium.NoSuchElementException: Cannot locate an element using By.id: pdpAddtoBagBtn
For documentation on this error, please visit: http://seleniumhq.org/exceptions/no_such_element.html
Build info: version: '3.2.0', revision: '8c03df6b79', time: '2017-02-23 10:51:31 +0000'
System info: host: 'DESKTOP-AQOISD1', ip: '192.168.234.84', os.name: 'Windows 10', os.arch: 'amd64', os.version: '10.0', java.version: '1.8.0_112'
Driver info: driver.version: unknown
	at org.openqa.selenium.support.ui.ExpectedConditions.lambda$findElement$0(ExpectedConditions.java:882)
	at java.util.Optional.orElseThrow(Unknown Source)
	at org.openqa.selenium.support.ui.ExpectedConditions.findElement(ExpectedConditions.java:881)
	at org.openqa.selenium.support.ui.ExpectedConditions.access$000(ExpectedConditions.java:43)
	at org.openqa.selenium.support.ui.ExpectedConditions$7.apply(ExpectedConditions.java:205)
	at org.openqa.selenium.support.ui.ExpectedConditions$7.apply(ExpectedConditions.java:201)
	at org.openqa.selenium.support.ui.FluentWait.until(FluentWait.java:208)
	... 16 more
20-03-2018 12:36 ERROR - Wait is not present - failed
20-03-2018 12:36 INFO  - http://m.lordandtaylor.com/ is opened - Pass
20-03-2018 12:36 INFO  - Click Search is clicked - Pass
20-03-2018 12:36 INFO  - Shoes is entered in Search - Pass
20-03-2018 12:36 INFO  - search/PLP page is displayed - Pass
20-03-2018 12:36 INFO  - Search Count is displayed - Pass
20-03-2018 12:36 INFO  - PLP page is displayed after sorting is displayed - Pass
20-03-2018 12:36 INFO  - Wait Bag Qty is displayed - Pass
20-03-2018 12:36 INFO  - search/PLP page is displayed - Pass
20-03-2018 12:36 INFO  - Search Count is displayed - Pass
20-03-2018 12:36 ERROR - TimeoutException
org.openqa.selenium.TimeoutException: Expected condition failed: waiting for visibility of element located by By.id: pdpAddtoBagBtn (tried for 5 second(s) with 500 MILLISECONDS interval)
	at org.openqa.selenium.support.ui.WebDriverWait.timeoutException(WebDriverWait.java:82)
	at org.openqa.selenium.support.ui.FluentWait.until(FluentWait.java:231)
	at com.skava.framework.action.SeleniumActionEngine.explicitWaitforVisibility(SeleniumActionEngine.java:183)
	at com.skava.reusable.components.PLPandPDPComponents.sort_ApplyFilter(PLPandPDPComponents.java:616)
	at com.skava.testcases.LT_387_SortClearAll.LT_387_Sort_ClearAll(LT_387_SortClearAll.java:28)
	at sun.reflect.NativeMethodAccessorImpl.invoke0(Native Method)
	at sun.reflect.NativeMethodAccessorImpl.invoke(Unknown Source)
	at sun.reflect.DelegatingMethodAccessorImpl.invoke(Unknown Source)
	at java.lang.reflect.Method.invoke(Unknown Source)
	at org.testng.internal.MethodInvocationHelper.invokeMethod(MethodInvocationHelper.java:108)
	at org.testng.internal.Invoker.invokeMethod(Invoker.java:669)
	at org.testng.internal.Invoker.invokeTestMethod(Invoker.java:877)
	at org.testng.internal.Invoker.invokeTestMethods(Invoker.java:1201)
	at org.testng.internal.TestMethodWorker.invokeTestMethods(TestMethodWorker.java:125)
	at org.testng.internal.TestMethodWorker.run(TestMethodWorker.java:109)
	at java.util.concurrent.ThreadPoolExecutor.runWorker(Unknown Source)
	at java.util.concurrent.ThreadPoolExecutor$Worker.run(Unknown Source)
	at java.lang.Thread.run(Unknown Source)
Caused by: org.openqa.selenium.NoSuchElementException: Cannot locate an element using By.id: pdpAddtoBagBtn
For documentation on this error, please visit: http://seleniumhq.org/exceptions/no_such_element.html
Build info: version: '3.2.0', revision: '8c03df6b79', time: '2017-02-23 10:51:31 +0000'
System info: host: 'DESKTOP-AQOISD1', ip: '192.168.234.84', os.name: 'Windows 10', os.arch: 'amd64', os.version: '10.0', java.version: '1.8.0_112'
Driver info: driver.version: unknown
	at org.openqa.selenium.support.ui.ExpectedConditions.lambda$findElement$0(ExpectedConditions.java:882)
	at java.util.Optional.orElseThrow(Unknown Source)
	at org.openqa.selenium.support.ui.ExpectedConditions.findElement(ExpectedConditions.java:881)
	at org.openqa.selenium.support.ui.ExpectedConditions.access$000(ExpectedConditions.java:43)
	at org.openqa.selenium.support.ui.ExpectedConditions$7.apply(ExpectedConditions.java:205)
	at org.openqa.selenium.support.ui.ExpectedConditions$7.apply(ExpectedConditions.java:201)
	at org.openqa.selenium.support.ui.FluentWait.until(FluentWait.java:208)
	... 16 more
20-03-2018 12:36 ERROR - Wait is not present - failed
20-03-2018 12:36 INFO  - http://m.lordandtaylor.com/ is opened - Pass
20-03-2018 12:36 INFO  - Click Search is clicked - Pass
20-03-2018 12:36 INFO  - shirts is entered in Search - Pass
20-03-2018 12:36 INFO  -  Sort and filter button click is clicked - Pass
20-03-2018 12:36 INFO  - Wait Bag Qty is displayed - Pass
20-03-2018 12:37 INFO  - Apply button is displayed on selecting the category is displayed - Pass
20-03-2018 12:37 INFO  - scrolled to Scroll to apply - Pass
20-03-2018 12:37 INFO  - Click apply button is clicked - Pass
20-03-2018 12:37 INFO  - PDP Page wait is displayed - Pass
20-03-2018 12:37 INFO  - PDP Page wait is displayed - Pass
20-03-2018 12:37 INFO  - search/PLP page is displayed - Pass
20-03-2018 12:37 INFO  - Search Count is displayed - Pass
20-03-2018 12:37 INFO  - PDP Page wait is displayed - Pass
20-03-2018 12:37 INFO  - scrolled to Scrolling - Pass
20-03-2018 12:37 INFO  - Deatils is displayed - Pass
20-03-2018 12:37 INFO  - Details List is displayed - Pass
20-03-2018 12:37 ERROR - TimeoutException
org.openqa.selenium.TimeoutException: Expected condition failed: waiting for visibility of element located by By.id: pdpAddtoBagBtn (tried for 10 second(s) with 500 MILLISECONDS interval)
	at org.openqa.selenium.support.ui.WebDriverWait.timeoutException(WebDriverWait.java:82)
	at org.openqa.selenium.support.ui.FluentWait.until(FluentWait.java:231)
	at com.skava.framework.action.SeleniumActionEngine.explicitWaitforVisibility(SeleniumActionEngine.java:183)
	at com.skava.reusable.components.PLPandPDPComponents.sort_ApplyFilter(PLPandPDPComponents.java:650)
	at com.skava.testcases.LT_387_SortClearAll.LT_387_Sort_ClearAll(LT_387_SortClearAll.java:28)
	at sun.reflect.NativeMethodAccessorImpl.invoke0(Native Method)
	at sun.reflect.NativeMethodAccessorImpl.invoke(Unknown Source)
	at sun.reflect.DelegatingMethodAccessorImpl.invoke(Unknown Source)
	at java.lang.reflect.Method.invoke(Unknown Source)
	at org.testng.internal.MethodInvocationHelper.invokeMethod(MethodInvocationHelper.java:108)
	at org.testng.internal.Invoker.invokeMethod(Invoker.java:669)
	at org.testng.internal.Invoker.invokeTestMethod(Invoker.java:877)
	at org.testng.internal.Invoker.invokeTestMethods(Invoker.java:1201)
	at org.testng.internal.TestMethodWorker.invokeTestMethods(TestMethodWorker.java:125)
	at org.testng.internal.TestMethodWorker.run(TestMethodWorker.java:109)
	at java.util.concurrent.ThreadPoolExecutor.runWorker(Unknown Source)
	at java.util.concurrent.ThreadPoolExecutor$Worker.run(Unknown Source)
	at java.lang.Thread.run(Unknown Source)
Caused by: org.openqa.selenium.NoSuchElementException: Cannot locate an element using By.id: pdpAddtoBagBtn
For documentation on this error, please visit: http://seleniumhq.org/exceptions/no_such_element.html
Build info: version: '3.2.0', revision: '8c03df6b79', time: '2017-02-23 10:51:31 +0000'
System info: host: 'DESKTOP-AQOISD1', ip: '192.168.234.84', os.name: 'Windows 10', os.arch: 'amd64', os.version: '10.0', java.version: '1.8.0_112'
Driver info: driver.version: unknown
	at org.openqa.selenium.support.ui.ExpectedConditions.lambda$findElement$0(ExpectedConditions.java:882)
	at java.util.Optional.orElseThrow(Unknown Source)
	at org.openqa.selenium.support.ui.ExpectedConditions.findElement(ExpectedConditions.java:881)
	at org.openqa.selenium.support.ui.ExpectedConditions.access$000(ExpectedConditions.java:43)
	at org.openqa.selenium.support.ui.ExpectedConditions$7.apply(ExpectedConditions.java:205)
	at org.openqa.selenium.support.ui.ExpectedConditions$7.apply(ExpectedConditions.java:201)
	at org.openqa.selenium.support.ui.FluentWait.until(FluentWait.java:208)
	... 16 more
20-03-2018 12:37 ERROR - Wait is not present - failed
20-03-2018 12:37 INFO  - http://m.lordandtaylor.com/ is opened - Pass
20-03-2018 12:37 INFO  - Click Search is clicked - Pass
20-03-2018 12:37 INFO  - PLP page is displayed after sorting is displayed - Pass
20-03-2018 12:37 INFO  - PLP page is displayed after sorting is displayed - Pass
20-03-2018 12:37 INFO  - shoes is entered in Search - Pass
20-03-2018 12:37 ERROR - TimeoutException
org.openqa.selenium.TimeoutException: Expected condition failed: waiting for visibility of element located by By.id: pdpAddtoBagBtn (tried for 5 second(s) with 500 MILLISECONDS interval)
	at org.openqa.selenium.support.ui.WebDriverWait.timeoutException(WebDriverWait.java:82)
	at org.openqa.selenium.support.ui.FluentWait.until(FluentWait.java:231)
	at com.skava.framework.action.SeleniumActionEngine.explicitWaitforVisibility(SeleniumActionEngine.java:183)
	at com.skava.reusable.components.PLPandPDPComponents.sort_ApplyFilter(PLPandPDPComponents.java:657)
	at com.skava.testcases.LT_387_SortClearAll.LT_387_Sort_ClearAll(LT_387_SortClearAll.java:28)
	at sun.reflect.NativeMethodAccessorImpl.invoke0(Native Method)
	at sun.reflect.NativeMethodAccessorImpl.invoke(Unknown Source)
	at sun.reflect.DelegatingMethodAccessorImpl.invoke(Unknown Source)
	at java.lang.reflect.Method.invoke(Unknown Source)
	at org.testng.internal.MethodInvocationHelper.invokeMethod(MethodInvocationHelper.java:108)
	at org.testng.internal.Invoker.invokeMethod(Invoker.java:669)
	at org.testng.internal.Invoker.invokeTestMethod(Invoker.java:877)
	at org.testng.internal.Invoker.invokeTestMethods(Invoker.java:1201)
	at org.testng.internal.TestMethodWorker.invokeTestMethods(TestMethodWorker.java:125)
	at org.testng.internal.TestMethodWorker.run(TestMethodWorker.java:109)
	at java.util.concurrent.ThreadPoolExecutor.runWorker(Unknown Source)
	at java.util.concurrent.ThreadPoolExecutor$Worker.run(Unknown Source)
	at java.lang.Thread.run(Unknown Source)
Caused by: org.openqa.selenium.NoSuchElementException: Cannot locate an element using By.id: pdpAddtoBagBtn
For documentation on this error, please visit: http://seleniumhq.org/exceptions/no_such_element.html
Build info: version: '3.2.0', revision: '8c03df6b79', time: '2017-02-23 10:51:31 +0000'
System info: host: 'DESKTOP-AQOISD1', ip: '192.168.234.84', os.name: 'Windows 10', os.arch: 'amd64', os.version: '10.0', java.version: '1.8.0_112'
Driver info: driver.version: unknown
	at org.openqa.selenium.support.ui.ExpectedConditions.lambda$findElement$0(ExpectedConditions.java:882)
	at java.util.Optional.orElseThrow(Unknown Source)
	at org.openqa.selenium.support.ui.ExpectedConditions.findElement(ExpectedConditions.java:881)
	at org.openqa.selenium.support.ui.ExpectedConditions.access$000(ExpectedConditions.java:43)
	at org.openqa.selenium.support.ui.ExpectedConditions$7.apply(ExpectedConditions.java:205)
	at org.openqa.selenium.support.ui.ExpectedConditions$7.apply(ExpectedConditions.java:201)
	at org.openqa.selenium.support.ui.FluentWait.until(FluentWait.java:208)
	... 16 more
20-03-2018 12:37 ERROR - Wait is not present - failed
20-03-2018 12:37 INFO  - PLP page is displayed after sorting is displayed - Pass
20-03-2018 12:37 INFO  - Wait Bag Qty is displayed - Pass
20-03-2018 12:37 INFO  - search/PLP page is displayed - Pass
20-03-2018 12:37 INFO  - Search Count is displayed - Pass
20-03-2018 12:37 ERROR - TimeoutException
org.openqa.selenium.TimeoutException: Expected condition failed: waiting for visibility of element located by By.id: pdpAddtoBagBtn (tried for 5 second(s) with 500 MILLISECONDS interval)
	at org.openqa.selenium.support.ui.WebDriverWait.timeoutException(WebDriverWait.java:82)
	at org.openqa.selenium.support.ui.FluentWait.until(FluentWait.java:231)
	at com.skava.framework.action.SeleniumActionEngine.explicitWaitforVisibility(SeleniumActionEngine.java:183)
	at com.skava.reusable.components.PLPandPDPComponents.sort_ClearAll(PLPandPDPComponents.java:737)
	at com.skava.testcases.LT_387_SortClearAll.LT_387_Sort_ClearAll(LT_387_SortClearAll.java:29)
	at sun.reflect.NativeMethodAccessorImpl.invoke0(Native Method)
	at sun.reflect.NativeMethodAccessorImpl.invoke(Unknown Source)
	at sun.reflect.DelegatingMethodAccessorImpl.invoke(Unknown Source)
	at java.lang.reflect.Method.invoke(Unknown Source)
	at org.testng.internal.MethodInvocationHelper.invokeMethod(MethodInvocationHelper.java:108)
	at org.testng.internal.Invoker.invokeMethod(Invoker.java:669)
	at org.testng.internal.Invoker.invokeTestMethod(Invoker.java:877)
	at org.testng.internal.Invoker.invokeTestMethods(Invoker.java:1201)
	at org.testng.internal.TestMethodWorker.invokeTestMethods(TestMethodWorker.java:125)
	at org.testng.internal.TestMethodWorker.run(TestMethodWorker.java:109)
	at java.util.concurrent.ThreadPoolExecutor.runWorker(Unknown Source)
	at java.util.concurrent.ThreadPoolExecutor$Worker.run(Unknown Source)
	at java.lang.Thread.run(Unknown Source)
Caused by: org.openqa.selenium.NoSuchElementException: Cannot locate an element using By.id: pdpAddtoBagBtn
For documentation on this error, please visit: http://seleniumhq.org/exceptions/no_such_element.html
Build info: version: '3.2.0', revision: '8c03df6b79', time: '2017-02-23 10:51:31 +0000'
System info: host: 'DESKTOP-AQOISD1', ip: '192.168.234.84', os.name: 'Windows 10', os.arch: 'amd64', os.version: '10.0', java.version: '1.8.0_112'
Driver info: driver.version: unknown
	at org.openqa.selenium.support.ui.ExpectedConditions.lambda$findElement$0(ExpectedConditions.java:882)
	at java.util.Optional.orElseThrow(Unknown Source)
	at org.openqa.selenium.support.ui.ExpectedConditions.findElement(ExpectedConditions.java:881)
	at org.openqa.selenium.support.ui.ExpectedConditions.access$000(ExpectedConditions.java:43)
	at org.openqa.selenium.support.ui.ExpectedConditions$7.apply(ExpectedConditions.java:205)
	at org.openqa.selenium.support.ui.ExpectedConditions$7.apply(ExpectedConditions.java:201)
	at org.openqa.selenium.support.ui.FluentWait.until(FluentWait.java:208)
	... 16 more
20-03-2018 12:37 ERROR - Wait is not present - failed
20-03-2018 12:37 INFO  -  Sort and filter button click is clicked - Pass
20-03-2018 12:37 INFO  - Wait Bag Qty is displayed - Pass
20-03-2018 12:37 INFO  - http://m.lordandtaylor.com/ is opened - Pass
20-03-2018 12:37 INFO  - Click Search is clicked - Pass
20-03-2018 12:37 INFO  - shirts is entered in Search - Pass
20-03-2018 12:37 INFO  - PDP Page wait is displayed - Pass
20-03-2018 12:37 INFO  - scrolled to Scrolling - Pass
20-03-2018 12:37 INFO  - Colour Field present is displayed - Pass
20-03-2018 12:37 INFO  - Size field is displayed - Pass
20-03-2018 12:37 INFO  - scrolled to Add To Bag - Pass
20-03-2018 12:37 INFO  - Add To Bag Clicked is clicked - Pass
20-03-2018 12:37 ERROR - TimeoutException
org.openqa.selenium.TimeoutException: Expected condition failed: waiting for visibility of element located by By.id: pdpAddtoBagBtn (tried for 5 second(s) with 500 MILLISECONDS interval)
	at org.openqa.selenium.support.ui.WebDriverWait.timeoutException(WebDriverWait.java:82)
	at org.openqa.selenium.support.ui.FluentWait.until(FluentWait.java:231)
	at com.skava.framework.action.SeleniumActionEngine.explicitWaitforVisibility(SeleniumActionEngine.java:183)
	at com.skava.reusable.components.PLPandPDPComponents.sort_ClearAll(PLPandPDPComponents.java:743)
	at com.skava.testcases.LT_387_SortClearAll.LT_387_Sort_ClearAll(LT_387_SortClearAll.java:29)
	at sun.reflect.NativeMethodAccessorImpl.invoke0(Native Method)
	at sun.reflect.NativeMethodAccessorImpl.invoke(Unknown Source)
	at sun.reflect.DelegatingMethodAccessorImpl.invoke(Unknown Source)
	at java.lang.reflect.Method.invoke(Unknown Source)
	at org.testng.internal.MethodInvocationHelper.invokeMethod(MethodInvocationHelper.java:108)
	at org.testng.internal.Invoker.invokeMethod(Invoker.java:669)
	at org.testng.internal.Invoker.invokeTestMethod(Invoker.java:877)
	at org.testng.internal.Invoker.invokeTestMethods(Invoker.java:1201)
	at org.testng.internal.TestMethodWorker.invokeTestMethods(TestMethodWorker.java:125)
	at org.testng.internal.TestMethodWorker.run(TestMethodWorker.java:109)
	at java.util.concurrent.ThreadPoolExecutor.runWorker(Unknown Source)
	at java.util.concurrent.ThreadPoolExecutor$Worker.run(Unknown Source)
	at java.lang.Thread.run(Unknown Source)
Caused by: org.openqa.selenium.NoSuchElementException: Cannot locate an element using By.id: pdpAddtoBagBtn
For documentation on this error, please visit: http://seleniumhq.org/exceptions/no_such_element.html
Build info: version: '3.2.0', revision: '8c03df6b79', time: '2017-02-23 10:51:31 +0000'
System info: host: 'DESKTOP-AQOISD1', ip: '192.168.234.84', os.name: 'Windows 10', os.arch: 'amd64', os.version: '10.0', java.version: '1.8.0_112'
Driver info: driver.version: unknown
	at org.openqa.selenium.support.ui.ExpectedConditions.lambda$findElement$0(ExpectedConditions.java:882)
	at java.util.Optional.orElseThrow(Unknown Source)
	at org.openqa.selenium.support.ui.ExpectedConditions.findElement(ExpectedConditions.java:881)
	at org.openqa.selenium.support.ui.ExpectedConditions.access$000(ExpectedConditions.java:43)
	at org.openqa.selenium.support.ui.ExpectedConditions$7.apply(ExpectedConditions.java:205)
	at org.openqa.selenium.support.ui.ExpectedConditions$7.apply(ExpectedConditions.java:201)
	at org.openqa.selenium.support.ui.FluentWait.until(FluentWait.java:208)
	... 16 more
20-03-2018 12:37 ERROR - Wait is not present - failed
20-03-2018 12:37 INFO  - Is Clear All button is displayed is displayed - Pass
20-03-2018 12:37 INFO  - search/PLP page is displayed - Pass
20-03-2018 12:37 INFO  - Search Count is displayed - Pass
20-03-2018 12:37 INFO  - Success Overlay is displayed - Pass
20-03-2018 12:37 INFO  - Success Overlay is displayed - Pass
20-03-2018 12:37 INFO  - Close OverLay Clicked is clicked - Pass
20-03-2018 12:37 INFO  - Clear All button Click is clicked - Pass
20-03-2018 12:37 INFO  - PLP page is displayed after sorting is displayed - Pass
20-03-2018 12:37 INFO  - PLP count is displayed after sorting is displayed - Pass
20-03-2018 12:37 INFO  - PLP page is displayed after sorting is displayed - Pass
20-03-2018 12:37 INFO  - PDP Page wait is displayed - Pass
20-03-2018 12:37 INFO  - scrolled to Scrolling - Pass
20-03-2018 12:37 INFO  - Colour Field present is displayed - Pass
20-03-2018 12:37 INFO  - Size field is displayed - Pass
20-03-2018 12:37 INFO  - scrolled to Add To Bag - Pass
20-03-2018 12:37 INFO  - Add To Bag Clicked is clicked - Pass
20-03-2018 12:37 INFO  - Success Overlay is displayed - Pass
20-03-2018 12:37 INFO  - Success Overlay is displayed - Pass
20-03-2018 12:37 INFO  - http://m.lordandtaylor.com/ is opened - Pass
20-03-2018 12:37 INFO  - Wait to get site Loaded is displayed - Pass
20-03-2018 12:37 INFO  - Click Menu is clicked - Pass
20-03-2018 12:37 INFO  - Menu Category is displayed - Pass
20-03-2018 12:37 INFO  - http://m.lordandtaylor.com/ is opened - Pass
20-03-2018 12:37 INFO  - SubCategory is displayed - Pass
20-03-2018 12:37 INFO  - Wait to get site Loaded is displayed - Pass
20-03-2018 12:37 INFO  - Click Menu is clicked - Pass
20-03-2018 12:37 INFO  - Menu Category is displayed - Pass
20-03-2018 12:37 INFO  - SubCategory is displayed - Pass
20-03-2018 12:37 INFO  - Sub Categories Displayed is displayed - Pass
20-03-2018 12:37 INFO  - Sub Categories Displayed is displayed - Pass
20-03-2018 12:38 INFO  - http://m.lordandtaylor.com/ is opened - Pass
20-03-2018 12:38 INFO  - Wait to get site Loaded is displayed - Pass
20-03-2018 12:38 INFO  - Click Menu is clicked - Pass
20-03-2018 12:38 INFO  - Menu Category is displayed - Pass
20-03-2018 12:38 INFO  - http://m.lordandtaylor.com/ is opened - Pass
20-03-2018 12:38 INFO  - Wait to get site Loaded is displayed - Pass
20-03-2018 12:38 INFO  - Click Menu is clicked - Pass
20-03-2018 12:38 INFO  - SubCategory is displayed - Pass
20-03-2018 12:38 INFO  - Sub Categories Displayed is displayed - Pass
20-03-2018 12:38 INFO  - Sub Categories Displayed is displayed - Pass
20-03-2018 12:38 INFO  - Click Back Button is clicked - Pass
20-03-2018 12:38 INFO  - http://m.lordandtaylor.com/ is opened - Pass
20-03-2018 12:38 INFO  - Wait to get site Loaded is displayed - Pass
20-03-2018 12:38 INFO  - Click Menu is clicked - Pass
20-03-2018 12:38 INFO  - Checkout Clicked is clicked - Pass
20-03-2018 12:38 INFO  - Cart Opened is displayed - Pass
20-03-2018 12:38 INFO  - Product Added to Cart is displayed - Pass
20-03-2018 12:38 INFO  - Enetered Login is clicked - Pass
20-03-2018 12:38 INFO  - Email is entered in the field - Pass
20-03-2018 12:38 INFO  - Spider@123 is entered in Password - Pass
20-03-2018 12:38 INFO  - My Account page displayed is displayed - Pass
20-03-2018 12:38 INFO  - scrolled to accountsummary - Pass
20-03-2018 12:38 INFO  - http://m.lordandtaylor.com/ is opened - Pass
20-03-2018 12:38 INFO  - Wait to get site Loaded is displayed - Pass
20-03-2018 12:38 INFO  - Click Menu is clicked - Pass
20-03-2018 12:38 INFO  - http://m.lordandtaylor.com/ is opened - Pass
20-03-2018 12:38 INFO  - Wait to get site Loaded is displayed - Pass
20-03-2018 12:38 INFO  - Click Menu is clicked - Pass
20-03-2018 12:39 INFO  - Enetered Login is clicked - Pass
20-03-2018 12:39 INFO  - Email is entered in the field - Pass
20-03-2018 12:39 INFO  - Spider@123 is entered in Password - Pass
20-03-2018 12:39 INFO  - Enetered Login is clicked - Pass
20-03-2018 12:39 INFO  - Email is entered in the field - Pass
20-03-2018 12:39 INFO  - Spider@123 is entered in Password - Pass
20-03-2018 12:39 INFO  - My Account page displayed is displayed - Pass
20-03-2018 12:39 INFO  - Order history is displayed - Pass
20-03-2018 12:39 INFO  - scrolled to orderhistory - Pass
20-03-2018 12:39 INFO  - orderhistory clicked is clicked - Pass
20-03-2018 12:39 INFO  - http://m.lordandtaylor.com/ is opened - Pass
20-03-2018 12:39 INFO  - Wait to get site Loaded is displayed - Pass
20-03-2018 12:39 INFO  - Click Menu is clicked - Pass
20-03-2018 12:39 INFO  - http://m.lordandtaylor.com/ is opened - Pass
20-03-2018 12:39 INFO  - Wait to get site Loaded is displayed - Pass
20-03-2018 12:39 INFO  - Click Menu is clicked - Pass
20-03-2018 12:39 INFO  - Enetered Login is clicked - Pass
20-03-2018 12:39 INFO  - Email is entered in the field - Pass
20-03-2018 12:39 INFO  - Enetered Login is clicked - Pass
20-03-2018 12:39 INFO  - Spider@123 is entered in Password - Pass
20-03-2018 12:39 INFO  - Email is entered in the field - Pass
20-03-2018 12:39 INFO  - Spider@123 is entered in Password - Pass
20-03-2018 12:39 INFO  - Enetered Login is clicked - Pass
20-03-2018 12:39 INFO  - Email is entered in the field - Pass
20-03-2018 12:39 INFO  - shippingaddress is displayed - Pass
20-03-2018 12:39 INFO  - scrolled to shippingaddress - Pass
20-03-2018 12:39 INFO  - shippingaddress clicked is clicked - Pass
20-03-2018 12:39 INFO  - Spider@123 is entered in Password - Pass
20-03-2018 12:39 INFO  - billingaddress is displayed - Pass
20-03-2018 12:39 INFO  - scrolled to billingaddress - Pass
20-03-2018 12:39 INFO  - billingaddress clicked is clicked - Pass
20-03-2018 12:39 INFO  - settings is displayed - Pass
20-03-2018 12:39 INFO  - scrolled to settings - Pass
20-03-2018 12:39 INFO  - settings clicked is clicked - Pass
20-03-2018 12:40 INFO  - http://m.lordandtaylor.com/ is opened - Pass
20-03-2018 12:40 INFO  - Wait to get site Loaded is displayed - Pass
20-03-2018 12:40 INFO  - Click Menu is clicked - Pass
20-03-2018 12:40 INFO  - http://m.lordandtaylor.com/ is opened - Pass
20-03-2018 12:40 INFO  - Click Search is clicked - Pass
20-03-2018 12:40 INFO  - Shoes is entered in Search - Pass
20-03-2018 12:40 INFO  - http://m.lordandtaylor.com/ is opened - Pass
20-03-2018 12:40 INFO  - Click Search is clicked - Pass
20-03-2018 12:40 INFO  - Shoes is entered in Search - Pass
20-03-2018 12:40 INFO  - search/PLP page is displayed - Pass
20-03-2018 12:40 INFO  - Search Count is displayed - Pass
20-03-2018 12:40 INFO  - search/PLP page is displayed - Pass
20-03-2018 12:40 INFO  - Search Count is displayed - Pass
20-03-2018 12:40 INFO  - PDP Page wait is displayed - Pass
20-03-2018 12:40 INFO  - Wait is displayed - Pass
20-03-2018 12:40 INFO  - PDP Page wait is displayed - Pass
20-03-2018 12:40 INFO  - Wait is displayed - Pass
20-03-2018 12:40 INFO  - Product QTY increment is displayed - Pass
20-03-2018 12:40 INFO  - Product QTY increment is displayed - Pass
20-03-2018 12:40 INFO  - scrolled to QTY - Pass
20-03-2018 12:40 INFO  - Increment Click is clicked - Pass
20-03-2018 12:40 INFO  - Wait is displayed - Pass
20-03-2018 12:40 INFO  - scrolled to QTY - Pass
20-03-2018 12:40 INFO  - Increment Click is clicked - Pass
20-03-2018 12:40 INFO  - Wait is displayed - Pass
20-03-2018 12:40 INFO  - Product QTY decrement is displayed - Pass
20-03-2018 12:40 INFO  - scrolled to QTY - Pass
20-03-2018 12:40 INFO  - Wait is displayed - Pass
20-03-2018 12:40 INFO  - Decrement Click is clicked - Pass
20-03-2018 12:40 INFO  - Wait is displayed - Pass
20-03-2018 12:40 INFO  - Enetered Login is clicked - Pass
20-03-2018 12:40 INFO  - Email is entered in the field - Pass
20-03-2018 12:40 INFO  - Spider@123 is entered in Password - Pass
20-03-2018 12:40 INFO  - payment is displayed - Pass
20-03-2018 12:40 INFO  - scrolled to payment - Pass
20-03-2018 12:40 INFO  - payment clicked is clicked - Pass
20-03-2018 12:40 INFO  - http://m.lordandtaylor.com/ is opened - Pass
20-03-2018 12:40 INFO  - http://m.lordandtaylor.com/ is opened - Pass
20-03-2018 12:40 INFO  - Click Search is clicked - Pass
20-03-2018 12:40 INFO  - Shirts is entered in Search - Pass
20-03-2018 12:40 INFO  - http://m.lordandtaylor.com/ is opened - Pass
20-03-2018 12:40 INFO  - Click Search is clicked - Pass
20-03-2018 12:40 INFO  - Shirts is entered in Search - Pass
20-03-2018 12:40 INFO  - search/PLP page is displayed - Pass
20-03-2018 12:40 INFO  - Search Count is displayed - Pass
20-03-2018 12:40 INFO  - Product List Page is displayed - Pass
20-03-2018 12:40 INFO  - Product Image is displayed - Pass
20-03-2018 12:40 INFO  - Product NameList is displayed - Pass
20-03-2018 12:40 INFO  - Product Description is displayed - Pass
20-03-2018 12:40 INFO  - Product Price is displayed - Pass
20-03-2018 12:41 INFO  - PDP Page wait is displayed - Pass
20-03-2018 12:41 INFO  - Wait Bag Qty is displayed - Pass
20-03-2018 12:41 INFO  - scrolled to Scroll Bag Qty - Pass
20-03-2018 12:41 INFO  - scrolled to Scrolling - Pass
20-03-2018 12:41 INFO  - Click Cart is clicked - Pass
20-03-2018 12:41 INFO  - Cart wrapper Opened is displayed - Pass
20-03-2018 12:41 INFO  - Cart Empty Text is displayed - Pass
20-03-2018 12:41 INFO  - Back To Homepage is clicked - Pass
20-03-2018 12:41 INFO  - Colour Field present is displayed - Pass
20-03-2018 12:41 INFO  - Size field is displayed - Pass
20-03-2018 12:41 INFO  - scrolled to Add To Bag - Pass
20-03-2018 12:41 INFO  - Add To Bag Clicked is clicked - Pass
20-03-2018 12:41 INFO  - search/PLP page is displayed - Pass
20-03-2018 12:41 INFO  - Search Count is displayed - Pass
20-03-2018 12:41 INFO  - Product List Page is displayed - Pass
20-03-2018 12:41 INFO  - Product Image is displayed - Pass
20-03-2018 12:41 INFO  - Product NameList is displayed - Pass
20-03-2018 12:41 INFO  - Product Description is displayed - Pass
20-03-2018 12:41 INFO  - Product Price is displayed - Pass
20-03-2018 12:41 INFO  - PDP overlay is displayed - Pass
20-03-2018 12:41 INFO  - Wait Bag Qty is displayed - Pass
20-03-2018 12:41 INFO  - scrolled to Scroll Bag Qty - Pass
20-03-2018 12:41 INFO  - PDP Page wait is displayed - Pass
20-03-2018 12:41 INFO  - scrolled to Scrolling - Pass
20-03-2018 12:41 INFO  - Colour Field present is displayed - Pass
20-03-2018 12:41 INFO  - Size field is displayed - Pass
20-03-2018 12:41 INFO  - http://m.lordandtaylor.com/ is opened - Pass
20-03-2018 12:41 INFO  - Click Search is clicked - Pass
20-03-2018 12:41 INFO  - Shirts is entered in Search - Pass
20-03-2018 12:41 INFO  - scrolled to Add To Bag - Pass
20-03-2018 12:41 INFO  - Add To Bag Clicked is clicked - Pass
20-03-2018 12:41 INFO  - Success Overlay is displayed - Pass
20-03-2018 12:41 INFO  - Success Overlay is displayed - Pass
20-03-2018 12:41 INFO  - http://m.lordandtaylor.com/ is opened - Pass
20-03-2018 12:41 INFO  - Click Search is clicked - Pass
20-03-2018 12:41 INFO  - Shirts is entered in Search - Pass
20-03-2018 12:41 INFO  - search/PLP page is displayed - Pass
20-03-2018 12:41 INFO  - Search Count is displayed - Pass
20-03-2018 12:41 INFO  - Product List Page is displayed - Pass
20-03-2018 12:41 INFO  - Product Image is displayed - Pass
20-03-2018 12:41 INFO  - Product NameList is displayed - Pass
20-03-2018 12:41 INFO  - Product Description is displayed - Pass
20-03-2018 12:41 INFO  - Product Price is displayed - Pass
20-03-2018 12:41 INFO  - search/PLP page is displayed - Pass
20-03-2018 12:41 INFO  - Search Count is displayed - Pass
20-03-2018 12:41 INFO  - PDP Page wait is displayed - Pass
20-03-2018 12:41 INFO  - Checkout Clicked is clicked - Pass
20-03-2018 12:41 INFO  - IS Cart page products is displayed is displayed - Pass
20-03-2018 12:41 INFO  - Is Cart page Displayed is displayed - Pass
20-03-2018 12:41 INFO  - Is product price Displayed is displayed - Pass
20-03-2018 12:41 INFO  - Is Item total price is displayed is displayed - Pass
20-03-2018 12:41 INFO  - Is product QTY Displayed is displayed - Pass
20-03-2018 12:41 INFO  - Increment Product QTY to 2 is entered in the field - Pass
20-03-2018 12:41 INFO  - PDP Page wait is displayed - Pass
20-03-2018 12:41 INFO  - scrolled to Scrolling - Pass
20-03-2018 12:41 INFO  - Colour Field present is displayed - Pass
20-03-2018 12:41 INFO  - Size field is displayed - Pass
20-03-2018 12:41 INFO  - scrolled to Scrolling - Pass
20-03-2018 12:41 INFO  - Colour Field present is displayed - Pass
20-03-2018 12:41 INFO  - Size field is displayed - Pass
20-03-2018 12:41 INFO  - scrolled to Add To Bag - Pass
20-03-2018 12:41 INFO  - Add To Bag Clicked is clicked - Pass
20-03-2018 12:41 INFO  - Success Overlay is displayed - Pass
20-03-2018 12:41 INFO  - Success Overlay is displayed - Pass
20-03-2018 12:41 INFO  - scrolled to Add To Bag - Pass
20-03-2018 12:41 INFO  - Add To Bag Clicked is clicked - Pass
20-03-2018 12:41 INFO  - Success Overlay is displayed - Pass
20-03-2018 12:41 INFO  - Success Overlay is displayed - Pass
20-03-2018 12:42 INFO  - Checkout Clicked is clicked - Pass
20-03-2018 12:42 INFO  - Wait is displayed - Pass
20-03-2018 12:42 INFO  - Edit Button is clicked - Pass
20-03-2018 12:42 INFO  - PDP Edit overlay is displayed - Pass
20-03-2018 12:42 ERROR - TimeoutException
org.openqa.selenium.TimeoutException: Expected condition failed: waiting for visibility of element located by By.id: pdpAddtoBagBtn (tried for 30 second(s) with 500 MILLISECONDS interval)
	at org.openqa.selenium.support.ui.WebDriverWait.timeoutException(WebDriverWait.java:82)
	at org.openqa.selenium.support.ui.FluentWait.until(FluentWait.java:231)
	at com.skava.framework.action.SeleniumActionEngine.explicitWaitforVisibility(SeleniumActionEngine.java:183)
	at com.skava.framework.action.SeleniumActionEngine.isElementDisplayed(SeleniumActionEngine.java:201)
	at com.skava.reusable.components.CartComponents.cartQtyIncrement(CartComponents.java:337)
	at com.skava.testcases.LT_766_Cart_PriceCheck.LT_766_Cart_Price_Check(LT_766_Cart_PriceCheck.java:39)
	at sun.reflect.NativeMethodAccessorImpl.invoke0(Native Method)
	at sun.reflect.NativeMethodAccessorImpl.invoke(Unknown Source)
	at sun.reflect.DelegatingMethodAccessorImpl.invoke(Unknown Source)
	at java.lang.reflect.Method.invoke(Unknown Source)
	at org.testng.internal.MethodInvocationHelper.invokeMethod(MethodInvocationHelper.java:108)
	at org.testng.internal.Invoker.invokeMethod(Invoker.java:669)
	at org.testng.internal.Invoker.invokeTestMethod(Invoker.java:877)
	at org.testng.internal.Invoker.invokeTestMethods(Invoker.java:1201)
	at org.testng.internal.TestMethodWorker.invokeTestMethods(TestMethodWorker.java:125)
	at org.testng.internal.TestMethodWorker.run(TestMethodWorker.java:109)
	at java.util.concurrent.ThreadPoolExecutor.runWorker(Unknown Source)
	at java.util.concurrent.ThreadPoolExecutor$Worker.run(Unknown Source)
	at java.lang.Thread.run(Unknown Source)
Caused by: org.openqa.selenium.NoSuchElementException: Cannot locate an element using By.id: pdpAddtoBagBtn
For documentation on this error, please visit: http://seleniumhq.org/exceptions/no_such_element.html
Build info: version: '3.2.0', revision: '8c03df6b79', time: '2017-02-23 10:51:31 +0000'
System info: host: 'DESKTOP-AQOISD1', ip: '192.168.234.84', os.name: 'Windows 10', os.arch: 'amd64', os.version: '10.0', java.version: '1.8.0_112'
Driver info: driver.version: unknown
	at org.openqa.selenium.support.ui.ExpectedConditions.lambda$findElement$0(ExpectedConditions.java:882)
	at java.util.Optional.orElseThrow(Unknown Source)
	at org.openqa.selenium.support.ui.ExpectedConditions.findElement(ExpectedConditions.java:881)
	at org.openqa.selenium.support.ui.ExpectedConditions.access$000(ExpectedConditions.java:43)
	at org.openqa.selenium.support.ui.ExpectedConditions$7.apply(ExpectedConditions.java:205)
	at org.openqa.selenium.support.ui.ExpectedConditions$7.apply(ExpectedConditions.java:201)
	at org.openqa.selenium.support.ui.FluentWait.until(FluentWait.java:208)
	... 17 more
20-03-2018 12:42 ERROR - Wait is not present - failed
20-03-2018 12:42 INFO  - Cart loading overview is displayed - Pass
20-03-2018 12:42 INFO  - Is Item total price is displayed is displayed - Pass
20-03-2018 12:42 INFO  - Discount for product is displayed - Pass
20-03-2018 12:42 INFO  - Is Item total price is displayed is displayed - Pass
20-03-2018 12:42 INFO  - Is product QTY Displayed is displayed - Pass
20-03-2018 12:42 INFO  - Decrement Product QTY to 1 is entered in the field - Pass
20-03-2018 12:42 INFO  - http://m.lordandtaylor.com/ is opened - Pass
20-03-2018 12:42 INFO  - Click Search is clicked - Pass
20-03-2018 12:42 INFO  - dress is entered in Search - Pass
20-03-2018 12:42 INFO  - search/PLP page is displayed - Pass
20-03-2018 12:42 INFO  - Search Count is displayed - Pass
20-03-2018 12:42 ERROR - TimeoutException
org.openqa.selenium.TimeoutException: Expected condition failed: waiting for visibility of element located by By.id: pdpAddtoBagBtn (tried for 30 second(s) with 500 MILLISECONDS interval)
	at org.openqa.selenium.support.ui.WebDriverWait.timeoutException(WebDriverWait.java:82)
	at org.openqa.selenium.support.ui.FluentWait.until(FluentWait.java:231)
	at com.skava.framework.action.SeleniumActionEngine.explicitWaitforVisibility(SeleniumActionEngine.java:183)
	at com.skava.framework.action.SeleniumActionEngine.isElementDisplayed(SeleniumActionEngine.java:201)
	at com.skava.reusable.components.CartComponents.cartQtyDecrement(CartComponents.java:355)
	at com.skava.testcases.LT_766_Cart_PriceCheck.LT_766_Cart_Price_Check(LT_766_Cart_PriceCheck.java:43)
	at sun.reflect.NativeMethodAccessorImpl.invoke0(Native Method)
	at sun.reflect.NativeMethodAccessorImpl.invoke(Unknown Source)
	at sun.reflect.DelegatingMethodAccessorImpl.invoke(Unknown Source)
	at java.lang.reflect.Method.invoke(Unknown Source)
	at org.testng.internal.MethodInvocationHelper.invokeMethod(MethodInvocationHelper.java:108)
	at org.testng.internal.Invoker.invokeMethod(Invoker.java:669)
	at org.testng.internal.Invoker.invokeTestMethod(Invoker.java:877)
	at org.testng.internal.Invoker.invokeTestMethods(Invoker.java:1201)
	at org.testng.internal.TestMethodWorker.invokeTestMethods(TestMethodWorker.java:125)
	at org.testng.internal.TestMethodWorker.run(TestMethodWorker.java:109)
	at java.util.concurrent.ThreadPoolExecutor.runWorker(Unknown Source)
	at java.util.concurrent.ThreadPoolExecutor$Worker.run(Unknown Source)
	at java.lang.Thread.run(Unknown Source)
Caused by: org.openqa.selenium.NoSuchElementException: Cannot locate an element using By.id: pdpAddtoBagBtn
For documentation on this error, please visit: http://seleniumhq.org/exceptions/no_such_element.html
Build info: version: '3.2.0', revision: '8c03df6b79', time: '2017-02-23 10:51:31 +0000'
System info: host: 'DESKTOP-AQOISD1', ip: '192.168.234.84', os.name: 'Windows 10', os.arch: 'amd64', os.version: '10.0', java.version: '1.8.0_112'
Driver info: driver.version: unknown
	at org.openqa.selenium.support.ui.ExpectedConditions.lambda$findElement$0(ExpectedConditions.java:882)
	at java.util.Optional.orElseThrow(Unknown Source)
	at org.openqa.selenium.support.ui.ExpectedConditions.findElement(ExpectedConditions.java:881)
	at org.openqa.selenium.support.ui.ExpectedConditions.access$000(ExpectedConditions.java:43)
	at org.openqa.selenium.support.ui.ExpectedConditions$7.apply(ExpectedConditions.java:205)
	at org.openqa.selenium.support.ui.ExpectedConditions$7.apply(ExpectedConditions.java:201)
	at org.openqa.selenium.support.ui.FluentWait.until(FluentWait.java:208)
	... 17 more
20-03-2018 12:42 ERROR - Wait is not present - failed
20-03-2018 12:42 INFO  - Cart loading overview is displayed - Pass
20-03-2018 12:42 INFO  - Is Item total price is displayed is displayed - Pass
20-03-2018 12:42 INFO  - Discount for product is displayed - Pass
20-03-2018 12:42 INFO  - PDP Page wait is displayed - Pass
20-03-2018 12:42 INFO  - scrolled to Scrolling - Pass
20-03-2018 12:42 INFO  - Colour Field present is displayed - Pass
20-03-2018 12:42 INFO  - http://m.lordandtaylor.com/ is opened - Pass
20-03-2018 12:42 INFO  - Click Search is clicked - Pass
20-03-2018 12:42 INFO  - Jeans is entered in Search - Pass
20-03-2018 12:43 INFO  - search/PLP page is displayed - Pass
20-03-2018 12:43 INFO  - Search Count is displayed - Pass
20-03-2018 12:43 INFO  - PDP Page wait is displayed - Pass
20-03-2018 12:43 INFO  - scrolled to Scrolling - Pass
20-03-2018 12:43 INFO  - Colour Field present is displayed - Pass
20-03-2018 12:43 INFO  - Size field is displayed - Pass
20-03-2018 12:43 INFO  - Size field is displayed - Pass
20-03-2018 12:43 INFO  - scrolled to Add To Bag - Pass
20-03-2018 12:43 INFO  - Add To Bag Clicked is clicked - Pass
20-03-2018 12:43 INFO  - Success Overlay is displayed - Pass
20-03-2018 12:43 INFO  - Success Overlay is displayed - Pass
20-03-2018 12:43 INFO  - Checkout Clicked is clicked - Pass
20-03-2018 12:43 INFO  - Wait is displayed - Pass
20-03-2018 12:43 INFO  - Remove Button is clicked - Pass
20-03-2018 12:43 INFO  - Remove Confirmation Button is displayed - Pass
20-03-2018 12:43 INFO  - Remove Confirmation Button is displayed - Pass
20-03-2018 12:43 INFO  - http://m.lordandtaylor.com/ is opened - Pass
20-03-2018 12:43 INFO  - Click Search is clicked - Pass
20-03-2018 12:43 INFO  - Shirts is entered in Search - Pass
20-03-2018 12:43 INFO  - scrolled to Add To Bag - Pass
20-03-2018 12:43 INFO  - Add To Bag Clicked is clicked - Pass
20-03-2018 12:43 INFO  - Success Overlay is displayed - Pass
20-03-2018 12:43 INFO  - Success Overlay is displayed - Pass
20-03-2018 12:44 INFO  - search/PLP page is displayed - Pass
20-03-2018 12:44 INFO  - Search Count is displayed - Pass
20-03-2018 12:44 INFO  - PDP Page wait is displayed - Pass
20-03-2018 12:44 INFO  - scrolled to Scrolling - Pass
20-03-2018 12:44 INFO  - Checkout Clicked is clicked - Pass
20-03-2018 12:44 INFO  - Wait is displayed - Pass
20-03-2018 12:44 INFO  - Remove Button is clicked - Pass
20-03-2018 12:44 INFO  - Remove Confirmation Button is displayed - Pass
20-03-2018 12:44 INFO  - Remove Confirmation Button is displayed - Pass
20-03-2018 12:44 INFO  - Product Removed is clicked - Pass
20-03-2018 12:44 INFO  - Product Removed is displayed - Pass
20-03-2018 12:44 INFO  - Colour Field present is displayed - Pass
20-03-2018 12:44 INFO  - Size field is displayed - Pass
20-03-2018 12:44 INFO  - scrolled to Add To Bag - Pass
20-03-2018 12:44 INFO  - Add To Bag Clicked is clicked - Pass
20-03-2018 12:44 INFO  - Success Overlay is displayed - Pass
20-03-2018 12:44 INFO  - Success Overlay is displayed - Pass
20-03-2018 12:44 INFO  - http://m.lordandtaylor.com/ is opened - Pass
20-03-2018 12:44 INFO  - Click Search is clicked - Pass
20-03-2018 12:44 INFO  - Shirts is entered in Search - Pass
20-03-2018 12:44 INFO  - Checkout Clicked is clicked - Pass
20-03-2018 12:44 INFO  - Cart Opened is displayed - Pass
20-03-2018 12:44 INFO  - Product Added to Cart is displayed - Pass
20-03-2018 12:44 INFO  - Product Description is displayed - Pass
20-03-2018 12:44 INFO  - Product Inventory Status is displayed - Pass
20-03-2018 12:44 INFO  - Product SKUID is displayed - Pass
20-03-2018 12:44 INFO  - Product Edit is displayed - Pass
20-03-2018 12:44 INFO  - Product Remove is displayed - Pass
20-03-2018 12:44 INFO  - Product Save Later is displayed - Pass
20-03-2018 12:44 INFO  - Product Size is displayed - Pass
20-03-2018 12:44 INFO  - Product Colour is displayed - Pass
20-03-2018 12:44 INFO  - Product Clearance Price is displayed - Pass
20-03-2018 12:44 INFO  - Product Sale Price is displayed - Pass
20-03-2018 12:44 INFO  - Saveforlater is displayed - Pass
20-03-2018 12:44 INFO  - Saveforlater clicked is clicked - Pass
20-03-2018 12:44 INFO  - search/PLP page is displayed - Pass
20-03-2018 12:44 INFO  - Search Count is displayed - Pass
20-03-2018 12:44 INFO  - PDP Page wait is displayed - Pass
20-03-2018 12:44 INFO  - scrolled to Scrolling - Pass
20-03-2018 12:44 INFO  - http://m.lordandtaylor.com/ is opened - Pass
20-03-2018 12:44 INFO  - Click Search is clicked - Pass
20-03-2018 12:44 INFO  - Shoes is entered in Search - Pass
20-03-2018 12:44 INFO  - Colour Field present is displayed - Pass
20-03-2018 12:44 INFO  - Size field is displayed - Pass
20-03-2018 12:44 INFO  - scrolled to Add To Bag - Pass
20-03-2018 12:44 INFO  - Add To Bag Clicked is clicked - Pass
20-03-2018 12:44 INFO  - Success Overlay is displayed - Pass
20-03-2018 12:44 INFO  - Success Overlay is displayed - Pass
20-03-2018 12:44 INFO  - search/PLP page is displayed - Pass
20-03-2018 12:44 INFO  - Search Count is displayed - Pass
20-03-2018 12:45 INFO  - PDP Page wait is displayed - Pass
20-03-2018 12:45 INFO  - scrolled to Scrolling - Pass
20-03-2018 12:45 INFO  - Colour Field present is displayed - Pass
20-03-2018 12:45 INFO  - Checkout Clicked is clicked - Pass
20-03-2018 12:45 INFO  - Cart Opened is displayed - Pass
20-03-2018 12:45 INFO  - Product Added to Cart is displayed - Pass
20-03-2018 12:45 INFO  - Wait is displayed - Pass
20-03-2018 12:45 INFO  - scrolled to scroll to checkout - Pass
20-03-2018 12:45 INFO  - Click Checkout is clicked - Pass
20-03-2018 12:45 INFO  - Sign IN Page Navigated is displayed - Pass
20-03-2018 12:45 INFO  - Size field is displayed - Pass
20-03-2018 12:45 INFO  - scrolled to Add To Bag - Pass
20-03-2018 12:45 INFO  - Add To Bag Clicked is clicked - Pass
20-03-2018 12:45 INFO  - Success Overlay is displayed - Pass
20-03-2018 12:45 INFO  - Success Overlay is displayed - Pass
20-03-2018 12:45 INFO  - http://m.lordandtaylor.com/ is opened - Pass
20-03-2018 12:45 INFO  - Click Search is clicked - Pass
20-03-2018 12:45 INFO  - Shirts is entered in Search - Pass
20-03-2018 12:45 INFO  - search/PLP page is displayed - Pass
20-03-2018 12:45 INFO  - Search Count is displayed - Pass
20-03-2018 12:45 INFO  - Checkout Clicked is clicked - Pass
20-03-2018 12:45 INFO  - Cart Opened is displayed - Pass
20-03-2018 12:45 INFO  - Product Added to Cart is displayed - Pass
20-03-2018 12:45 INFO  - Wait is displayed - Pass
20-03-2018 12:45 INFO  - Click PayPal is clicked - Pass
20-03-2018 12:45 INFO  - PDP Page wait is displayed - Pass
20-03-2018 12:45 INFO  - scrolled to Scrolling - Pass
20-03-2018 12:45 INFO  - Colour Field present is displayed - Pass
20-03-2018 12:45 INFO  - Size field is displayed - Pass
20-03-2018 12:45 INFO  - scrolled to Add To Bag - Pass
20-03-2018 12:45 INFO  - Add To Bag Clicked is clicked - Pass
20-03-2018 12:45 INFO  - Success Overlay is displayed - Pass
20-03-2018 12:45 INFO  - Success Overlay is displayed - Pass
20-03-2018 12:45 INFO  - PayPal Page Navigated is displayed - Pass
20-03-2018 12:45 INFO  - http://m.lordandtaylor.com/ is opened - Pass
20-03-2018 12:45 INFO  - Click Search is clicked - Pass
20-03-2018 12:45 INFO  - Shoes is entered in Search - Pass
20-03-2018 12:45 INFO  - Checkout Clicked is clicked - Pass
20-03-2018 12:45 INFO  - Cart Opened is displayed - Pass
20-03-2018 12:45 INFO  - Product Added to Cart is displayed - Pass
20-03-2018 12:45 INFO  - scrolled to Scrolling - Pass
20-03-2018 12:45 INFO  - Estimated Shipping is displayed - Pass
20-03-2018 12:45 INFO  - Shipping Method is displayed - Pass
20-03-2018 12:45 INFO  - Zip Code is displayed - Pass
20-03-2018 12:45 INFO  - Item Total is displayed - Pass
20-03-2018 12:45 INFO  - Estimated Shipping is displayed - Pass
20-03-2018 12:45 INFO  - Estimated Tax is displayed - Pass
20-03-2018 12:45 INFO  - Estimated Total is displayed - Pass
20-03-2018 12:46 INFO  - search/PLP page is displayed - Pass
20-03-2018 12:46 INFO  - Search Count is displayed - Pass
20-03-2018 12:46 INFO  - PDP Page wait is displayed - Pass
20-03-2018 12:46 INFO  - scrolled to Scrolling - Pass
20-03-2018 12:46 INFO  - Colour Field present is displayed - Pass
20-03-2018 12:46 INFO  - Size field is displayed - Pass
20-03-2018 12:46 INFO  - scrolled to Add To Bag - Pass
20-03-2018 12:46 INFO  - Add To Bag Clicked is clicked - Pass
20-03-2018 12:46 INFO  - http://m.lordandtaylor.com/ is opened - Pass
20-03-2018 12:46 INFO  - Click Search is clicked - Pass
20-03-2018 12:46 INFO  - shirts is entered in Search - Pass
20-03-2018 12:46 INFO  - Success Overlay is displayed - Pass
20-03-2018 12:46 INFO  - Success Overlay is displayed - Pass
20-03-2018 12:46 INFO  - search/PLP page is displayed - Pass
20-03-2018 12:46 INFO  - Search Count is displayed - Pass
20-03-2018 12:46 INFO  - PDP Page wait is displayed - Pass
20-03-2018 12:46 INFO  - scrolled to Scrolling - Pass
20-03-2018 12:46 INFO  - Colour Field present is displayed - Pass
20-03-2018 12:46 INFO  - Checkout Clicked is clicked - Pass
20-03-2018 12:46 INFO  - Cart Opened is displayed - Pass
20-03-2018 12:46 INFO  - Product Added to Cart is displayed - Pass
20-03-2018 12:46 INFO  - Wait is displayed - Pass
20-03-2018 12:46 INFO  - scrolled to scroll to checkout - Pass
20-03-2018 12:46 INFO  - Click Checkout is clicked - Pass
20-03-2018 12:46 INFO  - Guest Checkout is displayed - Pass
20-03-2018 12:46 INFO  - User Sign IN is displayed - Pass
20-03-2018 12:46 INFO  - http://m.lordandtaylor.com/ is opened - Pass
20-03-2018 12:46 INFO  - Click Search is clicked - Pass
20-03-2018 12:46 INFO  - Shirts is entered in Search - Pass
20-03-2018 12:46 ERROR - TimeoutException
org.openqa.selenium.TimeoutException: timeout
  (Session info: chrome=64.0.3282.186)
  (Driver info: chromedriver=2.33.506120 (e3e53437346286c0bc2d2dc9aa4915ba81d9023f),platform=Windows NT 10.0.16299 x86_64) (WARNING: The server did not provide any stacktrace information)
Command duration or timeout: 300.07 seconds
Build info: version: '3.2.0', revision: '8c03df6b79', time: '2017-02-23 10:51:31 +0000'
System info: host: 'DESKTOP-AQOISD1', ip: '192.168.234.84', os.name: 'Windows 10', os.arch: 'amd64', os.version: '10.0', java.version: '1.8.0_112'
Driver info: org.openqa.selenium.chrome.ChromeDriver
Capabilities [{applicationCacheEnabled=false, rotatable=false, mobileEmulationEnabled=false, networkConnectionEnabled=false, chrome={chromedriverVersion=2.33.506120 (e3e53437346286c0bc2d2dc9aa4915ba81d9023f), userDataDir=C:\Users\arunraj.n\AppData\Local\Temp\scoped_dir15988_6460}, takesHeapSnapshot=true, pageLoadStrategy=normal, databaseEnabled=false, handlesAlerts=true, hasTouchScreen=false, version=64.0.3282.186, platform=XP, browserConnectionEnabled=false, nativeEvents=true, acceptSslCerts=true, locationContextEnabled=true, webStorageEnabled=true, browserName=chrome, takesScreenshot=true, javascriptEnabled=true, cssSelectorsEnabled=true, setWindowRect=true, unexpectedAlertBehaviour=}]
Session ID: d119e6c64d78d1efc2ace107634fd821
	at sun.reflect.NativeConstructorAccessorImpl.newInstance0(Native Method)
	at sun.reflect.NativeConstructorAccessorImpl.newInstance(Unknown Source)
	at sun.reflect.DelegatingConstructorAccessorImpl.newInstance(Unknown Source)
	at java.lang.reflect.Constructor.newInstance(Unknown Source)
	at org.openqa.selenium.remote.ErrorHandler.createThrowable(ErrorHandler.java:216)
	at org.openqa.selenium.remote.ErrorHandler.throwIfResponseFailed(ErrorHandler.java:168)
	at org.openqa.selenium.remote.RemoteWebDriver.execute(RemoteWebDriver.java:638)
	at org.openqa.selenium.remote.RemoteWebElement.execute(RemoteWebElement.java:274)
	at org.openqa.selenium.remote.RemoteWebElement.click(RemoteWebElement.java:84)
	at com.skava.framework.action.SeleniumActionEngine.clickElement(SeleniumActionEngine.java:103)
	at com.skava.reusable.components.PLPandPDPComponents.cartSuccess_OverLay(PLPandPDPComponents.java:393)
	at com.skava.testcases.LT_755_Product_Details_Cart_Validation.LT_755_Product_Details_Cart_Validation(LT_755_Product_Details_Cart_Validation.java:35)
	at sun.reflect.NativeMethodAccessorImpl.invoke0(Native Method)
	at sun.reflect.NativeMethodAccessorImpl.invoke(Unknown Source)
	at sun.reflect.DelegatingMethodAccessorImpl.invoke(Unknown Source)
	at java.lang.reflect.Method.invoke(Unknown Source)
	at org.testng.internal.MethodInvocationHelper.invokeMethod(MethodInvocationHelper.java:108)
	at org.testng.internal.Invoker.invokeMethod(Invoker.java:669)
	at org.testng.internal.Invoker.invokeTestMethod(Invoker.java:877)
	at org.testng.internal.Invoker.invokeTestMethods(Invoker.java:1201)
	at org.testng.internal.TestMethodWorker.invokeTestMethods(TestMethodWorker.java:125)
	at org.testng.internal.TestMethodWorker.run(TestMethodWorker.java:109)
	at java.util.concurrent.ThreadPoolExecutor.runWorker(Unknown Source)
	at java.util.concurrent.ThreadPoolExecutor$Worker.run(Unknown Source)
	at java.lang.Thread.run(Unknown Source)
20-03-2018 12:46 ERROR - Checkout Clickedis not present - failed
20-03-2018 12:46 INFO  - Product Description is displayed - Pass
20-03-2018 12:46 INFO  - Product Inventory Status is displayed - Pass
20-03-2018 12:46 INFO  - Product SKUID is displayed - Pass
20-03-2018 12:46 INFO  - Product Edit is displayed - Pass
20-03-2018 12:46 INFO  - Product Remove is displayed - Pass
20-03-2018 12:46 INFO  - Product Save Later is displayed - Pass
20-03-2018 12:46 INFO  - Product Size is displayed - Pass
20-03-2018 12:46 INFO  - Product Colour is displayed - Pass
20-03-2018 12:46 INFO  - Product Clearance Price is displayed - Pass
20-03-2018 12:46 INFO  - Product Sale Price is displayed - Pass
20-03-2018 12:46 INFO  - search/PLP page is displayed - Pass
20-03-2018 12:46 INFO  - Search Count is displayed - Pass
20-03-2018 12:46 INFO  - PDP Page wait is displayed - Pass
20-03-2018 12:46 INFO  - scrolled to Scrolling - Pass
20-03-2018 12:46 INFO  - Colour Field present is displayed - Pass
20-03-2018 12:46 INFO  - Size field is displayed - Pass
20-03-2018 12:47 INFO  - http://m.lordandtaylor.com/ is opened - Pass
20-03-2018 12:47 INFO  - Wait to get site Loaded is displayed - Pass
20-03-2018 12:47 INFO  - Click Menu is clicked - Pass
20-03-2018 12:47 INFO  - scrolled to Add To Bag - Pass
20-03-2018 12:47 INFO  - Add To Bag Clicked is clicked - Pass
20-03-2018 12:47 INFO  - Success Overlay is displayed - Pass
20-03-2018 12:47 INFO  - Success Overlay is displayed - Pass
20-03-2018 12:47 INFO  - Size field is displayed - Pass
20-03-2018 12:47 INFO  - scrolled to Add To Bag - Pass
20-03-2018 12:47 INFO  - Add To Bag Clicked is clicked - Pass
20-03-2018 12:47 INFO  - Success Overlay is displayed - Pass
20-03-2018 12:47 INFO  - Success Overlay is displayed - Pass
20-03-2018 12:47 INFO  - Checkout Clicked is clicked - Pass
20-03-2018 12:47 INFO  - Cart Opened is displayed - Pass
20-03-2018 12:47 INFO  - Product Added to Cart is displayed - Pass
20-03-2018 12:47 INFO  - Wait is displayed - Pass
20-03-2018 12:47 INFO  - scrolled to scroll to checkout - Pass
20-03-2018 12:47 INFO  - Click Checkout is clicked - Pass
20-03-2018 12:47 INFO  - Guest Checkout is displayed - Pass
20-03-2018 12:47 INFO  - scrolled to Guest Checkout - Pass
20-03-2018 12:47 INFO  - Guest Checkout is clicked - Pass
20-03-2018 12:47 INFO  - Enetered Login is clicked - Pass
20-03-2018 12:47 INFO  - Email is entered in the field - Pass
20-03-2018 12:47 INFO  - Spider@123 is entered in Password - Pass
20-03-2018 12:47 INFO  - Checkout Clicked is clicked - Pass
20-03-2018 12:47 INFO  - Cart Opened is displayed - Pass
20-03-2018 12:47 INFO  - Product Added to Cart is displayed - Pass
20-03-2018 12:47 INFO  - Wait is displayed - Pass
20-03-2018 12:47 INFO  - scrolled to scroll to checkout - Pass
20-03-2018 12:47 INFO  - Click Checkout is clicked - Pass
20-03-2018 12:47 INFO  - Guest Checkout is displayed - Pass
20-03-2018 12:47 INFO  - User Sign IN is displayed - Pass
20-03-2018 12:47 INFO  - My Account page displayed is displayed - Pass
20-03-2018 12:47 INFO  - http://m.lordandtaylor.com/ is opened - Pass
20-03-2018 12:47 INFO  - Click Search is clicked - Pass
20-03-2018 12:47 INFO  - Shirts is entered in Search - Pass
20-03-2018 12:47 INFO  - http://m.lordandtaylor.com/ is opened - Pass
20-03-2018 12:47 INFO  - Click Search is clicked - Pass
20-03-2018 12:47 INFO  - denims is entered in Search - Pass
20-03-2018 12:47 INFO  - Click Cart is clicked - Pass
20-03-2018 12:47 INFO  - Cart Opened is displayed - Pass
20-03-2018 12:47 INFO  - Product Added to Cart is displayed - Pass
20-03-2018 12:47 INFO  - scrolled to BackToUSShipping - Pass
20-03-2018 12:47 INFO  - search/PLP page is displayed - Pass
20-03-2018 12:47 INFO  - Search Count is displayed - Pass
20-03-2018 12:47 INFO  - search/PLP page is displayed - Pass
20-03-2018 12:47 INFO  - Search Count is displayed - Pass
20-03-2018 12:47 INFO  - BackToUSShipping is clicked - Pass
20-03-2018 12:47 INFO  - Wait is displayed - Pass
20-03-2018 12:47 INFO  - scrolled to scroll to checkout - Pass
20-03-2018 12:48 INFO  - PDP Page wait is displayed - Pass
20-03-2018 12:48 INFO  - Click Checkout is clicked - Pass
20-03-2018 12:48 INFO  - PDP Page wait is displayed - Pass
20-03-2018 12:48 INFO  - Review Order Page is displayed - Pass
20-03-2018 12:48 INFO  - scrolled to Scrolling - Pass
20-03-2018 12:48 INFO  - Billing Addrs field in Review Order Page is displayed - Pass
20-03-2018 12:48 INFO  - Colour Field present is displayed - Pass
20-03-2018 12:48 INFO  - Payment field in Review Order Page is displayed - Pass
20-03-2018 12:48 INFO  - scrolled to Scrolling - Pass
20-03-2018 12:48 INFO  - Shipping Addrs field in Review Order Page is displayed - Pass
20-03-2018 12:48 INFO  - Order Summary field in Review Order Page is displayed - Pass
20-03-2018 12:48 INFO  - Place Order is displayed - Pass
20-03-2018 12:48 INFO  - scrolled to Scrolling - Pass
20-03-2018 12:48 INFO  - Colour Field present is displayed - Pass
20-03-2018 12:48 INFO  - Size field is displayed - Pass
20-03-2018 12:48 INFO  - scrolled to Add To Bag - Pass
20-03-2018 12:48 INFO  - Add To Bag Clicked is clicked - Pass
20-03-2018 12:48 INFO  - PDP overlay is displayed - Pass
20-03-2018 12:48 INFO  - Success Overlay is displayed - Pass
20-03-2018 12:48 INFO  - Success Overlay is displayed - Pass
20-03-2018 12:48 INFO  - Size field is displayed - Pass
20-03-2018 12:48 INFO  - scrolled to Add To Bag - Pass
20-03-2018 12:48 INFO  - Add To Bag Clicked is clicked - Pass
20-03-2018 12:48 INFO  - PDP overlay is displayed - Pass
20-03-2018 12:48 INFO  - Success Overlay is displayed - Pass
20-03-2018 12:48 INFO  - Success Overlay is displayed - Pass
20-03-2018 12:48 INFO  - http://m.lordandtaylor.com/ is opened - Pass
20-03-2018 12:48 INFO  - Click Search is clicked - Pass
20-03-2018 12:48 INFO  - pants is entered in Search - Pass
20-03-2018 12:48 INFO  - Checkout Clicked is clicked - Pass
20-03-2018 12:48 INFO  - IS Cart page products is displayed is displayed - Pass
20-03-2018 12:48 INFO  - Is Cart page Displayed is displayed - Pass
20-03-2018 12:48 INFO  - Wait is displayed - Pass
20-03-2018 12:48 INFO  - scrolled to scroll to checkout - Pass
20-03-2018 12:48 INFO  - Click Checkout is clicked - Pass
20-03-2018 12:48 INFO  - Guest Checkout is displayed - Pass
20-03-2018 12:48 INFO  - scrolled to Guest Checkout - Pass
20-03-2018 12:48 INFO  - Guest Checkout is clicked - Pass
20-03-2018 12:48 INFO  - search/PLP page is displayed - Pass
20-03-2018 12:48 INFO  - Search Count is displayed - Pass
20-03-2018 12:48 INFO  - PDP Page wait is displayed - Pass
20-03-2018 12:48 INFO  - scrolled to Scrolling - Pass
20-03-2018 12:48 INFO  - Colour Field present is displayed - Pass
20-03-2018 12:48 INFO  - Size field is displayed - Pass
20-03-2018 12:48 INFO  - Guest checkout shipping screen is displayed on tapping guest chekout button is displayed - Pass
20-03-2018 12:48 INFO  - scrolled to Add To Bag - Pass
20-03-2018 12:48 INFO  - Add To Bag Clicked is clicked - Pass
20-03-2018 12:48 INFO  - PDP overlay is displayed - Pass
20-03-2018 12:48 INFO  - Success Overlay is displayed - Pass
20-03-2018 12:48 INFO  - Success Overlay is displayed - Pass
20-03-2018 12:49 INFO  - http://m.lordandtaylor.com/ is opened - Pass
20-03-2018 12:49 INFO  - Click Search is clicked - Pass
20-03-2018 12:49 INFO  - dress is entered in Search - Pass
20-03-2018 12:49 INFO  - search/PLP page is displayed - Pass
20-03-2018 12:49 INFO  - Search Count is displayed - Pass
20-03-2018 12:49 INFO  - Checkout Clicked is clicked - Pass
20-03-2018 12:49 INFO  - PDP Page wait is displayed - Pass
20-03-2018 12:49 INFO  - scrolled to Scrolling - Pass
20-03-2018 12:49 INFO  - Colour Field present is displayed - Pass
20-03-2018 12:49 INFO  - IS Cart page products is displayed is displayed - Pass
20-03-2018 12:49 INFO  - Is Cart page Displayed is displayed - Pass
20-03-2018 12:49 INFO  - Wait is displayed - Pass
20-03-2018 12:49 INFO  - scrolled to scroll to checkout - Pass
20-03-2018 12:49 INFO  - Click Checkout is clicked - Pass
20-03-2018 12:49 INFO  - Guest Checkout is displayed - Pass
20-03-2018 12:49 INFO  - scrolled to Guest Checkout - Pass
20-03-2018 12:49 INFO  - Guest Checkout is clicked - Pass
20-03-2018 12:49 INFO  - Size field is displayed - Pass
20-03-2018 12:49 INFO  - scrolled to Add To Bag - Pass
20-03-2018 12:49 INFO  - Add To Bag Clicked is clicked - Pass
20-03-2018 12:49 INFO  - PDP overlay is displayed - Pass
20-03-2018 12:49 INFO  - Success Overlay is displayed - Pass
20-03-2018 12:49 INFO  - Success Overlay is displayed - Pass
20-03-2018 12:49 INFO  - Guest checkout shipping screen is displayed on tapping guest chekout button is displayed - Pass
20-03-2018 12:49 INFO  - FirstName is entered in the field - Pass
20-03-2018 12:49 INFO  - SecondName is entered in the field - Pass
20-03-2018 12:49 INFO  - Address 1 is entered in the field - Pass
20-03-2018 12:49 INFO  - Address 2 is entered in the field - Pass
20-03-2018 12:49 INFO  - City is entered in the field - Pass
20-03-2018 12:49 INFO  - scrolled to Scrolling - Pass
20-03-2018 12:49 INFO  - Postal Code is entered in the field - Pass
20-03-2018 12:49 INFO  - PhoneNumber is entered in the field - Pass
20-03-2018 12:49 INFO  - Mail Address is entered in the field - Pass
20-03-2018 12:49 INFO  - Is Continue Checkout Button displayed is displayed - Pass
20-03-2018 12:49 INFO  - scrolled to Scroll to Continue Checkout Button - Pass
20-03-2018 12:49 INFO  - Click Continue checkout button is clicked - Pass
20-03-2018 12:49 INFO  - Checkout Clicked is clicked - Pass
20-03-2018 12:49 INFO  - IS Cart page products is displayed is displayed - Pass
20-03-2018 12:49 INFO  - Is Cart page Displayed is displayed - Pass
20-03-2018 12:49 INFO  - Wait is displayed - Pass
20-03-2018 12:49 INFO  - scrolled to scroll to checkout - Pass
20-03-2018 12:49 INFO  - Click Checkout is clicked - Pass
20-03-2018 12:49 INFO  - Address Verification is displayed - Pass
20-03-2018 12:49 INFO  - scrolled to Clicked use as entered in address verification overlay - Pass
20-03-2018 12:49 INFO  - Guest Checkout is displayed - Pass
20-03-2018 12:49 INFO  - scrolled to Guest Checkout - Pass
20-03-2018 12:49 INFO  - Guest Checkout is clicked - Pass
20-03-2018 12:49 ERROR - TimeoutException
org.openqa.selenium.TimeoutException: Expected condition failed: waiting for visibility of element located by By.id: pdpAddtoBagBtn (tried for 10 second(s) with 500 MILLISECONDS interval)
	at org.openqa.selenium.support.ui.WebDriverWait.timeoutException(WebDriverWait.java:82)
	at org.openqa.selenium.support.ui.FluentWait.until(FluentWait.java:231)
	at com.skava.framework.action.SeleniumActionEngine.explicitWaitforVisibility(SeleniumActionEngine.java:183)
	at com.skava.framework.action.SeleniumActionEngine.isElementDisplayed(SeleniumActionEngine.java:201)
	at com.skava.reusable.components.CheckoutComponents.addressVerification(CheckoutComponents.java:115)
	at com.skava.testcases.LT_1083_Payment_Page_Guest_Validation.LT_1083_Payment_Page_Guest_Validation(LT_1083_Payment_Page_Guest_Validation.java:41)
	at sun.reflect.NativeMethodAccessorImpl.invoke0(Native Method)
	at sun.reflect.NativeMethodAccessorImpl.invoke(Unknown Source)
	at sun.reflect.DelegatingMethodAccessorImpl.invoke(Unknown Source)
	at java.lang.reflect.Method.invoke(Unknown Source)
	at org.testng.internal.MethodInvocationHelper.invokeMethod(MethodInvocationHelper.java:108)
	at org.testng.internal.Invoker.invokeMethod(Invoker.java:669)
	at org.testng.internal.Invoker.invokeTestMethod(Invoker.java:877)
	at org.testng.internal.Invoker.invokeTestMethods(Invoker.java:1201)
	at org.testng.internal.TestMethodWorker.invokeTestMethods(TestMethodWorker.java:125)
	at org.testng.internal.TestMethodWorker.run(TestMethodWorker.java:109)
	at java.util.concurrent.ThreadPoolExecutor.runWorker(Unknown Source)
	at java.util.concurrent.ThreadPoolExecutor$Worker.run(Unknown Source)
	at java.lang.Thread.run(Unknown Source)
Caused by: org.openqa.selenium.NoSuchElementException: Cannot locate an element using By.id: pdpAddtoBagBtn
For documentation on this error, please visit: http://seleniumhq.org/exceptions/no_such_element.html
Build info: version: '3.2.0', revision: '8c03df6b79', time: '2017-02-23 10:51:31 +0000'
System info: host: 'DESKTOP-AQOISD1', ip: '192.168.234.84', os.name: 'Windows 10', os.arch: 'amd64', os.version: '10.0', java.version: '1.8.0_112'
Driver info: driver.version: unknown
	at org.openqa.selenium.support.ui.ExpectedConditions.lambda$findElement$0(ExpectedConditions.java:882)
	at java.util.Optional.orElseThrow(Unknown Source)
	at org.openqa.selenium.support.ui.ExpectedConditions.findElement(ExpectedConditions.java:881)
	at org.openqa.selenium.support.ui.ExpectedConditions.access$000(ExpectedConditions.java:43)
	at org.openqa.selenium.support.ui.ExpectedConditions$7.apply(ExpectedConditions.java:205)
	at org.openqa.selenium.support.ui.ExpectedConditions$7.apply(ExpectedConditions.java:201)
	at org.openqa.selenium.support.ui.FluentWait.until(FluentWait.java:208)
	... 17 more
20-03-2018 12:49 ERROR - wait is not present - failed
20-03-2018 12:49 INFO  - Clicked OK is displayed - Pass
20-03-2018 12:49 INFO  - Clicked OK is clicked - Pass
20-03-2018 12:49 INFO  - Guest checkout shipping screen is displayed on tapping guest chekout button is displayed - Pass
20-03-2018 12:49 INFO  - FirstName is entered in the field - Pass
20-03-2018 12:49 INFO  - SecondName is entered in the field - Pass
20-03-2018 12:49 INFO  - Address 1 is entered in the field - Pass
20-03-2018 12:49 INFO  - Address 2 is entered in the field - Pass
20-03-2018 12:49 INFO  - City is entered in the field - Pass
20-03-2018 12:49 INFO  - scrolled to Scrolling - Pass
20-03-2018 12:49 INFO  - Postal Code is entered in the field - Pass
20-03-2018 12:49 INFO  - PhoneNumber is entered in the field - Pass
20-03-2018 12:49 INFO  - Mail Address is entered in the field - Pass
20-03-2018 12:49 INFO  - Is Continue Checkout Button displayed is displayed - Pass
20-03-2018 12:49 INFO  - scrolled to Scroll to Continue Checkout Button - Pass
20-03-2018 12:49 INFO  - Click Continue checkout button is clicked - Pass
20-03-2018 12:50 INFO  - Address Verification is displayed - Pass
20-03-2018 12:50 INFO  - scrolled to Clicked use as entered in address verification overlay - Pass
20-03-2018 12:50 INFO  - Place Order Page is displayed - Pass
20-03-2018 12:50 ERROR - TimeoutException
org.openqa.selenium.TimeoutException: Expected condition failed: waiting for visibility of element located by By.id: pdpAddtoBagBtn (tried for 10 second(s) with 500 MILLISECONDS interval)
	at org.openqa.selenium.support.ui.WebDriverWait.timeoutException(WebDriverWait.java:82)
	at org.openqa.selenium.support.ui.FluentWait.until(FluentWait.java:231)
	at com.skava.framework.action.SeleniumActionEngine.explicitWaitforVisibility(SeleniumActionEngine.java:183)
	at com.skava.framework.action.SeleniumActionEngine.isElementDisplayed(SeleniumActionEngine.java:201)
	at com.skava.reusable.components.CheckoutComponents.addressVerification(CheckoutComponents.java:115)
	at com.skava.testcases.LT_1176_Review_Order_PlaceOrder_Button_Validation.LT_1176_Review_Order_PlaceOrder_Button_Validation(LT_1176_Review_Order_PlaceOrder_Button_Validation.java:40)
	at sun.reflect.NativeMethodAccessorImpl.invoke0(Native Method)
	at sun.reflect.NativeMethodAccessorImpl.invoke(Unknown Source)
	at sun.reflect.DelegatingMethodAccessorImpl.invoke(Unknown Source)
	at java.lang.reflect.Method.invoke(Unknown Source)
	at org.testng.internal.MethodInvocationHelper.invokeMethod(MethodInvocationHelper.java:108)
	at org.testng.internal.Invoker.invokeMethod(Invoker.java:669)
	at org.testng.internal.Invoker.invokeTestMethod(Invoker.java:877)
	at org.testng.internal.Invoker.invokeTestMethods(Invoker.java:1201)
	at org.testng.internal.TestMethodWorker.invokeTestMethods(TestMethodWorker.java:125)
	at org.testng.internal.TestMethodWorker.run(TestMethodWorker.java:109)
	at java.util.concurrent.ThreadPoolExecutor.runWorker(Unknown Source)
	at java.util.concurrent.ThreadPoolExecutor$Worker.run(Unknown Source)
	at java.lang.Thread.run(Unknown Source)
Caused by: org.openqa.selenium.NoSuchElementException: Cannot locate an element using By.id: pdpAddtoBagBtn
For documentation on this error, please visit: http://seleniumhq.org/exceptions/no_such_element.html
Build info: version: '3.2.0', revision: '8c03df6b79', time: '2017-02-23 10:51:31 +0000'
System info: host: 'DESKTOP-AQOISD1', ip: '192.168.234.84', os.name: 'Windows 10', os.arch: 'amd64', os.version: '10.0', java.version: '1.8.0_112'
Driver info: driver.version: unknown
	at org.openqa.selenium.support.ui.ExpectedConditions.lambda$findElement$0(ExpectedConditions.java:882)
	at java.util.Optional.orElseThrow(Unknown Source)
	at org.openqa.selenium.support.ui.ExpectedConditions.findElement(ExpectedConditions.java:881)
	at org.openqa.selenium.support.ui.ExpectedConditions.access$000(ExpectedConditions.java:43)
	at org.openqa.selenium.support.ui.ExpectedConditions$7.apply(ExpectedConditions.java:205)
	at org.openqa.selenium.support.ui.ExpectedConditions$7.apply(ExpectedConditions.java:201)
	at org.openqa.selenium.support.ui.FluentWait.until(FluentWait.java:208)
	... 17 more
20-03-2018 12:50 ERROR - wait is not present - failed
20-03-2018 12:50 INFO  - Clicked OK is displayed - Pass
20-03-2018 12:50 INFO  - Clicked OK is clicked - Pass
20-03-2018 12:50 INFO  - http://m.lordandtaylor.com/ is opened - Pass
20-03-2018 12:50 INFO  - Click Search is clicked - Pass
20-03-2018 12:50 INFO  - shoes is entered in Search - Pass
20-03-2018 12:50 INFO  - Place Order Page is displayed - Pass
20-03-2018 12:50 INFO  - Payment Details is displayed - Pass
20-03-2018 12:50 INFO  - Enter Credit card  Number is entered in the field - Pass
20-03-2018 12:50 INFO  - Enter Credit card name is entered in the field - Pass
20-03-2018 12:50 INFO  - Enter CVV Num is entered in the field - Pass
20-03-2018 12:50 INFO  - Is Continue Checkout Button displayed is displayed - Pass
20-03-2018 12:50 INFO  - scrolled to Scroll to Continue Checkout Button - Pass
20-03-2018 12:50 INFO  - Click Continue checkout button is clicked - Pass
20-03-2018 12:50 INFO  - Review Order Page is displayed - Pass
20-03-2018 12:50 INFO  - Billing Addrs field in Review Order Page is displayed - Pass
20-03-2018 12:50 INFO  - Payment field in Review Order Page is displayed - Pass
20-03-2018 12:50 INFO  - scrolled to Scrolling - Pass
20-03-2018 12:50 INFO  - Shipping Addrs field in Review Order Page is displayed - Pass
20-03-2018 12:50 INFO  - Order Summary field in Review Order Page is displayed - Pass
20-03-2018 12:50 INFO  - Place Order is displayed - Pass
20-03-2018 12:50 INFO  - search/PLP page is displayed - Pass
20-03-2018 12:50 INFO  - Search Count is displayed - Pass
20-03-2018 12:50 INFO  - PDP Page wait is displayed - Pass
20-03-2018 12:50 INFO  - scrolled to Scrolling - Pass
20-03-2018 12:50 INFO  - Colour Field present is displayed - Pass
20-03-2018 12:50 INFO  - http://m.lordandtaylor.com/ is opened - Pass
20-03-2018 12:50 INFO  - Click Search is clicked - Pass
20-03-2018 12:50 INFO  - shirts is entered in Search - Pass
20-03-2018 12:50 INFO  - Size field is displayed - Pass
20-03-2018 12:50 INFO  - scrolled to Add To Bag - Pass
20-03-2018 12:50 INFO  - Add To Bag Clicked is clicked - Pass
20-03-2018 12:50 INFO  - PDP overlay is displayed - Pass
20-03-2018 12:50 INFO  - Success Overlay is displayed - Pass
20-03-2018 12:50 INFO  - Success Overlay is displayed - Pass
20-03-2018 12:50 INFO  - search/PLP page is displayed - Pass
20-03-2018 12:50 INFO  - Search Count is displayed - Pass
20-03-2018 12:50 INFO  - PDP Page wait is displayed - Pass
20-03-2018 12:50 INFO  - scrolled to Scrolling - Pass
20-03-2018 12:50 INFO  - Checkout Clicked is clicked - Pass
20-03-2018 12:50 INFO  - Colour Field present is displayed - Pass
20-03-2018 12:50 INFO  - IS Cart page products is displayed is displayed - Pass
20-03-2018 12:50 INFO  - Is Cart page Displayed is displayed - Pass
20-03-2018 12:50 INFO  - Size field is displayed - Pass
20-03-2018 12:50 INFO  - Wait is displayed - Pass
20-03-2018 12:50 INFO  - scrolled to scroll to checkout - Pass
20-03-2018 12:50 INFO  - Click Checkout is clicked - Pass
20-03-2018 12:50 INFO  - scrolled to Add To Bag - Pass
20-03-2018 12:50 INFO  - Add To Bag Clicked is clicked - Pass
20-03-2018 12:50 INFO  - Guest Checkout is displayed - Pass
20-03-2018 12:50 INFO  - scrolled to Guest Checkout - Pass
20-03-2018 12:50 INFO  - Guest Checkout is clicked - Pass
20-03-2018 12:50 INFO  - PDP overlay is displayed - Pass
20-03-2018 12:50 INFO  - Success Overlay is displayed - Pass
20-03-2018 12:50 INFO  - Success Overlay is displayed - Pass
20-03-2018 12:51 INFO  - Guest checkout shipping screen is displayed on tapping guest chekout button is displayed - Pass
20-03-2018 12:51 INFO  - FirstName is entered in the field - Pass
20-03-2018 12:51 INFO  - SecondName is entered in the field - Pass
20-03-2018 12:51 INFO  - Address 1 is entered in the field - Pass
20-03-2018 12:51 INFO  - Address 2 is entered in the field - Pass
20-03-2018 12:51 INFO  - City is entered in the field - Pass
20-03-2018 12:51 INFO  - scrolled to Scrolling - Pass
20-03-2018 12:51 INFO  - Postal Code is entered in the field - Pass
20-03-2018 12:51 INFO  - PhoneNumber is entered in the field - Pass
20-03-2018 12:51 INFO  - Mail Address is entered in the field - Pass
20-03-2018 12:51 INFO  - Is Continue Checkout Button displayed is displayed - Pass
20-03-2018 12:51 INFO  - scrolled to Scroll to Continue Checkout Button - Pass
20-03-2018 12:51 INFO  - Click Continue checkout button is clicked - Pass
20-03-2018 12:51 INFO  - Address Verification is displayed - Pass
20-03-2018 12:51 INFO  - scrolled to Clicked use as entered in address verification overlay - Pass
20-03-2018 12:51 INFO  - Checkout Clicked is clicked - Pass
20-03-2018 12:51 INFO  - IS Cart page products is displayed is displayed - Pass
20-03-2018 12:51 INFO  - Is Cart page Displayed is displayed - Pass
20-03-2018 12:51 INFO  - Wait is displayed - Pass
20-03-2018 12:51 INFO  - scrolled to scroll to checkout - Pass
20-03-2018 12:51 INFO  - Click Checkout is clicked - Pass
20-03-2018 12:51 INFO  - Guest Checkout is displayed - Pass
20-03-2018 12:51 INFO  - scrolled to Guest Checkout - Pass
20-03-2018 12:51 INFO  - Guest Checkout is clicked - Pass
20-03-2018 12:51 ERROR - TimeoutException
org.openqa.selenium.TimeoutException: Expected condition failed: waiting for visibility of element located by By.id: pdpAddtoBagBtn (tried for 10 second(s) with 500 MILLISECONDS interval)
	at org.openqa.selenium.support.ui.WebDriverWait.timeoutException(WebDriverWait.java:82)
	at org.openqa.selenium.support.ui.FluentWait.until(FluentWait.java:231)
	at com.skava.framework.action.SeleniumActionEngine.explicitWaitforVisibility(SeleniumActionEngine.java:183)
	at com.skava.framework.action.SeleniumActionEngine.isElementDisplayed(SeleniumActionEngine.java:201)
	at com.skava.reusable.components.CheckoutComponents.addressVerification(CheckoutComponents.java:115)
	at com.skava.testcases.LT_1235_GuestCheckout_Payment_FiledCheck.LT_1235_GuestCheckout_Payment_FiledCheck(LT_1235_GuestCheckout_Payment_FiledCheck.java:40)
	at sun.reflect.NativeMethodAccessorImpl.invoke0(Native Method)
	at sun.reflect.NativeMethodAccessorImpl.invoke(Unknown Source)
	at sun.reflect.DelegatingMethodAccessorImpl.invoke(Unknown Source)
	at java.lang.reflect.Method.invoke(Unknown Source)
	at org.testng.internal.MethodInvocationHelper.invokeMethod(MethodInvocationHelper.java:108)
	at org.testng.internal.Invoker.invokeMethod(Invoker.java:669)
	at org.testng.internal.Invoker.invokeTestMethod(Invoker.java:877)
	at org.testng.internal.Invoker.invokeTestMethods(Invoker.java:1201)
	at org.testng.internal.TestMethodWorker.invokeTestMethods(TestMethodWorker.java:125)
	at org.testng.internal.TestMethodWorker.run(TestMethodWorker.java:109)
	at java.util.concurrent.ThreadPoolExecutor.runWorker(Unknown Source)
	at java.util.concurrent.ThreadPoolExecutor$Worker.run(Unknown Source)
	at java.lang.Thread.run(Unknown Source)
Caused by: org.openqa.selenium.NoSuchElementException: Cannot locate an element using By.id: pdpAddtoBagBtn
For documentation on this error, please visit: http://seleniumhq.org/exceptions/no_such_element.html
Build info: version: '3.2.0', revision: '8c03df6b79', time: '2017-02-23 10:51:31 +0000'
System info: host: 'DESKTOP-AQOISD1', ip: '192.168.234.84', os.name: 'Windows 10', os.arch: 'amd64', os.version: '10.0', java.version: '1.8.0_112'
Driver info: driver.version: unknown
	at org.openqa.selenium.support.ui.ExpectedConditions.lambda$findElement$0(ExpectedConditions.java:882)
	at java.util.Optional.orElseThrow(Unknown Source)
	at org.openqa.selenium.support.ui.ExpectedConditions.findElement(ExpectedConditions.java:881)
	at org.openqa.selenium.support.ui.ExpectedConditions.access$000(ExpectedConditions.java:43)
	at org.openqa.selenium.support.ui.ExpectedConditions$7.apply(ExpectedConditions.java:205)
	at org.openqa.selenium.support.ui.ExpectedConditions$7.apply(ExpectedConditions.java:201)
	at org.openqa.selenium.support.ui.FluentWait.until(FluentWait.java:208)
	... 17 more
20-03-2018 12:51 ERROR - wait is not present - failed
20-03-2018 12:51 INFO  - Clicked OK is displayed - Pass
20-03-2018 12:51 INFO  - Clicked OK is clicked - Pass
20-03-2018 12:51 INFO  - Place Order Page is displayed - Pass
20-03-2018 12:51 INFO  - Payment section is displayed - Pass
20-03-2018 12:51 INFO  - Payment section is displayed - Pass
20-03-2018 12:51 INFO  - scrolled to scroll to gift section - Pass
20-03-2018 12:51 INFO  - Payment gift card section is displayed - Pass
20-03-2018 12:51 INFO  - scrolled to scroll to promo code section - Pass
20-03-2018 12:51 INFO  - Payment promo code section is displayed - Pass
20-03-2018 12:51 INFO  - scrolled to scroll to create account section - Pass
20-03-2018 12:51 INFO  - Payment create account section is displayed - Pass
20-03-2018 12:51 INFO  - Guest checkout shipping screen is displayed on tapping guest chekout button is displayed - Pass
20-03-2018 12:51 INFO  - FirstName is entered in the field - Pass
20-03-2018 12:51 INFO  - SecondName is entered in the field - Pass
20-03-2018 12:51 INFO  - Address 1 is entered in the field - Pass
20-03-2018 12:51 INFO  - Address 2 is entered in the field - Pass
20-03-2018 12:51 INFO  - City is entered in the field - Pass
20-03-2018 12:51 INFO  - scrolled to Scrolling - Pass
20-03-2018 12:51 INFO  - Postal Code is entered in the field - Pass
20-03-2018 12:51 INFO  - PhoneNumber is entered in the field - Pass
20-03-2018 12:51 INFO  - Mail Address is entered in the field - Pass
20-03-2018 12:51 INFO  - Is Continue Checkout Button displayed is displayed - Pass
20-03-2018 12:51 INFO  - scrolled to Scroll to Continue Checkout Button - Pass
20-03-2018 12:51 INFO  - Click Continue checkout button is clicked - Pass
20-03-2018 12:51 INFO  - Address Verification is displayed - Pass
20-03-2018 12:51 INFO  - scrolled to Clicked use as entered in address verification overlay - Pass
20-03-2018 12:51 ERROR - TimeoutException
org.openqa.selenium.TimeoutException: Expected condition failed: waiting for visibility of element located by By.id: pdpAddtoBagBtn (tried for 10 second(s) with 500 MILLISECONDS interval)
	at org.openqa.selenium.support.ui.WebDriverWait.timeoutException(WebDriverWait.java:82)
	at org.openqa.selenium.support.ui.FluentWait.until(FluentWait.java:231)
	at com.skava.framework.action.SeleniumActionEngine.explicitWaitforVisibility(SeleniumActionEngine.java:183)
	at com.skava.framework.action.SeleniumActionEngine.isElementDisplayed(SeleniumActionEngine.java:201)
	at com.skava.reusable.components.CheckoutComponents.addressVerification(CheckoutComponents.java:115)
	at com.skava.testcases.LT_1236_GuestCheckout_Payment_FieldCheck.LT_1236_GuestCheckout_Payment_FieldCheck(LT_1236_GuestCheckout_Payment_FieldCheck.java:40)
	at sun.reflect.NativeMethodAccessorImpl.invoke0(Native Method)
	at sun.reflect.NativeMethodAccessorImpl.invoke(Unknown Source)
	at sun.reflect.DelegatingMethodAccessorImpl.invoke(Unknown Source)
	at java.lang.reflect.Method.invoke(Unknown Source)
	at org.testng.internal.MethodInvocationHelper.invokeMethod(MethodInvocationHelper.java:108)
	at org.testng.internal.Invoker.invokeMethod(Invoker.java:669)
	at org.testng.internal.Invoker.invokeTestMethod(Invoker.java:877)
	at org.testng.internal.Invoker.invokeTestMethods(Invoker.java:1201)
	at org.testng.internal.TestMethodWorker.invokeTestMethods(TestMethodWorker.java:125)
	at org.testng.internal.TestMethodWorker.run(TestMethodWorker.java:109)
	at java.util.concurrent.ThreadPoolExecutor.runWorker(Unknown Source)
	at java.util.concurrent.ThreadPoolExecutor$Worker.run(Unknown Source)
	at java.lang.Thread.run(Unknown Source)
Caused by: org.openqa.selenium.NoSuchElementException: Cannot locate an element using By.id: pdpAddtoBagBtn
For documentation on this error, please visit: http://seleniumhq.org/exceptions/no_such_element.html
Build info: version: '3.2.0', revision: '8c03df6b79', time: '2017-02-23 10:51:31 +0000'
System info: host: 'DESKTOP-AQOISD1', ip: '192.168.234.84', os.name: 'Windows 10', os.arch: 'amd64', os.version: '10.0', java.version: '1.8.0_112'
Driver info: driver.version: unknown
	at org.openqa.selenium.support.ui.ExpectedConditions.lambda$findElement$0(ExpectedConditions.java:882)
	at java.util.Optional.orElseThrow(Unknown Source)
	at org.openqa.selenium.support.ui.ExpectedConditions.findElement(ExpectedConditions.java:881)
	at org.openqa.selenium.support.ui.ExpectedConditions.access$000(ExpectedConditions.java:43)
	at org.openqa.selenium.support.ui.ExpectedConditions$7.apply(ExpectedConditions.java:205)
	at org.openqa.selenium.support.ui.ExpectedConditions$7.apply(ExpectedConditions.java:201)
	at org.openqa.selenium.support.ui.FluentWait.until(FluentWait.java:208)
	... 17 more
20-03-2018 12:51 ERROR - wait is not present - failed
20-03-2018 12:51 INFO  - Clicked OK is displayed - Pass
20-03-2018 12:51 INFO  - Clicked OK is clicked - Pass
20-03-2018 12:51 INFO  - Place Order Page is displayed - Pass
20-03-2018 12:51 INFO  - Payment section is displayed - Pass
20-03-2018 12:51 INFO  - Payment section is displayed - Pass
20-03-2018 12:51 INFO  - Payment type is displayed - Pass
20-03-2018 12:51 INFO  - Card no  is displayed - Pass
20-03-2018 12:51 INFO  - Card name  is displayed - Pass
20-03-2018 12:51 INFO  - Card  exp month is displayed - Pass
20-03-2018 12:51 INFO  - Card  exp year is displayed - Pass
20-03-2018 12:51 INFO  - Card  CVV is displayed - Pass
20-03-2018 12:51 INFO  - scrolled to scroll to gift section - Pass
20-03-2018 12:51 INFO  - Payment gift card section is displayed - Pass
20-03-2018 12:51 INFO  - Gift Card No is displayed - Pass
20-03-2018 12:51 INFO  - Gift Card Pin is displayed - Pass
20-03-2018 12:51 INFO  - scrolled to scroll to promo code section - Pass
20-03-2018 12:51 INFO  - Payment promo code section is displayed - Pass
20-03-2018 12:51 INFO  - Promo code field is displayed - Pass
20-03-2018 12:51 INFO  - scrolled to scroll to create account section - Pass
20-03-2018 12:51 INFO  - Payment create account section is displayed - Pass
20-03-2018 12:51 INFO  - Account password field is displayed - Pass
20-03-2018 12:51 INFO  - Account confirm password field is displayed - Pass
20-03-2018 12:51 INFO  - Account password hint field is displayed - Pass
20-03-2018 12:53 ERROR - TimeoutException
org.openqa.selenium.TimeoutException: timeout
  (Session info: chrome=64.0.3282.186)
  (Driver info: chromedriver=2.33.506120 (e3e53437346286c0bc2d2dc9aa4915ba81d9023f),platform=Windows NT 10.0.16299 x86_64) (WARNING: The server did not provide any stacktrace information)
Command duration or timeout: 300.09 seconds
Build info: version: '3.2.0', revision: '8c03df6b79', time: '2017-02-23 10:51:31 +0000'
System info: host: 'DESKTOP-AQOISD1', ip: '192.168.234.84', os.name: 'Windows 10', os.arch: 'amd64', os.version: '10.0', java.version: '1.8.0_112'
Driver info: org.openqa.selenium.chrome.ChromeDriver
Capabilities [{applicationCacheEnabled=false, rotatable=false, mobileEmulationEnabled=false, networkConnectionEnabled=false, chrome={chromedriverVersion=2.33.506120 (e3e53437346286c0bc2d2dc9aa4915ba81d9023f), userDataDir=C:\Users\arunraj.n\AppData\Local\Temp\scoped_dir9936_5713}, takesHeapSnapshot=true, pageLoadStrategy=normal, databaseEnabled=false, handlesAlerts=true, hasTouchScreen=false, version=64.0.3282.186, platform=XP, browserConnectionEnabled=false, nativeEvents=true, acceptSslCerts=true, locationContextEnabled=true, webStorageEnabled=true, browserName=chrome, takesScreenshot=true, javascriptEnabled=true, cssSelectorsEnabled=true, setWindowRect=true, unexpectedAlertBehaviour=}]
Session ID: 01bbde1995fdb63ba58f942d3fb85972
	at sun.reflect.NativeConstructorAccessorImpl.newInstance0(Native Method)
	at sun.reflect.NativeConstructorAccessorImpl.newInstance(Unknown Source)
	at sun.reflect.DelegatingConstructorAccessorImpl.newInstance(Unknown Source)
	at java.lang.reflect.Constructor.newInstance(Unknown Source)
	at org.openqa.selenium.remote.ErrorHandler.createThrowable(ErrorHandler.java:216)
	at org.openqa.selenium.remote.ErrorHandler.throwIfResponseFailed(ErrorHandler.java:168)
	at org.openqa.selenium.remote.RemoteWebDriver.execute(RemoteWebDriver.java:638)
	at org.openqa.selenium.remote.RemoteWebElement.execute(RemoteWebElement.java:274)
	at org.openqa.selenium.remote.RemoteWebElement.click(RemoteWebElement.java:84)
	at com.skava.framework.action.SeleniumActionEngine.clickElement(SeleniumActionEngine.java:103)
	at com.skava.reusable.components.PLPandPDPComponents.cartSuccess_OverLay(PLPandPDPComponents.java:393)
	at com.skava.testcases.LT_1081_GuestCheckout_AddShipping.LT_1081_GuestCheckout_Add_Shipping(LT_1081_GuestCheckout_AddShipping.java:31)
	at sun.reflect.NativeMethodAccessorImpl.invoke0(Native Method)
	at sun.reflect.NativeMethodAccessorImpl.invoke(Unknown Source)
	at sun.reflect.DelegatingMethodAccessorImpl.invoke(Unknown Source)
	at java.lang.reflect.Method.invoke(Unknown Source)
	at org.testng.internal.MethodInvocationHelper.invokeMethod(MethodInvocationHelper.java:108)
	at org.testng.internal.Invoker.invokeMethod(Invoker.java:669)
	at org.testng.internal.Invoker.invokeTestMethod(Invoker.java:877)
	at org.testng.internal.Invoker.invokeTestMethods(Invoker.java:1201)
	at org.testng.internal.TestMethodWorker.invokeTestMethods(TestMethodWorker.java:125)
	at org.testng.internal.TestMethodWorker.run(TestMethodWorker.java:109)
	at java.util.concurrent.ThreadPoolExecutor.runWorker(Unknown Source)
	at java.util.concurrent.ThreadPoolExecutor$Worker.run(Unknown Source)
	at java.lang.Thread.run(Unknown Source)
20-03-2018 12:53 ERROR - Checkout Clickedis not present - failed
20-03-2018 12:53 INFO  - IS Cart page products is displayed is displayed - Pass
20-03-2018 12:53 INFO  - Is Cart page Displayed is displayed - Pass
20-03-2018 12:53 INFO  - scrolled to BackToUSShipping - Pass
20-03-2018 12:53 INFO  - BackToUSShipping is clicked - Pass
20-03-2018 12:53 INFO  - Wait is displayed - Pass
20-03-2018 12:53 INFO  - scrolled to scroll to checkout - Pass
20-03-2018 12:53 INFO  - Click Checkout is clicked - Pass
20-03-2018 12:53 INFO  - Guest Checkout is displayed - Pass
20-03-2018 12:53 INFO  - scrolled to Guest Checkout - Pass
20-03-2018 12:53 INFO  - Guest Checkout is clicked - Pass
20-03-2018 12:53 INFO  - Guest checkout shipping screen is displayed on tapping guest chekout button is displayed - Pass
20-03-2018 12:53 INFO  - FirstName is entered in the field - Pass
20-03-2018 12:53 INFO  - SecondName is entered in the field - Pass
20-03-2018 12:53 INFO  - Address 1 is entered in the field - Pass
20-03-2018 12:53 INFO  - Address 2 is entered in the field - Pass
20-03-2018 12:53 INFO  - City is entered in the field - Pass
20-03-2018 12:53 INFO  - scrolled to Scrolling - Pass
20-03-2018 12:53 INFO  - Postal Code is entered in the field - Pass
20-03-2018 12:53 INFO  - Untick default billing option is clicked - Pass
20-03-2018 12:53 INFO  - PhoneNumber is entered in the field - Pass
20-03-2018 12:53 INFO  - Mail Address is entered in the field - Pass
20-03-2018 12:53 INFO  - Is Continue Checkout Button displayed is displayed - Pass
20-03-2018 12:53 INFO  - scrolled to Scroll to Continue Checkout Button - Pass
20-03-2018 12:53 INFO  - Click Continue checkout button is clicked - Pass
20-03-2018 12:53 INFO  - Address Verification is displayed - Pass
20-03-2018 12:53 INFO  - scrolled to Clicked use as entered in address verification overlay - Pass
20-03-2018 12:53 ERROR - TimeoutException
org.openqa.selenium.TimeoutException: Expected condition failed: waiting for visibility of element located by By.id: pdpAddtoBagBtn (tried for 10 second(s) with 500 MILLISECONDS interval)
	at org.openqa.selenium.support.ui.WebDriverWait.timeoutException(WebDriverWait.java:82)
	at org.openqa.selenium.support.ui.FluentWait.until(FluentWait.java:231)
	at com.skava.framework.action.SeleniumActionEngine.explicitWaitforVisibility(SeleniumActionEngine.java:183)
	at com.skava.framework.action.SeleniumActionEngine.isElementDisplayed(SeleniumActionEngine.java:201)
	at com.skava.reusable.components.CheckoutComponents.addressVerification(CheckoutComponents.java:115)
	at com.skava.testcases.LT_1081_GuestCheckout_AddShipping.LT_1081_GuestCheckout_Add_Shipping(LT_1081_GuestCheckout_AddShipping.java:39)
	at sun.reflect.NativeMethodAccessorImpl.invoke0(Native Method)
	at sun.reflect.NativeMethodAccessorImpl.invoke(Unknown Source)
	at sun.reflect.DelegatingMethodAccessorImpl.invoke(Unknown Source)
	at java.lang.reflect.Method.invoke(Unknown Source)
	at org.testng.internal.MethodInvocationHelper.invokeMethod(MethodInvocationHelper.java:108)
	at org.testng.internal.Invoker.invokeMethod(Invoker.java:669)
	at org.testng.internal.Invoker.invokeTestMethod(Invoker.java:877)
	at org.testng.internal.Invoker.invokeTestMethods(Invoker.java:1201)
	at org.testng.internal.TestMethodWorker.invokeTestMethods(TestMethodWorker.java:125)
	at org.testng.internal.TestMethodWorker.run(TestMethodWorker.java:109)
	at java.util.concurrent.ThreadPoolExecutor.runWorker(Unknown Source)
	at java.util.concurrent.ThreadPoolExecutor$Worker.run(Unknown Source)
	at java.lang.Thread.run(Unknown Source)
Caused by: org.openqa.selenium.NoSuchElementException: Cannot locate an element using By.id: pdpAddtoBagBtn
For documentation on this error, please visit: http://seleniumhq.org/exceptions/no_such_element.html
Build info: version: '3.2.0', revision: '8c03df6b79', time: '2017-02-23 10:51:31 +0000'
System info: host: 'DESKTOP-AQOISD1', ip: '192.168.234.84', os.name: 'Windows 10', os.arch: 'amd64', os.version: '10.0', java.version: '1.8.0_112'
Driver info: driver.version: unknown
	at org.openqa.selenium.support.ui.ExpectedConditions.lambda$findElement$0(ExpectedConditions.java:882)
	at java.util.Optional.orElseThrow(Unknown Source)
	at org.openqa.selenium.support.ui.ExpectedConditions.findElement(ExpectedConditions.java:881)
	at org.openqa.selenium.support.ui.ExpectedConditions.access$000(ExpectedConditions.java:43)
	at org.openqa.selenium.support.ui.ExpectedConditions$7.apply(ExpectedConditions.java:205)
	at org.openqa.selenium.support.ui.ExpectedConditions$7.apply(ExpectedConditions.java:201)
	at org.openqa.selenium.support.ui.FluentWait.until(FluentWait.java:208)
	... 17 more
20-03-2018 12:53 ERROR - wait is not present - failed
20-03-2018 12:53 INFO  - Clicked OK is displayed - Pass
20-03-2018 12:53 INFO  - Clicked OK is clicked - Pass
