20-03-2018 12:12 INFO  - http://m.lordandtaylor.com/ is opened - Pass
20-03-2018 12:12 INFO  - Wait to get site Loaded is displayed - Pass
20-03-2018 12:12 INFO  - Click Menu is clicked - Pass
20-03-2018 12:12 INFO  - Menu Closed is clicked - Pass
20-03-2018 12:12 INFO  - http://m.lordandtaylor.com/ is opened - Pass
20-03-2018 12:12 INFO  - Carousel Banner Check is displayed - Pass
20-03-2018 12:12 INFO  - Carousel Banner Check is displayed - Pass
20-03-2018 12:12 INFO  - http://m.lordandtaylor.com/ is opened - Pass
20-03-2018 12:12 INFO  - Carousel Banner Check is displayed - Pass
20-03-2018 12:12 INFO  - Carousel Banner Check is displayed - Pass
20-03-2018 12:12 INFO  - PDP Page wait is displayed - Pass
20-03-2018 12:12 INFO  - http://m.lordandtaylor.com/ is opened - Pass
20-03-2018 12:12 INFO  - Footer Container is displayed - Pass
20-03-2018 12:12 INFO  - scrolled to Scroll to Footer - Pass
20-03-2018 12:12 INFO  - Call & Email Link is displayed - Pass
20-03-2018 12:12 INFO  - signUpForDailyEmails is displayed - Pass
20-03-2018 12:12 INFO  - Social Share Icons is displayed - Pass
20-03-2018 12:12 INFO  - Accordion Menus is displayed - Pass
20-03-2018 12:12 INFO  - SignUpForSms is displayed - Pass
20-03-2018 12:12 INFO  - copyRight is displayed - Pass
20-03-2018 12:12 INFO  - PrivacyPolicy is displayed - Pass
20-03-2018 12:12 INFO  - http://m.lordandtaylor.com/ is opened - Pass
20-03-2018 12:12 INFO  - search/PLP page is displayed - Pass
20-03-2018 12:12 INFO  - http://m.lordandtaylor.com/ is opened - Pass
20-03-2018 12:12 INFO  - Click Promo is clicked - Pass
20-03-2018 12:12 INFO  - Promo Page is displayed - Pass
20-03-2018 12:12 INFO  - http://m.lordandtaylor.com/ is opened - Pass
20-03-2018 12:12 INFO  - Click Search is clicked - Pass
20-03-2018 12:12 INFO  - Search is entered in the field - Pass
20-03-2018 12:13 INFO  - Search Suggesion Displayed is displayed - Pass
20-03-2018 12:13 INFO  - http://m.lordandtaylor.com/ is opened - Pass
20-03-2018 12:13 INFO  - Click Search is clicked - Pass
20-03-2018 12:13 INFO  - http://m.lordandtaylor.com/ is opened - Pass
20-03-2018 12:13 INFO  - Click Search is clicked - Pass
20-03-2018 12:13 INFO  - Search is entered in the field - Pass
20-03-2018 12:13 INFO  - Shirts is entered in Search - Pass
20-03-2018 12:13 ERROR - StaleElementReferenceException
org.openqa.selenium.StaleElementReferenceException: stale element reference: element is not attached to the page document
  (Session info: chrome=64.0.3282.186)
  (Driver info: chromedriver=2.33.506120 (e3e53437346286c0bc2d2dc9aa4915ba81d9023f),platform=Windows NT 10.0.16299 x86_64) (WARNING: The server did not provide any stacktrace information)
Command duration or timeout: 12 milliseconds
For documentation on this error, please visit: http://seleniumhq.org/exceptions/stale_element_reference.html
Build info: version: '3.2.0', revision: '8c03df6b79', time: '2017-02-23 10:51:31 +0000'
System info: host: 'DESKTOP-AQOISD1', ip: '192.168.234.84', os.name: 'Windows 10', os.arch: 'amd64', os.version: '10.0', java.version: '1.8.0_112'
Driver info: org.openqa.selenium.chrome.ChromeDriver
Capabilities [{applicationCacheEnabled=false, rotatable=false, mobileEmulationEnabled=false, networkConnectionEnabled=false, chrome={chromedriverVersion=2.33.506120 (e3e53437346286c0bc2d2dc9aa4915ba81d9023f), userDataDir=C:\Users\arunraj.n\AppData\Local\Temp\scoped_dir11372_13691}, takesHeapSnapshot=true, pageLoadStrategy=normal, databaseEnabled=false, handlesAlerts=true, hasTouchScreen=false, version=64.0.3282.186, platform=XP, browserConnectionEnabled=false, nativeEvents=true, acceptSslCerts=true, locationContextEnabled=true, webStorageEnabled=true, browserName=chrome, takesScreenshot=true, javascriptEnabled=true, cssSelectorsEnabled=true, setWindowRect=true, unexpectedAlertBehaviour=}]
Session ID: 12606614d224f22b73c543adad7bb60a
	at sun.reflect.NativeConstructorAccessorImpl.newInstance0(Native Method)
	at sun.reflect.NativeConstructorAccessorImpl.newInstance(Unknown Source)
	at sun.reflect.DelegatingConstructorAccessorImpl.newInstance(Unknown Source)
	at java.lang.reflect.Constructor.newInstance(Unknown Source)
	at org.openqa.selenium.remote.ErrorHandler.createThrowable(ErrorHandler.java:216)
	at org.openqa.selenium.remote.ErrorHandler.throwIfResponseFailed(ErrorHandler.java:168)
	at org.openqa.selenium.remote.RemoteWebDriver.execute(RemoteWebDriver.java:638)
	at org.openqa.selenium.remote.RemoteWebElement.execute(RemoteWebElement.java:274)
	at org.openqa.selenium.remote.RemoteWebElement.isDisplayed(RemoteWebElement.java:315)
	at com.skava.framework.action.SeleniumActionEngine.isElementDisplayed(SeleniumActionEngine.java:204)
	at com.skava.reusable.components.HomePageComponents.searchSuggestionValidation(HomePageComponents.java:204)
	at com.skava.testcases.LT_939_Search_Suggestion_Selection.LT_939_Search_Suggestion_Selection(LT_939_Search_Suggestion_Selection.java:26)
	at sun.reflect.NativeMethodAccessorImpl.invoke0(Native Method)
	at sun.reflect.NativeMethodAccessorImpl.invoke(Unknown Source)
	at sun.reflect.DelegatingMethodAccessorImpl.invoke(Unknown Source)
	at java.lang.reflect.Method.invoke(Unknown Source)
	at org.testng.internal.MethodInvocationHelper.invokeMethod(MethodInvocationHelper.java:108)
	at org.testng.internal.Invoker.invokeMethod(Invoker.java:669)
	at org.testng.internal.Invoker.invokeTestMethod(Invoker.java:877)
	at org.testng.internal.Invoker.invokeTestMethods(Invoker.java:1201)
	at org.testng.internal.TestMethodWorker.invokeTestMethods(TestMethodWorker.java:125)
	at org.testng.internal.TestMethodWorker.run(TestMethodWorker.java:109)
	at java.util.concurrent.ThreadPoolExecutor.runWorker(Unknown Source)
	at java.util.concurrent.ThreadPoolExecutor$Worker.run(Unknown Source)
	at java.lang.Thread.run(Unknown Source)
20-03-2018 12:13 ERROR - Search Suggesion Displayed is not present - failed
20-03-2018 12:13 INFO  - Search Suggesion Displayed is displayed - Pass
20-03-2018 12:13 INFO  - Click Cart is clicked - Pass
20-03-2018 12:13 INFO  - Cart wrapper Opened is displayed - Pass
20-03-2018 12:13 INFO  - Cart Empty Text is displayed - Pass
20-03-2018 12:13 INFO  - Back To Homepage is clicked - Pass
20-03-2018 12:13 INFO  - search/PLP page is displayed - Pass
20-03-2018 12:13 INFO  - Search Count is displayed - Pass
20-03-2018 12:13 INFO  - PLP page is displayed - Pass
20-03-2018 12:13 INFO  - PDP Page wait is displayed - Pass
20-03-2018 12:13 INFO  - PDP Page wait is displayed - Pass
20-03-2018 12:13 INFO  - http://m.lordandtaylor.com/ is opened - Pass
20-03-2018 12:13 INFO  - Wait to get site Loaded is displayed - Pass
20-03-2018 12:13 INFO  - Click Menu is clicked - Pass
20-03-2018 12:13 INFO  - Selecting Brand Category from pancake is clicked - Pass
20-03-2018 12:13 INFO  - Selecting Brand Sub category is clicked - Pass
20-03-2018 12:13 INFO  - Brands page is displayed - Pass
20-03-2018 12:13 INFO  - http://m.lordandtaylor.com/ is opened - Pass
20-03-2018 12:13 INFO  - Wait to get site Loaded is displayed - Pass
20-03-2018 12:13 INFO  - Click Menu is clicked - Pass
20-03-2018 12:13 ERROR - WebDriverException
org.openqa.selenium.WebDriverException: unknown error: Element is not clickable at point (-8, 587)
  (Session info: chrome=64.0.3282.186)
  (Driver info: chromedriver=2.33.506120 (e3e53437346286c0bc2d2dc9aa4915ba81d9023f),platform=Windows NT 10.0.16299 x86_64) (WARNING: The server did not provide any stacktrace information)
Command duration or timeout: 32 milliseconds
Build info: version: '3.2.0', revision: '8c03df6b79', time: '2017-02-23 10:51:31 +0000'
System info: host: 'DESKTOP-AQOISD1', ip: '192.168.234.84', os.name: 'Windows 10', os.arch: 'amd64', os.version: '10.0', java.version: '1.8.0_112'
Driver info: org.openqa.selenium.chrome.ChromeDriver
Capabilities [{applicationCacheEnabled=false, rotatable=false, mobileEmulationEnabled=false, networkConnectionEnabled=false, chrome={chromedriverVersion=2.33.506120 (e3e53437346286c0bc2d2dc9aa4915ba81d9023f), userDataDir=C:\Users\arunraj.n\AppData\Local\Temp\scoped_dir4752_23130}, takesHeapSnapshot=true, pageLoadStrategy=normal, databaseEnabled=false, handlesAlerts=true, hasTouchScreen=false, version=64.0.3282.186, platform=XP, browserConnectionEnabled=false, nativeEvents=true, acceptSslCerts=true, locationContextEnabled=true, webStorageEnabled=true, browserName=chrome, takesScreenshot=true, javascriptEnabled=true, cssSelectorsEnabled=true, setWindowRect=true, unexpectedAlertBehaviour=}]
Session ID: 55609e19a357596cc84e8ce1cff43f3d
	at sun.reflect.NativeConstructorAccessorImpl.newInstance0(Native Method)
	at sun.reflect.NativeConstructorAccessorImpl.newInstance(Unknown Source)
	at sun.reflect.DelegatingConstructorAccessorImpl.newInstance(Unknown Source)
	at java.lang.reflect.Constructor.newInstance(Unknown Source)
	at org.openqa.selenium.remote.ErrorHandler.createThrowable(ErrorHandler.java:216)
	at org.openqa.selenium.remote.ErrorHandler.throwIfResponseFailed(ErrorHandler.java:168)
	at org.openqa.selenium.remote.RemoteWebDriver.execute(RemoteWebDriver.java:638)
	at org.openqa.selenium.remote.RemoteWebElement.execute(RemoteWebElement.java:274)
	at org.openqa.selenium.remote.RemoteWebElement.click(RemoteWebElement.java:84)
	at com.skava.framework.action.SeleniumActionEngine.clickElement(SeleniumActionEngine.java:103)
	at com.skava.reusable.components.HomePageComponents.navBrandCategory(HomePageComponents.java:41)
	at com.skava.testcases.LT_1015_Brand_Landing_Page_to_PLP_Validation.LT_1015_Brand_Landing_Page_to_PLP_Validation(LT_1015_Brand_Landing_Page_to_PLP_Validation.java:27)
	at sun.reflect.NativeMethodAccessorImpl.invoke0(Native Method)
	at sun.reflect.NativeMethodAccessorImpl.invoke(Unknown Source)
	at sun.reflect.DelegatingMethodAccessorImpl.invoke(Unknown Source)
	at java.lang.reflect.Method.invoke(Unknown Source)
	at org.testng.internal.MethodInvocationHelper.invokeMethod(MethodInvocationHelper.java:108)
	at org.testng.internal.Invoker.invokeMethod(Invoker.java:669)
	at org.testng.internal.Invoker.invokeTestMethod(Invoker.java:877)
	at org.testng.internal.Invoker.invokeTestMethods(Invoker.java:1201)
	at org.testng.internal.TestMethodWorker.invokeTestMethods(TestMethodWorker.java:125)
	at org.testng.internal.TestMethodWorker.run(TestMethodWorker.java:109)
	at java.util.concurrent.ThreadPoolExecutor.runWorker(Unknown Source)
	at java.util.concurrent.ThreadPoolExecutor$Worker.run(Unknown Source)
	at java.lang.Thread.run(Unknown Source)
20-03-2018 12:13 ERROR - Selecting Brand Category from pancakeis not present - failed
20-03-2018 12:13 INFO  - http://m.lordandtaylor.com/ is opened - Pass
20-03-2018 12:13 INFO  - Click Search is clicked - Pass
20-03-2018 12:13 INFO  - Shirts is entered in Search - Pass
20-03-2018 12:13 INFO  - http://m.lordandtaylor.com/ is opened - Pass
20-03-2018 12:13 INFO  - Click Search is clicked - Pass
20-03-2018 12:13 INFO  - Shirts is entered in Search - Pass
20-03-2018 12:13 INFO  - search/PLP page is displayed - Pass
20-03-2018 12:13 INFO  - Search Count is displayed - Pass
20-03-2018 12:13 INFO  - Product List Page is displayed - Pass
20-03-2018 12:13 INFO  - Product Image is displayed - Pass
20-03-2018 12:13 INFO  - Product NameList is displayed - Pass
20-03-2018 12:13 INFO  - Product Description is displayed - Pass
20-03-2018 12:13 INFO  - Product Price is displayed - Pass
20-03-2018 12:13 INFO  - search/PLP page is displayed - Pass
20-03-2018 12:13 INFO  - Search Count is displayed - Pass
20-03-2018 12:13 INFO  - Products displayed in PLP Page is displayed - Pass
20-03-2018 12:13 INFO  - Back To Top is displayed - Pass
20-03-2018 12:13 INFO  - Back To Top is clicked - Pass
20-03-2018 12:13 INFO  - Wait is displayed - Pass
20-03-2018 12:14 ERROR - TimeoutException
org.openqa.selenium.TimeoutException: Expected condition failed: waiting for visibility of element located by By.xpath: //*[@class='sk_mobCategoryItem sk_BRANDS BY CATEGORY'] (tried for 20 second(s) with 500 MILLISECONDS interval)
Build info: version: '3.2.0', revision: '8c03df6b79', time: '2017-02-23 10:51:31 +0000'
System info: host: 'DESKTOP-AQOISD1', ip: '192.168.234.84', os.name: 'Windows 10', os.arch: 'amd64', os.version: '10.0', java.version: '1.8.0_112'
Driver info: org.openqa.selenium.chrome.ChromeDriver
Capabilities [{applicationCacheEnabled=false, rotatable=false, mobileEmulationEnabled=false, networkConnectionEnabled=false, chrome={chromedriverVersion=2.33.506120 (e3e53437346286c0bc2d2dc9aa4915ba81d9023f), userDataDir=C:\Users\arunraj.n\AppData\Local\Temp\scoped_dir4752_23130}, takesHeapSnapshot=true, pageLoadStrategy=normal, databaseEnabled=false, handlesAlerts=true, hasTouchScreen=false, version=64.0.3282.186, platform=XP, browserConnectionEnabled=false, nativeEvents=true, acceptSslCerts=true, locationContextEnabled=true, webStorageEnabled=true, browserName=chrome, takesScreenshot=true, javascriptEnabled=true, cssSelectorsEnabled=true, setWindowRect=true, unexpectedAlertBehaviour=}]
Session ID: 55609e19a357596cc84e8ce1cff43f3d
	at org.openqa.selenium.support.ui.WebDriverWait.timeoutException(WebDriverWait.java:82)
	at org.openqa.selenium.support.ui.FluentWait.until(FluentWait.java:231)
	at com.skava.framework.action.SeleniumActionEngine.explicitWaitforVisibility(SeleniumActionEngine.java:183)
	at com.skava.framework.action.SeleniumActionEngine.clickElement(SeleniumActionEngine.java:100)
	at com.skava.reusable.components.HomePageComponents.navBrandCategory(HomePageComponents.java:43)
	at com.skava.testcases.LT_1015_Brand_Landing_Page_to_PLP_Validation.LT_1015_Brand_Landing_Page_to_PLP_Validation(LT_1015_Brand_Landing_Page_to_PLP_Validation.java:27)
	at sun.reflect.NativeMethodAccessorImpl.invoke0(Native Method)
	at sun.reflect.NativeMethodAccessorImpl.invoke(Unknown Source)
	at sun.reflect.DelegatingMethodAccessorImpl.invoke(Unknown Source)
	at java.lang.reflect.Method.invoke(Unknown Source)
	at org.testng.internal.MethodInvocationHelper.invokeMethod(MethodInvocationHelper.java:108)
	at org.testng.internal.Invoker.invokeMethod(Invoker.java:669)
	at org.testng.internal.Invoker.invokeTestMethod(Invoker.java:877)
	at org.testng.internal.Invoker.invokeTestMethods(Invoker.java:1201)
	at org.testng.internal.TestMethodWorker.invokeTestMethods(TestMethodWorker.java:125)
	at org.testng.internal.TestMethodWorker.run(TestMethodWorker.java:109)
	at java.util.concurrent.ThreadPoolExecutor.runWorker(Unknown Source)
	at java.util.concurrent.ThreadPoolExecutor$Worker.run(Unknown Source)
	at java.lang.Thread.run(Unknown Source)
20-03-2018 12:14 ERROR - Selecting Brand Sub category is not present - failed
20-03-2018 12:14 INFO  - http://m.lordandtaylor.com/ is opened - Pass
20-03-2018 12:14 INFO  - Wait to get site Loaded is displayed - Pass
20-03-2018 12:14 INFO  - Click Menu is clicked - Pass
20-03-2018 12:14 INFO  - scrolled to Menu scroll - Pass
20-03-2018 12:14 INFO  - Menu Clicked is clicked - Pass
20-03-2018 12:14 INFO  - scrolled to Menu sub scroll - Pass
20-03-2018 12:14 ERROR - WebDriverException
org.openqa.selenium.WebDriverException: unknown error: Element <div class="sk_mobCategoryItemTxt">...</div> is not clickable at point (90, 69). Other element would receive the click: <a title="SHOP BY OCCASION" class="sk_mobCategoryItemCont" id="sk_mobCategoryItemCont_id_1_1_1" data-role="none" type="" link="" identifier="" categorytype="undefined" imageurl="">...</a>
  (Session info: chrome=64.0.3282.186)
  (Driver info: chromedriver=2.33.506120 (e3e53437346286c0bc2d2dc9aa4915ba81d9023f),platform=Windows NT 10.0.16299 x86_64) (WARNING: The server did not provide any stacktrace information)
Command duration or timeout: 41 milliseconds
Build info: version: '3.2.0', revision: '8c03df6b79', time: '2017-02-23 10:51:31 +0000'
System info: host: 'DESKTOP-AQOISD1', ip: '192.168.234.84', os.name: 'Windows 10', os.arch: 'amd64', os.version: '10.0', java.version: '1.8.0_112'
Driver info: org.openqa.selenium.chrome.ChromeDriver
Capabilities [{applicationCacheEnabled=false, rotatable=false, mobileEmulationEnabled=false, networkConnectionEnabled=false, chrome={chromedriverVersion=2.33.506120 (e3e53437346286c0bc2d2dc9aa4915ba81d9023f), userDataDir=C:\Users\arunraj.n\AppData\Local\Temp\scoped_dir12212_10362}, takesHeapSnapshot=true, pageLoadStrategy=normal, databaseEnabled=false, handlesAlerts=true, hasTouchScreen=false, version=64.0.3282.186, platform=XP, browserConnectionEnabled=false, nativeEvents=true, acceptSslCerts=true, locationContextEnabled=true, webStorageEnabled=true, browserName=chrome, takesScreenshot=true, javascriptEnabled=true, cssSelectorsEnabled=true, setWindowRect=true, unexpectedAlertBehaviour=}]
Session ID: 0643588e902af5b1173b32b1360c677c
	at sun.reflect.NativeConstructorAccessorImpl.newInstance0(Native Method)
	at sun.reflect.NativeConstructorAccessorImpl.newInstance(Unknown Source)
	at sun.reflect.DelegatingConstructorAccessorImpl.newInstance(Unknown Source)
	at java.lang.reflect.Constructor.newInstance(Unknown Source)
	at org.openqa.selenium.remote.ErrorHandler.createThrowable(ErrorHandler.java:216)
	at org.openqa.selenium.remote.ErrorHandler.throwIfResponseFailed(ErrorHandler.java:168)
	at org.openqa.selenium.remote.RemoteWebDriver.execute(RemoteWebDriver.java:638)
	at org.openqa.selenium.remote.RemoteWebElement.execute(RemoteWebElement.java:274)
	at org.openqa.selenium.remote.RemoteWebElement.click(RemoteWebElement.java:84)
	at com.skava.framework.action.SeleniumActionEngine.clickElement(SeleniumActionEngine.java:103)
	at com.skava.reusable.components.HomePageComponents.menuCategoryValidation(HomePageComponents.java:137)
	at com.skava.testcases.LT_336_BreadCrumb_Validation.LT_336_BreadCrumb_Validation(LT_336_BreadCrumb_Validation.java:27)
	at sun.reflect.NativeMethodAccessorImpl.invoke0(Native Method)
	at sun.reflect.NativeMethodAccessorImpl.invoke(Unknown Source)
	at sun.reflect.DelegatingMethodAccessorImpl.invoke(Unknown Source)
	at java.lang.reflect.Method.invoke(Unknown Source)
	at org.testng.internal.MethodInvocationHelper.invokeMethod(MethodInvocationHelper.java:108)
	at org.testng.internal.Invoker.invokeMethod(Invoker.java:669)
	at org.testng.internal.Invoker.invokeTestMethod(Invoker.java:877)
	at org.testng.internal.Invoker.invokeTestMethods(Invoker.java:1201)
	at org.testng.internal.TestMethodWorker.invokeTestMethods(TestMethodWorker.java:125)
	at org.testng.internal.TestMethodWorker.run(TestMethodWorker.java:109)
	at java.util.concurrent.ThreadPoolExecutor.runWorker(Unknown Source)
	at java.util.concurrent.ThreadPoolExecutor$Worker.run(Unknown Source)
	at java.lang.Thread.run(Unknown Source)
20-03-2018 12:14 ERROR - Sub Menu Clickedis not present - failed
20-03-2018 12:14 INFO  - http://m.lordandtaylor.com/ is opened - Pass
20-03-2018 12:14 INFO  - Click Search is clicked - Pass
20-03-2018 12:14 INFO  - lipstick is entered in Search - Pass
20-03-2018 12:14 ERROR - TimeoutException
org.openqa.selenium.TimeoutException: Expected condition failed: waiting for visibility of element located by By.xpath: //*[@id='sk_mobCategory_id']/div[1]/div[2]/div[2]/div/div[1]/a/div/div[4] (tried for 10 second(s) with 500 MILLISECONDS interval)
Build info: version: '3.2.0', revision: '8c03df6b79', time: '2017-02-23 10:51:31 +0000'
System info: host: 'DESKTOP-AQOISD1', ip: '192.168.234.84', os.name: 'Windows 10', os.arch: 'amd64', os.version: '10.0', java.version: '1.8.0_112'
Driver info: org.openqa.selenium.chrome.ChromeDriver
Capabilities [{applicationCacheEnabled=false, rotatable=false, mobileEmulationEnabled=false, networkConnectionEnabled=false, chrome={chromedriverVersion=2.33.506120 (e3e53437346286c0bc2d2dc9aa4915ba81d9023f), userDataDir=C:\Users\arunraj.n\AppData\Local\Temp\scoped_dir12212_10362}, takesHeapSnapshot=true, pageLoadStrategy=normal, databaseEnabled=false, handlesAlerts=true, hasTouchScreen=false, version=64.0.3282.186, platform=XP, browserConnectionEnabled=false, nativeEvents=true, acceptSslCerts=true, locationContextEnabled=true, webStorageEnabled=true, browserName=chrome, takesScreenshot=true, javascriptEnabled=true, cssSelectorsEnabled=true, setWindowRect=true, unexpectedAlertBehaviour=}]
Session ID: 0643588e902af5b1173b32b1360c677c
	at org.openqa.selenium.support.ui.WebDriverWait.timeoutException(WebDriverWait.java:82)
	at org.openqa.selenium.support.ui.FluentWait.until(FluentWait.java:231)
	at com.skava.framework.action.SeleniumActionEngine.explicitWaitforVisibility(SeleniumActionEngine.java:183)
	at com.skava.framework.action.SeleniumActionEngine.scrollToElement(SeleniumActionEngine.java:433)
	at com.skava.reusable.components.HomePageComponents.menuCategoryValidation(HomePageComponents.java:138)
	at com.skava.testcases.LT_336_BreadCrumb_Validation.LT_336_BreadCrumb_Validation(LT_336_BreadCrumb_Validation.java:27)
	at sun.reflect.NativeMethodAccessorImpl.invoke0(Native Method)
	at sun.reflect.NativeMethodAccessorImpl.invoke(Unknown Source)
	at sun.reflect.DelegatingMethodAccessorImpl.invoke(Unknown Source)
	at java.lang.reflect.Method.invoke(Unknown Source)
	at org.testng.internal.MethodInvocationHelper.invokeMethod(MethodInvocationHelper.java:108)
	at org.testng.internal.Invoker.invokeMethod(Invoker.java:669)
	at org.testng.internal.Invoker.invokeTestMethod(Invoker.java:877)
	at org.testng.internal.Invoker.invokeTestMethods(Invoker.java:1201)
	at org.testng.internal.TestMethodWorker.invokeTestMethods(TestMethodWorker.java:125)
	at org.testng.internal.TestMethodWorker.run(TestMethodWorker.java:109)
	at java.util.concurrent.ThreadPoolExecutor.runWorker(Unknown Source)
	at java.util.concurrent.ThreadPoolExecutor$Worker.run(Unknown Source)
	at java.lang.Thread.run(Unknown Source)
20-03-2018 12:14 ERROR - Menu sub cat scroll is not present - failed
20-03-2018 12:14 ERROR - TimeoutException
org.openqa.selenium.TimeoutException: Expected condition failed: waiting for visibility of element located by By.xpath: //*[@class='sk_mobCategoryItem sk_BRANDS BY CATEGORY']//*[@class='sk_mobSubCategory']//*[@id='sk_mobCategoryItem_id_2_2'] (tried for 20 second(s) with 500 MILLISECONDS interval)
Build info: version: '3.2.0', revision: '8c03df6b79', time: '2017-02-23 10:51:31 +0000'
System info: host: 'DESKTOP-AQOISD1', ip: '192.168.234.84', os.name: 'Windows 10', os.arch: 'amd64', os.version: '10.0', java.version: '1.8.0_112'
Driver info: org.openqa.selenium.chrome.ChromeDriver
Capabilities [{applicationCacheEnabled=false, rotatable=false, mobileEmulationEnabled=false, networkConnectionEnabled=false, chrome={chromedriverVersion=2.33.506120 (e3e53437346286c0bc2d2dc9aa4915ba81d9023f), userDataDir=C:\Users\arunraj.n\AppData\Local\Temp\scoped_dir4752_23130}, takesHeapSnapshot=true, pageLoadStrategy=normal, databaseEnabled=false, handlesAlerts=true, hasTouchScreen=false, version=64.0.3282.186, platform=XP, browserConnectionEnabled=false, nativeEvents=true, acceptSslCerts=true, locationContextEnabled=true, webStorageEnabled=true, browserName=chrome, takesScreenshot=true, javascriptEnabled=true, cssSelectorsEnabled=true, setWindowRect=true, unexpectedAlertBehaviour=}]
Session ID: 55609e19a357596cc84e8ce1cff43f3d
	at org.openqa.selenium.support.ui.WebDriverWait.timeoutException(WebDriverWait.java:82)
	at org.openqa.selenium.support.ui.FluentWait.until(FluentWait.java:231)
	at com.skava.framework.action.SeleniumActionEngine.explicitWaitforVisibility(SeleniumActionEngine.java:183)
	at com.skava.framework.action.SeleniumActionEngine.clickRandomElement(SeleniumActionEngine.java:504)
	at com.skava.reusable.components.HomePageComponents.navBrandCategory(HomePageComponents.java:45)
	at com.skava.testcases.LT_1015_Brand_Landing_Page_to_PLP_Validation.LT_1015_Brand_Landing_Page_to_PLP_Validation(LT_1015_Brand_Landing_Page_to_PLP_Validation.java:27)
	at sun.reflect.NativeMethodAccessorImpl.invoke0(Native Method)
	at sun.reflect.NativeMethodAccessorImpl.invoke(Unknown Source)
	at sun.reflect.DelegatingMethodAccessorImpl.invoke(Unknown Source)
	at java.lang.reflect.Method.invoke(Unknown Source)
	at org.testng.internal.MethodInvocationHelper.invokeMethod(MethodInvocationHelper.java:108)
	at org.testng.internal.Invoker.invokeMethod(Invoker.java:669)
	at org.testng.internal.Invoker.invokeTestMethod(Invoker.java:877)
	at org.testng.internal.Invoker.invokeTestMethods(Invoker.java:1201)
	at org.testng.internal.TestMethodWorker.invokeTestMethods(TestMethodWorker.java:125)
	at org.testng.internal.TestMethodWorker.run(TestMethodWorker.java:109)
	at java.util.concurrent.ThreadPoolExecutor.runWorker(Unknown Source)
	at java.util.concurrent.ThreadPoolExecutor$Worker.run(Unknown Source)
	at java.lang.Thread.run(Unknown Source)
20-03-2018 12:14 ERROR - Brand Category Clicked is not present - failed
20-03-2018 12:14 INFO  - search/PLP page is displayed - Pass
20-03-2018 12:14 INFO  - Search Count is displayed - Pass
20-03-2018 12:14 INFO  - Sorting Clicked is clicked - Pass
20-03-2018 12:14 INFO  - Refine is displayed - Pass
20-03-2018 12:14 ERROR - TimeoutException
org.openqa.selenium.TimeoutException: Expected condition failed: waiting for visibility of element located by By.xpath: //*[@id='sk_mobCategory_id']/div[1]/div[2]/div[2]/div/div[1]/a/div/div[4] (tried for 20 second(s) with 500 MILLISECONDS interval)
Build info: version: '3.2.0', revision: '8c03df6b79', time: '2017-02-23 10:51:31 +0000'
System info: host: 'DESKTOP-AQOISD1', ip: '192.168.234.84', os.name: 'Windows 10', os.arch: 'amd64', os.version: '10.0', java.version: '1.8.0_112'
Driver info: org.openqa.selenium.chrome.ChromeDriver
Capabilities [{applicationCacheEnabled=false, rotatable=false, mobileEmulationEnabled=false, networkConnectionEnabled=false, chrome={chromedriverVersion=2.33.506120 (e3e53437346286c0bc2d2dc9aa4915ba81d9023f), userDataDir=C:\Users\arunraj.n\AppData\Local\Temp\scoped_dir12212_10362}, takesHeapSnapshot=true, pageLoadStrategy=normal, databaseEnabled=false, handlesAlerts=true, hasTouchScreen=false, version=64.0.3282.186, platform=XP, browserConnectionEnabled=false, nativeEvents=true, acceptSslCerts=true, locationContextEnabled=true, webStorageEnabled=true, browserName=chrome, takesScreenshot=true, javascriptEnabled=true, cssSelectorsEnabled=true, setWindowRect=true, unexpectedAlertBehaviour=}]
Session ID: 0643588e902af5b1173b32b1360c677c
	at org.openqa.selenium.support.ui.WebDriverWait.timeoutException(WebDriverWait.java:82)
	at org.openqa.selenium.support.ui.FluentWait.until(FluentWait.java:231)
	at com.skava.framework.action.SeleniumActionEngine.explicitWaitforVisibility(SeleniumActionEngine.java:183)
	at com.skava.framework.action.SeleniumActionEngine.clickElement(SeleniumActionEngine.java:100)
	at com.skava.reusable.components.HomePageComponents.menuCategoryValidation(HomePageComponents.java:139)
	at com.skava.testcases.LT_336_BreadCrumb_Validation.LT_336_BreadCrumb_Validation(LT_336_BreadCrumb_Validation.java:27)
	at sun.reflect.NativeMethodAccessorImpl.invoke0(Native Method)
	at sun.reflect.NativeMethodAccessorImpl.invoke(Unknown Source)
	at sun.reflect.DelegatingMethodAccessorImpl.invoke(Unknown Source)
	at java.lang.reflect.Method.invoke(Unknown Source)
	at org.testng.internal.MethodInvocationHelper.invokeMethod(MethodInvocationHelper.java:108)
	at org.testng.internal.Invoker.invokeMethod(Invoker.java:669)
	at org.testng.internal.Invoker.invokeTestMethod(Invoker.java:877)
	at org.testng.internal.Invoker.invokeTestMethods(Invoker.java:1201)
	at org.testng.internal.TestMethodWorker.invokeTestMethods(TestMethodWorker.java:125)
	at org.testng.internal.TestMethodWorker.run(TestMethodWorker.java:109)
	at java.util.concurrent.ThreadPoolExecutor.runWorker(Unknown Source)
	at java.util.concurrent.ThreadPoolExecutor$Worker.run(Unknown Source)
	at java.lang.Thread.run(Unknown Source)
20-03-2018 12:14 ERROR - Sub Menu2 Clicked is not present - failed
20-03-2018 12:14 INFO  - http://m.lordandtaylor.com/ is opened - Pass
20-03-2018 12:14 INFO  - Click Search is clicked - Pass
20-03-2018 12:14 INFO  - Shoes is entered in Search - Pass
20-03-2018 12:14 ERROR - TimeoutException
org.openqa.selenium.TimeoutException: Expected condition failed: waiting for visibility of element located by By.xpath: //*[@class='sk_brandsLinksMainCont'] (tried for 30 second(s) with 500 MILLISECONDS interval)
	at org.openqa.selenium.support.ui.WebDriverWait.timeoutException(WebDriverWait.java:82)
	at org.openqa.selenium.support.ui.FluentWait.until(FluentWait.java:231)
	at com.skava.framework.action.SeleniumActionEngine.explicitWaitforVisibility(SeleniumActionEngine.java:183)
	at com.skava.framework.action.SeleniumActionEngine.isElementDisplayed(SeleniumActionEngine.java:201)
	at com.skava.reusable.components.HomePageComponents.navBrandCategory(HomePageComponents.java:47)
	at com.skava.testcases.LT_1015_Brand_Landing_Page_to_PLP_Validation.LT_1015_Brand_Landing_Page_to_PLP_Validation(LT_1015_Brand_Landing_Page_to_PLP_Validation.java:27)
	at sun.reflect.NativeMethodAccessorImpl.invoke0(Native Method)
	at sun.reflect.NativeMethodAccessorImpl.invoke(Unknown Source)
	at sun.reflect.DelegatingMethodAccessorImpl.invoke(Unknown Source)
	at java.lang.reflect.Method.invoke(Unknown Source)
	at org.testng.internal.MethodInvocationHelper.invokeMethod(MethodInvocationHelper.java:108)
	at org.testng.internal.Invoker.invokeMethod(Invoker.java:669)
	at org.testng.internal.Invoker.invokeTestMethod(Invoker.java:877)
	at org.testng.internal.Invoker.invokeTestMethods(Invoker.java:1201)
	at org.testng.internal.TestMethodWorker.invokeTestMethods(TestMethodWorker.java:125)
	at org.testng.internal.TestMethodWorker.run(TestMethodWorker.java:109)
	at java.util.concurrent.ThreadPoolExecutor.runWorker(Unknown Source)
	at java.util.concurrent.ThreadPoolExecutor$Worker.run(Unknown Source)
	at java.lang.Thread.run(Unknown Source)
Caused by: org.openqa.selenium.NoSuchElementException: Cannot locate an element using By.xpath: //*[@class='sk_brandsLinksMainCont']
For documentation on this error, please visit: http://seleniumhq.org/exceptions/no_such_element.html
Build info: version: '3.2.0', revision: '8c03df6b79', time: '2017-02-23 10:51:31 +0000'
System info: host: 'DESKTOP-AQOISD1', ip: '192.168.234.84', os.name: 'Windows 10', os.arch: 'amd64', os.version: '10.0', java.version: '1.8.0_112'
Driver info: driver.version: unknown
	at org.openqa.selenium.support.ui.ExpectedConditions.lambda$findElement$0(ExpectedConditions.java:882)
	at java.util.Optional.orElseThrow(Unknown Source)
	at org.openqa.selenium.support.ui.ExpectedConditions.findElement(ExpectedConditions.java:881)
	at org.openqa.selenium.support.ui.ExpectedConditions.access$000(ExpectedConditions.java:43)
	at org.openqa.selenium.support.ui.ExpectedConditions$7.apply(ExpectedConditions.java:205)
	at org.openqa.selenium.support.ui.ExpectedConditions$7.apply(ExpectedConditions.java:201)
	at org.openqa.selenium.support.ui.FluentWait.until(FluentWait.java:208)
	... 17 more
20-03-2018 12:14 ERROR - Brands page is not present - failed
20-03-2018 12:14 INFO  - search/PLP page is displayed - Pass
20-03-2018 12:14 INFO  - Search Count is displayed - Pass
20-03-2018 12:14 INFO  - Wait Bag Qty is displayed - Pass
20-03-2018 12:15 ERROR - TimeoutException
org.openqa.selenium.TimeoutException: Expected condition failed: waiting for visibility of element located by By.id: skMob_breadCrumbContainer_id (tried for 30 second(s) with 500 MILLISECONDS interval)
	at org.openqa.selenium.support.ui.WebDriverWait.timeoutException(WebDriverWait.java:82)
	at org.openqa.selenium.support.ui.FluentWait.until(FluentWait.java:231)
	at com.skava.framework.action.SeleniumActionEngine.explicitWaitforVisibility(SeleniumActionEngine.java:183)
	at com.skava.framework.action.SeleniumActionEngine.isElementDisplayed(SeleniumActionEngine.java:201)
	at com.skava.reusable.components.PLPandPDPComponents.breadcrumbValidation(PLPandPDPComponents.java:19)
	at com.skava.testcases.LT_336_BreadCrumb_Validation.LT_336_BreadCrumb_Validation(LT_336_BreadCrumb_Validation.java:28)
	at sun.reflect.NativeMethodAccessorImpl.invoke0(Native Method)
	at sun.reflect.NativeMethodAccessorImpl.invoke(Unknown Source)
	at sun.reflect.DelegatingMethodAccessorImpl.invoke(Unknown Source)
	at java.lang.reflect.Method.invoke(Unknown Source)
	at org.testng.internal.MethodInvocationHelper.invokeMethod(MethodInvocationHelper.java:108)
	at org.testng.internal.Invoker.invokeMethod(Invoker.java:669)
	at org.testng.internal.Invoker.invokeTestMethod(Invoker.java:877)
	at org.testng.internal.Invoker.invokeTestMethods(Invoker.java:1201)
	at org.testng.internal.TestMethodWorker.invokeTestMethods(TestMethodWorker.java:125)
	at org.testng.internal.TestMethodWorker.run(TestMethodWorker.java:109)
	at java.util.concurrent.ThreadPoolExecutor.runWorker(Unknown Source)
	at java.util.concurrent.ThreadPoolExecutor$Worker.run(Unknown Source)
	at java.lang.Thread.run(Unknown Source)
Caused by: org.openqa.selenium.NoSuchElementException: Cannot locate an element using By.id: skMob_breadCrumbContainer_id
For documentation on this error, please visit: http://seleniumhq.org/exceptions/no_such_element.html
Build info: version: '3.2.0', revision: '8c03df6b79', time: '2017-02-23 10:51:31 +0000'
System info: host: 'DESKTOP-AQOISD1', ip: '192.168.234.84', os.name: 'Windows 10', os.arch: 'amd64', os.version: '10.0', java.version: '1.8.0_112'
Driver info: driver.version: unknown
	at org.openqa.selenium.support.ui.ExpectedConditions.lambda$findElement$0(ExpectedConditions.java:882)
	at java.util.Optional.orElseThrow(Unknown Source)
	at org.openqa.selenium.support.ui.ExpectedConditions.findElement(ExpectedConditions.java:881)
	at org.openqa.selenium.support.ui.ExpectedConditions.access$000(ExpectedConditions.java:43)
	at org.openqa.selenium.support.ui.ExpectedConditions$7.apply(ExpectedConditions.java:205)
	at org.openqa.selenium.support.ui.ExpectedConditions$7.apply(ExpectedConditions.java:201)
	at org.openqa.selenium.support.ui.FluentWait.until(FluentWait.java:208)
	... 17 more
20-03-2018 12:15 ERROR - Bread Crumb is not present - failed
20-03-2018 12:15 ERROR - TimeoutException
org.openqa.selenium.TimeoutException: Expected condition failed: waiting for visibility of element located by By.id: pdpAddtoBagBtn (tried for 5 second(s) with 500 MILLISECONDS interval)
	at org.openqa.selenium.support.ui.WebDriverWait.timeoutException(WebDriverWait.java:82)
	at org.openqa.selenium.support.ui.FluentWait.until(FluentWait.java:231)
	at com.skava.framework.action.SeleniumActionEngine.explicitWaitforVisibility(SeleniumActionEngine.java:183)
	at com.skava.reusable.components.PLPandPDPComponents.sort_ApplyFilter(PLPandPDPComponents.java:608)
	at com.skava.testcases.LT_383_Sort_ApplyFilter.LT_383_Sort_ApplyFilter(LT_383_Sort_ApplyFilter.java:27)
	at sun.reflect.NativeMethodAccessorImpl.invoke0(Native Method)
	at sun.reflect.NativeMethodAccessorImpl.invoke(Unknown Source)
	at sun.reflect.DelegatingMethodAccessorImpl.invoke(Unknown Source)
	at java.lang.reflect.Method.invoke(Unknown Source)
	at org.testng.internal.MethodInvocationHelper.invokeMethod(MethodInvocationHelper.java:108)
	at org.testng.internal.Invoker.invokeMethod(Invoker.java:669)
	at org.testng.internal.Invoker.invokeTestMethod(Invoker.java:877)
	at org.testng.internal.Invoker.invokeTestMethods(Invoker.java:1201)
	at org.testng.internal.TestMethodWorker.invokeTestMethods(TestMethodWorker.java:125)
	at org.testng.internal.TestMethodWorker.run(TestMethodWorker.java:109)
	at java.util.concurrent.ThreadPoolExecutor.runWorker(Unknown Source)
	at java.util.concurrent.ThreadPoolExecutor$Worker.run(Unknown Source)
	at java.lang.Thread.run(Unknown Source)
Caused by: org.openqa.selenium.NoSuchElementException: Cannot locate an element using By.id: pdpAddtoBagBtn
For documentation on this error, please visit: http://seleniumhq.org/exceptions/no_such_element.html
Build info: version: '3.2.0', revision: '8c03df6b79', time: '2017-02-23 10:51:31 +0000'
System info: host: 'DESKTOP-AQOISD1', ip: '192.168.234.84', os.name: 'Windows 10', os.arch: 'amd64', os.version: '10.0', java.version: '1.8.0_112'
Driver info: driver.version: unknown
	at org.openqa.selenium.support.ui.ExpectedConditions.lambda$findElement$0(ExpectedConditions.java:882)
	at java.util.Optional.orElseThrow(Unknown Source)
	at org.openqa.selenium.support.ui.ExpectedConditions.findElement(ExpectedConditions.java:881)
	at org.openqa.selenium.support.ui.ExpectedConditions.access$000(ExpectedConditions.java:43)
	at org.openqa.selenium.support.ui.ExpectedConditions$7.apply(ExpectedConditions.java:205)
	at org.openqa.selenium.support.ui.ExpectedConditions$7.apply(ExpectedConditions.java:201)
	at org.openqa.selenium.support.ui.FluentWait.until(FluentWait.java:208)
	... 16 more
20-03-2018 12:15 ERROR - Wait is not present - failed
20-03-2018 12:15 INFO  -  Sort and filter button click is clicked - Pass
20-03-2018 12:15 INFO  - Wait Bag Qty is displayed - Pass
20-03-2018 12:15 INFO  - Apply button is displayed on selecting the category is displayed - Pass
20-03-2018 12:15 INFO  - scrolled to Scroll to apply - Pass
20-03-2018 12:15 INFO  - http://m.lordandtaylor.com/ is opened - Pass
20-03-2018 12:15 INFO  - Click apply button is clicked - Pass
20-03-2018 12:15 INFO  - Click Search is clicked - Pass
20-03-2018 12:15 INFO  - Shirts is entered in Search - Pass
20-03-2018 12:15 INFO  - search/PLP page is displayed - Pass
20-03-2018 12:15 INFO  - Search Count is displayed - Pass
20-03-2018 12:15 INFO  - Product List Page is displayed - Pass
20-03-2018 12:15 INFO  - Product Image is displayed - Pass
20-03-2018 12:15 INFO  - Product NameList is displayed - Pass
20-03-2018 12:15 INFO  - Product Description is displayed - Pass
20-03-2018 12:15 INFO  - Product Price is displayed - Pass
20-03-2018 12:15 INFO  - Wait Bag Qty is displayed - Pass
20-03-2018 12:15 INFO  -  Sort and filter button click is clicked - Pass
20-03-2018 12:15 INFO  - Wait Bag Qty is displayed - Pass
20-03-2018 12:15 INFO  - http://m.lordandtaylor.com/ is opened - Pass
20-03-2018 12:15 INFO  - Click Search is clicked - Pass
20-03-2018 12:15 INFO  - Shirts is entered in Search - Pass
20-03-2018 12:15 ERROR - TimeoutException
org.openqa.selenium.TimeoutException: Expected condition failed: waiting for visibility of element located by By.id: pdpAddtoBagBtn (tried for 10 second(s) with 500 MILLISECONDS interval)
	at org.openqa.selenium.support.ui.WebDriverWait.timeoutException(WebDriverWait.java:82)
	at org.openqa.selenium.support.ui.FluentWait.until(FluentWait.java:231)
	at com.skava.framework.action.SeleniumActionEngine.explicitWaitforVisibility(SeleniumActionEngine.java:183)
	at com.skava.reusable.components.PLPandPDPComponents.sort_ApplyFilter(PLPandPDPComponents.java:642)
	at com.skava.testcases.LT_383_Sort_ApplyFilter.LT_383_Sort_ApplyFilter(LT_383_Sort_ApplyFilter.java:27)
	at sun.reflect.NativeMethodAccessorImpl.invoke0(Native Method)
	at sun.reflect.NativeMethodAccessorImpl.invoke(Unknown Source)
	at sun.reflect.DelegatingMethodAccessorImpl.invoke(Unknown Source)
	at java.lang.reflect.Method.invoke(Unknown Source)
	at org.testng.internal.MethodInvocationHelper.invokeMethod(MethodInvocationHelper.java:108)
	at org.testng.internal.Invoker.invokeMethod(Invoker.java:669)
	at org.testng.internal.Invoker.invokeTestMethod(Invoker.java:877)
	at org.testng.internal.Invoker.invokeTestMethods(Invoker.java:1201)
	at org.testng.internal.TestMethodWorker.invokeTestMethods(TestMethodWorker.java:125)
	at org.testng.internal.TestMethodWorker.run(TestMethodWorker.java:109)
	at java.util.concurrent.ThreadPoolExecutor.runWorker(Unknown Source)
	at java.util.concurrent.ThreadPoolExecutor$Worker.run(Unknown Source)
	at java.lang.Thread.run(Unknown Source)
Caused by: org.openqa.selenium.NoSuchElementException: Cannot locate an element using By.id: pdpAddtoBagBtn
For documentation on this error, please visit: http://seleniumhq.org/exceptions/no_such_element.html
Build info: version: '3.2.0', revision: '8c03df6b79', time: '2017-02-23 10:51:31 +0000'
System info: host: 'DESKTOP-AQOISD1', ip: '192.168.234.84', os.name: 'Windows 10', os.arch: 'amd64', os.version: '10.0', java.version: '1.8.0_112'
Driver info: driver.version: unknown
	at org.openqa.selenium.support.ui.ExpectedConditions.lambda$findElement$0(ExpectedConditions.java:882)
	at java.util.Optional.orElseThrow(Unknown Source)
	at org.openqa.selenium.support.ui.ExpectedConditions.findElement(ExpectedConditions.java:881)
	at org.openqa.selenium.support.ui.ExpectedConditions.access$000(ExpectedConditions.java:43)
	at org.openqa.selenium.support.ui.ExpectedConditions$7.apply(ExpectedConditions.java:205)
	at org.openqa.selenium.support.ui.ExpectedConditions$7.apply(ExpectedConditions.java:201)
	at org.openqa.selenium.support.ui.FluentWait.until(FluentWait.java:208)
	... 16 more
20-03-2018 12:15 ERROR - Wait is not present - failed
20-03-2018 12:15 INFO  - PLP page is displayed after sorting is displayed - Pass
20-03-2018 12:15 INFO  - PLP page is displayed after sorting is displayed - Pass
20-03-2018 12:15 INFO  - PLP page is displayed after sorting is displayed - Pass
20-03-2018 12:15 ERROR - TimeoutException
org.openqa.selenium.TimeoutException: Expected condition failed: waiting for visibility of element located by By.id: pdpAddtoBagBtn (tried for 5 second(s) with 500 MILLISECONDS interval)
	at org.openqa.selenium.support.ui.WebDriverWait.timeoutException(WebDriverWait.java:82)
	at org.openqa.selenium.support.ui.FluentWait.until(FluentWait.java:231)
	at com.skava.framework.action.SeleniumActionEngine.explicitWaitforVisibility(SeleniumActionEngine.java:183)
	at com.skava.reusable.components.PLPandPDPComponents.sort_ApplyFilter(PLPandPDPComponents.java:649)
	at com.skava.testcases.LT_383_Sort_ApplyFilter.LT_383_Sort_ApplyFilter(LT_383_Sort_ApplyFilter.java:27)
	at sun.reflect.NativeMethodAccessorImpl.invoke0(Native Method)
	at sun.reflect.NativeMethodAccessorImpl.invoke(Unknown Source)
	at sun.reflect.DelegatingMethodAccessorImpl.invoke(Unknown Source)
	at java.lang.reflect.Method.invoke(Unknown Source)
	at org.testng.internal.MethodInvocationHelper.invokeMethod(MethodInvocationHelper.java:108)
	at org.testng.internal.Invoker.invokeMethod(Invoker.java:669)
	at org.testng.internal.Invoker.invokeTestMethod(Invoker.java:877)
	at org.testng.internal.Invoker.invokeTestMethods(Invoker.java:1201)
	at org.testng.internal.TestMethodWorker.invokeTestMethods(TestMethodWorker.java:125)
	at org.testng.internal.TestMethodWorker.run(TestMethodWorker.java:109)
	at java.util.concurrent.ThreadPoolExecutor.runWorker(Unknown Source)
	at java.util.concurrent.ThreadPoolExecutor$Worker.run(Unknown Source)
	at java.lang.Thread.run(Unknown Source)
Caused by: org.openqa.selenium.NoSuchElementException: Cannot locate an element using By.id: pdpAddtoBagBtn
For documentation on this error, please visit: http://seleniumhq.org/exceptions/no_such_element.html
Build info: version: '3.2.0', revision: '8c03df6b79', time: '2017-02-23 10:51:31 +0000'
System info: host: 'DESKTOP-AQOISD1', ip: '192.168.234.84', os.name: 'Windows 10', os.arch: 'amd64', os.version: '10.0', java.version: '1.8.0_112'
Driver info: driver.version: unknown
	at org.openqa.selenium.support.ui.ExpectedConditions.lambda$findElement$0(ExpectedConditions.java:882)
	at java.util.Optional.orElseThrow(Unknown Source)
	at org.openqa.selenium.support.ui.ExpectedConditions.findElement(ExpectedConditions.java:881)
	at org.openqa.selenium.support.ui.ExpectedConditions.access$000(ExpectedConditions.java:43)
	at org.openqa.selenium.support.ui.ExpectedConditions$7.apply(ExpectedConditions.java:205)
	at org.openqa.selenium.support.ui.ExpectedConditions$7.apply(ExpectedConditions.java:201)
	at org.openqa.selenium.support.ui.FluentWait.until(FluentWait.java:208)
	... 16 more
20-03-2018 12:15 ERROR - Wait is not present - failed
20-03-2018 12:15 INFO  - search/PLP page is displayed - Pass
20-03-2018 12:15 INFO  - Search Count is displayed - Pass
20-03-2018 12:15 INFO  - PLP page is displayed after sorting is displayed - Pass
20-03-2018 12:15 INFO  - Wait Bag Qty is displayed - Pass
20-03-2018 12:15 ERROR - TimeoutException
org.openqa.selenium.TimeoutException: Expected condition failed: waiting for visibility of element located by By.id: pdpAddtoBagBtn (tried for 5 second(s) with 500 MILLISECONDS interval)
	at org.openqa.selenium.support.ui.WebDriverWait.timeoutException(WebDriverWait.java:82)
	at org.openqa.selenium.support.ui.FluentWait.until(FluentWait.java:231)
	at com.skava.framework.action.SeleniumActionEngine.explicitWaitforVisibility(SeleniumActionEngine.java:183)
	at com.skava.reusable.components.PLPandPDPComponents.sort_ApplyFilter(PLPandPDPComponents.java:608)
	at com.skava.testcases.LT_387_SortClearAll.LT_387_Sort_ClearAll(LT_387_SortClearAll.java:28)
	at sun.reflect.NativeMethodAccessorImpl.invoke0(Native Method)
	at sun.reflect.NativeMethodAccessorImpl.invoke(Unknown Source)
	at sun.reflect.DelegatingMethodAccessorImpl.invoke(Unknown Source)
	at java.lang.reflect.Method.invoke(Unknown Source)
	at org.testng.internal.MethodInvocationHelper.invokeMethod(MethodInvocationHelper.java:108)
	at org.testng.internal.Invoker.invokeMethod(Invoker.java:669)
	at org.testng.internal.Invoker.invokeTestMethod(Invoker.java:877)
	at org.testng.internal.Invoker.invokeTestMethods(Invoker.java:1201)
	at org.testng.internal.TestMethodWorker.invokeTestMethods(TestMethodWorker.java:125)
	at org.testng.internal.TestMethodWorker.run(TestMethodWorker.java:109)
	at java.util.concurrent.ThreadPoolExecutor.runWorker(Unknown Source)
	at java.util.concurrent.ThreadPoolExecutor$Worker.run(Unknown Source)
	at java.lang.Thread.run(Unknown Source)
Caused by: org.openqa.selenium.NoSuchElementException: Cannot locate an element using By.id: pdpAddtoBagBtn
For documentation on this error, please visit: http://seleniumhq.org/exceptions/no_such_element.html
Build info: version: '3.2.0', revision: '8c03df6b79', time: '2017-02-23 10:51:31 +0000'
System info: host: 'DESKTOP-AQOISD1', ip: '192.168.234.84', os.name: 'Windows 10', os.arch: 'amd64', os.version: '10.0', java.version: '1.8.0_112'
Driver info: driver.version: unknown
	at org.openqa.selenium.support.ui.ExpectedConditions.lambda$findElement$0(ExpectedConditions.java:882)
	at java.util.Optional.orElseThrow(Unknown Source)
	at org.openqa.selenium.support.ui.ExpectedConditions.findElement(ExpectedConditions.java:881)
	at org.openqa.selenium.support.ui.ExpectedConditions.access$000(ExpectedConditions.java:43)
	at org.openqa.selenium.support.ui.ExpectedConditions$7.apply(ExpectedConditions.java:205)
	at org.openqa.selenium.support.ui.ExpectedConditions$7.apply(ExpectedConditions.java:201)
	at org.openqa.selenium.support.ui.FluentWait.until(FluentWait.java:208)
	... 16 more
20-03-2018 12:15 ERROR - Wait is not present - failed
20-03-2018 12:15 INFO  -  Sort and filter button click is clicked - Pass
20-03-2018 12:15 INFO  - Wait Bag Qty is displayed - Pass
20-03-2018 12:15 INFO  - Apply button is displayed on selecting the category is displayed - Pass
20-03-2018 12:15 INFO  - scrolled to Scroll to apply - Pass
20-03-2018 12:15 INFO  - Click apply button is clicked - Pass
20-03-2018 12:15 INFO  - http://m.lordandtaylor.com/ is opened - Pass
20-03-2018 12:15 INFO  - Click Search is clicked - Pass
20-03-2018 12:15 INFO  - Shoes is entered in Search - Pass
20-03-2018 12:15 INFO  - http://m.lordandtaylor.com/ is opened - Pass
20-03-2018 12:15 INFO  - Click Search is clicked - Pass
20-03-2018 12:15 INFO  - shirts is entered in Search - Pass
20-03-2018 12:15 INFO  - search/PLP page is displayed - Pass
20-03-2018 12:15 INFO  - Search Count is displayed - Pass
20-03-2018 12:15 INFO  - search/PLP page is displayed - Pass
20-03-2018 12:15 INFO  - Search Count is displayed - Pass
20-03-2018 12:16 ERROR - TimeoutException
org.openqa.selenium.TimeoutException: Expected condition failed: waiting for visibility of element located by By.id: pdpAddtoBagBtn (tried for 10 second(s) with 500 MILLISECONDS interval)
	at org.openqa.selenium.support.ui.WebDriverWait.timeoutException(WebDriverWait.java:82)
	at org.openqa.selenium.support.ui.FluentWait.until(FluentWait.java:231)
	at com.skava.framework.action.SeleniumActionEngine.explicitWaitforVisibility(SeleniumActionEngine.java:183)
	at com.skava.reusable.components.PLPandPDPComponents.sort_ApplyFilter(PLPandPDPComponents.java:642)
	at com.skava.testcases.LT_387_SortClearAll.LT_387_Sort_ClearAll(LT_387_SortClearAll.java:28)
	at sun.reflect.NativeMethodAccessorImpl.invoke0(Native Method)
	at sun.reflect.NativeMethodAccessorImpl.invoke(Unknown Source)
	at sun.reflect.DelegatingMethodAccessorImpl.invoke(Unknown Source)
	at java.lang.reflect.Method.invoke(Unknown Source)
	at org.testng.internal.MethodInvocationHelper.invokeMethod(MethodInvocationHelper.java:108)
	at org.testng.internal.Invoker.invokeMethod(Invoker.java:669)
	at org.testng.internal.Invoker.invokeTestMethod(Invoker.java:877)
	at org.testng.internal.Invoker.invokeTestMethods(Invoker.java:1201)
	at org.testng.internal.TestMethodWorker.invokeTestMethods(TestMethodWorker.java:125)
	at org.testng.internal.TestMethodWorker.run(TestMethodWorker.java:109)
	at java.util.concurrent.ThreadPoolExecutor.runWorker(Unknown Source)
	at java.util.concurrent.ThreadPoolExecutor$Worker.run(Unknown Source)
	at java.lang.Thread.run(Unknown Source)
Caused by: org.openqa.selenium.NoSuchElementException: Cannot locate an element using By.id: pdpAddtoBagBtn
For documentation on this error, please visit: http://seleniumhq.org/exceptions/no_such_element.html
Build info: version: '3.2.0', revision: '8c03df6b79', time: '2017-02-23 10:51:31 +0000'
System info: host: 'DESKTOP-AQOISD1', ip: '192.168.234.84', os.name: 'Windows 10', os.arch: 'amd64', os.version: '10.0', java.version: '1.8.0_112'
Driver info: driver.version: unknown
	at org.openqa.selenium.support.ui.ExpectedConditions.lambda$findElement$0(ExpectedConditions.java:882)
	at java.util.Optional.orElseThrow(Unknown Source)
	at org.openqa.selenium.support.ui.ExpectedConditions.findElement(ExpectedConditions.java:881)
	at org.openqa.selenium.support.ui.ExpectedConditions.access$000(ExpectedConditions.java:43)
	at org.openqa.selenium.support.ui.ExpectedConditions$7.apply(ExpectedConditions.java:205)
	at org.openqa.selenium.support.ui.ExpectedConditions$7.apply(ExpectedConditions.java:201)
	at org.openqa.selenium.support.ui.FluentWait.until(FluentWait.java:208)
	... 16 more
20-03-2018 12:16 ERROR - Wait is not present - failed
20-03-2018 12:16 INFO  - PLP page is displayed after sorting is displayed - Pass
20-03-2018 12:16 INFO  - PLP page is displayed after sorting is displayed - Pass
20-03-2018 12:16 INFO  - PDP Page wait is displayed - Pass
20-03-2018 12:16 INFO  - PDP Page wait is displayed - Pass
20-03-2018 12:16 INFO  - PDP Page wait is displayed - Pass
20-03-2018 12:16 INFO  - scrolled to Scrolling - Pass
20-03-2018 12:16 INFO  - Deatils is displayed - Pass
20-03-2018 12:16 INFO  - Details List is displayed - Pass
20-03-2018 12:16 ERROR - TimeoutException
org.openqa.selenium.TimeoutException: Expected condition failed: waiting for visibility of element located by By.id: pdpAddtoBagBtn (tried for 5 second(s) with 500 MILLISECONDS interval)
	at org.openqa.selenium.support.ui.WebDriverWait.timeoutException(WebDriverWait.java:82)
	at org.openqa.selenium.support.ui.FluentWait.until(FluentWait.java:231)
	at com.skava.framework.action.SeleniumActionEngine.explicitWaitforVisibility(SeleniumActionEngine.java:183)
	at com.skava.reusable.components.PLPandPDPComponents.sort_ApplyFilter(PLPandPDPComponents.java:649)
	at com.skava.testcases.LT_387_SortClearAll.LT_387_Sort_ClearAll(LT_387_SortClearAll.java:28)
	at sun.reflect.NativeMethodAccessorImpl.invoke0(Native Method)
	at sun.reflect.NativeMethodAccessorImpl.invoke(Unknown Source)
	at sun.reflect.DelegatingMethodAccessorImpl.invoke(Unknown Source)
	at java.lang.reflect.Method.invoke(Unknown Source)
	at org.testng.internal.MethodInvocationHelper.invokeMethod(MethodInvocationHelper.java:108)
	at org.testng.internal.Invoker.invokeMethod(Invoker.java:669)
	at org.testng.internal.Invoker.invokeTestMethod(Invoker.java:877)
	at org.testng.internal.Invoker.invokeTestMethods(Invoker.java:1201)
	at org.testng.internal.TestMethodWorker.invokeTestMethods(TestMethodWorker.java:125)
	at org.testng.internal.TestMethodWorker.run(TestMethodWorker.java:109)
	at java.util.concurrent.ThreadPoolExecutor.runWorker(Unknown Source)
	at java.util.concurrent.ThreadPoolExecutor$Worker.run(Unknown Source)
	at java.lang.Thread.run(Unknown Source)
Caused by: org.openqa.selenium.NoSuchElementException: Cannot locate an element using By.id: pdpAddtoBagBtn
For documentation on this error, please visit: http://seleniumhq.org/exceptions/no_such_element.html
Build info: version: '3.2.0', revision: '8c03df6b79', time: '2017-02-23 10:51:31 +0000'
System info: host: 'DESKTOP-AQOISD1', ip: '192.168.234.84', os.name: 'Windows 10', os.arch: 'amd64', os.version: '10.0', java.version: '1.8.0_112'
Driver info: driver.version: unknown
	at org.openqa.selenium.support.ui.ExpectedConditions.lambda$findElement$0(ExpectedConditions.java:882)
	at java.util.Optional.orElseThrow(Unknown Source)
	at org.openqa.selenium.support.ui.ExpectedConditions.findElement(ExpectedConditions.java:881)
	at org.openqa.selenium.support.ui.ExpectedConditions.access$000(ExpectedConditions.java:43)
	at org.openqa.selenium.support.ui.ExpectedConditions$7.apply(ExpectedConditions.java:205)
	at org.openqa.selenium.support.ui.ExpectedConditions$7.apply(ExpectedConditions.java:201)
	at org.openqa.selenium.support.ui.FluentWait.until(FluentWait.java:208)
	... 16 more
20-03-2018 12:16 ERROR - Wait is not present - failed
20-03-2018 12:16 INFO  - PLP page is displayed after sorting is displayed - Pass
20-03-2018 12:16 INFO  - Wait Bag Qty is displayed - Pass
20-03-2018 12:16 ERROR - TimeoutException
org.openqa.selenium.TimeoutException: Expected condition failed: waiting for visibility of element located by By.id: pdpAddtoBagBtn (tried for 5 second(s) with 500 MILLISECONDS interval)
	at org.openqa.selenium.support.ui.WebDriverWait.timeoutException(WebDriverWait.java:82)
	at org.openqa.selenium.support.ui.FluentWait.until(FluentWait.java:231)
	at com.skava.framework.action.SeleniumActionEngine.explicitWaitforVisibility(SeleniumActionEngine.java:183)
	at com.skava.reusable.components.PLPandPDPComponents.sort_ClearAll(PLPandPDPComponents.java:729)
	at com.skava.testcases.LT_387_SortClearAll.LT_387_Sort_ClearAll(LT_387_SortClearAll.java:29)
	at sun.reflect.NativeMethodAccessorImpl.invoke0(Native Method)
	at sun.reflect.NativeMethodAccessorImpl.invoke(Unknown Source)
	at sun.reflect.DelegatingMethodAccessorImpl.invoke(Unknown Source)
	at java.lang.reflect.Method.invoke(Unknown Source)
	at org.testng.internal.MethodInvocationHelper.invokeMethod(MethodInvocationHelper.java:108)
	at org.testng.internal.Invoker.invokeMethod(Invoker.java:669)
	at org.testng.internal.Invoker.invokeTestMethod(Invoker.java:877)
	at org.testng.internal.Invoker.invokeTestMethods(Invoker.java:1201)
	at org.testng.internal.TestMethodWorker.invokeTestMethods(TestMethodWorker.java:125)
	at org.testng.internal.TestMethodWorker.run(TestMethodWorker.java:109)
	at java.util.concurrent.ThreadPoolExecutor.runWorker(Unknown Source)
	at java.util.concurrent.ThreadPoolExecutor$Worker.run(Unknown Source)
	at java.lang.Thread.run(Unknown Source)
Caused by: org.openqa.selenium.NoSuchElementException: Cannot locate an element using By.id: pdpAddtoBagBtn
For documentation on this error, please visit: http://seleniumhq.org/exceptions/no_such_element.html
Build info: version: '3.2.0', revision: '8c03df6b79', time: '2017-02-23 10:51:31 +0000'
System info: host: 'DESKTOP-AQOISD1', ip: '192.168.234.84', os.name: 'Windows 10', os.arch: 'amd64', os.version: '10.0', java.version: '1.8.0_112'
Driver info: driver.version: unknown
	at org.openqa.selenium.support.ui.ExpectedConditions.lambda$findElement$0(ExpectedConditions.java:882)
	at java.util.Optional.orElseThrow(Unknown Source)
	at org.openqa.selenium.support.ui.ExpectedConditions.findElement(ExpectedConditions.java:881)
	at org.openqa.selenium.support.ui.ExpectedConditions.access$000(ExpectedConditions.java:43)
	at org.openqa.selenium.support.ui.ExpectedConditions$7.apply(ExpectedConditions.java:205)
	at org.openqa.selenium.support.ui.ExpectedConditions$7.apply(ExpectedConditions.java:201)
	at org.openqa.selenium.support.ui.FluentWait.until(FluentWait.java:208)
	... 16 more
20-03-2018 12:16 ERROR - Wait is not present - failed
20-03-2018 12:16 INFO  -  Sort and filter button click is clicked - Pass
20-03-2018 12:16 INFO  - Wait Bag Qty is displayed - Pass
20-03-2018 12:16 INFO  - http://m.lordandtaylor.com/ is opened - Pass
20-03-2018 12:16 INFO  - Click Search is clicked - Pass
20-03-2018 12:16 INFO  - http://m.lordandtaylor.com/ is opened - Pass
20-03-2018 12:16 ERROR - TimeoutException
org.openqa.selenium.TimeoutException: Expected condition failed: waiting for visibility of element located by By.id: pdpAddtoBagBtn (tried for 5 second(s) with 500 MILLISECONDS interval)
	at org.openqa.selenium.support.ui.WebDriverWait.timeoutException(WebDriverWait.java:82)
	at org.openqa.selenium.support.ui.FluentWait.until(FluentWait.java:231)
	at com.skava.framework.action.SeleniumActionEngine.explicitWaitforVisibility(SeleniumActionEngine.java:183)
	at com.skava.reusable.components.PLPandPDPComponents.sort_ClearAll(PLPandPDPComponents.java:735)
	at com.skava.testcases.LT_387_SortClearAll.LT_387_Sort_ClearAll(LT_387_SortClearAll.java:29)
	at sun.reflect.NativeMethodAccessorImpl.invoke0(Native Method)
	at sun.reflect.NativeMethodAccessorImpl.invoke(Unknown Source)
	at sun.reflect.DelegatingMethodAccessorImpl.invoke(Unknown Source)
	at java.lang.reflect.Method.invoke(Unknown Source)
	at org.testng.internal.MethodInvocationHelper.invokeMethod(MethodInvocationHelper.java:108)
	at org.testng.internal.Invoker.invokeMethod(Invoker.java:669)
	at org.testng.internal.Invoker.invokeTestMethod(Invoker.java:877)
	at org.testng.internal.Invoker.invokeTestMethods(Invoker.java:1201)
	at org.testng.internal.TestMethodWorker.invokeTestMethods(TestMethodWorker.java:125)
	at org.testng.internal.TestMethodWorker.run(TestMethodWorker.java:109)
	at java.util.concurrent.ThreadPoolExecutor.runWorker(Unknown Source)
	at java.util.concurrent.ThreadPoolExecutor$Worker.run(Unknown Source)
	at java.lang.Thread.run(Unknown Source)
Caused by: org.openqa.selenium.NoSuchElementException: Cannot locate an element using By.id: pdpAddtoBagBtn
For documentation on this error, please visit: http://seleniumhq.org/exceptions/no_such_element.html
Build info: version: '3.2.0', revision: '8c03df6b79', time: '2017-02-23 10:51:31 +0000'
System info: host: 'DESKTOP-AQOISD1', ip: '192.168.234.84', os.name: 'Windows 10', os.arch: 'amd64', os.version: '10.0', java.version: '1.8.0_112'
Driver info: driver.version: unknown
	at org.openqa.selenium.support.ui.ExpectedConditions.lambda$findElement$0(ExpectedConditions.java:882)
	at java.util.Optional.orElseThrow(Unknown Source)
	at org.openqa.selenium.support.ui.ExpectedConditions.findElement(ExpectedConditions.java:881)
	at org.openqa.selenium.support.ui.ExpectedConditions.access$000(ExpectedConditions.java:43)
	at org.openqa.selenium.support.ui.ExpectedConditions$7.apply(ExpectedConditions.java:205)
	at org.openqa.selenium.support.ui.ExpectedConditions$7.apply(ExpectedConditions.java:201)
	at org.openqa.selenium.support.ui.FluentWait.until(FluentWait.java:208)
	... 16 more
20-03-2018 12:16 ERROR - Wait is not present - failed
20-03-2018 12:16 INFO  - Click Search is clicked - Pass
20-03-2018 12:16 INFO  - shoes is entered in Search - Pass
20-03-2018 12:16 INFO  - Is Clear All button is displayed is displayed - Pass
20-03-2018 12:16 INFO  - shirts is entered in Search - Pass
20-03-2018 12:16 INFO  - Clear All button Click is clicked - Pass
20-03-2018 12:16 INFO  - PLP page is displayed after sorting is displayed - Pass
20-03-2018 12:16 INFO  - PLP count is displayed after sorting is displayed - Pass
20-03-2018 12:16 INFO  - PLP page is displayed after sorting is displayed - Pass
20-03-2018 12:16 INFO  - search/PLP page is displayed - Pass
20-03-2018 12:16 INFO  - Search Count is displayed - Pass
20-03-2018 12:16 INFO  - search/PLP page is displayed - Pass
20-03-2018 12:16 INFO  - Search Count is displayed - Pass
20-03-2018 12:16 INFO  - PDP Page wait is displayed - Pass
20-03-2018 12:16 INFO  - scrolled to Scrolling - Pass
20-03-2018 12:16 INFO  - PDP Page wait is displayed - Pass
20-03-2018 12:16 INFO  - scrolled to Scrolling - Pass
20-03-2018 12:16 INFO  - Colour Field present is displayed - Pass
20-03-2018 12:16 INFO  - Colour Field present is displayed - Pass
20-03-2018 12:16 INFO  - Size field is displayed - Pass
20-03-2018 12:16 INFO  - scrolled to Add To Bag - Pass
20-03-2018 12:16 INFO  - http://m.lordandtaylor.com/ is opened - Pass
20-03-2018 12:16 INFO  - Wait to get site Loaded is displayed - Pass
20-03-2018 12:16 INFO  - Click Menu is clicked - Pass
20-03-2018 12:16 INFO  - Menu Category is displayed - Pass
20-03-2018 12:16 INFO  - SubCategory is displayed - Pass
20-03-2018 12:16 INFO  - Add To Bag Clicked is clicked - Pass
20-03-2018 12:16 INFO  - Success Overlay is displayed - Pass
20-03-2018 12:16 INFO  - Success Overlay is displayed - Pass
20-03-2018 12:16 INFO  - http://m.lordandtaylor.com/ is opened - Pass
20-03-2018 12:16 INFO  - Wait to get site Loaded is displayed - Pass
20-03-2018 12:16 INFO  - Click Menu is clicked - Pass
20-03-2018 12:16 INFO  - Menu Category is displayed - Pass
20-03-2018 12:16 INFO  - SubCategory is displayed - Pass
20-03-2018 12:16 INFO  - Sub Categories Displayed is displayed - Pass
20-03-2018 12:16 INFO  - Sub Categories Displayed is displayed - Pass
20-03-2018 12:17 INFO  - Checkout Clicked is clicked - Pass
20-03-2018 12:17 INFO  - Cart Opened is displayed - Pass
20-03-2018 12:17 INFO  - Product Added to Cart is displayed - Pass
20-03-2018 12:17 INFO  - http://m.lordandtaylor.com/ is opened - Pass
20-03-2018 12:17 INFO  - Wait to get site Loaded is displayed - Pass
20-03-2018 12:17 INFO  - Click Menu is clicked - Pass
20-03-2018 12:17 INFO  - Menu Category is displayed - Pass
20-03-2018 12:17 INFO  - SubCategory is displayed - Pass
20-03-2018 12:17 INFO  - Sub Categories Displayed is displayed - Pass
20-03-2018 12:17 INFO  - Sub Categories Displayed is displayed - Pass
20-03-2018 12:17 INFO  - Click Back Button is clicked - Pass
20-03-2018 12:17 INFO  - Size field is displayed - Pass
20-03-2018 12:17 INFO  - scrolled to Add To Bag - Pass
20-03-2018 12:17 INFO  - Add To Bag Clicked is clicked - Pass
20-03-2018 12:17 INFO  - http://m.lordandtaylor.com/ is opened - Pass
20-03-2018 12:17 INFO  - Wait to get site Loaded is displayed - Pass
20-03-2018 12:17 INFO  - Click Menu is clicked - Pass
20-03-2018 12:17 INFO  - Success Overlay is displayed - Pass
20-03-2018 12:17 INFO  - Success Overlay is displayed - Pass
20-03-2018 12:17 INFO  - Close OverLay Clicked is clicked - Pass
20-03-2018 12:17 INFO  - http://m.lordandtaylor.com/ is opened - Pass
20-03-2018 12:17 INFO  - Wait to get site Loaded is displayed - Pass
20-03-2018 12:17 INFO  - Click Menu is clicked - Pass
20-03-2018 12:17 INFO  - http://m.lordandtaylor.com/ is opened - Pass
20-03-2018 12:17 INFO  - Wait to get site Loaded is displayed - Pass
20-03-2018 12:17 INFO  - Click Menu is clicked - Pass
20-03-2018 12:17 INFO  - Enetered Login is clicked - Pass
20-03-2018 12:17 INFO  - Email is entered in the field - Pass
20-03-2018 12:17 INFO  - Spider@123 is entered in Password - Pass
20-03-2018 12:17 INFO  - Enetered Login is clicked - Pass
20-03-2018 12:17 INFO  - Email is entered in the field - Pass
20-03-2018 12:17 INFO  - Spider@123 is entered in Password - Pass
20-03-2018 12:17 INFO  - My Account page displayed is displayed - Pass
20-03-2018 12:17 INFO  - scrolled to accountsummary - Pass
20-03-2018 12:17 INFO  - My Account page displayed is displayed - Pass
20-03-2018 12:18 INFO  - http://m.lordandtaylor.com/ is opened - Pass
20-03-2018 12:18 INFO  - Wait to get site Loaded is displayed - Pass
20-03-2018 12:18 INFO  - Click Menu is clicked - Pass
20-03-2018 12:18 INFO  - http://m.lordandtaylor.com/ is opened - Pass
20-03-2018 12:18 INFO  - Wait to get site Loaded is displayed - Pass
20-03-2018 12:18 INFO  - Click Menu is clicked - Pass
20-03-2018 12:18 INFO  - Enetered Login is clicked - Pass
20-03-2018 12:18 INFO  - Email is entered in the field - Pass
20-03-2018 12:18 INFO  - Spider@123 is entered in Password - Pass
20-03-2018 12:18 INFO  - Order history is displayed - Pass
20-03-2018 12:18 INFO  - scrolled to orderhistory - Pass
20-03-2018 12:18 INFO  - orderhistory clicked is clicked - Pass
20-03-2018 12:18 INFO  - Enetered Login is clicked - Pass
20-03-2018 12:18 INFO  - Email is entered in the field - Pass
20-03-2018 12:18 INFO  - Spider@123 is entered in Password - Pass
20-03-2018 12:18 INFO  - http://m.lordandtaylor.com/ is opened - Pass
20-03-2018 12:18 INFO  - Wait to get site Loaded is displayed - Pass
20-03-2018 12:18 INFO  - Click Menu is clicked - Pass
20-03-2018 12:18 INFO  - settings is displayed - Pass
20-03-2018 12:18 INFO  - scrolled to settings - Pass
20-03-2018 12:18 INFO  - settings clicked is clicked - Pass
20-03-2018 12:18 INFO  - Enetered Login is clicked - Pass
20-03-2018 12:18 INFO  - Email is entered in the field - Pass
20-03-2018 12:18 INFO  - Spider@123 is entered in Password - Pass
20-03-2018 12:18 INFO  - shippingaddress is displayed - Pass
20-03-2018 12:18 INFO  - scrolled to shippingaddress - Pass
20-03-2018 12:18 INFO  - shippingaddress clicked is clicked - Pass
20-03-2018 12:19 INFO  - http://m.lordandtaylor.com/ is opened - Pass
20-03-2018 12:19 INFO  - Wait to get site Loaded is displayed - Pass
20-03-2018 12:19 INFO  - Click Menu is clicked - Pass
20-03-2018 12:19 INFO  - Enetered Login is clicked - Pass
20-03-2018 12:19 INFO  - Email is entered in the field - Pass
20-03-2018 12:19 INFO  - Spider@123 is entered in Password - Pass
20-03-2018 12:19 INFO  - billingaddress is displayed - Pass
20-03-2018 12:19 INFO  - scrolled to billingaddress - Pass
20-03-2018 12:19 INFO  - billingaddress clicked is clicked - Pass
20-03-2018 12:19 INFO  - http://m.lordandtaylor.com/ is opened - Pass
20-03-2018 12:19 INFO  - Click Search is clicked - Pass
20-03-2018 12:19 INFO  - Shoes is entered in Search - Pass
20-03-2018 12:19 INFO  - search/PLP page is displayed - Pass
20-03-2018 12:19 INFO  - Search Count is displayed - Pass
20-03-2018 12:19 INFO  - http://m.lordandtaylor.com/ is opened - Pass
20-03-2018 12:19 INFO  - Click Search is clicked - Pass
20-03-2018 12:19 INFO  - Shoes is entered in Search - Pass
20-03-2018 12:19 INFO  - PDP Page wait is displayed - Pass
20-03-2018 12:19 INFO  - Wait is displayed - Pass
20-03-2018 12:19 INFO  - Product QTY increment is displayed - Pass
20-03-2018 12:19 INFO  - scrolled to QTY - Pass
20-03-2018 12:19 INFO  - Increment Click is clicked - Pass
20-03-2018 12:19 INFO  - Wait is displayed - Pass
20-03-2018 12:19 INFO  - search/PLP page is displayed - Pass
20-03-2018 12:19 INFO  - Search Count is displayed - Pass
20-03-2018 12:19 INFO  - PDP Page wait is displayed - Pass
20-03-2018 12:19 INFO  - Wait is displayed - Pass
20-03-2018 12:19 INFO  - Product QTY increment is displayed - Pass
20-03-2018 12:19 INFO  - scrolled to QTY - Pass
20-03-2018 12:19 INFO  - http://m.lordandtaylor.com/ is opened - Pass
20-03-2018 12:19 INFO  - Increment Click is clicked - Pass
20-03-2018 12:19 INFO  - Wait is displayed - Pass
20-03-2018 12:19 INFO  - Product QTY decrement is displayed - Pass
20-03-2018 12:19 INFO  - scrolled to QTY - Pass
20-03-2018 12:19 INFO  - Wait is displayed - Pass
20-03-2018 12:19 INFO  - Decrement Click is clicked - Pass
20-03-2018 12:19 INFO  - Wait is displayed - Pass
20-03-2018 12:19 INFO  - Enetered Login is clicked - Pass
20-03-2018 12:19 INFO  - Email is entered in the field - Pass
20-03-2018 12:19 INFO  - Spider@123 is entered in Password - Pass
20-03-2018 12:19 INFO  - payment is displayed - Pass
20-03-2018 12:19 INFO  - scrolled to payment - Pass
20-03-2018 12:19 INFO  - payment clicked is clicked - Pass
20-03-2018 12:20 INFO  - http://m.lordandtaylor.com/ is opened - Pass
20-03-2018 12:20 INFO  - Click Search is clicked - Pass
20-03-2018 12:20 INFO  - Shirts is entered in Search - Pass
20-03-2018 12:20 INFO  - Click Cart is clicked - Pass
20-03-2018 12:20 INFO  - Cart wrapper Opened is displayed - Pass
20-03-2018 12:20 INFO  - Cart Empty Text is displayed - Pass
20-03-2018 12:20 INFO  - http://m.lordandtaylor.com/ is opened - Pass
20-03-2018 12:20 INFO  - Click Search is clicked - Pass
20-03-2018 12:20 INFO  - Shirts is entered in Search - Pass
20-03-2018 12:20 INFO  - Back To Homepage is clicked - Pass
20-03-2018 12:20 INFO  - search/PLP page is displayed - Pass
20-03-2018 12:20 INFO  - Search Count is displayed - Pass
20-03-2018 12:20 INFO  - Product List Page is displayed - Pass
20-03-2018 12:20 INFO  - Product Image is displayed - Pass
20-03-2018 12:20 INFO  - Product NameList is displayed - Pass
20-03-2018 12:20 INFO  - Product Description is displayed - Pass
20-03-2018 12:20 INFO  - Product Price is displayed - Pass
20-03-2018 12:20 INFO  - search/PLP page is displayed - Pass
20-03-2018 12:20 INFO  - Search Count is displayed - Pass
20-03-2018 12:20 INFO  - Product List Page is displayed - Pass
20-03-2018 12:20 INFO  - Product Image is displayed - Pass
20-03-2018 12:20 INFO  - Product NameList is displayed - Pass
20-03-2018 12:20 INFO  - Product Description is displayed - Pass
20-03-2018 12:20 INFO  - Product Price is displayed - Pass
20-03-2018 12:20 INFO  - PDP Page wait is displayed - Pass
20-03-2018 12:20 INFO  - Wait Bag Qty is displayed - Pass
20-03-2018 12:20 INFO  - scrolled to Scroll Bag Qty - Pass
20-03-2018 12:20 INFO  - scrolled to Scrolling - Pass
20-03-2018 12:20 INFO  - Colour Field present is displayed - Pass
20-03-2018 12:20 INFO  - Size field is displayed - Pass
20-03-2018 12:20 INFO  - scrolled to Add To Bag - Pass
20-03-2018 12:20 INFO  - Add To Bag Clicked is clicked - Pass
20-03-2018 12:20 INFO  - http://m.lordandtaylor.com/ is opened - Pass
20-03-2018 12:20 INFO  - Click Search is clicked - Pass
20-03-2018 12:20 INFO  - Shirts is entered in Search - Pass
20-03-2018 12:20 INFO  - PDP Page wait is displayed - Pass
20-03-2018 12:20 INFO  - scrolled to Scrolling - Pass
20-03-2018 12:20 INFO  - Colour Field present is displayed - Pass
20-03-2018 12:20 INFO  - Size field is displayed - Pass
20-03-2018 12:20 INFO  - PDP overlay is displayed - Pass
20-03-2018 12:20 INFO  - Wait Bag Qty is displayed - Pass
20-03-2018 12:20 INFO  - scrolled to Scroll Bag Qty - Pass
20-03-2018 12:20 INFO  - search/PLP page is displayed - Pass
20-03-2018 12:20 INFO  - Search Count is displayed - Pass
20-03-2018 12:20 INFO  - Product List Page is displayed - Pass
20-03-2018 12:20 INFO  - Product Image is displayed - Pass
20-03-2018 12:20 INFO  - Product NameList is displayed - Pass
20-03-2018 12:20 INFO  - Product Description is displayed - Pass
20-03-2018 12:20 INFO  - Product Price is displayed - Pass
20-03-2018 12:20 INFO  - scrolled to Add To Bag - Pass
20-03-2018 12:20 INFO  - Add To Bag Clicked is clicked - Pass
20-03-2018 12:20 INFO  - PDP Page wait is displayed - Pass
20-03-2018 12:20 INFO  - scrolled to Scrolling - Pass
20-03-2018 12:20 INFO  - Colour Field present is displayed - Pass
20-03-2018 12:20 INFO  - Size field is displayed - Pass
20-03-2018 12:20 INFO  - Success Overlay is displayed - Pass
20-03-2018 12:20 INFO  - Success Overlay is displayed - Pass
20-03-2018 12:20 INFO  - http://m.lordandtaylor.com/ is opened - Pass
20-03-2018 12:20 INFO  - Click Search is clicked - Pass
20-03-2018 12:20 INFO  - Shirts is entered in Search - Pass
20-03-2018 12:20 INFO  - scrolled to Add To Bag - Pass
20-03-2018 12:20 INFO  - Add To Bag Clicked is clicked - Pass
20-03-2018 12:20 INFO  - Success Overlay is displayed - Pass
20-03-2018 12:20 INFO  - Success Overlay is displayed - Pass
20-03-2018 12:20 INFO  - search/PLP page is displayed - Pass
20-03-2018 12:20 INFO  - Search Count is displayed - Pass
20-03-2018 12:21 INFO  - PDP Page wait is displayed - Pass
20-03-2018 12:21 INFO  - Checkout Clicked is clicked - Pass
20-03-2018 12:21 INFO  - IS Cart page products is displayed is displayed - Pass
20-03-2018 12:21 INFO  - Is Cart page Displayed is displayed - Pass
20-03-2018 12:21 INFO  - Is product price Displayed is displayed - Pass
20-03-2018 12:21 INFO  - Is Item total price is displayed is displayed - Pass
20-03-2018 12:21 INFO  - Is product QTY Displayed is displayed - Pass
20-03-2018 12:21 INFO  - Increment Product QTY to 2 is entered in the field - Pass
20-03-2018 12:21 INFO  - Checkout Clicked is clicked - Pass
20-03-2018 12:21 INFO  - Product Description is displayed - Pass
20-03-2018 12:21 INFO  - Product Inventory Status is displayed - Pass
20-03-2018 12:21 INFO  - Product SKUID is displayed - Pass
20-03-2018 12:21 INFO  - Product Edit is displayed - Pass
20-03-2018 12:21 INFO  - Product Remove is displayed - Pass
20-03-2018 12:21 INFO  - Product Save Later is displayed - Pass
20-03-2018 12:21 INFO  - Product Size is displayed - Pass
20-03-2018 12:21 INFO  - Product Colour is displayed - Pass
20-03-2018 12:21 INFO  - Product Clearance Price is displayed - Pass
20-03-2018 12:21 INFO  - Product Sale Price is displayed - Pass
20-03-2018 12:21 INFO  - scrolled to Scrolling - Pass
20-03-2018 12:21 INFO  - Colour Field present is displayed - Pass
20-03-2018 12:21 INFO  - Size field is displayed - Pass
20-03-2018 12:21 INFO  - scrolled to Add To Bag - Pass
20-03-2018 12:21 INFO  - Add To Bag Clicked is clicked - Pass
20-03-2018 12:21 INFO  - Success Overlay is displayed - Pass
20-03-2018 12:21 INFO  - Success Overlay is displayed - Pass
20-03-2018 12:21 INFO  - http://m.lordandtaylor.com/ is opened - Pass
20-03-2018 12:21 INFO  - Click Search is clicked - Pass
20-03-2018 12:21 INFO  - dress is entered in Search - Pass
20-03-2018 12:21 INFO  - search/PLP page is displayed - Pass
20-03-2018 12:21 INFO  - Search Count is displayed - Pass
20-03-2018 12:21 ERROR - TimeoutException
org.openqa.selenium.TimeoutException: Expected condition failed: waiting for visibility of element located by By.id: pdpAddtoBagBtn (tried for 30 second(s) with 500 MILLISECONDS interval)
	at org.openqa.selenium.support.ui.WebDriverWait.timeoutException(WebDriverWait.java:82)
	at org.openqa.selenium.support.ui.FluentWait.until(FluentWait.java:231)
	at com.skava.framework.action.SeleniumActionEngine.explicitWaitforVisibility(SeleniumActionEngine.java:183)
	at com.skava.framework.action.SeleniumActionEngine.isElementDisplayed(SeleniumActionEngine.java:201)
	at com.skava.reusable.components.CartComponents.cartQtyIncrement(CartComponents.java:337)
	at com.skava.testcases.LT_766_Cart_PriceCheck.LT_766_Cart_Price_Check(LT_766_Cart_PriceCheck.java:39)
	at sun.reflect.NativeMethodAccessorImpl.invoke0(Native Method)
	at sun.reflect.NativeMethodAccessorImpl.invoke(Unknown Source)
	at sun.reflect.DelegatingMethodAccessorImpl.invoke(Unknown Source)
	at java.lang.reflect.Method.invoke(Unknown Source)
	at org.testng.internal.MethodInvocationHelper.invokeMethod(MethodInvocationHelper.java:108)
	at org.testng.internal.Invoker.invokeMethod(Invoker.java:669)
	at org.testng.internal.Invoker.invokeTestMethod(Invoker.java:877)
	at org.testng.internal.Invoker.invokeTestMethods(Invoker.java:1201)
	at org.testng.internal.TestMethodWorker.invokeTestMethods(TestMethodWorker.java:125)
	at org.testng.internal.TestMethodWorker.run(TestMethodWorker.java:109)
	at java.util.concurrent.ThreadPoolExecutor.runWorker(Unknown Source)
	at java.util.concurrent.ThreadPoolExecutor$Worker.run(Unknown Source)
	at java.lang.Thread.run(Unknown Source)
Caused by: org.openqa.selenium.NoSuchElementException: Cannot locate an element using By.id: pdpAddtoBagBtn
For documentation on this error, please visit: http://seleniumhq.org/exceptions/no_such_element.html
Build info: version: '3.2.0', revision: '8c03df6b79', time: '2017-02-23 10:51:31 +0000'
System info: host: 'DESKTOP-AQOISD1', ip: '192.168.234.84', os.name: 'Windows 10', os.arch: 'amd64', os.version: '10.0', java.version: '1.8.0_112'
Driver info: driver.version: unknown
	at org.openqa.selenium.support.ui.ExpectedConditions.lambda$findElement$0(ExpectedConditions.java:882)
	at java.util.Optional.orElseThrow(Unknown Source)
	at org.openqa.selenium.support.ui.ExpectedConditions.findElement(ExpectedConditions.java:881)
	at org.openqa.selenium.support.ui.ExpectedConditions.access$000(ExpectedConditions.java:43)
	at org.openqa.selenium.support.ui.ExpectedConditions$7.apply(ExpectedConditions.java:205)
	at org.openqa.selenium.support.ui.ExpectedConditions$7.apply(ExpectedConditions.java:201)
	at org.openqa.selenium.support.ui.FluentWait.until(FluentWait.java:208)
	... 17 more
20-03-2018 12:21 ERROR - Wait is not present - failed
20-03-2018 12:21 INFO  - PDP Page wait is displayed - Pass
20-03-2018 12:21 INFO  - scrolled to Scrolling - Pass
20-03-2018 12:21 INFO  - Cart loading overview is displayed - Pass
20-03-2018 12:21 INFO  - Is Item total price is displayed is displayed - Pass
20-03-2018 12:21 INFO  - Colour Field present is displayed - Pass
20-03-2018 12:21 INFO  - Size field is displayed - Pass
20-03-2018 12:21 INFO  - scrolled to Add To Bag - Pass
20-03-2018 12:21 INFO  - Add To Bag Clicked is clicked - Pass
20-03-2018 12:21 INFO  - Success Overlay is displayed - Pass
20-03-2018 12:21 INFO  - Success Overlay is displayed - Pass
20-03-2018 12:21 ERROR - TimeoutException
org.openqa.selenium.TimeoutException: Expected condition failed: waiting for visibility of element located by By.xpath: (//*[@class='widebag-item-discount-price']/span)[1] (tried for 10 second(s) with 500 MILLISECONDS interval)
	at org.openqa.selenium.support.ui.WebDriverWait.timeoutException(WebDriverWait.java:82)
	at org.openqa.selenium.support.ui.FluentWait.until(FluentWait.java:231)
	at com.skava.framework.action.SeleniumActionEngine.explicitWaitforVisibility(SeleniumActionEngine.java:183)
	at com.skava.framework.action.SeleniumActionEngine.isElementDisplayed(SeleniumActionEngine.java:201)
	at com.skava.reusable.components.CartComponents.priceCheck(CartComponents.java:408)
	at com.skava.testcases.LT_766_Cart_PriceCheck.LT_766_Cart_Price_Check(LT_766_Cart_PriceCheck.java:41)
	at sun.reflect.NativeMethodAccessorImpl.invoke0(Native Method)
	at sun.reflect.NativeMethodAccessorImpl.invoke(Unknown Source)
	at sun.reflect.DelegatingMethodAccessorImpl.invoke(Unknown Source)
	at java.lang.reflect.Method.invoke(Unknown Source)
	at org.testng.internal.MethodInvocationHelper.invokeMethod(MethodInvocationHelper.java:108)
	at org.testng.internal.Invoker.invokeMethod(Invoker.java:669)
	at org.testng.internal.Invoker.invokeTestMethod(Invoker.java:877)
	at org.testng.internal.Invoker.invokeTestMethods(Invoker.java:1201)
	at org.testng.internal.TestMethodWorker.invokeTestMethods(TestMethodWorker.java:125)
	at org.testng.internal.TestMethodWorker.run(TestMethodWorker.java:109)
	at java.util.concurrent.ThreadPoolExecutor.runWorker(Unknown Source)
	at java.util.concurrent.ThreadPoolExecutor$Worker.run(Unknown Source)
	at java.lang.Thread.run(Unknown Source)
Caused by: org.openqa.selenium.NoSuchElementException: Cannot locate an element using By.xpath: (//*[@class='widebag-item-discount-price']/span)[1]
For documentation on this error, please visit: http://seleniumhq.org/exceptions/no_such_element.html
Build info: version: '3.2.0', revision: '8c03df6b79', time: '2017-02-23 10:51:31 +0000'
System info: host: 'DESKTOP-AQOISD1', ip: '192.168.234.84', os.name: 'Windows 10', os.arch: 'amd64', os.version: '10.0', java.version: '1.8.0_112'
Driver info: driver.version: unknown
	at org.openqa.selenium.support.ui.ExpectedConditions.lambda$findElement$0(ExpectedConditions.java:882)
	at java.util.Optional.orElseThrow(Unknown Source)
	at org.openqa.selenium.support.ui.ExpectedConditions.findElement(ExpectedConditions.java:881)
	at org.openqa.selenium.support.ui.ExpectedConditions.access$000(ExpectedConditions.java:43)
	at org.openqa.selenium.support.ui.ExpectedConditions$7.apply(ExpectedConditions.java:205)
	at org.openqa.selenium.support.ui.ExpectedConditions$7.apply(ExpectedConditions.java:201)
	at org.openqa.selenium.support.ui.FluentWait.until(FluentWait.java:208)
	... 17 more
20-03-2018 12:21 ERROR - Discount for product is not present - failed
20-03-2018 12:21 INFO  - Is Item total price is displayed is displayed - Pass
20-03-2018 12:21 INFO  - Is product QTY Displayed is displayed - Pass
20-03-2018 12:21 INFO  - Decrement Product QTY to 1 is entered in the field - Pass
20-03-2018 12:22 INFO  - Checkout Clicked is clicked - Pass
20-03-2018 12:22 INFO  - Wait is displayed - Pass
20-03-2018 12:22 INFO  - Remove Button is clicked - Pass
20-03-2018 12:22 INFO  - Remove Confirmation Button is displayed - Pass
20-03-2018 12:22 INFO  - Remove Confirmation Button is displayed - Pass
20-03-2018 12:22 ERROR - TimeoutException
org.openqa.selenium.TimeoutException: Expected condition failed: waiting for visibility of element located by By.id: pdpAddtoBagBtn (tried for 30 second(s) with 500 MILLISECONDS interval)
	at org.openqa.selenium.support.ui.WebDriverWait.timeoutException(WebDriverWait.java:82)
	at org.openqa.selenium.support.ui.FluentWait.until(FluentWait.java:231)
	at com.skava.framework.action.SeleniumActionEngine.explicitWaitforVisibility(SeleniumActionEngine.java:183)
	at com.skava.framework.action.SeleniumActionEngine.isElementDisplayed(SeleniumActionEngine.java:201)
	at com.skava.reusable.components.CartComponents.cartQtyDecrement(CartComponents.java:355)
	at com.skava.testcases.LT_766_Cart_PriceCheck.LT_766_Cart_Price_Check(LT_766_Cart_PriceCheck.java:43)
	at sun.reflect.NativeMethodAccessorImpl.invoke0(Native Method)
	at sun.reflect.NativeMethodAccessorImpl.invoke(Unknown Source)
	at sun.reflect.DelegatingMethodAccessorImpl.invoke(Unknown Source)
	at java.lang.reflect.Method.invoke(Unknown Source)
	at org.testng.internal.MethodInvocationHelper.invokeMethod(MethodInvocationHelper.java:108)
	at org.testng.internal.Invoker.invokeMethod(Invoker.java:669)
	at org.testng.internal.Invoker.invokeTestMethod(Invoker.java:877)
	at org.testng.internal.Invoker.invokeTestMethods(Invoker.java:1201)
	at org.testng.internal.TestMethodWorker.invokeTestMethods(TestMethodWorker.java:125)
	at org.testng.internal.TestMethodWorker.run(TestMethodWorker.java:109)
	at java.util.concurrent.ThreadPoolExecutor.runWorker(Unknown Source)
	at java.util.concurrent.ThreadPoolExecutor$Worker.run(Unknown Source)
	at java.lang.Thread.run(Unknown Source)
Caused by: org.openqa.selenium.NoSuchElementException: Cannot locate an element using By.id: pdpAddtoBagBtn
For documentation on this error, please visit: http://seleniumhq.org/exceptions/no_such_element.html
Build info: version: '3.2.0', revision: '8c03df6b79', time: '2017-02-23 10:51:31 +0000'
System info: host: 'DESKTOP-AQOISD1', ip: '192.168.234.84', os.name: 'Windows 10', os.arch: 'amd64', os.version: '10.0', java.version: '1.8.0_112'
Driver info: driver.version: unknown
	at org.openqa.selenium.support.ui.ExpectedConditions.lambda$findElement$0(ExpectedConditions.java:882)
	at java.util.Optional.orElseThrow(Unknown Source)
	at org.openqa.selenium.support.ui.ExpectedConditions.findElement(ExpectedConditions.java:881)
	at org.openqa.selenium.support.ui.ExpectedConditions.access$000(ExpectedConditions.java:43)
	at org.openqa.selenium.support.ui.ExpectedConditions$7.apply(ExpectedConditions.java:205)
	at org.openqa.selenium.support.ui.ExpectedConditions$7.apply(ExpectedConditions.java:201)
	at org.openqa.selenium.support.ui.FluentWait.until(FluentWait.java:208)
	... 17 more
20-03-2018 12:22 ERROR - Wait is not present - failed
20-03-2018 12:22 INFO  - Cart loading overview is displayed - Pass
20-03-2018 12:22 INFO  - Is Item total price is displayed is displayed - Pass
20-03-2018 12:22 INFO  - http://m.lordandtaylor.com/ is opened - Pass
20-03-2018 12:22 INFO  - Click Search is clicked - Pass
20-03-2018 12:22 INFO  - Jeans is entered in Search - Pass
20-03-2018 12:22 ERROR - TimeoutException
org.openqa.selenium.TimeoutException: Expected condition failed: waiting for visibility of element located by By.xpath: (//*[@class='widebag-item-discount-price']/span)[1] (tried for 10 second(s) with 500 MILLISECONDS interval)
	at org.openqa.selenium.support.ui.WebDriverWait.timeoutException(WebDriverWait.java:82)
	at org.openqa.selenium.support.ui.FluentWait.until(FluentWait.java:231)
	at com.skava.framework.action.SeleniumActionEngine.explicitWaitforVisibility(SeleniumActionEngine.java:183)
	at com.skava.framework.action.SeleniumActionEngine.isElementDisplayed(SeleniumActionEngine.java:201)
	at com.skava.reusable.components.CartComponents.priceCheck(CartComponents.java:438)
	at com.skava.testcases.LT_766_Cart_PriceCheck.LT_766_Cart_Price_Check(LT_766_Cart_PriceCheck.java:45)
	at sun.reflect.NativeMethodAccessorImpl.invoke0(Native Method)
	at sun.reflect.NativeMethodAccessorImpl.invoke(Unknown Source)
	at sun.reflect.DelegatingMethodAccessorImpl.invoke(Unknown Source)
	at java.lang.reflect.Method.invoke(Unknown Source)
	at org.testng.internal.MethodInvocationHelper.invokeMethod(MethodInvocationHelper.java:108)
	at org.testng.internal.Invoker.invokeMethod(Invoker.java:669)
	at org.testng.internal.Invoker.invokeTestMethod(Invoker.java:877)
	at org.testng.internal.Invoker.invokeTestMethods(Invoker.java:1201)
	at org.testng.internal.TestMethodWorker.invokeTestMethods(TestMethodWorker.java:125)
	at org.testng.internal.TestMethodWorker.run(TestMethodWorker.java:109)
	at java.util.concurrent.ThreadPoolExecutor.runWorker(Unknown Source)
	at java.util.concurrent.ThreadPoolExecutor$Worker.run(Unknown Source)
	at java.lang.Thread.run(Unknown Source)
Caused by: org.openqa.selenium.NoSuchElementException: Cannot locate an element using By.xpath: (//*[@class='widebag-item-discount-price']/span)[1]
For documentation on this error, please visit: http://seleniumhq.org/exceptions/no_such_element.html
Build info: version: '3.2.0', revision: '8c03df6b79', time: '2017-02-23 10:51:31 +0000'
System info: host: 'DESKTOP-AQOISD1', ip: '192.168.234.84', os.name: 'Windows 10', os.arch: 'amd64', os.version: '10.0', java.version: '1.8.0_112'
Driver info: driver.version: unknown
	at org.openqa.selenium.support.ui.ExpectedConditions.lambda$findElement$0(ExpectedConditions.java:882)
	at java.util.Optional.orElseThrow(Unknown Source)
	at org.openqa.selenium.support.ui.ExpectedConditions.findElement(ExpectedConditions.java:881)
	at org.openqa.selenium.support.ui.ExpectedConditions.access$000(ExpectedConditions.java:43)
	at org.openqa.selenium.support.ui.ExpectedConditions$7.apply(ExpectedConditions.java:205)
	at org.openqa.selenium.support.ui.ExpectedConditions$7.apply(ExpectedConditions.java:201)
	at org.openqa.selenium.support.ui.FluentWait.until(FluentWait.java:208)
	... 17 more
20-03-2018 12:22 ERROR - Discount for product is not present - failed
20-03-2018 12:22 INFO  - search/PLP page is displayed - Pass
20-03-2018 12:22 INFO  - Search Count is displayed - Pass
20-03-2018 12:22 INFO  - PDP Page wait is displayed - Pass
20-03-2018 12:22 INFO  - scrolled to Scrolling - Pass
20-03-2018 12:22 INFO  - Colour Field present is displayed - Pass
20-03-2018 12:22 INFO  - http://m.lordandtaylor.com/ is opened - Pass
20-03-2018 12:22 INFO  - Click Search is clicked - Pass
20-03-2018 12:22 INFO  - Shirts is entered in Search - Pass
20-03-2018 12:22 INFO  - Size field is displayed - Pass
20-03-2018 12:22 INFO  - scrolled to Add To Bag - Pass
20-03-2018 12:22 INFO  - Add To Bag Clicked is clicked - Pass
20-03-2018 12:22 INFO  - Success Overlay is displayed - Pass
20-03-2018 12:22 INFO  - Success Overlay is displayed - Pass
20-03-2018 12:22 INFO  - search/PLP page is displayed - Pass
20-03-2018 12:22 INFO  - Search Count is displayed - Pass
20-03-2018 12:23 INFO  - PDP Page wait is displayed - Pass
20-03-2018 12:23 INFO  - scrolled to Scrolling - Pass
20-03-2018 12:23 INFO  - Colour Field present is displayed - Pass
20-03-2018 12:23 INFO  - Size field is displayed - Pass
20-03-2018 12:23 INFO  - Checkout Clicked is clicked - Pass
20-03-2018 12:23 INFO  - Wait is displayed - Pass
20-03-2018 12:23 INFO  - Remove Button is clicked - Pass
20-03-2018 12:23 INFO  - Remove Confirmation Button is displayed - Pass
20-03-2018 12:23 INFO  - Remove Confirmation Button is displayed - Pass
20-03-2018 12:23 INFO  - Product Removed is clicked - Pass
20-03-2018 12:23 INFO  - Product Removed is displayed - Pass
20-03-2018 12:23 INFO  - scrolled to Add To Bag - Pass
20-03-2018 12:23 INFO  - Add To Bag Clicked is clicked - Pass
20-03-2018 12:23 INFO  - Success Overlay is displayed - Pass
20-03-2018 12:23 INFO  - Success Overlay is displayed - Pass
20-03-2018 12:23 INFO  - http://m.lordandtaylor.com/ is opened - Pass
20-03-2018 12:23 INFO  - Click Search is clicked - Pass
20-03-2018 12:23 INFO  - Shirts is entered in Search - Pass
20-03-2018 12:23 INFO  - Checkout Clicked is clicked - Pass
20-03-2018 12:23 INFO  - Cart Opened is displayed - Pass
20-03-2018 12:23 INFO  - Product Added to Cart is displayed - Pass
20-03-2018 12:23 INFO  - Product Description is displayed - Pass
20-03-2018 12:23 INFO  - Product Inventory Status is displayed - Pass
20-03-2018 12:23 INFO  - Product SKUID is displayed - Pass
20-03-2018 12:23 INFO  - Product Edit is displayed - Pass
20-03-2018 12:23 INFO  - Product Remove is displayed - Pass
20-03-2018 12:23 INFO  - Product Save Later is displayed - Pass
20-03-2018 12:23 INFO  - Product Size is displayed - Pass
20-03-2018 12:23 INFO  - Product Colour is displayed - Pass
20-03-2018 12:23 INFO  - Product Clearance Price is displayed - Pass
20-03-2018 12:23 INFO  - Product Sale Price is displayed - Pass
20-03-2018 12:23 INFO  - Saveforlater is displayed - Pass
20-03-2018 12:23 INFO  - Saveforlater clicked is clicked - Pass
20-03-2018 12:23 INFO  - search/PLP page is displayed - Pass
20-03-2018 12:23 INFO  - Search Count is displayed - Pass
20-03-2018 12:23 INFO  - PDP Page wait is displayed - Pass
20-03-2018 12:23 INFO  - scrolled to Scrolling - Pass
20-03-2018 12:23 INFO  - Colour Field present is displayed - Pass
20-03-2018 12:23 INFO  - Size field is displayed - Pass
20-03-2018 12:23 INFO  - scrolled to Add To Bag - Pass
20-03-2018 12:23 INFO  - Add To Bag Clicked is clicked - Pass
20-03-2018 12:23 INFO  - Success Overlay is displayed - Pass
20-03-2018 12:23 INFO  - Success Overlay is displayed - Pass
20-03-2018 12:23 INFO  - http://m.lordandtaylor.com/ is opened - Pass
20-03-2018 12:23 INFO  - Click Search is clicked - Pass
20-03-2018 12:23 INFO  - Shoes is entered in Search - Pass
20-03-2018 12:23 INFO  - search/PLP page is displayed - Pass
20-03-2018 12:23 INFO  - Search Count is displayed - Pass
20-03-2018 12:23 INFO  - Checkout Clicked is clicked - Pass
20-03-2018 12:23 INFO  - Cart Opened is displayed - Pass
20-03-2018 12:23 INFO  - Product Added to Cart is displayed - Pass
20-03-2018 12:23 INFO  - Wait is displayed - Pass
20-03-2018 12:23 INFO  - scrolled to scroll to checkout - Pass
20-03-2018 12:23 INFO  - Click Checkout is clicked - Pass
20-03-2018 12:23 INFO  - Sign IN Page Navigated is displayed - Pass
20-03-2018 12:23 INFO  - PDP Page wait is displayed - Pass
20-03-2018 12:23 INFO  - scrolled to Scrolling - Pass
20-03-2018 12:23 INFO  - Colour Field present is displayed - Pass
20-03-2018 12:23 INFO  - Size field is displayed - Pass
20-03-2018 12:24 INFO  - scrolled to Add To Bag - Pass
20-03-2018 12:24 INFO  - Add To Bag Clicked is clicked - Pass
20-03-2018 12:24 INFO  - Success Overlay is displayed - Pass
20-03-2018 12:24 INFO  - Success Overlay is displayed - Pass
20-03-2018 12:24 INFO  - http://m.lordandtaylor.com/ is opened - Pass
20-03-2018 12:24 INFO  - Click Search is clicked - Pass
20-03-2018 12:24 INFO  - Shirts is entered in Search - Pass
20-03-2018 12:24 INFO  - search/PLP page is displayed - Pass
20-03-2018 12:24 INFO  - Search Count is displayed - Pass
20-03-2018 12:24 INFO  - PDP Page wait is displayed - Pass
20-03-2018 12:24 INFO  - scrolled to Scrolling - Pass
20-03-2018 12:24 INFO  - Colour Field present is displayed - Pass
20-03-2018 12:24 INFO  - Size field is displayed - Pass
20-03-2018 12:24 INFO  - scrolled to Add To Bag - Pass
20-03-2018 12:24 INFO  - Checkout Clicked is clicked - Pass
20-03-2018 12:24 INFO  - Cart Opened is displayed - Pass
20-03-2018 12:24 INFO  - Product Added to Cart is displayed - Pass
20-03-2018 12:24 INFO  - Wait is displayed - Pass
20-03-2018 12:24 INFO  - Click PayPal is clicked - Pass
20-03-2018 12:24 INFO  - Add To Bag Clicked is clicked - Pass
20-03-2018 12:24 INFO  - Success Overlay is displayed - Pass
20-03-2018 12:24 INFO  - Success Overlay is displayed - Pass
20-03-2018 12:24 INFO  - PayPal Page Navigated is displayed - Pass
20-03-2018 12:24 INFO  - Checkout Clicked is clicked - Pass
20-03-2018 12:24 INFO  - Cart Opened is displayed - Pass
20-03-2018 12:24 INFO  - Product Added to Cart is displayed - Pass
20-03-2018 12:24 INFO  - scrolled to Scrolling - Pass
20-03-2018 12:24 INFO  - Estimated Shipping is displayed - Pass
20-03-2018 12:24 INFO  - Shipping Method is displayed - Pass
20-03-2018 12:24 INFO  - Zip Code is displayed - Pass
20-03-2018 12:24 INFO  - Item Total is displayed - Pass
20-03-2018 12:24 INFO  - Estimated Shipping is displayed - Pass
20-03-2018 12:24 INFO  - Estimated Tax is displayed - Pass
20-03-2018 12:24 INFO  - Estimated Total is displayed - Pass
20-03-2018 12:24 INFO  - http://m.lordandtaylor.com/ is opened - Pass
20-03-2018 12:24 INFO  - Click Search is clicked - Pass
20-03-2018 12:24 INFO  - Shoes is entered in Search - Pass
20-03-2018 12:25 INFO  - search/PLP page is displayed - Pass
20-03-2018 12:25 INFO  - Search Count is displayed - Pass
20-03-2018 12:25 INFO  - http://m.lordandtaylor.com/ is opened - Pass
20-03-2018 12:25 INFO  - Click Search is clicked - Pass
20-03-2018 12:25 INFO  - shirts is entered in Search - Pass
20-03-2018 12:25 INFO  - PDP Page wait is displayed - Pass
20-03-2018 12:25 INFO  - scrolled to Scrolling - Pass
20-03-2018 12:25 INFO  - search/PLP page is displayed - Pass
20-03-2018 12:25 INFO  - Search Count is displayed - Pass
20-03-2018 12:25 INFO  - Colour Field present is displayed - Pass
20-03-2018 12:25 INFO  - Size field is displayed - Pass
20-03-2018 12:25 INFO  - scrolled to Add To Bag - Pass
20-03-2018 12:25 INFO  - Add To Bag Clicked is clicked - Pass
20-03-2018 12:25 INFO  - Success Overlay is displayed - Pass
20-03-2018 12:25 INFO  - Success Overlay is displayed - Pass
20-03-2018 12:25 INFO  - PDP Page wait is displayed - Pass
20-03-2018 12:25 INFO  - scrolled to Scrolling - Pass
20-03-2018 12:25 INFO  - Colour Field present is displayed - Pass
20-03-2018 12:25 INFO  - Size field is displayed - Pass
20-03-2018 12:25 INFO  - scrolled to Add To Bag - Pass
20-03-2018 12:25 INFO  - Add To Bag Clicked is clicked - Pass
20-03-2018 12:25 INFO  - Success Overlay is displayed - Pass
20-03-2018 12:25 INFO  - Success Overlay is displayed - Pass
20-03-2018 12:25 INFO  - Checkout Clicked is clicked - Pass
20-03-2018 12:25 INFO  - Cart Opened is displayed - Pass
20-03-2018 12:25 INFO  - Product Added to Cart is displayed - Pass
20-03-2018 12:25 INFO  - Wait is displayed - Pass
20-03-2018 12:25 INFO  - scrolled to scroll to checkout - Pass
20-03-2018 12:25 INFO  - Click Checkout is clicked - Pass
20-03-2018 12:25 INFO  - Guest Checkout is displayed - Pass
20-03-2018 12:25 INFO  - User Sign IN is displayed - Pass
20-03-2018 12:25 INFO  - Checkout Clicked is clicked - Pass
20-03-2018 12:25 INFO  - Cart Opened is displayed - Pass
20-03-2018 12:25 INFO  - Product Added to Cart is displayed - Pass
20-03-2018 12:25 INFO  - Wait is displayed - Pass
20-03-2018 12:25 INFO  - scrolled to scroll to checkout - Pass
20-03-2018 12:25 INFO  - Click Checkout is clicked - Pass
20-03-2018 12:25 INFO  - Guest Checkout is displayed - Pass
20-03-2018 12:25 INFO  - User Sign IN is displayed - Pass
20-03-2018 12:25 INFO  - http://m.lordandtaylor.com/ is opened - Pass
20-03-2018 12:25 INFO  - Click Search is clicked - Pass
20-03-2018 12:25 INFO  - Shirts is entered in Search - Pass
20-03-2018 12:26 INFO  - search/PLP page is displayed - Pass
20-03-2018 12:26 INFO  - Search Count is displayed - Pass
20-03-2018 12:26 INFO  - http://m.lordandtaylor.com/ is opened - Pass
20-03-2018 12:26 INFO  - Wait to get site Loaded is displayed - Pass
20-03-2018 12:26 INFO  - Click Menu is clicked - Pass
20-03-2018 12:26 INFO  - PDP Page wait is displayed - Pass
20-03-2018 12:26 INFO  - scrolled to Scrolling - Pass
20-03-2018 12:26 INFO  - Colour Field present is displayed - Pass
20-03-2018 12:26 ERROR - TimeoutException
org.openqa.selenium.TimeoutException: timeout
  (Session info: chrome=64.0.3282.186)
  (Driver info: chromedriver=2.33.506120 (e3e53437346286c0bc2d2dc9aa4915ba81d9023f),platform=Windows NT 10.0.16299 x86_64) (WARNING: The server did not provide any stacktrace information)
Command duration or timeout: 300.09 seconds
Build info: version: '3.2.0', revision: '8c03df6b79', time: '2017-02-23 10:51:31 +0000'
System info: host: 'DESKTOP-AQOISD1', ip: '192.168.234.84', os.name: 'Windows 10', os.arch: 'amd64', os.version: '10.0', java.version: '1.8.0_112'
Driver info: org.openqa.selenium.chrome.ChromeDriver
Capabilities [{applicationCacheEnabled=false, rotatable=false, mobileEmulationEnabled=false, networkConnectionEnabled=false, chrome={chromedriverVersion=2.33.506120 (e3e53437346286c0bc2d2dc9aa4915ba81d9023f), userDataDir=C:\Users\arunraj.n\AppData\Local\Temp\scoped_dir12676_7276}, takesHeapSnapshot=true, pageLoadStrategy=normal, databaseEnabled=false, handlesAlerts=true, hasTouchScreen=false, version=64.0.3282.186, platform=XP, browserConnectionEnabled=false, nativeEvents=true, acceptSslCerts=true, locationContextEnabled=true, webStorageEnabled=true, browserName=chrome, takesScreenshot=true, javascriptEnabled=true, cssSelectorsEnabled=true, setWindowRect=true, unexpectedAlertBehaviour=}]
Session ID: 2ac07a94a88a98b590c5863bceee1993
	at sun.reflect.NativeConstructorAccessorImpl.newInstance0(Native Method)
	at sun.reflect.NativeConstructorAccessorImpl.newInstance(Unknown Source)
	at sun.reflect.DelegatingConstructorAccessorImpl.newInstance(Unknown Source)
	at java.lang.reflect.Constructor.newInstance(Unknown Source)
	at org.openqa.selenium.remote.ErrorHandler.createThrowable(ErrorHandler.java:216)
	at org.openqa.selenium.remote.ErrorHandler.throwIfResponseFailed(ErrorHandler.java:168)
	at org.openqa.selenium.remote.RemoteWebDriver.execute(RemoteWebDriver.java:638)
	at org.openqa.selenium.remote.RemoteWebElement.execute(RemoteWebElement.java:274)
	at org.openqa.selenium.remote.RemoteWebElement.click(RemoteWebElement.java:84)
	at com.skava.framework.action.SeleniumActionEngine.clickElement(SeleniumActionEngine.java:103)
	at com.skava.reusable.components.PLPandPDPComponents.cartSuccess_OverLay(PLPandPDPComponents.java:390)
	at com.skava.testcases.LT_773_Cart_Edit_Product_Validation.LT_773_Cart_Edit_Product_Validation(LT_773_Cart_Edit_Product_Validation.java:31)
	at sun.reflect.NativeMethodAccessorImpl.invoke0(Native Method)
	at sun.reflect.NativeMethodAccessorImpl.invoke(Unknown Source)
	at sun.reflect.DelegatingMethodAccessorImpl.invoke(Unknown Source)
	at java.lang.reflect.Method.invoke(Unknown Source)
	at org.testng.internal.MethodInvocationHelper.invokeMethod(MethodInvocationHelper.java:108)
	at org.testng.internal.Invoker.invokeMethod(Invoker.java:669)
	at org.testng.internal.Invoker.invokeTestMethod(Invoker.java:877)
	at org.testng.internal.Invoker.invokeTestMethods(Invoker.java:1201)
	at org.testng.internal.TestMethodWorker.invokeTestMethods(TestMethodWorker.java:125)
	at org.testng.internal.TestMethodWorker.run(TestMethodWorker.java:109)
	at java.util.concurrent.ThreadPoolExecutor.runWorker(Unknown Source)
	at java.util.concurrent.ThreadPoolExecutor$Worker.run(Unknown Source)
	at java.lang.Thread.run(Unknown Source)
20-03-2018 12:26 ERROR - Checkout Clickedis not present - failed
20-03-2018 12:26 INFO  - Wait is displayed - Pass
20-03-2018 12:26 INFO  - Edit Button is clicked - Pass
20-03-2018 12:26 INFO  - PDP Edit overlay is displayed - Pass
20-03-2018 12:26 INFO  - Size field is displayed - Pass
20-03-2018 12:26 INFO  - scrolled to Add To Bag - Pass
20-03-2018 12:26 INFO  - Add To Bag Clicked is clicked - Pass
20-03-2018 12:26 INFO  - Success Overlay is displayed - Pass
20-03-2018 12:26 INFO  - Success Overlay is displayed - Pass
20-03-2018 12:26 INFO  - http://m.lordandtaylor.com/ is opened - Pass
20-03-2018 12:26 INFO  - Click Search is clicked - Pass
20-03-2018 12:26 INFO  - Shirts is entered in Search - Pass
20-03-2018 12:26 INFO  - Enetered Login is clicked - Pass
20-03-2018 12:26 INFO  - Email is entered in the field - Pass
20-03-2018 12:26 INFO  - Spider@123 is entered in Password - Pass
20-03-2018 12:26 INFO  - Checkout Clicked is clicked - Pass
20-03-2018 12:26 INFO  - Cart Opened is displayed - Pass
20-03-2018 12:26 INFO  - Product Added to Cart is displayed - Pass
20-03-2018 12:26 INFO  - Wait is displayed - Pass
20-03-2018 12:26 INFO  - scrolled to scroll to checkout - Pass
20-03-2018 12:26 INFO  - Click Checkout is clicked - Pass
20-03-2018 12:26 INFO  - Guest Checkout is displayed - Pass
20-03-2018 12:26 INFO  - scrolled to Guest Checkout - Pass
20-03-2018 12:26 INFO  - Guest Checkout is clicked - Pass
20-03-2018 12:26 INFO  - My Account page displayed is displayed - Pass
20-03-2018 12:26 INFO  - search/PLP page is displayed - Pass
20-03-2018 12:26 INFO  - Search Count is displayed - Pass
20-03-2018 12:26 INFO  - PDP Page wait is displayed - Pass
20-03-2018 12:26 INFO  - scrolled to Scrolling - Pass
20-03-2018 12:26 INFO  - Colour Field present is displayed - Pass
20-03-2018 12:26 INFO  - Size field is displayed - Pass
20-03-2018 12:26 INFO  - scrolled to Add To Bag - Pass
20-03-2018 12:26 INFO  - http://m.lordandtaylor.com/ is opened - Pass
20-03-2018 12:26 INFO  - Click Search is clicked - Pass
20-03-2018 12:26 INFO  - Click Cart is clicked - Pass
20-03-2018 12:26 INFO  - Cart Opened is displayed - Pass
20-03-2018 12:26 INFO  - Product Added to Cart is displayed - Pass
20-03-2018 12:26 INFO  - scrolled to BackToUSShipping - Pass
20-03-2018 12:26 INFO  - denims is entered in Search - Pass
20-03-2018 12:26 INFO  - Add To Bag Clicked is clicked - Pass
20-03-2018 12:26 INFO  - PDP overlay is displayed - Pass
20-03-2018 12:26 INFO  - Success Overlay is displayed - Pass
20-03-2018 12:26 INFO  - Success Overlay is displayed - Pass
20-03-2018 12:26 INFO  - search/PLP page is displayed - Pass
20-03-2018 12:26 INFO  - Search Count is displayed - Pass
20-03-2018 12:27 INFO  - BackToUSShipping is clicked - Pass
20-03-2018 12:27 INFO  - Wait is displayed - Pass
20-03-2018 12:27 INFO  - scrolled to scroll to checkout - Pass
20-03-2018 12:27 INFO  - PDP Page wait is displayed - Pass
20-03-2018 12:27 INFO  - scrolled to Scrolling - Pass
20-03-2018 12:27 INFO  - Colour Field present is displayed - Pass
20-03-2018 12:27 INFO  - Size field is displayed - Pass
20-03-2018 12:27 INFO  - scrolled to Add To Bag - Pass
20-03-2018 12:27 INFO  - Add To Bag Clicked is clicked - Pass
20-03-2018 12:27 INFO  - Click Checkout is clicked - Pass
20-03-2018 12:27 INFO  - Review Order Page is displayed - Pass
20-03-2018 12:27 INFO  - Billing Addrs field in Review Order Page is displayed - Pass
20-03-2018 12:27 INFO  - Payment field in Review Order Page is displayed - Pass
20-03-2018 12:27 INFO  - scrolled to Scrolling - Pass
20-03-2018 12:27 INFO  - Shipping Addrs field in Review Order Page is displayed - Pass
20-03-2018 12:27 INFO  - Order Summary field in Review Order Page is displayed - Pass
20-03-2018 12:27 INFO  - Place Order is displayed - Pass
20-03-2018 12:27 INFO  - PDP overlay is displayed - Pass
20-03-2018 12:27 INFO  - Success Overlay is displayed - Pass
20-03-2018 12:27 INFO  - Success Overlay is displayed - Pass
20-03-2018 12:27 INFO  - http://m.lordandtaylor.com/ is opened - Pass
20-03-2018 12:27 INFO  - Click Search is clicked - Pass
20-03-2018 12:27 INFO  - pants is entered in Search - Pass
20-03-2018 12:27 INFO  - Checkout Clicked is clicked - Pass
20-03-2018 12:27 INFO  - IS Cart page products is displayed is displayed - Pass
20-03-2018 12:27 INFO  - Is Cart page Displayed is displayed - Pass
20-03-2018 12:27 INFO  - Wait is displayed - Pass
20-03-2018 12:27 INFO  - scrolled to scroll to checkout - Pass
20-03-2018 12:27 INFO  - Click Checkout is clicked - Pass
20-03-2018 12:27 INFO  - Checkout Clicked is clicked - Pass
20-03-2018 12:27 INFO  - IS Cart page products is displayed is displayed - Pass
20-03-2018 12:27 INFO  - Is Cart page Displayed is displayed - Pass
20-03-2018 12:27 INFO  - Guest Checkout is displayed - Pass
20-03-2018 12:27 INFO  - scrolled to Guest Checkout - Pass
20-03-2018 12:27 INFO  - Wait is displayed - Pass
20-03-2018 12:27 INFO  - scrolled to scroll to checkout - Pass
20-03-2018 12:27 INFO  - Guest Checkout is clicked - Pass
20-03-2018 12:27 INFO  - Click Checkout is clicked - Pass
20-03-2018 12:27 INFO  - Guest Checkout is displayed - Pass
20-03-2018 12:27 INFO  - scrolled to Guest Checkout - Pass
20-03-2018 12:27 INFO  - Guest Checkout is clicked - Pass
20-03-2018 12:27 INFO  - search/PLP page is displayed - Pass
20-03-2018 12:27 INFO  - Search Count is displayed - Pass
20-03-2018 12:27 INFO  - PDP Page wait is displayed - Pass
20-03-2018 12:27 INFO  - scrolled to Scrolling - Pass
20-03-2018 12:27 INFO  - Colour Field present is displayed - Pass
20-03-2018 12:27 INFO  - Size field is displayed - Pass
20-03-2018 12:27 INFO  - scrolled to Add To Bag - Pass
20-03-2018 12:27 INFO  - Add To Bag Clicked is clicked - Pass
20-03-2018 12:28 INFO  - PDP overlay is displayed - Pass
20-03-2018 12:28 INFO  - Success Overlay is displayed - Pass
20-03-2018 12:28 INFO  - Success Overlay is displayed - Pass
20-03-2018 12:28 INFO  - Guest checkout shipping screen is displayed on tapping guest chekout button is displayed - Pass
20-03-2018 12:28 INFO  - Guest checkout shipping screen is displayed on tapping guest chekout button is displayed - Pass
20-03-2018 12:28 INFO  - FirstName is entered in the field - Pass
20-03-2018 12:28 INFO  - SecondName is entered in the field - Pass
20-03-2018 12:28 INFO  - Address 1 is entered in the field - Pass
20-03-2018 12:28 INFO  - Address 2 is entered in the field - Pass
20-03-2018 12:28 INFO  - City is entered in the field - Pass
20-03-2018 12:28 INFO  - scrolled to Scrolling - Pass
20-03-2018 12:28 INFO  - Postal Code is entered in the field - Pass
20-03-2018 12:28 INFO  - Untick default billing option is clicked - Pass
20-03-2018 12:28 INFO  - PhoneNumber is entered in the field - Pass
20-03-2018 12:28 INFO  - Mail Address is entered in the field - Pass
20-03-2018 12:28 INFO  - Is Continue Checkout Button displayed is displayed - Pass
20-03-2018 12:28 INFO  - scrolled to Scroll to Continue Checkout Button - Pass
20-03-2018 12:28 INFO  - http://m.lordandtaylor.com/ is opened - Pass
20-03-2018 12:28 INFO  - Click Search is clicked - Pass
20-03-2018 12:28 INFO  - dress is entered in Search - Pass
20-03-2018 12:28 INFO  - Click Continue checkout button is clicked - Pass
20-03-2018 12:28 INFO  - Address Verification is displayed - Pass
20-03-2018 12:28 INFO  - scrolled to Clicked use as entered in address verification overlay - Pass
20-03-2018 12:28 INFO  - Checkout Clicked is clicked - Pass
20-03-2018 12:28 INFO  - IS Cart page products is displayed is displayed - Pass
20-03-2018 12:28 INFO  - Is Cart page Displayed is displayed - Pass
20-03-2018 12:28 INFO  - Wait is displayed - Pass
20-03-2018 12:28 INFO  - scrolled to scroll to checkout - Pass
20-03-2018 12:28 INFO  - Click Checkout is clicked - Pass
20-03-2018 12:28 INFO  - Guest Checkout is displayed - Pass
20-03-2018 12:28 INFO  - scrolled to Guest Checkout - Pass
20-03-2018 12:28 INFO  - Guest Checkout is clicked - Pass
20-03-2018 12:28 INFO  - search/PLP page is displayed - Pass
20-03-2018 12:28 INFO  - Search Count is displayed - Pass
20-03-2018 12:28 ERROR - TimeoutException
org.openqa.selenium.TimeoutException: Expected condition failed: waiting for visibility of element located by By.id: pdpAddtoBagBtn (tried for 10 second(s) with 500 MILLISECONDS interval)
	at org.openqa.selenium.support.ui.WebDriverWait.timeoutException(WebDriverWait.java:82)
	at org.openqa.selenium.support.ui.FluentWait.until(FluentWait.java:231)
	at com.skava.framework.action.SeleniumActionEngine.explicitWaitforVisibility(SeleniumActionEngine.java:183)
	at com.skava.framework.action.SeleniumActionEngine.isElementDisplayed(SeleniumActionEngine.java:201)
	at com.skava.reusable.components.CheckoutComponents.addressVerification(CheckoutComponents.java:115)
	at com.skava.testcases.LT_1081_GuestCheckout_AddShipping.LT_1081_GuestCheckout_Add_Shipping(LT_1081_GuestCheckout_AddShipping.java:39)
	at sun.reflect.NativeMethodAccessorImpl.invoke0(Native Method)
	at sun.reflect.NativeMethodAccessorImpl.invoke(Unknown Source)
	at sun.reflect.DelegatingMethodAccessorImpl.invoke(Unknown Source)
	at java.lang.reflect.Method.invoke(Unknown Source)
	at org.testng.internal.MethodInvocationHelper.invokeMethod(MethodInvocationHelper.java:108)
	at org.testng.internal.Invoker.invokeMethod(Invoker.java:669)
	at org.testng.internal.Invoker.invokeTestMethod(Invoker.java:877)
	at org.testng.internal.Invoker.invokeTestMethods(Invoker.java:1201)
	at org.testng.internal.TestMethodWorker.invokeTestMethods(TestMethodWorker.java:125)
	at org.testng.internal.TestMethodWorker.run(TestMethodWorker.java:109)
	at java.util.concurrent.ThreadPoolExecutor.runWorker(Unknown Source)
	at java.util.concurrent.ThreadPoolExecutor$Worker.run(Unknown Source)
	at java.lang.Thread.run(Unknown Source)
Caused by: org.openqa.selenium.NoSuchElementException: Cannot locate an element using By.id: pdpAddtoBagBtn
For documentation on this error, please visit: http://seleniumhq.org/exceptions/no_such_element.html
Build info: version: '3.2.0', revision: '8c03df6b79', time: '2017-02-23 10:51:31 +0000'
System info: host: 'DESKTOP-AQOISD1', ip: '192.168.234.84', os.name: 'Windows 10', os.arch: 'amd64', os.version: '10.0', java.version: '1.8.0_112'
Driver info: driver.version: unknown
	at org.openqa.selenium.support.ui.ExpectedConditions.lambda$findElement$0(ExpectedConditions.java:882)
	at java.util.Optional.orElseThrow(Unknown Source)
	at org.openqa.selenium.support.ui.ExpectedConditions.findElement(ExpectedConditions.java:881)
	at org.openqa.selenium.support.ui.ExpectedConditions.access$000(ExpectedConditions.java:43)
	at org.openqa.selenium.support.ui.ExpectedConditions$7.apply(ExpectedConditions.java:205)
	at org.openqa.selenium.support.ui.ExpectedConditions$7.apply(ExpectedConditions.java:201)
	at org.openqa.selenium.support.ui.FluentWait.until(FluentWait.java:208)
	... 17 more
20-03-2018 12:28 ERROR - wait is not present - failed
20-03-2018 12:28 INFO  - Clicked OK is displayed - Pass
20-03-2018 12:28 INFO  - Clicked OK is clicked - Pass
20-03-2018 12:28 INFO  - PDP Page wait is displayed - Pass
20-03-2018 12:28 INFO  - scrolled to Scrolling - Pass
20-03-2018 12:28 INFO  - Colour Field present is displayed - Pass
20-03-2018 12:28 INFO  - Guest checkout shipping screen is displayed on tapping guest chekout button is displayed - Pass
20-03-2018 12:28 INFO  - FirstName is entered in the field - Pass
20-03-2018 12:28 INFO  - SecondName is entered in the field - Pass
20-03-2018 12:28 INFO  - Size field is displayed - Pass
20-03-2018 12:28 INFO  - Address 1 is entered in the field - Pass
20-03-2018 12:28 INFO  - Address 2 is entered in the field - Pass
20-03-2018 12:28 INFO  - scrolled to Add To Bag - Pass
20-03-2018 12:28 INFO  - Add To Bag Clicked is clicked - Pass
20-03-2018 12:28 INFO  - City is entered in the field - Pass
20-03-2018 12:28 INFO  - scrolled to Scrolling - Pass
20-03-2018 12:28 INFO  - Postal Code is entered in the field - Pass
20-03-2018 12:28 INFO  - PhoneNumber is entered in the field - Pass
20-03-2018 12:28 INFO  - Mail Address is entered in the field - Pass
20-03-2018 12:28 INFO  - Is Continue Checkout Button displayed is displayed - Pass
20-03-2018 12:28 INFO  - scrolled to Scroll to Continue Checkout Button - Pass
20-03-2018 12:28 INFO  - Click Continue checkout button is clicked - Pass
20-03-2018 12:28 INFO  - PDP overlay is displayed - Pass
20-03-2018 12:28 INFO  - Success Overlay is displayed - Pass
20-03-2018 12:28 INFO  - Success Overlay is displayed - Pass
20-03-2018 12:28 INFO  - Address Verification is displayed - Pass
20-03-2018 12:28 INFO  - scrolled to Clicked use as entered in address verification overlay - Pass
20-03-2018 12:28 INFO  - http://m.lordandtaylor.com/ is opened - Pass
20-03-2018 12:28 INFO  - Click Search is clicked - Pass
20-03-2018 12:28 INFO  - shoes is entered in Search - Pass
20-03-2018 12:28 ERROR - TimeoutException
org.openqa.selenium.TimeoutException: Expected condition failed: waiting for visibility of element located by By.id: pdpAddtoBagBtn (tried for 10 second(s) with 500 MILLISECONDS interval)
	at org.openqa.selenium.support.ui.WebDriverWait.timeoutException(WebDriverWait.java:82)
	at org.openqa.selenium.support.ui.FluentWait.until(FluentWait.java:231)
	at com.skava.framework.action.SeleniumActionEngine.explicitWaitforVisibility(SeleniumActionEngine.java:183)
	at com.skava.framework.action.SeleniumActionEngine.isElementDisplayed(SeleniumActionEngine.java:201)
	at com.skava.reusable.components.CheckoutComponents.addressVerification(CheckoutComponents.java:115)
	at com.skava.testcases.LT_1083_Payment_Page_Guest_Validation.LT_1083_Payment_Page_Guest_Validation(LT_1083_Payment_Page_Guest_Validation.java:41)
	at sun.reflect.NativeMethodAccessorImpl.invoke0(Native Method)
	at sun.reflect.NativeMethodAccessorImpl.invoke(Unknown Source)
	at sun.reflect.DelegatingMethodAccessorImpl.invoke(Unknown Source)
	at java.lang.reflect.Method.invoke(Unknown Source)
	at org.testng.internal.MethodInvocationHelper.invokeMethod(MethodInvocationHelper.java:108)
	at org.testng.internal.Invoker.invokeMethod(Invoker.java:669)
	at org.testng.internal.Invoker.invokeTestMethod(Invoker.java:877)
	at org.testng.internal.Invoker.invokeTestMethods(Invoker.java:1201)
	at org.testng.internal.TestMethodWorker.invokeTestMethods(TestMethodWorker.java:125)
	at org.testng.internal.TestMethodWorker.run(TestMethodWorker.java:109)
	at java.util.concurrent.ThreadPoolExecutor.runWorker(Unknown Source)
	at java.util.concurrent.ThreadPoolExecutor$Worker.run(Unknown Source)
	at java.lang.Thread.run(Unknown Source)
Caused by: org.openqa.selenium.NoSuchElementException: Cannot locate an element using By.id: pdpAddtoBagBtn
For documentation on this error, please visit: http://seleniumhq.org/exceptions/no_such_element.html
Build info: version: '3.2.0', revision: '8c03df6b79', time: '2017-02-23 10:51:31 +0000'
System info: host: 'DESKTOP-AQOISD1', ip: '192.168.234.84', os.name: 'Windows 10', os.arch: 'amd64', os.version: '10.0', java.version: '1.8.0_112'
Driver info: driver.version: unknown
	at org.openqa.selenium.support.ui.ExpectedConditions.lambda$findElement$0(ExpectedConditions.java:882)
	at java.util.Optional.orElseThrow(Unknown Source)
	at org.openqa.selenium.support.ui.ExpectedConditions.findElement(ExpectedConditions.java:881)
	at org.openqa.selenium.support.ui.ExpectedConditions.access$000(ExpectedConditions.java:43)
	at org.openqa.selenium.support.ui.ExpectedConditions$7.apply(ExpectedConditions.java:205)
	at org.openqa.selenium.support.ui.ExpectedConditions$7.apply(ExpectedConditions.java:201)
	at org.openqa.selenium.support.ui.FluentWait.until(FluentWait.java:208)
	... 17 more
20-03-2018 12:28 ERROR - wait is not present - failed
20-03-2018 12:28 INFO  - Clicked OK is displayed - Pass
20-03-2018 12:28 INFO  - Clicked OK is clicked - Pass
20-03-2018 12:29 INFO  - Place Order Page is displayed - Pass
20-03-2018 12:29 INFO  - search/PLP page is displayed - Pass
20-03-2018 12:29 INFO  - Search Count is displayed - Pass
20-03-2018 12:29 INFO  - PDP Page wait is displayed - Pass
20-03-2018 12:29 INFO  - scrolled to Scrolling - Pass
20-03-2018 12:29 INFO  - http://m.lordandtaylor.com/ is opened - Pass
20-03-2018 12:29 INFO  - Click Search is clicked - Pass
20-03-2018 12:29 INFO  - shirts is entered in Search - Pass
20-03-2018 12:29 INFO  - Colour Field present is displayed - Pass
20-03-2018 12:29 INFO  - Size field is displayed - Pass
20-03-2018 12:29 INFO  - scrolled to Add To Bag - Pass
20-03-2018 12:29 INFO  - Add To Bag Clicked is clicked - Pass
20-03-2018 12:29 INFO  - PDP overlay is displayed - Pass
20-03-2018 12:29 INFO  - Success Overlay is displayed - Pass
20-03-2018 12:29 INFO  - Success Overlay is displayed - Pass
20-03-2018 12:29 INFO  - search/PLP page is displayed - Pass
20-03-2018 12:29 INFO  - Search Count is displayed - Pass
20-03-2018 12:29 INFO  - PDP Page wait is displayed - Pass
20-03-2018 12:29 INFO  - scrolled to Scrolling - Pass
20-03-2018 12:29 INFO  - Colour Field present is displayed - Pass
20-03-2018 12:29 INFO  - Checkout Clicked is clicked - Pass
20-03-2018 12:29 INFO  - IS Cart page products is displayed is displayed - Pass
20-03-2018 12:29 INFO  - Is Cart page Displayed is displayed - Pass
20-03-2018 12:29 INFO  - scrolled to BackToUSShipping - Pass
20-03-2018 12:29 INFO  - Size field is displayed - Pass
20-03-2018 12:29 INFO  - scrolled to Add To Bag - Pass
20-03-2018 12:29 INFO  - Add To Bag Clicked is clicked - Pass
20-03-2018 12:29 INFO  - PDP overlay is displayed - Pass
20-03-2018 12:29 INFO  - Success Overlay is displayed - Pass
20-03-2018 12:29 INFO  - Success Overlay is displayed - Pass
20-03-2018 12:29 INFO  - BackToUSShipping is clicked - Pass
20-03-2018 12:29 INFO  - Wait is displayed - Pass
20-03-2018 12:29 INFO  - scrolled to scroll to checkout - Pass
20-03-2018 12:29 INFO  - Click Checkout is clicked - Pass
20-03-2018 12:29 INFO  - Guest Checkout is displayed - Pass
20-03-2018 12:29 INFO  - scrolled to Guest Checkout - Pass
20-03-2018 12:29 INFO  - Guest Checkout is clicked - Pass
20-03-2018 12:29 INFO  - Checkout Clicked is clicked - Pass
20-03-2018 12:29 INFO  - IS Cart page products is displayed is displayed - Pass
20-03-2018 12:29 INFO  - Is Cart page Displayed is displayed - Pass
20-03-2018 12:29 INFO  - scrolled to BackToUSShipping - Pass
20-03-2018 12:29 INFO  - Guest checkout shipping screen is displayed on tapping guest chekout button is displayed - Pass
20-03-2018 12:29 INFO  - FirstName is entered in the field - Pass
20-03-2018 12:29 INFO  - SecondName is entered in the field - Pass
20-03-2018 12:29 INFO  - Address 1 is entered in the field - Pass
20-03-2018 12:29 INFO  - Address 2 is entered in the field - Pass
20-03-2018 12:30 INFO  - City is entered in the field - Pass
20-03-2018 12:30 INFO  - scrolled to Scrolling - Pass
20-03-2018 12:30 INFO  - Postal Code is entered in the field - Pass
20-03-2018 12:30 INFO  - PhoneNumber is entered in the field - Pass
20-03-2018 12:30 INFO  - Mail Address is entered in the field - Pass
20-03-2018 12:30 INFO  - Is Continue Checkout Button displayed is displayed - Pass
20-03-2018 12:30 INFO  - scrolled to Scroll to Continue Checkout Button - Pass
20-03-2018 12:30 INFO  - Click Continue checkout button is clicked - Pass
20-03-2018 12:30 INFO  - BackToUSShipping is clicked - Pass
20-03-2018 12:30 INFO  - Wait is displayed - Pass
20-03-2018 12:30 INFO  - Address Verification is displayed - Pass
20-03-2018 12:30 INFO  - scrolled to scroll to checkout - Pass
20-03-2018 12:30 INFO  - scrolled to Clicked use as entered in address verification overlay - Pass
20-03-2018 12:30 INFO  - Click Checkout is clicked - Pass
20-03-2018 12:30 INFO  - Guest Checkout is displayed - Pass
20-03-2018 12:30 INFO  - scrolled to Guest Checkout - Pass
20-03-2018 12:30 INFO  - Guest Checkout is clicked - Pass
20-03-2018 12:30 ERROR - TimeoutException
org.openqa.selenium.TimeoutException: Expected condition failed: waiting for visibility of element located by By.id: pdpAddtoBagBtn (tried for 10 second(s) with 500 MILLISECONDS interval)
	at org.openqa.selenium.support.ui.WebDriverWait.timeoutException(WebDriverWait.java:82)
	at org.openqa.selenium.support.ui.FluentWait.until(FluentWait.java:231)
	at com.skava.framework.action.SeleniumActionEngine.explicitWaitforVisibility(SeleniumActionEngine.java:183)
	at com.skava.framework.action.SeleniumActionEngine.isElementDisplayed(SeleniumActionEngine.java:201)
	at com.skava.reusable.components.CheckoutComponents.addressVerification(CheckoutComponents.java:115)
	at com.skava.testcases.LT_1235_GuestCheckout_Payment_FiledCheck.LT_1235_GuestCheckout_Payment_FiledCheck(LT_1235_GuestCheckout_Payment_FiledCheck.java:40)
	at sun.reflect.NativeMethodAccessorImpl.invoke0(Native Method)
	at sun.reflect.NativeMethodAccessorImpl.invoke(Unknown Source)
	at sun.reflect.DelegatingMethodAccessorImpl.invoke(Unknown Source)
	at java.lang.reflect.Method.invoke(Unknown Source)
	at org.testng.internal.MethodInvocationHelper.invokeMethod(MethodInvocationHelper.java:108)
	at org.testng.internal.Invoker.invokeMethod(Invoker.java:669)
	at org.testng.internal.Invoker.invokeTestMethod(Invoker.java:877)
	at org.testng.internal.Invoker.invokeTestMethods(Invoker.java:1201)
	at org.testng.internal.TestMethodWorker.invokeTestMethods(TestMethodWorker.java:125)
	at org.testng.internal.TestMethodWorker.run(TestMethodWorker.java:109)
	at java.util.concurrent.ThreadPoolExecutor.runWorker(Unknown Source)
	at java.util.concurrent.ThreadPoolExecutor$Worker.run(Unknown Source)
	at java.lang.Thread.run(Unknown Source)
Caused by: org.openqa.selenium.NoSuchElementException: Cannot locate an element using By.id: pdpAddtoBagBtn
For documentation on this error, please visit: http://seleniumhq.org/exceptions/no_such_element.html
Build info: version: '3.2.0', revision: '8c03df6b79', time: '2017-02-23 10:51:31 +0000'
System info: host: 'DESKTOP-AQOISD1', ip: '192.168.234.84', os.name: 'Windows 10', os.arch: 'amd64', os.version: '10.0', java.version: '1.8.0_112'
Driver info: driver.version: unknown
	at org.openqa.selenium.support.ui.ExpectedConditions.lambda$findElement$0(ExpectedConditions.java:882)
	at java.util.Optional.orElseThrow(Unknown Source)
	at org.openqa.selenium.support.ui.ExpectedConditions.findElement(ExpectedConditions.java:881)
	at org.openqa.selenium.support.ui.ExpectedConditions.access$000(ExpectedConditions.java:43)
	at org.openqa.selenium.support.ui.ExpectedConditions$7.apply(ExpectedConditions.java:205)
	at org.openqa.selenium.support.ui.ExpectedConditions$7.apply(ExpectedConditions.java:201)
	at org.openqa.selenium.support.ui.FluentWait.until(FluentWait.java:208)
	... 17 more
20-03-2018 12:30 ERROR - wait is not present - failed
20-03-2018 12:30 INFO  - Clicked OK is displayed - Pass
20-03-2018 12:30 INFO  - Clicked OK is clicked - Pass
20-03-2018 12:30 INFO  - Guest checkout shipping screen is displayed on tapping guest chekout button is displayed - Pass
20-03-2018 12:30 INFO  - FirstName is entered in the field - Pass
20-03-2018 12:30 INFO  - SecondName is entered in the field - Pass
20-03-2018 12:30 INFO  - Address 1 is entered in the field - Pass
20-03-2018 12:30 INFO  - Address 2 is entered in the field - Pass
20-03-2018 12:30 INFO  - City is entered in the field - Pass
20-03-2018 12:30 INFO  - scrolled to Scrolling - Pass
20-03-2018 12:30 INFO  - Postal Code is entered in the field - Pass
20-03-2018 12:30 INFO  - PhoneNumber is entered in the field - Pass
20-03-2018 12:30 INFO  - Mail Address is entered in the field - Pass
20-03-2018 12:30 INFO  - Is Continue Checkout Button displayed is displayed - Pass
20-03-2018 12:30 INFO  - scrolled to Scroll to Continue Checkout Button - Pass
20-03-2018 12:30 INFO  - Click Continue checkout button is clicked - Pass
20-03-2018 12:30 INFO  - Place Order Page is displayed - Pass
20-03-2018 12:30 INFO  - Payment section is displayed - Pass
20-03-2018 12:30 INFO  - Payment section is displayed - Pass
20-03-2018 12:30 INFO  - scrolled to scroll to gift section - Pass
20-03-2018 12:30 INFO  - Payment gift card section is displayed - Pass
20-03-2018 12:30 INFO  - scrolled to scroll to promo code section - Pass
20-03-2018 12:30 INFO  - Payment promo code section is displayed - Pass
20-03-2018 12:30 INFO  - scrolled to scroll to create account section - Pass
20-03-2018 12:30 INFO  - Payment create account section is displayed - Pass
20-03-2018 12:30 INFO  - Address Verification is displayed - Pass
20-03-2018 12:30 INFO  - scrolled to Clicked use as entered in address verification overlay - Pass
20-03-2018 12:30 ERROR - TimeoutException
org.openqa.selenium.TimeoutException: Expected condition failed: waiting for visibility of element located by By.id: pdpAddtoBagBtn (tried for 10 second(s) with 500 MILLISECONDS interval)
	at org.openqa.selenium.support.ui.WebDriverWait.timeoutException(WebDriverWait.java:82)
	at org.openqa.selenium.support.ui.FluentWait.until(FluentWait.java:231)
	at com.skava.framework.action.SeleniumActionEngine.explicitWaitforVisibility(SeleniumActionEngine.java:183)
	at com.skava.framework.action.SeleniumActionEngine.isElementDisplayed(SeleniumActionEngine.java:201)
	at com.skava.reusable.components.CheckoutComponents.addressVerification(CheckoutComponents.java:115)
	at com.skava.testcases.LT_1236_GuestCheckout_Payment_FieldCheck.LT_1236_GuestCheckout_Payment_FieldCheck(LT_1236_GuestCheckout_Payment_FieldCheck.java:40)
	at sun.reflect.NativeMethodAccessorImpl.invoke0(Native Method)
	at sun.reflect.NativeMethodAccessorImpl.invoke(Unknown Source)
	at sun.reflect.DelegatingMethodAccessorImpl.invoke(Unknown Source)
	at java.lang.reflect.Method.invoke(Unknown Source)
	at org.testng.internal.MethodInvocationHelper.invokeMethod(MethodInvocationHelper.java:108)
	at org.testng.internal.Invoker.invokeMethod(Invoker.java:669)
	at org.testng.internal.Invoker.invokeTestMethod(Invoker.java:877)
	at org.testng.internal.Invoker.invokeTestMethods(Invoker.java:1201)
	at org.testng.internal.TestMethodWorker.invokeTestMethods(TestMethodWorker.java:125)
	at org.testng.internal.TestMethodWorker.run(TestMethodWorker.java:109)
	at java.util.concurrent.ThreadPoolExecutor.runWorker(Unknown Source)
	at java.util.concurrent.ThreadPoolExecutor$Worker.run(Unknown Source)
	at java.lang.Thread.run(Unknown Source)
Caused by: org.openqa.selenium.NoSuchElementException: Cannot locate an element using By.id: pdpAddtoBagBtn
For documentation on this error, please visit: http://seleniumhq.org/exceptions/no_such_element.html
Build info: version: '3.2.0', revision: '8c03df6b79', time: '2017-02-23 10:51:31 +0000'
System info: host: 'DESKTOP-AQOISD1', ip: '192.168.234.84', os.name: 'Windows 10', os.arch: 'amd64', os.version: '10.0', java.version: '1.8.0_112'
Driver info: driver.version: unknown
	at org.openqa.selenium.support.ui.ExpectedConditions.lambda$findElement$0(ExpectedConditions.java:882)
	at java.util.Optional.orElseThrow(Unknown Source)
	at org.openqa.selenium.support.ui.ExpectedConditions.findElement(ExpectedConditions.java:881)
	at org.openqa.selenium.support.ui.ExpectedConditions.access$000(ExpectedConditions.java:43)
	at org.openqa.selenium.support.ui.ExpectedConditions$7.apply(ExpectedConditions.java:205)
	at org.openqa.selenium.support.ui.ExpectedConditions$7.apply(ExpectedConditions.java:201)
	at org.openqa.selenium.support.ui.FluentWait.until(FluentWait.java:208)
	... 17 more
20-03-2018 12:30 ERROR - wait is not present - failed
20-03-2018 12:30 INFO  - Clicked OK is displayed - Pass
20-03-2018 12:30 INFO  - Clicked OK is clicked - Pass
20-03-2018 12:30 INFO  - Place Order Page is displayed - Pass
20-03-2018 12:30 INFO  - Payment section is displayed - Pass
20-03-2018 12:30 INFO  - Payment section is displayed - Pass
20-03-2018 12:30 INFO  - Payment type is displayed - Pass
20-03-2018 12:30 INFO  - Card no  is displayed - Pass
20-03-2018 12:30 INFO  - Card name  is displayed - Pass
20-03-2018 12:30 INFO  - Card  exp month is displayed - Pass
20-03-2018 12:30 INFO  - Card  exp year is displayed - Pass
20-03-2018 12:30 INFO  - Card  CVV is displayed - Pass
20-03-2018 12:30 INFO  - scrolled to scroll to gift section - Pass
20-03-2018 12:30 INFO  - Payment gift card section is displayed - Pass
20-03-2018 12:30 INFO  - Gift Card No is displayed - Pass
20-03-2018 12:30 INFO  - Gift Card Pin is displayed - Pass
20-03-2018 12:30 INFO  - scrolled to scroll to promo code section - Pass
20-03-2018 12:30 INFO  - Payment promo code section is displayed - Pass
20-03-2018 12:30 INFO  - Promo code field is displayed - Pass
20-03-2018 12:30 INFO  - scrolled to scroll to create account section - Pass
20-03-2018 12:30 INFO  - Payment create account section is displayed - Pass
20-03-2018 12:30 INFO  - Account password field is displayed - Pass
20-03-2018 12:30 INFO  - Account confirm password field is displayed - Pass
20-03-2018 12:30 INFO  - Account password hint field is displayed - Pass
20-03-2018 12:33 ERROR - TimeoutException
org.openqa.selenium.TimeoutException: timeout
  (Session info: chrome=64.0.3282.186)
  (Driver info: chromedriver=2.33.506120 (e3e53437346286c0bc2d2dc9aa4915ba81d9023f),platform=Windows NT 10.0.16299 x86_64) (WARNING: The server did not provide any stacktrace information)
Command duration or timeout: 300.08 seconds
Build info: version: '3.2.0', revision: '8c03df6b79', time: '2017-02-23 10:51:31 +0000'
System info: host: 'DESKTOP-AQOISD1', ip: '192.168.234.84', os.name: 'Windows 10', os.arch: 'amd64', os.version: '10.0', java.version: '1.8.0_112'
Driver info: org.openqa.selenium.chrome.ChromeDriver
Capabilities [{applicationCacheEnabled=false, rotatable=false, mobileEmulationEnabled=false, networkConnectionEnabled=false, chrome={chromedriverVersion=2.33.506120 (e3e53437346286c0bc2d2dc9aa4915ba81d9023f), userDataDir=C:\Users\arunraj.n\AppData\Local\Temp\scoped_dir12908_3815}, takesHeapSnapshot=true, pageLoadStrategy=normal, databaseEnabled=false, handlesAlerts=true, hasTouchScreen=false, version=64.0.3282.186, platform=XP, browserConnectionEnabled=false, nativeEvents=true, acceptSslCerts=true, locationContextEnabled=true, webStorageEnabled=true, browserName=chrome, takesScreenshot=true, javascriptEnabled=true, cssSelectorsEnabled=true, setWindowRect=true, unexpectedAlertBehaviour=}]
Session ID: 8182541699560f2bfaeb52cc8b4c269a
	at sun.reflect.NativeConstructorAccessorImpl.newInstance0(Native Method)
	at sun.reflect.NativeConstructorAccessorImpl.newInstance(Unknown Source)
	at sun.reflect.DelegatingConstructorAccessorImpl.newInstance(Unknown Source)
	at java.lang.reflect.Constructor.newInstance(Unknown Source)
	at org.openqa.selenium.remote.ErrorHandler.createThrowable(ErrorHandler.java:216)
	at org.openqa.selenium.remote.ErrorHandler.throwIfResponseFailed(ErrorHandler.java:168)
	at org.openqa.selenium.remote.RemoteWebDriver.execute(RemoteWebDriver.java:638)
	at org.openqa.selenium.remote.RemoteWebElement.execute(RemoteWebElement.java:274)
	at org.openqa.selenium.remote.RemoteWebElement.click(RemoteWebElement.java:84)
	at com.skava.framework.action.SeleniumActionEngine.clickElement(SeleniumActionEngine.java:103)
	at com.skava.reusable.components.PLPandPDPComponents.cartSuccess_OverLay(PLPandPDPComponents.java:390)
	at com.skava.testcases.LT_1176_Review_Order_PlaceOrder_Button_Validation.LT_1176_Review_Order_PlaceOrder_Button_Validation(LT_1176_Review_Order_PlaceOrder_Button_Validation.java:32)
	at sun.reflect.NativeMethodAccessorImpl.invoke0(Native Method)
	at sun.reflect.NativeMethodAccessorImpl.invoke(Unknown Source)
	at sun.reflect.DelegatingMethodAccessorImpl.invoke(Unknown Source)
	at java.lang.reflect.Method.invoke(Unknown Source)
	at org.testng.internal.MethodInvocationHelper.invokeMethod(MethodInvocationHelper.java:108)
	at org.testng.internal.Invoker.invokeMethod(Invoker.java:669)
	at org.testng.internal.Invoker.invokeTestMethod(Invoker.java:877)
	at org.testng.internal.Invoker.invokeTestMethods(Invoker.java:1201)
	at org.testng.internal.TestMethodWorker.invokeTestMethods(TestMethodWorker.java:125)
	at org.testng.internal.TestMethodWorker.run(TestMethodWorker.java:109)
	at java.util.concurrent.ThreadPoolExecutor.runWorker(Unknown Source)
	at java.util.concurrent.ThreadPoolExecutor$Worker.run(Unknown Source)
	at java.lang.Thread.run(Unknown Source)
20-03-2018 12:33 ERROR - Checkout Clickedis not present - failed
20-03-2018 12:33 INFO  - IS Cart page products is displayed is displayed - Pass
20-03-2018 12:33 INFO  - Is Cart page Displayed is displayed - Pass
20-03-2018 12:33 INFO  - Wait is displayed - Pass
20-03-2018 12:33 INFO  - scrolled to scroll to checkout - Pass
20-03-2018 12:33 INFO  - Click Checkout is clicked - Pass
20-03-2018 12:33 INFO  - Guest Checkout is displayed - Pass
20-03-2018 12:33 INFO  - scrolled to Guest Checkout - Pass
20-03-2018 12:33 INFO  - Guest Checkout is clicked - Pass
20-03-2018 12:34 ERROR - TimeoutException
org.openqa.selenium.TimeoutException: Expected condition failed: waiting for visibility of element located by By.xpath: //*[@id='save_shipping_address_service'] (tried for 40 second(s) with 500 MILLISECONDS interval)
	at org.openqa.selenium.support.ui.WebDriverWait.timeoutException(WebDriverWait.java:82)
	at org.openqa.selenium.support.ui.FluentWait.until(FluentWait.java:231)
	at com.skava.framework.action.SeleniumActionEngine.explicitWaitforVisibility(SeleniumActionEngine.java:183)
	at com.skava.framework.action.SeleniumActionEngine.isElementDisplayed(SeleniumActionEngine.java:201)
	at com.skava.reusable.components.CheckoutComponents.isShippingPageDisplayed(CheckoutComponents.java:256)
	at com.skava.testcases.LT_1176_Review_Order_PlaceOrder_Button_Validation.LT_1176_Review_Order_PlaceOrder_Button_Validation(LT_1176_Review_Order_PlaceOrder_Button_Validation.java:37)
	at sun.reflect.NativeMethodAccessorImpl.invoke0(Native Method)
	at sun.reflect.NativeMethodAccessorImpl.invoke(Unknown Source)
	at sun.reflect.DelegatingMethodAccessorImpl.invoke(Unknown Source)
	at java.lang.reflect.Method.invoke(Unknown Source)
	at org.testng.internal.MethodInvocationHelper.invokeMethod(MethodInvocationHelper.java:108)
	at org.testng.internal.Invoker.invokeMethod(Invoker.java:669)
	at org.testng.internal.Invoker.invokeTestMethod(Invoker.java:877)
	at org.testng.internal.Invoker.invokeTestMethods(Invoker.java:1201)
	at org.testng.internal.TestMethodWorker.invokeTestMethods(TestMethodWorker.java:125)
	at org.testng.internal.TestMethodWorker.run(TestMethodWorker.java:109)
	at java.util.concurrent.ThreadPoolExecutor.runWorker(Unknown Source)
	at java.util.concurrent.ThreadPoolExecutor$Worker.run(Unknown Source)
	at java.lang.Thread.run(Unknown Source)
Caused by: org.openqa.selenium.NoSuchElementException: Cannot locate an element using By.xpath: //*[@id='save_shipping_address_service']
For documentation on this error, please visit: http://seleniumhq.org/exceptions/no_such_element.html
Build info: version: '3.2.0', revision: '8c03df6b79', time: '2017-02-23 10:51:31 +0000'
System info: host: 'DESKTOP-AQOISD1', ip: '192.168.234.84', os.name: 'Windows 10', os.arch: 'amd64', os.version: '10.0', java.version: '1.8.0_112'
Driver info: driver.version: unknown
	at org.openqa.selenium.support.ui.ExpectedConditions.lambda$findElement$0(ExpectedConditions.java:882)
	at java.util.Optional.orElseThrow(Unknown Source)
	at org.openqa.selenium.support.ui.ExpectedConditions.findElement(ExpectedConditions.java:881)
	at org.openqa.selenium.support.ui.ExpectedConditions.access$000(ExpectedConditions.java:43)
	at org.openqa.selenium.support.ui.ExpectedConditions$7.apply(ExpectedConditions.java:205)
	at org.openqa.selenium.support.ui.ExpectedConditions$7.apply(ExpectedConditions.java:201)
	at org.openqa.selenium.support.ui.FluentWait.until(FluentWait.java:208)
	... 17 more
20-03-2018 12:34 ERROR - Guest checkout shipping screen is displayed on tapping guest chekout button is not present - failed
20-03-2018 12:34 ERROR - TimeoutException
org.openqa.selenium.TimeoutException: Expected condition failed: waiting for visibility of element located by By.id: shipFirst (tried for 10 second(s) with 500 MILLISECONDS interval)
	at org.openqa.selenium.support.ui.WebDriverWait.timeoutException(WebDriverWait.java:82)
	at org.openqa.selenium.support.ui.FluentWait.until(FluentWait.java:231)
	at com.skava.framework.action.SeleniumActionEngine.explicitWaitforVisibility(SeleniumActionEngine.java:183)
	at com.skava.framework.action.SeleniumActionEngine.enterText(SeleniumActionEngine.java:75)
	at com.skava.reusable.components.CheckoutComponents.enterShippingAddrs(CheckoutComponents.java:72)
	at com.skava.testcases.LT_1176_Review_Order_PlaceOrder_Button_Validation.LT_1176_Review_Order_PlaceOrder_Button_Validation(LT_1176_Review_Order_PlaceOrder_Button_Validation.java:38)
	at sun.reflect.NativeMethodAccessorImpl.invoke0(Native Method)
	at sun.reflect.NativeMethodAccessorImpl.invoke(Unknown Source)
	at sun.reflect.DelegatingMethodAccessorImpl.invoke(Unknown Source)
	at java.lang.reflect.Method.invoke(Unknown Source)
	at org.testng.internal.MethodInvocationHelper.invokeMethod(MethodInvocationHelper.java:108)
	at org.testng.internal.Invoker.invokeMethod(Invoker.java:669)
	at org.testng.internal.Invoker.invokeTestMethod(Invoker.java:877)
	at org.testng.internal.Invoker.invokeTestMethods(Invoker.java:1201)
	at org.testng.internal.TestMethodWorker.invokeTestMethods(TestMethodWorker.java:125)
	at org.testng.internal.TestMethodWorker.run(TestMethodWorker.java:109)
	at java.util.concurrent.ThreadPoolExecutor.runWorker(Unknown Source)
	at java.util.concurrent.ThreadPoolExecutor$Worker.run(Unknown Source)
	at java.lang.Thread.run(Unknown Source)
Caused by: org.openqa.selenium.NoSuchElementException: Cannot locate an element using By.id: shipFirst
For documentation on this error, please visit: http://seleniumhq.org/exceptions/no_such_element.html
Build info: version: '3.2.0', revision: '8c03df6b79', time: '2017-02-23 10:51:31 +0000'
System info: host: 'DESKTOP-AQOISD1', ip: '192.168.234.84', os.name: 'Windows 10', os.arch: 'amd64', os.version: '10.0', java.version: '1.8.0_112'
Driver info: driver.version: unknown
	at org.openqa.selenium.support.ui.ExpectedConditions.lambda$findElement$0(ExpectedConditions.java:882)
	at java.util.Optional.orElseThrow(Unknown Source)
	at org.openqa.selenium.support.ui.ExpectedConditions.findElement(ExpectedConditions.java:881)
	at org.openqa.selenium.support.ui.ExpectedConditions.access$000(ExpectedConditions.java:43)
	at org.openqa.selenium.support.ui.ExpectedConditions$7.apply(ExpectedConditions.java:205)
	at org.openqa.selenium.support.ui.ExpectedConditions$7.apply(ExpectedConditions.java:201)
	at org.openqa.selenium.support.ui.FluentWait.until(FluentWait.java:208)
	... 17 more
20-03-2018 12:34 ERROR - FirstName is not present - failed
20-03-2018 12:34 ERROR - TimeoutException
org.openqa.selenium.TimeoutException: Expected condition failed: waiting for visibility of element located by By.id: shipLast (tried for 10 second(s) with 500 MILLISECONDS interval)
	at org.openqa.selenium.support.ui.WebDriverWait.timeoutException(WebDriverWait.java:82)
	at org.openqa.selenium.support.ui.FluentWait.until(FluentWait.java:231)
	at com.skava.framework.action.SeleniumActionEngine.explicitWaitforVisibility(SeleniumActionEngine.java:183)
	at com.skava.framework.action.SeleniumActionEngine.enterText(SeleniumActionEngine.java:75)
	at com.skava.reusable.components.CheckoutComponents.enterShippingAddrs(CheckoutComponents.java:73)
	at com.skava.testcases.LT_1176_Review_Order_PlaceOrder_Button_Validation.LT_1176_Review_Order_PlaceOrder_Button_Validation(LT_1176_Review_Order_PlaceOrder_Button_Validation.java:38)
	at sun.reflect.NativeMethodAccessorImpl.invoke0(Native Method)
	at sun.reflect.NativeMethodAccessorImpl.invoke(Unknown Source)
	at sun.reflect.DelegatingMethodAccessorImpl.invoke(Unknown Source)
	at java.lang.reflect.Method.invoke(Unknown Source)
	at org.testng.internal.MethodInvocationHelper.invokeMethod(MethodInvocationHelper.java:108)
	at org.testng.internal.Invoker.invokeMethod(Invoker.java:669)
	at org.testng.internal.Invoker.invokeTestMethod(Invoker.java:877)
	at org.testng.internal.Invoker.invokeTestMethods(Invoker.java:1201)
	at org.testng.internal.TestMethodWorker.invokeTestMethods(TestMethodWorker.java:125)
	at org.testng.internal.TestMethodWorker.run(TestMethodWorker.java:109)
	at java.util.concurrent.ThreadPoolExecutor.runWorker(Unknown Source)
	at java.util.concurrent.ThreadPoolExecutor$Worker.run(Unknown Source)
	at java.lang.Thread.run(Unknown Source)
Caused by: org.openqa.selenium.NoSuchElementException: Cannot locate an element using By.id: shipLast
For documentation on this error, please visit: http://seleniumhq.org/exceptions/no_such_element.html
Build info: version: '3.2.0', revision: '8c03df6b79', time: '2017-02-23 10:51:31 +0000'
System info: host: 'DESKTOP-AQOISD1', ip: '192.168.234.84', os.name: 'Windows 10', os.arch: 'amd64', os.version: '10.0', java.version: '1.8.0_112'
Driver info: driver.version: unknown
	at org.openqa.selenium.support.ui.ExpectedConditions.lambda$findElement$0(ExpectedConditions.java:882)
	at java.util.Optional.orElseThrow(Unknown Source)
	at org.openqa.selenium.support.ui.ExpectedConditions.findElement(ExpectedConditions.java:881)
	at org.openqa.selenium.support.ui.ExpectedConditions.access$000(ExpectedConditions.java:43)
	at org.openqa.selenium.support.ui.ExpectedConditions$7.apply(ExpectedConditions.java:205)
	at org.openqa.selenium.support.ui.ExpectedConditions$7.apply(ExpectedConditions.java:201)
	at org.openqa.selenium.support.ui.FluentWait.until(FluentWait.java:208)
	... 17 more
20-03-2018 12:34 ERROR - SecondName is not present - failed
20-03-2018 12:34 ERROR - TimeoutException
org.openqa.selenium.TimeoutException: Expected condition failed: waiting for visibility of element located by By.id: shipAddress1 (tried for 10 second(s) with 500 MILLISECONDS interval)
	at org.openqa.selenium.support.ui.WebDriverWait.timeoutException(WebDriverWait.java:82)
	at org.openqa.selenium.support.ui.FluentWait.until(FluentWait.java:231)
	at com.skava.framework.action.SeleniumActionEngine.explicitWaitforVisibility(SeleniumActionEngine.java:183)
	at com.skava.framework.action.SeleniumActionEngine.enterText(SeleniumActionEngine.java:75)
	at com.skava.reusable.components.CheckoutComponents.enterShippingAddrs(CheckoutComponents.java:74)
	at com.skava.testcases.LT_1176_Review_Order_PlaceOrder_Button_Validation.LT_1176_Review_Order_PlaceOrder_Button_Validation(LT_1176_Review_Order_PlaceOrder_Button_Validation.java:38)
	at sun.reflect.NativeMethodAccessorImpl.invoke0(Native Method)
	at sun.reflect.NativeMethodAccessorImpl.invoke(Unknown Source)
	at sun.reflect.DelegatingMethodAccessorImpl.invoke(Unknown Source)
	at java.lang.reflect.Method.invoke(Unknown Source)
	at org.testng.internal.MethodInvocationHelper.invokeMethod(MethodInvocationHelper.java:108)
	at org.testng.internal.Invoker.invokeMethod(Invoker.java:669)
	at org.testng.internal.Invoker.invokeTestMethod(Invoker.java:877)
	at org.testng.internal.Invoker.invokeTestMethods(Invoker.java:1201)
	at org.testng.internal.TestMethodWorker.invokeTestMethods(TestMethodWorker.java:125)
	at org.testng.internal.TestMethodWorker.run(TestMethodWorker.java:109)
	at java.util.concurrent.ThreadPoolExecutor.runWorker(Unknown Source)
	at java.util.concurrent.ThreadPoolExecutor$Worker.run(Unknown Source)
	at java.lang.Thread.run(Unknown Source)
Caused by: org.openqa.selenium.NoSuchElementException: Cannot locate an element using By.id: shipAddress1
For documentation on this error, please visit: http://seleniumhq.org/exceptions/no_such_element.html
Build info: version: '3.2.0', revision: '8c03df6b79', time: '2017-02-23 10:51:31 +0000'
System info: host: 'DESKTOP-AQOISD1', ip: '192.168.234.84', os.name: 'Windows 10', os.arch: 'amd64', os.version: '10.0', java.version: '1.8.0_112'
Driver info: driver.version: unknown
	at org.openqa.selenium.support.ui.ExpectedConditions.lambda$findElement$0(ExpectedConditions.java:882)
	at java.util.Optional.orElseThrow(Unknown Source)
	at org.openqa.selenium.support.ui.ExpectedConditions.findElement(ExpectedConditions.java:881)
	at org.openqa.selenium.support.ui.ExpectedConditions.access$000(ExpectedConditions.java:43)
	at org.openqa.selenium.support.ui.ExpectedConditions$7.apply(ExpectedConditions.java:205)
	at org.openqa.selenium.support.ui.ExpectedConditions$7.apply(ExpectedConditions.java:201)
	at org.openqa.selenium.support.ui.FluentWait.until(FluentWait.java:208)
	... 17 more
20-03-2018 12:34 ERROR - Address 1 is not present - failed
20-03-2018 12:35 ERROR - TimeoutException
org.openqa.selenium.TimeoutException: Expected condition failed: waiting for visibility of element located by By.id: shipAddress2 (tried for 10 second(s) with 500 MILLISECONDS interval)
	at org.openqa.selenium.support.ui.WebDriverWait.timeoutException(WebDriverWait.java:82)
	at org.openqa.selenium.support.ui.FluentWait.until(FluentWait.java:231)
	at com.skava.framework.action.SeleniumActionEngine.explicitWaitforVisibility(SeleniumActionEngine.java:183)
	at com.skava.framework.action.SeleniumActionEngine.enterText(SeleniumActionEngine.java:75)
	at com.skava.reusable.components.CheckoutComponents.enterShippingAddrs(CheckoutComponents.java:75)
	at com.skava.testcases.LT_1176_Review_Order_PlaceOrder_Button_Validation.LT_1176_Review_Order_PlaceOrder_Button_Validation(LT_1176_Review_Order_PlaceOrder_Button_Validation.java:38)
	at sun.reflect.NativeMethodAccessorImpl.invoke0(Native Method)
	at sun.reflect.NativeMethodAccessorImpl.invoke(Unknown Source)
	at sun.reflect.DelegatingMethodAccessorImpl.invoke(Unknown Source)
	at java.lang.reflect.Method.invoke(Unknown Source)
	at org.testng.internal.MethodInvocationHelper.invokeMethod(MethodInvocationHelper.java:108)
	at org.testng.internal.Invoker.invokeMethod(Invoker.java:669)
	at org.testng.internal.Invoker.invokeTestMethod(Invoker.java:877)
	at org.testng.internal.Invoker.invokeTestMethods(Invoker.java:1201)
	at org.testng.internal.TestMethodWorker.invokeTestMethods(TestMethodWorker.java:125)
	at org.testng.internal.TestMethodWorker.run(TestMethodWorker.java:109)
	at java.util.concurrent.ThreadPoolExecutor.runWorker(Unknown Source)
	at java.util.concurrent.ThreadPoolExecutor$Worker.run(Unknown Source)
	at java.lang.Thread.run(Unknown Source)
Caused by: org.openqa.selenium.NoSuchElementException: Cannot locate an element using By.id: shipAddress2
For documentation on this error, please visit: http://seleniumhq.org/exceptions/no_such_element.html
Build info: version: '3.2.0', revision: '8c03df6b79', time: '2017-02-23 10:51:31 +0000'
System info: host: 'DESKTOP-AQOISD1', ip: '192.168.234.84', os.name: 'Windows 10', os.arch: 'amd64', os.version: '10.0', java.version: '1.8.0_112'
Driver info: driver.version: unknown
	at org.openqa.selenium.support.ui.ExpectedConditions.lambda$findElement$0(ExpectedConditions.java:882)
	at java.util.Optional.orElseThrow(Unknown Source)
	at org.openqa.selenium.support.ui.ExpectedConditions.findElement(ExpectedConditions.java:881)
	at org.openqa.selenium.support.ui.ExpectedConditions.access$000(ExpectedConditions.java:43)
	at org.openqa.selenium.support.ui.ExpectedConditions$7.apply(ExpectedConditions.java:205)
	at org.openqa.selenium.support.ui.ExpectedConditions$7.apply(ExpectedConditions.java:201)
	at org.openqa.selenium.support.ui.FluentWait.until(FluentWait.java:208)
	... 17 more
20-03-2018 12:35 ERROR - Address 2 is not present - failed
20-03-2018 12:35 ERROR - TimeoutException
org.openqa.selenium.TimeoutException: Expected condition failed: waiting for visibility of element located by By.id: shipCity (tried for 10 second(s) with 500 MILLISECONDS interval)
	at org.openqa.selenium.support.ui.WebDriverWait.timeoutException(WebDriverWait.java:82)
	at org.openqa.selenium.support.ui.FluentWait.until(FluentWait.java:231)
	at com.skava.framework.action.SeleniumActionEngine.explicitWaitforVisibility(SeleniumActionEngine.java:183)
	at com.skava.framework.action.SeleniumActionEngine.enterText(SeleniumActionEngine.java:75)
	at com.skava.reusable.components.CheckoutComponents.enterShippingAddrs(CheckoutComponents.java:76)
	at com.skava.testcases.LT_1176_Review_Order_PlaceOrder_Button_Validation.LT_1176_Review_Order_PlaceOrder_Button_Validation(LT_1176_Review_Order_PlaceOrder_Button_Validation.java:38)
	at sun.reflect.NativeMethodAccessorImpl.invoke0(Native Method)
	at sun.reflect.NativeMethodAccessorImpl.invoke(Unknown Source)
	at sun.reflect.DelegatingMethodAccessorImpl.invoke(Unknown Source)
	at java.lang.reflect.Method.invoke(Unknown Source)
	at org.testng.internal.MethodInvocationHelper.invokeMethod(MethodInvocationHelper.java:108)
	at org.testng.internal.Invoker.invokeMethod(Invoker.java:669)
	at org.testng.internal.Invoker.invokeTestMethod(Invoker.java:877)
	at org.testng.internal.Invoker.invokeTestMethods(Invoker.java:1201)
	at org.testng.internal.TestMethodWorker.invokeTestMethods(TestMethodWorker.java:125)
	at org.testng.internal.TestMethodWorker.run(TestMethodWorker.java:109)
	at java.util.concurrent.ThreadPoolExecutor.runWorker(Unknown Source)
	at java.util.concurrent.ThreadPoolExecutor$Worker.run(Unknown Source)
	at java.lang.Thread.run(Unknown Source)
Caused by: org.openqa.selenium.NoSuchElementException: Cannot locate an element using By.id: shipCity
For documentation on this error, please visit: http://seleniumhq.org/exceptions/no_such_element.html
Build info: version: '3.2.0', revision: '8c03df6b79', time: '2017-02-23 10:51:31 +0000'
System info: host: 'DESKTOP-AQOISD1', ip: '192.168.234.84', os.name: 'Windows 10', os.arch: 'amd64', os.version: '10.0', java.version: '1.8.0_112'
Driver info: driver.version: unknown
	at org.openqa.selenium.support.ui.ExpectedConditions.lambda$findElement$0(ExpectedConditions.java:882)
	at java.util.Optional.orElseThrow(Unknown Source)
	at org.openqa.selenium.support.ui.ExpectedConditions.findElement(ExpectedConditions.java:881)
	at org.openqa.selenium.support.ui.ExpectedConditions.access$000(ExpectedConditions.java:43)
	at org.openqa.selenium.support.ui.ExpectedConditions$7.apply(ExpectedConditions.java:205)
	at org.openqa.selenium.support.ui.ExpectedConditions$7.apply(ExpectedConditions.java:201)
	at org.openqa.selenium.support.ui.FluentWait.until(FluentWait.java:208)
	... 17 more
20-03-2018 12:35 ERROR - City is not present - failed
20-03-2018 12:35 ERROR - TimeoutException
org.openqa.selenium.TimeoutException: Expected condition failed: waiting for visibility of element located by By.xpath: //*[@name='SHIP_TO_ADDRESS<>state_cd']/option (tried for 20 second(s) with 500 MILLISECONDS interval)
	at org.openqa.selenium.support.ui.WebDriverWait.timeoutException(WebDriverWait.java:82)
	at org.openqa.selenium.support.ui.FluentWait.until(FluentWait.java:231)
	at com.skava.framework.action.SeleniumActionEngine.explicitWaitforVisibility(SeleniumActionEngine.java:183)
	at com.skava.framework.action.SeleniumActionEngine.clickRandomElement(SeleniumActionEngine.java:504)
	at com.skava.reusable.components.CheckoutComponents.enterShippingAddrs(CheckoutComponents.java:78)
	at com.skava.testcases.LT_1176_Review_Order_PlaceOrder_Button_Validation.LT_1176_Review_Order_PlaceOrder_Button_Validation(LT_1176_Review_Order_PlaceOrder_Button_Validation.java:38)
	at sun.reflect.NativeMethodAccessorImpl.invoke0(Native Method)
	at sun.reflect.NativeMethodAccessorImpl.invoke(Unknown Source)
	at sun.reflect.DelegatingMethodAccessorImpl.invoke(Unknown Source)
	at java.lang.reflect.Method.invoke(Unknown Source)
	at org.testng.internal.MethodInvocationHelper.invokeMethod(MethodInvocationHelper.java:108)
	at org.testng.internal.Invoker.invokeMethod(Invoker.java:669)
	at org.testng.internal.Invoker.invokeTestMethod(Invoker.java:877)
	at org.testng.internal.Invoker.invokeTestMethods(Invoker.java:1201)
	at org.testng.internal.TestMethodWorker.invokeTestMethods(TestMethodWorker.java:125)
	at org.testng.internal.TestMethodWorker.run(TestMethodWorker.java:109)
	at java.util.concurrent.ThreadPoolExecutor.runWorker(Unknown Source)
	at java.util.concurrent.ThreadPoolExecutor$Worker.run(Unknown Source)
	at java.lang.Thread.run(Unknown Source)
Caused by: org.openqa.selenium.NoSuchElementException: Cannot locate an element using By.xpath: //*[@name='SHIP_TO_ADDRESS<>state_cd']/option
For documentation on this error, please visit: http://seleniumhq.org/exceptions/no_such_element.html
Build info: version: '3.2.0', revision: '8c03df6b79', time: '2017-02-23 10:51:31 +0000'
System info: host: 'DESKTOP-AQOISD1', ip: '192.168.234.84', os.name: 'Windows 10', os.arch: 'amd64', os.version: '10.0', java.version: '1.8.0_112'
Driver info: driver.version: unknown
	at org.openqa.selenium.support.ui.ExpectedConditions.lambda$findElement$0(ExpectedConditions.java:882)
	at java.util.Optional.orElseThrow(Unknown Source)
	at org.openqa.selenium.support.ui.ExpectedConditions.findElement(ExpectedConditions.java:881)
	at org.openqa.selenium.support.ui.ExpectedConditions.access$000(ExpectedConditions.java:43)
	at org.openqa.selenium.support.ui.ExpectedConditions$7.apply(ExpectedConditions.java:205)
	at org.openqa.selenium.support.ui.ExpectedConditions$7.apply(ExpectedConditions.java:201)
	at org.openqa.selenium.support.ui.FluentWait.until(FluentWait.java:208)
	... 17 more
20-03-2018 12:35 ERROR - Select state from dropdown is not present - failed
20-03-2018 12:35 ERROR - TimeoutException
org.openqa.selenium.TimeoutException: Expected condition failed: waiting for visibility of element located by By.id: shipZip (tried for 10 second(s) with 500 MILLISECONDS interval)
	at org.openqa.selenium.support.ui.WebDriverWait.timeoutException(WebDriverWait.java:82)
	at org.openqa.selenium.support.ui.FluentWait.until(FluentWait.java:231)
	at com.skava.framework.action.SeleniumActionEngine.explicitWaitforVisibility(SeleniumActionEngine.java:183)
	at com.skava.framework.action.SeleniumActionEngine.scrollToElement(SeleniumActionEngine.java:433)
	at com.skava.reusable.components.CheckoutComponents.enterShippingAddrs(CheckoutComponents.java:79)
	at com.skava.testcases.LT_1176_Review_Order_PlaceOrder_Button_Validation.LT_1176_Review_Order_PlaceOrder_Button_Validation(LT_1176_Review_Order_PlaceOrder_Button_Validation.java:38)
	at sun.reflect.NativeMethodAccessorImpl.invoke0(Native Method)
	at sun.reflect.NativeMethodAccessorImpl.invoke(Unknown Source)
	at sun.reflect.DelegatingMethodAccessorImpl.invoke(Unknown Source)
	at java.lang.reflect.Method.invoke(Unknown Source)
	at org.testng.internal.MethodInvocationHelper.invokeMethod(MethodInvocationHelper.java:108)
	at org.testng.internal.Invoker.invokeMethod(Invoker.java:669)
	at org.testng.internal.Invoker.invokeTestMethod(Invoker.java:877)
	at org.testng.internal.Invoker.invokeTestMethods(Invoker.java:1201)
	at org.testng.internal.TestMethodWorker.invokeTestMethods(TestMethodWorker.java:125)
	at org.testng.internal.TestMethodWorker.run(TestMethodWorker.java:109)
	at java.util.concurrent.ThreadPoolExecutor.runWorker(Unknown Source)
	at java.util.concurrent.ThreadPoolExecutor$Worker.run(Unknown Source)
	at java.lang.Thread.run(Unknown Source)
Caused by: org.openqa.selenium.NoSuchElementException: Cannot locate an element using By.id: shipZip
For documentation on this error, please visit: http://seleniumhq.org/exceptions/no_such_element.html
Build info: version: '3.2.0', revision: '8c03df6b79', time: '2017-02-23 10:51:31 +0000'
System info: host: 'DESKTOP-AQOISD1', ip: '192.168.234.84', os.name: 'Windows 10', os.arch: 'amd64', os.version: '10.0', java.version: '1.8.0_112'
Driver info: driver.version: unknown
	at org.openqa.selenium.support.ui.ExpectedConditions.lambda$findElement$0(ExpectedConditions.java:882)
	at java.util.Optional.orElseThrow(Unknown Source)
	at org.openqa.selenium.support.ui.ExpectedConditions.findElement(ExpectedConditions.java:881)
	at org.openqa.selenium.support.ui.ExpectedConditions.access$000(ExpectedConditions.java:43)
	at org.openqa.selenium.support.ui.ExpectedConditions$7.apply(ExpectedConditions.java:205)
	at org.openqa.selenium.support.ui.ExpectedConditions$7.apply(ExpectedConditions.java:201)
	at org.openqa.selenium.support.ui.FluentWait.until(FluentWait.java:208)
	... 17 more
20-03-2018 12:35 ERROR - Scrolling is not present - failed
20-03-2018 12:36 ERROR - TimeoutException
org.openqa.selenium.TimeoutException: Expected condition failed: waiting for visibility of element located by By.id: shipZip (tried for 10 second(s) with 500 MILLISECONDS interval)
	at org.openqa.selenium.support.ui.WebDriverWait.timeoutException(WebDriverWait.java:82)
	at org.openqa.selenium.support.ui.FluentWait.until(FluentWait.java:231)
	at com.skava.framework.action.SeleniumActionEngine.explicitWaitforVisibility(SeleniumActionEngine.java:183)
	at com.skava.framework.action.SeleniumActionEngine.enterText(SeleniumActionEngine.java:75)
	at com.skava.reusable.components.CheckoutComponents.enterShippingAddrs(CheckoutComponents.java:80)
	at com.skava.testcases.LT_1176_Review_Order_PlaceOrder_Button_Validation.LT_1176_Review_Order_PlaceOrder_Button_Validation(LT_1176_Review_Order_PlaceOrder_Button_Validation.java:38)
	at sun.reflect.NativeMethodAccessorImpl.invoke0(Native Method)
	at sun.reflect.NativeMethodAccessorImpl.invoke(Unknown Source)
	at sun.reflect.DelegatingMethodAccessorImpl.invoke(Unknown Source)
	at java.lang.reflect.Method.invoke(Unknown Source)
	at org.testng.internal.MethodInvocationHelper.invokeMethod(MethodInvocationHelper.java:108)
	at org.testng.internal.Invoker.invokeMethod(Invoker.java:669)
	at org.testng.internal.Invoker.invokeTestMethod(Invoker.java:877)
	at org.testng.internal.Invoker.invokeTestMethods(Invoker.java:1201)
	at org.testng.internal.TestMethodWorker.invokeTestMethods(TestMethodWorker.java:125)
	at org.testng.internal.TestMethodWorker.run(TestMethodWorker.java:109)
	at java.util.concurrent.ThreadPoolExecutor.runWorker(Unknown Source)
	at java.util.concurrent.ThreadPoolExecutor$Worker.run(Unknown Source)
	at java.lang.Thread.run(Unknown Source)
Caused by: org.openqa.selenium.NoSuchElementException: Cannot locate an element using By.id: shipZip
For documentation on this error, please visit: http://seleniumhq.org/exceptions/no_such_element.html
Build info: version: '3.2.0', revision: '8c03df6b79', time: '2017-02-23 10:51:31 +0000'
System info: host: 'DESKTOP-AQOISD1', ip: '192.168.234.84', os.name: 'Windows 10', os.arch: 'amd64', os.version: '10.0', java.version: '1.8.0_112'
Driver info: driver.version: unknown
	at org.openqa.selenium.support.ui.ExpectedConditions.lambda$findElement$0(ExpectedConditions.java:882)
	at java.util.Optional.orElseThrow(Unknown Source)
	at org.openqa.selenium.support.ui.ExpectedConditions.findElement(ExpectedConditions.java:881)
	at org.openqa.selenium.support.ui.ExpectedConditions.access$000(ExpectedConditions.java:43)
	at org.openqa.selenium.support.ui.ExpectedConditions$7.apply(ExpectedConditions.java:205)
	at org.openqa.selenium.support.ui.ExpectedConditions$7.apply(ExpectedConditions.java:201)
	at org.openqa.selenium.support.ui.FluentWait.until(FluentWait.java:208)
	... 17 more
20-03-2018 12:36 ERROR - Postal Code is not present - failed
20-03-2018 12:36 ERROR - TimeoutException
org.openqa.selenium.TimeoutException: Expected condition failed: waiting for visibility of element located by By.id: shipPhone (tried for 10 second(s) with 500 MILLISECONDS interval)
	at org.openqa.selenium.support.ui.WebDriverWait.timeoutException(WebDriverWait.java:82)
	at org.openqa.selenium.support.ui.FluentWait.until(FluentWait.java:231)
	at com.skava.framework.action.SeleniumActionEngine.explicitWaitforVisibility(SeleniumActionEngine.java:183)
	at com.skava.framework.action.SeleniumActionEngine.enterText(SeleniumActionEngine.java:75)
	at com.skava.reusable.components.CheckoutComponents.enterShippingAddrs(CheckoutComponents.java:83)
	at com.skava.testcases.LT_1176_Review_Order_PlaceOrder_Button_Validation.LT_1176_Review_Order_PlaceOrder_Button_Validation(LT_1176_Review_Order_PlaceOrder_Button_Validation.java:38)
	at sun.reflect.NativeMethodAccessorImpl.invoke0(Native Method)
	at sun.reflect.NativeMethodAccessorImpl.invoke(Unknown Source)
	at sun.reflect.DelegatingMethodAccessorImpl.invoke(Unknown Source)
	at java.lang.reflect.Method.invoke(Unknown Source)
	at org.testng.internal.MethodInvocationHelper.invokeMethod(MethodInvocationHelper.java:108)
	at org.testng.internal.Invoker.invokeMethod(Invoker.java:669)
	at org.testng.internal.Invoker.invokeTestMethod(Invoker.java:877)
	at org.testng.internal.Invoker.invokeTestMethods(Invoker.java:1201)
	at org.testng.internal.TestMethodWorker.invokeTestMethods(TestMethodWorker.java:125)
	at org.testng.internal.TestMethodWorker.run(TestMethodWorker.java:109)
	at java.util.concurrent.ThreadPoolExecutor.runWorker(Unknown Source)
	at java.util.concurrent.ThreadPoolExecutor$Worker.run(Unknown Source)
	at java.lang.Thread.run(Unknown Source)
Caused by: org.openqa.selenium.NoSuchElementException: Cannot locate an element using By.id: shipPhone
For documentation on this error, please visit: http://seleniumhq.org/exceptions/no_such_element.html
Build info: version: '3.2.0', revision: '8c03df6b79', time: '2017-02-23 10:51:31 +0000'
System info: host: 'DESKTOP-AQOISD1', ip: '192.168.234.84', os.name: 'Windows 10', os.arch: 'amd64', os.version: '10.0', java.version: '1.8.0_112'
Driver info: driver.version: unknown
	at org.openqa.selenium.support.ui.ExpectedConditions.lambda$findElement$0(ExpectedConditions.java:882)
	at java.util.Optional.orElseThrow(Unknown Source)
	at org.openqa.selenium.support.ui.ExpectedConditions.findElement(ExpectedConditions.java:881)
	at org.openqa.selenium.support.ui.ExpectedConditions.access$000(ExpectedConditions.java:43)
	at org.openqa.selenium.support.ui.ExpectedConditions$7.apply(ExpectedConditions.java:205)
	at org.openqa.selenium.support.ui.ExpectedConditions$7.apply(ExpectedConditions.java:201)
	at org.openqa.selenium.support.ui.FluentWait.until(FluentWait.java:208)
	... 17 more
20-03-2018 12:36 ERROR - PhoneNumber is not present - failed
20-03-2018 12:36 ERROR - TimeoutException
org.openqa.selenium.TimeoutException: Expected condition failed: waiting for visibility of element located by By.id: shipEmail (tried for 10 second(s) with 500 MILLISECONDS interval)
	at org.openqa.selenium.support.ui.WebDriverWait.timeoutException(WebDriverWait.java:82)
	at org.openqa.selenium.support.ui.FluentWait.until(FluentWait.java:231)
	at com.skava.framework.action.SeleniumActionEngine.explicitWaitforVisibility(SeleniumActionEngine.java:183)
	at com.skava.framework.action.SeleniumActionEngine.enterText(SeleniumActionEngine.java:75)
	at com.skava.reusable.components.CheckoutComponents.enterShippingAddrs(CheckoutComponents.java:84)
	at com.skava.testcases.LT_1176_Review_Order_PlaceOrder_Button_Validation.LT_1176_Review_Order_PlaceOrder_Button_Validation(LT_1176_Review_Order_PlaceOrder_Button_Validation.java:38)
	at sun.reflect.NativeMethodAccessorImpl.invoke0(Native Method)
	at sun.reflect.NativeMethodAccessorImpl.invoke(Unknown Source)
	at sun.reflect.DelegatingMethodAccessorImpl.invoke(Unknown Source)
	at java.lang.reflect.Method.invoke(Unknown Source)
	at org.testng.internal.MethodInvocationHelper.invokeMethod(MethodInvocationHelper.java:108)
	at org.testng.internal.Invoker.invokeMethod(Invoker.java:669)
	at org.testng.internal.Invoker.invokeTestMethod(Invoker.java:877)
	at org.testng.internal.Invoker.invokeTestMethods(Invoker.java:1201)
	at org.testng.internal.TestMethodWorker.invokeTestMethods(TestMethodWorker.java:125)
	at org.testng.internal.TestMethodWorker.run(TestMethodWorker.java:109)
	at java.util.concurrent.ThreadPoolExecutor.runWorker(Unknown Source)
	at java.util.concurrent.ThreadPoolExecutor$Worker.run(Unknown Source)
	at java.lang.Thread.run(Unknown Source)
Caused by: org.openqa.selenium.NoSuchElementException: Cannot locate an element using By.id: shipEmail
For documentation on this error, please visit: http://seleniumhq.org/exceptions/no_such_element.html
Build info: version: '3.2.0', revision: '8c03df6b79', time: '2017-02-23 10:51:31 +0000'
System info: host: 'DESKTOP-AQOISD1', ip: '192.168.234.84', os.name: 'Windows 10', os.arch: 'amd64', os.version: '10.0', java.version: '1.8.0_112'
Driver info: driver.version: unknown
	at org.openqa.selenium.support.ui.ExpectedConditions.lambda$findElement$0(ExpectedConditions.java:882)
	at java.util.Optional.orElseThrow(Unknown Source)
	at org.openqa.selenium.support.ui.ExpectedConditions.findElement(ExpectedConditions.java:881)
	at org.openqa.selenium.support.ui.ExpectedConditions.access$000(ExpectedConditions.java:43)
	at org.openqa.selenium.support.ui.ExpectedConditions$7.apply(ExpectedConditions.java:205)
	at org.openqa.selenium.support.ui.ExpectedConditions$7.apply(ExpectedConditions.java:201)
	at org.openqa.selenium.support.ui.FluentWait.until(FluentWait.java:208)
	... 17 more
20-03-2018 12:36 ERROR - Mail Address is not present - failed
20-03-2018 12:36 INFO  - Is Continue Checkout Button displayed is displayed - Pass
20-03-2018 12:36 INFO  - scrolled to Scroll to Continue Checkout Button - Pass
20-03-2018 12:36 INFO  - Click Continue checkout button is clicked - Pass
20-03-2018 12:36 ERROR - TimeoutException
org.openqa.selenium.TimeoutException: Expected condition failed: waiting for visibility of element located by By.id: jsAddressVerificationLayer (tried for 20 second(s) with 500 MILLISECONDS interval)
	at org.openqa.selenium.support.ui.WebDriverWait.timeoutException(WebDriverWait.java:82)
	at org.openqa.selenium.support.ui.FluentWait.until(FluentWait.java:231)
	at com.skava.framework.action.SeleniumActionEngine.explicitWaitforVisibility(SeleniumActionEngine.java:183)
	at com.skava.framework.action.SeleniumActionEngine.isElementDisplayed(SeleniumActionEngine.java:201)
	at com.skava.reusable.components.CheckoutComponents.addressVerification(CheckoutComponents.java:111)
	at com.skava.testcases.LT_1176_Review_Order_PlaceOrder_Button_Validation.LT_1176_Review_Order_PlaceOrder_Button_Validation(LT_1176_Review_Order_PlaceOrder_Button_Validation.java:40)
	at sun.reflect.NativeMethodAccessorImpl.invoke0(Native Method)
	at sun.reflect.NativeMethodAccessorImpl.invoke(Unknown Source)
	at sun.reflect.DelegatingMethodAccessorImpl.invoke(Unknown Source)
	at java.lang.reflect.Method.invoke(Unknown Source)
	at org.testng.internal.MethodInvocationHelper.invokeMethod(MethodInvocationHelper.java:108)
	at org.testng.internal.Invoker.invokeMethod(Invoker.java:669)
	at org.testng.internal.Invoker.invokeTestMethod(Invoker.java:877)
	at org.testng.internal.Invoker.invokeTestMethods(Invoker.java:1201)
	at org.testng.internal.TestMethodWorker.invokeTestMethods(TestMethodWorker.java:125)
	at org.testng.internal.TestMethodWorker.run(TestMethodWorker.java:109)
	at java.util.concurrent.ThreadPoolExecutor.runWorker(Unknown Source)
	at java.util.concurrent.ThreadPoolExecutor$Worker.run(Unknown Source)
	at java.lang.Thread.run(Unknown Source)
Caused by: org.openqa.selenium.NoSuchElementException: Cannot locate an element using By.id: jsAddressVerificationLayer
For documentation on this error, please visit: http://seleniumhq.org/exceptions/no_such_element.html
Build info: version: '3.2.0', revision: '8c03df6b79', time: '2017-02-23 10:51:31 +0000'
System info: host: 'DESKTOP-AQOISD1', ip: '192.168.234.84', os.name: 'Windows 10', os.arch: 'amd64', os.version: '10.0', java.version: '1.8.0_112'
Driver info: driver.version: unknown
	at org.openqa.selenium.support.ui.ExpectedConditions.lambda$findElement$0(ExpectedConditions.java:882)
	at java.util.Optional.orElseThrow(Unknown Source)
	at org.openqa.selenium.support.ui.ExpectedConditions.findElement(ExpectedConditions.java:881)
	at org.openqa.selenium.support.ui.ExpectedConditions.access$000(ExpectedConditions.java:43)
	at org.openqa.selenium.support.ui.ExpectedConditions$7.apply(ExpectedConditions.java:205)
	at org.openqa.selenium.support.ui.ExpectedConditions$7.apply(ExpectedConditions.java:201)
	at org.openqa.selenium.support.ui.FluentWait.until(FluentWait.java:208)
	... 17 more
20-03-2018 12:36 ERROR - Address Verification is not present - failed
20-03-2018 12:37 ERROR - TimeoutException
org.openqa.selenium.TimeoutException: Expected condition failed: waiting for visibility of element located by By.id: tab-payment (tried for 20 second(s) with 500 MILLISECONDS interval)
	at org.openqa.selenium.support.ui.WebDriverWait.timeoutException(WebDriverWait.java:82)
	at org.openqa.selenium.support.ui.FluentWait.until(FluentWait.java:231)
	at com.skava.framework.action.SeleniumActionEngine.explicitWaitforVisibility(SeleniumActionEngine.java:183)
	at com.skava.framework.action.SeleniumActionEngine.isElementDisplayed(SeleniumActionEngine.java:201)
	at com.skava.reusable.components.CheckoutComponents.paymentPageValidation(CheckoutComponents.java:135)
	at com.skava.testcases.LT_1176_Review_Order_PlaceOrder_Button_Validation.LT_1176_Review_Order_PlaceOrder_Button_Validation(LT_1176_Review_Order_PlaceOrder_Button_Validation.java:41)
	at sun.reflect.NativeMethodAccessorImpl.invoke0(Native Method)
	at sun.reflect.NativeMethodAccessorImpl.invoke(Unknown Source)
	at sun.reflect.DelegatingMethodAccessorImpl.invoke(Unknown Source)
	at java.lang.reflect.Method.invoke(Unknown Source)
	at org.testng.internal.MethodInvocationHelper.invokeMethod(MethodInvocationHelper.java:108)
	at org.testng.internal.Invoker.invokeMethod(Invoker.java:669)
	at org.testng.internal.Invoker.invokeTestMethod(Invoker.java:877)
	at org.testng.internal.Invoker.invokeTestMethods(Invoker.java:1201)
	at org.testng.internal.TestMethodWorker.invokeTestMethods(TestMethodWorker.java:125)
	at org.testng.internal.TestMethodWorker.run(TestMethodWorker.java:109)
	at java.util.concurrent.ThreadPoolExecutor.runWorker(Unknown Source)
	at java.util.concurrent.ThreadPoolExecutor$Worker.run(Unknown Source)
	at java.lang.Thread.run(Unknown Source)
Caused by: org.openqa.selenium.NoSuchElementException: Cannot locate an element using By.id: tab-payment
For documentation on this error, please visit: http://seleniumhq.org/exceptions/no_such_element.html
Build info: version: '3.2.0', revision: '8c03df6b79', time: '2017-02-23 10:51:31 +0000'
System info: host: 'DESKTOP-AQOISD1', ip: '192.168.234.84', os.name: 'Windows 10', os.arch: 'amd64', os.version: '10.0', java.version: '1.8.0_112'
Driver info: driver.version: unknown
	at org.openqa.selenium.support.ui.ExpectedConditions.lambda$findElement$0(ExpectedConditions.java:882)
	at java.util.Optional.orElseThrow(Unknown Source)
	at org.openqa.selenium.support.ui.ExpectedConditions.findElement(ExpectedConditions.java:881)
	at org.openqa.selenium.support.ui.ExpectedConditions.access$000(ExpectedConditions.java:43)
	at org.openqa.selenium.support.ui.ExpectedConditions$7.apply(ExpectedConditions.java:205)
	at org.openqa.selenium.support.ui.ExpectedConditions$7.apply(ExpectedConditions.java:201)
	at org.openqa.selenium.support.ui.FluentWait.until(FluentWait.java:208)
	... 17 more
20-03-2018 12:37 ERROR - Place Order Page is not present - failed
20-03-2018 12:37 ERROR - TimeoutException
org.openqa.selenium.TimeoutException: Expected condition failed: waiting for visibility of element located by By.xpath: //*[@id='jsPaymentMethodWrap'] (tried for 20 second(s) with 500 MILLISECONDS interval)
	at org.openqa.selenium.support.ui.WebDriverWait.timeoutException(WebDriverWait.java:82)
	at org.openqa.selenium.support.ui.FluentWait.until(FluentWait.java:231)
	at com.skava.framework.action.SeleniumActionEngine.explicitWaitforVisibility(SeleniumActionEngine.java:183)
	at com.skava.framework.action.SeleniumActionEngine.isElementDisplayed(SeleniumActionEngine.java:201)
	at com.skava.reusable.components.CheckoutComponents.enterPaymentDetails(CheckoutComponents.java:164)
	at com.skava.testcases.LT_1176_Review_Order_PlaceOrder_Button_Validation.LT_1176_Review_Order_PlaceOrder_Button_Validation(LT_1176_Review_Order_PlaceOrder_Button_Validation.java:42)
	at sun.reflect.NativeMethodAccessorImpl.invoke0(Native Method)
	at sun.reflect.NativeMethodAccessorImpl.invoke(Unknown Source)
	at sun.reflect.DelegatingMethodAccessorImpl.invoke(Unknown Source)
	at java.lang.reflect.Method.invoke(Unknown Source)
	at org.testng.internal.MethodInvocationHelper.invokeMethod(MethodInvocationHelper.java:108)
	at org.testng.internal.Invoker.invokeMethod(Invoker.java:669)
	at org.testng.internal.Invoker.invokeTestMethod(Invoker.java:877)
	at org.testng.internal.Invoker.invokeTestMethods(Invoker.java:1201)
	at org.testng.internal.TestMethodWorker.invokeTestMethods(TestMethodWorker.java:125)
	at org.testng.internal.TestMethodWorker.run(TestMethodWorker.java:109)
	at java.util.concurrent.ThreadPoolExecutor.runWorker(Unknown Source)
	at java.util.concurrent.ThreadPoolExecutor$Worker.run(Unknown Source)
	at java.lang.Thread.run(Unknown Source)
Caused by: org.openqa.selenium.NoSuchElementException: Cannot locate an element using By.xpath: //*[@id='jsPaymentMethodWrap']
For documentation on this error, please visit: http://seleniumhq.org/exceptions/no_such_element.html
Build info: version: '3.2.0', revision: '8c03df6b79', time: '2017-02-23 10:51:31 +0000'
System info: host: 'DESKTOP-AQOISD1', ip: '192.168.234.84', os.name: 'Windows 10', os.arch: 'amd64', os.version: '10.0', java.version: '1.8.0_112'
Driver info: driver.version: unknown
	at org.openqa.selenium.support.ui.ExpectedConditions.lambda$findElement$0(ExpectedConditions.java:882)
	at java.util.Optional.orElseThrow(Unknown Source)
	at org.openqa.selenium.support.ui.ExpectedConditions.findElement(ExpectedConditions.java:881)
	at org.openqa.selenium.support.ui.ExpectedConditions.access$000(ExpectedConditions.java:43)
	at org.openqa.selenium.support.ui.ExpectedConditions$7.apply(ExpectedConditions.java:205)
	at org.openqa.selenium.support.ui.ExpectedConditions$7.apply(ExpectedConditions.java:201)
	at org.openqa.selenium.support.ui.FluentWait.until(FluentWait.java:208)
	... 17 more
20-03-2018 12:37 ERROR - Payment Details is not present - failed
20-03-2018 12:37 INFO  - Is Continue Checkout Button displayed is displayed - Pass
20-03-2018 12:37 INFO  - scrolled to Scroll to Continue Checkout Button - Pass
20-03-2018 12:37 ERROR - WebDriverException
org.openqa.selenium.WebDriverException: unknown error: Element is not clickable at point (192, 1211)
  (Session info: chrome=64.0.3282.186)
  (Driver info: chromedriver=2.33.506120 (e3e53437346286c0bc2d2dc9aa4915ba81d9023f),platform=Windows NT 10.0.16299 x86_64) (WARNING: The server did not provide any stacktrace information)
Command duration or timeout: 27 milliseconds
Build info: version: '3.2.0', revision: '8c03df6b79', time: '2017-02-23 10:51:31 +0000'
System info: host: 'DESKTOP-AQOISD1', ip: '192.168.234.84', os.name: 'Windows 10', os.arch: 'amd64', os.version: '10.0', java.version: '1.8.0_112'
Driver info: org.openqa.selenium.chrome.ChromeDriver
Capabilities [{applicationCacheEnabled=false, rotatable=false, mobileEmulationEnabled=false, networkConnectionEnabled=false, chrome={chromedriverVersion=2.33.506120 (e3e53437346286c0bc2d2dc9aa4915ba81d9023f), userDataDir=C:\Users\arunraj.n\AppData\Local\Temp\scoped_dir12908_3815}, takesHeapSnapshot=true, pageLoadStrategy=normal, databaseEnabled=false, handlesAlerts=true, hasTouchScreen=false, version=64.0.3282.186, platform=XP, browserConnectionEnabled=false, nativeEvents=true, acceptSslCerts=true, locationContextEnabled=true, webStorageEnabled=true, browserName=chrome, takesScreenshot=true, javascriptEnabled=true, cssSelectorsEnabled=true, setWindowRect=true, unexpectedAlertBehaviour=}]
Session ID: 8182541699560f2bfaeb52cc8b4c269a
	at sun.reflect.NativeConstructorAccessorImpl.newInstance0(Native Method)
	at sun.reflect.NativeConstructorAccessorImpl.newInstance(Unknown Source)
	at sun.reflect.DelegatingConstructorAccessorImpl.newInstance(Unknown Source)
	at java.lang.reflect.Constructor.newInstance(Unknown Source)
	at org.openqa.selenium.remote.ErrorHandler.createThrowable(ErrorHandler.java:216)
	at org.openqa.selenium.remote.ErrorHandler.throwIfResponseFailed(ErrorHandler.java:168)
	at org.openqa.selenium.remote.RemoteWebDriver.execute(RemoteWebDriver.java:638)
	at org.openqa.selenium.remote.RemoteWebElement.execute(RemoteWebElement.java:274)
	at org.openqa.selenium.remote.RemoteWebElement.click(RemoteWebElement.java:84)
	at com.skava.framework.action.SeleniumActionEngine.clickElement(SeleniumActionEngine.java:103)
	at com.skava.reusable.components.CheckoutComponents.continueCheckoutClick(CheckoutComponents.java:513)
	at com.skava.testcases.LT_1176_Review_Order_PlaceOrder_Button_Validation.LT_1176_Review_Order_PlaceOrder_Button_Validation(LT_1176_Review_Order_PlaceOrder_Button_Validation.java:44)
	at sun.reflect.NativeMethodAccessorImpl.invoke0(Native Method)
	at sun.reflect.NativeMethodAccessorImpl.invoke(Unknown Source)
	at sun.reflect.DelegatingMethodAccessorImpl.invoke(Unknown Source)
	at java.lang.reflect.Method.invoke(Unknown Source)
	at org.testng.internal.MethodInvocationHelper.invokeMethod(MethodInvocationHelper.java:108)
	at org.testng.internal.Invoker.invokeMethod(Invoker.java:669)
	at org.testng.internal.Invoker.invokeTestMethod(Invoker.java:877)
	at org.testng.internal.Invoker.invokeTestMethods(Invoker.java:1201)
	at org.testng.internal.TestMethodWorker.invokeTestMethods(TestMethodWorker.java:125)
	at org.testng.internal.TestMethodWorker.run(TestMethodWorker.java:109)
	at java.util.concurrent.ThreadPoolExecutor.runWorker(Unknown Source)
	at java.util.concurrent.ThreadPoolExecutor$Worker.run(Unknown Source)
	at java.lang.Thread.run(Unknown Source)
20-03-2018 12:37 ERROR - Click Continue checkout buttonis not present - failed
20-03-2018 12:38 ERROR - TimeoutException
org.openqa.selenium.TimeoutException: Expected condition failed: waiting for visibility of element located by By.xpath: //*[contains(@class,'reviewPage')][@style='visibility: visible;'] (tried for 40 second(s) with 500 MILLISECONDS interval)
	at org.openqa.selenium.support.ui.WebDriverWait.timeoutException(WebDriverWait.java:82)
	at org.openqa.selenium.support.ui.FluentWait.until(FluentWait.java:231)
	at com.skava.framework.action.SeleniumActionEngine.explicitWaitforVisibility(SeleniumActionEngine.java:183)
	at com.skava.framework.action.SeleniumActionEngine.isElementDisplayed(SeleniumActionEngine.java:201)
	at com.skava.reusable.components.CheckoutComponents.reviewOrderValidation(CheckoutComponents.java:227)
	at com.skava.testcases.LT_1176_Review_Order_PlaceOrder_Button_Validation.LT_1176_Review_Order_PlaceOrder_Button_Validation(LT_1176_Review_Order_PlaceOrder_Button_Validation.java:45)
	at sun.reflect.NativeMethodAccessorImpl.invoke0(Native Method)
	at sun.reflect.NativeMethodAccessorImpl.invoke(Unknown Source)
	at sun.reflect.DelegatingMethodAccessorImpl.invoke(Unknown Source)
	at java.lang.reflect.Method.invoke(Unknown Source)
	at org.testng.internal.MethodInvocationHelper.invokeMethod(MethodInvocationHelper.java:108)
	at org.testng.internal.Invoker.invokeMethod(Invoker.java:669)
	at org.testng.internal.Invoker.invokeTestMethod(Invoker.java:877)
	at org.testng.internal.Invoker.invokeTestMethods(Invoker.java:1201)
	at org.testng.internal.TestMethodWorker.invokeTestMethods(TestMethodWorker.java:125)
	at org.testng.internal.TestMethodWorker.run(TestMethodWorker.java:109)
	at java.util.concurrent.ThreadPoolExecutor.runWorker(Unknown Source)
	at java.util.concurrent.ThreadPoolExecutor$Worker.run(Unknown Source)
	at java.lang.Thread.run(Unknown Source)
Caused by: org.openqa.selenium.NoSuchElementException: Cannot locate an element using By.xpath: //*[contains(@class,'reviewPage')][@style='visibility: visible;']
For documentation on this error, please visit: http://seleniumhq.org/exceptions/no_such_element.html
Build info: version: '3.2.0', revision: '8c03df6b79', time: '2017-02-23 10:51:31 +0000'
System info: host: 'DESKTOP-AQOISD1', ip: '192.168.234.84', os.name: 'Windows 10', os.arch: 'amd64', os.version: '10.0', java.version: '1.8.0_112'
Driver info: driver.version: unknown
	at org.openqa.selenium.support.ui.ExpectedConditions.lambda$findElement$0(ExpectedConditions.java:882)
	at java.util.Optional.orElseThrow(Unknown Source)
	at org.openqa.selenium.support.ui.ExpectedConditions.findElement(ExpectedConditions.java:881)
	at org.openqa.selenium.support.ui.ExpectedConditions.access$000(ExpectedConditions.java:43)
	at org.openqa.selenium.support.ui.ExpectedConditions$7.apply(ExpectedConditions.java:205)
	at org.openqa.selenium.support.ui.ExpectedConditions$7.apply(ExpectedConditions.java:201)
	at org.openqa.selenium.support.ui.FluentWait.until(FluentWait.java:208)
	... 17 more
20-03-2018 12:38 ERROR - Review Order Page is not present - failed
20-03-2018 12:38 ERROR - TimeoutException
org.openqa.selenium.TimeoutException: Expected condition failed: waiting for visibility of element located by By.className: billing-address-summary (tried for 10 second(s) with 500 MILLISECONDS interval)
	at org.openqa.selenium.support.ui.WebDriverWait.timeoutException(WebDriverWait.java:82)
	at org.openqa.selenium.support.ui.FluentWait.until(FluentWait.java:231)
	at com.skava.framework.action.SeleniumActionEngine.explicitWaitforVisibility(SeleniumActionEngine.java:183)
	at com.skava.framework.action.SeleniumActionEngine.isElementDisplayed(SeleniumActionEngine.java:201)
	at com.skava.reusable.components.CheckoutComponents.reviewOrderValidation(CheckoutComponents.java:231)
	at com.skava.testcases.LT_1176_Review_Order_PlaceOrder_Button_Validation.LT_1176_Review_Order_PlaceOrder_Button_Validation(LT_1176_Review_Order_PlaceOrder_Button_Validation.java:45)
	at sun.reflect.NativeMethodAccessorImpl.invoke0(Native Method)
	at sun.reflect.NativeMethodAccessorImpl.invoke(Unknown Source)
	at sun.reflect.DelegatingMethodAccessorImpl.invoke(Unknown Source)
	at java.lang.reflect.Method.invoke(Unknown Source)
	at org.testng.internal.MethodInvocationHelper.invokeMethod(MethodInvocationHelper.java:108)
	at org.testng.internal.Invoker.invokeMethod(Invoker.java:669)
	at org.testng.internal.Invoker.invokeTestMethod(Invoker.java:877)
	at org.testng.internal.Invoker.invokeTestMethods(Invoker.java:1201)
	at org.testng.internal.TestMethodWorker.invokeTestMethods(TestMethodWorker.java:125)
	at org.testng.internal.TestMethodWorker.run(TestMethodWorker.java:109)
	at java.util.concurrent.ThreadPoolExecutor.runWorker(Unknown Source)
	at java.util.concurrent.ThreadPoolExecutor$Worker.run(Unknown Source)
	at java.lang.Thread.run(Unknown Source)
Caused by: org.openqa.selenium.NoSuchElementException: Cannot locate an element using By.className: billing-address-summary
For documentation on this error, please visit: http://seleniumhq.org/exceptions/no_such_element.html
Build info: version: '3.2.0', revision: '8c03df6b79', time: '2017-02-23 10:51:31 +0000'
System info: host: 'DESKTOP-AQOISD1', ip: '192.168.234.84', os.name: 'Windows 10', os.arch: 'amd64', os.version: '10.0', java.version: '1.8.0_112'
Driver info: driver.version: unknown
	at org.openqa.selenium.support.ui.ExpectedConditions.lambda$findElement$0(ExpectedConditions.java:882)
	at java.util.Optional.orElseThrow(Unknown Source)
	at org.openqa.selenium.support.ui.ExpectedConditions.findElement(ExpectedConditions.java:881)
	at org.openqa.selenium.support.ui.ExpectedConditions.access$000(ExpectedConditions.java:43)
	at org.openqa.selenium.support.ui.ExpectedConditions$7.apply(ExpectedConditions.java:205)
	at org.openqa.selenium.support.ui.ExpectedConditions$7.apply(ExpectedConditions.java:201)
	at org.openqa.selenium.support.ui.FluentWait.until(FluentWait.java:208)
	... 17 more
20-03-2018 12:38 ERROR - Billing Addrs field in Review Order Page is not present - failed
20-03-2018 12:38 ERROR - TimeoutException
org.openqa.selenium.TimeoutException: Expected condition failed: waiting for visibility of element located by By.className: payment-method-summary (tried for 10 second(s) with 500 MILLISECONDS interval)
	at org.openqa.selenium.support.ui.WebDriverWait.timeoutException(WebDriverWait.java:82)
	at org.openqa.selenium.support.ui.FluentWait.until(FluentWait.java:231)
	at com.skava.framework.action.SeleniumActionEngine.explicitWaitforVisibility(SeleniumActionEngine.java:183)
	at com.skava.framework.action.SeleniumActionEngine.isElementDisplayed(SeleniumActionEngine.java:201)
	at com.skava.reusable.components.CheckoutComponents.reviewOrderValidation(CheckoutComponents.java:235)
	at com.skava.testcases.LT_1176_Review_Order_PlaceOrder_Button_Validation.LT_1176_Review_Order_PlaceOrder_Button_Validation(LT_1176_Review_Order_PlaceOrder_Button_Validation.java:45)
	at sun.reflect.NativeMethodAccessorImpl.invoke0(Native Method)
	at sun.reflect.NativeMethodAccessorImpl.invoke(Unknown Source)
	at sun.reflect.DelegatingMethodAccessorImpl.invoke(Unknown Source)
	at java.lang.reflect.Method.invoke(Unknown Source)
	at org.testng.internal.MethodInvocationHelper.invokeMethod(MethodInvocationHelper.java:108)
	at org.testng.internal.Invoker.invokeMethod(Invoker.java:669)
	at org.testng.internal.Invoker.invokeTestMethod(Invoker.java:877)
	at org.testng.internal.Invoker.invokeTestMethods(Invoker.java:1201)
	at org.testng.internal.TestMethodWorker.invokeTestMethods(TestMethodWorker.java:125)
	at org.testng.internal.TestMethodWorker.run(TestMethodWorker.java:109)
	at java.util.concurrent.ThreadPoolExecutor.runWorker(Unknown Source)
	at java.util.concurrent.ThreadPoolExecutor$Worker.run(Unknown Source)
	at java.lang.Thread.run(Unknown Source)
Caused by: org.openqa.selenium.NoSuchElementException: Cannot locate an element using By.className: payment-method-summary
For documentation on this error, please visit: http://seleniumhq.org/exceptions/no_such_element.html
Build info: version: '3.2.0', revision: '8c03df6b79', time: '2017-02-23 10:51:31 +0000'
System info: host: 'DESKTOP-AQOISD1', ip: '192.168.234.84', os.name: 'Windows 10', os.arch: 'amd64', os.version: '10.0', java.version: '1.8.0_112'
Driver info: driver.version: unknown
	at org.openqa.selenium.support.ui.ExpectedConditions.lambda$findElement$0(ExpectedConditions.java:882)
	at java.util.Optional.orElseThrow(Unknown Source)
	at org.openqa.selenium.support.ui.ExpectedConditions.findElement(ExpectedConditions.java:881)
	at org.openqa.selenium.support.ui.ExpectedConditions.access$000(ExpectedConditions.java:43)
	at org.openqa.selenium.support.ui.ExpectedConditions$7.apply(ExpectedConditions.java:205)
	at org.openqa.selenium.support.ui.ExpectedConditions$7.apply(ExpectedConditions.java:201)
	at org.openqa.selenium.support.ui.FluentWait.until(FluentWait.java:208)
	... 17 more
20-03-2018 12:38 ERROR - Payment field in Review Order Page is not present - failed
20-03-2018 12:38 ERROR - TimeoutException
org.openqa.selenium.TimeoutException: Expected condition failed: waiting for visibility of element located by By.className: widebag-freight-shipment-list (tried for 10 second(s) with 500 MILLISECONDS interval)
	at org.openqa.selenium.support.ui.WebDriverWait.timeoutException(WebDriverWait.java:82)
	at org.openqa.selenium.support.ui.FluentWait.until(FluentWait.java:231)
	at com.skava.framework.action.SeleniumActionEngine.explicitWaitforVisibility(SeleniumActionEngine.java:183)
	at com.skava.framework.action.SeleniumActionEngine.scrollToElement(SeleniumActionEngine.java:433)
	at com.skava.reusable.components.CheckoutComponents.reviewOrderValidation(CheckoutComponents.java:239)
	at com.skava.testcases.LT_1176_Review_Order_PlaceOrder_Button_Validation.LT_1176_Review_Order_PlaceOrder_Button_Validation(LT_1176_Review_Order_PlaceOrder_Button_Validation.java:45)
	at sun.reflect.NativeMethodAccessorImpl.invoke0(Native Method)
	at sun.reflect.NativeMethodAccessorImpl.invoke(Unknown Source)
	at sun.reflect.DelegatingMethodAccessorImpl.invoke(Unknown Source)
	at java.lang.reflect.Method.invoke(Unknown Source)
	at org.testng.internal.MethodInvocationHelper.invokeMethod(MethodInvocationHelper.java:108)
	at org.testng.internal.Invoker.invokeMethod(Invoker.java:669)
	at org.testng.internal.Invoker.invokeTestMethod(Invoker.java:877)
	at org.testng.internal.Invoker.invokeTestMethods(Invoker.java:1201)
	at org.testng.internal.TestMethodWorker.invokeTestMethods(TestMethodWorker.java:125)
	at org.testng.internal.TestMethodWorker.run(TestMethodWorker.java:109)
	at java.util.concurrent.ThreadPoolExecutor.runWorker(Unknown Source)
	at java.util.concurrent.ThreadPoolExecutor$Worker.run(Unknown Source)
	at java.lang.Thread.run(Unknown Source)
Caused by: org.openqa.selenium.NoSuchElementException: Cannot locate an element using By.className: widebag-freight-shipment-list
For documentation on this error, please visit: http://seleniumhq.org/exceptions/no_such_element.html
Build info: version: '3.2.0', revision: '8c03df6b79', time: '2017-02-23 10:51:31 +0000'
System info: host: 'DESKTOP-AQOISD1', ip: '192.168.234.84', os.name: 'Windows 10', os.arch: 'amd64', os.version: '10.0', java.version: '1.8.0_112'
Driver info: driver.version: unknown
	at org.openqa.selenium.support.ui.ExpectedConditions.lambda$findElement$0(ExpectedConditions.java:882)
	at java.util.Optional.orElseThrow(Unknown Source)
	at org.openqa.selenium.support.ui.ExpectedConditions.findElement(ExpectedConditions.java:881)
	at org.openqa.selenium.support.ui.ExpectedConditions.access$000(ExpectedConditions.java:43)
	at org.openqa.selenium.support.ui.ExpectedConditions$7.apply(ExpectedConditions.java:205)
	at org.openqa.selenium.support.ui.ExpectedConditions$7.apply(ExpectedConditions.java:201)
	at org.openqa.selenium.support.ui.FluentWait.until(FluentWait.java:208)
	... 17 more
20-03-2018 12:38 ERROR - Scrolling is not present - failed
20-03-2018 12:38 ERROR - TimeoutException
org.openqa.selenium.TimeoutException: Expected condition failed: waiting for visibility of element located by By.className: widebag-freight-shipment-list (tried for 10 second(s) with 500 MILLISECONDS interval)
	at org.openqa.selenium.support.ui.WebDriverWait.timeoutException(WebDriverWait.java:82)
	at org.openqa.selenium.support.ui.FluentWait.until(FluentWait.java:231)
	at com.skava.framework.action.SeleniumActionEngine.explicitWaitforVisibility(SeleniumActionEngine.java:183)
	at com.skava.framework.action.SeleniumActionEngine.isElementDisplayed(SeleniumActionEngine.java:201)
	at com.skava.reusable.components.CheckoutComponents.reviewOrderValidation(CheckoutComponents.java:240)
	at com.skava.testcases.LT_1176_Review_Order_PlaceOrder_Button_Validation.LT_1176_Review_Order_PlaceOrder_Button_Validation(LT_1176_Review_Order_PlaceOrder_Button_Validation.java:45)
	at sun.reflect.NativeMethodAccessorImpl.invoke0(Native Method)
	at sun.reflect.NativeMethodAccessorImpl.invoke(Unknown Source)
	at sun.reflect.DelegatingMethodAccessorImpl.invoke(Unknown Source)
	at java.lang.reflect.Method.invoke(Unknown Source)
	at org.testng.internal.MethodInvocationHelper.invokeMethod(MethodInvocationHelper.java:108)
	at org.testng.internal.Invoker.invokeMethod(Invoker.java:669)
	at org.testng.internal.Invoker.invokeTestMethod(Invoker.java:877)
	at org.testng.internal.Invoker.invokeTestMethods(Invoker.java:1201)
	at org.testng.internal.TestMethodWorker.invokeTestMethods(TestMethodWorker.java:125)
	at org.testng.internal.TestMethodWorker.run(TestMethodWorker.java:109)
	at java.util.concurrent.ThreadPoolExecutor.runWorker(Unknown Source)
	at java.util.concurrent.ThreadPoolExecutor$Worker.run(Unknown Source)
	at java.lang.Thread.run(Unknown Source)
Caused by: org.openqa.selenium.NoSuchElementException: Cannot locate an element using By.className: widebag-freight-shipment-list
For documentation on this error, please visit: http://seleniumhq.org/exceptions/no_such_element.html
Build info: version: '3.2.0', revision: '8c03df6b79', time: '2017-02-23 10:51:31 +0000'
System info: host: 'DESKTOP-AQOISD1', ip: '192.168.234.84', os.name: 'Windows 10', os.arch: 'amd64', os.version: '10.0', java.version: '1.8.0_112'
Driver info: driver.version: unknown
	at org.openqa.selenium.support.ui.ExpectedConditions.lambda$findElement$0(ExpectedConditions.java:882)
	at java.util.Optional.orElseThrow(Unknown Source)
	at org.openqa.selenium.support.ui.ExpectedConditions.findElement(ExpectedConditions.java:881)
	at org.openqa.selenium.support.ui.ExpectedConditions.access$000(ExpectedConditions.java:43)
	at org.openqa.selenium.support.ui.ExpectedConditions$7.apply(ExpectedConditions.java:205)
	at org.openqa.selenium.support.ui.ExpectedConditions$7.apply(ExpectedConditions.java:201)
	at org.openqa.selenium.support.ui.FluentWait.until(FluentWait.java:208)
	... 17 more
20-03-2018 12:38 ERROR - Shipping Addrs field in Review Order Page is not present - failed
20-03-2018 12:38 INFO  - Order Summary field in Review Order Page is displayed - Pass
20-03-2018 12:38 ERROR - TimeoutException
org.openqa.selenium.TimeoutException: Expected condition failed: waiting for visibility of element located by By.id: jsReviewSubmit (tried for 10 second(s) with 500 MILLISECONDS interval)
	at org.openqa.selenium.support.ui.WebDriverWait.timeoutException(WebDriverWait.java:82)
	at org.openqa.selenium.support.ui.FluentWait.until(FluentWait.java:231)
	at com.skava.framework.action.SeleniumActionEngine.explicitWaitforVisibility(SeleniumActionEngine.java:183)
	at com.skava.framework.action.SeleniumActionEngine.isElementDisplayed(SeleniumActionEngine.java:201)
	at com.skava.reusable.components.CheckoutComponents.reviewOrderValidation(CheckoutComponents.java:248)
	at com.skava.testcases.LT_1176_Review_Order_PlaceOrder_Button_Validation.LT_1176_Review_Order_PlaceOrder_Button_Validation(LT_1176_Review_Order_PlaceOrder_Button_Validation.java:45)
	at sun.reflect.NativeMethodAccessorImpl.invoke0(Native Method)
	at sun.reflect.NativeMethodAccessorImpl.invoke(Unknown Source)
	at sun.reflect.DelegatingMethodAccessorImpl.invoke(Unknown Source)
	at java.lang.reflect.Method.invoke(Unknown Source)
	at org.testng.internal.MethodInvocationHelper.invokeMethod(MethodInvocationHelper.java:108)
	at org.testng.internal.Invoker.invokeMethod(Invoker.java:669)
	at org.testng.internal.Invoker.invokeTestMethod(Invoker.java:877)
	at org.testng.internal.Invoker.invokeTestMethods(Invoker.java:1201)
	at org.testng.internal.TestMethodWorker.invokeTestMethods(TestMethodWorker.java:125)
	at org.testng.internal.TestMethodWorker.run(TestMethodWorker.java:109)
	at java.util.concurrent.ThreadPoolExecutor.runWorker(Unknown Source)
	at java.util.concurrent.ThreadPoolExecutor$Worker.run(Unknown Source)
	at java.lang.Thread.run(Unknown Source)
Caused by: org.openqa.selenium.NoSuchElementException: Cannot locate an element using By.id: jsReviewSubmit
For documentation on this error, please visit: http://seleniumhq.org/exceptions/no_such_element.html
Build info: version: '3.2.0', revision: '8c03df6b79', time: '2017-02-23 10:51:31 +0000'
System info: host: 'DESKTOP-AQOISD1', ip: '192.168.234.84', os.name: 'Windows 10', os.arch: 'amd64', os.version: '10.0', java.version: '1.8.0_112'
Driver info: driver.version: unknown
	at org.openqa.selenium.support.ui.ExpectedConditions.lambda$findElement$0(ExpectedConditions.java:882)
	at java.util.Optional.orElseThrow(Unknown Source)
	at org.openqa.selenium.support.ui.ExpectedConditions.findElement(ExpectedConditions.java:881)
	at org.openqa.selenium.support.ui.ExpectedConditions.access$000(ExpectedConditions.java:43)
	at org.openqa.selenium.support.ui.ExpectedConditions$7.apply(ExpectedConditions.java:205)
	at org.openqa.selenium.support.ui.ExpectedConditions$7.apply(ExpectedConditions.java:201)
	at org.openqa.selenium.support.ui.FluentWait.until(FluentWait.java:208)
	... 17 more
20-03-2018 12:38 ERROR - Place Order is not present - failed
