20-03-2018 14:59 INFO  - http://m.lordandtaylor.com/ is opened - Pass
20-03-2018 14:59 INFO  - http://m.lordandtaylor.com/ is opened - Pass
20-03-2018 14:59 INFO  - Click Search is clicked - Pass
20-03-2018 14:59 INFO  - Click Search is clicked - Pass
20-03-2018 14:59 INFO  - Shirts is entered in Search - Pass
20-03-2018 14:59 INFO  - Search is entered in the field - Pass
20-03-2018 14:59 INFO  - http://m.lordandtaylor.com/ is opened - Pass
20-03-2018 14:59 INFO  - Click Search is clicked - Pass
20-03-2018 14:59 INFO  - dress is entered in Search - Pass
20-03-2018 14:59 INFO  - Search Suggesion Displayed is displayed - Pass
20-03-2018 15:00 INFO  - Search Suggesion Displayed is displayed - Pass
20-03-2018 15:00 INFO  - search/PLP page is displayed - Pass
20-03-2018 15:00 INFO  - Search Count is displayed - Pass
20-03-2018 15:00 INFO  - Product List Page is displayed - Pass
20-03-2018 15:00 INFO  - Product Image is displayed - Pass
20-03-2018 15:00 INFO  - Product NameList is displayed - Pass
20-03-2018 15:00 INFO  - Product Description is displayed - Pass
20-03-2018 15:00 INFO  - Product Price is displayed - Pass
20-03-2018 15:00 INFO  - search/PLP page is displayed - Pass
20-03-2018 15:00 INFO  - Search Count is displayed - Pass
20-03-2018 15:00 INFO  - PLP page is displayed - Pass
20-03-2018 15:00 INFO  - PDP Page wait is displayed - Pass
20-03-2018 15:00 INFO  - scrolled to Scrolling - Pass
20-03-2018 15:00 INFO  - Colour Field present is displayed - Pass
20-03-2018 15:00 INFO  - PDP Page wait is displayed - Pass
20-03-2018 15:00 INFO  - scrolled to Scrolling - Pass
20-03-2018 15:00 INFO  - Colour Field present is displayed - Pass
20-03-2018 15:00 INFO  - Size field is displayed - Pass
20-03-2018 15:00 INFO  - scrolled to Add To Bag - Pass
20-03-2018 15:00 INFO  - Add To Bag Clicked is clicked - Pass
20-03-2018 15:00 INFO  - Size field is displayed - Pass
20-03-2018 15:00 INFO  - scrolled to Add To Bag - Pass
20-03-2018 15:00 INFO  - Add To Bag Clicked is clicked - Pass
20-03-2018 15:00 INFO  - Success Overlay is displayed - Pass
20-03-2018 15:00 INFO  - Success Overlay is displayed - Pass
20-03-2018 15:00 INFO  - checkout is displayed - Pass
20-03-2018 15:00 INFO  - PDP overlay is displayed - Pass
20-03-2018 15:00 INFO  - Success Overlay is displayed - Pass
20-03-2018 15:00 INFO  - Success Overlay is displayed - Pass
20-03-2018 15:00 INFO  - checkout is displayed - Pass
20-03-2018 15:00 ERROR - TimeoutException
org.openqa.selenium.TimeoutException: Expected condition failed: waiting for visibility of element located by By.xpath: //*[contains(@class,'skMob_productListItemOuterCont')] (tried for 15 second(s) with 500 MILLISECONDS interval)
	at org.openqa.selenium.support.ui.WebDriverWait.timeoutException(WebDriverWait.java:82)
	at org.openqa.selenium.support.ui.FluentWait.until(FluentWait.java:231)
	at com.skava.framework.action.SeleniumActionEngine.explicitWaitforVisibility(SeleniumActionEngine.java:183)
	at com.skava.reusable.components.PLPandPDPComponents.cartSuccess_OverLay(PLPandPDPComponents.java:395)
	at com.skava.testcases.LT_766_Cart_PriceCheck.LT_766_Cart_Price_Check(LT_766_Cart_PriceCheck.java:34)
	at sun.reflect.NativeMethodAccessorImpl.invoke0(Native Method)
	at sun.reflect.NativeMethodAccessorImpl.invoke(Unknown Source)
	at sun.reflect.DelegatingMethodAccessorImpl.invoke(Unknown Source)
	at java.lang.reflect.Method.invoke(Unknown Source)
	at org.testng.internal.MethodInvocationHelper.invokeMethod(MethodInvocationHelper.java:108)
	at org.testng.internal.Invoker.invokeMethod(Invoker.java:669)
	at org.testng.internal.Invoker.invokeTestMethod(Invoker.java:877)
	at org.testng.internal.Invoker.invokeTestMethods(Invoker.java:1201)
	at org.testng.internal.TestMethodWorker.invokeTestMethods(TestMethodWorker.java:125)
	at org.testng.internal.TestMethodWorker.run(TestMethodWorker.java:109)
	at java.util.concurrent.ThreadPoolExecutor.runWorker(Unknown Source)
	at java.util.concurrent.ThreadPoolExecutor$Worker.run(Unknown Source)
	at java.lang.Thread.run(Unknown Source)
Caused by: org.openqa.selenium.NoSuchElementException: Cannot locate an element using By.xpath: //*[contains(@class,'skMob_productListItemOuterCont')]
For documentation on this error, please visit: http://seleniumhq.org/exceptions/no_such_element.html
Build info: version: '3.2.0', revision: '8c03df6b79', time: '2017-02-23 10:51:31 +0000'
System info: host: 'DESKTOP-AQOISD1', ip: '192.168.234.84', os.name: 'Windows 10', os.arch: 'amd64', os.version: '10.0', java.version: '1.8.0_112'
Driver info: driver.version: unknown
	at org.openqa.selenium.support.ui.ExpectedConditions.lambda$findElement$0(ExpectedConditions.java:882)
	at java.util.Optional.orElseThrow(Unknown Source)
	at org.openqa.selenium.support.ui.ExpectedConditions.findElement(ExpectedConditions.java:881)
	at org.openqa.selenium.support.ui.ExpectedConditions.access$000(ExpectedConditions.java:43)
	at org.openqa.selenium.support.ui.ExpectedConditions$7.apply(ExpectedConditions.java:205)
	at org.openqa.selenium.support.ui.ExpectedConditions$7.apply(ExpectedConditions.java:201)
	at org.openqa.selenium.support.ui.FluentWait.until(FluentWait.java:208)
	... 16 more
20-03-2018 15:00 ERROR - wait is not present - failed
20-03-2018 15:00 ERROR - TimeoutException
org.openqa.selenium.TimeoutException: Expected condition failed: waiting for visibility of element located by By.xpath: //*[contains(@class,'skMob_productListItemOuterCont')] (tried for 15 second(s) with 500 MILLISECONDS interval)
	at org.openqa.selenium.support.ui.WebDriverWait.timeoutException(WebDriverWait.java:82)
	at org.openqa.selenium.support.ui.FluentWait.until(FluentWait.java:231)
	at com.skava.framework.action.SeleniumActionEngine.explicitWaitforVisibility(SeleniumActionEngine.java:183)
	at com.skava.reusable.components.PLPandPDPComponents.cartSuccess_OverLay(PLPandPDPComponents.java:395)
	at com.skava.testcases.LT_1176_Review_Order_PlaceOrder_Button_Validation.LT_1176_Review_Order_PlaceOrder_Button_Validation(LT_1176_Review_Order_PlaceOrder_Button_Validation.java:32)
	at sun.reflect.NativeMethodAccessorImpl.invoke0(Native Method)
	at sun.reflect.NativeMethodAccessorImpl.invoke(Unknown Source)
	at sun.reflect.DelegatingMethodAccessorImpl.invoke(Unknown Source)
	at java.lang.reflect.Method.invoke(Unknown Source)
	at org.testng.internal.MethodInvocationHelper.invokeMethod(MethodInvocationHelper.java:108)
	at org.testng.internal.Invoker.invokeMethod(Invoker.java:669)
	at org.testng.internal.Invoker.invokeTestMethod(Invoker.java:877)
	at org.testng.internal.Invoker.invokeTestMethods(Invoker.java:1201)
	at org.testng.internal.TestMethodWorker.invokeTestMethods(TestMethodWorker.java:125)
	at org.testng.internal.TestMethodWorker.run(TestMethodWorker.java:109)
	at java.util.concurrent.ThreadPoolExecutor.runWorker(Unknown Source)
	at java.util.concurrent.ThreadPoolExecutor$Worker.run(Unknown Source)
	at java.lang.Thread.run(Unknown Source)
Caused by: org.openqa.selenium.NoSuchElementException: Cannot locate an element using By.xpath: //*[contains(@class,'skMob_productListItemOuterCont')]
For documentation on this error, please visit: http://seleniumhq.org/exceptions/no_such_element.html
Build info: version: '3.2.0', revision: '8c03df6b79', time: '2017-02-23 10:51:31 +0000'
System info: host: 'DESKTOP-AQOISD1', ip: '192.168.234.84', os.name: 'Windows 10', os.arch: 'amd64', os.version: '10.0', java.version: '1.8.0_112'
Driver info: driver.version: unknown
	at org.openqa.selenium.support.ui.ExpectedConditions.lambda$findElement$0(ExpectedConditions.java:882)
	at java.util.Optional.orElseThrow(Unknown Source)
	at org.openqa.selenium.support.ui.ExpectedConditions.findElement(ExpectedConditions.java:881)
	at org.openqa.selenium.support.ui.ExpectedConditions.access$000(ExpectedConditions.java:43)
	at org.openqa.selenium.support.ui.ExpectedConditions$7.apply(ExpectedConditions.java:205)
	at org.openqa.selenium.support.ui.ExpectedConditions$7.apply(ExpectedConditions.java:201)
	at org.openqa.selenium.support.ui.FluentWait.until(FluentWait.java:208)
	... 16 more
20-03-2018 15:00 ERROR - wait is not present - failed
20-03-2018 15:00 INFO  - Checkout click is clicked - Pass
20-03-2018 15:00 INFO  - IS Cart page products is displayed is displayed - Pass
20-03-2018 15:00 INFO  - Is Cart page Displayed is displayed - Pass
20-03-2018 15:00 INFO  - scrolled to BackToUSShipping - Pass
20-03-2018 15:01 INFO  - Checkout click is clicked - Pass
20-03-2018 15:01 INFO  - IS Cart page products is displayed is displayed - Pass
20-03-2018 15:01 INFO  - Is Cart page Displayed is displayed - Pass
20-03-2018 15:01 INFO  - scrolled to BackToUSShipping - Pass
20-03-2018 15:01 INFO  - BackToUSShipping is clicked - Pass
20-03-2018 15:01 INFO  - Wait is displayed - Pass
20-03-2018 15:01 INFO  - scrolled to scroll to checkout - Pass
20-03-2018 15:01 INFO  - Click Checkout is clicked - Pass
20-03-2018 15:01 INFO  - Guest Checkout is displayed - Pass
20-03-2018 15:01 INFO  - scrolled to Guest Checkout - Pass
20-03-2018 15:01 INFO  - Guest Checkout is clicked - Pass
20-03-2018 15:01 INFO  - BackToUSShipping is clicked - Pass
20-03-2018 15:01 INFO  - Is product price Displayed is displayed - Pass
20-03-2018 15:01 INFO  - Is Item total price is displayed is displayed - Pass
20-03-2018 15:01 INFO  - Is product QTY Displayed is displayed - Pass
20-03-2018 15:01 INFO  - Increment Product QTY to 2 is entered in the field - Pass
20-03-2018 15:01 INFO  - Guest checkout shipping screen is displayed on tapping guest chekout button is displayed - Pass
20-03-2018 15:01 INFO  - FirstName is entered in the field - Pass
20-03-2018 15:01 INFO  - SecondName is entered in the field - Pass
20-03-2018 15:01 INFO  - Address 1 is entered in the field - Pass
20-03-2018 15:01 INFO  - Address 2 is entered in the field - Pass
20-03-2018 15:01 INFO  - City is entered in the field - Pass
20-03-2018 15:01 INFO  - scrolled to Scrolling - Pass
20-03-2018 15:01 INFO  - Postal Code is entered in the field - Pass
20-03-2018 15:01 INFO  - PhoneNumber is entered in the field - Pass
20-03-2018 15:01 INFO  - Mail Address is entered in the field - Pass
20-03-2018 15:01 INFO  - Is Continue Checkout Button displayed is displayed - Pass
20-03-2018 15:01 INFO  - scrolled to Scroll to Continue Checkout Button - Pass
20-03-2018 15:01 INFO  - Click Continue checkout button is clicked - Pass
20-03-2018 15:01 ERROR - TimeoutException
org.openqa.selenium.TimeoutException: Expected condition failed: waiting for visibility of element located by By.id: pdpAddtoBagBtn (tried for 30 second(s) with 500 MILLISECONDS interval)
	at org.openqa.selenium.support.ui.WebDriverWait.timeoutException(WebDriverWait.java:82)
	at org.openqa.selenium.support.ui.FluentWait.until(FluentWait.java:231)
	at com.skava.framework.action.SeleniumActionEngine.explicitWaitforVisibility(SeleniumActionEngine.java:183)
	at com.skava.framework.action.SeleniumActionEngine.isElementDisplayed(SeleniumActionEngine.java:201)
	at com.skava.reusable.components.CartComponents.cartQtyIncrement(CartComponents.java:337)
	at com.skava.testcases.LT_766_Cart_PriceCheck.LT_766_Cart_Price_Check(LT_766_Cart_PriceCheck.java:39)
	at sun.reflect.NativeMethodAccessorImpl.invoke0(Native Method)
	at sun.reflect.NativeMethodAccessorImpl.invoke(Unknown Source)
	at sun.reflect.DelegatingMethodAccessorImpl.invoke(Unknown Source)
	at java.lang.reflect.Method.invoke(Unknown Source)
	at org.testng.internal.MethodInvocationHelper.invokeMethod(MethodInvocationHelper.java:108)
	at org.testng.internal.Invoker.invokeMethod(Invoker.java:669)
	at org.testng.internal.Invoker.invokeTestMethod(Invoker.java:877)
	at org.testng.internal.Invoker.invokeTestMethods(Invoker.java:1201)
	at org.testng.internal.TestMethodWorker.invokeTestMethods(TestMethodWorker.java:125)
	at org.testng.internal.TestMethodWorker.run(TestMethodWorker.java:109)
	at java.util.concurrent.ThreadPoolExecutor.runWorker(Unknown Source)
	at java.util.concurrent.ThreadPoolExecutor$Worker.run(Unknown Source)
	at java.lang.Thread.run(Unknown Source)
Caused by: org.openqa.selenium.NoSuchElementException: Cannot locate an element using By.id: pdpAddtoBagBtn
For documentation on this error, please visit: http://seleniumhq.org/exceptions/no_such_element.html
Build info: version: '3.2.0', revision: '8c03df6b79', time: '2017-02-23 10:51:31 +0000'
System info: host: 'DESKTOP-AQOISD1', ip: '192.168.234.84', os.name: 'Windows 10', os.arch: 'amd64', os.version: '10.0', java.version: '1.8.0_112'
Driver info: driver.version: unknown
	at org.openqa.selenium.support.ui.ExpectedConditions.lambda$findElement$0(ExpectedConditions.java:882)
	at java.util.Optional.orElseThrow(Unknown Source)
	at org.openqa.selenium.support.ui.ExpectedConditions.findElement(ExpectedConditions.java:881)
	at org.openqa.selenium.support.ui.ExpectedConditions.access$000(ExpectedConditions.java:43)
	at org.openqa.selenium.support.ui.ExpectedConditions$7.apply(ExpectedConditions.java:205)
	at org.openqa.selenium.support.ui.ExpectedConditions$7.apply(ExpectedConditions.java:201)
	at org.openqa.selenium.support.ui.FluentWait.until(FluentWait.java:208)
	... 17 more
20-03-2018 15:01 ERROR - Wait is not present - failed
20-03-2018 15:01 INFO  - Cart loading overview is displayed - Pass
20-03-2018 15:01 INFO  - Is Item total price is displayed is displayed - Pass
20-03-2018 15:01 INFO  - Discount for product is displayed - Pass
20-03-2018 15:01 INFO  - Is Item total price is displayed is displayed - Pass
20-03-2018 15:01 INFO  - Is product QTY Displayed is displayed - Pass
20-03-2018 15:01 INFO  - Decrement Product QTY to 1 is entered in the field - Pass
20-03-2018 15:01 INFO  - Address Verification is displayed - Pass
20-03-2018 15:01 INFO  - scrolled to Clicked use as entered in address verification overlay - Pass
20-03-2018 15:02 ERROR - TimeoutException
org.openqa.selenium.TimeoutException: Expected condition failed: waiting for visibility of element located by By.id: pdpAddtoBagBtn (tried for 10 second(s) with 500 MILLISECONDS interval)
	at org.openqa.selenium.support.ui.WebDriverWait.timeoutException(WebDriverWait.java:82)
	at org.openqa.selenium.support.ui.FluentWait.until(FluentWait.java:231)
	at com.skava.framework.action.SeleniumActionEngine.explicitWaitforVisibility(SeleniumActionEngine.java:183)
	at com.skava.framework.action.SeleniumActionEngine.isElementDisplayed(SeleniumActionEngine.java:201)
	at com.skava.reusable.components.CheckoutComponents.addressVerification(CheckoutComponents.java:115)
	at com.skava.testcases.LT_1176_Review_Order_PlaceOrder_Button_Validation.LT_1176_Review_Order_PlaceOrder_Button_Validation(LT_1176_Review_Order_PlaceOrder_Button_Validation.java:40)
	at sun.reflect.NativeMethodAccessorImpl.invoke0(Native Method)
	at sun.reflect.NativeMethodAccessorImpl.invoke(Unknown Source)
	at sun.reflect.DelegatingMethodAccessorImpl.invoke(Unknown Source)
	at java.lang.reflect.Method.invoke(Unknown Source)
	at org.testng.internal.MethodInvocationHelper.invokeMethod(MethodInvocationHelper.java:108)
	at org.testng.internal.Invoker.invokeMethod(Invoker.java:669)
	at org.testng.internal.Invoker.invokeTestMethod(Invoker.java:877)
	at org.testng.internal.Invoker.invokeTestMethods(Invoker.java:1201)
	at org.testng.internal.TestMethodWorker.invokeTestMethods(TestMethodWorker.java:125)
	at org.testng.internal.TestMethodWorker.run(TestMethodWorker.java:109)
	at java.util.concurrent.ThreadPoolExecutor.runWorker(Unknown Source)
	at java.util.concurrent.ThreadPoolExecutor$Worker.run(Unknown Source)
	at java.lang.Thread.run(Unknown Source)
Caused by: org.openqa.selenium.NoSuchElementException: Cannot locate an element using By.id: pdpAddtoBagBtn
For documentation on this error, please visit: http://seleniumhq.org/exceptions/no_such_element.html
Build info: version: '3.2.0', revision: '8c03df6b79', time: '2017-02-23 10:51:31 +0000'
System info: host: 'DESKTOP-AQOISD1', ip: '192.168.234.84', os.name: 'Windows 10', os.arch: 'amd64', os.version: '10.0', java.version: '1.8.0_112'
Driver info: driver.version: unknown
	at org.openqa.selenium.support.ui.ExpectedConditions.lambda$findElement$0(ExpectedConditions.java:882)
	at java.util.Optional.orElseThrow(Unknown Source)
	at org.openqa.selenium.support.ui.ExpectedConditions.findElement(ExpectedConditions.java:881)
	at org.openqa.selenium.support.ui.ExpectedConditions.access$000(ExpectedConditions.java:43)
	at org.openqa.selenium.support.ui.ExpectedConditions$7.apply(ExpectedConditions.java:205)
	at org.openqa.selenium.support.ui.ExpectedConditions$7.apply(ExpectedConditions.java:201)
	at org.openqa.selenium.support.ui.FluentWait.until(FluentWait.java:208)
	... 17 more
20-03-2018 15:02 ERROR - wait is not present - failed
20-03-2018 15:02 INFO  - Clicked OK is displayed - Pass
20-03-2018 15:02 INFO  - Clicked OK is clicked - Pass
20-03-2018 15:02 INFO  - Place Order Page is displayed - Pass
20-03-2018 15:02 INFO  - Payment Details is displayed - Pass
20-03-2018 15:02 INFO  - Enter Credit card  Number is entered in the field - Pass
20-03-2018 15:02 INFO  - Enter Credit card name is entered in the field - Pass
20-03-2018 15:02 INFO  - Enter CVV Num is entered in the field - Pass
20-03-2018 15:02 INFO  - Is Continue Checkout Button displayed is displayed - Pass
20-03-2018 15:02 INFO  - scrolled to Scroll to Continue Checkout Button - Pass
20-03-2018 15:02 INFO  - Click Continue checkout button is clicked - Pass
20-03-2018 15:02 INFO  - Review Order Page is displayed - Pass
20-03-2018 15:02 INFO  - Billing Addrs field in Review Order Page is displayed - Pass
20-03-2018 15:02 INFO  - Payment field in Review Order Page is displayed - Pass
20-03-2018 15:02 INFO  - scrolled to Scrolling - Pass
20-03-2018 15:02 INFO  - Shipping Addrs field in Review Order Page is displayed - Pass
20-03-2018 15:02 INFO  - Order Summary field in Review Order Page is displayed - Pass
20-03-2018 15:02 INFO  - Place Order is displayed - Pass
20-03-2018 15:02 ERROR - TimeoutException
org.openqa.selenium.TimeoutException: Expected condition failed: waiting for visibility of element located by By.id: pdpAddtoBagBtn (tried for 30 second(s) with 500 MILLISECONDS interval)
	at org.openqa.selenium.support.ui.WebDriverWait.timeoutException(WebDriverWait.java:82)
	at org.openqa.selenium.support.ui.FluentWait.until(FluentWait.java:231)
	at com.skava.framework.action.SeleniumActionEngine.explicitWaitforVisibility(SeleniumActionEngine.java:183)
	at com.skava.framework.action.SeleniumActionEngine.isElementDisplayed(SeleniumActionEngine.java:201)
	at com.skava.reusable.components.CartComponents.cartQtyDecrement(CartComponents.java:355)
	at com.skava.testcases.LT_766_Cart_PriceCheck.LT_766_Cart_Price_Check(LT_766_Cart_PriceCheck.java:43)
	at sun.reflect.NativeMethodAccessorImpl.invoke0(Native Method)
	at sun.reflect.NativeMethodAccessorImpl.invoke(Unknown Source)
	at sun.reflect.DelegatingMethodAccessorImpl.invoke(Unknown Source)
	at java.lang.reflect.Method.invoke(Unknown Source)
	at org.testng.internal.MethodInvocationHelper.invokeMethod(MethodInvocationHelper.java:108)
	at org.testng.internal.Invoker.invokeMethod(Invoker.java:669)
	at org.testng.internal.Invoker.invokeTestMethod(Invoker.java:877)
	at org.testng.internal.Invoker.invokeTestMethods(Invoker.java:1201)
	at org.testng.internal.TestMethodWorker.invokeTestMethods(TestMethodWorker.java:125)
	at org.testng.internal.TestMethodWorker.run(TestMethodWorker.java:109)
	at java.util.concurrent.ThreadPoolExecutor.runWorker(Unknown Source)
	at java.util.concurrent.ThreadPoolExecutor$Worker.run(Unknown Source)
	at java.lang.Thread.run(Unknown Source)
Caused by: org.openqa.selenium.NoSuchElementException: Cannot locate an element using By.id: pdpAddtoBagBtn
For documentation on this error, please visit: http://seleniumhq.org/exceptions/no_such_element.html
Build info: version: '3.2.0', revision: '8c03df6b79', time: '2017-02-23 10:51:31 +0000'
System info: host: 'DESKTOP-AQOISD1', ip: '192.168.234.84', os.name: 'Windows 10', os.arch: 'amd64', os.version: '10.0', java.version: '1.8.0_112'
Driver info: driver.version: unknown
	at org.openqa.selenium.support.ui.ExpectedConditions.lambda$findElement$0(ExpectedConditions.java:882)
	at java.util.Optional.orElseThrow(Unknown Source)
	at org.openqa.selenium.support.ui.ExpectedConditions.findElement(ExpectedConditions.java:881)
	at org.openqa.selenium.support.ui.ExpectedConditions.access$000(ExpectedConditions.java:43)
	at org.openqa.selenium.support.ui.ExpectedConditions$7.apply(ExpectedConditions.java:205)
	at org.openqa.selenium.support.ui.ExpectedConditions$7.apply(ExpectedConditions.java:201)
	at org.openqa.selenium.support.ui.FluentWait.until(FluentWait.java:208)
	... 17 more
20-03-2018 15:02 ERROR - Wait is not present - failed
20-03-2018 15:02 INFO  - Cart loading overview is displayed - Pass
20-03-2018 15:02 INFO  - Is Item total price is displayed is displayed - Pass
20-03-2018 15:02 INFO  - Discount for product is displayed - Pass
